[2024-10-30T16:29:14.266+0000] {taskinstance.py:1171} INFO - Dependencies all met for <TaskInstance: hello_world_dag.print_hello_world manual__2024-10-30T16:29:12.782653+00:00 [queued]>
[2024-10-30T16:29:14.278+0000] {taskinstance.py:1171} INFO - Dependencies all met for <TaskInstance: hello_world_dag.print_hello_world manual__2024-10-30T16:29:12.782653+00:00 [queued]>
[2024-10-30T16:29:14.279+0000] {taskinstance.py:1368} INFO - 
--------------------------------------------------------------------------------
[2024-10-30T16:29:14.279+0000] {taskinstance.py:1369} INFO - Starting attempt 1 of 2
[2024-10-30T16:29:14.280+0000] {taskinstance.py:1370} INFO - 
--------------------------------------------------------------------------------
[2024-10-30T16:29:14.299+0000] {taskinstance.py:1389} INFO - Executing <Task(PythonOperator): print_hello_world> on 2024-10-30 16:29:12.782653+00:00
[2024-10-30T16:29:14.304+0000] {standard_task_runner.py:52} INFO - Started process 132 to run task
[2024-10-30T16:29:14.306+0000] {standard_task_runner.py:79} INFO - Running: ['***', 'tasks', 'run', 'hello_world_dag', 'print_hello_world', 'manual__2024-10-30T16:29:12.782653+00:00', '--job-id', '6', '--raw', '--subdir', 'DAGS_FOLDER/hello_world_dag.py', '--cfg-path', '/tmp/tmps42iib3j', '--error-file', '/tmp/tmpzpco93jb']
[2024-10-30T16:29:14.307+0000] {standard_task_runner.py:80} INFO - Job 6: Subtask print_hello_world
[2024-10-30T16:29:14.357+0000] {task_command.py:371} INFO - Running <TaskInstance: hello_world_dag.print_hello_world manual__2024-10-30T16:29:12.782653+00:00 [running]> on host 7028f6f95fdf
[2024-10-30T16:29:14.428+0000] {taskinstance.py:1583} INFO - Exporting the following env vars:
AIRFLOW_CTX_DAG_OWNER=***
AIRFLOW_CTX_DAG_ID=hello_world_dag
AIRFLOW_CTX_TASK_ID=print_hello_world
AIRFLOW_CTX_EXECUTION_DATE=2024-10-30T16:29:12.782653+00:00
AIRFLOW_CTX_TRY_NUMBER=1
AIRFLOW_CTX_DAG_RUN_ID=manual__2024-10-30T16:29:12.782653+00:00
[2024-10-30T16:29:14.429+0000] {logging_mixin.py:115} INFO - Hello, World!
[2024-10-30T16:29:14.429+0000] {python.py:173} INFO - Done. Returned value was: None
[2024-10-30T16:29:14.443+0000] {taskinstance.py:1412} INFO - Marking task as SUCCESS. dag_id=hello_world_dag, task_id=print_hello_world, execution_date=20241030T162912, start_date=20241030T162914, end_date=20241030T162914
[2024-10-30T16:29:14.479+0000] {local_task_job.py:156} INFO - Task exited with return code 0
[2024-10-30T16:29:14.514+0000] {local_task_job.py:279} INFO - 0 downstream tasks scheduled from follow-on schedule check
