[2024-11-06T09:27:09.134+0000] {taskinstance.py:1171} INFO - Dependencies all met for <TaskInstance: hello_world_dag.print_hello_world scheduled__2024-11-03T00:00:00+00:00 [queued]>
[2024-11-06T09:27:09.161+0000] {taskinstance.py:1171} INFO - Dependencies all met for <TaskInstance: hello_world_dag.print_hello_world scheduled__2024-11-03T00:00:00+00:00 [queued]>
[2024-11-06T09:27:09.170+0000] {taskinstance.py:1368} INFO - 
--------------------------------------------------------------------------------
[2024-11-06T09:27:09.175+0000] {taskinstance.py:1369} INFO - Starting attempt 1 of 2
[2024-11-06T09:27:09.180+0000] {taskinstance.py:1370} INFO - 
--------------------------------------------------------------------------------
[2024-11-06T09:27:09.284+0000] {taskinstance.py:1389} INFO - Executing <Task(PythonOperator): print_hello_world> on 2024-11-03 00:00:00+00:00
[2024-11-06T09:27:09.289+0000] {standard_task_runner.py:52} INFO - Started process 94 to run task
[2024-11-06T09:27:09.297+0000] {standard_task_runner.py:79} INFO - Running: ['***', 'tasks', 'run', 'hello_world_dag', 'print_hello_world', 'scheduled__2024-11-03T00:00:00+00:00', '--job-id', '29', '--raw', '--subdir', 'DAGS_FOLDER/hello_world_dag.py', '--cfg-path', '/tmp/tmp4tvqb1ve', '--error-file', '/tmp/tmphpgj1s65']
[2024-11-06T09:27:09.302+0000] {standard_task_runner.py:80} INFO - Job 29: Subtask print_hello_world
[2024-11-06T09:27:09.434+0000] {task_command.py:371} INFO - Running <TaskInstance: hello_world_dag.print_hello_world scheduled__2024-11-03T00:00:00+00:00 [running]> on host dd55d6bc6a7f
[2024-11-06T09:27:09.562+0000] {taskinstance.py:1583} INFO - Exporting the following env vars:
AIRFLOW_CTX_DAG_OWNER=***
AIRFLOW_CTX_DAG_ID=hello_world_dag
AIRFLOW_CTX_TASK_ID=print_hello_world
AIRFLOW_CTX_EXECUTION_DATE=2024-11-03T00:00:00+00:00
AIRFLOW_CTX_TRY_NUMBER=1
AIRFLOW_CTX_DAG_RUN_ID=scheduled__2024-11-03T00:00:00+00:00
[2024-11-06T09:27:09.563+0000] {logging_mixin.py:115} INFO - Hello, World!
[2024-11-06T09:27:09.572+0000] {python.py:173} INFO - Done. Returned value was: None
[2024-11-06T09:27:09.589+0000] {taskinstance.py:1412} INFO - Marking task as SUCCESS. dag_id=hello_world_dag, task_id=print_hello_world, execution_date=20241103T000000, start_date=20241106T092709, end_date=20241106T092709
[2024-11-06T09:27:09.635+0000] {local_task_job.py:156} INFO - Task exited with return code 0
[2024-11-06T09:27:09.694+0000] {local_task_job.py:279} INFO - 0 downstream tasks scheduled from follow-on schedule check
