[2024-11-06T10:01:14.601+0000] {taskinstance.py:1171} INFO - Dependencies all met for <TaskInstance: marketstack_dag.fetch_stock_data scheduled__2024-11-05T00:00:00+00:00 [queued]>
[2024-11-06T10:01:14.606+0000] {taskinstance.py:1171} INFO - Dependencies all met for <TaskInstance: marketstack_dag.fetch_stock_data scheduled__2024-11-05T00:00:00+00:00 [queued]>
[2024-11-06T10:01:14.606+0000] {taskinstance.py:1368} INFO - 
--------------------------------------------------------------------------------
[2024-11-06T10:01:14.606+0000] {taskinstance.py:1369} INFO - Starting attempt 2 of 3
[2024-11-06T10:01:14.606+0000] {taskinstance.py:1370} INFO - 
--------------------------------------------------------------------------------
[2024-11-06T10:01:14.614+0000] {taskinstance.py:1389} INFO - Executing <Task(PythonOperator): fetch_stock_data> on 2024-11-05 00:00:00+00:00
[2024-11-06T10:01:14.617+0000] {standard_task_runner.py:52} INFO - Started process 1808 to run task
[2024-11-06T10:01:14.618+0000] {standard_task_runner.py:79} INFO - Running: ['***', 'tasks', 'run', 'marketstack_dag', 'fetch_stock_data', 'scheduled__2024-11-05T00:00:00+00:00', '--job-id', '44', '--raw', '--subdir', 'DAGS_FOLDER/stage.py', '--cfg-path', '/tmp/tmpnuxxpu1o', '--error-file', '/tmp/tmp42llw662']
[2024-11-06T10:01:14.619+0000] {standard_task_runner.py:80} INFO - Job 44: Subtask fetch_stock_data
[2024-11-06T10:01:14.649+0000] {task_command.py:371} INFO - Running <TaskInstance: marketstack_dag.fetch_stock_data scheduled__2024-11-05T00:00:00+00:00 [running]> on host dd55d6bc6a7f
[2024-11-06T10:01:14.684+0000] {taskinstance.py:1583} INFO - Exporting the following env vars:
AIRFLOW_CTX_DAG_OWNER=***
AIRFLOW_CTX_DAG_ID=marketstack_dag
AIRFLOW_CTX_TASK_ID=fetch_stock_data
AIRFLOW_CTX_EXECUTION_DATE=2024-11-05T00:00:00+00:00
AIRFLOW_CTX_TRY_NUMBER=2
AIRFLOW_CTX_DAG_RUN_ID=scheduled__2024-11-05T00:00:00+00:00
[2024-11-06T10:01:15.956+0000] {base.py:68} INFO - Using connection ID 'datapstg' for task execution.
[2024-11-06T10:01:15.975+0000] {python.py:173} INFO - Done. Returned value was: None
[2024-11-06T10:01:15.982+0000] {taskinstance.py:1412} INFO - Marking task as SUCCESS. dag_id=marketstack_dag, task_id=fetch_stock_data, execution_date=20241105T000000, start_date=20241106T100114, end_date=20241106T100115
[2024-11-06T10:01:15.993+0000] {local_task_job.py:156} INFO - Task exited with return code 0
[2024-11-06T10:01:16.009+0000] {dagrun.py:651} ERROR - Failed to get task for ti <TaskInstance: marketstack_dag.save_to_postgres scheduled__2024-11-05T00:00:00+00:00 [None]>. Marking it as removed.
[2024-11-06T10:01:16.013+0000] {local_task_job.py:279} INFO - 1 downstream tasks scheduled from follow-on schedule check
