[2024-10-30T16:16:25.256+0000] {taskinstance.py:1171} INFO - Dependencies all met for <TaskInstance: hello_world_dag.print_hello_world manual__2024-10-30T16:16:24.306693+00:00 [queued]>
[2024-10-30T16:16:25.264+0000] {taskinstance.py:1171} INFO - Dependencies all met for <TaskInstance: hello_world_dag.print_hello_world manual__2024-10-30T16:16:24.306693+00:00 [queued]>
[2024-10-30T16:16:25.264+0000] {taskinstance.py:1368} INFO - 
--------------------------------------------------------------------------------
[2024-10-30T16:16:25.265+0000] {taskinstance.py:1369} INFO - Starting attempt 1 of 2
[2024-10-30T16:16:25.265+0000] {taskinstance.py:1370} INFO - 
--------------------------------------------------------------------------------
[2024-10-30T16:16:25.277+0000] {taskinstance.py:1389} INFO - Executing <Task(PythonOperator): print_hello_world> on 2024-10-30 16:16:24.306693+00:00
[2024-10-30T16:16:25.281+0000] {standard_task_runner.py:52} INFO - Started process 322 to run task
[2024-10-30T16:16:25.283+0000] {standard_task_runner.py:79} INFO - Running: ['***', 'tasks', 'run', 'hello_world_dag', 'print_hello_world', 'manual__2024-10-30T16:16:24.306693+00:00', '--job-id', '3', '--raw', '--subdir', 'DAGS_FOLDER/hello_world_dag.py', '--cfg-path', '/tmp/tmpg05cnnyd', '--error-file', '/tmp/tmp7u6plx6n']
[2024-10-30T16:16:25.284+0000] {standard_task_runner.py:80} INFO - Job 3: Subtask print_hello_world
[2024-10-30T16:16:25.341+0000] {task_command.py:371} INFO - Running <TaskInstance: hello_world_dag.print_hello_world manual__2024-10-30T16:16:24.306693+00:00 [running]> on host 47516995207d
[2024-10-30T16:16:25.404+0000] {taskinstance.py:1583} INFO - Exporting the following env vars:
AIRFLOW_CTX_DAG_OWNER=***
AIRFLOW_CTX_DAG_ID=hello_world_dag
AIRFLOW_CTX_TASK_ID=print_hello_world
AIRFLOW_CTX_EXECUTION_DATE=2024-10-30T16:16:24.306693+00:00
AIRFLOW_CTX_TRY_NUMBER=1
AIRFLOW_CTX_DAG_RUN_ID=manual__2024-10-30T16:16:24.306693+00:00
[2024-10-30T16:16:25.405+0000] {logging_mixin.py:115} INFO - Hello, World!
[2024-10-30T16:16:25.406+0000] {python.py:173} INFO - Done. Returned value was: None
[2024-10-30T16:16:25.421+0000] {taskinstance.py:1412} INFO - Marking task as SUCCESS. dag_id=hello_world_dag, task_id=print_hello_world, execution_date=20241030T161624, start_date=20241030T161625, end_date=20241030T161625
[2024-10-30T16:16:25.455+0000] {local_task_job.py:156} INFO - Task exited with return code 0
[2024-10-30T16:16:25.485+0000] {local_task_job.py:279} INFO - 0 downstream tasks scheduled from follow-on schedule check
