[2024-10-30T16:11:07.241+0000] {processor.py:153} INFO - Started process (PID=78) to work on /home/airflow/.local/lib/python3.7/site-packages/airflow/example_dags/example_time_delta_sensor_async.py
[2024-10-30T16:11:07.241+0000] {processor.py:640} INFO - Processing file /home/airflow/.local/lib/python3.7/site-packages/airflow/example_dags/example_time_delta_sensor_async.py for tasks to queue
[2024-10-30T16:11:07.242+0000] {logging_mixin.py:115} INFO - [2024-10-30T16:11:07.242+0000] {dagbag.py:508} INFO - Filling up the DagBag from /home/airflow/.local/lib/python3.7/site-packages/airflow/example_dags/example_time_delta_sensor_async.py
[2024-10-30T16:11:07.246+0000] {processor.py:650} INFO - DAG(s) dict_keys(['example_time_delta_sensor_async']) retrieved from /home/airflow/.local/lib/python3.7/site-packages/airflow/example_dags/example_time_delta_sensor_async.py
[2024-10-30T16:11:07.448+0000] {logging_mixin.py:115} INFO - [2024-10-30T16:11:07.447+0000] {manager.py:508} INFO - Created Permission View: can delete on DAG:example_time_delta_sensor_async
[2024-10-30T16:11:07.456+0000] {logging_mixin.py:115} INFO - [2024-10-30T16:11:07.456+0000] {manager.py:508} INFO - Created Permission View: can read on DAG:example_time_delta_sensor_async
[2024-10-30T16:11:07.461+0000] {logging_mixin.py:115} INFO - [2024-10-30T16:11:07.461+0000] {manager.py:508} INFO - Created Permission View: can edit on DAG:example_time_delta_sensor_async
[2024-10-30T16:11:07.461+0000] {logging_mixin.py:115} INFO - [2024-10-30T16:11:07.461+0000] {dag.py:2429} INFO - Sync 1 DAGs
[2024-10-30T16:11:07.469+0000] {logging_mixin.py:115} INFO - [2024-10-30T16:11:07.468+0000] {dag.py:2448} INFO - Creating ORM DAG for example_time_delta_sensor_async
[2024-10-30T16:11:07.479+0000] {logging_mixin.py:115} INFO - [2024-10-30T16:11:07.479+0000] {dag.py:2981} INFO - Setting next_dagrun for example_time_delta_sensor_async to None, run_after=None
[2024-10-30T16:11:07.493+0000] {processor.py:161} INFO - Processing /home/airflow/.local/lib/python3.7/site-packages/airflow/example_dags/example_time_delta_sensor_async.py took 0.254 seconds
[2024-10-30T16:11:38.171+0000] {processor.py:153} INFO - Started process (PID=140) to work on /home/airflow/.local/lib/python3.7/site-packages/airflow/example_dags/example_time_delta_sensor_async.py
[2024-10-30T16:11:38.172+0000] {processor.py:640} INFO - Processing file /home/airflow/.local/lib/python3.7/site-packages/airflow/example_dags/example_time_delta_sensor_async.py for tasks to queue
[2024-10-30T16:11:38.172+0000] {logging_mixin.py:115} INFO - [2024-10-30T16:11:38.172+0000] {dagbag.py:508} INFO - Filling up the DagBag from /home/airflow/.local/lib/python3.7/site-packages/airflow/example_dags/example_time_delta_sensor_async.py
[2024-10-30T16:11:38.175+0000] {processor.py:650} INFO - DAG(s) dict_keys(['example_time_delta_sensor_async']) retrieved from /home/airflow/.local/lib/python3.7/site-packages/airflow/example_dags/example_time_delta_sensor_async.py
[2024-10-30T16:11:38.311+0000] {logging_mixin.py:115} INFO - [2024-10-30T16:11:38.311+0000] {dag.py:2429} INFO - Sync 1 DAGs
[2024-10-30T16:11:38.326+0000] {logging_mixin.py:115} INFO - [2024-10-30T16:11:38.326+0000] {dag.py:2981} INFO - Setting next_dagrun for example_time_delta_sensor_async to None, run_after=None
[2024-10-30T16:11:38.333+0000] {processor.py:161} INFO - Processing /home/airflow/.local/lib/python3.7/site-packages/airflow/example_dags/example_time_delta_sensor_async.py took 0.164 seconds
[2024-10-30T16:12:08.795+0000] {processor.py:153} INFO - Started process (PID=202) to work on /home/airflow/.local/lib/python3.7/site-packages/airflow/example_dags/example_time_delta_sensor_async.py
[2024-10-30T16:12:08.795+0000] {processor.py:640} INFO - Processing file /home/airflow/.local/lib/python3.7/site-packages/airflow/example_dags/example_time_delta_sensor_async.py for tasks to queue
[2024-10-30T16:12:08.796+0000] {logging_mixin.py:115} INFO - [2024-10-30T16:12:08.796+0000] {dagbag.py:508} INFO - Filling up the DagBag from /home/airflow/.local/lib/python3.7/site-packages/airflow/example_dags/example_time_delta_sensor_async.py
[2024-10-30T16:12:08.800+0000] {processor.py:650} INFO - DAG(s) dict_keys(['example_time_delta_sensor_async']) retrieved from /home/airflow/.local/lib/python3.7/site-packages/airflow/example_dags/example_time_delta_sensor_async.py
[2024-10-30T16:12:08.959+0000] {logging_mixin.py:115} INFO - [2024-10-30T16:12:08.959+0000] {dag.py:2429} INFO - Sync 1 DAGs
[2024-10-30T16:12:08.975+0000] {logging_mixin.py:115} INFO - [2024-10-30T16:12:08.975+0000] {dag.py:2981} INFO - Setting next_dagrun for example_time_delta_sensor_async to None, run_after=None
[2024-10-30T16:12:08.984+0000] {processor.py:161} INFO - Processing /home/airflow/.local/lib/python3.7/site-packages/airflow/example_dags/example_time_delta_sensor_async.py took 0.191 seconds
[2024-10-30T16:12:39.288+0000] {processor.py:153} INFO - Started process (PID=256) to work on /home/airflow/.local/lib/python3.7/site-packages/airflow/example_dags/example_time_delta_sensor_async.py
[2024-10-30T16:12:39.288+0000] {processor.py:640} INFO - Processing file /home/airflow/.local/lib/python3.7/site-packages/airflow/example_dags/example_time_delta_sensor_async.py for tasks to queue
[2024-10-30T16:12:39.289+0000] {logging_mixin.py:115} INFO - [2024-10-30T16:12:39.289+0000] {dagbag.py:508} INFO - Filling up the DagBag from /home/airflow/.local/lib/python3.7/site-packages/airflow/example_dags/example_time_delta_sensor_async.py
[2024-10-30T16:12:39.292+0000] {processor.py:650} INFO - DAG(s) dict_keys(['example_time_delta_sensor_async']) retrieved from /home/airflow/.local/lib/python3.7/site-packages/airflow/example_dags/example_time_delta_sensor_async.py
[2024-10-30T16:12:39.425+0000] {logging_mixin.py:115} INFO - [2024-10-30T16:12:39.425+0000] {dag.py:2429} INFO - Sync 1 DAGs
[2024-10-30T16:12:39.442+0000] {logging_mixin.py:115} INFO - [2024-10-30T16:12:39.442+0000] {dag.py:2981} INFO - Setting next_dagrun for example_time_delta_sensor_async to None, run_after=None
[2024-10-30T16:12:39.450+0000] {processor.py:161} INFO - Processing /home/airflow/.local/lib/python3.7/site-packages/airflow/example_dags/example_time_delta_sensor_async.py took 0.164 seconds
[2024-10-30T16:13:09.802+0000] {processor.py:153} INFO - Started process (PID=318) to work on /home/airflow/.local/lib/python3.7/site-packages/airflow/example_dags/example_time_delta_sensor_async.py
[2024-10-30T16:13:09.803+0000] {processor.py:640} INFO - Processing file /home/airflow/.local/lib/python3.7/site-packages/airflow/example_dags/example_time_delta_sensor_async.py for tasks to queue
[2024-10-30T16:13:09.804+0000] {logging_mixin.py:115} INFO - [2024-10-30T16:13:09.803+0000] {dagbag.py:508} INFO - Filling up the DagBag from /home/airflow/.local/lib/python3.7/site-packages/airflow/example_dags/example_time_delta_sensor_async.py
[2024-10-30T16:13:09.808+0000] {processor.py:650} INFO - DAG(s) dict_keys(['example_time_delta_sensor_async']) retrieved from /home/airflow/.local/lib/python3.7/site-packages/airflow/example_dags/example_time_delta_sensor_async.py
[2024-10-30T16:13:09.942+0000] {logging_mixin.py:115} INFO - [2024-10-30T16:13:09.942+0000] {dag.py:2429} INFO - Sync 1 DAGs
[2024-10-30T16:13:09.955+0000] {logging_mixin.py:115} INFO - [2024-10-30T16:13:09.955+0000] {dag.py:2981} INFO - Setting next_dagrun for example_time_delta_sensor_async to None, run_after=None
[2024-10-30T16:13:09.964+0000] {processor.py:161} INFO - Processing /home/airflow/.local/lib/python3.7/site-packages/airflow/example_dags/example_time_delta_sensor_async.py took 0.164 seconds
[2024-10-30T16:13:40.547+0000] {processor.py:153} INFO - Started process (PID=381) to work on /home/airflow/.local/lib/python3.7/site-packages/airflow/example_dags/example_time_delta_sensor_async.py
[2024-10-30T16:13:40.548+0000] {processor.py:640} INFO - Processing file /home/airflow/.local/lib/python3.7/site-packages/airflow/example_dags/example_time_delta_sensor_async.py for tasks to queue
[2024-10-30T16:13:40.548+0000] {logging_mixin.py:115} INFO - [2024-10-30T16:13:40.548+0000] {dagbag.py:508} INFO - Filling up the DagBag from /home/airflow/.local/lib/python3.7/site-packages/airflow/example_dags/example_time_delta_sensor_async.py
[2024-10-30T16:13:40.552+0000] {processor.py:650} INFO - DAG(s) dict_keys(['example_time_delta_sensor_async']) retrieved from /home/airflow/.local/lib/python3.7/site-packages/airflow/example_dags/example_time_delta_sensor_async.py
[2024-10-30T16:13:40.701+0000] {logging_mixin.py:115} INFO - [2024-10-30T16:13:40.701+0000] {dag.py:2429} INFO - Sync 1 DAGs
[2024-10-30T16:13:40.714+0000] {logging_mixin.py:115} INFO - [2024-10-30T16:13:40.714+0000] {dag.py:2981} INFO - Setting next_dagrun for example_time_delta_sensor_async to None, run_after=None
[2024-10-30T16:13:40.726+0000] {processor.py:161} INFO - Processing /home/airflow/.local/lib/python3.7/site-packages/airflow/example_dags/example_time_delta_sensor_async.py took 0.182 seconds
[2024-10-30T16:14:11.418+0000] {processor.py:153} INFO - Started process (PID=443) to work on /home/airflow/.local/lib/python3.7/site-packages/airflow/example_dags/example_time_delta_sensor_async.py
[2024-10-30T16:14:11.418+0000] {processor.py:640} INFO - Processing file /home/airflow/.local/lib/python3.7/site-packages/airflow/example_dags/example_time_delta_sensor_async.py for tasks to queue
[2024-10-30T16:14:11.419+0000] {logging_mixin.py:115} INFO - [2024-10-30T16:14:11.419+0000] {dagbag.py:508} INFO - Filling up the DagBag from /home/airflow/.local/lib/python3.7/site-packages/airflow/example_dags/example_time_delta_sensor_async.py
[2024-10-30T16:14:11.422+0000] {processor.py:650} INFO - DAG(s) dict_keys(['example_time_delta_sensor_async']) retrieved from /home/airflow/.local/lib/python3.7/site-packages/airflow/example_dags/example_time_delta_sensor_async.py
[2024-10-30T16:14:11.583+0000] {logging_mixin.py:115} INFO - [2024-10-30T16:14:11.583+0000] {dag.py:2429} INFO - Sync 1 DAGs
[2024-10-30T16:14:11.604+0000] {logging_mixin.py:115} INFO - [2024-10-30T16:14:11.604+0000] {dag.py:2981} INFO - Setting next_dagrun for example_time_delta_sensor_async to None, run_after=None
[2024-10-30T16:14:11.614+0000] {processor.py:161} INFO - Processing /home/airflow/.local/lib/python3.7/site-packages/airflow/example_dags/example_time_delta_sensor_async.py took 0.199 seconds
[2024-10-30T16:14:42.182+0000] {processor.py:153} INFO - Started process (PID=496) to work on /home/airflow/.local/lib/python3.7/site-packages/airflow/example_dags/example_time_delta_sensor_async.py
[2024-10-30T16:14:42.183+0000] {processor.py:640} INFO - Processing file /home/airflow/.local/lib/python3.7/site-packages/airflow/example_dags/example_time_delta_sensor_async.py for tasks to queue
[2024-10-30T16:14:42.183+0000] {logging_mixin.py:115} INFO - [2024-10-30T16:14:42.183+0000] {dagbag.py:508} INFO - Filling up the DagBag from /home/airflow/.local/lib/python3.7/site-packages/airflow/example_dags/example_time_delta_sensor_async.py
[2024-10-30T16:14:42.188+0000] {processor.py:650} INFO - DAG(s) dict_keys(['example_time_delta_sensor_async']) retrieved from /home/airflow/.local/lib/python3.7/site-packages/airflow/example_dags/example_time_delta_sensor_async.py
[2024-10-30T16:14:42.327+0000] {logging_mixin.py:115} INFO - [2024-10-30T16:14:42.327+0000] {dag.py:2429} INFO - Sync 1 DAGs
[2024-10-30T16:14:42.342+0000] {logging_mixin.py:115} INFO - [2024-10-30T16:14:42.342+0000] {dag.py:2981} INFO - Setting next_dagrun for example_time_delta_sensor_async to None, run_after=None
[2024-10-30T16:14:42.350+0000] {processor.py:161} INFO - Processing /home/airflow/.local/lib/python3.7/site-packages/airflow/example_dags/example_time_delta_sensor_async.py took 0.170 seconds
[2024-10-30T16:15:12.726+0000] {processor.py:153} INFO - Started process (PID=558) to work on /home/airflow/.local/lib/python3.7/site-packages/airflow/example_dags/example_time_delta_sensor_async.py
[2024-10-30T16:15:12.726+0000] {processor.py:640} INFO - Processing file /home/airflow/.local/lib/python3.7/site-packages/airflow/example_dags/example_time_delta_sensor_async.py for tasks to queue
[2024-10-30T16:15:12.727+0000] {logging_mixin.py:115} INFO - [2024-10-30T16:15:12.727+0000] {dagbag.py:508} INFO - Filling up the DagBag from /home/airflow/.local/lib/python3.7/site-packages/airflow/example_dags/example_time_delta_sensor_async.py
[2024-10-30T16:15:12.730+0000] {processor.py:650} INFO - DAG(s) dict_keys(['example_time_delta_sensor_async']) retrieved from /home/airflow/.local/lib/python3.7/site-packages/airflow/example_dags/example_time_delta_sensor_async.py
[2024-10-30T16:15:12.856+0000] {logging_mixin.py:115} INFO - [2024-10-30T16:15:12.856+0000] {dag.py:2429} INFO - Sync 1 DAGs
[2024-10-30T16:15:12.871+0000] {logging_mixin.py:115} INFO - [2024-10-30T16:15:12.871+0000] {dag.py:2981} INFO - Setting next_dagrun for example_time_delta_sensor_async to None, run_after=None
[2024-10-30T16:15:12.878+0000] {processor.py:161} INFO - Processing /home/airflow/.local/lib/python3.7/site-packages/airflow/example_dags/example_time_delta_sensor_async.py took 0.154 seconds
[2024-10-30T16:15:43.544+0000] {processor.py:153} INFO - Started process (PID=620) to work on /home/airflow/.local/lib/python3.7/site-packages/airflow/example_dags/example_time_delta_sensor_async.py
[2024-10-30T16:15:43.545+0000] {processor.py:640} INFO - Processing file /home/airflow/.local/lib/python3.7/site-packages/airflow/example_dags/example_time_delta_sensor_async.py for tasks to queue
[2024-10-30T16:15:43.546+0000] {logging_mixin.py:115} INFO - [2024-10-30T16:15:43.546+0000] {dagbag.py:508} INFO - Filling up the DagBag from /home/airflow/.local/lib/python3.7/site-packages/airflow/example_dags/example_time_delta_sensor_async.py
[2024-10-30T16:15:43.552+0000] {processor.py:650} INFO - DAG(s) dict_keys(['example_time_delta_sensor_async']) retrieved from /home/airflow/.local/lib/python3.7/site-packages/airflow/example_dags/example_time_delta_sensor_async.py
[2024-10-30T16:15:43.686+0000] {logging_mixin.py:115} INFO - [2024-10-30T16:15:43.685+0000] {dag.py:2429} INFO - Sync 1 DAGs
[2024-10-30T16:15:43.705+0000] {logging_mixin.py:115} INFO - [2024-10-30T16:15:43.705+0000] {dag.py:2981} INFO - Setting next_dagrun for example_time_delta_sensor_async to None, run_after=None
[2024-10-30T16:15:43.714+0000] {processor.py:161} INFO - Processing /home/airflow/.local/lib/python3.7/site-packages/airflow/example_dags/example_time_delta_sensor_async.py took 0.172 seconds
[2024-10-30T16:16:14.282+0000] {processor.py:153} INFO - Started process (PID=682) to work on /home/airflow/.local/lib/python3.7/site-packages/airflow/example_dags/example_time_delta_sensor_async.py
[2024-10-30T16:16:14.282+0000] {processor.py:640} INFO - Processing file /home/airflow/.local/lib/python3.7/site-packages/airflow/example_dags/example_time_delta_sensor_async.py for tasks to queue
[2024-10-30T16:16:14.283+0000] {logging_mixin.py:115} INFO - [2024-10-30T16:16:14.283+0000] {dagbag.py:508} INFO - Filling up the DagBag from /home/airflow/.local/lib/python3.7/site-packages/airflow/example_dags/example_time_delta_sensor_async.py
[2024-10-30T16:16:14.287+0000] {processor.py:650} INFO - DAG(s) dict_keys(['example_time_delta_sensor_async']) retrieved from /home/airflow/.local/lib/python3.7/site-packages/airflow/example_dags/example_time_delta_sensor_async.py
[2024-10-30T16:16:14.438+0000] {logging_mixin.py:115} INFO - [2024-10-30T16:16:14.438+0000] {dag.py:2429} INFO - Sync 1 DAGs
[2024-10-30T16:16:14.454+0000] {logging_mixin.py:115} INFO - [2024-10-30T16:16:14.454+0000] {dag.py:2981} INFO - Setting next_dagrun for example_time_delta_sensor_async to None, run_after=None
[2024-10-30T16:16:14.462+0000] {processor.py:161} INFO - Processing /home/airflow/.local/lib/python3.7/site-packages/airflow/example_dags/example_time_delta_sensor_async.py took 0.182 seconds
[2024-10-30T16:16:45.085+0000] {processor.py:153} INFO - Started process (PID=735) to work on /home/airflow/.local/lib/python3.7/site-packages/airflow/example_dags/example_time_delta_sensor_async.py
[2024-10-30T16:16:45.086+0000] {processor.py:640} INFO - Processing file /home/airflow/.local/lib/python3.7/site-packages/airflow/example_dags/example_time_delta_sensor_async.py for tasks to queue
[2024-10-30T16:16:45.087+0000] {logging_mixin.py:115} INFO - [2024-10-30T16:16:45.087+0000] {dagbag.py:508} INFO - Filling up the DagBag from /home/airflow/.local/lib/python3.7/site-packages/airflow/example_dags/example_time_delta_sensor_async.py
[2024-10-30T16:16:45.090+0000] {processor.py:650} INFO - DAG(s) dict_keys(['example_time_delta_sensor_async']) retrieved from /home/airflow/.local/lib/python3.7/site-packages/airflow/example_dags/example_time_delta_sensor_async.py
[2024-10-30T16:16:45.235+0000] {logging_mixin.py:115} INFO - [2024-10-30T16:16:45.235+0000] {dag.py:2429} INFO - Sync 1 DAGs
[2024-10-30T16:16:45.254+0000] {logging_mixin.py:115} INFO - [2024-10-30T16:16:45.254+0000] {dag.py:2981} INFO - Setting next_dagrun for example_time_delta_sensor_async to None, run_after=None
[2024-10-30T16:16:45.262+0000] {processor.py:161} INFO - Processing /home/airflow/.local/lib/python3.7/site-packages/airflow/example_dags/example_time_delta_sensor_async.py took 0.179 seconds
[2024-10-30T16:17:15.934+0000] {processor.py:153} INFO - Started process (PID=797) to work on /home/airflow/.local/lib/python3.7/site-packages/airflow/example_dags/example_time_delta_sensor_async.py
[2024-10-30T16:17:15.935+0000] {processor.py:640} INFO - Processing file /home/airflow/.local/lib/python3.7/site-packages/airflow/example_dags/example_time_delta_sensor_async.py for tasks to queue
[2024-10-30T16:17:15.935+0000] {logging_mixin.py:115} INFO - [2024-10-30T16:17:15.935+0000] {dagbag.py:508} INFO - Filling up the DagBag from /home/airflow/.local/lib/python3.7/site-packages/airflow/example_dags/example_time_delta_sensor_async.py
[2024-10-30T16:17:15.939+0000] {processor.py:650} INFO - DAG(s) dict_keys(['example_time_delta_sensor_async']) retrieved from /home/airflow/.local/lib/python3.7/site-packages/airflow/example_dags/example_time_delta_sensor_async.py
[2024-10-30T16:17:16.076+0000] {logging_mixin.py:115} INFO - [2024-10-30T16:17:16.076+0000] {dag.py:2429} INFO - Sync 1 DAGs
[2024-10-30T16:17:16.092+0000] {logging_mixin.py:115} INFO - [2024-10-30T16:17:16.092+0000] {dag.py:2981} INFO - Setting next_dagrun for example_time_delta_sensor_async to None, run_after=None
[2024-10-30T16:17:16.101+0000] {processor.py:161} INFO - Processing /home/airflow/.local/lib/python3.7/site-packages/airflow/example_dags/example_time_delta_sensor_async.py took 0.169 seconds
[2024-10-30T16:17:46.485+0000] {processor.py:153} INFO - Started process (PID=859) to work on /home/airflow/.local/lib/python3.7/site-packages/airflow/example_dags/example_time_delta_sensor_async.py
[2024-10-30T16:17:46.486+0000] {processor.py:640} INFO - Processing file /home/airflow/.local/lib/python3.7/site-packages/airflow/example_dags/example_time_delta_sensor_async.py for tasks to queue
[2024-10-30T16:17:46.487+0000] {logging_mixin.py:115} INFO - [2024-10-30T16:17:46.487+0000] {dagbag.py:508} INFO - Filling up the DagBag from /home/airflow/.local/lib/python3.7/site-packages/airflow/example_dags/example_time_delta_sensor_async.py
[2024-10-30T16:17:46.490+0000] {processor.py:650} INFO - DAG(s) dict_keys(['example_time_delta_sensor_async']) retrieved from /home/airflow/.local/lib/python3.7/site-packages/airflow/example_dags/example_time_delta_sensor_async.py
[2024-10-30T16:17:46.639+0000] {logging_mixin.py:115} INFO - [2024-10-30T16:17:46.639+0000] {dag.py:2429} INFO - Sync 1 DAGs
[2024-10-30T16:17:46.656+0000] {logging_mixin.py:115} INFO - [2024-10-30T16:17:46.655+0000] {dag.py:2981} INFO - Setting next_dagrun for example_time_delta_sensor_async to None, run_after=None
[2024-10-30T16:17:46.663+0000] {processor.py:161} INFO - Processing /home/airflow/.local/lib/python3.7/site-packages/airflow/example_dags/example_time_delta_sensor_async.py took 0.180 seconds
[2024-10-30T16:18:17.082+0000] {processor.py:153} INFO - Started process (PID=921) to work on /home/airflow/.local/lib/python3.7/site-packages/airflow/example_dags/example_time_delta_sensor_async.py
[2024-10-30T16:18:17.082+0000] {processor.py:640} INFO - Processing file /home/airflow/.local/lib/python3.7/site-packages/airflow/example_dags/example_time_delta_sensor_async.py for tasks to queue
[2024-10-30T16:18:17.083+0000] {logging_mixin.py:115} INFO - [2024-10-30T16:18:17.083+0000] {dagbag.py:508} INFO - Filling up the DagBag from /home/airflow/.local/lib/python3.7/site-packages/airflow/example_dags/example_time_delta_sensor_async.py
[2024-10-30T16:18:17.088+0000] {processor.py:650} INFO - DAG(s) dict_keys(['example_time_delta_sensor_async']) retrieved from /home/airflow/.local/lib/python3.7/site-packages/airflow/example_dags/example_time_delta_sensor_async.py
[2024-10-30T16:18:17.257+0000] {logging_mixin.py:115} INFO - [2024-10-30T16:18:17.256+0000] {dag.py:2429} INFO - Sync 1 DAGs
[2024-10-30T16:18:17.276+0000] {logging_mixin.py:115} INFO - [2024-10-30T16:18:17.276+0000] {dag.py:2981} INFO - Setting next_dagrun for example_time_delta_sensor_async to None, run_after=None
[2024-10-30T16:18:17.285+0000] {processor.py:161} INFO - Processing /home/airflow/.local/lib/python3.7/site-packages/airflow/example_dags/example_time_delta_sensor_async.py took 0.206 seconds
[2024-10-30T16:18:47.732+0000] {processor.py:153} INFO - Started process (PID=976) to work on /home/airflow/.local/lib/python3.7/site-packages/airflow/example_dags/example_time_delta_sensor_async.py
[2024-10-30T16:18:47.732+0000] {processor.py:640} INFO - Processing file /home/airflow/.local/lib/python3.7/site-packages/airflow/example_dags/example_time_delta_sensor_async.py for tasks to queue
[2024-10-30T16:18:47.733+0000] {logging_mixin.py:115} INFO - [2024-10-30T16:18:47.733+0000] {dagbag.py:508} INFO - Filling up the DagBag from /home/airflow/.local/lib/python3.7/site-packages/airflow/example_dags/example_time_delta_sensor_async.py
[2024-10-30T16:18:47.738+0000] {processor.py:650} INFO - DAG(s) dict_keys(['example_time_delta_sensor_async']) retrieved from /home/airflow/.local/lib/python3.7/site-packages/airflow/example_dags/example_time_delta_sensor_async.py
[2024-10-30T16:18:47.877+0000] {logging_mixin.py:115} INFO - [2024-10-30T16:18:47.877+0000] {dag.py:2429} INFO - Sync 1 DAGs
[2024-10-30T16:18:47.893+0000] {logging_mixin.py:115} INFO - [2024-10-30T16:18:47.893+0000] {dag.py:2981} INFO - Setting next_dagrun for example_time_delta_sensor_async to None, run_after=None
[2024-10-30T16:18:47.900+0000] {processor.py:161} INFO - Processing /home/airflow/.local/lib/python3.7/site-packages/airflow/example_dags/example_time_delta_sensor_async.py took 0.171 seconds
[2024-10-30T16:19:18.259+0000] {processor.py:153} INFO - Started process (PID=1038) to work on /home/airflow/.local/lib/python3.7/site-packages/airflow/example_dags/example_time_delta_sensor_async.py
[2024-10-30T16:19:18.260+0000] {processor.py:640} INFO - Processing file /home/airflow/.local/lib/python3.7/site-packages/airflow/example_dags/example_time_delta_sensor_async.py for tasks to queue
[2024-10-30T16:19:18.260+0000] {logging_mixin.py:115} INFO - [2024-10-30T16:19:18.260+0000] {dagbag.py:508} INFO - Filling up the DagBag from /home/airflow/.local/lib/python3.7/site-packages/airflow/example_dags/example_time_delta_sensor_async.py
[2024-10-30T16:19:18.263+0000] {processor.py:650} INFO - DAG(s) dict_keys(['example_time_delta_sensor_async']) retrieved from /home/airflow/.local/lib/python3.7/site-packages/airflow/example_dags/example_time_delta_sensor_async.py
[2024-10-30T16:19:18.382+0000] {logging_mixin.py:115} INFO - [2024-10-30T16:19:18.382+0000] {dag.py:2429} INFO - Sync 1 DAGs
[2024-10-30T16:19:18.397+0000] {logging_mixin.py:115} INFO - [2024-10-30T16:19:18.397+0000] {dag.py:2981} INFO - Setting next_dagrun for example_time_delta_sensor_async to None, run_after=None
[2024-10-30T16:19:18.405+0000] {processor.py:161} INFO - Processing /home/airflow/.local/lib/python3.7/site-packages/airflow/example_dags/example_time_delta_sensor_async.py took 0.148 seconds
[2024-10-30T16:19:48.853+0000] {processor.py:153} INFO - Started process (PID=1098) to work on /home/airflow/.local/lib/python3.7/site-packages/airflow/example_dags/example_time_delta_sensor_async.py
[2024-10-30T16:19:48.854+0000] {processor.py:640} INFO - Processing file /home/airflow/.local/lib/python3.7/site-packages/airflow/example_dags/example_time_delta_sensor_async.py for tasks to queue
[2024-10-30T16:19:48.855+0000] {logging_mixin.py:115} INFO - [2024-10-30T16:19:48.854+0000] {dagbag.py:508} INFO - Filling up the DagBag from /home/airflow/.local/lib/python3.7/site-packages/airflow/example_dags/example_time_delta_sensor_async.py
[2024-10-30T16:19:48.859+0000] {processor.py:650} INFO - DAG(s) dict_keys(['example_time_delta_sensor_async']) retrieved from /home/airflow/.local/lib/python3.7/site-packages/airflow/example_dags/example_time_delta_sensor_async.py
[2024-10-30T16:19:49.022+0000] {logging_mixin.py:115} INFO - [2024-10-30T16:19:49.022+0000] {dag.py:2429} INFO - Sync 1 DAGs
[2024-10-30T16:19:49.041+0000] {logging_mixin.py:115} INFO - [2024-10-30T16:19:49.041+0000] {dag.py:2981} INFO - Setting next_dagrun for example_time_delta_sensor_async to None, run_after=None
[2024-10-30T16:19:49.048+0000] {processor.py:161} INFO - Processing /home/airflow/.local/lib/python3.7/site-packages/airflow/example_dags/example_time_delta_sensor_async.py took 0.198 seconds
[2024-10-30T16:20:19.487+0000] {processor.py:153} INFO - Started process (PID=1160) to work on /home/airflow/.local/lib/python3.7/site-packages/airflow/example_dags/example_time_delta_sensor_async.py
[2024-10-30T16:20:19.488+0000] {processor.py:640} INFO - Processing file /home/airflow/.local/lib/python3.7/site-packages/airflow/example_dags/example_time_delta_sensor_async.py for tasks to queue
[2024-10-30T16:20:19.488+0000] {logging_mixin.py:115} INFO - [2024-10-30T16:20:19.488+0000] {dagbag.py:508} INFO - Filling up the DagBag from /home/airflow/.local/lib/python3.7/site-packages/airflow/example_dags/example_time_delta_sensor_async.py
[2024-10-30T16:20:19.491+0000] {processor.py:650} INFO - DAG(s) dict_keys(['example_time_delta_sensor_async']) retrieved from /home/airflow/.local/lib/python3.7/site-packages/airflow/example_dags/example_time_delta_sensor_async.py
[2024-10-30T16:20:19.637+0000] {logging_mixin.py:115} INFO - [2024-10-30T16:20:19.637+0000] {dag.py:2429} INFO - Sync 1 DAGs
[2024-10-30T16:20:19.654+0000] {logging_mixin.py:115} INFO - [2024-10-30T16:20:19.654+0000] {dag.py:2981} INFO - Setting next_dagrun for example_time_delta_sensor_async to None, run_after=None
[2024-10-30T16:20:19.662+0000] {processor.py:161} INFO - Processing /home/airflow/.local/lib/python3.7/site-packages/airflow/example_dags/example_time_delta_sensor_async.py took 0.177 seconds
[2024-10-30T16:20:49.948+0000] {processor.py:153} INFO - Started process (PID=1213) to work on /home/airflow/.local/lib/python3.7/site-packages/airflow/example_dags/example_time_delta_sensor_async.py
[2024-10-30T16:20:49.949+0000] {processor.py:640} INFO - Processing file /home/airflow/.local/lib/python3.7/site-packages/airflow/example_dags/example_time_delta_sensor_async.py for tasks to queue
[2024-10-30T16:20:49.950+0000] {logging_mixin.py:115} INFO - [2024-10-30T16:20:49.949+0000] {dagbag.py:508} INFO - Filling up the DagBag from /home/airflow/.local/lib/python3.7/site-packages/airflow/example_dags/example_time_delta_sensor_async.py
[2024-10-30T16:20:49.953+0000] {processor.py:650} INFO - DAG(s) dict_keys(['example_time_delta_sensor_async']) retrieved from /home/airflow/.local/lib/python3.7/site-packages/airflow/example_dags/example_time_delta_sensor_async.py
[2024-10-30T16:20:50.067+0000] {logging_mixin.py:115} INFO - [2024-10-30T16:20:50.066+0000] {dag.py:2429} INFO - Sync 1 DAGs
[2024-10-30T16:20:50.083+0000] {logging_mixin.py:115} INFO - [2024-10-30T16:20:50.083+0000] {dag.py:2981} INFO - Setting next_dagrun for example_time_delta_sensor_async to None, run_after=None
[2024-10-30T16:20:50.091+0000] {processor.py:161} INFO - Processing /home/airflow/.local/lib/python3.7/site-packages/airflow/example_dags/example_time_delta_sensor_async.py took 0.145 seconds
[2024-10-30T16:21:20.362+0000] {processor.py:153} INFO - Started process (PID=1275) to work on /home/airflow/.local/lib/python3.7/site-packages/airflow/example_dags/example_time_delta_sensor_async.py
[2024-10-30T16:21:20.362+0000] {processor.py:640} INFO - Processing file /home/airflow/.local/lib/python3.7/site-packages/airflow/example_dags/example_time_delta_sensor_async.py for tasks to queue
[2024-10-30T16:21:20.363+0000] {logging_mixin.py:115} INFO - [2024-10-30T16:21:20.363+0000] {dagbag.py:508} INFO - Filling up the DagBag from /home/airflow/.local/lib/python3.7/site-packages/airflow/example_dags/example_time_delta_sensor_async.py
[2024-10-30T16:21:20.367+0000] {processor.py:650} INFO - DAG(s) dict_keys(['example_time_delta_sensor_async']) retrieved from /home/airflow/.local/lib/python3.7/site-packages/airflow/example_dags/example_time_delta_sensor_async.py
[2024-10-30T16:21:20.482+0000] {logging_mixin.py:115} INFO - [2024-10-30T16:21:20.482+0000] {dag.py:2429} INFO - Sync 1 DAGs
[2024-10-30T16:21:20.500+0000] {logging_mixin.py:115} INFO - [2024-10-30T16:21:20.500+0000] {dag.py:2981} INFO - Setting next_dagrun for example_time_delta_sensor_async to None, run_after=None
[2024-10-30T16:21:20.507+0000] {processor.py:161} INFO - Processing /home/airflow/.local/lib/python3.7/site-packages/airflow/example_dags/example_time_delta_sensor_async.py took 0.147 seconds
[2024-10-30T16:21:51.106+0000] {processor.py:153} INFO - Started process (PID=1337) to work on /home/airflow/.local/lib/python3.7/site-packages/airflow/example_dags/example_time_delta_sensor_async.py
[2024-10-30T16:21:51.107+0000] {processor.py:640} INFO - Processing file /home/airflow/.local/lib/python3.7/site-packages/airflow/example_dags/example_time_delta_sensor_async.py for tasks to queue
[2024-10-30T16:21:51.108+0000] {logging_mixin.py:115} INFO - [2024-10-30T16:21:51.108+0000] {dagbag.py:508} INFO - Filling up the DagBag from /home/airflow/.local/lib/python3.7/site-packages/airflow/example_dags/example_time_delta_sensor_async.py
[2024-10-30T16:21:51.113+0000] {processor.py:650} INFO - DAG(s) dict_keys(['example_time_delta_sensor_async']) retrieved from /home/airflow/.local/lib/python3.7/site-packages/airflow/example_dags/example_time_delta_sensor_async.py
[2024-10-30T16:21:51.324+0000] {logging_mixin.py:115} INFO - [2024-10-30T16:21:51.324+0000] {dag.py:2429} INFO - Sync 1 DAGs
[2024-10-30T16:21:51.341+0000] {logging_mixin.py:115} INFO - [2024-10-30T16:21:51.341+0000] {dag.py:2981} INFO - Setting next_dagrun for example_time_delta_sensor_async to None, run_after=None
[2024-10-30T16:21:51.350+0000] {processor.py:161} INFO - Processing /home/airflow/.local/lib/python3.7/site-packages/airflow/example_dags/example_time_delta_sensor_async.py took 0.249 seconds
[2024-10-30T16:22:21.867+0000] {processor.py:153} INFO - Started process (PID=1390) to work on /home/airflow/.local/lib/python3.7/site-packages/airflow/example_dags/example_time_delta_sensor_async.py
[2024-10-30T16:22:21.868+0000] {processor.py:640} INFO - Processing file /home/airflow/.local/lib/python3.7/site-packages/airflow/example_dags/example_time_delta_sensor_async.py for tasks to queue
[2024-10-30T16:22:21.869+0000] {logging_mixin.py:115} INFO - [2024-10-30T16:22:21.868+0000] {dagbag.py:508} INFO - Filling up the DagBag from /home/airflow/.local/lib/python3.7/site-packages/airflow/example_dags/example_time_delta_sensor_async.py
[2024-10-30T16:22:21.872+0000] {processor.py:650} INFO - DAG(s) dict_keys(['example_time_delta_sensor_async']) retrieved from /home/airflow/.local/lib/python3.7/site-packages/airflow/example_dags/example_time_delta_sensor_async.py
[2024-10-30T16:22:22.012+0000] {logging_mixin.py:115} INFO - [2024-10-30T16:22:22.012+0000] {dag.py:2429} INFO - Sync 1 DAGs
[2024-10-30T16:22:22.026+0000] {logging_mixin.py:115} INFO - [2024-10-30T16:22:22.026+0000] {dag.py:2981} INFO - Setting next_dagrun for example_time_delta_sensor_async to None, run_after=None
[2024-10-30T16:22:22.034+0000] {processor.py:161} INFO - Processing /home/airflow/.local/lib/python3.7/site-packages/airflow/example_dags/example_time_delta_sensor_async.py took 0.169 seconds
[2024-10-30T16:22:52.476+0000] {processor.py:153} INFO - Started process (PID=1452) to work on /home/airflow/.local/lib/python3.7/site-packages/airflow/example_dags/example_time_delta_sensor_async.py
[2024-10-30T16:22:52.477+0000] {processor.py:640} INFO - Processing file /home/airflow/.local/lib/python3.7/site-packages/airflow/example_dags/example_time_delta_sensor_async.py for tasks to queue
[2024-10-30T16:22:52.477+0000] {logging_mixin.py:115} INFO - [2024-10-30T16:22:52.477+0000] {dagbag.py:508} INFO - Filling up the DagBag from /home/airflow/.local/lib/python3.7/site-packages/airflow/example_dags/example_time_delta_sensor_async.py
[2024-10-30T16:22:52.480+0000] {processor.py:650} INFO - DAG(s) dict_keys(['example_time_delta_sensor_async']) retrieved from /home/airflow/.local/lib/python3.7/site-packages/airflow/example_dags/example_time_delta_sensor_async.py
[2024-10-30T16:22:52.603+0000] {logging_mixin.py:115} INFO - [2024-10-30T16:22:52.602+0000] {dag.py:2429} INFO - Sync 1 DAGs
[2024-10-30T16:22:52.618+0000] {logging_mixin.py:115} INFO - [2024-10-30T16:22:52.618+0000] {dag.py:2981} INFO - Setting next_dagrun for example_time_delta_sensor_async to None, run_after=None
[2024-10-30T16:22:52.625+0000] {processor.py:161} INFO - Processing /home/airflow/.local/lib/python3.7/site-packages/airflow/example_dags/example_time_delta_sensor_async.py took 0.151 seconds
[2024-10-30T16:23:23.139+0000] {processor.py:153} INFO - Started process (PID=1514) to work on /home/airflow/.local/lib/python3.7/site-packages/airflow/example_dags/example_time_delta_sensor_async.py
[2024-10-30T16:23:23.140+0000] {processor.py:640} INFO - Processing file /home/airflow/.local/lib/python3.7/site-packages/airflow/example_dags/example_time_delta_sensor_async.py for tasks to queue
[2024-10-30T16:23:23.140+0000] {logging_mixin.py:115} INFO - [2024-10-30T16:23:23.140+0000] {dagbag.py:508} INFO - Filling up the DagBag from /home/airflow/.local/lib/python3.7/site-packages/airflow/example_dags/example_time_delta_sensor_async.py
[2024-10-30T16:23:23.143+0000] {processor.py:650} INFO - DAG(s) dict_keys(['example_time_delta_sensor_async']) retrieved from /home/airflow/.local/lib/python3.7/site-packages/airflow/example_dags/example_time_delta_sensor_async.py
[2024-10-30T16:23:23.269+0000] {logging_mixin.py:115} INFO - [2024-10-30T16:23:23.269+0000] {dag.py:2429} INFO - Sync 1 DAGs
[2024-10-30T16:23:23.286+0000] {logging_mixin.py:115} INFO - [2024-10-30T16:23:23.286+0000] {dag.py:2981} INFO - Setting next_dagrun for example_time_delta_sensor_async to None, run_after=None
[2024-10-30T16:23:23.294+0000] {processor.py:161} INFO - Processing /home/airflow/.local/lib/python3.7/site-packages/airflow/example_dags/example_time_delta_sensor_async.py took 0.157 seconds
[2024-10-30T16:23:53.813+0000] {processor.py:153} INFO - Started process (PID=1576) to work on /home/airflow/.local/lib/python3.7/site-packages/airflow/example_dags/example_time_delta_sensor_async.py
[2024-10-30T16:23:53.814+0000] {processor.py:640} INFO - Processing file /home/airflow/.local/lib/python3.7/site-packages/airflow/example_dags/example_time_delta_sensor_async.py for tasks to queue
[2024-10-30T16:23:53.814+0000] {logging_mixin.py:115} INFO - [2024-10-30T16:23:53.814+0000] {dagbag.py:508} INFO - Filling up the DagBag from /home/airflow/.local/lib/python3.7/site-packages/airflow/example_dags/example_time_delta_sensor_async.py
[2024-10-30T16:23:53.819+0000] {processor.py:650} INFO - DAG(s) dict_keys(['example_time_delta_sensor_async']) retrieved from /home/airflow/.local/lib/python3.7/site-packages/airflow/example_dags/example_time_delta_sensor_async.py
[2024-10-30T16:23:53.949+0000] {logging_mixin.py:115} INFO - [2024-10-30T16:23:53.949+0000] {dag.py:2429} INFO - Sync 1 DAGs
[2024-10-30T16:23:53.964+0000] {logging_mixin.py:115} INFO - [2024-10-30T16:23:53.964+0000] {dag.py:2981} INFO - Setting next_dagrun for example_time_delta_sensor_async to None, run_after=None
[2024-10-30T16:23:53.973+0000] {processor.py:161} INFO - Processing /home/airflow/.local/lib/python3.7/site-packages/airflow/example_dags/example_time_delta_sensor_async.py took 0.162 seconds
[2024-10-30T16:24:24.628+0000] {processor.py:153} INFO - Started process (PID=1636) to work on /home/airflow/.local/lib/python3.7/site-packages/airflow/example_dags/example_time_delta_sensor_async.py
[2024-10-30T16:24:24.629+0000] {processor.py:640} INFO - Processing file /home/airflow/.local/lib/python3.7/site-packages/airflow/example_dags/example_time_delta_sensor_async.py for tasks to queue
[2024-10-30T16:24:24.630+0000] {logging_mixin.py:115} INFO - [2024-10-30T16:24:24.630+0000] {dagbag.py:508} INFO - Filling up the DagBag from /home/airflow/.local/lib/python3.7/site-packages/airflow/example_dags/example_time_delta_sensor_async.py
[2024-10-30T16:24:24.637+0000] {processor.py:650} INFO - DAG(s) dict_keys(['example_time_delta_sensor_async']) retrieved from /home/airflow/.local/lib/python3.7/site-packages/airflow/example_dags/example_time_delta_sensor_async.py
[2024-10-30T16:24:24.829+0000] {logging_mixin.py:115} INFO - [2024-10-30T16:24:24.829+0000] {dag.py:2429} INFO - Sync 1 DAGs
[2024-10-30T16:24:24.854+0000] {logging_mixin.py:115} INFO - [2024-10-30T16:24:24.854+0000] {dag.py:2981} INFO - Setting next_dagrun for example_time_delta_sensor_async to None, run_after=None
[2024-10-30T16:24:24.865+0000] {processor.py:161} INFO - Processing /home/airflow/.local/lib/python3.7/site-packages/airflow/example_dags/example_time_delta_sensor_async.py took 0.240 seconds
[2024-10-30T16:24:55.433+0000] {processor.py:153} INFO - Started process (PID=1692) to work on /home/airflow/.local/lib/python3.7/site-packages/airflow/example_dags/example_time_delta_sensor_async.py
[2024-10-30T16:24:55.435+0000] {processor.py:640} INFO - Processing file /home/airflow/.local/lib/python3.7/site-packages/airflow/example_dags/example_time_delta_sensor_async.py for tasks to queue
[2024-10-30T16:24:55.436+0000] {logging_mixin.py:115} INFO - [2024-10-30T16:24:55.436+0000] {dagbag.py:508} INFO - Filling up the DagBag from /home/airflow/.local/lib/python3.7/site-packages/airflow/example_dags/example_time_delta_sensor_async.py
[2024-10-30T16:24:55.441+0000] {processor.py:650} INFO - DAG(s) dict_keys(['example_time_delta_sensor_async']) retrieved from /home/airflow/.local/lib/python3.7/site-packages/airflow/example_dags/example_time_delta_sensor_async.py
[2024-10-30T16:24:55.592+0000] {logging_mixin.py:115} INFO - [2024-10-30T16:24:55.592+0000] {dag.py:2429} INFO - Sync 1 DAGs
[2024-10-30T16:24:55.614+0000] {logging_mixin.py:115} INFO - [2024-10-30T16:24:55.613+0000] {dag.py:2981} INFO - Setting next_dagrun for example_time_delta_sensor_async to None, run_after=None
[2024-10-30T16:24:55.624+0000] {processor.py:161} INFO - Processing /home/airflow/.local/lib/python3.7/site-packages/airflow/example_dags/example_time_delta_sensor_async.py took 0.194 seconds
[2024-10-30T16:25:26.086+0000] {processor.py:153} INFO - Started process (PID=1754) to work on /home/airflow/.local/lib/python3.7/site-packages/airflow/example_dags/example_time_delta_sensor_async.py
[2024-10-30T16:25:26.086+0000] {processor.py:640} INFO - Processing file /home/airflow/.local/lib/python3.7/site-packages/airflow/example_dags/example_time_delta_sensor_async.py for tasks to queue
[2024-10-30T16:25:26.087+0000] {logging_mixin.py:115} INFO - [2024-10-30T16:25:26.087+0000] {dagbag.py:508} INFO - Filling up the DagBag from /home/airflow/.local/lib/python3.7/site-packages/airflow/example_dags/example_time_delta_sensor_async.py
[2024-10-30T16:25:26.091+0000] {processor.py:650} INFO - DAG(s) dict_keys(['example_time_delta_sensor_async']) retrieved from /home/airflow/.local/lib/python3.7/site-packages/airflow/example_dags/example_time_delta_sensor_async.py
[2024-10-30T16:25:26.222+0000] {logging_mixin.py:115} INFO - [2024-10-30T16:25:26.222+0000] {dag.py:2429} INFO - Sync 1 DAGs
[2024-10-30T16:25:26.240+0000] {logging_mixin.py:115} INFO - [2024-10-30T16:25:26.240+0000] {dag.py:2981} INFO - Setting next_dagrun for example_time_delta_sensor_async to None, run_after=None
[2024-10-30T16:25:26.248+0000] {processor.py:161} INFO - Processing /home/airflow/.local/lib/python3.7/site-packages/airflow/example_dags/example_time_delta_sensor_async.py took 0.165 seconds
[2024-10-30T16:25:57.057+0000] {processor.py:153} INFO - Started process (PID=1817) to work on /home/airflow/.local/lib/python3.7/site-packages/airflow/example_dags/example_time_delta_sensor_async.py
[2024-10-30T16:25:57.057+0000] {processor.py:640} INFO - Processing file /home/airflow/.local/lib/python3.7/site-packages/airflow/example_dags/example_time_delta_sensor_async.py for tasks to queue
[2024-10-30T16:25:57.058+0000] {logging_mixin.py:115} INFO - [2024-10-30T16:25:57.058+0000] {dagbag.py:508} INFO - Filling up the DagBag from /home/airflow/.local/lib/python3.7/site-packages/airflow/example_dags/example_time_delta_sensor_async.py
[2024-10-30T16:25:57.061+0000] {processor.py:650} INFO - DAG(s) dict_keys(['example_time_delta_sensor_async']) retrieved from /home/airflow/.local/lib/python3.7/site-packages/airflow/example_dags/example_time_delta_sensor_async.py
[2024-10-30T16:25:57.208+0000] {logging_mixin.py:115} INFO - [2024-10-30T16:25:57.208+0000] {dag.py:2429} INFO - Sync 1 DAGs
[2024-10-30T16:25:57.228+0000] {logging_mixin.py:115} INFO - [2024-10-30T16:25:57.228+0000] {dag.py:2981} INFO - Setting next_dagrun for example_time_delta_sensor_async to None, run_after=None
[2024-10-30T16:25:57.237+0000] {processor.py:161} INFO - Processing /home/airflow/.local/lib/python3.7/site-packages/airflow/example_dags/example_time_delta_sensor_async.py took 0.182 seconds
[2024-10-30T16:26:27.750+0000] {processor.py:153} INFO - Started process (PID=1872) to work on /home/airflow/.local/lib/python3.7/site-packages/airflow/example_dags/example_time_delta_sensor_async.py
[2024-10-30T16:26:27.751+0000] {processor.py:640} INFO - Processing file /home/airflow/.local/lib/python3.7/site-packages/airflow/example_dags/example_time_delta_sensor_async.py for tasks to queue
[2024-10-30T16:26:27.752+0000] {logging_mixin.py:115} INFO - [2024-10-30T16:26:27.752+0000] {dagbag.py:508} INFO - Filling up the DagBag from /home/airflow/.local/lib/python3.7/site-packages/airflow/example_dags/example_time_delta_sensor_async.py
[2024-10-30T16:26:27.756+0000] {processor.py:650} INFO - DAG(s) dict_keys(['example_time_delta_sensor_async']) retrieved from /home/airflow/.local/lib/python3.7/site-packages/airflow/example_dags/example_time_delta_sensor_async.py
[2024-10-30T16:26:27.908+0000] {logging_mixin.py:115} INFO - [2024-10-30T16:26:27.907+0000] {dag.py:2429} INFO - Sync 1 DAGs
[2024-10-30T16:26:27.924+0000] {logging_mixin.py:115} INFO - [2024-10-30T16:26:27.924+0000] {dag.py:2981} INFO - Setting next_dagrun for example_time_delta_sensor_async to None, run_after=None
[2024-10-30T16:26:27.932+0000] {processor.py:161} INFO - Processing /home/airflow/.local/lib/python3.7/site-packages/airflow/example_dags/example_time_delta_sensor_async.py took 0.184 seconds
[2024-10-30T16:26:58.359+0000] {processor.py:153} INFO - Started process (PID=1936) to work on /home/airflow/.local/lib/python3.7/site-packages/airflow/example_dags/example_time_delta_sensor_async.py
[2024-10-30T16:26:58.360+0000] {processor.py:640} INFO - Processing file /home/airflow/.local/lib/python3.7/site-packages/airflow/example_dags/example_time_delta_sensor_async.py for tasks to queue
[2024-10-30T16:26:58.360+0000] {logging_mixin.py:115} INFO - [2024-10-30T16:26:58.360+0000] {dagbag.py:508} INFO - Filling up the DagBag from /home/airflow/.local/lib/python3.7/site-packages/airflow/example_dags/example_time_delta_sensor_async.py
[2024-10-30T16:26:58.364+0000] {processor.py:650} INFO - DAG(s) dict_keys(['example_time_delta_sensor_async']) retrieved from /home/airflow/.local/lib/python3.7/site-packages/airflow/example_dags/example_time_delta_sensor_async.py
[2024-10-30T16:26:58.495+0000] {logging_mixin.py:115} INFO - [2024-10-30T16:26:58.495+0000] {dag.py:2429} INFO - Sync 1 DAGs
[2024-10-30T16:26:58.511+0000] {logging_mixin.py:115} INFO - [2024-10-30T16:26:58.511+0000] {dag.py:2981} INFO - Setting next_dagrun for example_time_delta_sensor_async to None, run_after=None
[2024-10-30T16:26:58.518+0000] {processor.py:161} INFO - Processing /home/airflow/.local/lib/python3.7/site-packages/airflow/example_dags/example_time_delta_sensor_async.py took 0.162 seconds
