[2024-10-30T16:11:06.734+0000] {processor.py:153} INFO - Started process (PID=72) to work on /home/airflow/.local/lib/python3.7/site-packages/airflow/example_dags/example_trigger_controller_dag.py
[2024-10-30T16:11:06.735+0000] {processor.py:640} INFO - Processing file /home/airflow/.local/lib/python3.7/site-packages/airflow/example_dags/example_trigger_controller_dag.py for tasks to queue
[2024-10-30T16:11:06.737+0000] {logging_mixin.py:115} INFO - [2024-10-30T16:11:06.737+0000] {dagbag.py:508} INFO - Filling up the DagBag from /home/airflow/.local/lib/python3.7/site-packages/airflow/example_dags/example_trigger_controller_dag.py
[2024-10-30T16:11:06.742+0000] {processor.py:650} INFO - DAG(s) dict_keys(['example_trigger_controller_dag']) retrieved from /home/airflow/.local/lib/python3.7/site-packages/airflow/example_dags/example_trigger_controller_dag.py
[2024-10-30T16:11:06.826+0000] {logging_mixin.py:115} INFO - [2024-10-30T16:11:06.826+0000] {manager.py:508} INFO - Created Permission View: can delete on DAG:example_trigger_controller_dag
[2024-10-30T16:11:06.833+0000] {logging_mixin.py:115} INFO - [2024-10-30T16:11:06.833+0000] {manager.py:508} INFO - Created Permission View: can read on DAG:example_trigger_controller_dag
[2024-10-30T16:11:06.840+0000] {logging_mixin.py:115} INFO - [2024-10-30T16:11:06.840+0000] {manager.py:508} INFO - Created Permission View: can edit on DAG:example_trigger_controller_dag
[2024-10-30T16:11:06.841+0000] {logging_mixin.py:115} INFO - [2024-10-30T16:11:06.841+0000] {dag.py:2429} INFO - Sync 1 DAGs
[2024-10-30T16:11:06.848+0000] {logging_mixin.py:115} INFO - [2024-10-30T16:11:06.848+0000] {dag.py:2448} INFO - Creating ORM DAG for example_trigger_controller_dag
[2024-10-30T16:11:06.857+0000] {logging_mixin.py:115} INFO - [2024-10-30T16:11:06.857+0000] {dag.py:2981} INFO - Setting next_dagrun for example_trigger_controller_dag to 2021-01-01T00:00:00+00:00, run_after=2021-01-01T00:00:00+00:00
[2024-10-30T16:11:06.869+0000] {processor.py:161} INFO - Processing /home/airflow/.local/lib/python3.7/site-packages/airflow/example_dags/example_trigger_controller_dag.py took 0.141 seconds
[2024-10-30T16:11:37.875+0000] {processor.py:153} INFO - Started process (PID=134) to work on /home/airflow/.local/lib/python3.7/site-packages/airflow/example_dags/example_trigger_controller_dag.py
[2024-10-30T16:11:37.876+0000] {processor.py:640} INFO - Processing file /home/airflow/.local/lib/python3.7/site-packages/airflow/example_dags/example_trigger_controller_dag.py for tasks to queue
[2024-10-30T16:11:37.876+0000] {logging_mixin.py:115} INFO - [2024-10-30T16:11:37.876+0000] {dagbag.py:508} INFO - Filling up the DagBag from /home/airflow/.local/lib/python3.7/site-packages/airflow/example_dags/example_trigger_controller_dag.py
[2024-10-30T16:11:37.878+0000] {processor.py:650} INFO - DAG(s) dict_keys(['example_trigger_controller_dag']) retrieved from /home/airflow/.local/lib/python3.7/site-packages/airflow/example_dags/example_trigger_controller_dag.py
[2024-10-30T16:11:37.895+0000] {logging_mixin.py:115} INFO - [2024-10-30T16:11:37.895+0000] {dag.py:2429} INFO - Sync 1 DAGs
[2024-10-30T16:11:37.910+0000] {logging_mixin.py:115} INFO - [2024-10-30T16:11:37.910+0000] {dag.py:2981} INFO - Setting next_dagrun for example_trigger_controller_dag to 2021-01-01T00:00:00+00:00, run_after=2021-01-01T00:00:00+00:00
[2024-10-30T16:11:37.920+0000] {processor.py:161} INFO - Processing /home/airflow/.local/lib/python3.7/site-packages/airflow/example_dags/example_trigger_controller_dag.py took 0.047 seconds
[2024-10-30T16:12:08.443+0000] {processor.py:153} INFO - Started process (PID=196) to work on /home/airflow/.local/lib/python3.7/site-packages/airflow/example_dags/example_trigger_controller_dag.py
[2024-10-30T16:12:08.443+0000] {processor.py:640} INFO - Processing file /home/airflow/.local/lib/python3.7/site-packages/airflow/example_dags/example_trigger_controller_dag.py for tasks to queue
[2024-10-30T16:12:08.444+0000] {logging_mixin.py:115} INFO - [2024-10-30T16:12:08.444+0000] {dagbag.py:508} INFO - Filling up the DagBag from /home/airflow/.local/lib/python3.7/site-packages/airflow/example_dags/example_trigger_controller_dag.py
[2024-10-30T16:12:08.446+0000] {processor.py:650} INFO - DAG(s) dict_keys(['example_trigger_controller_dag']) retrieved from /home/airflow/.local/lib/python3.7/site-packages/airflow/example_dags/example_trigger_controller_dag.py
[2024-10-30T16:12:08.467+0000] {logging_mixin.py:115} INFO - [2024-10-30T16:12:08.467+0000] {dag.py:2429} INFO - Sync 1 DAGs
[2024-10-30T16:12:08.490+0000] {logging_mixin.py:115} INFO - [2024-10-30T16:12:08.490+0000] {dag.py:2981} INFO - Setting next_dagrun for example_trigger_controller_dag to 2021-01-01T00:00:00+00:00, run_after=2021-01-01T00:00:00+00:00
[2024-10-30T16:12:08.501+0000] {processor.py:161} INFO - Processing /home/airflow/.local/lib/python3.7/site-packages/airflow/example_dags/example_trigger_controller_dag.py took 0.060 seconds
[2024-10-30T16:12:39.006+0000] {processor.py:153} INFO - Started process (PID=250) to work on /home/airflow/.local/lib/python3.7/site-packages/airflow/example_dags/example_trigger_controller_dag.py
[2024-10-30T16:12:39.007+0000] {processor.py:640} INFO - Processing file /home/airflow/.local/lib/python3.7/site-packages/airflow/example_dags/example_trigger_controller_dag.py for tasks to queue
[2024-10-30T16:12:39.008+0000] {logging_mixin.py:115} INFO - [2024-10-30T16:12:39.008+0000] {dagbag.py:508} INFO - Filling up the DagBag from /home/airflow/.local/lib/python3.7/site-packages/airflow/example_dags/example_trigger_controller_dag.py
[2024-10-30T16:12:39.010+0000] {processor.py:650} INFO - DAG(s) dict_keys(['example_trigger_controller_dag']) retrieved from /home/airflow/.local/lib/python3.7/site-packages/airflow/example_dags/example_trigger_controller_dag.py
[2024-10-30T16:12:39.030+0000] {logging_mixin.py:115} INFO - [2024-10-30T16:12:39.030+0000] {dag.py:2429} INFO - Sync 1 DAGs
[2024-10-30T16:12:39.052+0000] {logging_mixin.py:115} INFO - [2024-10-30T16:12:39.052+0000] {dag.py:2981} INFO - Setting next_dagrun for example_trigger_controller_dag to 2021-01-01T00:00:00+00:00, run_after=2021-01-01T00:00:00+00:00
[2024-10-30T16:12:39.063+0000] {processor.py:161} INFO - Processing /home/airflow/.local/lib/python3.7/site-packages/airflow/example_dags/example_trigger_controller_dag.py took 0.059 seconds
[2024-10-30T16:13:09.521+0000] {processor.py:153} INFO - Started process (PID=312) to work on /home/airflow/.local/lib/python3.7/site-packages/airflow/example_dags/example_trigger_controller_dag.py
[2024-10-30T16:13:09.521+0000] {processor.py:640} INFO - Processing file /home/airflow/.local/lib/python3.7/site-packages/airflow/example_dags/example_trigger_controller_dag.py for tasks to queue
[2024-10-30T16:13:09.522+0000] {logging_mixin.py:115} INFO - [2024-10-30T16:13:09.522+0000] {dagbag.py:508} INFO - Filling up the DagBag from /home/airflow/.local/lib/python3.7/site-packages/airflow/example_dags/example_trigger_controller_dag.py
[2024-10-30T16:13:09.524+0000] {processor.py:650} INFO - DAG(s) dict_keys(['example_trigger_controller_dag']) retrieved from /home/airflow/.local/lib/python3.7/site-packages/airflow/example_dags/example_trigger_controller_dag.py
[2024-10-30T16:13:09.541+0000] {logging_mixin.py:115} INFO - [2024-10-30T16:13:09.541+0000] {dag.py:2429} INFO - Sync 1 DAGs
[2024-10-30T16:13:09.556+0000] {logging_mixin.py:115} INFO - [2024-10-30T16:13:09.556+0000] {dag.py:2981} INFO - Setting next_dagrun for example_trigger_controller_dag to 2021-01-01T00:00:00+00:00, run_after=2021-01-01T00:00:00+00:00
[2024-10-30T16:13:09.565+0000] {processor.py:161} INFO - Processing /home/airflow/.local/lib/python3.7/site-packages/airflow/example_dags/example_trigger_controller_dag.py took 0.046 seconds
[2024-10-30T16:13:40.265+0000] {processor.py:153} INFO - Started process (PID=375) to work on /home/airflow/.local/lib/python3.7/site-packages/airflow/example_dags/example_trigger_controller_dag.py
[2024-10-30T16:13:40.265+0000] {processor.py:640} INFO - Processing file /home/airflow/.local/lib/python3.7/site-packages/airflow/example_dags/example_trigger_controller_dag.py for tasks to queue
[2024-10-30T16:13:40.266+0000] {logging_mixin.py:115} INFO - [2024-10-30T16:13:40.266+0000] {dagbag.py:508} INFO - Filling up the DagBag from /home/airflow/.local/lib/python3.7/site-packages/airflow/example_dags/example_trigger_controller_dag.py
[2024-10-30T16:13:40.268+0000] {processor.py:650} INFO - DAG(s) dict_keys(['example_trigger_controller_dag']) retrieved from /home/airflow/.local/lib/python3.7/site-packages/airflow/example_dags/example_trigger_controller_dag.py
[2024-10-30T16:13:40.286+0000] {logging_mixin.py:115} INFO - [2024-10-30T16:13:40.285+0000] {dag.py:2429} INFO - Sync 1 DAGs
[2024-10-30T16:13:40.299+0000] {logging_mixin.py:115} INFO - [2024-10-30T16:13:40.299+0000] {dag.py:2981} INFO - Setting next_dagrun for example_trigger_controller_dag to 2021-01-01T00:00:00+00:00, run_after=2021-01-01T00:00:00+00:00
[2024-10-30T16:13:40.307+0000] {processor.py:161} INFO - Processing /home/airflow/.local/lib/python3.7/site-packages/airflow/example_dags/example_trigger_controller_dag.py took 0.044 seconds
[2024-10-30T16:14:11.127+0000] {processor.py:153} INFO - Started process (PID=437) to work on /home/airflow/.local/lib/python3.7/site-packages/airflow/example_dags/example_trigger_controller_dag.py
[2024-10-30T16:14:11.128+0000] {processor.py:640} INFO - Processing file /home/airflow/.local/lib/python3.7/site-packages/airflow/example_dags/example_trigger_controller_dag.py for tasks to queue
[2024-10-30T16:14:11.129+0000] {logging_mixin.py:115} INFO - [2024-10-30T16:14:11.128+0000] {dagbag.py:508} INFO - Filling up the DagBag from /home/airflow/.local/lib/python3.7/site-packages/airflow/example_dags/example_trigger_controller_dag.py
[2024-10-30T16:14:11.130+0000] {processor.py:650} INFO - DAG(s) dict_keys(['example_trigger_controller_dag']) retrieved from /home/airflow/.local/lib/python3.7/site-packages/airflow/example_dags/example_trigger_controller_dag.py
[2024-10-30T16:14:11.147+0000] {logging_mixin.py:115} INFO - [2024-10-30T16:14:11.146+0000] {dag.py:2429} INFO - Sync 1 DAGs
[2024-10-30T16:14:11.161+0000] {logging_mixin.py:115} INFO - [2024-10-30T16:14:11.160+0000] {dag.py:2981} INFO - Setting next_dagrun for example_trigger_controller_dag to 2021-01-01T00:00:00+00:00, run_after=2021-01-01T00:00:00+00:00
[2024-10-30T16:14:11.168+0000] {processor.py:161} INFO - Processing /home/airflow/.local/lib/python3.7/site-packages/airflow/example_dags/example_trigger_controller_dag.py took 0.043 seconds
[2024-10-30T16:14:41.897+0000] {processor.py:153} INFO - Started process (PID=490) to work on /home/airflow/.local/lib/python3.7/site-packages/airflow/example_dags/example_trigger_controller_dag.py
[2024-10-30T16:14:41.898+0000] {processor.py:640} INFO - Processing file /home/airflow/.local/lib/python3.7/site-packages/airflow/example_dags/example_trigger_controller_dag.py for tasks to queue
[2024-10-30T16:14:41.898+0000] {logging_mixin.py:115} INFO - [2024-10-30T16:14:41.898+0000] {dagbag.py:508} INFO - Filling up the DagBag from /home/airflow/.local/lib/python3.7/site-packages/airflow/example_dags/example_trigger_controller_dag.py
[2024-10-30T16:14:41.900+0000] {processor.py:650} INFO - DAG(s) dict_keys(['example_trigger_controller_dag']) retrieved from /home/airflow/.local/lib/python3.7/site-packages/airflow/example_dags/example_trigger_controller_dag.py
[2024-10-30T16:14:41.918+0000] {logging_mixin.py:115} INFO - [2024-10-30T16:14:41.918+0000] {dag.py:2429} INFO - Sync 1 DAGs
[2024-10-30T16:14:41.937+0000] {logging_mixin.py:115} INFO - [2024-10-30T16:14:41.936+0000] {dag.py:2981} INFO - Setting next_dagrun for example_trigger_controller_dag to 2021-01-01T00:00:00+00:00, run_after=2021-01-01T00:00:00+00:00
[2024-10-30T16:14:41.944+0000] {processor.py:161} INFO - Processing /home/airflow/.local/lib/python3.7/site-packages/airflow/example_dags/example_trigger_controller_dag.py took 0.049 seconds
[2024-10-30T16:15:12.496+0000] {processor.py:153} INFO - Started process (PID=552) to work on /home/airflow/.local/lib/python3.7/site-packages/airflow/example_dags/example_trigger_controller_dag.py
[2024-10-30T16:15:12.497+0000] {processor.py:640} INFO - Processing file /home/airflow/.local/lib/python3.7/site-packages/airflow/example_dags/example_trigger_controller_dag.py for tasks to queue
[2024-10-30T16:15:12.497+0000] {logging_mixin.py:115} INFO - [2024-10-30T16:15:12.497+0000] {dagbag.py:508} INFO - Filling up the DagBag from /home/airflow/.local/lib/python3.7/site-packages/airflow/example_dags/example_trigger_controller_dag.py
[2024-10-30T16:15:12.500+0000] {processor.py:650} INFO - DAG(s) dict_keys(['example_trigger_controller_dag']) retrieved from /home/airflow/.local/lib/python3.7/site-packages/airflow/example_dags/example_trigger_controller_dag.py
[2024-10-30T16:15:12.518+0000] {logging_mixin.py:115} INFO - [2024-10-30T16:15:12.518+0000] {dag.py:2429} INFO - Sync 1 DAGs
[2024-10-30T16:15:12.533+0000] {logging_mixin.py:115} INFO - [2024-10-30T16:15:12.532+0000] {dag.py:2981} INFO - Setting next_dagrun for example_trigger_controller_dag to 2021-01-01T00:00:00+00:00, run_after=2021-01-01T00:00:00+00:00
[2024-10-30T16:15:12.541+0000] {processor.py:161} INFO - Processing /home/airflow/.local/lib/python3.7/site-packages/airflow/example_dags/example_trigger_controller_dag.py took 0.047 seconds
[2024-10-30T16:15:43.188+0000] {processor.py:153} INFO - Started process (PID=614) to work on /home/airflow/.local/lib/python3.7/site-packages/airflow/example_dags/example_trigger_controller_dag.py
[2024-10-30T16:15:43.189+0000] {processor.py:640} INFO - Processing file /home/airflow/.local/lib/python3.7/site-packages/airflow/example_dags/example_trigger_controller_dag.py for tasks to queue
[2024-10-30T16:15:43.189+0000] {logging_mixin.py:115} INFO - [2024-10-30T16:15:43.189+0000] {dagbag.py:508} INFO - Filling up the DagBag from /home/airflow/.local/lib/python3.7/site-packages/airflow/example_dags/example_trigger_controller_dag.py
[2024-10-30T16:15:43.192+0000] {processor.py:650} INFO - DAG(s) dict_keys(['example_trigger_controller_dag']) retrieved from /home/airflow/.local/lib/python3.7/site-packages/airflow/example_dags/example_trigger_controller_dag.py
[2024-10-30T16:15:43.210+0000] {logging_mixin.py:115} INFO - [2024-10-30T16:15:43.210+0000] {dag.py:2429} INFO - Sync 1 DAGs
[2024-10-30T16:15:43.229+0000] {logging_mixin.py:115} INFO - [2024-10-30T16:15:43.229+0000] {dag.py:2981} INFO - Setting next_dagrun for example_trigger_controller_dag to 2021-01-01T00:00:00+00:00, run_after=2021-01-01T00:00:00+00:00
[2024-10-30T16:15:43.239+0000] {processor.py:161} INFO - Processing /home/airflow/.local/lib/python3.7/site-packages/airflow/example_dags/example_trigger_controller_dag.py took 0.053 seconds
[2024-10-30T16:16:13.978+0000] {processor.py:153} INFO - Started process (PID=676) to work on /home/airflow/.local/lib/python3.7/site-packages/airflow/example_dags/example_trigger_controller_dag.py
[2024-10-30T16:16:13.978+0000] {processor.py:640} INFO - Processing file /home/airflow/.local/lib/python3.7/site-packages/airflow/example_dags/example_trigger_controller_dag.py for tasks to queue
[2024-10-30T16:16:13.979+0000] {logging_mixin.py:115} INFO - [2024-10-30T16:16:13.979+0000] {dagbag.py:508} INFO - Filling up the DagBag from /home/airflow/.local/lib/python3.7/site-packages/airflow/example_dags/example_trigger_controller_dag.py
[2024-10-30T16:16:13.981+0000] {processor.py:650} INFO - DAG(s) dict_keys(['example_trigger_controller_dag']) retrieved from /home/airflow/.local/lib/python3.7/site-packages/airflow/example_dags/example_trigger_controller_dag.py
[2024-10-30T16:16:14.001+0000] {logging_mixin.py:115} INFO - [2024-10-30T16:16:14.001+0000] {dag.py:2429} INFO - Sync 1 DAGs
[2024-10-30T16:16:14.019+0000] {logging_mixin.py:115} INFO - [2024-10-30T16:16:14.018+0000] {dag.py:2981} INFO - Setting next_dagrun for example_trigger_controller_dag to 2021-01-01T00:00:00+00:00, run_after=2021-01-01T00:00:00+00:00
[2024-10-30T16:16:14.028+0000] {processor.py:161} INFO - Processing /home/airflow/.local/lib/python3.7/site-packages/airflow/example_dags/example_trigger_controller_dag.py took 0.052 seconds
[2024-10-30T16:16:44.759+0000] {processor.py:153} INFO - Started process (PID=729) to work on /home/airflow/.local/lib/python3.7/site-packages/airflow/example_dags/example_trigger_controller_dag.py
[2024-10-30T16:16:44.759+0000] {processor.py:640} INFO - Processing file /home/airflow/.local/lib/python3.7/site-packages/airflow/example_dags/example_trigger_controller_dag.py for tasks to queue
[2024-10-30T16:16:44.760+0000] {logging_mixin.py:115} INFO - [2024-10-30T16:16:44.760+0000] {dagbag.py:508} INFO - Filling up the DagBag from /home/airflow/.local/lib/python3.7/site-packages/airflow/example_dags/example_trigger_controller_dag.py
[2024-10-30T16:16:44.762+0000] {processor.py:650} INFO - DAG(s) dict_keys(['example_trigger_controller_dag']) retrieved from /home/airflow/.local/lib/python3.7/site-packages/airflow/example_dags/example_trigger_controller_dag.py
[2024-10-30T16:16:44.781+0000] {logging_mixin.py:115} INFO - [2024-10-30T16:16:44.781+0000] {dag.py:2429} INFO - Sync 1 DAGs
[2024-10-30T16:16:44.797+0000] {logging_mixin.py:115} INFO - [2024-10-30T16:16:44.797+0000] {dag.py:2981} INFO - Setting next_dagrun for example_trigger_controller_dag to 2021-01-01T00:00:00+00:00, run_after=2021-01-01T00:00:00+00:00
[2024-10-30T16:16:44.806+0000] {processor.py:161} INFO - Processing /home/airflow/.local/lib/python3.7/site-packages/airflow/example_dags/example_trigger_controller_dag.py took 0.049 seconds
[2024-10-30T16:17:15.619+0000] {processor.py:153} INFO - Started process (PID=791) to work on /home/airflow/.local/lib/python3.7/site-packages/airflow/example_dags/example_trigger_controller_dag.py
[2024-10-30T16:17:15.620+0000] {processor.py:640} INFO - Processing file /home/airflow/.local/lib/python3.7/site-packages/airflow/example_dags/example_trigger_controller_dag.py for tasks to queue
[2024-10-30T16:17:15.620+0000] {logging_mixin.py:115} INFO - [2024-10-30T16:17:15.620+0000] {dagbag.py:508} INFO - Filling up the DagBag from /home/airflow/.local/lib/python3.7/site-packages/airflow/example_dags/example_trigger_controller_dag.py
[2024-10-30T16:17:15.623+0000] {processor.py:650} INFO - DAG(s) dict_keys(['example_trigger_controller_dag']) retrieved from /home/airflow/.local/lib/python3.7/site-packages/airflow/example_dags/example_trigger_controller_dag.py
[2024-10-30T16:17:15.644+0000] {logging_mixin.py:115} INFO - [2024-10-30T16:17:15.644+0000] {dag.py:2429} INFO - Sync 1 DAGs
[2024-10-30T16:17:15.663+0000] {logging_mixin.py:115} INFO - [2024-10-30T16:17:15.662+0000] {dag.py:2981} INFO - Setting next_dagrun for example_trigger_controller_dag to 2021-01-01T00:00:00+00:00, run_after=2021-01-01T00:00:00+00:00
[2024-10-30T16:17:15.673+0000] {processor.py:161} INFO - Processing /home/airflow/.local/lib/python3.7/site-packages/airflow/example_dags/example_trigger_controller_dag.py took 0.057 seconds
[2024-10-30T16:17:46.232+0000] {processor.py:153} INFO - Started process (PID=853) to work on /home/airflow/.local/lib/python3.7/site-packages/airflow/example_dags/example_trigger_controller_dag.py
[2024-10-30T16:17:46.232+0000] {processor.py:640} INFO - Processing file /home/airflow/.local/lib/python3.7/site-packages/airflow/example_dags/example_trigger_controller_dag.py for tasks to queue
[2024-10-30T16:17:46.233+0000] {logging_mixin.py:115} INFO - [2024-10-30T16:17:46.233+0000] {dagbag.py:508} INFO - Filling up the DagBag from /home/airflow/.local/lib/python3.7/site-packages/airflow/example_dags/example_trigger_controller_dag.py
[2024-10-30T16:17:46.235+0000] {processor.py:650} INFO - DAG(s) dict_keys(['example_trigger_controller_dag']) retrieved from /home/airflow/.local/lib/python3.7/site-packages/airflow/example_dags/example_trigger_controller_dag.py
[2024-10-30T16:17:46.253+0000] {logging_mixin.py:115} INFO - [2024-10-30T16:17:46.253+0000] {dag.py:2429} INFO - Sync 1 DAGs
[2024-10-30T16:17:46.269+0000] {logging_mixin.py:115} INFO - [2024-10-30T16:17:46.269+0000] {dag.py:2981} INFO - Setting next_dagrun for example_trigger_controller_dag to 2021-01-01T00:00:00+00:00, run_after=2021-01-01T00:00:00+00:00
[2024-10-30T16:17:46.277+0000] {processor.py:161} INFO - Processing /home/airflow/.local/lib/python3.7/site-packages/airflow/example_dags/example_trigger_controller_dag.py took 0.048 seconds
[2024-10-30T16:18:16.753+0000] {processor.py:153} INFO - Started process (PID=915) to work on /home/airflow/.local/lib/python3.7/site-packages/airflow/example_dags/example_trigger_controller_dag.py
[2024-10-30T16:18:16.754+0000] {processor.py:640} INFO - Processing file /home/airflow/.local/lib/python3.7/site-packages/airflow/example_dags/example_trigger_controller_dag.py for tasks to queue
[2024-10-30T16:18:16.755+0000] {logging_mixin.py:115} INFO - [2024-10-30T16:18:16.754+0000] {dagbag.py:508} INFO - Filling up the DagBag from /home/airflow/.local/lib/python3.7/site-packages/airflow/example_dags/example_trigger_controller_dag.py
[2024-10-30T16:18:16.757+0000] {processor.py:650} INFO - DAG(s) dict_keys(['example_trigger_controller_dag']) retrieved from /home/airflow/.local/lib/python3.7/site-packages/airflow/example_dags/example_trigger_controller_dag.py
[2024-10-30T16:18:16.780+0000] {logging_mixin.py:115} INFO - [2024-10-30T16:18:16.780+0000] {dag.py:2429} INFO - Sync 1 DAGs
[2024-10-30T16:18:16.796+0000] {logging_mixin.py:115} INFO - [2024-10-30T16:18:16.796+0000] {dag.py:2981} INFO - Setting next_dagrun for example_trigger_controller_dag to 2021-01-01T00:00:00+00:00, run_after=2021-01-01T00:00:00+00:00
[2024-10-30T16:18:16.807+0000] {processor.py:161} INFO - Processing /home/airflow/.local/lib/python3.7/site-packages/airflow/example_dags/example_trigger_controller_dag.py took 0.056 seconds
[2024-10-30T16:18:47.269+0000] {processor.py:153} INFO - Started process (PID=968) to work on /home/airflow/.local/lib/python3.7/site-packages/airflow/example_dags/example_trigger_controller_dag.py
[2024-10-30T16:18:47.269+0000] {processor.py:640} INFO - Processing file /home/airflow/.local/lib/python3.7/site-packages/airflow/example_dags/example_trigger_controller_dag.py for tasks to queue
[2024-10-30T16:18:47.270+0000] {logging_mixin.py:115} INFO - [2024-10-30T16:18:47.270+0000] {dagbag.py:508} INFO - Filling up the DagBag from /home/airflow/.local/lib/python3.7/site-packages/airflow/example_dags/example_trigger_controller_dag.py
[2024-10-30T16:18:47.271+0000] {processor.py:650} INFO - DAG(s) dict_keys(['example_trigger_controller_dag']) retrieved from /home/airflow/.local/lib/python3.7/site-packages/airflow/example_dags/example_trigger_controller_dag.py
[2024-10-30T16:18:47.290+0000] {logging_mixin.py:115} INFO - [2024-10-30T16:18:47.289+0000] {dag.py:2429} INFO - Sync 1 DAGs
[2024-10-30T16:18:47.307+0000] {logging_mixin.py:115} INFO - [2024-10-30T16:18:47.307+0000] {dag.py:2981} INFO - Setting next_dagrun for example_trigger_controller_dag to 2021-01-01T00:00:00+00:00, run_after=2021-01-01T00:00:00+00:00
[2024-10-30T16:18:47.315+0000] {processor.py:161} INFO - Processing /home/airflow/.local/lib/python3.7/site-packages/airflow/example_dags/example_trigger_controller_dag.py took 0.048 seconds
[2024-10-30T16:19:17.880+0000] {processor.py:153} INFO - Started process (PID=1030) to work on /home/airflow/.local/lib/python3.7/site-packages/airflow/example_dags/example_trigger_controller_dag.py
[2024-10-30T16:19:17.881+0000] {processor.py:640} INFO - Processing file /home/airflow/.local/lib/python3.7/site-packages/airflow/example_dags/example_trigger_controller_dag.py for tasks to queue
[2024-10-30T16:19:17.881+0000] {logging_mixin.py:115} INFO - [2024-10-30T16:19:17.881+0000] {dagbag.py:508} INFO - Filling up the DagBag from /home/airflow/.local/lib/python3.7/site-packages/airflow/example_dags/example_trigger_controller_dag.py
[2024-10-30T16:19:17.883+0000] {processor.py:650} INFO - DAG(s) dict_keys(['example_trigger_controller_dag']) retrieved from /home/airflow/.local/lib/python3.7/site-packages/airflow/example_dags/example_trigger_controller_dag.py
[2024-10-30T16:19:17.900+0000] {logging_mixin.py:115} INFO - [2024-10-30T16:19:17.900+0000] {dag.py:2429} INFO - Sync 1 DAGs
[2024-10-30T16:19:17.916+0000] {logging_mixin.py:115} INFO - [2024-10-30T16:19:17.916+0000] {dag.py:2981} INFO - Setting next_dagrun for example_trigger_controller_dag to 2021-01-01T00:00:00+00:00, run_after=2021-01-01T00:00:00+00:00
[2024-10-30T16:19:17.925+0000] {processor.py:161} INFO - Processing /home/airflow/.local/lib/python3.7/site-packages/airflow/example_dags/example_trigger_controller_dag.py took 0.047 seconds
[2024-10-30T16:19:48.573+0000] {processor.py:153} INFO - Started process (PID=1092) to work on /home/airflow/.local/lib/python3.7/site-packages/airflow/example_dags/example_trigger_controller_dag.py
[2024-10-30T16:19:48.574+0000] {processor.py:640} INFO - Processing file /home/airflow/.local/lib/python3.7/site-packages/airflow/example_dags/example_trigger_controller_dag.py for tasks to queue
[2024-10-30T16:19:48.574+0000] {logging_mixin.py:115} INFO - [2024-10-30T16:19:48.574+0000] {dagbag.py:508} INFO - Filling up the DagBag from /home/airflow/.local/lib/python3.7/site-packages/airflow/example_dags/example_trigger_controller_dag.py
[2024-10-30T16:19:48.576+0000] {processor.py:650} INFO - DAG(s) dict_keys(['example_trigger_controller_dag']) retrieved from /home/airflow/.local/lib/python3.7/site-packages/airflow/example_dags/example_trigger_controller_dag.py
[2024-10-30T16:19:48.596+0000] {logging_mixin.py:115} INFO - [2024-10-30T16:19:48.596+0000] {dag.py:2429} INFO - Sync 1 DAGs
[2024-10-30T16:19:48.611+0000] {logging_mixin.py:115} INFO - [2024-10-30T16:19:48.611+0000] {dag.py:2981} INFO - Setting next_dagrun for example_trigger_controller_dag to 2021-01-01T00:00:00+00:00, run_after=2021-01-01T00:00:00+00:00
[2024-10-30T16:19:48.620+0000] {processor.py:161} INFO - Processing /home/airflow/.local/lib/python3.7/site-packages/airflow/example_dags/example_trigger_controller_dag.py took 0.049 seconds
[2024-10-30T16:20:19.144+0000] {processor.py:153} INFO - Started process (PID=1152) to work on /home/airflow/.local/lib/python3.7/site-packages/airflow/example_dags/example_trigger_controller_dag.py
[2024-10-30T16:20:19.144+0000] {processor.py:640} INFO - Processing file /home/airflow/.local/lib/python3.7/site-packages/airflow/example_dags/example_trigger_controller_dag.py for tasks to queue
[2024-10-30T16:20:19.145+0000] {logging_mixin.py:115} INFO - [2024-10-30T16:20:19.145+0000] {dagbag.py:508} INFO - Filling up the DagBag from /home/airflow/.local/lib/python3.7/site-packages/airflow/example_dags/example_trigger_controller_dag.py
[2024-10-30T16:20:19.148+0000] {processor.py:650} INFO - DAG(s) dict_keys(['example_trigger_controller_dag']) retrieved from /home/airflow/.local/lib/python3.7/site-packages/airflow/example_dags/example_trigger_controller_dag.py
[2024-10-30T16:20:19.179+0000] {logging_mixin.py:115} INFO - [2024-10-30T16:20:19.178+0000] {dag.py:2429} INFO - Sync 1 DAGs
[2024-10-30T16:20:19.217+0000] {logging_mixin.py:115} INFO - [2024-10-30T16:20:19.217+0000] {dag.py:2981} INFO - Setting next_dagrun for example_trigger_controller_dag to 2021-01-01T00:00:00+00:00, run_after=2021-01-01T00:00:00+00:00
[2024-10-30T16:20:19.226+0000] {processor.py:161} INFO - Processing /home/airflow/.local/lib/python3.7/site-packages/airflow/example_dags/example_trigger_controller_dag.py took 0.085 seconds
[2024-10-30T16:20:49.746+0000] {processor.py:153} INFO - Started process (PID=1207) to work on /home/airflow/.local/lib/python3.7/site-packages/airflow/example_dags/example_trigger_controller_dag.py
[2024-10-30T16:20:49.747+0000] {processor.py:640} INFO - Processing file /home/airflow/.local/lib/python3.7/site-packages/airflow/example_dags/example_trigger_controller_dag.py for tasks to queue
[2024-10-30T16:20:49.747+0000] {logging_mixin.py:115} INFO - [2024-10-30T16:20:49.747+0000] {dagbag.py:508} INFO - Filling up the DagBag from /home/airflow/.local/lib/python3.7/site-packages/airflow/example_dags/example_trigger_controller_dag.py
[2024-10-30T16:20:49.750+0000] {processor.py:650} INFO - DAG(s) dict_keys(['example_trigger_controller_dag']) retrieved from /home/airflow/.local/lib/python3.7/site-packages/airflow/example_dags/example_trigger_controller_dag.py
[2024-10-30T16:20:49.767+0000] {logging_mixin.py:115} INFO - [2024-10-30T16:20:49.766+0000] {dag.py:2429} INFO - Sync 1 DAGs
[2024-10-30T16:20:49.780+0000] {logging_mixin.py:115} INFO - [2024-10-30T16:20:49.780+0000] {dag.py:2981} INFO - Setting next_dagrun for example_trigger_controller_dag to 2021-01-01T00:00:00+00:00, run_after=2021-01-01T00:00:00+00:00
[2024-10-30T16:20:49.788+0000] {processor.py:161} INFO - Processing /home/airflow/.local/lib/python3.7/site-packages/airflow/example_dags/example_trigger_controller_dag.py took 0.043 seconds
[2024-10-30T16:21:20.094+0000] {processor.py:153} INFO - Started process (PID=1269) to work on /home/airflow/.local/lib/python3.7/site-packages/airflow/example_dags/example_trigger_controller_dag.py
[2024-10-30T16:21:20.094+0000] {processor.py:640} INFO - Processing file /home/airflow/.local/lib/python3.7/site-packages/airflow/example_dags/example_trigger_controller_dag.py for tasks to queue
[2024-10-30T16:21:20.095+0000] {logging_mixin.py:115} INFO - [2024-10-30T16:21:20.095+0000] {dagbag.py:508} INFO - Filling up the DagBag from /home/airflow/.local/lib/python3.7/site-packages/airflow/example_dags/example_trigger_controller_dag.py
[2024-10-30T16:21:20.096+0000] {processor.py:650} INFO - DAG(s) dict_keys(['example_trigger_controller_dag']) retrieved from /home/airflow/.local/lib/python3.7/site-packages/airflow/example_dags/example_trigger_controller_dag.py
[2024-10-30T16:21:20.115+0000] {logging_mixin.py:115} INFO - [2024-10-30T16:21:20.115+0000] {dag.py:2429} INFO - Sync 1 DAGs
[2024-10-30T16:21:20.131+0000] {logging_mixin.py:115} INFO - [2024-10-30T16:21:20.131+0000] {dag.py:2981} INFO - Setting next_dagrun for example_trigger_controller_dag to 2021-01-01T00:00:00+00:00, run_after=2021-01-01T00:00:00+00:00
[2024-10-30T16:21:20.139+0000] {processor.py:161} INFO - Processing /home/airflow/.local/lib/python3.7/site-packages/airflow/example_dags/example_trigger_controller_dag.py took 0.047 seconds
[2024-10-30T16:21:50.729+0000] {processor.py:153} INFO - Started process (PID=1331) to work on /home/airflow/.local/lib/python3.7/site-packages/airflow/example_dags/example_trigger_controller_dag.py
[2024-10-30T16:21:50.730+0000] {processor.py:640} INFO - Processing file /home/airflow/.local/lib/python3.7/site-packages/airflow/example_dags/example_trigger_controller_dag.py for tasks to queue
[2024-10-30T16:21:50.730+0000] {logging_mixin.py:115} INFO - [2024-10-30T16:21:50.730+0000] {dagbag.py:508} INFO - Filling up the DagBag from /home/airflow/.local/lib/python3.7/site-packages/airflow/example_dags/example_trigger_controller_dag.py
[2024-10-30T16:21:50.733+0000] {processor.py:650} INFO - DAG(s) dict_keys(['example_trigger_controller_dag']) retrieved from /home/airflow/.local/lib/python3.7/site-packages/airflow/example_dags/example_trigger_controller_dag.py
[2024-10-30T16:21:50.758+0000] {logging_mixin.py:115} INFO - [2024-10-30T16:21:50.758+0000] {dag.py:2429} INFO - Sync 1 DAGs
[2024-10-30T16:21:50.780+0000] {logging_mixin.py:115} INFO - [2024-10-30T16:21:50.779+0000] {dag.py:2981} INFO - Setting next_dagrun for example_trigger_controller_dag to 2021-01-01T00:00:00+00:00, run_after=2021-01-01T00:00:00+00:00
[2024-10-30T16:21:50.790+0000] {processor.py:161} INFO - Processing /home/airflow/.local/lib/python3.7/site-packages/airflow/example_dags/example_trigger_controller_dag.py took 0.063 seconds
[2024-10-30T16:22:21.599+0000] {processor.py:153} INFO - Started process (PID=1384) to work on /home/airflow/.local/lib/python3.7/site-packages/airflow/example_dags/example_trigger_controller_dag.py
[2024-10-30T16:22:21.600+0000] {processor.py:640} INFO - Processing file /home/airflow/.local/lib/python3.7/site-packages/airflow/example_dags/example_trigger_controller_dag.py for tasks to queue
[2024-10-30T16:22:21.601+0000] {logging_mixin.py:115} INFO - [2024-10-30T16:22:21.600+0000] {dagbag.py:508} INFO - Filling up the DagBag from /home/airflow/.local/lib/python3.7/site-packages/airflow/example_dags/example_trigger_controller_dag.py
[2024-10-30T16:22:21.603+0000] {processor.py:650} INFO - DAG(s) dict_keys(['example_trigger_controller_dag']) retrieved from /home/airflow/.local/lib/python3.7/site-packages/airflow/example_dags/example_trigger_controller_dag.py
[2024-10-30T16:22:21.621+0000] {logging_mixin.py:115} INFO - [2024-10-30T16:22:21.621+0000] {dag.py:2429} INFO - Sync 1 DAGs
[2024-10-30T16:22:21.641+0000] {logging_mixin.py:115} INFO - [2024-10-30T16:22:21.640+0000] {dag.py:2981} INFO - Setting next_dagrun for example_trigger_controller_dag to 2021-01-01T00:00:00+00:00, run_after=2021-01-01T00:00:00+00:00
[2024-10-30T16:22:21.649+0000] {processor.py:161} INFO - Processing /home/airflow/.local/lib/python3.7/site-packages/airflow/example_dags/example_trigger_controller_dag.py took 0.051 seconds
[2024-10-30T16:22:52.246+0000] {processor.py:153} INFO - Started process (PID=1446) to work on /home/airflow/.local/lib/python3.7/site-packages/airflow/example_dags/example_trigger_controller_dag.py
[2024-10-30T16:22:52.247+0000] {processor.py:640} INFO - Processing file /home/airflow/.local/lib/python3.7/site-packages/airflow/example_dags/example_trigger_controller_dag.py for tasks to queue
[2024-10-30T16:22:52.247+0000] {logging_mixin.py:115} INFO - [2024-10-30T16:22:52.247+0000] {dagbag.py:508} INFO - Filling up the DagBag from /home/airflow/.local/lib/python3.7/site-packages/airflow/example_dags/example_trigger_controller_dag.py
[2024-10-30T16:22:52.249+0000] {processor.py:650} INFO - DAG(s) dict_keys(['example_trigger_controller_dag']) retrieved from /home/airflow/.local/lib/python3.7/site-packages/airflow/example_dags/example_trigger_controller_dag.py
[2024-10-30T16:22:52.267+0000] {logging_mixin.py:115} INFO - [2024-10-30T16:22:52.267+0000] {dag.py:2429} INFO - Sync 1 DAGs
[2024-10-30T16:22:52.281+0000] {logging_mixin.py:115} INFO - [2024-10-30T16:22:52.281+0000] {dag.py:2981} INFO - Setting next_dagrun for example_trigger_controller_dag to 2021-01-01T00:00:00+00:00, run_after=2021-01-01T00:00:00+00:00
[2024-10-30T16:22:52.289+0000] {processor.py:161} INFO - Processing /home/airflow/.local/lib/python3.7/site-packages/airflow/example_dags/example_trigger_controller_dag.py took 0.045 seconds
[2024-10-30T16:23:22.887+0000] {processor.py:153} INFO - Started process (PID=1508) to work on /home/airflow/.local/lib/python3.7/site-packages/airflow/example_dags/example_trigger_controller_dag.py
[2024-10-30T16:23:22.888+0000] {processor.py:640} INFO - Processing file /home/airflow/.local/lib/python3.7/site-packages/airflow/example_dags/example_trigger_controller_dag.py for tasks to queue
[2024-10-30T16:23:22.888+0000] {logging_mixin.py:115} INFO - [2024-10-30T16:23:22.888+0000] {dagbag.py:508} INFO - Filling up the DagBag from /home/airflow/.local/lib/python3.7/site-packages/airflow/example_dags/example_trigger_controller_dag.py
[2024-10-30T16:23:22.890+0000] {processor.py:650} INFO - DAG(s) dict_keys(['example_trigger_controller_dag']) retrieved from /home/airflow/.local/lib/python3.7/site-packages/airflow/example_dags/example_trigger_controller_dag.py
[2024-10-30T16:23:22.907+0000] {logging_mixin.py:115} INFO - [2024-10-30T16:23:22.907+0000] {dag.py:2429} INFO - Sync 1 DAGs
[2024-10-30T16:23:22.922+0000] {logging_mixin.py:115} INFO - [2024-10-30T16:23:22.922+0000] {dag.py:2981} INFO - Setting next_dagrun for example_trigger_controller_dag to 2021-01-01T00:00:00+00:00, run_after=2021-01-01T00:00:00+00:00
[2024-10-30T16:23:22.929+0000] {processor.py:161} INFO - Processing /home/airflow/.local/lib/python3.7/site-packages/airflow/example_dags/example_trigger_controller_dag.py took 0.044 seconds
[2024-10-30T16:23:53.508+0000] {processor.py:153} INFO - Started process (PID=1570) to work on /home/airflow/.local/lib/python3.7/site-packages/airflow/example_dags/example_trigger_controller_dag.py
[2024-10-30T16:23:53.509+0000] {processor.py:640} INFO - Processing file /home/airflow/.local/lib/python3.7/site-packages/airflow/example_dags/example_trigger_controller_dag.py for tasks to queue
[2024-10-30T16:23:53.510+0000] {logging_mixin.py:115} INFO - [2024-10-30T16:23:53.510+0000] {dagbag.py:508} INFO - Filling up the DagBag from /home/airflow/.local/lib/python3.7/site-packages/airflow/example_dags/example_trigger_controller_dag.py
[2024-10-30T16:23:53.511+0000] {processor.py:650} INFO - DAG(s) dict_keys(['example_trigger_controller_dag']) retrieved from /home/airflow/.local/lib/python3.7/site-packages/airflow/example_dags/example_trigger_controller_dag.py
[2024-10-30T16:23:53.532+0000] {logging_mixin.py:115} INFO - [2024-10-30T16:23:53.532+0000] {dag.py:2429} INFO - Sync 1 DAGs
[2024-10-30T16:23:53.549+0000] {logging_mixin.py:115} INFO - [2024-10-30T16:23:53.549+0000] {dag.py:2981} INFO - Setting next_dagrun for example_trigger_controller_dag to 2021-01-01T00:00:00+00:00, run_after=2021-01-01T00:00:00+00:00
[2024-10-30T16:23:53.558+0000] {processor.py:161} INFO - Processing /home/airflow/.local/lib/python3.7/site-packages/airflow/example_dags/example_trigger_controller_dag.py took 0.052 seconds
[2024-10-30T16:24:24.268+0000] {processor.py:153} INFO - Started process (PID=1623) to work on /home/airflow/.local/lib/python3.7/site-packages/airflow/example_dags/example_trigger_controller_dag.py
[2024-10-30T16:24:24.269+0000] {processor.py:640} INFO - Processing file /home/airflow/.local/lib/python3.7/site-packages/airflow/example_dags/example_trigger_controller_dag.py for tasks to queue
[2024-10-30T16:24:24.270+0000] {logging_mixin.py:115} INFO - [2024-10-30T16:24:24.270+0000] {dagbag.py:508} INFO - Filling up the DagBag from /home/airflow/.local/lib/python3.7/site-packages/airflow/example_dags/example_trigger_controller_dag.py
[2024-10-30T16:24:24.272+0000] {processor.py:650} INFO - DAG(s) dict_keys(['example_trigger_controller_dag']) retrieved from /home/airflow/.local/lib/python3.7/site-packages/airflow/example_dags/example_trigger_controller_dag.py
[2024-10-30T16:24:24.292+0000] {logging_mixin.py:115} INFO - [2024-10-30T16:24:24.292+0000] {dag.py:2429} INFO - Sync 1 DAGs
[2024-10-30T16:24:24.308+0000] {logging_mixin.py:115} INFO - [2024-10-30T16:24:24.308+0000] {dag.py:2981} INFO - Setting next_dagrun for example_trigger_controller_dag to 2021-01-01T00:00:00+00:00, run_after=2021-01-01T00:00:00+00:00
[2024-10-30T16:24:24.316+0000] {processor.py:161} INFO - Processing /home/airflow/.local/lib/python3.7/site-packages/airflow/example_dags/example_trigger_controller_dag.py took 0.050 seconds
[2024-10-30T16:24:55.136+0000] {processor.py:153} INFO - Started process (PID=1686) to work on /home/airflow/.local/lib/python3.7/site-packages/airflow/example_dags/example_trigger_controller_dag.py
[2024-10-30T16:24:55.137+0000] {processor.py:640} INFO - Processing file /home/airflow/.local/lib/python3.7/site-packages/airflow/example_dags/example_trigger_controller_dag.py for tasks to queue
[2024-10-30T16:24:55.137+0000] {logging_mixin.py:115} INFO - [2024-10-30T16:24:55.137+0000] {dagbag.py:508} INFO - Filling up the DagBag from /home/airflow/.local/lib/python3.7/site-packages/airflow/example_dags/example_trigger_controller_dag.py
[2024-10-30T16:24:55.139+0000] {processor.py:650} INFO - DAG(s) dict_keys(['example_trigger_controller_dag']) retrieved from /home/airflow/.local/lib/python3.7/site-packages/airflow/example_dags/example_trigger_controller_dag.py
[2024-10-30T16:24:55.163+0000] {logging_mixin.py:115} INFO - [2024-10-30T16:24:55.162+0000] {dag.py:2429} INFO - Sync 1 DAGs
[2024-10-30T16:24:55.182+0000] {logging_mixin.py:115} INFO - [2024-10-30T16:24:55.182+0000] {dag.py:2981} INFO - Setting next_dagrun for example_trigger_controller_dag to 2021-01-01T00:00:00+00:00, run_after=2021-01-01T00:00:00+00:00
[2024-10-30T16:24:55.193+0000] {processor.py:161} INFO - Processing /home/airflow/.local/lib/python3.7/site-packages/airflow/example_dags/example_trigger_controller_dag.py took 0.060 seconds
[2024-10-30T16:25:25.824+0000] {processor.py:153} INFO - Started process (PID=1748) to work on /home/airflow/.local/lib/python3.7/site-packages/airflow/example_dags/example_trigger_controller_dag.py
[2024-10-30T16:25:25.824+0000] {processor.py:640} INFO - Processing file /home/airflow/.local/lib/python3.7/site-packages/airflow/example_dags/example_trigger_controller_dag.py for tasks to queue
[2024-10-30T16:25:25.825+0000] {logging_mixin.py:115} INFO - [2024-10-30T16:25:25.825+0000] {dagbag.py:508} INFO - Filling up the DagBag from /home/airflow/.local/lib/python3.7/site-packages/airflow/example_dags/example_trigger_controller_dag.py
[2024-10-30T16:25:25.827+0000] {processor.py:650} INFO - DAG(s) dict_keys(['example_trigger_controller_dag']) retrieved from /home/airflow/.local/lib/python3.7/site-packages/airflow/example_dags/example_trigger_controller_dag.py
[2024-10-30T16:25:25.845+0000] {logging_mixin.py:115} INFO - [2024-10-30T16:25:25.845+0000] {dag.py:2429} INFO - Sync 1 DAGs
[2024-10-30T16:25:25.861+0000] {logging_mixin.py:115} INFO - [2024-10-30T16:25:25.861+0000] {dag.py:2981} INFO - Setting next_dagrun for example_trigger_controller_dag to 2021-01-01T00:00:00+00:00, run_after=2021-01-01T00:00:00+00:00
[2024-10-30T16:25:25.870+0000] {processor.py:161} INFO - Processing /home/airflow/.local/lib/python3.7/site-packages/airflow/example_dags/example_trigger_controller_dag.py took 0.048 seconds
[2024-10-30T16:25:56.766+0000] {processor.py:153} INFO - Started process (PID=1811) to work on /home/airflow/.local/lib/python3.7/site-packages/airflow/example_dags/example_trigger_controller_dag.py
[2024-10-30T16:25:56.767+0000] {processor.py:640} INFO - Processing file /home/airflow/.local/lib/python3.7/site-packages/airflow/example_dags/example_trigger_controller_dag.py for tasks to queue
[2024-10-30T16:25:56.768+0000] {logging_mixin.py:115} INFO - [2024-10-30T16:25:56.767+0000] {dagbag.py:508} INFO - Filling up the DagBag from /home/airflow/.local/lib/python3.7/site-packages/airflow/example_dags/example_trigger_controller_dag.py
[2024-10-30T16:25:56.770+0000] {processor.py:650} INFO - DAG(s) dict_keys(['example_trigger_controller_dag']) retrieved from /home/airflow/.local/lib/python3.7/site-packages/airflow/example_dags/example_trigger_controller_dag.py
[2024-10-30T16:25:56.796+0000] {logging_mixin.py:115} INFO - [2024-10-30T16:25:56.796+0000] {dag.py:2429} INFO - Sync 1 DAGs
[2024-10-30T16:25:56.817+0000] {logging_mixin.py:115} INFO - [2024-10-30T16:25:56.817+0000] {dag.py:2981} INFO - Setting next_dagrun for example_trigger_controller_dag to 2021-01-01T00:00:00+00:00, run_after=2021-01-01T00:00:00+00:00
[2024-10-30T16:25:56.827+0000] {processor.py:161} INFO - Processing /home/airflow/.local/lib/python3.7/site-packages/airflow/example_dags/example_trigger_controller_dag.py took 0.064 seconds
[2024-10-30T16:26:27.424+0000] {processor.py:153} INFO - Started process (PID=1866) to work on /home/airflow/.local/lib/python3.7/site-packages/airflow/example_dags/example_trigger_controller_dag.py
[2024-10-30T16:26:27.425+0000] {processor.py:640} INFO - Processing file /home/airflow/.local/lib/python3.7/site-packages/airflow/example_dags/example_trigger_controller_dag.py for tasks to queue
[2024-10-30T16:26:27.425+0000] {logging_mixin.py:115} INFO - [2024-10-30T16:26:27.425+0000] {dagbag.py:508} INFO - Filling up the DagBag from /home/airflow/.local/lib/python3.7/site-packages/airflow/example_dags/example_trigger_controller_dag.py
[2024-10-30T16:26:27.428+0000] {processor.py:650} INFO - DAG(s) dict_keys(['example_trigger_controller_dag']) retrieved from /home/airflow/.local/lib/python3.7/site-packages/airflow/example_dags/example_trigger_controller_dag.py
[2024-10-30T16:26:27.451+0000] {logging_mixin.py:115} INFO - [2024-10-30T16:26:27.451+0000] {dag.py:2429} INFO - Sync 1 DAGs
[2024-10-30T16:26:27.473+0000] {logging_mixin.py:115} INFO - [2024-10-30T16:26:27.473+0000] {dag.py:2981} INFO - Setting next_dagrun for example_trigger_controller_dag to 2021-01-01T00:00:00+00:00, run_after=2021-01-01T00:00:00+00:00
[2024-10-30T16:26:27.484+0000] {processor.py:161} INFO - Processing /home/airflow/.local/lib/python3.7/site-packages/airflow/example_dags/example_trigger_controller_dag.py took 0.061 seconds
[2024-10-30T16:26:58.086+0000] {processor.py:153} INFO - Started process (PID=1930) to work on /home/airflow/.local/lib/python3.7/site-packages/airflow/example_dags/example_trigger_controller_dag.py
[2024-10-30T16:26:58.087+0000] {processor.py:640} INFO - Processing file /home/airflow/.local/lib/python3.7/site-packages/airflow/example_dags/example_trigger_controller_dag.py for tasks to queue
[2024-10-30T16:26:58.087+0000] {logging_mixin.py:115} INFO - [2024-10-30T16:26:58.087+0000] {dagbag.py:508} INFO - Filling up the DagBag from /home/airflow/.local/lib/python3.7/site-packages/airflow/example_dags/example_trigger_controller_dag.py
[2024-10-30T16:26:58.089+0000] {processor.py:650} INFO - DAG(s) dict_keys(['example_trigger_controller_dag']) retrieved from /home/airflow/.local/lib/python3.7/site-packages/airflow/example_dags/example_trigger_controller_dag.py
[2024-10-30T16:26:58.106+0000] {logging_mixin.py:115} INFO - [2024-10-30T16:26:58.106+0000] {dag.py:2429} INFO - Sync 1 DAGs
[2024-10-30T16:26:58.122+0000] {logging_mixin.py:115} INFO - [2024-10-30T16:26:58.122+0000] {dag.py:2981} INFO - Setting next_dagrun for example_trigger_controller_dag to 2021-01-01T00:00:00+00:00, run_after=2021-01-01T00:00:00+00:00
[2024-10-30T16:26:58.130+0000] {processor.py:161} INFO - Processing /home/airflow/.local/lib/python3.7/site-packages/airflow/example_dags/example_trigger_controller_dag.py took 0.046 seconds
