[2024-10-30T16:11:05.656+0000] {processor.py:153} INFO - Started process (PID=62) to work on /home/airflow/.local/lib/python3.7/site-packages/airflow/example_dags/example_local_kubernetes_executor.py
[2024-10-30T16:11:05.657+0000] {processor.py:640} INFO - Processing file /home/airflow/.local/lib/python3.7/site-packages/airflow/example_dags/example_local_kubernetes_executor.py for tasks to queue
[2024-10-30T16:11:05.658+0000] {logging_mixin.py:115} INFO - [2024-10-30T16:11:05.658+0000] {dagbag.py:508} INFO - Filling up the DagBag from /home/airflow/.local/lib/python3.7/site-packages/airflow/example_dags/example_local_kubernetes_executor.py
[2024-10-30T16:11:05.674+0000] {processor.py:650} INFO - DAG(s) dict_keys(['example_local_kubernetes_executor']) retrieved from /home/airflow/.local/lib/python3.7/site-packages/airflow/example_dags/example_local_kubernetes_executor.py
[2024-10-30T16:11:05.757+0000] {logging_mixin.py:115} INFO - [2024-10-30T16:11:05.756+0000] {manager.py:508} INFO - Created Permission View: can delete on DAG:example_local_kubernetes_executor
[2024-10-30T16:11:05.765+0000] {logging_mixin.py:115} INFO - [2024-10-30T16:11:05.765+0000] {manager.py:508} INFO - Created Permission View: can read on DAG:example_local_kubernetes_executor
[2024-10-30T16:11:05.775+0000] {logging_mixin.py:115} INFO - [2024-10-30T16:11:05.775+0000] {manager.py:508} INFO - Created Permission View: can edit on DAG:example_local_kubernetes_executor
[2024-10-30T16:11:05.776+0000] {logging_mixin.py:115} INFO - [2024-10-30T16:11:05.776+0000] {dag.py:2429} INFO - Sync 1 DAGs
[2024-10-30T16:11:05.786+0000] {logging_mixin.py:115} INFO - [2024-10-30T16:11:05.786+0000] {dag.py:2448} INFO - Creating ORM DAG for example_local_kubernetes_executor
[2024-10-30T16:11:05.799+0000] {logging_mixin.py:115} INFO - [2024-10-30T16:11:05.799+0000] {dag.py:2981} INFO - Setting next_dagrun for example_local_kubernetes_executor to None, run_after=None
[2024-10-30T16:11:05.815+0000] {processor.py:161} INFO - Processing /home/airflow/.local/lib/python3.7/site-packages/airflow/example_dags/example_local_kubernetes_executor.py took 0.160 seconds
[2024-10-30T16:11:36.454+0000] {processor.py:153} INFO - Started process (PID=124) to work on /home/airflow/.local/lib/python3.7/site-packages/airflow/example_dags/example_local_kubernetes_executor.py
[2024-10-30T16:11:36.454+0000] {processor.py:640} INFO - Processing file /home/airflow/.local/lib/python3.7/site-packages/airflow/example_dags/example_local_kubernetes_executor.py for tasks to queue
[2024-10-30T16:11:36.455+0000] {logging_mixin.py:115} INFO - [2024-10-30T16:11:36.455+0000] {dagbag.py:508} INFO - Filling up the DagBag from /home/airflow/.local/lib/python3.7/site-packages/airflow/example_dags/example_local_kubernetes_executor.py
[2024-10-30T16:11:36.468+0000] {processor.py:650} INFO - DAG(s) dict_keys(['example_local_kubernetes_executor']) retrieved from /home/airflow/.local/lib/python3.7/site-packages/airflow/example_dags/example_local_kubernetes_executor.py
[2024-10-30T16:11:36.483+0000] {logging_mixin.py:115} INFO - [2024-10-30T16:11:36.483+0000] {dag.py:2429} INFO - Sync 1 DAGs
[2024-10-30T16:11:36.497+0000] {logging_mixin.py:115} INFO - [2024-10-30T16:11:36.497+0000] {dag.py:2981} INFO - Setting next_dagrun for example_local_kubernetes_executor to None, run_after=None
[2024-10-30T16:11:36.505+0000] {processor.py:161} INFO - Processing /home/airflow/.local/lib/python3.7/site-packages/airflow/example_dags/example_local_kubernetes_executor.py took 0.054 seconds
[2024-10-30T16:12:06.963+0000] {processor.py:153} INFO - Started process (PID=184) to work on /home/airflow/.local/lib/python3.7/site-packages/airflow/example_dags/example_local_kubernetes_executor.py
[2024-10-30T16:12:06.964+0000] {processor.py:640} INFO - Processing file /home/airflow/.local/lib/python3.7/site-packages/airflow/example_dags/example_local_kubernetes_executor.py for tasks to queue
[2024-10-30T16:12:06.964+0000] {logging_mixin.py:115} INFO - [2024-10-30T16:12:06.964+0000] {dagbag.py:508} INFO - Filling up the DagBag from /home/airflow/.local/lib/python3.7/site-packages/airflow/example_dags/example_local_kubernetes_executor.py
[2024-10-30T16:12:06.976+0000] {processor.py:650} INFO - DAG(s) dict_keys(['example_local_kubernetes_executor']) retrieved from /home/airflow/.local/lib/python3.7/site-packages/airflow/example_dags/example_local_kubernetes_executor.py
[2024-10-30T16:12:06.994+0000] {logging_mixin.py:115} INFO - [2024-10-30T16:12:06.994+0000] {dag.py:2429} INFO - Sync 1 DAGs
[2024-10-30T16:12:07.011+0000] {logging_mixin.py:115} INFO - [2024-10-30T16:12:07.011+0000] {dag.py:2981} INFO - Setting next_dagrun for example_local_kubernetes_executor to None, run_after=None
[2024-10-30T16:12:07.018+0000] {processor.py:161} INFO - Processing /home/airflow/.local/lib/python3.7/site-packages/airflow/example_dags/example_local_kubernetes_executor.py took 0.057 seconds
[2024-10-30T16:12:37.621+0000] {processor.py:153} INFO - Started process (PID=240) to work on /home/airflow/.local/lib/python3.7/site-packages/airflow/example_dags/example_local_kubernetes_executor.py
[2024-10-30T16:12:37.622+0000] {processor.py:640} INFO - Processing file /home/airflow/.local/lib/python3.7/site-packages/airflow/example_dags/example_local_kubernetes_executor.py for tasks to queue
[2024-10-30T16:12:37.622+0000] {logging_mixin.py:115} INFO - [2024-10-30T16:12:37.622+0000] {dagbag.py:508} INFO - Filling up the DagBag from /home/airflow/.local/lib/python3.7/site-packages/airflow/example_dags/example_local_kubernetes_executor.py
[2024-10-30T16:12:37.633+0000] {processor.py:650} INFO - DAG(s) dict_keys(['example_local_kubernetes_executor']) retrieved from /home/airflow/.local/lib/python3.7/site-packages/airflow/example_dags/example_local_kubernetes_executor.py
[2024-10-30T16:12:37.648+0000] {logging_mixin.py:115} INFO - [2024-10-30T16:12:37.648+0000] {dag.py:2429} INFO - Sync 1 DAGs
[2024-10-30T16:12:37.663+0000] {logging_mixin.py:115} INFO - [2024-10-30T16:12:37.663+0000] {dag.py:2981} INFO - Setting next_dagrun for example_local_kubernetes_executor to None, run_after=None
[2024-10-30T16:12:37.672+0000] {processor.py:161} INFO - Processing /home/airflow/.local/lib/python3.7/site-packages/airflow/example_dags/example_local_kubernetes_executor.py took 0.052 seconds
[2024-10-30T16:13:08.062+0000] {processor.py:153} INFO - Started process (PID=302) to work on /home/airflow/.local/lib/python3.7/site-packages/airflow/example_dags/example_local_kubernetes_executor.py
[2024-10-30T16:13:08.062+0000] {processor.py:640} INFO - Processing file /home/airflow/.local/lib/python3.7/site-packages/airflow/example_dags/example_local_kubernetes_executor.py for tasks to queue
[2024-10-30T16:13:08.063+0000] {logging_mixin.py:115} INFO - [2024-10-30T16:13:08.062+0000] {dagbag.py:508} INFO - Filling up the DagBag from /home/airflow/.local/lib/python3.7/site-packages/airflow/example_dags/example_local_kubernetes_executor.py
[2024-10-30T16:13:08.076+0000] {processor.py:650} INFO - DAG(s) dict_keys(['example_local_kubernetes_executor']) retrieved from /home/airflow/.local/lib/python3.7/site-packages/airflow/example_dags/example_local_kubernetes_executor.py
[2024-10-30T16:13:08.092+0000] {logging_mixin.py:115} INFO - [2024-10-30T16:13:08.091+0000] {dag.py:2429} INFO - Sync 1 DAGs
[2024-10-30T16:13:08.106+0000] {logging_mixin.py:115} INFO - [2024-10-30T16:13:08.106+0000] {dag.py:2981} INFO - Setting next_dagrun for example_local_kubernetes_executor to None, run_after=None
[2024-10-30T16:13:08.115+0000] {processor.py:161} INFO - Processing /home/airflow/.local/lib/python3.7/site-packages/airflow/example_dags/example_local_kubernetes_executor.py took 0.055 seconds
[2024-10-30T16:13:38.783+0000] {processor.py:153} INFO - Started process (PID=365) to work on /home/airflow/.local/lib/python3.7/site-packages/airflow/example_dags/example_local_kubernetes_executor.py
[2024-10-30T16:13:38.784+0000] {processor.py:640} INFO - Processing file /home/airflow/.local/lib/python3.7/site-packages/airflow/example_dags/example_local_kubernetes_executor.py for tasks to queue
[2024-10-30T16:13:38.784+0000] {logging_mixin.py:115} INFO - [2024-10-30T16:13:38.784+0000] {dagbag.py:508} INFO - Filling up the DagBag from /home/airflow/.local/lib/python3.7/site-packages/airflow/example_dags/example_local_kubernetes_executor.py
[2024-10-30T16:13:38.796+0000] {processor.py:650} INFO - DAG(s) dict_keys(['example_local_kubernetes_executor']) retrieved from /home/airflow/.local/lib/python3.7/site-packages/airflow/example_dags/example_local_kubernetes_executor.py
[2024-10-30T16:13:38.814+0000] {logging_mixin.py:115} INFO - [2024-10-30T16:13:38.814+0000] {dag.py:2429} INFO - Sync 1 DAGs
[2024-10-30T16:13:38.832+0000] {logging_mixin.py:115} INFO - [2024-10-30T16:13:38.831+0000] {dag.py:2981} INFO - Setting next_dagrun for example_local_kubernetes_executor to None, run_after=None
[2024-10-30T16:13:38.840+0000] {processor.py:161} INFO - Processing /home/airflow/.local/lib/python3.7/site-packages/airflow/example_dags/example_local_kubernetes_executor.py took 0.060 seconds
[2024-10-30T16:14:09.632+0000] {processor.py:153} INFO - Started process (PID=425) to work on /home/airflow/.local/lib/python3.7/site-packages/airflow/example_dags/example_local_kubernetes_executor.py
[2024-10-30T16:14:09.632+0000] {processor.py:640} INFO - Processing file /home/airflow/.local/lib/python3.7/site-packages/airflow/example_dags/example_local_kubernetes_executor.py for tasks to queue
[2024-10-30T16:14:09.633+0000] {logging_mixin.py:115} INFO - [2024-10-30T16:14:09.633+0000] {dagbag.py:508} INFO - Filling up the DagBag from /home/airflow/.local/lib/python3.7/site-packages/airflow/example_dags/example_local_kubernetes_executor.py
[2024-10-30T16:14:09.647+0000] {processor.py:650} INFO - DAG(s) dict_keys(['example_local_kubernetes_executor']) retrieved from /home/airflow/.local/lib/python3.7/site-packages/airflow/example_dags/example_local_kubernetes_executor.py
[2024-10-30T16:14:09.666+0000] {logging_mixin.py:115} INFO - [2024-10-30T16:14:09.666+0000] {dag.py:2429} INFO - Sync 1 DAGs
[2024-10-30T16:14:09.685+0000] {logging_mixin.py:115} INFO - [2024-10-30T16:14:09.685+0000] {dag.py:2981} INFO - Setting next_dagrun for example_local_kubernetes_executor to None, run_after=None
[2024-10-30T16:14:09.697+0000] {processor.py:161} INFO - Processing /home/airflow/.local/lib/python3.7/site-packages/airflow/example_dags/example_local_kubernetes_executor.py took 0.068 seconds
[2024-10-30T16:14:40.514+0000] {processor.py:153} INFO - Started process (PID=480) to work on /home/airflow/.local/lib/python3.7/site-packages/airflow/example_dags/example_local_kubernetes_executor.py
[2024-10-30T16:14:40.514+0000] {processor.py:640} INFO - Processing file /home/airflow/.local/lib/python3.7/site-packages/airflow/example_dags/example_local_kubernetes_executor.py for tasks to queue
[2024-10-30T16:14:40.515+0000] {logging_mixin.py:115} INFO - [2024-10-30T16:14:40.515+0000] {dagbag.py:508} INFO - Filling up the DagBag from /home/airflow/.local/lib/python3.7/site-packages/airflow/example_dags/example_local_kubernetes_executor.py
[2024-10-30T16:14:40.529+0000] {processor.py:650} INFO - DAG(s) dict_keys(['example_local_kubernetes_executor']) retrieved from /home/airflow/.local/lib/python3.7/site-packages/airflow/example_dags/example_local_kubernetes_executor.py
[2024-10-30T16:14:40.544+0000] {logging_mixin.py:115} INFO - [2024-10-30T16:14:40.544+0000] {dag.py:2429} INFO - Sync 1 DAGs
[2024-10-30T16:14:40.559+0000] {logging_mixin.py:115} INFO - [2024-10-30T16:14:40.559+0000] {dag.py:2981} INFO - Setting next_dagrun for example_local_kubernetes_executor to None, run_after=None
[2024-10-30T16:14:40.566+0000] {processor.py:161} INFO - Processing /home/airflow/.local/lib/python3.7/site-packages/airflow/example_dags/example_local_kubernetes_executor.py took 0.055 seconds
[2024-10-30T16:15:11.050+0000] {processor.py:153} INFO - Started process (PID=542) to work on /home/airflow/.local/lib/python3.7/site-packages/airflow/example_dags/example_local_kubernetes_executor.py
[2024-10-30T16:15:11.051+0000] {processor.py:640} INFO - Processing file /home/airflow/.local/lib/python3.7/site-packages/airflow/example_dags/example_local_kubernetes_executor.py for tasks to queue
[2024-10-30T16:15:11.051+0000] {logging_mixin.py:115} INFO - [2024-10-30T16:15:11.051+0000] {dagbag.py:508} INFO - Filling up the DagBag from /home/airflow/.local/lib/python3.7/site-packages/airflow/example_dags/example_local_kubernetes_executor.py
[2024-10-30T16:15:11.064+0000] {processor.py:650} INFO - DAG(s) dict_keys(['example_local_kubernetes_executor']) retrieved from /home/airflow/.local/lib/python3.7/site-packages/airflow/example_dags/example_local_kubernetes_executor.py
[2024-10-30T16:15:11.079+0000] {logging_mixin.py:115} INFO - [2024-10-30T16:15:11.079+0000] {dag.py:2429} INFO - Sync 1 DAGs
[2024-10-30T16:15:11.096+0000] {logging_mixin.py:115} INFO - [2024-10-30T16:15:11.096+0000] {dag.py:2981} INFO - Setting next_dagrun for example_local_kubernetes_executor to None, run_after=None
[2024-10-30T16:15:11.104+0000] {processor.py:161} INFO - Processing /home/airflow/.local/lib/python3.7/site-packages/airflow/example_dags/example_local_kubernetes_executor.py took 0.057 seconds
[2024-10-30T16:15:41.821+0000] {processor.py:153} INFO - Started process (PID=604) to work on /home/airflow/.local/lib/python3.7/site-packages/airflow/example_dags/example_local_kubernetes_executor.py
[2024-10-30T16:15:41.822+0000] {processor.py:640} INFO - Processing file /home/airflow/.local/lib/python3.7/site-packages/airflow/example_dags/example_local_kubernetes_executor.py for tasks to queue
[2024-10-30T16:15:41.823+0000] {logging_mixin.py:115} INFO - [2024-10-30T16:15:41.822+0000] {dagbag.py:508} INFO - Filling up the DagBag from /home/airflow/.local/lib/python3.7/site-packages/airflow/example_dags/example_local_kubernetes_executor.py
[2024-10-30T16:15:41.837+0000] {processor.py:650} INFO - DAG(s) dict_keys(['example_local_kubernetes_executor']) retrieved from /home/airflow/.local/lib/python3.7/site-packages/airflow/example_dags/example_local_kubernetes_executor.py
[2024-10-30T16:15:41.852+0000] {logging_mixin.py:115} INFO - [2024-10-30T16:15:41.852+0000] {dag.py:2429} INFO - Sync 1 DAGs
[2024-10-30T16:15:41.867+0000] {logging_mixin.py:115} INFO - [2024-10-30T16:15:41.866+0000] {dag.py:2981} INFO - Setting next_dagrun for example_local_kubernetes_executor to None, run_after=None
[2024-10-30T16:15:41.876+0000] {processor.py:161} INFO - Processing /home/airflow/.local/lib/python3.7/site-packages/airflow/example_dags/example_local_kubernetes_executor.py took 0.056 seconds
[2024-10-30T16:16:12.663+0000] {processor.py:153} INFO - Started process (PID=657) to work on /home/airflow/.local/lib/python3.7/site-packages/airflow/example_dags/example_local_kubernetes_executor.py
[2024-10-30T16:16:12.664+0000] {processor.py:640} INFO - Processing file /home/airflow/.local/lib/python3.7/site-packages/airflow/example_dags/example_local_kubernetes_executor.py for tasks to queue
[2024-10-30T16:16:12.665+0000] {logging_mixin.py:115} INFO - [2024-10-30T16:16:12.664+0000] {dagbag.py:508} INFO - Filling up the DagBag from /home/airflow/.local/lib/python3.7/site-packages/airflow/example_dags/example_local_kubernetes_executor.py
[2024-10-30T16:16:12.676+0000] {processor.py:650} INFO - DAG(s) dict_keys(['example_local_kubernetes_executor']) retrieved from /home/airflow/.local/lib/python3.7/site-packages/airflow/example_dags/example_local_kubernetes_executor.py
[2024-10-30T16:16:12.690+0000] {logging_mixin.py:115} INFO - [2024-10-30T16:16:12.690+0000] {dag.py:2429} INFO - Sync 1 DAGs
[2024-10-30T16:16:12.704+0000] {logging_mixin.py:115} INFO - [2024-10-30T16:16:12.704+0000] {dag.py:2981} INFO - Setting next_dagrun for example_local_kubernetes_executor to None, run_after=None
[2024-10-30T16:16:12.711+0000] {processor.py:161} INFO - Processing /home/airflow/.local/lib/python3.7/site-packages/airflow/example_dags/example_local_kubernetes_executor.py took 0.049 seconds
[2024-10-30T16:16:43.314+0000] {processor.py:153} INFO - Started process (PID=719) to work on /home/airflow/.local/lib/python3.7/site-packages/airflow/example_dags/example_local_kubernetes_executor.py
[2024-10-30T16:16:43.314+0000] {processor.py:640} INFO - Processing file /home/airflow/.local/lib/python3.7/site-packages/airflow/example_dags/example_local_kubernetes_executor.py for tasks to queue
[2024-10-30T16:16:43.315+0000] {logging_mixin.py:115} INFO - [2024-10-30T16:16:43.315+0000] {dagbag.py:508} INFO - Filling up the DagBag from /home/airflow/.local/lib/python3.7/site-packages/airflow/example_dags/example_local_kubernetes_executor.py
[2024-10-30T16:16:43.326+0000] {processor.py:650} INFO - DAG(s) dict_keys(['example_local_kubernetes_executor']) retrieved from /home/airflow/.local/lib/python3.7/site-packages/airflow/example_dags/example_local_kubernetes_executor.py
[2024-10-30T16:16:43.342+0000] {logging_mixin.py:115} INFO - [2024-10-30T16:16:43.342+0000] {dag.py:2429} INFO - Sync 1 DAGs
[2024-10-30T16:16:43.357+0000] {logging_mixin.py:115} INFO - [2024-10-30T16:16:43.357+0000] {dag.py:2981} INFO - Setting next_dagrun for example_local_kubernetes_executor to None, run_after=None
[2024-10-30T16:16:43.365+0000] {processor.py:161} INFO - Processing /home/airflow/.local/lib/python3.7/site-packages/airflow/example_dags/example_local_kubernetes_executor.py took 0.053 seconds
[2024-10-30T16:17:14.161+0000] {processor.py:153} INFO - Started process (PID=781) to work on /home/airflow/.local/lib/python3.7/site-packages/airflow/example_dags/example_local_kubernetes_executor.py
[2024-10-30T16:17:14.162+0000] {processor.py:640} INFO - Processing file /home/airflow/.local/lib/python3.7/site-packages/airflow/example_dags/example_local_kubernetes_executor.py for tasks to queue
[2024-10-30T16:17:14.162+0000] {logging_mixin.py:115} INFO - [2024-10-30T16:17:14.162+0000] {dagbag.py:508} INFO - Filling up the DagBag from /home/airflow/.local/lib/python3.7/site-packages/airflow/example_dags/example_local_kubernetes_executor.py
[2024-10-30T16:17:14.176+0000] {processor.py:650} INFO - DAG(s) dict_keys(['example_local_kubernetes_executor']) retrieved from /home/airflow/.local/lib/python3.7/site-packages/airflow/example_dags/example_local_kubernetes_executor.py
[2024-10-30T16:17:14.195+0000] {logging_mixin.py:115} INFO - [2024-10-30T16:17:14.195+0000] {dag.py:2429} INFO - Sync 1 DAGs
[2024-10-30T16:17:14.213+0000] {logging_mixin.py:115} INFO - [2024-10-30T16:17:14.213+0000] {dag.py:2981} INFO - Setting next_dagrun for example_local_kubernetes_executor to None, run_after=None
[2024-10-30T16:17:14.225+0000] {processor.py:161} INFO - Processing /home/airflow/.local/lib/python3.7/site-packages/airflow/example_dags/example_local_kubernetes_executor.py took 0.066 seconds
[2024-10-30T16:17:44.793+0000] {processor.py:153} INFO - Started process (PID=843) to work on /home/airflow/.local/lib/python3.7/site-packages/airflow/example_dags/example_local_kubernetes_executor.py
[2024-10-30T16:17:44.793+0000] {processor.py:640} INFO - Processing file /home/airflow/.local/lib/python3.7/site-packages/airflow/example_dags/example_local_kubernetes_executor.py for tasks to queue
[2024-10-30T16:17:44.794+0000] {logging_mixin.py:115} INFO - [2024-10-30T16:17:44.794+0000] {dagbag.py:508} INFO - Filling up the DagBag from /home/airflow/.local/lib/python3.7/site-packages/airflow/example_dags/example_local_kubernetes_executor.py
[2024-10-30T16:17:44.806+0000] {processor.py:650} INFO - DAG(s) dict_keys(['example_local_kubernetes_executor']) retrieved from /home/airflow/.local/lib/python3.7/site-packages/airflow/example_dags/example_local_kubernetes_executor.py
[2024-10-30T16:17:44.826+0000] {logging_mixin.py:115} INFO - [2024-10-30T16:17:44.826+0000] {dag.py:2429} INFO - Sync 1 DAGs
[2024-10-30T16:17:44.842+0000] {logging_mixin.py:115} INFO - [2024-10-30T16:17:44.842+0000] {dag.py:2981} INFO - Setting next_dagrun for example_local_kubernetes_executor to None, run_after=None
[2024-10-30T16:17:44.851+0000] {processor.py:161} INFO - Processing /home/airflow/.local/lib/python3.7/site-packages/airflow/example_dags/example_local_kubernetes_executor.py took 0.060 seconds
[2024-10-30T16:18:15.322+0000] {processor.py:153} INFO - Started process (PID=896) to work on /home/airflow/.local/lib/python3.7/site-packages/airflow/example_dags/example_local_kubernetes_executor.py
[2024-10-30T16:18:15.322+0000] {processor.py:640} INFO - Processing file /home/airflow/.local/lib/python3.7/site-packages/airflow/example_dags/example_local_kubernetes_executor.py for tasks to queue
[2024-10-30T16:18:15.323+0000] {logging_mixin.py:115} INFO - [2024-10-30T16:18:15.323+0000] {dagbag.py:508} INFO - Filling up the DagBag from /home/airflow/.local/lib/python3.7/site-packages/airflow/example_dags/example_local_kubernetes_executor.py
[2024-10-30T16:18:15.333+0000] {processor.py:650} INFO - DAG(s) dict_keys(['example_local_kubernetes_executor']) retrieved from /home/airflow/.local/lib/python3.7/site-packages/airflow/example_dags/example_local_kubernetes_executor.py
[2024-10-30T16:18:15.349+0000] {logging_mixin.py:115} INFO - [2024-10-30T16:18:15.348+0000] {dag.py:2429} INFO - Sync 1 DAGs
[2024-10-30T16:18:15.368+0000] {logging_mixin.py:115} INFO - [2024-10-30T16:18:15.368+0000] {dag.py:2981} INFO - Setting next_dagrun for example_local_kubernetes_executor to None, run_after=None
[2024-10-30T16:18:15.379+0000] {processor.py:161} INFO - Processing /home/airflow/.local/lib/python3.7/site-packages/airflow/example_dags/example_local_kubernetes_executor.py took 0.059 seconds
[2024-10-30T16:18:45.818+0000] {processor.py:153} INFO - Started process (PID=958) to work on /home/airflow/.local/lib/python3.7/site-packages/airflow/example_dags/example_local_kubernetes_executor.py
[2024-10-30T16:18:45.818+0000] {processor.py:640} INFO - Processing file /home/airflow/.local/lib/python3.7/site-packages/airflow/example_dags/example_local_kubernetes_executor.py for tasks to queue
[2024-10-30T16:18:45.819+0000] {logging_mixin.py:115} INFO - [2024-10-30T16:18:45.819+0000] {dagbag.py:508} INFO - Filling up the DagBag from /home/airflow/.local/lib/python3.7/site-packages/airflow/example_dags/example_local_kubernetes_executor.py
[2024-10-30T16:18:45.830+0000] {processor.py:650} INFO - DAG(s) dict_keys(['example_local_kubernetes_executor']) retrieved from /home/airflow/.local/lib/python3.7/site-packages/airflow/example_dags/example_local_kubernetes_executor.py
[2024-10-30T16:18:45.848+0000] {logging_mixin.py:115} INFO - [2024-10-30T16:18:45.848+0000] {dag.py:2429} INFO - Sync 1 DAGs
[2024-10-30T16:18:45.862+0000] {logging_mixin.py:115} INFO - [2024-10-30T16:18:45.862+0000] {dag.py:2981} INFO - Setting next_dagrun for example_local_kubernetes_executor to None, run_after=None
[2024-10-30T16:18:45.871+0000] {processor.py:161} INFO - Processing /home/airflow/.local/lib/python3.7/site-packages/airflow/example_dags/example_local_kubernetes_executor.py took 0.056 seconds
[2024-10-30T16:19:16.468+0000] {processor.py:153} INFO - Started process (PID=1020) to work on /home/airflow/.local/lib/python3.7/site-packages/airflow/example_dags/example_local_kubernetes_executor.py
[2024-10-30T16:19:16.469+0000] {processor.py:640} INFO - Processing file /home/airflow/.local/lib/python3.7/site-packages/airflow/example_dags/example_local_kubernetes_executor.py for tasks to queue
[2024-10-30T16:19:16.470+0000] {logging_mixin.py:115} INFO - [2024-10-30T16:19:16.469+0000] {dagbag.py:508} INFO - Filling up the DagBag from /home/airflow/.local/lib/python3.7/site-packages/airflow/example_dags/example_local_kubernetes_executor.py
[2024-10-30T16:19:16.483+0000] {processor.py:650} INFO - DAG(s) dict_keys(['example_local_kubernetes_executor']) retrieved from /home/airflow/.local/lib/python3.7/site-packages/airflow/example_dags/example_local_kubernetes_executor.py
[2024-10-30T16:19:16.499+0000] {logging_mixin.py:115} INFO - [2024-10-30T16:19:16.498+0000] {dag.py:2429} INFO - Sync 1 DAGs
[2024-10-30T16:19:16.513+0000] {logging_mixin.py:115} INFO - [2024-10-30T16:19:16.513+0000] {dag.py:2981} INFO - Setting next_dagrun for example_local_kubernetes_executor to None, run_after=None
[2024-10-30T16:19:16.521+0000] {processor.py:161} INFO - Processing /home/airflow/.local/lib/python3.7/site-packages/airflow/example_dags/example_local_kubernetes_executor.py took 0.056 seconds
[2024-10-30T16:19:47.131+0000] {processor.py:153} INFO - Started process (PID=1082) to work on /home/airflow/.local/lib/python3.7/site-packages/airflow/example_dags/example_local_kubernetes_executor.py
[2024-10-30T16:19:47.131+0000] {processor.py:640} INFO - Processing file /home/airflow/.local/lib/python3.7/site-packages/airflow/example_dags/example_local_kubernetes_executor.py for tasks to queue
[2024-10-30T16:19:47.132+0000] {logging_mixin.py:115} INFO - [2024-10-30T16:19:47.132+0000] {dagbag.py:508} INFO - Filling up the DagBag from /home/airflow/.local/lib/python3.7/site-packages/airflow/example_dags/example_local_kubernetes_executor.py
[2024-10-30T16:19:47.142+0000] {processor.py:650} INFO - DAG(s) dict_keys(['example_local_kubernetes_executor']) retrieved from /home/airflow/.local/lib/python3.7/site-packages/airflow/example_dags/example_local_kubernetes_executor.py
[2024-10-30T16:19:47.159+0000] {logging_mixin.py:115} INFO - [2024-10-30T16:19:47.158+0000] {dag.py:2429} INFO - Sync 1 DAGs
[2024-10-30T16:19:47.173+0000] {logging_mixin.py:115} INFO - [2024-10-30T16:19:47.173+0000] {dag.py:2981} INFO - Setting next_dagrun for example_local_kubernetes_executor to None, run_after=None
[2024-10-30T16:19:47.183+0000] {processor.py:161} INFO - Processing /home/airflow/.local/lib/python3.7/site-packages/airflow/example_dags/example_local_kubernetes_executor.py took 0.054 seconds
[2024-10-30T16:20:17.668+0000] {processor.py:153} INFO - Started process (PID=1135) to work on /home/airflow/.local/lib/python3.7/site-packages/airflow/example_dags/example_local_kubernetes_executor.py
[2024-10-30T16:20:17.669+0000] {processor.py:640} INFO - Processing file /home/airflow/.local/lib/python3.7/site-packages/airflow/example_dags/example_local_kubernetes_executor.py for tasks to queue
[2024-10-30T16:20:17.670+0000] {logging_mixin.py:115} INFO - [2024-10-30T16:20:17.670+0000] {dagbag.py:508} INFO - Filling up the DagBag from /home/airflow/.local/lib/python3.7/site-packages/airflow/example_dags/example_local_kubernetes_executor.py
[2024-10-30T16:20:17.686+0000] {processor.py:650} INFO - DAG(s) dict_keys(['example_local_kubernetes_executor']) retrieved from /home/airflow/.local/lib/python3.7/site-packages/airflow/example_dags/example_local_kubernetes_executor.py
[2024-10-30T16:20:17.701+0000] {logging_mixin.py:115} INFO - [2024-10-30T16:20:17.701+0000] {dag.py:2429} INFO - Sync 1 DAGs
[2024-10-30T16:20:17.716+0000] {logging_mixin.py:115} INFO - [2024-10-30T16:20:17.716+0000] {dag.py:2981} INFO - Setting next_dagrun for example_local_kubernetes_executor to None, run_after=None
[2024-10-30T16:20:17.724+0000] {processor.py:161} INFO - Processing /home/airflow/.local/lib/python3.7/site-packages/airflow/example_dags/example_local_kubernetes_executor.py took 0.058 seconds
[2024-10-30T16:20:48.340+0000] {processor.py:153} INFO - Started process (PID=1197) to work on /home/airflow/.local/lib/python3.7/site-packages/airflow/example_dags/example_local_kubernetes_executor.py
[2024-10-30T16:20:48.341+0000] {processor.py:640} INFO - Processing file /home/airflow/.local/lib/python3.7/site-packages/airflow/example_dags/example_local_kubernetes_executor.py for tasks to queue
[2024-10-30T16:20:48.342+0000] {logging_mixin.py:115} INFO - [2024-10-30T16:20:48.341+0000] {dagbag.py:508} INFO - Filling up the DagBag from /home/airflow/.local/lib/python3.7/site-packages/airflow/example_dags/example_local_kubernetes_executor.py
[2024-10-30T16:20:48.356+0000] {processor.py:650} INFO - DAG(s) dict_keys(['example_local_kubernetes_executor']) retrieved from /home/airflow/.local/lib/python3.7/site-packages/airflow/example_dags/example_local_kubernetes_executor.py
[2024-10-30T16:20:48.373+0000] {logging_mixin.py:115} INFO - [2024-10-30T16:20:48.372+0000] {dag.py:2429} INFO - Sync 1 DAGs
[2024-10-30T16:20:48.389+0000] {logging_mixin.py:115} INFO - [2024-10-30T16:20:48.389+0000] {dag.py:2981} INFO - Setting next_dagrun for example_local_kubernetes_executor to None, run_after=None
[2024-10-30T16:20:48.397+0000] {processor.py:161} INFO - Processing /home/airflow/.local/lib/python3.7/site-packages/airflow/example_dags/example_local_kubernetes_executor.py took 0.060 seconds
[2024-10-30T16:21:18.685+0000] {processor.py:153} INFO - Started process (PID=1259) to work on /home/airflow/.local/lib/python3.7/site-packages/airflow/example_dags/example_local_kubernetes_executor.py
[2024-10-30T16:21:18.686+0000] {processor.py:640} INFO - Processing file /home/airflow/.local/lib/python3.7/site-packages/airflow/example_dags/example_local_kubernetes_executor.py for tasks to queue
[2024-10-30T16:21:18.686+0000] {logging_mixin.py:115} INFO - [2024-10-30T16:21:18.686+0000] {dagbag.py:508} INFO - Filling up the DagBag from /home/airflow/.local/lib/python3.7/site-packages/airflow/example_dags/example_local_kubernetes_executor.py
[2024-10-30T16:21:18.697+0000] {processor.py:650} INFO - DAG(s) dict_keys(['example_local_kubernetes_executor']) retrieved from /home/airflow/.local/lib/python3.7/site-packages/airflow/example_dags/example_local_kubernetes_executor.py
[2024-10-30T16:21:18.714+0000] {logging_mixin.py:115} INFO - [2024-10-30T16:21:18.713+0000] {dag.py:2429} INFO - Sync 1 DAGs
[2024-10-30T16:21:18.729+0000] {logging_mixin.py:115} INFO - [2024-10-30T16:21:18.729+0000] {dag.py:2981} INFO - Setting next_dagrun for example_local_kubernetes_executor to None, run_after=None
[2024-10-30T16:21:18.737+0000] {processor.py:161} INFO - Processing /home/airflow/.local/lib/python3.7/site-packages/airflow/example_dags/example_local_kubernetes_executor.py took 0.054 seconds
[2024-10-30T16:21:49.177+0000] {processor.py:153} INFO - Started process (PID=1321) to work on /home/airflow/.local/lib/python3.7/site-packages/airflow/example_dags/example_local_kubernetes_executor.py
[2024-10-30T16:21:49.178+0000] {processor.py:640} INFO - Processing file /home/airflow/.local/lib/python3.7/site-packages/airflow/example_dags/example_local_kubernetes_executor.py for tasks to queue
[2024-10-30T16:21:49.178+0000] {logging_mixin.py:115} INFO - [2024-10-30T16:21:49.178+0000] {dagbag.py:508} INFO - Filling up the DagBag from /home/airflow/.local/lib/python3.7/site-packages/airflow/example_dags/example_local_kubernetes_executor.py
[2024-10-30T16:21:49.193+0000] {processor.py:650} INFO - DAG(s) dict_keys(['example_local_kubernetes_executor']) retrieved from /home/airflow/.local/lib/python3.7/site-packages/airflow/example_dags/example_local_kubernetes_executor.py
[2024-10-30T16:21:49.219+0000] {logging_mixin.py:115} INFO - [2024-10-30T16:21:49.219+0000] {dag.py:2429} INFO - Sync 1 DAGs
[2024-10-30T16:21:49.238+0000] {logging_mixin.py:115} INFO - [2024-10-30T16:21:49.238+0000] {dag.py:2981} INFO - Setting next_dagrun for example_local_kubernetes_executor to None, run_after=None
[2024-10-30T16:21:49.248+0000] {processor.py:161} INFO - Processing /home/airflow/.local/lib/python3.7/site-packages/airflow/example_dags/example_local_kubernetes_executor.py took 0.074 seconds
[2024-10-30T16:22:20.202+0000] {processor.py:153} INFO - Started process (PID=1374) to work on /home/airflow/.local/lib/python3.7/site-packages/airflow/example_dags/example_local_kubernetes_executor.py
[2024-10-30T16:22:20.203+0000] {processor.py:640} INFO - Processing file /home/airflow/.local/lib/python3.7/site-packages/airflow/example_dags/example_local_kubernetes_executor.py for tasks to queue
[2024-10-30T16:22:20.203+0000] {logging_mixin.py:115} INFO - [2024-10-30T16:22:20.203+0000] {dagbag.py:508} INFO - Filling up the DagBag from /home/airflow/.local/lib/python3.7/site-packages/airflow/example_dags/example_local_kubernetes_executor.py
[2024-10-30T16:22:20.213+0000] {processor.py:650} INFO - DAG(s) dict_keys(['example_local_kubernetes_executor']) retrieved from /home/airflow/.local/lib/python3.7/site-packages/airflow/example_dags/example_local_kubernetes_executor.py
[2024-10-30T16:22:20.228+0000] {logging_mixin.py:115} INFO - [2024-10-30T16:22:20.227+0000] {dag.py:2429} INFO - Sync 1 DAGs
[2024-10-30T16:22:20.242+0000] {logging_mixin.py:115} INFO - [2024-10-30T16:22:20.241+0000] {dag.py:2981} INFO - Setting next_dagrun for example_local_kubernetes_executor to None, run_after=None
[2024-10-30T16:22:20.249+0000] {processor.py:161} INFO - Processing /home/airflow/.local/lib/python3.7/site-packages/airflow/example_dags/example_local_kubernetes_executor.py took 0.049 seconds
[2024-10-30T16:22:50.807+0000] {processor.py:153} INFO - Started process (PID=1436) to work on /home/airflow/.local/lib/python3.7/site-packages/airflow/example_dags/example_local_kubernetes_executor.py
[2024-10-30T16:22:50.808+0000] {processor.py:640} INFO - Processing file /home/airflow/.local/lib/python3.7/site-packages/airflow/example_dags/example_local_kubernetes_executor.py for tasks to queue
[2024-10-30T16:22:50.809+0000] {logging_mixin.py:115} INFO - [2024-10-30T16:22:50.808+0000] {dagbag.py:508} INFO - Filling up the DagBag from /home/airflow/.local/lib/python3.7/site-packages/airflow/example_dags/example_local_kubernetes_executor.py
[2024-10-30T16:22:50.824+0000] {processor.py:650} INFO - DAG(s) dict_keys(['example_local_kubernetes_executor']) retrieved from /home/airflow/.local/lib/python3.7/site-packages/airflow/example_dags/example_local_kubernetes_executor.py
[2024-10-30T16:22:50.843+0000] {logging_mixin.py:115} INFO - [2024-10-30T16:22:50.842+0000] {dag.py:2429} INFO - Sync 1 DAGs
[2024-10-30T16:22:50.864+0000] {logging_mixin.py:115} INFO - [2024-10-30T16:22:50.863+0000] {dag.py:2981} INFO - Setting next_dagrun for example_local_kubernetes_executor to None, run_after=None
[2024-10-30T16:22:50.875+0000] {processor.py:161} INFO - Processing /home/airflow/.local/lib/python3.7/site-packages/airflow/example_dags/example_local_kubernetes_executor.py took 0.070 seconds
[2024-10-30T16:23:21.398+0000] {processor.py:153} INFO - Started process (PID=1498) to work on /home/airflow/.local/lib/python3.7/site-packages/airflow/example_dags/example_local_kubernetes_executor.py
[2024-10-30T16:23:21.398+0000] {processor.py:640} INFO - Processing file /home/airflow/.local/lib/python3.7/site-packages/airflow/example_dags/example_local_kubernetes_executor.py for tasks to queue
[2024-10-30T16:23:21.399+0000] {logging_mixin.py:115} INFO - [2024-10-30T16:23:21.399+0000] {dagbag.py:508} INFO - Filling up the DagBag from /home/airflow/.local/lib/python3.7/site-packages/airflow/example_dags/example_local_kubernetes_executor.py
[2024-10-30T16:23:21.409+0000] {processor.py:650} INFO - DAG(s) dict_keys(['example_local_kubernetes_executor']) retrieved from /home/airflow/.local/lib/python3.7/site-packages/airflow/example_dags/example_local_kubernetes_executor.py
[2024-10-30T16:23:21.423+0000] {logging_mixin.py:115} INFO - [2024-10-30T16:23:21.423+0000] {dag.py:2429} INFO - Sync 1 DAGs
[2024-10-30T16:23:21.436+0000] {logging_mixin.py:115} INFO - [2024-10-30T16:23:21.436+0000] {dag.py:2981} INFO - Setting next_dagrun for example_local_kubernetes_executor to None, run_after=None
[2024-10-30T16:23:21.443+0000] {processor.py:161} INFO - Processing /home/airflow/.local/lib/python3.7/site-packages/airflow/example_dags/example_local_kubernetes_executor.py took 0.047 seconds
[2024-10-30T16:23:52.062+0000] {processor.py:153} INFO - Started process (PID=1560) to work on /home/airflow/.local/lib/python3.7/site-packages/airflow/example_dags/example_local_kubernetes_executor.py
[2024-10-30T16:23:52.063+0000] {processor.py:640} INFO - Processing file /home/airflow/.local/lib/python3.7/site-packages/airflow/example_dags/example_local_kubernetes_executor.py for tasks to queue
[2024-10-30T16:23:52.064+0000] {logging_mixin.py:115} INFO - [2024-10-30T16:23:52.064+0000] {dagbag.py:508} INFO - Filling up the DagBag from /home/airflow/.local/lib/python3.7/site-packages/airflow/example_dags/example_local_kubernetes_executor.py
[2024-10-30T16:23:52.077+0000] {processor.py:650} INFO - DAG(s) dict_keys(['example_local_kubernetes_executor']) retrieved from /home/airflow/.local/lib/python3.7/site-packages/airflow/example_dags/example_local_kubernetes_executor.py
[2024-10-30T16:23:52.094+0000] {logging_mixin.py:115} INFO - [2024-10-30T16:23:52.094+0000] {dag.py:2429} INFO - Sync 1 DAGs
[2024-10-30T16:23:52.109+0000] {logging_mixin.py:115} INFO - [2024-10-30T16:23:52.109+0000] {dag.py:2981} INFO - Setting next_dagrun for example_local_kubernetes_executor to None, run_after=None
[2024-10-30T16:23:52.117+0000] {processor.py:161} INFO - Processing /home/airflow/.local/lib/python3.7/site-packages/airflow/example_dags/example_local_kubernetes_executor.py took 0.057 seconds
[2024-10-30T16:24:22.857+0000] {processor.py:153} INFO - Started process (PID=1613) to work on /home/airflow/.local/lib/python3.7/site-packages/airflow/example_dags/example_local_kubernetes_executor.py
[2024-10-30T16:24:22.858+0000] {processor.py:640} INFO - Processing file /home/airflow/.local/lib/python3.7/site-packages/airflow/example_dags/example_local_kubernetes_executor.py for tasks to queue
[2024-10-30T16:24:22.859+0000] {logging_mixin.py:115} INFO - [2024-10-30T16:24:22.859+0000] {dagbag.py:508} INFO - Filling up the DagBag from /home/airflow/.local/lib/python3.7/site-packages/airflow/example_dags/example_local_kubernetes_executor.py
[2024-10-30T16:24:22.872+0000] {processor.py:650} INFO - DAG(s) dict_keys(['example_local_kubernetes_executor']) retrieved from /home/airflow/.local/lib/python3.7/site-packages/airflow/example_dags/example_local_kubernetes_executor.py
[2024-10-30T16:24:22.891+0000] {logging_mixin.py:115} INFO - [2024-10-30T16:24:22.891+0000] {dag.py:2429} INFO - Sync 1 DAGs
[2024-10-30T16:24:22.909+0000] {logging_mixin.py:115} INFO - [2024-10-30T16:24:22.909+0000] {dag.py:2981} INFO - Setting next_dagrun for example_local_kubernetes_executor to None, run_after=None
[2024-10-30T16:24:22.918+0000] {processor.py:161} INFO - Processing /home/airflow/.local/lib/python3.7/site-packages/airflow/example_dags/example_local_kubernetes_executor.py took 0.063 seconds
[2024-10-30T16:24:53.695+0000] {processor.py:153} INFO - Started process (PID=1676) to work on /home/airflow/.local/lib/python3.7/site-packages/airflow/example_dags/example_local_kubernetes_executor.py
[2024-10-30T16:24:53.696+0000] {processor.py:640} INFO - Processing file /home/airflow/.local/lib/python3.7/site-packages/airflow/example_dags/example_local_kubernetes_executor.py for tasks to queue
[2024-10-30T16:24:53.696+0000] {logging_mixin.py:115} INFO - [2024-10-30T16:24:53.696+0000] {dagbag.py:508} INFO - Filling up the DagBag from /home/airflow/.local/lib/python3.7/site-packages/airflow/example_dags/example_local_kubernetes_executor.py
[2024-10-30T16:24:53.708+0000] {processor.py:650} INFO - DAG(s) dict_keys(['example_local_kubernetes_executor']) retrieved from /home/airflow/.local/lib/python3.7/site-packages/airflow/example_dags/example_local_kubernetes_executor.py
[2024-10-30T16:24:53.726+0000] {logging_mixin.py:115} INFO - [2024-10-30T16:24:53.726+0000] {dag.py:2429} INFO - Sync 1 DAGs
[2024-10-30T16:24:53.745+0000] {logging_mixin.py:115} INFO - [2024-10-30T16:24:53.745+0000] {dag.py:2981} INFO - Setting next_dagrun for example_local_kubernetes_executor to None, run_after=None
[2024-10-30T16:24:53.755+0000] {processor.py:161} INFO - Processing /home/airflow/.local/lib/python3.7/site-packages/airflow/example_dags/example_local_kubernetes_executor.py took 0.062 seconds
[2024-10-30T16:25:24.344+0000] {processor.py:153} INFO - Started process (PID=1738) to work on /home/airflow/.local/lib/python3.7/site-packages/airflow/example_dags/example_local_kubernetes_executor.py
[2024-10-30T16:25:24.345+0000] {processor.py:640} INFO - Processing file /home/airflow/.local/lib/python3.7/site-packages/airflow/example_dags/example_local_kubernetes_executor.py for tasks to queue
[2024-10-30T16:25:24.345+0000] {logging_mixin.py:115} INFO - [2024-10-30T16:25:24.345+0000] {dagbag.py:508} INFO - Filling up the DagBag from /home/airflow/.local/lib/python3.7/site-packages/airflow/example_dags/example_local_kubernetes_executor.py
[2024-10-30T16:25:24.357+0000] {processor.py:650} INFO - DAG(s) dict_keys(['example_local_kubernetes_executor']) retrieved from /home/airflow/.local/lib/python3.7/site-packages/airflow/example_dags/example_local_kubernetes_executor.py
[2024-10-30T16:25:24.374+0000] {logging_mixin.py:115} INFO - [2024-10-30T16:25:24.374+0000] {dag.py:2429} INFO - Sync 1 DAGs
[2024-10-30T16:25:24.388+0000] {logging_mixin.py:115} INFO - [2024-10-30T16:25:24.388+0000] {dag.py:2981} INFO - Setting next_dagrun for example_local_kubernetes_executor to None, run_after=None
[2024-10-30T16:25:24.396+0000] {processor.py:161} INFO - Processing /home/airflow/.local/lib/python3.7/site-packages/airflow/example_dags/example_local_kubernetes_executor.py took 0.054 seconds
[2024-10-30T16:25:55.185+0000] {processor.py:153} INFO - Started process (PID=1801) to work on /home/airflow/.local/lib/python3.7/site-packages/airflow/example_dags/example_local_kubernetes_executor.py
[2024-10-30T16:25:55.185+0000] {processor.py:640} INFO - Processing file /home/airflow/.local/lib/python3.7/site-packages/airflow/example_dags/example_local_kubernetes_executor.py for tasks to queue
[2024-10-30T16:25:55.186+0000] {logging_mixin.py:115} INFO - [2024-10-30T16:25:55.186+0000] {dagbag.py:508} INFO - Filling up the DagBag from /home/airflow/.local/lib/python3.7/site-packages/airflow/example_dags/example_local_kubernetes_executor.py
[2024-10-30T16:25:55.203+0000] {processor.py:650} INFO - DAG(s) dict_keys(['example_local_kubernetes_executor']) retrieved from /home/airflow/.local/lib/python3.7/site-packages/airflow/example_dags/example_local_kubernetes_executor.py
[2024-10-30T16:25:55.223+0000] {logging_mixin.py:115} INFO - [2024-10-30T16:25:55.223+0000] {dag.py:2429} INFO - Sync 1 DAGs
[2024-10-30T16:25:55.247+0000] {logging_mixin.py:115} INFO - [2024-10-30T16:25:55.247+0000] {dag.py:2981} INFO - Setting next_dagrun for example_local_kubernetes_executor to None, run_after=None
[2024-10-30T16:25:55.258+0000] {processor.py:161} INFO - Processing /home/airflow/.local/lib/python3.7/site-packages/airflow/example_dags/example_local_kubernetes_executor.py took 0.077 seconds
[2024-10-30T16:26:26.040+0000] {processor.py:153} INFO - Started process (PID=1856) to work on /home/airflow/.local/lib/python3.7/site-packages/airflow/example_dags/example_local_kubernetes_executor.py
[2024-10-30T16:26:26.041+0000] {processor.py:640} INFO - Processing file /home/airflow/.local/lib/python3.7/site-packages/airflow/example_dags/example_local_kubernetes_executor.py for tasks to queue
[2024-10-30T16:26:26.042+0000] {logging_mixin.py:115} INFO - [2024-10-30T16:26:26.042+0000] {dagbag.py:508} INFO - Filling up the DagBag from /home/airflow/.local/lib/python3.7/site-packages/airflow/example_dags/example_local_kubernetes_executor.py
[2024-10-30T16:26:26.054+0000] {processor.py:650} INFO - DAG(s) dict_keys(['example_local_kubernetes_executor']) retrieved from /home/airflow/.local/lib/python3.7/site-packages/airflow/example_dags/example_local_kubernetes_executor.py
[2024-10-30T16:26:26.077+0000] {logging_mixin.py:115} INFO - [2024-10-30T16:26:26.076+0000] {dag.py:2429} INFO - Sync 1 DAGs
[2024-10-30T16:26:26.100+0000] {logging_mixin.py:115} INFO - [2024-10-30T16:26:26.099+0000] {dag.py:2981} INFO - Setting next_dagrun for example_local_kubernetes_executor to None, run_after=None
[2024-10-30T16:26:26.111+0000] {processor.py:161} INFO - Processing /home/airflow/.local/lib/python3.7/site-packages/airflow/example_dags/example_local_kubernetes_executor.py took 0.073 seconds
[2024-10-30T16:26:56.702+0000] {processor.py:153} INFO - Started process (PID=1920) to work on /home/airflow/.local/lib/python3.7/site-packages/airflow/example_dags/example_local_kubernetes_executor.py
[2024-10-30T16:26:56.702+0000] {processor.py:640} INFO - Processing file /home/airflow/.local/lib/python3.7/site-packages/airflow/example_dags/example_local_kubernetes_executor.py for tasks to queue
[2024-10-30T16:26:56.703+0000] {logging_mixin.py:115} INFO - [2024-10-30T16:26:56.703+0000] {dagbag.py:508} INFO - Filling up the DagBag from /home/airflow/.local/lib/python3.7/site-packages/airflow/example_dags/example_local_kubernetes_executor.py
[2024-10-30T16:26:56.714+0000] {processor.py:650} INFO - DAG(s) dict_keys(['example_local_kubernetes_executor']) retrieved from /home/airflow/.local/lib/python3.7/site-packages/airflow/example_dags/example_local_kubernetes_executor.py
[2024-10-30T16:26:56.735+0000] {logging_mixin.py:115} INFO - [2024-10-30T16:26:56.734+0000] {dag.py:2429} INFO - Sync 1 DAGs
[2024-10-30T16:26:56.751+0000] {logging_mixin.py:115} INFO - [2024-10-30T16:26:56.750+0000] {dag.py:2981} INFO - Setting next_dagrun for example_local_kubernetes_executor to None, run_after=None
[2024-10-30T16:26:56.761+0000] {processor.py:161} INFO - Processing /home/airflow/.local/lib/python3.7/site-packages/airflow/example_dags/example_local_kubernetes_executor.py took 0.061 seconds
