[2024-10-30T16:11:04.409+0000] {processor.py:153} INFO - Started process (PID=51) to work on /home/airflow/.local/lib/python3.7/site-packages/airflow/example_dags/example_trigger_target_dag.py
[2024-10-30T16:11:04.410+0000] {processor.py:640} INFO - Processing file /home/airflow/.local/lib/python3.7/site-packages/airflow/example_dags/example_trigger_target_dag.py for tasks to queue
[2024-10-30T16:11:04.411+0000] {logging_mixin.py:115} INFO - [2024-10-30T16:11:04.411+0000] {dagbag.py:508} INFO - Filling up the DagBag from /home/airflow/.local/lib/python3.7/site-packages/airflow/example_dags/example_trigger_target_dag.py
[2024-10-30T16:11:04.438+0000] {processor.py:650} INFO - DAG(s) dict_keys(['example_trigger_target_dag']) retrieved from /home/airflow/.local/lib/python3.7/site-packages/airflow/example_dags/example_trigger_target_dag.py
[2024-10-30T16:11:04.533+0000] {logging_mixin.py:115} INFO - [2024-10-30T16:11:04.533+0000] {manager.py:508} INFO - Created Permission View: can delete on DAG:example_trigger_target_dag
[2024-10-30T16:11:04.543+0000] {logging_mixin.py:115} INFO - [2024-10-30T16:11:04.543+0000] {manager.py:508} INFO - Created Permission View: can read on DAG:example_trigger_target_dag
[2024-10-30T16:11:04.549+0000] {logging_mixin.py:115} INFO - [2024-10-30T16:11:04.549+0000] {manager.py:508} INFO - Created Permission View: can edit on DAG:example_trigger_target_dag
[2024-10-30T16:11:04.550+0000] {logging_mixin.py:115} INFO - [2024-10-30T16:11:04.550+0000] {dag.py:2429} INFO - Sync 1 DAGs
[2024-10-30T16:11:04.559+0000] {logging_mixin.py:115} INFO - [2024-10-30T16:11:04.558+0000] {dag.py:2448} INFO - Creating ORM DAG for example_trigger_target_dag
[2024-10-30T16:11:04.572+0000] {logging_mixin.py:115} INFO - [2024-10-30T16:11:04.572+0000] {dag.py:2981} INFO - Setting next_dagrun for example_trigger_target_dag to None, run_after=None
[2024-10-30T16:11:04.584+0000] {processor.py:161} INFO - Processing /home/airflow/.local/lib/python3.7/site-packages/airflow/example_dags/example_trigger_target_dag.py took 0.177 seconds
[2024-10-30T16:11:34.921+0000] {processor.py:153} INFO - Started process (PID=113) to work on /home/airflow/.local/lib/python3.7/site-packages/airflow/example_dags/example_trigger_target_dag.py
[2024-10-30T16:11:34.921+0000] {processor.py:640} INFO - Processing file /home/airflow/.local/lib/python3.7/site-packages/airflow/example_dags/example_trigger_target_dag.py for tasks to queue
[2024-10-30T16:11:34.922+0000] {logging_mixin.py:115} INFO - [2024-10-30T16:11:34.922+0000] {dagbag.py:508} INFO - Filling up the DagBag from /home/airflow/.local/lib/python3.7/site-packages/airflow/example_dags/example_trigger_target_dag.py
[2024-10-30T16:11:34.933+0000] {processor.py:650} INFO - DAG(s) dict_keys(['example_trigger_target_dag']) retrieved from /home/airflow/.local/lib/python3.7/site-packages/airflow/example_dags/example_trigger_target_dag.py
[2024-10-30T16:11:34.949+0000] {logging_mixin.py:115} INFO - [2024-10-30T16:11:34.949+0000] {dag.py:2429} INFO - Sync 1 DAGs
[2024-10-30T16:11:34.965+0000] {logging_mixin.py:115} INFO - [2024-10-30T16:11:34.964+0000] {dag.py:2981} INFO - Setting next_dagrun for example_trigger_target_dag to None, run_after=None
[2024-10-30T16:11:34.973+0000] {processor.py:161} INFO - Processing /home/airflow/.local/lib/python3.7/site-packages/airflow/example_dags/example_trigger_target_dag.py took 0.054 seconds
[2024-10-30T16:12:05.557+0000] {processor.py:153} INFO - Started process (PID=166) to work on /home/airflow/.local/lib/python3.7/site-packages/airflow/example_dags/example_trigger_target_dag.py
[2024-10-30T16:12:05.557+0000] {processor.py:640} INFO - Processing file /home/airflow/.local/lib/python3.7/site-packages/airflow/example_dags/example_trigger_target_dag.py for tasks to queue
[2024-10-30T16:12:05.557+0000] {logging_mixin.py:115} INFO - [2024-10-30T16:12:05.557+0000] {dagbag.py:508} INFO - Filling up the DagBag from /home/airflow/.local/lib/python3.7/site-packages/airflow/example_dags/example_trigger_target_dag.py
[2024-10-30T16:12:05.568+0000] {processor.py:650} INFO - DAG(s) dict_keys(['example_trigger_target_dag']) retrieved from /home/airflow/.local/lib/python3.7/site-packages/airflow/example_dags/example_trigger_target_dag.py
[2024-10-30T16:12:05.585+0000] {logging_mixin.py:115} INFO - [2024-10-30T16:12:05.584+0000] {dag.py:2429} INFO - Sync 1 DAGs
[2024-10-30T16:12:05.600+0000] {logging_mixin.py:115} INFO - [2024-10-30T16:12:05.600+0000] {dag.py:2981} INFO - Setting next_dagrun for example_trigger_target_dag to None, run_after=None
[2024-10-30T16:12:05.607+0000] {processor.py:161} INFO - Processing /home/airflow/.local/lib/python3.7/site-packages/airflow/example_dags/example_trigger_target_dag.py took 0.052 seconds
[2024-10-30T16:12:36.173+0000] {processor.py:153} INFO - Started process (PID=229) to work on /home/airflow/.local/lib/python3.7/site-packages/airflow/example_dags/example_trigger_target_dag.py
[2024-10-30T16:12:36.173+0000] {processor.py:640} INFO - Processing file /home/airflow/.local/lib/python3.7/site-packages/airflow/example_dags/example_trigger_target_dag.py for tasks to queue
[2024-10-30T16:12:36.174+0000] {logging_mixin.py:115} INFO - [2024-10-30T16:12:36.174+0000] {dagbag.py:508} INFO - Filling up the DagBag from /home/airflow/.local/lib/python3.7/site-packages/airflow/example_dags/example_trigger_target_dag.py
[2024-10-30T16:12:36.183+0000] {processor.py:650} INFO - DAG(s) dict_keys(['example_trigger_target_dag']) retrieved from /home/airflow/.local/lib/python3.7/site-packages/airflow/example_dags/example_trigger_target_dag.py
[2024-10-30T16:12:36.198+0000] {logging_mixin.py:115} INFO - [2024-10-30T16:12:36.198+0000] {dag.py:2429} INFO - Sync 1 DAGs
[2024-10-30T16:12:36.211+0000] {logging_mixin.py:115} INFO - [2024-10-30T16:12:36.211+0000] {dag.py:2981} INFO - Setting next_dagrun for example_trigger_target_dag to None, run_after=None
[2024-10-30T16:12:36.219+0000] {processor.py:161} INFO - Processing /home/airflow/.local/lib/python3.7/site-packages/airflow/example_dags/example_trigger_target_dag.py took 0.048 seconds
[2024-10-30T16:13:06.674+0000] {processor.py:153} INFO - Started process (PID=291) to work on /home/airflow/.local/lib/python3.7/site-packages/airflow/example_dags/example_trigger_target_dag.py
[2024-10-30T16:13:06.674+0000] {processor.py:640} INFO - Processing file /home/airflow/.local/lib/python3.7/site-packages/airflow/example_dags/example_trigger_target_dag.py for tasks to queue
[2024-10-30T16:13:06.675+0000] {logging_mixin.py:115} INFO - [2024-10-30T16:13:06.675+0000] {dagbag.py:508} INFO - Filling up the DagBag from /home/airflow/.local/lib/python3.7/site-packages/airflow/example_dags/example_trigger_target_dag.py
[2024-10-30T16:13:06.685+0000] {processor.py:650} INFO - DAG(s) dict_keys(['example_trigger_target_dag']) retrieved from /home/airflow/.local/lib/python3.7/site-packages/airflow/example_dags/example_trigger_target_dag.py
[2024-10-30T16:13:06.702+0000] {logging_mixin.py:115} INFO - [2024-10-30T16:13:06.702+0000] {dag.py:2429} INFO - Sync 1 DAGs
[2024-10-30T16:13:06.716+0000] {logging_mixin.py:115} INFO - [2024-10-30T16:13:06.716+0000] {dag.py:2981} INFO - Setting next_dagrun for example_trigger_target_dag to None, run_after=None
[2024-10-30T16:13:06.724+0000] {processor.py:161} INFO - Processing /home/airflow/.local/lib/python3.7/site-packages/airflow/example_dags/example_trigger_target_dag.py took 0.052 seconds
[2024-10-30T16:13:37.184+0000] {processor.py:153} INFO - Started process (PID=354) to work on /home/airflow/.local/lib/python3.7/site-packages/airflow/example_dags/example_trigger_target_dag.py
[2024-10-30T16:13:37.185+0000] {processor.py:640} INFO - Processing file /home/airflow/.local/lib/python3.7/site-packages/airflow/example_dags/example_trigger_target_dag.py for tasks to queue
[2024-10-30T16:13:37.185+0000] {logging_mixin.py:115} INFO - [2024-10-30T16:13:37.185+0000] {dagbag.py:508} INFO - Filling up the DagBag from /home/airflow/.local/lib/python3.7/site-packages/airflow/example_dags/example_trigger_target_dag.py
[2024-10-30T16:13:37.195+0000] {processor.py:650} INFO - DAG(s) dict_keys(['example_trigger_target_dag']) retrieved from /home/airflow/.local/lib/python3.7/site-packages/airflow/example_dags/example_trigger_target_dag.py
[2024-10-30T16:13:37.215+0000] {logging_mixin.py:115} INFO - [2024-10-30T16:13:37.215+0000] {dag.py:2429} INFO - Sync 1 DAGs
[2024-10-30T16:13:37.233+0000] {logging_mixin.py:115} INFO - [2024-10-30T16:13:37.232+0000] {dag.py:2981} INFO - Setting next_dagrun for example_trigger_target_dag to None, run_after=None
[2024-10-30T16:13:37.242+0000] {processor.py:161} INFO - Processing /home/airflow/.local/lib/python3.7/site-packages/airflow/example_dags/example_trigger_target_dag.py took 0.060 seconds
[2024-10-30T16:14:08.047+0000] {processor.py:153} INFO - Started process (PID=407) to work on /home/airflow/.local/lib/python3.7/site-packages/airflow/example_dags/example_trigger_target_dag.py
[2024-10-30T16:14:08.049+0000] {processor.py:640} INFO - Processing file /home/airflow/.local/lib/python3.7/site-packages/airflow/example_dags/example_trigger_target_dag.py for tasks to queue
[2024-10-30T16:14:08.050+0000] {logging_mixin.py:115} INFO - [2024-10-30T16:14:08.049+0000] {dagbag.py:508} INFO - Filling up the DagBag from /home/airflow/.local/lib/python3.7/site-packages/airflow/example_dags/example_trigger_target_dag.py
[2024-10-30T16:14:08.066+0000] {processor.py:650} INFO - DAG(s) dict_keys(['example_trigger_target_dag']) retrieved from /home/airflow/.local/lib/python3.7/site-packages/airflow/example_dags/example_trigger_target_dag.py
[2024-10-30T16:14:08.086+0000] {logging_mixin.py:115} INFO - [2024-10-30T16:14:08.086+0000] {dag.py:2429} INFO - Sync 1 DAGs
[2024-10-30T16:14:08.099+0000] {logging_mixin.py:115} INFO - [2024-10-30T16:14:08.099+0000] {dag.py:2981} INFO - Setting next_dagrun for example_trigger_target_dag to None, run_after=None
[2024-10-30T16:14:08.108+0000] {processor.py:161} INFO - Processing /home/airflow/.local/lib/python3.7/site-packages/airflow/example_dags/example_trigger_target_dag.py took 0.062 seconds
[2024-10-30T16:14:38.850+0000] {processor.py:153} INFO - Started process (PID=469) to work on /home/airflow/.local/lib/python3.7/site-packages/airflow/example_dags/example_trigger_target_dag.py
[2024-10-30T16:14:38.851+0000] {processor.py:640} INFO - Processing file /home/airflow/.local/lib/python3.7/site-packages/airflow/example_dags/example_trigger_target_dag.py for tasks to queue
[2024-10-30T16:14:38.852+0000] {logging_mixin.py:115} INFO - [2024-10-30T16:14:38.852+0000] {dagbag.py:508} INFO - Filling up the DagBag from /home/airflow/.local/lib/python3.7/site-packages/airflow/example_dags/example_trigger_target_dag.py
[2024-10-30T16:14:38.864+0000] {processor.py:650} INFO - DAG(s) dict_keys(['example_trigger_target_dag']) retrieved from /home/airflow/.local/lib/python3.7/site-packages/airflow/example_dags/example_trigger_target_dag.py
[2024-10-30T16:14:38.881+0000] {logging_mixin.py:115} INFO - [2024-10-30T16:14:38.881+0000] {dag.py:2429} INFO - Sync 1 DAGs
[2024-10-30T16:14:38.899+0000] {logging_mixin.py:115} INFO - [2024-10-30T16:14:38.899+0000] {dag.py:2981} INFO - Setting next_dagrun for example_trigger_target_dag to None, run_after=None
[2024-10-30T16:14:38.908+0000] {processor.py:161} INFO - Processing /home/airflow/.local/lib/python3.7/site-packages/airflow/example_dags/example_trigger_target_dag.py took 0.060 seconds
[2024-10-30T16:15:09.580+0000] {processor.py:153} INFO - Started process (PID=531) to work on /home/airflow/.local/lib/python3.7/site-packages/airflow/example_dags/example_trigger_target_dag.py
[2024-10-30T16:15:09.581+0000] {processor.py:640} INFO - Processing file /home/airflow/.local/lib/python3.7/site-packages/airflow/example_dags/example_trigger_target_dag.py for tasks to queue
[2024-10-30T16:15:09.582+0000] {logging_mixin.py:115} INFO - [2024-10-30T16:15:09.582+0000] {dagbag.py:508} INFO - Filling up the DagBag from /home/airflow/.local/lib/python3.7/site-packages/airflow/example_dags/example_trigger_target_dag.py
[2024-10-30T16:15:09.593+0000] {processor.py:650} INFO - DAG(s) dict_keys(['example_trigger_target_dag']) retrieved from /home/airflow/.local/lib/python3.7/site-packages/airflow/example_dags/example_trigger_target_dag.py
[2024-10-30T16:15:09.612+0000] {logging_mixin.py:115} INFO - [2024-10-30T16:15:09.612+0000] {dag.py:2429} INFO - Sync 1 DAGs
[2024-10-30T16:15:09.632+0000] {logging_mixin.py:115} INFO - [2024-10-30T16:15:09.631+0000] {dag.py:2981} INFO - Setting next_dagrun for example_trigger_target_dag to None, run_after=None
[2024-10-30T16:15:09.642+0000] {processor.py:161} INFO - Processing /home/airflow/.local/lib/python3.7/site-packages/airflow/example_dags/example_trigger_target_dag.py took 0.064 seconds
[2024-10-30T16:15:40.070+0000] {processor.py:153} INFO - Started process (PID=593) to work on /home/airflow/.local/lib/python3.7/site-packages/airflow/example_dags/example_trigger_target_dag.py
[2024-10-30T16:15:40.071+0000] {processor.py:640} INFO - Processing file /home/airflow/.local/lib/python3.7/site-packages/airflow/example_dags/example_trigger_target_dag.py for tasks to queue
[2024-10-30T16:15:40.071+0000] {logging_mixin.py:115} INFO - [2024-10-30T16:15:40.071+0000] {dagbag.py:508} INFO - Filling up the DagBag from /home/airflow/.local/lib/python3.7/site-packages/airflow/example_dags/example_trigger_target_dag.py
[2024-10-30T16:15:40.082+0000] {processor.py:650} INFO - DAG(s) dict_keys(['example_trigger_target_dag']) retrieved from /home/airflow/.local/lib/python3.7/site-packages/airflow/example_dags/example_trigger_target_dag.py
[2024-10-30T16:15:40.107+0000] {logging_mixin.py:115} INFO - [2024-10-30T16:15:40.106+0000] {dag.py:2429} INFO - Sync 1 DAGs
[2024-10-30T16:15:40.126+0000] {logging_mixin.py:115} INFO - [2024-10-30T16:15:40.126+0000] {dag.py:2981} INFO - Setting next_dagrun for example_trigger_target_dag to None, run_after=None
[2024-10-30T16:15:40.137+0000] {processor.py:161} INFO - Processing /home/airflow/.local/lib/python3.7/site-packages/airflow/example_dags/example_trigger_target_dag.py took 0.069 seconds
[2024-10-30T16:16:10.997+0000] {processor.py:153} INFO - Started process (PID=646) to work on /home/airflow/.local/lib/python3.7/site-packages/airflow/example_dags/example_trigger_target_dag.py
[2024-10-30T16:16:10.997+0000] {processor.py:640} INFO - Processing file /home/airflow/.local/lib/python3.7/site-packages/airflow/example_dags/example_trigger_target_dag.py for tasks to queue
[2024-10-30T16:16:10.998+0000] {logging_mixin.py:115} INFO - [2024-10-30T16:16:10.998+0000] {dagbag.py:508} INFO - Filling up the DagBag from /home/airflow/.local/lib/python3.7/site-packages/airflow/example_dags/example_trigger_target_dag.py
[2024-10-30T16:16:11.010+0000] {processor.py:650} INFO - DAG(s) dict_keys(['example_trigger_target_dag']) retrieved from /home/airflow/.local/lib/python3.7/site-packages/airflow/example_dags/example_trigger_target_dag.py
[2024-10-30T16:16:11.027+0000] {logging_mixin.py:115} INFO - [2024-10-30T16:16:11.027+0000] {dag.py:2429} INFO - Sync 1 DAGs
[2024-10-30T16:16:11.044+0000] {logging_mixin.py:115} INFO - [2024-10-30T16:16:11.044+0000] {dag.py:2981} INFO - Setting next_dagrun for example_trigger_target_dag to None, run_after=None
[2024-10-30T16:16:11.053+0000] {processor.py:161} INFO - Processing /home/airflow/.local/lib/python3.7/site-packages/airflow/example_dags/example_trigger_target_dag.py took 0.058 seconds
[2024-10-30T16:16:41.703+0000] {processor.py:153} INFO - Started process (PID=708) to work on /home/airflow/.local/lib/python3.7/site-packages/airflow/example_dags/example_trigger_target_dag.py
[2024-10-30T16:16:41.703+0000] {processor.py:640} INFO - Processing file /home/airflow/.local/lib/python3.7/site-packages/airflow/example_dags/example_trigger_target_dag.py for tasks to queue
[2024-10-30T16:16:41.704+0000] {logging_mixin.py:115} INFO - [2024-10-30T16:16:41.704+0000] {dagbag.py:508} INFO - Filling up the DagBag from /home/airflow/.local/lib/python3.7/site-packages/airflow/example_dags/example_trigger_target_dag.py
[2024-10-30T16:16:41.717+0000] {processor.py:650} INFO - DAG(s) dict_keys(['example_trigger_target_dag']) retrieved from /home/airflow/.local/lib/python3.7/site-packages/airflow/example_dags/example_trigger_target_dag.py
[2024-10-30T16:16:41.737+0000] {logging_mixin.py:115} INFO - [2024-10-30T16:16:41.737+0000] {dag.py:2429} INFO - Sync 1 DAGs
[2024-10-30T16:16:41.753+0000] {logging_mixin.py:115} INFO - [2024-10-30T16:16:41.753+0000] {dag.py:2981} INFO - Setting next_dagrun for example_trigger_target_dag to None, run_after=None
[2024-10-30T16:16:41.764+0000] {processor.py:161} INFO - Processing /home/airflow/.local/lib/python3.7/site-packages/airflow/example_dags/example_trigger_target_dag.py took 0.064 seconds
[2024-10-30T16:17:12.494+0000] {processor.py:153} INFO - Started process (PID=770) to work on /home/airflow/.local/lib/python3.7/site-packages/airflow/example_dags/example_trigger_target_dag.py
[2024-10-30T16:17:12.494+0000] {processor.py:640} INFO - Processing file /home/airflow/.local/lib/python3.7/site-packages/airflow/example_dags/example_trigger_target_dag.py for tasks to queue
[2024-10-30T16:17:12.495+0000] {logging_mixin.py:115} INFO - [2024-10-30T16:17:12.495+0000] {dagbag.py:508} INFO - Filling up the DagBag from /home/airflow/.local/lib/python3.7/site-packages/airflow/example_dags/example_trigger_target_dag.py
[2024-10-30T16:17:12.506+0000] {processor.py:650} INFO - DAG(s) dict_keys(['example_trigger_target_dag']) retrieved from /home/airflow/.local/lib/python3.7/site-packages/airflow/example_dags/example_trigger_target_dag.py
[2024-10-30T16:17:12.525+0000] {logging_mixin.py:115} INFO - [2024-10-30T16:17:12.525+0000] {dag.py:2429} INFO - Sync 1 DAGs
[2024-10-30T16:17:12.543+0000] {logging_mixin.py:115} INFO - [2024-10-30T16:17:12.543+0000] {dag.py:2981} INFO - Setting next_dagrun for example_trigger_target_dag to None, run_after=None
[2024-10-30T16:17:12.553+0000] {processor.py:161} INFO - Processing /home/airflow/.local/lib/python3.7/site-packages/airflow/example_dags/example_trigger_target_dag.py took 0.062 seconds
[2024-10-30T16:17:43.323+0000] {processor.py:153} INFO - Started process (PID=832) to work on /home/airflow/.local/lib/python3.7/site-packages/airflow/example_dags/example_trigger_target_dag.py
[2024-10-30T16:17:43.324+0000] {processor.py:640} INFO - Processing file /home/airflow/.local/lib/python3.7/site-packages/airflow/example_dags/example_trigger_target_dag.py for tasks to queue
[2024-10-30T16:17:43.324+0000] {logging_mixin.py:115} INFO - [2024-10-30T16:17:43.324+0000] {dagbag.py:508} INFO - Filling up the DagBag from /home/airflow/.local/lib/python3.7/site-packages/airflow/example_dags/example_trigger_target_dag.py
[2024-10-30T16:17:43.337+0000] {processor.py:650} INFO - DAG(s) dict_keys(['example_trigger_target_dag']) retrieved from /home/airflow/.local/lib/python3.7/site-packages/airflow/example_dags/example_trigger_target_dag.py
[2024-10-30T16:17:43.354+0000] {logging_mixin.py:115} INFO - [2024-10-30T16:17:43.354+0000] {dag.py:2429} INFO - Sync 1 DAGs
[2024-10-30T16:17:43.374+0000] {logging_mixin.py:115} INFO - [2024-10-30T16:17:43.374+0000] {dag.py:2981} INFO - Setting next_dagrun for example_trigger_target_dag to None, run_after=None
[2024-10-30T16:17:43.385+0000] {processor.py:161} INFO - Processing /home/airflow/.local/lib/python3.7/site-packages/airflow/example_dags/example_trigger_target_dag.py took 0.063 seconds
[2024-10-30T16:18:13.865+0000] {processor.py:153} INFO - Started process (PID=885) to work on /home/airflow/.local/lib/python3.7/site-packages/airflow/example_dags/example_trigger_target_dag.py
[2024-10-30T16:18:13.866+0000] {processor.py:640} INFO - Processing file /home/airflow/.local/lib/python3.7/site-packages/airflow/example_dags/example_trigger_target_dag.py for tasks to queue
[2024-10-30T16:18:13.866+0000] {logging_mixin.py:115} INFO - [2024-10-30T16:18:13.866+0000] {dagbag.py:508} INFO - Filling up the DagBag from /home/airflow/.local/lib/python3.7/site-packages/airflow/example_dags/example_trigger_target_dag.py
[2024-10-30T16:18:13.876+0000] {processor.py:650} INFO - DAG(s) dict_keys(['example_trigger_target_dag']) retrieved from /home/airflow/.local/lib/python3.7/site-packages/airflow/example_dags/example_trigger_target_dag.py
[2024-10-30T16:18:13.891+0000] {logging_mixin.py:115} INFO - [2024-10-30T16:18:13.891+0000] {dag.py:2429} INFO - Sync 1 DAGs
[2024-10-30T16:18:13.905+0000] {logging_mixin.py:115} INFO - [2024-10-30T16:18:13.905+0000] {dag.py:2981} INFO - Setting next_dagrun for example_trigger_target_dag to None, run_after=None
[2024-10-30T16:18:13.913+0000] {processor.py:161} INFO - Processing /home/airflow/.local/lib/python3.7/site-packages/airflow/example_dags/example_trigger_target_dag.py took 0.050 seconds
[2024-10-30T16:18:44.444+0000] {processor.py:153} INFO - Started process (PID=947) to work on /home/airflow/.local/lib/python3.7/site-packages/airflow/example_dags/example_trigger_target_dag.py
[2024-10-30T16:18:44.444+0000] {processor.py:640} INFO - Processing file /home/airflow/.local/lib/python3.7/site-packages/airflow/example_dags/example_trigger_target_dag.py for tasks to queue
[2024-10-30T16:18:44.445+0000] {logging_mixin.py:115} INFO - [2024-10-30T16:18:44.445+0000] {dagbag.py:508} INFO - Filling up the DagBag from /home/airflow/.local/lib/python3.7/site-packages/airflow/example_dags/example_trigger_target_dag.py
[2024-10-30T16:18:44.456+0000] {processor.py:650} INFO - DAG(s) dict_keys(['example_trigger_target_dag']) retrieved from /home/airflow/.local/lib/python3.7/site-packages/airflow/example_dags/example_trigger_target_dag.py
[2024-10-30T16:18:44.473+0000] {logging_mixin.py:115} INFO - [2024-10-30T16:18:44.473+0000] {dag.py:2429} INFO - Sync 1 DAGs
[2024-10-30T16:18:44.487+0000] {logging_mixin.py:115} INFO - [2024-10-30T16:18:44.487+0000] {dag.py:2981} INFO - Setting next_dagrun for example_trigger_target_dag to None, run_after=None
[2024-10-30T16:18:44.495+0000] {processor.py:161} INFO - Processing /home/airflow/.local/lib/python3.7/site-packages/airflow/example_dags/example_trigger_target_dag.py took 0.053 seconds
[2024-10-30T16:19:15.058+0000] {processor.py:153} INFO - Started process (PID=1009) to work on /home/airflow/.local/lib/python3.7/site-packages/airflow/example_dags/example_trigger_target_dag.py
[2024-10-30T16:19:15.059+0000] {processor.py:640} INFO - Processing file /home/airflow/.local/lib/python3.7/site-packages/airflow/example_dags/example_trigger_target_dag.py for tasks to queue
[2024-10-30T16:19:15.059+0000] {logging_mixin.py:115} INFO - [2024-10-30T16:19:15.059+0000] {dagbag.py:508} INFO - Filling up the DagBag from /home/airflow/.local/lib/python3.7/site-packages/airflow/example_dags/example_trigger_target_dag.py
[2024-10-30T16:19:15.069+0000] {processor.py:650} INFO - DAG(s) dict_keys(['example_trigger_target_dag']) retrieved from /home/airflow/.local/lib/python3.7/site-packages/airflow/example_dags/example_trigger_target_dag.py
[2024-10-30T16:19:15.084+0000] {logging_mixin.py:115} INFO - [2024-10-30T16:19:15.083+0000] {dag.py:2429} INFO - Sync 1 DAGs
[2024-10-30T16:19:15.098+0000] {logging_mixin.py:115} INFO - [2024-10-30T16:19:15.097+0000] {dag.py:2981} INFO - Setting next_dagrun for example_trigger_target_dag to None, run_after=None
[2024-10-30T16:19:15.106+0000] {processor.py:161} INFO - Processing /home/airflow/.local/lib/python3.7/site-packages/airflow/example_dags/example_trigger_target_dag.py took 0.049 seconds
[2024-10-30T16:19:45.625+0000] {processor.py:153} INFO - Started process (PID=1062) to work on /home/airflow/.local/lib/python3.7/site-packages/airflow/example_dags/example_trigger_target_dag.py
[2024-10-30T16:19:45.626+0000] {processor.py:640} INFO - Processing file /home/airflow/.local/lib/python3.7/site-packages/airflow/example_dags/example_trigger_target_dag.py for tasks to queue
[2024-10-30T16:19:45.627+0000] {logging_mixin.py:115} INFO - [2024-10-30T16:19:45.626+0000] {dagbag.py:508} INFO - Filling up the DagBag from /home/airflow/.local/lib/python3.7/site-packages/airflow/example_dags/example_trigger_target_dag.py
[2024-10-30T16:19:45.640+0000] {processor.py:650} INFO - DAG(s) dict_keys(['example_trigger_target_dag']) retrieved from /home/airflow/.local/lib/python3.7/site-packages/airflow/example_dags/example_trigger_target_dag.py
[2024-10-30T16:19:45.658+0000] {logging_mixin.py:115} INFO - [2024-10-30T16:19:45.658+0000] {dag.py:2429} INFO - Sync 1 DAGs
[2024-10-30T16:19:45.676+0000] {logging_mixin.py:115} INFO - [2024-10-30T16:19:45.676+0000] {dag.py:2981} INFO - Setting next_dagrun for example_trigger_target_dag to None, run_after=None
[2024-10-30T16:19:45.684+0000] {processor.py:161} INFO - Processing /home/airflow/.local/lib/python3.7/site-packages/airflow/example_dags/example_trigger_target_dag.py took 0.062 seconds
[2024-10-30T16:20:16.220+0000] {processor.py:153} INFO - Started process (PID=1124) to work on /home/airflow/.local/lib/python3.7/site-packages/airflow/example_dags/example_trigger_target_dag.py
[2024-10-30T16:20:16.221+0000] {processor.py:640} INFO - Processing file /home/airflow/.local/lib/python3.7/site-packages/airflow/example_dags/example_trigger_target_dag.py for tasks to queue
[2024-10-30T16:20:16.221+0000] {logging_mixin.py:115} INFO - [2024-10-30T16:20:16.221+0000] {dagbag.py:508} INFO - Filling up the DagBag from /home/airflow/.local/lib/python3.7/site-packages/airflow/example_dags/example_trigger_target_dag.py
[2024-10-30T16:20:16.232+0000] {processor.py:650} INFO - DAG(s) dict_keys(['example_trigger_target_dag']) retrieved from /home/airflow/.local/lib/python3.7/site-packages/airflow/example_dags/example_trigger_target_dag.py
[2024-10-30T16:20:16.248+0000] {logging_mixin.py:115} INFO - [2024-10-30T16:20:16.247+0000] {dag.py:2429} INFO - Sync 1 DAGs
[2024-10-30T16:20:16.261+0000] {logging_mixin.py:115} INFO - [2024-10-30T16:20:16.261+0000] {dag.py:2981} INFO - Setting next_dagrun for example_trigger_target_dag to None, run_after=None
[2024-10-30T16:20:16.270+0000] {processor.py:161} INFO - Processing /home/airflow/.local/lib/python3.7/site-packages/airflow/example_dags/example_trigger_target_dag.py took 0.051 seconds
[2024-10-30T16:20:46.825+0000] {processor.py:153} INFO - Started process (PID=1186) to work on /home/airflow/.local/lib/python3.7/site-packages/airflow/example_dags/example_trigger_target_dag.py
[2024-10-30T16:20:46.826+0000] {processor.py:640} INFO - Processing file /home/airflow/.local/lib/python3.7/site-packages/airflow/example_dags/example_trigger_target_dag.py for tasks to queue
[2024-10-30T16:20:46.826+0000] {logging_mixin.py:115} INFO - [2024-10-30T16:20:46.826+0000] {dagbag.py:508} INFO - Filling up the DagBag from /home/airflow/.local/lib/python3.7/site-packages/airflow/example_dags/example_trigger_target_dag.py
[2024-10-30T16:20:46.836+0000] {processor.py:650} INFO - DAG(s) dict_keys(['example_trigger_target_dag']) retrieved from /home/airflow/.local/lib/python3.7/site-packages/airflow/example_dags/example_trigger_target_dag.py
[2024-10-30T16:20:46.852+0000] {logging_mixin.py:115} INFO - [2024-10-30T16:20:46.851+0000] {dag.py:2429} INFO - Sync 1 DAGs
[2024-10-30T16:20:46.866+0000] {logging_mixin.py:115} INFO - [2024-10-30T16:20:46.866+0000] {dag.py:2981} INFO - Setting next_dagrun for example_trigger_target_dag to None, run_after=None
[2024-10-30T16:20:46.874+0000] {processor.py:161} INFO - Processing /home/airflow/.local/lib/python3.7/site-packages/airflow/example_dags/example_trigger_target_dag.py took 0.051 seconds
[2024-10-30T16:21:17.303+0000] {processor.py:153} INFO - Started process (PID=1248) to work on /home/airflow/.local/lib/python3.7/site-packages/airflow/example_dags/example_trigger_target_dag.py
[2024-10-30T16:21:17.303+0000] {processor.py:640} INFO - Processing file /home/airflow/.local/lib/python3.7/site-packages/airflow/example_dags/example_trigger_target_dag.py for tasks to queue
[2024-10-30T16:21:17.304+0000] {logging_mixin.py:115} INFO - [2024-10-30T16:21:17.304+0000] {dagbag.py:508} INFO - Filling up the DagBag from /home/airflow/.local/lib/python3.7/site-packages/airflow/example_dags/example_trigger_target_dag.py
[2024-10-30T16:21:17.313+0000] {processor.py:650} INFO - DAG(s) dict_keys(['example_trigger_target_dag']) retrieved from /home/airflow/.local/lib/python3.7/site-packages/airflow/example_dags/example_trigger_target_dag.py
[2024-10-30T16:21:17.329+0000] {logging_mixin.py:115} INFO - [2024-10-30T16:21:17.328+0000] {dag.py:2429} INFO - Sync 1 DAGs
[2024-10-30T16:21:17.344+0000] {logging_mixin.py:115} INFO - [2024-10-30T16:21:17.344+0000] {dag.py:2981} INFO - Setting next_dagrun for example_trigger_target_dag to None, run_after=None
[2024-10-30T16:21:17.353+0000] {processor.py:161} INFO - Processing /home/airflow/.local/lib/python3.7/site-packages/airflow/example_dags/example_trigger_target_dag.py took 0.052 seconds
[2024-10-30T16:21:47.732+0000] {processor.py:153} INFO - Started process (PID=1301) to work on /home/airflow/.local/lib/python3.7/site-packages/airflow/example_dags/example_trigger_target_dag.py
[2024-10-30T16:21:47.732+0000] {processor.py:640} INFO - Processing file /home/airflow/.local/lib/python3.7/site-packages/airflow/example_dags/example_trigger_target_dag.py for tasks to queue
[2024-10-30T16:21:47.733+0000] {logging_mixin.py:115} INFO - [2024-10-30T16:21:47.733+0000] {dagbag.py:508} INFO - Filling up the DagBag from /home/airflow/.local/lib/python3.7/site-packages/airflow/example_dags/example_trigger_target_dag.py
[2024-10-30T16:21:47.743+0000] {processor.py:650} INFO - DAG(s) dict_keys(['example_trigger_target_dag']) retrieved from /home/airflow/.local/lib/python3.7/site-packages/airflow/example_dags/example_trigger_target_dag.py
[2024-10-30T16:21:47.760+0000] {logging_mixin.py:115} INFO - [2024-10-30T16:21:47.760+0000] {dag.py:2429} INFO - Sync 1 DAGs
[2024-10-30T16:21:47.777+0000] {logging_mixin.py:115} INFO - [2024-10-30T16:21:47.777+0000] {dag.py:2981} INFO - Setting next_dagrun for example_trigger_target_dag to None, run_after=None
[2024-10-30T16:21:47.787+0000] {processor.py:161} INFO - Processing /home/airflow/.local/lib/python3.7/site-packages/airflow/example_dags/example_trigger_target_dag.py took 0.058 seconds
[2024-10-30T16:22:18.602+0000] {processor.py:153} INFO - Started process (PID=1363) to work on /home/airflow/.local/lib/python3.7/site-packages/airflow/example_dags/example_trigger_target_dag.py
[2024-10-30T16:22:18.602+0000] {processor.py:640} INFO - Processing file /home/airflow/.local/lib/python3.7/site-packages/airflow/example_dags/example_trigger_target_dag.py for tasks to queue
[2024-10-30T16:22:18.603+0000] {logging_mixin.py:115} INFO - [2024-10-30T16:22:18.603+0000] {dagbag.py:508} INFO - Filling up the DagBag from /home/airflow/.local/lib/python3.7/site-packages/airflow/example_dags/example_trigger_target_dag.py
[2024-10-30T16:22:18.612+0000] {processor.py:650} INFO - DAG(s) dict_keys(['example_trigger_target_dag']) retrieved from /home/airflow/.local/lib/python3.7/site-packages/airflow/example_dags/example_trigger_target_dag.py
[2024-10-30T16:22:18.629+0000] {logging_mixin.py:115} INFO - [2024-10-30T16:22:18.629+0000] {dag.py:2429} INFO - Sync 1 DAGs
[2024-10-30T16:22:18.645+0000] {logging_mixin.py:115} INFO - [2024-10-30T16:22:18.645+0000] {dag.py:2981} INFO - Setting next_dagrun for example_trigger_target_dag to None, run_after=None
[2024-10-30T16:22:18.652+0000] {processor.py:161} INFO - Processing /home/airflow/.local/lib/python3.7/site-packages/airflow/example_dags/example_trigger_target_dag.py took 0.052 seconds
[2024-10-30T16:22:49.268+0000] {processor.py:153} INFO - Started process (PID=1425) to work on /home/airflow/.local/lib/python3.7/site-packages/airflow/example_dags/example_trigger_target_dag.py
[2024-10-30T16:22:49.269+0000] {processor.py:640} INFO - Processing file /home/airflow/.local/lib/python3.7/site-packages/airflow/example_dags/example_trigger_target_dag.py for tasks to queue
[2024-10-30T16:22:49.269+0000] {logging_mixin.py:115} INFO - [2024-10-30T16:22:49.269+0000] {dagbag.py:508} INFO - Filling up the DagBag from /home/airflow/.local/lib/python3.7/site-packages/airflow/example_dags/example_trigger_target_dag.py
[2024-10-30T16:22:49.279+0000] {processor.py:650} INFO - DAG(s) dict_keys(['example_trigger_target_dag']) retrieved from /home/airflow/.local/lib/python3.7/site-packages/airflow/example_dags/example_trigger_target_dag.py
[2024-10-30T16:22:49.297+0000] {logging_mixin.py:115} INFO - [2024-10-30T16:22:49.297+0000] {dag.py:2429} INFO - Sync 1 DAGs
[2024-10-30T16:22:49.314+0000] {logging_mixin.py:115} INFO - [2024-10-30T16:22:49.314+0000] {dag.py:2981} INFO - Setting next_dagrun for example_trigger_target_dag to None, run_after=None
[2024-10-30T16:22:49.322+0000] {processor.py:161} INFO - Processing /home/airflow/.local/lib/python3.7/site-packages/airflow/example_dags/example_trigger_target_dag.py took 0.056 seconds
[2024-10-30T16:23:19.819+0000] {processor.py:153} INFO - Started process (PID=1487) to work on /home/airflow/.local/lib/python3.7/site-packages/airflow/example_dags/example_trigger_target_dag.py
[2024-10-30T16:23:19.820+0000] {processor.py:640} INFO - Processing file /home/airflow/.local/lib/python3.7/site-packages/airflow/example_dags/example_trigger_target_dag.py for tasks to queue
[2024-10-30T16:23:19.820+0000] {logging_mixin.py:115} INFO - [2024-10-30T16:23:19.820+0000] {dagbag.py:508} INFO - Filling up the DagBag from /home/airflow/.local/lib/python3.7/site-packages/airflow/example_dags/example_trigger_target_dag.py
[2024-10-30T16:23:19.833+0000] {processor.py:650} INFO - DAG(s) dict_keys(['example_trigger_target_dag']) retrieved from /home/airflow/.local/lib/python3.7/site-packages/airflow/example_dags/example_trigger_target_dag.py
[2024-10-30T16:23:19.850+0000] {logging_mixin.py:115} INFO - [2024-10-30T16:23:19.850+0000] {dag.py:2429} INFO - Sync 1 DAGs
[2024-10-30T16:23:19.869+0000] {logging_mixin.py:115} INFO - [2024-10-30T16:23:19.869+0000] {dag.py:2981} INFO - Setting next_dagrun for example_trigger_target_dag to None, run_after=None
[2024-10-30T16:23:19.877+0000] {processor.py:161} INFO - Processing /home/airflow/.local/lib/python3.7/site-packages/airflow/example_dags/example_trigger_target_dag.py took 0.061 seconds
[2024-10-30T16:23:50.502+0000] {processor.py:153} INFO - Started process (PID=1540) to work on /home/airflow/.local/lib/python3.7/site-packages/airflow/example_dags/example_trigger_target_dag.py
[2024-10-30T16:23:50.502+0000] {processor.py:640} INFO - Processing file /home/airflow/.local/lib/python3.7/site-packages/airflow/example_dags/example_trigger_target_dag.py for tasks to queue
[2024-10-30T16:23:50.503+0000] {logging_mixin.py:115} INFO - [2024-10-30T16:23:50.503+0000] {dagbag.py:508} INFO - Filling up the DagBag from /home/airflow/.local/lib/python3.7/site-packages/airflow/example_dags/example_trigger_target_dag.py
[2024-10-30T16:23:50.515+0000] {processor.py:650} INFO - DAG(s) dict_keys(['example_trigger_target_dag']) retrieved from /home/airflow/.local/lib/python3.7/site-packages/airflow/example_dags/example_trigger_target_dag.py
[2024-10-30T16:23:50.535+0000] {logging_mixin.py:115} INFO - [2024-10-30T16:23:50.535+0000] {dag.py:2429} INFO - Sync 1 DAGs
[2024-10-30T16:23:50.553+0000] {logging_mixin.py:115} INFO - [2024-10-30T16:23:50.553+0000] {dag.py:2981} INFO - Setting next_dagrun for example_trigger_target_dag to None, run_after=None
[2024-10-30T16:23:50.561+0000] {processor.py:161} INFO - Processing /home/airflow/.local/lib/python3.7/site-packages/airflow/example_dags/example_trigger_target_dag.py took 0.062 seconds
[2024-10-30T16:24:21.190+0000] {processor.py:153} INFO - Started process (PID=1602) to work on /home/airflow/.local/lib/python3.7/site-packages/airflow/example_dags/example_trigger_target_dag.py
[2024-10-30T16:24:21.191+0000] {processor.py:640} INFO - Processing file /home/airflow/.local/lib/python3.7/site-packages/airflow/example_dags/example_trigger_target_dag.py for tasks to queue
[2024-10-30T16:24:21.192+0000] {logging_mixin.py:115} INFO - [2024-10-30T16:24:21.192+0000] {dagbag.py:508} INFO - Filling up the DagBag from /home/airflow/.local/lib/python3.7/site-packages/airflow/example_dags/example_trigger_target_dag.py
[2024-10-30T16:24:21.203+0000] {processor.py:650} INFO - DAG(s) dict_keys(['example_trigger_target_dag']) retrieved from /home/airflow/.local/lib/python3.7/site-packages/airflow/example_dags/example_trigger_target_dag.py
[2024-10-30T16:24:21.219+0000] {logging_mixin.py:115} INFO - [2024-10-30T16:24:21.219+0000] {dag.py:2429} INFO - Sync 1 DAGs
[2024-10-30T16:24:21.236+0000] {logging_mixin.py:115} INFO - [2024-10-30T16:24:21.236+0000] {dag.py:2981} INFO - Setting next_dagrun for example_trigger_target_dag to None, run_after=None
[2024-10-30T16:24:21.244+0000] {processor.py:161} INFO - Processing /home/airflow/.local/lib/python3.7/site-packages/airflow/example_dags/example_trigger_target_dag.py took 0.056 seconds
[2024-10-30T16:24:52.123+0000] {processor.py:153} INFO - Started process (PID=1665) to work on /home/airflow/.local/lib/python3.7/site-packages/airflow/example_dags/example_trigger_target_dag.py
[2024-10-30T16:24:52.124+0000] {processor.py:640} INFO - Processing file /home/airflow/.local/lib/python3.7/site-packages/airflow/example_dags/example_trigger_target_dag.py for tasks to queue
[2024-10-30T16:24:52.124+0000] {logging_mixin.py:115} INFO - [2024-10-30T16:24:52.124+0000] {dagbag.py:508} INFO - Filling up the DagBag from /home/airflow/.local/lib/python3.7/site-packages/airflow/example_dags/example_trigger_target_dag.py
[2024-10-30T16:24:52.137+0000] {processor.py:650} INFO - DAG(s) dict_keys(['example_trigger_target_dag']) retrieved from /home/airflow/.local/lib/python3.7/site-packages/airflow/example_dags/example_trigger_target_dag.py
[2024-10-30T16:24:52.155+0000] {logging_mixin.py:115} INFO - [2024-10-30T16:24:52.155+0000] {dag.py:2429} INFO - Sync 1 DAGs
[2024-10-30T16:24:52.173+0000] {logging_mixin.py:115} INFO - [2024-10-30T16:24:52.173+0000] {dag.py:2981} INFO - Setting next_dagrun for example_trigger_target_dag to None, run_after=None
[2024-10-30T16:24:52.181+0000] {processor.py:161} INFO - Processing /home/airflow/.local/lib/python3.7/site-packages/airflow/example_dags/example_trigger_target_dag.py took 0.060 seconds
[2024-10-30T16:25:22.936+0000] {processor.py:153} INFO - Started process (PID=1727) to work on /home/airflow/.local/lib/python3.7/site-packages/airflow/example_dags/example_trigger_target_dag.py
[2024-10-30T16:25:22.937+0000] {processor.py:640} INFO - Processing file /home/airflow/.local/lib/python3.7/site-packages/airflow/example_dags/example_trigger_target_dag.py for tasks to queue
[2024-10-30T16:25:22.938+0000] {logging_mixin.py:115} INFO - [2024-10-30T16:25:22.937+0000] {dagbag.py:508} INFO - Filling up the DagBag from /home/airflow/.local/lib/python3.7/site-packages/airflow/example_dags/example_trigger_target_dag.py
[2024-10-30T16:25:22.947+0000] {processor.py:650} INFO - DAG(s) dict_keys(['example_trigger_target_dag']) retrieved from /home/airflow/.local/lib/python3.7/site-packages/airflow/example_dags/example_trigger_target_dag.py
[2024-10-30T16:25:22.966+0000] {logging_mixin.py:115} INFO - [2024-10-30T16:25:22.966+0000] {dag.py:2429} INFO - Sync 1 DAGs
[2024-10-30T16:25:22.981+0000] {logging_mixin.py:115} INFO - [2024-10-30T16:25:22.981+0000] {dag.py:2981} INFO - Setting next_dagrun for example_trigger_target_dag to None, run_after=None
[2024-10-30T16:25:22.989+0000] {processor.py:161} INFO - Processing /home/airflow/.local/lib/python3.7/site-packages/airflow/example_dags/example_trigger_target_dag.py took 0.055 seconds
[2024-10-30T16:25:53.443+0000] {processor.py:153} INFO - Started process (PID=1780) to work on /home/airflow/.local/lib/python3.7/site-packages/airflow/example_dags/example_trigger_target_dag.py
[2024-10-30T16:25:53.443+0000] {processor.py:640} INFO - Processing file /home/airflow/.local/lib/python3.7/site-packages/airflow/example_dags/example_trigger_target_dag.py for tasks to queue
[2024-10-30T16:25:53.444+0000] {logging_mixin.py:115} INFO - [2024-10-30T16:25:53.443+0000] {dagbag.py:508} INFO - Filling up the DagBag from /home/airflow/.local/lib/python3.7/site-packages/airflow/example_dags/example_trigger_target_dag.py
[2024-10-30T16:25:53.453+0000] {processor.py:650} INFO - DAG(s) dict_keys(['example_trigger_target_dag']) retrieved from /home/airflow/.local/lib/python3.7/site-packages/airflow/example_dags/example_trigger_target_dag.py
[2024-10-30T16:25:53.471+0000] {logging_mixin.py:115} INFO - [2024-10-30T16:25:53.471+0000] {dag.py:2429} INFO - Sync 1 DAGs
[2024-10-30T16:25:53.488+0000] {logging_mixin.py:115} INFO - [2024-10-30T16:25:53.488+0000] {dag.py:2981} INFO - Setting next_dagrun for example_trigger_target_dag to None, run_after=None
[2024-10-30T16:25:53.498+0000] {processor.py:161} INFO - Processing /home/airflow/.local/lib/python3.7/site-packages/airflow/example_dags/example_trigger_target_dag.py took 0.057 seconds
[2024-10-30T16:26:23.530+0000] {processor.py:153} INFO - Started process (PID=1845) to work on /home/airflow/.local/lib/python3.7/site-packages/airflow/example_dags/example_trigger_target_dag.py
[2024-10-30T16:26:23.531+0000] {processor.py:640} INFO - Processing file /home/airflow/.local/lib/python3.7/site-packages/airflow/example_dags/example_trigger_target_dag.py for tasks to queue
[2024-10-30T16:26:23.531+0000] {logging_mixin.py:115} INFO - [2024-10-30T16:26:23.531+0000] {dagbag.py:508} INFO - Filling up the DagBag from /home/airflow/.local/lib/python3.7/site-packages/airflow/example_dags/example_trigger_target_dag.py
[2024-10-30T16:26:23.545+0000] {processor.py:650} INFO - DAG(s) dict_keys(['example_trigger_target_dag']) retrieved from /home/airflow/.local/lib/python3.7/site-packages/airflow/example_dags/example_trigger_target_dag.py
[2024-10-30T16:26:23.568+0000] {logging_mixin.py:115} INFO - [2024-10-30T16:26:23.567+0000] {dag.py:2429} INFO - Sync 1 DAGs
[2024-10-30T16:26:23.589+0000] {logging_mixin.py:115} INFO - [2024-10-30T16:26:23.589+0000] {dag.py:2981} INFO - Setting next_dagrun for example_trigger_target_dag to None, run_after=None
[2024-10-30T16:26:23.602+0000] {processor.py:161} INFO - Processing /home/airflow/.local/lib/python3.7/site-packages/airflow/example_dags/example_trigger_target_dag.py took 0.074 seconds
[2024-10-30T16:26:54.300+0000] {processor.py:153} INFO - Started process (PID=1909) to work on /home/airflow/.local/lib/python3.7/site-packages/airflow/example_dags/example_trigger_target_dag.py
[2024-10-30T16:26:54.300+0000] {processor.py:640} INFO - Processing file /home/airflow/.local/lib/python3.7/site-packages/airflow/example_dags/example_trigger_target_dag.py for tasks to queue
[2024-10-30T16:26:54.301+0000] {logging_mixin.py:115} INFO - [2024-10-30T16:26:54.301+0000] {dagbag.py:508} INFO - Filling up the DagBag from /home/airflow/.local/lib/python3.7/site-packages/airflow/example_dags/example_trigger_target_dag.py
[2024-10-30T16:26:54.310+0000] {processor.py:650} INFO - DAG(s) dict_keys(['example_trigger_target_dag']) retrieved from /home/airflow/.local/lib/python3.7/site-packages/airflow/example_dags/example_trigger_target_dag.py
[2024-10-30T16:26:54.325+0000] {logging_mixin.py:115} INFO - [2024-10-30T16:26:54.325+0000] {dag.py:2429} INFO - Sync 1 DAGs
[2024-10-30T16:26:54.342+0000] {logging_mixin.py:115} INFO - [2024-10-30T16:26:54.342+0000] {dag.py:2981} INFO - Setting next_dagrun for example_trigger_target_dag to None, run_after=None
[2024-10-30T16:26:54.352+0000] {processor.py:161} INFO - Processing /home/airflow/.local/lib/python3.7/site-packages/airflow/example_dags/example_trigger_target_dag.py took 0.054 seconds
