[2024-10-30T16:11:07.512+0000] {processor.py:153} INFO - Started process (PID=81) to work on /home/airflow/.local/lib/python3.7/site-packages/airflow/example_dags/example_external_task_marker_dag.py
[2024-10-30T16:11:07.513+0000] {processor.py:640} INFO - Processing file /home/airflow/.local/lib/python3.7/site-packages/airflow/example_dags/example_external_task_marker_dag.py for tasks to queue
[2024-10-30T16:11:07.514+0000] {logging_mixin.py:115} INFO - [2024-10-30T16:11:07.514+0000] {dagbag.py:508} INFO - Filling up the DagBag from /home/airflow/.local/lib/python3.7/site-packages/airflow/example_dags/example_external_task_marker_dag.py
[2024-10-30T16:11:07.518+0000] {processor.py:650} INFO - DAG(s) dict_keys(['example_external_task_marker_parent', 'example_external_task_marker_child']) retrieved from /home/airflow/.local/lib/python3.7/site-packages/airflow/example_dags/example_external_task_marker_dag.py
[2024-10-30T16:11:07.585+0000] {logging_mixin.py:115} INFO - [2024-10-30T16:11:07.585+0000] {manager.py:508} INFO - Created Permission View: can delete on DAG:example_external_task_marker_parent
[2024-10-30T16:11:07.593+0000] {logging_mixin.py:115} INFO - [2024-10-30T16:11:07.593+0000] {manager.py:508} INFO - Created Permission View: can read on DAG:example_external_task_marker_parent
[2024-10-30T16:11:07.599+0000] {logging_mixin.py:115} INFO - [2024-10-30T16:11:07.599+0000] {manager.py:508} INFO - Created Permission View: can edit on DAG:example_external_task_marker_parent
[2024-10-30T16:11:07.761+0000] {logging_mixin.py:115} INFO - [2024-10-30T16:11:07.761+0000] {manager.py:508} INFO - Created Permission View: can delete on DAG:example_external_task_marker_child
[2024-10-30T16:11:07.769+0000] {logging_mixin.py:115} INFO - [2024-10-30T16:11:07.769+0000] {manager.py:508} INFO - Created Permission View: can read on DAG:example_external_task_marker_child
[2024-10-30T16:11:07.777+0000] {logging_mixin.py:115} INFO - [2024-10-30T16:11:07.777+0000] {manager.py:508} INFO - Created Permission View: can edit on DAG:example_external_task_marker_child
[2024-10-30T16:11:07.777+0000] {logging_mixin.py:115} INFO - [2024-10-30T16:11:07.777+0000] {dag.py:2429} INFO - Sync 2 DAGs
[2024-10-30T16:11:07.785+0000] {logging_mixin.py:115} INFO - [2024-10-30T16:11:07.785+0000] {dag.py:2448} INFO - Creating ORM DAG for example_external_task_marker_child
[2024-10-30T16:11:07.786+0000] {logging_mixin.py:115} INFO - [2024-10-30T16:11:07.786+0000] {dag.py:2448} INFO - Creating ORM DAG for example_external_task_marker_parent
[2024-10-30T16:11:07.797+0000] {logging_mixin.py:115} INFO - [2024-10-30T16:11:07.797+0000] {dag.py:2981} INFO - Setting next_dagrun for example_external_task_marker_child to None, run_after=None
[2024-10-30T16:11:07.797+0000] {logging_mixin.py:115} INFO - [2024-10-30T16:11:07.797+0000] {dag.py:2981} INFO - Setting next_dagrun for example_external_task_marker_parent to None, run_after=None
[2024-10-30T16:11:07.812+0000] {processor.py:161} INFO - Processing /home/airflow/.local/lib/python3.7/site-packages/airflow/example_dags/example_external_task_marker_dag.py took 0.302 seconds
[2024-10-30T16:11:38.326+0000] {processor.py:153} INFO - Started process (PID=143) to work on /home/airflow/.local/lib/python3.7/site-packages/airflow/example_dags/example_external_task_marker_dag.py
[2024-10-30T16:11:38.326+0000] {processor.py:640} INFO - Processing file /home/airflow/.local/lib/python3.7/site-packages/airflow/example_dags/example_external_task_marker_dag.py for tasks to queue
[2024-10-30T16:11:38.327+0000] {logging_mixin.py:115} INFO - [2024-10-30T16:11:38.327+0000] {dagbag.py:508} INFO - Filling up the DagBag from /home/airflow/.local/lib/python3.7/site-packages/airflow/example_dags/example_external_task_marker_dag.py
[2024-10-30T16:11:38.329+0000] {processor.py:650} INFO - DAG(s) dict_keys(['example_external_task_marker_parent', 'example_external_task_marker_child']) retrieved from /home/airflow/.local/lib/python3.7/site-packages/airflow/example_dags/example_external_task_marker_dag.py
[2024-10-30T16:11:38.476+0000] {logging_mixin.py:115} INFO - [2024-10-30T16:11:38.475+0000] {dag.py:2429} INFO - Sync 2 DAGs
[2024-10-30T16:11:38.498+0000] {logging_mixin.py:115} INFO - [2024-10-30T16:11:38.498+0000] {dag.py:2981} INFO - Setting next_dagrun for example_external_task_marker_child to None, run_after=None
[2024-10-30T16:11:38.499+0000] {logging_mixin.py:115} INFO - [2024-10-30T16:11:38.499+0000] {dag.py:2981} INFO - Setting next_dagrun for example_external_task_marker_parent to None, run_after=None
[2024-10-30T16:11:38.508+0000] {processor.py:161} INFO - Processing /home/airflow/.local/lib/python3.7/site-packages/airflow/example_dags/example_external_task_marker_dag.py took 0.185 seconds
[2024-10-30T16:12:09.032+0000] {processor.py:153} INFO - Started process (PID=207) to work on /home/airflow/.local/lib/python3.7/site-packages/airflow/example_dags/example_external_task_marker_dag.py
[2024-10-30T16:12:09.032+0000] {processor.py:640} INFO - Processing file /home/airflow/.local/lib/python3.7/site-packages/airflow/example_dags/example_external_task_marker_dag.py for tasks to queue
[2024-10-30T16:12:09.033+0000] {logging_mixin.py:115} INFO - [2024-10-30T16:12:09.033+0000] {dagbag.py:508} INFO - Filling up the DagBag from /home/airflow/.local/lib/python3.7/site-packages/airflow/example_dags/example_external_task_marker_dag.py
[2024-10-30T16:12:09.036+0000] {processor.py:650} INFO - DAG(s) dict_keys(['example_external_task_marker_parent', 'example_external_task_marker_child']) retrieved from /home/airflow/.local/lib/python3.7/site-packages/airflow/example_dags/example_external_task_marker_dag.py
[2024-10-30T16:12:09.181+0000] {logging_mixin.py:115} INFO - [2024-10-30T16:12:09.180+0000] {dag.py:2429} INFO - Sync 2 DAGs
[2024-10-30T16:12:09.197+0000] {logging_mixin.py:115} INFO - [2024-10-30T16:12:09.197+0000] {dag.py:2981} INFO - Setting next_dagrun for example_external_task_marker_child to None, run_after=None
[2024-10-30T16:12:09.198+0000] {logging_mixin.py:115} INFO - [2024-10-30T16:12:09.198+0000] {dag.py:2981} INFO - Setting next_dagrun for example_external_task_marker_parent to None, run_after=None
[2024-10-30T16:12:09.205+0000] {processor.py:161} INFO - Processing /home/airflow/.local/lib/python3.7/site-packages/airflow/example_dags/example_external_task_marker_dag.py took 0.176 seconds
[2024-10-30T16:12:39.455+0000] {processor.py:153} INFO - Started process (PID=259) to work on /home/airflow/.local/lib/python3.7/site-packages/airflow/example_dags/example_external_task_marker_dag.py
[2024-10-30T16:12:39.456+0000] {processor.py:640} INFO - Processing file /home/airflow/.local/lib/python3.7/site-packages/airflow/example_dags/example_external_task_marker_dag.py for tasks to queue
[2024-10-30T16:12:39.456+0000] {logging_mixin.py:115} INFO - [2024-10-30T16:12:39.456+0000] {dagbag.py:508} INFO - Filling up the DagBag from /home/airflow/.local/lib/python3.7/site-packages/airflow/example_dags/example_external_task_marker_dag.py
[2024-10-30T16:12:39.460+0000] {processor.py:650} INFO - DAG(s) dict_keys(['example_external_task_marker_parent', 'example_external_task_marker_child']) retrieved from /home/airflow/.local/lib/python3.7/site-packages/airflow/example_dags/example_external_task_marker_dag.py
[2024-10-30T16:12:39.588+0000] {logging_mixin.py:115} INFO - [2024-10-30T16:12:39.588+0000] {dag.py:2429} INFO - Sync 2 DAGs
[2024-10-30T16:12:39.602+0000] {logging_mixin.py:115} INFO - [2024-10-30T16:12:39.602+0000] {dag.py:2981} INFO - Setting next_dagrun for example_external_task_marker_child to None, run_after=None
[2024-10-30T16:12:39.602+0000] {logging_mixin.py:115} INFO - [2024-10-30T16:12:39.602+0000] {dag.py:2981} INFO - Setting next_dagrun for example_external_task_marker_parent to None, run_after=None
[2024-10-30T16:12:39.609+0000] {processor.py:161} INFO - Processing /home/airflow/.local/lib/python3.7/site-packages/airflow/example_dags/example_external_task_marker_dag.py took 0.157 seconds
[2024-10-30T16:13:09.967+0000] {processor.py:153} INFO - Started process (PID=321) to work on /home/airflow/.local/lib/python3.7/site-packages/airflow/example_dags/example_external_task_marker_dag.py
[2024-10-30T16:13:09.967+0000] {processor.py:640} INFO - Processing file /home/airflow/.local/lib/python3.7/site-packages/airflow/example_dags/example_external_task_marker_dag.py for tasks to queue
[2024-10-30T16:13:09.968+0000] {logging_mixin.py:115} INFO - [2024-10-30T16:13:09.968+0000] {dagbag.py:508} INFO - Filling up the DagBag from /home/airflow/.local/lib/python3.7/site-packages/airflow/example_dags/example_external_task_marker_dag.py
[2024-10-30T16:13:09.972+0000] {processor.py:650} INFO - DAG(s) dict_keys(['example_external_task_marker_parent', 'example_external_task_marker_child']) retrieved from /home/airflow/.local/lib/python3.7/site-packages/airflow/example_dags/example_external_task_marker_dag.py
[2024-10-30T16:13:10.111+0000] {logging_mixin.py:115} INFO - [2024-10-30T16:13:10.110+0000] {dag.py:2429} INFO - Sync 2 DAGs
[2024-10-30T16:13:10.124+0000] {logging_mixin.py:115} INFO - [2024-10-30T16:13:10.124+0000] {dag.py:2981} INFO - Setting next_dagrun for example_external_task_marker_child to None, run_after=None
[2024-10-30T16:13:10.125+0000] {logging_mixin.py:115} INFO - [2024-10-30T16:13:10.125+0000] {dag.py:2981} INFO - Setting next_dagrun for example_external_task_marker_parent to None, run_after=None
[2024-10-30T16:13:10.132+0000] {processor.py:161} INFO - Processing /home/airflow/.local/lib/python3.7/site-packages/airflow/example_dags/example_external_task_marker_dag.py took 0.168 seconds
[2024-10-30T16:13:40.811+0000] {processor.py:153} INFO - Started process (PID=384) to work on /home/airflow/.local/lib/python3.7/site-packages/airflow/example_dags/example_external_task_marker_dag.py
[2024-10-30T16:13:40.812+0000] {processor.py:640} INFO - Processing file /home/airflow/.local/lib/python3.7/site-packages/airflow/example_dags/example_external_task_marker_dag.py for tasks to queue
[2024-10-30T16:13:40.813+0000] {logging_mixin.py:115} INFO - [2024-10-30T16:13:40.812+0000] {dagbag.py:508} INFO - Filling up the DagBag from /home/airflow/.local/lib/python3.7/site-packages/airflow/example_dags/example_external_task_marker_dag.py
[2024-10-30T16:13:40.815+0000] {processor.py:650} INFO - DAG(s) dict_keys(['example_external_task_marker_parent', 'example_external_task_marker_child']) retrieved from /home/airflow/.local/lib/python3.7/site-packages/airflow/example_dags/example_external_task_marker_dag.py
[2024-10-30T16:13:40.978+0000] {logging_mixin.py:115} INFO - [2024-10-30T16:13:40.977+0000] {dag.py:2429} INFO - Sync 2 DAGs
[2024-10-30T16:13:40.998+0000] {logging_mixin.py:115} INFO - [2024-10-30T16:13:40.997+0000] {dag.py:2981} INFO - Setting next_dagrun for example_external_task_marker_child to None, run_after=None
[2024-10-30T16:13:40.998+0000] {logging_mixin.py:115} INFO - [2024-10-30T16:13:40.998+0000] {dag.py:2981} INFO - Setting next_dagrun for example_external_task_marker_parent to None, run_after=None
[2024-10-30T16:13:41.006+0000] {processor.py:161} INFO - Processing /home/airflow/.local/lib/python3.7/site-packages/airflow/example_dags/example_external_task_marker_dag.py took 0.198 seconds
[2024-10-30T16:14:11.603+0000] {processor.py:153} INFO - Started process (PID=446) to work on /home/airflow/.local/lib/python3.7/site-packages/airflow/example_dags/example_external_task_marker_dag.py
[2024-10-30T16:14:11.603+0000] {processor.py:640} INFO - Processing file /home/airflow/.local/lib/python3.7/site-packages/airflow/example_dags/example_external_task_marker_dag.py for tasks to queue
[2024-10-30T16:14:11.604+0000] {logging_mixin.py:115} INFO - [2024-10-30T16:14:11.604+0000] {dagbag.py:508} INFO - Filling up the DagBag from /home/airflow/.local/lib/python3.7/site-packages/airflow/example_dags/example_external_task_marker_dag.py
[2024-10-30T16:14:11.607+0000] {processor.py:650} INFO - DAG(s) dict_keys(['example_external_task_marker_parent', 'example_external_task_marker_child']) retrieved from /home/airflow/.local/lib/python3.7/site-packages/airflow/example_dags/example_external_task_marker_dag.py
[2024-10-30T16:14:11.771+0000] {logging_mixin.py:115} INFO - [2024-10-30T16:14:11.771+0000] {dag.py:2429} INFO - Sync 2 DAGs
[2024-10-30T16:14:11.793+0000] {logging_mixin.py:115} INFO - [2024-10-30T16:14:11.793+0000] {dag.py:2981} INFO - Setting next_dagrun for example_external_task_marker_child to None, run_after=None
[2024-10-30T16:14:11.794+0000] {logging_mixin.py:115} INFO - [2024-10-30T16:14:11.793+0000] {dag.py:2981} INFO - Setting next_dagrun for example_external_task_marker_parent to None, run_after=None
[2024-10-30T16:14:11.804+0000] {processor.py:161} INFO - Processing /home/airflow/.local/lib/python3.7/site-packages/airflow/example_dags/example_external_task_marker_dag.py took 0.204 seconds
[2024-10-30T16:14:42.345+0000] {processor.py:153} INFO - Started process (PID=499) to work on /home/airflow/.local/lib/python3.7/site-packages/airflow/example_dags/example_external_task_marker_dag.py
[2024-10-30T16:14:42.345+0000] {processor.py:640} INFO - Processing file /home/airflow/.local/lib/python3.7/site-packages/airflow/example_dags/example_external_task_marker_dag.py for tasks to queue
[2024-10-30T16:14:42.346+0000] {logging_mixin.py:115} INFO - [2024-10-30T16:14:42.346+0000] {dagbag.py:508} INFO - Filling up the DagBag from /home/airflow/.local/lib/python3.7/site-packages/airflow/example_dags/example_external_task_marker_dag.py
[2024-10-30T16:14:42.349+0000] {processor.py:650} INFO - DAG(s) dict_keys(['example_external_task_marker_parent', 'example_external_task_marker_child']) retrieved from /home/airflow/.local/lib/python3.7/site-packages/airflow/example_dags/example_external_task_marker_dag.py
[2024-10-30T16:14:42.489+0000] {logging_mixin.py:115} INFO - [2024-10-30T16:14:42.489+0000] {dag.py:2429} INFO - Sync 2 DAGs
[2024-10-30T16:14:42.508+0000] {logging_mixin.py:115} INFO - [2024-10-30T16:14:42.508+0000] {dag.py:2981} INFO - Setting next_dagrun for example_external_task_marker_child to None, run_after=None
[2024-10-30T16:14:42.509+0000] {logging_mixin.py:115} INFO - [2024-10-30T16:14:42.509+0000] {dag.py:2981} INFO - Setting next_dagrun for example_external_task_marker_parent to None, run_after=None
[2024-10-30T16:14:42.517+0000] {processor.py:161} INFO - Processing /home/airflow/.local/lib/python3.7/site-packages/airflow/example_dags/example_external_task_marker_dag.py took 0.174 seconds
[2024-10-30T16:15:12.983+0000] {processor.py:153} INFO - Started process (PID=564) to work on /home/airflow/.local/lib/python3.7/site-packages/airflow/example_dags/example_external_task_marker_dag.py
[2024-10-30T16:15:12.983+0000] {processor.py:640} INFO - Processing file /home/airflow/.local/lib/python3.7/site-packages/airflow/example_dags/example_external_task_marker_dag.py for tasks to queue
[2024-10-30T16:15:12.984+0000] {logging_mixin.py:115} INFO - [2024-10-30T16:15:12.984+0000] {dagbag.py:508} INFO - Filling up the DagBag from /home/airflow/.local/lib/python3.7/site-packages/airflow/example_dags/example_external_task_marker_dag.py
[2024-10-30T16:15:12.987+0000] {processor.py:650} INFO - DAG(s) dict_keys(['example_external_task_marker_parent', 'example_external_task_marker_child']) retrieved from /home/airflow/.local/lib/python3.7/site-packages/airflow/example_dags/example_external_task_marker_dag.py
[2024-10-30T16:15:13.101+0000] {logging_mixin.py:115} INFO - [2024-10-30T16:15:13.100+0000] {dag.py:2429} INFO - Sync 2 DAGs
[2024-10-30T16:15:13.116+0000] {logging_mixin.py:115} INFO - [2024-10-30T16:15:13.116+0000] {dag.py:2981} INFO - Setting next_dagrun for example_external_task_marker_child to None, run_after=None
[2024-10-30T16:15:13.117+0000] {logging_mixin.py:115} INFO - [2024-10-30T16:15:13.117+0000] {dag.py:2981} INFO - Setting next_dagrun for example_external_task_marker_parent to None, run_after=None
[2024-10-30T16:15:13.125+0000] {processor.py:161} INFO - Processing /home/airflow/.local/lib/python3.7/site-packages/airflow/example_dags/example_external_task_marker_dag.py took 0.144 seconds
[2024-10-30T16:15:43.684+0000] {processor.py:153} INFO - Started process (PID=623) to work on /home/airflow/.local/lib/python3.7/site-packages/airflow/example_dags/example_external_task_marker_dag.py
[2024-10-30T16:15:43.685+0000] {processor.py:640} INFO - Processing file /home/airflow/.local/lib/python3.7/site-packages/airflow/example_dags/example_external_task_marker_dag.py for tasks to queue
[2024-10-30T16:15:43.685+0000] {logging_mixin.py:115} INFO - [2024-10-30T16:15:43.685+0000] {dagbag.py:508} INFO - Filling up the DagBag from /home/airflow/.local/lib/python3.7/site-packages/airflow/example_dags/example_external_task_marker_dag.py
[2024-10-30T16:15:43.688+0000] {processor.py:650} INFO - DAG(s) dict_keys(['example_external_task_marker_parent', 'example_external_task_marker_child']) retrieved from /home/airflow/.local/lib/python3.7/site-packages/airflow/example_dags/example_external_task_marker_dag.py
[2024-10-30T16:15:43.825+0000] {logging_mixin.py:115} INFO - [2024-10-30T16:15:43.825+0000] {dag.py:2429} INFO - Sync 2 DAGs
[2024-10-30T16:15:43.841+0000] {logging_mixin.py:115} INFO - [2024-10-30T16:15:43.841+0000] {dag.py:2981} INFO - Setting next_dagrun for example_external_task_marker_child to None, run_after=None
[2024-10-30T16:15:43.842+0000] {logging_mixin.py:115} INFO - [2024-10-30T16:15:43.842+0000] {dag.py:2981} INFO - Setting next_dagrun for example_external_task_marker_parent to None, run_after=None
[2024-10-30T16:15:43.850+0000] {processor.py:161} INFO - Processing /home/airflow/.local/lib/python3.7/site-packages/airflow/example_dags/example_external_task_marker_dag.py took 0.169 seconds
[2024-10-30T16:16:14.472+0000] {processor.py:153} INFO - Started process (PID=685) to work on /home/airflow/.local/lib/python3.7/site-packages/airflow/example_dags/example_external_task_marker_dag.py
[2024-10-30T16:16:14.473+0000] {processor.py:640} INFO - Processing file /home/airflow/.local/lib/python3.7/site-packages/airflow/example_dags/example_external_task_marker_dag.py for tasks to queue
[2024-10-30T16:16:14.473+0000] {logging_mixin.py:115} INFO - [2024-10-30T16:16:14.473+0000] {dagbag.py:508} INFO - Filling up the DagBag from /home/airflow/.local/lib/python3.7/site-packages/airflow/example_dags/example_external_task_marker_dag.py
[2024-10-30T16:16:14.476+0000] {processor.py:650} INFO - DAG(s) dict_keys(['example_external_task_marker_parent', 'example_external_task_marker_child']) retrieved from /home/airflow/.local/lib/python3.7/site-packages/airflow/example_dags/example_external_task_marker_dag.py
[2024-10-30T16:16:14.632+0000] {logging_mixin.py:115} INFO - [2024-10-30T16:16:14.632+0000] {dag.py:2429} INFO - Sync 2 DAGs
[2024-10-30T16:16:14.649+0000] {logging_mixin.py:115} INFO - [2024-10-30T16:16:14.649+0000] {dag.py:2981} INFO - Setting next_dagrun for example_external_task_marker_child to None, run_after=None
[2024-10-30T16:16:14.650+0000] {logging_mixin.py:115} INFO - [2024-10-30T16:16:14.650+0000] {dag.py:2981} INFO - Setting next_dagrun for example_external_task_marker_parent to None, run_after=None
[2024-10-30T16:16:14.659+0000] {processor.py:161} INFO - Processing /home/airflow/.local/lib/python3.7/site-packages/airflow/example_dags/example_external_task_marker_dag.py took 0.189 seconds
[2024-10-30T16:16:45.253+0000] {processor.py:153} INFO - Started process (PID=738) to work on /home/airflow/.local/lib/python3.7/site-packages/airflow/example_dags/example_external_task_marker_dag.py
[2024-10-30T16:16:45.253+0000] {processor.py:640} INFO - Processing file /home/airflow/.local/lib/python3.7/site-packages/airflow/example_dags/example_external_task_marker_dag.py for tasks to queue
[2024-10-30T16:16:45.254+0000] {logging_mixin.py:115} INFO - [2024-10-30T16:16:45.254+0000] {dagbag.py:508} INFO - Filling up the DagBag from /home/airflow/.local/lib/python3.7/site-packages/airflow/example_dags/example_external_task_marker_dag.py
[2024-10-30T16:16:45.256+0000] {processor.py:650} INFO - DAG(s) dict_keys(['example_external_task_marker_parent', 'example_external_task_marker_child']) retrieved from /home/airflow/.local/lib/python3.7/site-packages/airflow/example_dags/example_external_task_marker_dag.py
[2024-10-30T16:16:45.430+0000] {logging_mixin.py:115} INFO - [2024-10-30T16:16:45.429+0000] {dag.py:2429} INFO - Sync 2 DAGs
[2024-10-30T16:16:45.447+0000] {logging_mixin.py:115} INFO - [2024-10-30T16:16:45.446+0000] {dag.py:2981} INFO - Setting next_dagrun for example_external_task_marker_child to None, run_after=None
[2024-10-30T16:16:45.447+0000] {logging_mixin.py:115} INFO - [2024-10-30T16:16:45.447+0000] {dag.py:2981} INFO - Setting next_dagrun for example_external_task_marker_parent to None, run_after=None
[2024-10-30T16:16:45.457+0000] {processor.py:161} INFO - Processing /home/airflow/.local/lib/python3.7/site-packages/airflow/example_dags/example_external_task_marker_dag.py took 0.207 seconds
[2024-10-30T16:17:16.093+0000] {processor.py:153} INFO - Started process (PID=800) to work on /home/airflow/.local/lib/python3.7/site-packages/airflow/example_dags/example_external_task_marker_dag.py
[2024-10-30T16:17:16.094+0000] {processor.py:640} INFO - Processing file /home/airflow/.local/lib/python3.7/site-packages/airflow/example_dags/example_external_task_marker_dag.py for tasks to queue
[2024-10-30T16:17:16.095+0000] {logging_mixin.py:115} INFO - [2024-10-30T16:17:16.094+0000] {dagbag.py:508} INFO - Filling up the DagBag from /home/airflow/.local/lib/python3.7/site-packages/airflow/example_dags/example_external_task_marker_dag.py
[2024-10-30T16:17:16.098+0000] {processor.py:650} INFO - DAG(s) dict_keys(['example_external_task_marker_parent', 'example_external_task_marker_child']) retrieved from /home/airflow/.local/lib/python3.7/site-packages/airflow/example_dags/example_external_task_marker_dag.py
[2024-10-30T16:17:16.233+0000] {logging_mixin.py:115} INFO - [2024-10-30T16:17:16.233+0000] {dag.py:2429} INFO - Sync 2 DAGs
[2024-10-30T16:17:16.249+0000] {logging_mixin.py:115} INFO - [2024-10-30T16:17:16.249+0000] {dag.py:2981} INFO - Setting next_dagrun for example_external_task_marker_child to None, run_after=None
[2024-10-30T16:17:16.249+0000] {logging_mixin.py:115} INFO - [2024-10-30T16:17:16.249+0000] {dag.py:2981} INFO - Setting next_dagrun for example_external_task_marker_parent to None, run_after=None
[2024-10-30T16:17:16.258+0000] {processor.py:161} INFO - Processing /home/airflow/.local/lib/python3.7/site-packages/airflow/example_dags/example_external_task_marker_dag.py took 0.167 seconds
[2024-10-30T16:17:46.729+0000] {processor.py:153} INFO - Started process (PID=864) to work on /home/airflow/.local/lib/python3.7/site-packages/airflow/example_dags/example_external_task_marker_dag.py
[2024-10-30T16:17:46.730+0000] {processor.py:640} INFO - Processing file /home/airflow/.local/lib/python3.7/site-packages/airflow/example_dags/example_external_task_marker_dag.py for tasks to queue
[2024-10-30T16:17:46.730+0000] {logging_mixin.py:115} INFO - [2024-10-30T16:17:46.730+0000] {dagbag.py:508} INFO - Filling up the DagBag from /home/airflow/.local/lib/python3.7/site-packages/airflow/example_dags/example_external_task_marker_dag.py
[2024-10-30T16:17:46.733+0000] {processor.py:650} INFO - DAG(s) dict_keys(['example_external_task_marker_parent', 'example_external_task_marker_child']) retrieved from /home/airflow/.local/lib/python3.7/site-packages/airflow/example_dags/example_external_task_marker_dag.py
[2024-10-30T16:17:46.858+0000] {logging_mixin.py:115} INFO - [2024-10-30T16:17:46.858+0000] {dag.py:2429} INFO - Sync 2 DAGs
[2024-10-30T16:17:46.872+0000] {logging_mixin.py:115} INFO - [2024-10-30T16:17:46.872+0000] {dag.py:2981} INFO - Setting next_dagrun for example_external_task_marker_child to None, run_after=None
[2024-10-30T16:17:46.873+0000] {logging_mixin.py:115} INFO - [2024-10-30T16:17:46.873+0000] {dag.py:2981} INFO - Setting next_dagrun for example_external_task_marker_parent to None, run_after=None
[2024-10-30T16:17:46.881+0000] {processor.py:161} INFO - Processing /home/airflow/.local/lib/python3.7/site-packages/airflow/example_dags/example_external_task_marker_dag.py took 0.153 seconds
[2024-10-30T16:18:17.324+0000] {processor.py:153} INFO - Started process (PID=926) to work on /home/airflow/.local/lib/python3.7/site-packages/airflow/example_dags/example_external_task_marker_dag.py
[2024-10-30T16:18:17.324+0000] {processor.py:640} INFO - Processing file /home/airflow/.local/lib/python3.7/site-packages/airflow/example_dags/example_external_task_marker_dag.py for tasks to queue
[2024-10-30T16:18:17.325+0000] {logging_mixin.py:115} INFO - [2024-10-30T16:18:17.325+0000] {dagbag.py:508} INFO - Filling up the DagBag from /home/airflow/.local/lib/python3.7/site-packages/airflow/example_dags/example_external_task_marker_dag.py
[2024-10-30T16:18:17.328+0000] {processor.py:650} INFO - DAG(s) dict_keys(['example_external_task_marker_parent', 'example_external_task_marker_child']) retrieved from /home/airflow/.local/lib/python3.7/site-packages/airflow/example_dags/example_external_task_marker_dag.py
[2024-10-30T16:18:17.483+0000] {logging_mixin.py:115} INFO - [2024-10-30T16:18:17.483+0000] {dag.py:2429} INFO - Sync 2 DAGs
[2024-10-30T16:18:17.504+0000] {logging_mixin.py:115} INFO - [2024-10-30T16:18:17.504+0000] {dag.py:2981} INFO - Setting next_dagrun for example_external_task_marker_child to None, run_after=None
[2024-10-30T16:18:17.505+0000] {logging_mixin.py:115} INFO - [2024-10-30T16:18:17.505+0000] {dag.py:2981} INFO - Setting next_dagrun for example_external_task_marker_parent to None, run_after=None
[2024-10-30T16:18:17.513+0000] {processor.py:161} INFO - Processing /home/airflow/.local/lib/python3.7/site-packages/airflow/example_dags/example_external_task_marker_dag.py took 0.191 seconds
[2024-10-30T16:18:47.732+0000] {processor.py:153} INFO - Started process (PID=977) to work on /home/airflow/.local/lib/python3.7/site-packages/airflow/example_dags/example_external_task_marker_dag.py
[2024-10-30T16:18:47.733+0000] {processor.py:640} INFO - Processing file /home/airflow/.local/lib/python3.7/site-packages/airflow/example_dags/example_external_task_marker_dag.py for tasks to queue
[2024-10-30T16:18:47.734+0000] {logging_mixin.py:115} INFO - [2024-10-30T16:18:47.733+0000] {dagbag.py:508} INFO - Filling up the DagBag from /home/airflow/.local/lib/python3.7/site-packages/airflow/example_dags/example_external_task_marker_dag.py
[2024-10-30T16:18:47.738+0000] {processor.py:650} INFO - DAG(s) dict_keys(['example_external_task_marker_parent', 'example_external_task_marker_child']) retrieved from /home/airflow/.local/lib/python3.7/site-packages/airflow/example_dags/example_external_task_marker_dag.py
[2024-10-30T16:18:47.876+0000] {logging_mixin.py:115} INFO - [2024-10-30T16:18:47.876+0000] {dag.py:2429} INFO - Sync 2 DAGs
[2024-10-30T16:18:47.891+0000] {logging_mixin.py:115} INFO - [2024-10-30T16:18:47.891+0000] {dag.py:2981} INFO - Setting next_dagrun for example_external_task_marker_child to None, run_after=None
[2024-10-30T16:18:47.891+0000] {logging_mixin.py:115} INFO - [2024-10-30T16:18:47.891+0000] {dag.py:2981} INFO - Setting next_dagrun for example_external_task_marker_parent to None, run_after=None
[2024-10-30T16:18:47.900+0000] {processor.py:161} INFO - Processing /home/airflow/.local/lib/python3.7/site-packages/airflow/example_dags/example_external_task_marker_dag.py took 0.170 seconds
[2024-10-30T16:19:18.421+0000] {processor.py:153} INFO - Started process (PID=1039) to work on /home/airflow/.local/lib/python3.7/site-packages/airflow/example_dags/example_external_task_marker_dag.py
[2024-10-30T16:19:18.422+0000] {processor.py:640} INFO - Processing file /home/airflow/.local/lib/python3.7/site-packages/airflow/example_dags/example_external_task_marker_dag.py for tasks to queue
[2024-10-30T16:19:18.422+0000] {logging_mixin.py:115} INFO - [2024-10-30T16:19:18.422+0000] {dagbag.py:508} INFO - Filling up the DagBag from /home/airflow/.local/lib/python3.7/site-packages/airflow/example_dags/example_external_task_marker_dag.py
[2024-10-30T16:19:18.425+0000] {processor.py:650} INFO - DAG(s) dict_keys(['example_external_task_marker_parent', 'example_external_task_marker_child']) retrieved from /home/airflow/.local/lib/python3.7/site-packages/airflow/example_dags/example_external_task_marker_dag.py
[2024-10-30T16:19:18.555+0000] {logging_mixin.py:115} INFO - [2024-10-30T16:19:18.555+0000] {dag.py:2429} INFO - Sync 2 DAGs
[2024-10-30T16:19:18.573+0000] {logging_mixin.py:115} INFO - [2024-10-30T16:19:18.572+0000] {dag.py:2981} INFO - Setting next_dagrun for example_external_task_marker_child to None, run_after=None
[2024-10-30T16:19:18.573+0000] {logging_mixin.py:115} INFO - [2024-10-30T16:19:18.573+0000] {dag.py:2981} INFO - Setting next_dagrun for example_external_task_marker_parent to None, run_after=None
[2024-10-30T16:19:18.583+0000] {processor.py:161} INFO - Processing /home/airflow/.local/lib/python3.7/site-packages/airflow/example_dags/example_external_task_marker_dag.py took 0.163 seconds
[2024-10-30T16:19:49.134+0000] {processor.py:153} INFO - Started process (PID=1104) to work on /home/airflow/.local/lib/python3.7/site-packages/airflow/example_dags/example_external_task_marker_dag.py
[2024-10-30T16:19:49.135+0000] {processor.py:640} INFO - Processing file /home/airflow/.local/lib/python3.7/site-packages/airflow/example_dags/example_external_task_marker_dag.py for tasks to queue
[2024-10-30T16:19:49.135+0000] {logging_mixin.py:115} INFO - [2024-10-30T16:19:49.135+0000] {dagbag.py:508} INFO - Filling up the DagBag from /home/airflow/.local/lib/python3.7/site-packages/airflow/example_dags/example_external_task_marker_dag.py
[2024-10-30T16:19:49.138+0000] {processor.py:650} INFO - DAG(s) dict_keys(['example_external_task_marker_parent', 'example_external_task_marker_child']) retrieved from /home/airflow/.local/lib/python3.7/site-packages/airflow/example_dags/example_external_task_marker_dag.py
[2024-10-30T16:19:49.250+0000] {logging_mixin.py:115} INFO - [2024-10-30T16:19:49.250+0000] {dag.py:2429} INFO - Sync 2 DAGs
[2024-10-30T16:19:49.264+0000] {logging_mixin.py:115} INFO - [2024-10-30T16:19:49.264+0000] {dag.py:2981} INFO - Setting next_dagrun for example_external_task_marker_child to None, run_after=None
[2024-10-30T16:19:49.265+0000] {logging_mixin.py:115} INFO - [2024-10-30T16:19:49.264+0000] {dag.py:2981} INFO - Setting next_dagrun for example_external_task_marker_parent to None, run_after=None
[2024-10-30T16:19:49.273+0000] {processor.py:161} INFO - Processing /home/airflow/.local/lib/python3.7/site-packages/airflow/example_dags/example_external_task_marker_dag.py took 0.141 seconds
[2024-10-30T16:20:19.739+0000] {processor.py:153} INFO - Started process (PID=1166) to work on /home/airflow/.local/lib/python3.7/site-packages/airflow/example_dags/example_external_task_marker_dag.py
[2024-10-30T16:20:19.740+0000] {processor.py:640} INFO - Processing file /home/airflow/.local/lib/python3.7/site-packages/airflow/example_dags/example_external_task_marker_dag.py for tasks to queue
[2024-10-30T16:20:19.740+0000] {logging_mixin.py:115} INFO - [2024-10-30T16:20:19.740+0000] {dagbag.py:508} INFO - Filling up the DagBag from /home/airflow/.local/lib/python3.7/site-packages/airflow/example_dags/example_external_task_marker_dag.py
[2024-10-30T16:20:19.743+0000] {processor.py:650} INFO - DAG(s) dict_keys(['example_external_task_marker_parent', 'example_external_task_marker_child']) retrieved from /home/airflow/.local/lib/python3.7/site-packages/airflow/example_dags/example_external_task_marker_dag.py
[2024-10-30T16:20:19.891+0000] {logging_mixin.py:115} INFO - [2024-10-30T16:20:19.890+0000] {dag.py:2429} INFO - Sync 2 DAGs
[2024-10-30T16:20:19.905+0000] {logging_mixin.py:115} INFO - [2024-10-30T16:20:19.905+0000] {dag.py:2981} INFO - Setting next_dagrun for example_external_task_marker_child to None, run_after=None
[2024-10-30T16:20:19.906+0000] {logging_mixin.py:115} INFO - [2024-10-30T16:20:19.906+0000] {dag.py:2981} INFO - Setting next_dagrun for example_external_task_marker_parent to None, run_after=None
[2024-10-30T16:20:19.914+0000] {processor.py:161} INFO - Processing /home/airflow/.local/lib/python3.7/site-packages/airflow/example_dags/example_external_task_marker_dag.py took 0.177 seconds
[2024-10-30T16:20:50.195+0000] {processor.py:153} INFO - Started process (PID=1219) to work on /home/airflow/.local/lib/python3.7/site-packages/airflow/example_dags/example_external_task_marker_dag.py
[2024-10-30T16:20:50.195+0000] {processor.py:640} INFO - Processing file /home/airflow/.local/lib/python3.7/site-packages/airflow/example_dags/example_external_task_marker_dag.py for tasks to queue
[2024-10-30T16:20:50.196+0000] {logging_mixin.py:115} INFO - [2024-10-30T16:20:50.196+0000] {dagbag.py:508} INFO - Filling up the DagBag from /home/airflow/.local/lib/python3.7/site-packages/airflow/example_dags/example_external_task_marker_dag.py
[2024-10-30T16:20:50.198+0000] {processor.py:650} INFO - DAG(s) dict_keys(['example_external_task_marker_parent', 'example_external_task_marker_child']) retrieved from /home/airflow/.local/lib/python3.7/site-packages/airflow/example_dags/example_external_task_marker_dag.py
[2024-10-30T16:20:50.313+0000] {logging_mixin.py:115} INFO - [2024-10-30T16:20:50.313+0000] {dag.py:2429} INFO - Sync 2 DAGs
[2024-10-30T16:20:50.329+0000] {logging_mixin.py:115} INFO - [2024-10-30T16:20:50.329+0000] {dag.py:2981} INFO - Setting next_dagrun for example_external_task_marker_child to None, run_after=None
[2024-10-30T16:20:50.329+0000] {logging_mixin.py:115} INFO - [2024-10-30T16:20:50.329+0000] {dag.py:2981} INFO - Setting next_dagrun for example_external_task_marker_parent to None, run_after=None
[2024-10-30T16:20:50.338+0000] {processor.py:161} INFO - Processing /home/airflow/.local/lib/python3.7/site-packages/airflow/example_dags/example_external_task_marker_dag.py took 0.145 seconds
[2024-10-30T16:21:20.498+0000] {processor.py:153} INFO - Started process (PID=1278) to work on /home/airflow/.local/lib/python3.7/site-packages/airflow/example_dags/example_external_task_marker_dag.py
[2024-10-30T16:21:20.498+0000] {processor.py:640} INFO - Processing file /home/airflow/.local/lib/python3.7/site-packages/airflow/example_dags/example_external_task_marker_dag.py for tasks to queue
[2024-10-30T16:21:20.499+0000] {logging_mixin.py:115} INFO - [2024-10-30T16:21:20.499+0000] {dagbag.py:508} INFO - Filling up the DagBag from /home/airflow/.local/lib/python3.7/site-packages/airflow/example_dags/example_external_task_marker_dag.py
[2024-10-30T16:21:20.502+0000] {processor.py:650} INFO - DAG(s) dict_keys(['example_external_task_marker_parent', 'example_external_task_marker_child']) retrieved from /home/airflow/.local/lib/python3.7/site-packages/airflow/example_dags/example_external_task_marker_dag.py
[2024-10-30T16:21:20.635+0000] {logging_mixin.py:115} INFO - [2024-10-30T16:21:20.635+0000] {dag.py:2429} INFO - Sync 2 DAGs
[2024-10-30T16:21:20.648+0000] {logging_mixin.py:115} INFO - [2024-10-30T16:21:20.648+0000] {dag.py:2981} INFO - Setting next_dagrun for example_external_task_marker_child to None, run_after=None
[2024-10-30T16:21:20.649+0000] {logging_mixin.py:115} INFO - [2024-10-30T16:21:20.649+0000] {dag.py:2981} INFO - Setting next_dagrun for example_external_task_marker_parent to None, run_after=None
[2024-10-30T16:21:20.657+0000] {processor.py:161} INFO - Processing /home/airflow/.local/lib/python3.7/site-packages/airflow/example_dags/example_external_task_marker_dag.py took 0.162 seconds
[2024-10-30T16:21:51.366+0000] {processor.py:153} INFO - Started process (PID=1340) to work on /home/airflow/.local/lib/python3.7/site-packages/airflow/example_dags/example_external_task_marker_dag.py
[2024-10-30T16:21:51.367+0000] {processor.py:640} INFO - Processing file /home/airflow/.local/lib/python3.7/site-packages/airflow/example_dags/example_external_task_marker_dag.py for tasks to queue
[2024-10-30T16:21:51.368+0000] {logging_mixin.py:115} INFO - [2024-10-30T16:21:51.368+0000] {dagbag.py:508} INFO - Filling up the DagBag from /home/airflow/.local/lib/python3.7/site-packages/airflow/example_dags/example_external_task_marker_dag.py
[2024-10-30T16:21:51.371+0000] {processor.py:650} INFO - DAG(s) dict_keys(['example_external_task_marker_parent', 'example_external_task_marker_child']) retrieved from /home/airflow/.local/lib/python3.7/site-packages/airflow/example_dags/example_external_task_marker_dag.py
[2024-10-30T16:21:51.512+0000] {logging_mixin.py:115} INFO - [2024-10-30T16:21:51.512+0000] {dag.py:2429} INFO - Sync 2 DAGs
[2024-10-30T16:21:51.527+0000] {logging_mixin.py:115} INFO - [2024-10-30T16:21:51.527+0000] {dag.py:2981} INFO - Setting next_dagrun for example_external_task_marker_child to None, run_after=None
[2024-10-30T16:21:51.527+0000] {logging_mixin.py:115} INFO - [2024-10-30T16:21:51.527+0000] {dag.py:2981} INFO - Setting next_dagrun for example_external_task_marker_parent to None, run_after=None
[2024-10-30T16:21:51.537+0000] {processor.py:161} INFO - Processing /home/airflow/.local/lib/python3.7/site-packages/airflow/example_dags/example_external_task_marker_dag.py took 0.173 seconds
[2024-10-30T16:22:22.052+0000] {processor.py:153} INFO - Started process (PID=1393) to work on /home/airflow/.local/lib/python3.7/site-packages/airflow/example_dags/example_external_task_marker_dag.py
[2024-10-30T16:22:22.052+0000] {processor.py:640} INFO - Processing file /home/airflow/.local/lib/python3.7/site-packages/airflow/example_dags/example_external_task_marker_dag.py for tasks to queue
[2024-10-30T16:22:22.053+0000] {logging_mixin.py:115} INFO - [2024-10-30T16:22:22.053+0000] {dagbag.py:508} INFO - Filling up the DagBag from /home/airflow/.local/lib/python3.7/site-packages/airflow/example_dags/example_external_task_marker_dag.py
[2024-10-30T16:22:22.056+0000] {processor.py:650} INFO - DAG(s) dict_keys(['example_external_task_marker_parent', 'example_external_task_marker_child']) retrieved from /home/airflow/.local/lib/python3.7/site-packages/airflow/example_dags/example_external_task_marker_dag.py
[2024-10-30T16:22:22.214+0000] {logging_mixin.py:115} INFO - [2024-10-30T16:22:22.214+0000] {dag.py:2429} INFO - Sync 2 DAGs
[2024-10-30T16:22:22.229+0000] {logging_mixin.py:115} INFO - [2024-10-30T16:22:22.229+0000] {dag.py:2981} INFO - Setting next_dagrun for example_external_task_marker_child to None, run_after=None
[2024-10-30T16:22:22.230+0000] {logging_mixin.py:115} INFO - [2024-10-30T16:22:22.230+0000] {dag.py:2981} INFO - Setting next_dagrun for example_external_task_marker_parent to None, run_after=None
[2024-10-30T16:22:22.239+0000] {processor.py:161} INFO - Processing /home/airflow/.local/lib/python3.7/site-packages/airflow/example_dags/example_external_task_marker_dag.py took 0.190 seconds
[2024-10-30T16:22:52.702+0000] {processor.py:153} INFO - Started process (PID=1458) to work on /home/airflow/.local/lib/python3.7/site-packages/airflow/example_dags/example_external_task_marker_dag.py
[2024-10-30T16:22:52.702+0000] {processor.py:640} INFO - Processing file /home/airflow/.local/lib/python3.7/site-packages/airflow/example_dags/example_external_task_marker_dag.py for tasks to queue
[2024-10-30T16:22:52.703+0000] {logging_mixin.py:115} INFO - [2024-10-30T16:22:52.703+0000] {dagbag.py:508} INFO - Filling up the DagBag from /home/airflow/.local/lib/python3.7/site-packages/airflow/example_dags/example_external_task_marker_dag.py
[2024-10-30T16:22:52.706+0000] {processor.py:650} INFO - DAG(s) dict_keys(['example_external_task_marker_parent', 'example_external_task_marker_child']) retrieved from /home/airflow/.local/lib/python3.7/site-packages/airflow/example_dags/example_external_task_marker_dag.py
[2024-10-30T16:22:52.815+0000] {logging_mixin.py:115} INFO - [2024-10-30T16:22:52.815+0000] {dag.py:2429} INFO - Sync 2 DAGs
[2024-10-30T16:22:52.830+0000] {logging_mixin.py:115} INFO - [2024-10-30T16:22:52.830+0000] {dag.py:2981} INFO - Setting next_dagrun for example_external_task_marker_child to None, run_after=None
[2024-10-30T16:22:52.831+0000] {logging_mixin.py:115} INFO - [2024-10-30T16:22:52.830+0000] {dag.py:2981} INFO - Setting next_dagrun for example_external_task_marker_parent to None, run_after=None
[2024-10-30T16:22:52.839+0000] {processor.py:161} INFO - Processing /home/airflow/.local/lib/python3.7/site-packages/airflow/example_dags/example_external_task_marker_dag.py took 0.139 seconds
[2024-10-30T16:23:23.300+0000] {processor.py:153} INFO - Started process (PID=1517) to work on /home/airflow/.local/lib/python3.7/site-packages/airflow/example_dags/example_external_task_marker_dag.py
[2024-10-30T16:23:23.301+0000] {processor.py:640} INFO - Processing file /home/airflow/.local/lib/python3.7/site-packages/airflow/example_dags/example_external_task_marker_dag.py for tasks to queue
[2024-10-30T16:23:23.302+0000] {logging_mixin.py:115} INFO - [2024-10-30T16:23:23.301+0000] {dagbag.py:508} INFO - Filling up the DagBag from /home/airflow/.local/lib/python3.7/site-packages/airflow/example_dags/example_external_task_marker_dag.py
[2024-10-30T16:23:23.305+0000] {processor.py:650} INFO - DAG(s) dict_keys(['example_external_task_marker_parent', 'example_external_task_marker_child']) retrieved from /home/airflow/.local/lib/python3.7/site-packages/airflow/example_dags/example_external_task_marker_dag.py
[2024-10-30T16:23:23.421+0000] {logging_mixin.py:115} INFO - [2024-10-30T16:23:23.420+0000] {dag.py:2429} INFO - Sync 2 DAGs
[2024-10-30T16:23:23.433+0000] {logging_mixin.py:115} INFO - [2024-10-30T16:23:23.433+0000] {dag.py:2981} INFO - Setting next_dagrun for example_external_task_marker_child to None, run_after=None
[2024-10-30T16:23:23.433+0000] {logging_mixin.py:115} INFO - [2024-10-30T16:23:23.433+0000] {dag.py:2981} INFO - Setting next_dagrun for example_external_task_marker_parent to None, run_after=None
[2024-10-30T16:23:23.441+0000] {processor.py:161} INFO - Processing /home/airflow/.local/lib/python3.7/site-packages/airflow/example_dags/example_external_task_marker_dag.py took 0.144 seconds
[2024-10-30T16:23:53.969+0000] {processor.py:153} INFO - Started process (PID=1579) to work on /home/airflow/.local/lib/python3.7/site-packages/airflow/example_dags/example_external_task_marker_dag.py
[2024-10-30T16:23:53.969+0000] {processor.py:640} INFO - Processing file /home/airflow/.local/lib/python3.7/site-packages/airflow/example_dags/example_external_task_marker_dag.py for tasks to queue
[2024-10-30T16:23:53.970+0000] {logging_mixin.py:115} INFO - [2024-10-30T16:23:53.970+0000] {dagbag.py:508} INFO - Filling up the DagBag from /home/airflow/.local/lib/python3.7/site-packages/airflow/example_dags/example_external_task_marker_dag.py
[2024-10-30T16:23:53.973+0000] {processor.py:650} INFO - DAG(s) dict_keys(['example_external_task_marker_parent', 'example_external_task_marker_child']) retrieved from /home/airflow/.local/lib/python3.7/site-packages/airflow/example_dags/example_external_task_marker_dag.py
[2024-10-30T16:23:54.092+0000] {logging_mixin.py:115} INFO - [2024-10-30T16:23:54.091+0000] {dag.py:2429} INFO - Sync 2 DAGs
[2024-10-30T16:23:54.105+0000] {logging_mixin.py:115} INFO - [2024-10-30T16:23:54.105+0000] {dag.py:2981} INFO - Setting next_dagrun for example_external_task_marker_child to None, run_after=None
[2024-10-30T16:23:54.105+0000] {logging_mixin.py:115} INFO - [2024-10-30T16:23:54.105+0000] {dag.py:2981} INFO - Setting next_dagrun for example_external_task_marker_parent to None, run_after=None
[2024-10-30T16:23:54.113+0000] {processor.py:161} INFO - Processing /home/airflow/.local/lib/python3.7/site-packages/airflow/example_dags/example_external_task_marker_dag.py took 0.147 seconds
[2024-10-30T16:24:24.843+0000] {processor.py:153} INFO - Started process (PID=1639) to work on /home/airflow/.local/lib/python3.7/site-packages/airflow/example_dags/example_external_task_marker_dag.py
[2024-10-30T16:24:24.844+0000] {processor.py:640} INFO - Processing file /home/airflow/.local/lib/python3.7/site-packages/airflow/example_dags/example_external_task_marker_dag.py for tasks to queue
[2024-10-30T16:24:24.845+0000] {logging_mixin.py:115} INFO - [2024-10-30T16:24:24.844+0000] {dagbag.py:508} INFO - Filling up the DagBag from /home/airflow/.local/lib/python3.7/site-packages/airflow/example_dags/example_external_task_marker_dag.py
[2024-10-30T16:24:24.849+0000] {processor.py:650} INFO - DAG(s) dict_keys(['example_external_task_marker_parent', 'example_external_task_marker_child']) retrieved from /home/airflow/.local/lib/python3.7/site-packages/airflow/example_dags/example_external_task_marker_dag.py
[2024-10-30T16:24:25.024+0000] {logging_mixin.py:115} INFO - [2024-10-30T16:24:25.023+0000] {dag.py:2429} INFO - Sync 2 DAGs
[2024-10-30T16:24:25.043+0000] {logging_mixin.py:115} INFO - [2024-10-30T16:24:25.042+0000] {dag.py:2981} INFO - Setting next_dagrun for example_external_task_marker_child to None, run_after=None
[2024-10-30T16:24:25.043+0000] {logging_mixin.py:115} INFO - [2024-10-30T16:24:25.043+0000] {dag.py:2981} INFO - Setting next_dagrun for example_external_task_marker_parent to None, run_after=None
[2024-10-30T16:24:25.052+0000] {processor.py:161} INFO - Processing /home/airflow/.local/lib/python3.7/site-packages/airflow/example_dags/example_external_task_marker_dag.py took 0.211 seconds
[2024-10-30T16:24:55.644+0000] {processor.py:153} INFO - Started process (PID=1695) to work on /home/airflow/.local/lib/python3.7/site-packages/airflow/example_dags/example_external_task_marker_dag.py
[2024-10-30T16:24:55.644+0000] {processor.py:640} INFO - Processing file /home/airflow/.local/lib/python3.7/site-packages/airflow/example_dags/example_external_task_marker_dag.py for tasks to queue
[2024-10-30T16:24:55.645+0000] {logging_mixin.py:115} INFO - [2024-10-30T16:24:55.645+0000] {dagbag.py:508} INFO - Filling up the DagBag from /home/airflow/.local/lib/python3.7/site-packages/airflow/example_dags/example_external_task_marker_dag.py
[2024-10-30T16:24:55.648+0000] {processor.py:650} INFO - DAG(s) dict_keys(['example_external_task_marker_parent', 'example_external_task_marker_child']) retrieved from /home/airflow/.local/lib/python3.7/site-packages/airflow/example_dags/example_external_task_marker_dag.py
[2024-10-30T16:24:55.834+0000] {logging_mixin.py:115} INFO - [2024-10-30T16:24:55.834+0000] {dag.py:2429} INFO - Sync 2 DAGs
[2024-10-30T16:24:55.856+0000] {logging_mixin.py:115} INFO - [2024-10-30T16:24:55.855+0000] {dag.py:2981} INFO - Setting next_dagrun for example_external_task_marker_child to None, run_after=None
[2024-10-30T16:24:55.856+0000] {logging_mixin.py:115} INFO - [2024-10-30T16:24:55.856+0000] {dag.py:2981} INFO - Setting next_dagrun for example_external_task_marker_parent to None, run_after=None
[2024-10-30T16:24:55.865+0000] {processor.py:161} INFO - Processing /home/airflow/.local/lib/python3.7/site-packages/airflow/example_dags/example_external_task_marker_dag.py took 0.224 seconds
[2024-10-30T16:25:26.309+0000] {processor.py:153} INFO - Started process (PID=1759) to work on /home/airflow/.local/lib/python3.7/site-packages/airflow/example_dags/example_external_task_marker_dag.py
[2024-10-30T16:25:26.309+0000] {processor.py:640} INFO - Processing file /home/airflow/.local/lib/python3.7/site-packages/airflow/example_dags/example_external_task_marker_dag.py for tasks to queue
[2024-10-30T16:25:26.310+0000] {logging_mixin.py:115} INFO - [2024-10-30T16:25:26.310+0000] {dagbag.py:508} INFO - Filling up the DagBag from /home/airflow/.local/lib/python3.7/site-packages/airflow/example_dags/example_external_task_marker_dag.py
[2024-10-30T16:25:26.313+0000] {processor.py:650} INFO - DAG(s) dict_keys(['example_external_task_marker_parent', 'example_external_task_marker_child']) retrieved from /home/airflow/.local/lib/python3.7/site-packages/airflow/example_dags/example_external_task_marker_dag.py
[2024-10-30T16:25:26.437+0000] {logging_mixin.py:115} INFO - [2024-10-30T16:25:26.437+0000] {dag.py:2429} INFO - Sync 2 DAGs
[2024-10-30T16:25:26.451+0000] {logging_mixin.py:115} INFO - [2024-10-30T16:25:26.451+0000] {dag.py:2981} INFO - Setting next_dagrun for example_external_task_marker_child to None, run_after=None
[2024-10-30T16:25:26.452+0000] {logging_mixin.py:115} INFO - [2024-10-30T16:25:26.452+0000] {dag.py:2981} INFO - Setting next_dagrun for example_external_task_marker_parent to None, run_after=None
[2024-10-30T16:25:26.461+0000] {processor.py:161} INFO - Processing /home/airflow/.local/lib/python3.7/site-packages/airflow/example_dags/example_external_task_marker_dag.py took 0.154 seconds
[2024-10-30T16:25:57.253+0000] {processor.py:153} INFO - Started process (PID=1820) to work on /home/airflow/.local/lib/python3.7/site-packages/airflow/example_dags/example_external_task_marker_dag.py
[2024-10-30T16:25:57.253+0000] {processor.py:640} INFO - Processing file /home/airflow/.local/lib/python3.7/site-packages/airflow/example_dags/example_external_task_marker_dag.py for tasks to queue
[2024-10-30T16:25:57.254+0000] {logging_mixin.py:115} INFO - [2024-10-30T16:25:57.254+0000] {dagbag.py:508} INFO - Filling up the DagBag from /home/airflow/.local/lib/python3.7/site-packages/airflow/example_dags/example_external_task_marker_dag.py
[2024-10-30T16:25:57.257+0000] {processor.py:650} INFO - DAG(s) dict_keys(['example_external_task_marker_parent', 'example_external_task_marker_child']) retrieved from /home/airflow/.local/lib/python3.7/site-packages/airflow/example_dags/example_external_task_marker_dag.py
[2024-10-30T16:25:57.410+0000] {logging_mixin.py:115} INFO - [2024-10-30T16:25:57.409+0000] {dag.py:2429} INFO - Sync 2 DAGs
[2024-10-30T16:25:57.428+0000] {logging_mixin.py:115} INFO - [2024-10-30T16:25:57.428+0000] {dag.py:2981} INFO - Setting next_dagrun for example_external_task_marker_child to None, run_after=None
[2024-10-30T16:25:57.428+0000] {logging_mixin.py:115} INFO - [2024-10-30T16:25:57.428+0000] {dag.py:2981} INFO - Setting next_dagrun for example_external_task_marker_parent to None, run_after=None
[2024-10-30T16:25:57.440+0000] {processor.py:161} INFO - Processing /home/airflow/.local/lib/python3.7/site-packages/airflow/example_dags/example_external_task_marker_dag.py took 0.190 seconds
[2024-10-30T16:26:28.007+0000] {processor.py:153} INFO - Started process (PID=1878) to work on /home/airflow/.local/lib/python3.7/site-packages/airflow/example_dags/example_external_task_marker_dag.py
[2024-10-30T16:26:28.008+0000] {processor.py:640} INFO - Processing file /home/airflow/.local/lib/python3.7/site-packages/airflow/example_dags/example_external_task_marker_dag.py for tasks to queue
[2024-10-30T16:26:28.008+0000] {logging_mixin.py:115} INFO - [2024-10-30T16:26:28.008+0000] {dagbag.py:508} INFO - Filling up the DagBag from /home/airflow/.local/lib/python3.7/site-packages/airflow/example_dags/example_external_task_marker_dag.py
[2024-10-30T16:26:28.011+0000] {processor.py:650} INFO - DAG(s) dict_keys(['example_external_task_marker_parent', 'example_external_task_marker_child']) retrieved from /home/airflow/.local/lib/python3.7/site-packages/airflow/example_dags/example_external_task_marker_dag.py
[2024-10-30T16:26:28.156+0000] {logging_mixin.py:115} INFO - [2024-10-30T16:26:28.156+0000] {dag.py:2429} INFO - Sync 2 DAGs
[2024-10-30T16:26:28.175+0000] {logging_mixin.py:115} INFO - [2024-10-30T16:26:28.175+0000] {dag.py:2981} INFO - Setting next_dagrun for example_external_task_marker_child to None, run_after=None
[2024-10-30T16:26:28.176+0000] {logging_mixin.py:115} INFO - [2024-10-30T16:26:28.176+0000] {dag.py:2981} INFO - Setting next_dagrun for example_external_task_marker_parent to None, run_after=None
[2024-10-30T16:26:28.187+0000] {processor.py:161} INFO - Processing /home/airflow/.local/lib/python3.7/site-packages/airflow/example_dags/example_external_task_marker_dag.py took 0.182 seconds
[2024-10-30T16:26:58.602+0000] {processor.py:153} INFO - Started process (PID=1942) to work on /home/airflow/.local/lib/python3.7/site-packages/airflow/example_dags/example_external_task_marker_dag.py
[2024-10-30T16:26:58.603+0000] {processor.py:640} INFO - Processing file /home/airflow/.local/lib/python3.7/site-packages/airflow/example_dags/example_external_task_marker_dag.py for tasks to queue
[2024-10-30T16:26:58.603+0000] {logging_mixin.py:115} INFO - [2024-10-30T16:26:58.603+0000] {dagbag.py:508} INFO - Filling up the DagBag from /home/airflow/.local/lib/python3.7/site-packages/airflow/example_dags/example_external_task_marker_dag.py
[2024-10-30T16:26:58.605+0000] {processor.py:650} INFO - DAG(s) dict_keys(['example_external_task_marker_parent', 'example_external_task_marker_child']) retrieved from /home/airflow/.local/lib/python3.7/site-packages/airflow/example_dags/example_external_task_marker_dag.py
[2024-10-30T16:26:58.717+0000] {logging_mixin.py:115} INFO - [2024-10-30T16:26:58.717+0000] {dag.py:2429} INFO - Sync 2 DAGs
[2024-10-30T16:26:58.732+0000] {logging_mixin.py:115} INFO - [2024-10-30T16:26:58.731+0000] {dag.py:2981} INFO - Setting next_dagrun for example_external_task_marker_child to None, run_after=None
[2024-10-30T16:26:58.732+0000] {logging_mixin.py:115} INFO - [2024-10-30T16:26:58.732+0000] {dag.py:2981} INFO - Setting next_dagrun for example_external_task_marker_parent to None, run_after=None
[2024-10-30T16:26:58.740+0000] {processor.py:161} INFO - Processing /home/airflow/.local/lib/python3.7/site-packages/airflow/example_dags/example_external_task_marker_dag.py took 0.140 seconds
