[2024-10-30T16:11:06.910+0000] {processor.py:153} INFO - Started process (PID=74) to work on /home/airflow/.local/lib/python3.7/site-packages/airflow/example_dags/example_dag_decorator.py
[2024-10-30T16:11:06.911+0000] {processor.py:640} INFO - Processing file /home/airflow/.local/lib/python3.7/site-packages/airflow/example_dags/example_dag_decorator.py for tasks to queue
[2024-10-30T16:11:06.911+0000] {logging_mixin.py:115} INFO - [2024-10-30T16:11:06.911+0000] {dagbag.py:508} INFO - Filling up the DagBag from /home/airflow/.local/lib/python3.7/site-packages/airflow/example_dags/example_dag_decorator.py
[2024-10-30T16:11:06.936+0000] {processor.py:650} INFO - DAG(s) dict_keys(['example_dag_decorator']) retrieved from /home/airflow/.local/lib/python3.7/site-packages/airflow/example_dags/example_dag_decorator.py
[2024-10-30T16:11:07.007+0000] {logging_mixin.py:115} INFO - [2024-10-30T16:11:07.007+0000] {manager.py:508} INFO - Created Permission View: can delete on DAG:example_dag_decorator
[2024-10-30T16:11:07.015+0000] {logging_mixin.py:115} INFO - [2024-10-30T16:11:07.015+0000] {manager.py:508} INFO - Created Permission View: can read on DAG:example_dag_decorator
[2024-10-30T16:11:07.021+0000] {logging_mixin.py:115} INFO - [2024-10-30T16:11:07.021+0000] {manager.py:508} INFO - Created Permission View: can edit on DAG:example_dag_decorator
[2024-10-30T16:11:07.021+0000] {logging_mixin.py:115} INFO - [2024-10-30T16:11:07.021+0000] {dag.py:2429} INFO - Sync 1 DAGs
[2024-10-30T16:11:07.029+0000] {logging_mixin.py:115} INFO - [2024-10-30T16:11:07.029+0000] {dag.py:2448} INFO - Creating ORM DAG for example_dag_decorator
[2024-10-30T16:11:07.041+0000] {logging_mixin.py:115} INFO - [2024-10-30T16:11:07.041+0000] {dag.py:2981} INFO - Setting next_dagrun for example_dag_decorator to None, run_after=None
[2024-10-30T16:11:07.052+0000] {processor.py:161} INFO - Processing /home/airflow/.local/lib/python3.7/site-packages/airflow/example_dags/example_dag_decorator.py took 0.145 seconds
[2024-10-30T16:11:37.943+0000] {processor.py:153} INFO - Started process (PID=136) to work on /home/airflow/.local/lib/python3.7/site-packages/airflow/example_dags/example_dag_decorator.py
[2024-10-30T16:11:37.944+0000] {processor.py:640} INFO - Processing file /home/airflow/.local/lib/python3.7/site-packages/airflow/example_dags/example_dag_decorator.py for tasks to queue
[2024-10-30T16:11:37.944+0000] {logging_mixin.py:115} INFO - [2024-10-30T16:11:37.944+0000] {dagbag.py:508} INFO - Filling up the DagBag from /home/airflow/.local/lib/python3.7/site-packages/airflow/example_dags/example_dag_decorator.py
[2024-10-30T16:11:37.958+0000] {processor.py:650} INFO - DAG(s) dict_keys(['example_dag_decorator']) retrieved from /home/airflow/.local/lib/python3.7/site-packages/airflow/example_dags/example_dag_decorator.py
[2024-10-30T16:11:38.016+0000] {logging_mixin.py:115} INFO - [2024-10-30T16:11:38.015+0000] {dag.py:2429} INFO - Sync 1 DAGs
[2024-10-30T16:11:38.032+0000] {logging_mixin.py:115} INFO - [2024-10-30T16:11:38.032+0000] {dag.py:2981} INFO - Setting next_dagrun for example_dag_decorator to None, run_after=None
[2024-10-30T16:11:38.044+0000] {processor.py:161} INFO - Processing /home/airflow/.local/lib/python3.7/site-packages/airflow/example_dags/example_dag_decorator.py took 0.103 seconds
[2024-10-30T16:12:08.532+0000] {processor.py:153} INFO - Started process (PID=198) to work on /home/airflow/.local/lib/python3.7/site-packages/airflow/example_dags/example_dag_decorator.py
[2024-10-30T16:12:08.533+0000] {processor.py:640} INFO - Processing file /home/airflow/.local/lib/python3.7/site-packages/airflow/example_dags/example_dag_decorator.py for tasks to queue
[2024-10-30T16:12:08.534+0000] {logging_mixin.py:115} INFO - [2024-10-30T16:12:08.534+0000] {dagbag.py:508} INFO - Filling up the DagBag from /home/airflow/.local/lib/python3.7/site-packages/airflow/example_dags/example_dag_decorator.py
[2024-10-30T16:12:08.554+0000] {processor.py:650} INFO - DAG(s) dict_keys(['example_dag_decorator']) retrieved from /home/airflow/.local/lib/python3.7/site-packages/airflow/example_dags/example_dag_decorator.py
[2024-10-30T16:12:08.628+0000] {logging_mixin.py:115} INFO - [2024-10-30T16:12:08.628+0000] {dag.py:2429} INFO - Sync 1 DAGs
[2024-10-30T16:12:08.646+0000] {logging_mixin.py:115} INFO - [2024-10-30T16:12:08.646+0000] {dag.py:2981} INFO - Setting next_dagrun for example_dag_decorator to None, run_after=None
[2024-10-30T16:12:08.657+0000] {processor.py:161} INFO - Processing /home/airflow/.local/lib/python3.7/site-packages/airflow/example_dags/example_dag_decorator.py took 0.127 seconds
[2024-10-30T16:12:39.090+0000] {processor.py:153} INFO - Started process (PID=252) to work on /home/airflow/.local/lib/python3.7/site-packages/airflow/example_dags/example_dag_decorator.py
[2024-10-30T16:12:39.091+0000] {processor.py:640} INFO - Processing file /home/airflow/.local/lib/python3.7/site-packages/airflow/example_dags/example_dag_decorator.py for tasks to queue
[2024-10-30T16:12:39.091+0000] {logging_mixin.py:115} INFO - [2024-10-30T16:12:39.091+0000] {dagbag.py:508} INFO - Filling up the DagBag from /home/airflow/.local/lib/python3.7/site-packages/airflow/example_dags/example_dag_decorator.py
[2024-10-30T16:12:39.105+0000] {processor.py:650} INFO - DAG(s) dict_keys(['example_dag_decorator']) retrieved from /home/airflow/.local/lib/python3.7/site-packages/airflow/example_dags/example_dag_decorator.py
[2024-10-30T16:12:39.150+0000] {logging_mixin.py:115} INFO - [2024-10-30T16:12:39.150+0000] {dag.py:2429} INFO - Sync 1 DAGs
[2024-10-30T16:12:39.165+0000] {logging_mixin.py:115} INFO - [2024-10-30T16:12:39.164+0000] {dag.py:2981} INFO - Setting next_dagrun for example_dag_decorator to None, run_after=None
[2024-10-30T16:12:39.174+0000] {processor.py:161} INFO - Processing /home/airflow/.local/lib/python3.7/site-packages/airflow/example_dags/example_dag_decorator.py took 0.086 seconds
[2024-10-30T16:13:09.586+0000] {processor.py:153} INFO - Started process (PID=314) to work on /home/airflow/.local/lib/python3.7/site-packages/airflow/example_dags/example_dag_decorator.py
[2024-10-30T16:13:09.586+0000] {processor.py:640} INFO - Processing file /home/airflow/.local/lib/python3.7/site-packages/airflow/example_dags/example_dag_decorator.py for tasks to queue
[2024-10-30T16:13:09.587+0000] {logging_mixin.py:115} INFO - [2024-10-30T16:13:09.587+0000] {dagbag.py:508} INFO - Filling up the DagBag from /home/airflow/.local/lib/python3.7/site-packages/airflow/example_dags/example_dag_decorator.py
[2024-10-30T16:13:09.602+0000] {processor.py:650} INFO - DAG(s) dict_keys(['example_dag_decorator']) retrieved from /home/airflow/.local/lib/python3.7/site-packages/airflow/example_dags/example_dag_decorator.py
[2024-10-30T16:13:09.651+0000] {logging_mixin.py:115} INFO - [2024-10-30T16:13:09.651+0000] {dag.py:2429} INFO - Sync 1 DAGs
[2024-10-30T16:13:09.667+0000] {logging_mixin.py:115} INFO - [2024-10-30T16:13:09.667+0000] {dag.py:2981} INFO - Setting next_dagrun for example_dag_decorator to None, run_after=None
[2024-10-30T16:13:09.677+0000] {processor.py:161} INFO - Processing /home/airflow/.local/lib/python3.7/site-packages/airflow/example_dags/example_dag_decorator.py took 0.093 seconds
[2024-10-30T16:13:40.327+0000] {processor.py:153} INFO - Started process (PID=377) to work on /home/airflow/.local/lib/python3.7/site-packages/airflow/example_dags/example_dag_decorator.py
[2024-10-30T16:13:40.327+0000] {processor.py:640} INFO - Processing file /home/airflow/.local/lib/python3.7/site-packages/airflow/example_dags/example_dag_decorator.py for tasks to queue
[2024-10-30T16:13:40.328+0000] {logging_mixin.py:115} INFO - [2024-10-30T16:13:40.328+0000] {dagbag.py:508} INFO - Filling up the DagBag from /home/airflow/.local/lib/python3.7/site-packages/airflow/example_dags/example_dag_decorator.py
[2024-10-30T16:13:40.343+0000] {processor.py:650} INFO - DAG(s) dict_keys(['example_dag_decorator']) retrieved from /home/airflow/.local/lib/python3.7/site-packages/airflow/example_dags/example_dag_decorator.py
[2024-10-30T16:13:40.389+0000] {logging_mixin.py:115} INFO - [2024-10-30T16:13:40.389+0000] {dag.py:2429} INFO - Sync 1 DAGs
[2024-10-30T16:13:40.402+0000] {logging_mixin.py:115} INFO - [2024-10-30T16:13:40.402+0000] {dag.py:2981} INFO - Setting next_dagrun for example_dag_decorator to None, run_after=None
[2024-10-30T16:13:40.411+0000] {processor.py:161} INFO - Processing /home/airflow/.local/lib/python3.7/site-packages/airflow/example_dags/example_dag_decorator.py took 0.086 seconds
[2024-10-30T16:14:11.188+0000] {processor.py:153} INFO - Started process (PID=439) to work on /home/airflow/.local/lib/python3.7/site-packages/airflow/example_dags/example_dag_decorator.py
[2024-10-30T16:14:11.189+0000] {processor.py:640} INFO - Processing file /home/airflow/.local/lib/python3.7/site-packages/airflow/example_dags/example_dag_decorator.py for tasks to queue
[2024-10-30T16:14:11.189+0000] {logging_mixin.py:115} INFO - [2024-10-30T16:14:11.189+0000] {dagbag.py:508} INFO - Filling up the DagBag from /home/airflow/.local/lib/python3.7/site-packages/airflow/example_dags/example_dag_decorator.py
[2024-10-30T16:14:11.202+0000] {processor.py:650} INFO - DAG(s) dict_keys(['example_dag_decorator']) retrieved from /home/airflow/.local/lib/python3.7/site-packages/airflow/example_dags/example_dag_decorator.py
[2024-10-30T16:14:11.263+0000] {logging_mixin.py:115} INFO - [2024-10-30T16:14:11.263+0000] {dag.py:2429} INFO - Sync 1 DAGs
[2024-10-30T16:14:11.278+0000] {logging_mixin.py:115} INFO - [2024-10-30T16:14:11.278+0000] {dag.py:2981} INFO - Setting next_dagrun for example_dag_decorator to None, run_after=None
[2024-10-30T16:14:11.287+0000] {processor.py:161} INFO - Processing /home/airflow/.local/lib/python3.7/site-packages/airflow/example_dags/example_dag_decorator.py took 0.101 seconds
[2024-10-30T16:14:41.963+0000] {processor.py:153} INFO - Started process (PID=492) to work on /home/airflow/.local/lib/python3.7/site-packages/airflow/example_dags/example_dag_decorator.py
[2024-10-30T16:14:41.964+0000] {processor.py:640} INFO - Processing file /home/airflow/.local/lib/python3.7/site-packages/airflow/example_dags/example_dag_decorator.py for tasks to queue
[2024-10-30T16:14:41.965+0000] {logging_mixin.py:115} INFO - [2024-10-30T16:14:41.965+0000] {dagbag.py:508} INFO - Filling up the DagBag from /home/airflow/.local/lib/python3.7/site-packages/airflow/example_dags/example_dag_decorator.py
[2024-10-30T16:14:41.983+0000] {processor.py:650} INFO - DAG(s) dict_keys(['example_dag_decorator']) retrieved from /home/airflow/.local/lib/python3.7/site-packages/airflow/example_dags/example_dag_decorator.py
[2024-10-30T16:14:42.037+0000] {logging_mixin.py:115} INFO - [2024-10-30T16:14:42.036+0000] {dag.py:2429} INFO - Sync 1 DAGs
[2024-10-30T16:14:42.050+0000] {logging_mixin.py:115} INFO - [2024-10-30T16:14:42.050+0000] {dag.py:2981} INFO - Setting next_dagrun for example_dag_decorator to None, run_after=None
[2024-10-30T16:14:42.060+0000] {processor.py:161} INFO - Processing /home/airflow/.local/lib/python3.7/site-packages/airflow/example_dags/example_dag_decorator.py took 0.099 seconds
[2024-10-30T16:15:12.560+0000] {processor.py:153} INFO - Started process (PID=554) to work on /home/airflow/.local/lib/python3.7/site-packages/airflow/example_dags/example_dag_decorator.py
[2024-10-30T16:15:12.561+0000] {processor.py:640} INFO - Processing file /home/airflow/.local/lib/python3.7/site-packages/airflow/example_dags/example_dag_decorator.py for tasks to queue
[2024-10-30T16:15:12.561+0000] {logging_mixin.py:115} INFO - [2024-10-30T16:15:12.561+0000] {dagbag.py:508} INFO - Filling up the DagBag from /home/airflow/.local/lib/python3.7/site-packages/airflow/example_dags/example_dag_decorator.py
[2024-10-30T16:15:12.575+0000] {processor.py:650} INFO - DAG(s) dict_keys(['example_dag_decorator']) retrieved from /home/airflow/.local/lib/python3.7/site-packages/airflow/example_dags/example_dag_decorator.py
[2024-10-30T16:15:12.620+0000] {logging_mixin.py:115} INFO - [2024-10-30T16:15:12.620+0000] {dag.py:2429} INFO - Sync 1 DAGs
[2024-10-30T16:15:12.631+0000] {logging_mixin.py:115} INFO - [2024-10-30T16:15:12.631+0000] {dag.py:2981} INFO - Setting next_dagrun for example_dag_decorator to None, run_after=None
[2024-10-30T16:15:12.641+0000] {processor.py:161} INFO - Processing /home/airflow/.local/lib/python3.7/site-packages/airflow/example_dags/example_dag_decorator.py took 0.083 seconds
[2024-10-30T16:15:43.268+0000] {processor.py:153} INFO - Started process (PID=616) to work on /home/airflow/.local/lib/python3.7/site-packages/airflow/example_dags/example_dag_decorator.py
[2024-10-30T16:15:43.269+0000] {processor.py:640} INFO - Processing file /home/airflow/.local/lib/python3.7/site-packages/airflow/example_dags/example_dag_decorator.py for tasks to queue
[2024-10-30T16:15:43.269+0000] {logging_mixin.py:115} INFO - [2024-10-30T16:15:43.269+0000] {dagbag.py:508} INFO - Filling up the DagBag from /home/airflow/.local/lib/python3.7/site-packages/airflow/example_dags/example_dag_decorator.py
[2024-10-30T16:15:43.288+0000] {processor.py:650} INFO - DAG(s) dict_keys(['example_dag_decorator']) retrieved from /home/airflow/.local/lib/python3.7/site-packages/airflow/example_dags/example_dag_decorator.py
[2024-10-30T16:15:43.356+0000] {logging_mixin.py:115} INFO - [2024-10-30T16:15:43.356+0000] {dag.py:2429} INFO - Sync 1 DAGs
[2024-10-30T16:15:43.372+0000] {logging_mixin.py:115} INFO - [2024-10-30T16:15:43.372+0000] {dag.py:2981} INFO - Setting next_dagrun for example_dag_decorator to None, run_after=None
[2024-10-30T16:15:43.384+0000] {processor.py:161} INFO - Processing /home/airflow/.local/lib/python3.7/site-packages/airflow/example_dags/example_dag_decorator.py took 0.119 seconds
[2024-10-30T16:16:14.056+0000] {processor.py:153} INFO - Started process (PID=678) to work on /home/airflow/.local/lib/python3.7/site-packages/airflow/example_dags/example_dag_decorator.py
[2024-10-30T16:16:14.057+0000] {processor.py:640} INFO - Processing file /home/airflow/.local/lib/python3.7/site-packages/airflow/example_dags/example_dag_decorator.py for tasks to queue
[2024-10-30T16:16:14.057+0000] {logging_mixin.py:115} INFO - [2024-10-30T16:16:14.057+0000] {dagbag.py:508} INFO - Filling up the DagBag from /home/airflow/.local/lib/python3.7/site-packages/airflow/example_dags/example_dag_decorator.py
[2024-10-30T16:16:14.077+0000] {processor.py:650} INFO - DAG(s) dict_keys(['example_dag_decorator']) retrieved from /home/airflow/.local/lib/python3.7/site-packages/airflow/example_dags/example_dag_decorator.py
[2024-10-30T16:16:14.139+0000] {logging_mixin.py:115} INFO - [2024-10-30T16:16:14.139+0000] {dag.py:2429} INFO - Sync 1 DAGs
[2024-10-30T16:16:14.152+0000] {logging_mixin.py:115} INFO - [2024-10-30T16:16:14.152+0000] {dag.py:2981} INFO - Setting next_dagrun for example_dag_decorator to None, run_after=None
[2024-10-30T16:16:14.161+0000] {processor.py:161} INFO - Processing /home/airflow/.local/lib/python3.7/site-packages/airflow/example_dags/example_dag_decorator.py took 0.108 seconds
[2024-10-30T16:16:44.833+0000] {processor.py:153} INFO - Started process (PID=731) to work on /home/airflow/.local/lib/python3.7/site-packages/airflow/example_dags/example_dag_decorator.py
[2024-10-30T16:16:44.834+0000] {processor.py:640} INFO - Processing file /home/airflow/.local/lib/python3.7/site-packages/airflow/example_dags/example_dag_decorator.py for tasks to queue
[2024-10-30T16:16:44.835+0000] {logging_mixin.py:115} INFO - [2024-10-30T16:16:44.835+0000] {dagbag.py:508} INFO - Filling up the DagBag from /home/airflow/.local/lib/python3.7/site-packages/airflow/example_dags/example_dag_decorator.py
[2024-10-30T16:16:44.850+0000] {processor.py:650} INFO - DAG(s) dict_keys(['example_dag_decorator']) retrieved from /home/airflow/.local/lib/python3.7/site-packages/airflow/example_dags/example_dag_decorator.py
[2024-10-30T16:16:44.899+0000] {logging_mixin.py:115} INFO - [2024-10-30T16:16:44.899+0000] {dag.py:2429} INFO - Sync 1 DAGs
[2024-10-30T16:16:44.914+0000] {logging_mixin.py:115} INFO - [2024-10-30T16:16:44.914+0000] {dag.py:2981} INFO - Setting next_dagrun for example_dag_decorator to None, run_after=None
[2024-10-30T16:16:44.928+0000] {processor.py:161} INFO - Processing /home/airflow/.local/lib/python3.7/site-packages/airflow/example_dags/example_dag_decorator.py took 0.097 seconds
[2024-10-30T16:17:15.703+0000] {processor.py:153} INFO - Started process (PID=793) to work on /home/airflow/.local/lib/python3.7/site-packages/airflow/example_dags/example_dag_decorator.py
[2024-10-30T16:17:15.704+0000] {processor.py:640} INFO - Processing file /home/airflow/.local/lib/python3.7/site-packages/airflow/example_dags/example_dag_decorator.py for tasks to queue
[2024-10-30T16:17:15.705+0000] {logging_mixin.py:115} INFO - [2024-10-30T16:17:15.704+0000] {dagbag.py:508} INFO - Filling up the DagBag from /home/airflow/.local/lib/python3.7/site-packages/airflow/example_dags/example_dag_decorator.py
[2024-10-30T16:17:15.726+0000] {processor.py:650} INFO - DAG(s) dict_keys(['example_dag_decorator']) retrieved from /home/airflow/.local/lib/python3.7/site-packages/airflow/example_dags/example_dag_decorator.py
[2024-10-30T16:17:15.783+0000] {logging_mixin.py:115} INFO - [2024-10-30T16:17:15.783+0000] {dag.py:2429} INFO - Sync 1 DAGs
[2024-10-30T16:17:15.801+0000] {logging_mixin.py:115} INFO - [2024-10-30T16:17:15.801+0000] {dag.py:2981} INFO - Setting next_dagrun for example_dag_decorator to None, run_after=None
[2024-10-30T16:17:15.812+0000] {processor.py:161} INFO - Processing /home/airflow/.local/lib/python3.7/site-packages/airflow/example_dags/example_dag_decorator.py took 0.112 seconds
[2024-10-30T16:17:46.295+0000] {processor.py:153} INFO - Started process (PID=855) to work on /home/airflow/.local/lib/python3.7/site-packages/airflow/example_dags/example_dag_decorator.py
[2024-10-30T16:17:46.297+0000] {processor.py:640} INFO - Processing file /home/airflow/.local/lib/python3.7/site-packages/airflow/example_dags/example_dag_decorator.py for tasks to queue
[2024-10-30T16:17:46.298+0000] {logging_mixin.py:115} INFO - [2024-10-30T16:17:46.298+0000] {dagbag.py:508} INFO - Filling up the DagBag from /home/airflow/.local/lib/python3.7/site-packages/airflow/example_dags/example_dag_decorator.py
[2024-10-30T16:17:46.314+0000] {processor.py:650} INFO - DAG(s) dict_keys(['example_dag_decorator']) retrieved from /home/airflow/.local/lib/python3.7/site-packages/airflow/example_dags/example_dag_decorator.py
[2024-10-30T16:17:46.368+0000] {logging_mixin.py:115} INFO - [2024-10-30T16:17:46.368+0000] {dag.py:2429} INFO - Sync 1 DAGs
[2024-10-30T16:17:46.383+0000] {logging_mixin.py:115} INFO - [2024-10-30T16:17:46.383+0000] {dag.py:2981} INFO - Setting next_dagrun for example_dag_decorator to None, run_after=None
[2024-10-30T16:17:46.393+0000] {processor.py:161} INFO - Processing /home/airflow/.local/lib/python3.7/site-packages/airflow/example_dags/example_dag_decorator.py took 0.100 seconds
[2024-10-30T16:18:16.837+0000] {processor.py:153} INFO - Started process (PID=917) to work on /home/airflow/.local/lib/python3.7/site-packages/airflow/example_dags/example_dag_decorator.py
[2024-10-30T16:18:16.838+0000] {processor.py:640} INFO - Processing file /home/airflow/.local/lib/python3.7/site-packages/airflow/example_dags/example_dag_decorator.py for tasks to queue
[2024-10-30T16:18:16.839+0000] {logging_mixin.py:115} INFO - [2024-10-30T16:18:16.839+0000] {dagbag.py:508} INFO - Filling up the DagBag from /home/airflow/.local/lib/python3.7/site-packages/airflow/example_dags/example_dag_decorator.py
[2024-10-30T16:18:16.857+0000] {processor.py:650} INFO - DAG(s) dict_keys(['example_dag_decorator']) retrieved from /home/airflow/.local/lib/python3.7/site-packages/airflow/example_dags/example_dag_decorator.py
[2024-10-30T16:18:16.915+0000] {logging_mixin.py:115} INFO - [2024-10-30T16:18:16.915+0000] {dag.py:2429} INFO - Sync 1 DAGs
[2024-10-30T16:18:16.930+0000] {logging_mixin.py:115} INFO - [2024-10-30T16:18:16.930+0000] {dag.py:2981} INFO - Setting next_dagrun for example_dag_decorator to None, run_after=None
[2024-10-30T16:18:16.940+0000] {processor.py:161} INFO - Processing /home/airflow/.local/lib/python3.7/site-packages/airflow/example_dags/example_dag_decorator.py took 0.105 seconds
[2024-10-30T16:18:47.395+0000] {processor.py:153} INFO - Started process (PID=970) to work on /home/airflow/.local/lib/python3.7/site-packages/airflow/example_dags/example_dag_decorator.py
[2024-10-30T16:18:47.395+0000] {processor.py:640} INFO - Processing file /home/airflow/.local/lib/python3.7/site-packages/airflow/example_dags/example_dag_decorator.py for tasks to queue
[2024-10-30T16:18:47.396+0000] {logging_mixin.py:115} INFO - [2024-10-30T16:18:47.396+0000] {dagbag.py:508} INFO - Filling up the DagBag from /home/airflow/.local/lib/python3.7/site-packages/airflow/example_dags/example_dag_decorator.py
[2024-10-30T16:18:47.409+0000] {processor.py:650} INFO - DAG(s) dict_keys(['example_dag_decorator']) retrieved from /home/airflow/.local/lib/python3.7/site-packages/airflow/example_dags/example_dag_decorator.py
[2024-10-30T16:18:47.456+0000] {logging_mixin.py:115} INFO - [2024-10-30T16:18:47.456+0000] {dag.py:2429} INFO - Sync 1 DAGs
[2024-10-30T16:18:47.470+0000] {logging_mixin.py:115} INFO - [2024-10-30T16:18:47.470+0000] {dag.py:2981} INFO - Setting next_dagrun for example_dag_decorator to None, run_after=None
[2024-10-30T16:18:47.479+0000] {processor.py:161} INFO - Processing /home/airflow/.local/lib/python3.7/site-packages/airflow/example_dags/example_dag_decorator.py took 0.086 seconds
[2024-10-30T16:19:17.944+0000] {processor.py:153} INFO - Started process (PID=1032) to work on /home/airflow/.local/lib/python3.7/site-packages/airflow/example_dags/example_dag_decorator.py
[2024-10-30T16:19:17.945+0000] {processor.py:640} INFO - Processing file /home/airflow/.local/lib/python3.7/site-packages/airflow/example_dags/example_dag_decorator.py for tasks to queue
[2024-10-30T16:19:17.945+0000] {logging_mixin.py:115} INFO - [2024-10-30T16:19:17.945+0000] {dagbag.py:508} INFO - Filling up the DagBag from /home/airflow/.local/lib/python3.7/site-packages/airflow/example_dags/example_dag_decorator.py
[2024-10-30T16:19:17.959+0000] {processor.py:650} INFO - DAG(s) dict_keys(['example_dag_decorator']) retrieved from /home/airflow/.local/lib/python3.7/site-packages/airflow/example_dags/example_dag_decorator.py
[2024-10-30T16:19:18.022+0000] {logging_mixin.py:115} INFO - [2024-10-30T16:19:18.022+0000] {dag.py:2429} INFO - Sync 1 DAGs
[2024-10-30T16:19:18.038+0000] {logging_mixin.py:115} INFO - [2024-10-30T16:19:18.038+0000] {dag.py:2981} INFO - Setting next_dagrun for example_dag_decorator to None, run_after=None
[2024-10-30T16:19:18.047+0000] {processor.py:161} INFO - Processing /home/airflow/.local/lib/python3.7/site-packages/airflow/example_dags/example_dag_decorator.py took 0.105 seconds
[2024-10-30T16:19:48.647+0000] {processor.py:153} INFO - Started process (PID=1094) to work on /home/airflow/.local/lib/python3.7/site-packages/airflow/example_dags/example_dag_decorator.py
[2024-10-30T16:19:48.648+0000] {processor.py:640} INFO - Processing file /home/airflow/.local/lib/python3.7/site-packages/airflow/example_dags/example_dag_decorator.py for tasks to queue
[2024-10-30T16:19:48.648+0000] {logging_mixin.py:115} INFO - [2024-10-30T16:19:48.648+0000] {dagbag.py:508} INFO - Filling up the DagBag from /home/airflow/.local/lib/python3.7/site-packages/airflow/example_dags/example_dag_decorator.py
[2024-10-30T16:19:48.666+0000] {processor.py:650} INFO - DAG(s) dict_keys(['example_dag_decorator']) retrieved from /home/airflow/.local/lib/python3.7/site-packages/airflow/example_dags/example_dag_decorator.py
[2024-10-30T16:19:48.726+0000] {logging_mixin.py:115} INFO - [2024-10-30T16:19:48.726+0000] {dag.py:2429} INFO - Sync 1 DAGs
[2024-10-30T16:19:48.742+0000] {logging_mixin.py:115} INFO - [2024-10-30T16:19:48.742+0000] {dag.py:2981} INFO - Setting next_dagrun for example_dag_decorator to None, run_after=None
[2024-10-30T16:19:48.751+0000] {processor.py:161} INFO - Processing /home/airflow/.local/lib/python3.7/site-packages/airflow/example_dags/example_dag_decorator.py took 0.106 seconds
[2024-10-30T16:20:19.251+0000] {processor.py:153} INFO - Started process (PID=1154) to work on /home/airflow/.local/lib/python3.7/site-packages/airflow/example_dags/example_dag_decorator.py
[2024-10-30T16:20:19.252+0000] {processor.py:640} INFO - Processing file /home/airflow/.local/lib/python3.7/site-packages/airflow/example_dags/example_dag_decorator.py for tasks to queue
[2024-10-30T16:20:19.252+0000] {logging_mixin.py:115} INFO - [2024-10-30T16:20:19.252+0000] {dagbag.py:508} INFO - Filling up the DagBag from /home/airflow/.local/lib/python3.7/site-packages/airflow/example_dags/example_dag_decorator.py
[2024-10-30T16:20:19.271+0000] {processor.py:650} INFO - DAG(s) dict_keys(['example_dag_decorator']) retrieved from /home/airflow/.local/lib/python3.7/site-packages/airflow/example_dags/example_dag_decorator.py
[2024-10-30T16:20:19.328+0000] {logging_mixin.py:115} INFO - [2024-10-30T16:20:19.328+0000] {dag.py:2429} INFO - Sync 1 DAGs
[2024-10-30T16:20:19.345+0000] {logging_mixin.py:115} INFO - [2024-10-30T16:20:19.345+0000] {dag.py:2981} INFO - Setting next_dagrun for example_dag_decorator to None, run_after=None
[2024-10-30T16:20:19.357+0000] {processor.py:161} INFO - Processing /home/airflow/.local/lib/python3.7/site-packages/airflow/example_dags/example_dag_decorator.py took 0.109 seconds
[2024-10-30T16:20:49.810+0000] {processor.py:153} INFO - Started process (PID=1209) to work on /home/airflow/.local/lib/python3.7/site-packages/airflow/example_dags/example_dag_decorator.py
[2024-10-30T16:20:49.811+0000] {processor.py:640} INFO - Processing file /home/airflow/.local/lib/python3.7/site-packages/airflow/example_dags/example_dag_decorator.py for tasks to queue
[2024-10-30T16:20:49.811+0000] {logging_mixin.py:115} INFO - [2024-10-30T16:20:49.811+0000] {dagbag.py:508} INFO - Filling up the DagBag from /home/airflow/.local/lib/python3.7/site-packages/airflow/example_dags/example_dag_decorator.py
[2024-10-30T16:20:49.830+0000] {processor.py:650} INFO - DAG(s) dict_keys(['example_dag_decorator']) retrieved from /home/airflow/.local/lib/python3.7/site-packages/airflow/example_dags/example_dag_decorator.py
[2024-10-30T16:20:49.847+0000] {logging_mixin.py:115} INFO - [2024-10-30T16:20:49.847+0000] {dag.py:2429} INFO - Sync 1 DAGs
[2024-10-30T16:20:49.863+0000] {logging_mixin.py:115} INFO - [2024-10-30T16:20:49.863+0000] {dag.py:2981} INFO - Setting next_dagrun for example_dag_decorator to None, run_after=None
[2024-10-30T16:20:49.871+0000] {processor.py:161} INFO - Processing /home/airflow/.local/lib/python3.7/site-packages/airflow/example_dags/example_dag_decorator.py took 0.064 seconds
[2024-10-30T16:21:20.159+0000] {processor.py:153} INFO - Started process (PID=1271) to work on /home/airflow/.local/lib/python3.7/site-packages/airflow/example_dags/example_dag_decorator.py
[2024-10-30T16:21:20.159+0000] {processor.py:640} INFO - Processing file /home/airflow/.local/lib/python3.7/site-packages/airflow/example_dags/example_dag_decorator.py for tasks to queue
[2024-10-30T16:21:20.160+0000] {logging_mixin.py:115} INFO - [2024-10-30T16:21:20.160+0000] {dagbag.py:508} INFO - Filling up the DagBag from /home/airflow/.local/lib/python3.7/site-packages/airflow/example_dags/example_dag_decorator.py
[2024-10-30T16:21:20.173+0000] {processor.py:650} INFO - DAG(s) dict_keys(['example_dag_decorator']) retrieved from /home/airflow/.local/lib/python3.7/site-packages/airflow/example_dags/example_dag_decorator.py
[2024-10-30T16:21:20.225+0000] {logging_mixin.py:115} INFO - [2024-10-30T16:21:20.225+0000] {dag.py:2429} INFO - Sync 1 DAGs
[2024-10-30T16:21:20.238+0000] {logging_mixin.py:115} INFO - [2024-10-30T16:21:20.238+0000] {dag.py:2981} INFO - Setting next_dagrun for example_dag_decorator to None, run_after=None
[2024-10-30T16:21:20.247+0000] {processor.py:161} INFO - Processing /home/airflow/.local/lib/python3.7/site-packages/airflow/example_dags/example_dag_decorator.py took 0.090 seconds
[2024-10-30T16:21:50.890+0000] {processor.py:153} INFO - Started process (PID=1333) to work on /home/airflow/.local/lib/python3.7/site-packages/airflow/example_dags/example_dag_decorator.py
[2024-10-30T16:21:50.890+0000] {processor.py:640} INFO - Processing file /home/airflow/.local/lib/python3.7/site-packages/airflow/example_dags/example_dag_decorator.py for tasks to queue
[2024-10-30T16:21:50.891+0000] {logging_mixin.py:115} INFO - [2024-10-30T16:21:50.891+0000] {dagbag.py:508} INFO - Filling up the DagBag from /home/airflow/.local/lib/python3.7/site-packages/airflow/example_dags/example_dag_decorator.py
[2024-10-30T16:21:50.909+0000] {processor.py:650} INFO - DAG(s) dict_keys(['example_dag_decorator']) retrieved from /home/airflow/.local/lib/python3.7/site-packages/airflow/example_dags/example_dag_decorator.py
[2024-10-30T16:21:50.977+0000] {logging_mixin.py:115} INFO - [2024-10-30T16:21:50.976+0000] {dag.py:2429} INFO - Sync 1 DAGs
[2024-10-30T16:21:51.000+0000] {logging_mixin.py:115} INFO - [2024-10-30T16:21:51.000+0000] {dag.py:2981} INFO - Setting next_dagrun for example_dag_decorator to None, run_after=None
[2024-10-30T16:21:51.013+0000] {processor.py:161} INFO - Processing /home/airflow/.local/lib/python3.7/site-packages/airflow/example_dags/example_dag_decorator.py took 0.126 seconds
[2024-10-30T16:22:21.672+0000] {processor.py:153} INFO - Started process (PID=1386) to work on /home/airflow/.local/lib/python3.7/site-packages/airflow/example_dags/example_dag_decorator.py
[2024-10-30T16:22:21.673+0000] {processor.py:640} INFO - Processing file /home/airflow/.local/lib/python3.7/site-packages/airflow/example_dags/example_dag_decorator.py for tasks to queue
[2024-10-30T16:22:21.673+0000] {logging_mixin.py:115} INFO - [2024-10-30T16:22:21.673+0000] {dagbag.py:508} INFO - Filling up the DagBag from /home/airflow/.local/lib/python3.7/site-packages/airflow/example_dags/example_dag_decorator.py
[2024-10-30T16:22:21.692+0000] {processor.py:650} INFO - DAG(s) dict_keys(['example_dag_decorator']) retrieved from /home/airflow/.local/lib/python3.7/site-packages/airflow/example_dags/example_dag_decorator.py
[2024-10-30T16:22:21.739+0000] {logging_mixin.py:115} INFO - [2024-10-30T16:22:21.739+0000] {dag.py:2429} INFO - Sync 1 DAGs
[2024-10-30T16:22:21.751+0000] {logging_mixin.py:115} INFO - [2024-10-30T16:22:21.751+0000] {dag.py:2981} INFO - Setting next_dagrun for example_dag_decorator to None, run_after=None
[2024-10-30T16:22:21.760+0000] {processor.py:161} INFO - Processing /home/airflow/.local/lib/python3.7/site-packages/airflow/example_dags/example_dag_decorator.py took 0.089 seconds
[2024-10-30T16:22:52.307+0000] {processor.py:153} INFO - Started process (PID=1448) to work on /home/airflow/.local/lib/python3.7/site-packages/airflow/example_dags/example_dag_decorator.py
[2024-10-30T16:22:52.308+0000] {processor.py:640} INFO - Processing file /home/airflow/.local/lib/python3.7/site-packages/airflow/example_dags/example_dag_decorator.py for tasks to queue
[2024-10-30T16:22:52.308+0000] {logging_mixin.py:115} INFO - [2024-10-30T16:22:52.308+0000] {dagbag.py:508} INFO - Filling up the DagBag from /home/airflow/.local/lib/python3.7/site-packages/airflow/example_dags/example_dag_decorator.py
[2024-10-30T16:22:52.322+0000] {processor.py:650} INFO - DAG(s) dict_keys(['example_dag_decorator']) retrieved from /home/airflow/.local/lib/python3.7/site-packages/airflow/example_dags/example_dag_decorator.py
[2024-10-30T16:22:52.341+0000] {logging_mixin.py:115} INFO - [2024-10-30T16:22:52.341+0000] {dag.py:2429} INFO - Sync 1 DAGs
[2024-10-30T16:22:52.355+0000] {logging_mixin.py:115} INFO - [2024-10-30T16:22:52.355+0000] {dag.py:2981} INFO - Setting next_dagrun for example_dag_decorator to None, run_after=None
[2024-10-30T16:22:52.362+0000] {processor.py:161} INFO - Processing /home/airflow/.local/lib/python3.7/site-packages/airflow/example_dags/example_dag_decorator.py took 0.056 seconds
[2024-10-30T16:23:22.948+0000] {processor.py:153} INFO - Started process (PID=1510) to work on /home/airflow/.local/lib/python3.7/site-packages/airflow/example_dags/example_dag_decorator.py
[2024-10-30T16:23:22.948+0000] {processor.py:640} INFO - Processing file /home/airflow/.local/lib/python3.7/site-packages/airflow/example_dags/example_dag_decorator.py for tasks to queue
[2024-10-30T16:23:22.949+0000] {logging_mixin.py:115} INFO - [2024-10-30T16:23:22.948+0000] {dagbag.py:508} INFO - Filling up the DagBag from /home/airflow/.local/lib/python3.7/site-packages/airflow/example_dags/example_dag_decorator.py
[2024-10-30T16:23:22.963+0000] {processor.py:650} INFO - DAG(s) dict_keys(['example_dag_decorator']) retrieved from /home/airflow/.local/lib/python3.7/site-packages/airflow/example_dags/example_dag_decorator.py
[2024-10-30T16:23:23.009+0000] {logging_mixin.py:115} INFO - [2024-10-30T16:23:23.008+0000] {dag.py:2429} INFO - Sync 1 DAGs
[2024-10-30T16:23:23.021+0000] {logging_mixin.py:115} INFO - [2024-10-30T16:23:23.021+0000] {dag.py:2981} INFO - Setting next_dagrun for example_dag_decorator to None, run_after=None
[2024-10-30T16:23:23.029+0000] {processor.py:161} INFO - Processing /home/airflow/.local/lib/python3.7/site-packages/airflow/example_dags/example_dag_decorator.py took 0.083 seconds
[2024-10-30T16:23:53.587+0000] {processor.py:153} INFO - Started process (PID=1572) to work on /home/airflow/.local/lib/python3.7/site-packages/airflow/example_dags/example_dag_decorator.py
[2024-10-30T16:23:53.588+0000] {processor.py:640} INFO - Processing file /home/airflow/.local/lib/python3.7/site-packages/airflow/example_dags/example_dag_decorator.py for tasks to queue
[2024-10-30T16:23:53.588+0000] {logging_mixin.py:115} INFO - [2024-10-30T16:23:53.588+0000] {dagbag.py:508} INFO - Filling up the DagBag from /home/airflow/.local/lib/python3.7/site-packages/airflow/example_dags/example_dag_decorator.py
[2024-10-30T16:23:53.604+0000] {processor.py:650} INFO - DAG(s) dict_keys(['example_dag_decorator']) retrieved from /home/airflow/.local/lib/python3.7/site-packages/airflow/example_dags/example_dag_decorator.py
[2024-10-30T16:23:53.658+0000] {logging_mixin.py:115} INFO - [2024-10-30T16:23:53.658+0000] {dag.py:2429} INFO - Sync 1 DAGs
[2024-10-30T16:23:53.676+0000] {logging_mixin.py:115} INFO - [2024-10-30T16:23:53.676+0000] {dag.py:2981} INFO - Setting next_dagrun for example_dag_decorator to None, run_after=None
[2024-10-30T16:23:53.688+0000] {processor.py:161} INFO - Processing /home/airflow/.local/lib/python3.7/site-packages/airflow/example_dags/example_dag_decorator.py took 0.103 seconds
[2024-10-30T16:24:24.349+0000] {processor.py:153} INFO - Started process (PID=1625) to work on /home/airflow/.local/lib/python3.7/site-packages/airflow/example_dags/example_dag_decorator.py
[2024-10-30T16:24:24.350+0000] {processor.py:640} INFO - Processing file /home/airflow/.local/lib/python3.7/site-packages/airflow/example_dags/example_dag_decorator.py for tasks to queue
[2024-10-30T16:24:24.351+0000] {logging_mixin.py:115} INFO - [2024-10-30T16:24:24.351+0000] {dagbag.py:508} INFO - Filling up the DagBag from /home/airflow/.local/lib/python3.7/site-packages/airflow/example_dags/example_dag_decorator.py
[2024-10-30T16:24:24.368+0000] {processor.py:650} INFO - DAG(s) dict_keys(['example_dag_decorator']) retrieved from /home/airflow/.local/lib/python3.7/site-packages/airflow/example_dags/example_dag_decorator.py
[2024-10-30T16:24:24.422+0000] {logging_mixin.py:115} INFO - [2024-10-30T16:24:24.422+0000] {dag.py:2429} INFO - Sync 1 DAGs
[2024-10-30T16:24:24.440+0000] {logging_mixin.py:115} INFO - [2024-10-30T16:24:24.440+0000] {dag.py:2981} INFO - Setting next_dagrun for example_dag_decorator to None, run_after=None
[2024-10-30T16:24:24.450+0000] {processor.py:161} INFO - Processing /home/airflow/.local/lib/python3.7/site-packages/airflow/example_dags/example_dag_decorator.py took 0.103 seconds
[2024-10-30T16:24:55.228+0000] {processor.py:153} INFO - Started process (PID=1688) to work on /home/airflow/.local/lib/python3.7/site-packages/airflow/example_dags/example_dag_decorator.py
[2024-10-30T16:24:55.229+0000] {processor.py:640} INFO - Processing file /home/airflow/.local/lib/python3.7/site-packages/airflow/example_dags/example_dag_decorator.py for tasks to queue
[2024-10-30T16:24:55.229+0000] {logging_mixin.py:115} INFO - [2024-10-30T16:24:55.229+0000] {dagbag.py:508} INFO - Filling up the DagBag from /home/airflow/.local/lib/python3.7/site-packages/airflow/example_dags/example_dag_decorator.py
[2024-10-30T16:24:55.248+0000] {processor.py:650} INFO - DAG(s) dict_keys(['example_dag_decorator']) retrieved from /home/airflow/.local/lib/python3.7/site-packages/airflow/example_dags/example_dag_decorator.py
[2024-10-30T16:24:55.275+0000] {logging_mixin.py:115} INFO - [2024-10-30T16:24:55.275+0000] {dag.py:2429} INFO - Sync 1 DAGs
[2024-10-30T16:24:55.297+0000] {logging_mixin.py:115} INFO - [2024-10-30T16:24:55.297+0000] {dag.py:2981} INFO - Setting next_dagrun for example_dag_decorator to None, run_after=None
[2024-10-30T16:24:55.308+0000] {processor.py:161} INFO - Processing /home/airflow/.local/lib/python3.7/site-packages/airflow/example_dags/example_dag_decorator.py took 0.083 seconds
[2024-10-30T16:25:25.895+0000] {processor.py:153} INFO - Started process (PID=1750) to work on /home/airflow/.local/lib/python3.7/site-packages/airflow/example_dags/example_dag_decorator.py
[2024-10-30T16:25:25.896+0000] {processor.py:640} INFO - Processing file /home/airflow/.local/lib/python3.7/site-packages/airflow/example_dags/example_dag_decorator.py for tasks to queue
[2024-10-30T16:25:25.896+0000] {logging_mixin.py:115} INFO - [2024-10-30T16:25:25.896+0000] {dagbag.py:508} INFO - Filling up the DagBag from /home/airflow/.local/lib/python3.7/site-packages/airflow/example_dags/example_dag_decorator.py
[2024-10-30T16:25:25.913+0000] {processor.py:650} INFO - DAG(s) dict_keys(['example_dag_decorator']) retrieved from /home/airflow/.local/lib/python3.7/site-packages/airflow/example_dags/example_dag_decorator.py
[2024-10-30T16:25:25.970+0000] {logging_mixin.py:115} INFO - [2024-10-30T16:25:25.969+0000] {dag.py:2429} INFO - Sync 1 DAGs
[2024-10-30T16:25:25.984+0000] {logging_mixin.py:115} INFO - [2024-10-30T16:25:25.984+0000] {dag.py:2981} INFO - Setting next_dagrun for example_dag_decorator to None, run_after=None
[2024-10-30T16:25:25.994+0000] {processor.py:161} INFO - Processing /home/airflow/.local/lib/python3.7/site-packages/airflow/example_dags/example_dag_decorator.py took 0.100 seconds
[2024-10-30T16:25:56.852+0000] {processor.py:153} INFO - Started process (PID=1813) to work on /home/airflow/.local/lib/python3.7/site-packages/airflow/example_dags/example_dag_decorator.py
[2024-10-30T16:25:56.853+0000] {processor.py:640} INFO - Processing file /home/airflow/.local/lib/python3.7/site-packages/airflow/example_dags/example_dag_decorator.py for tasks to queue
[2024-10-30T16:25:56.854+0000] {logging_mixin.py:115} INFO - [2024-10-30T16:25:56.853+0000] {dagbag.py:508} INFO - Filling up the DagBag from /home/airflow/.local/lib/python3.7/site-packages/airflow/example_dags/example_dag_decorator.py
[2024-10-30T16:25:56.873+0000] {processor.py:650} INFO - DAG(s) dict_keys(['example_dag_decorator']) retrieved from /home/airflow/.local/lib/python3.7/site-packages/airflow/example_dags/example_dag_decorator.py
[2024-10-30T16:25:56.901+0000] {logging_mixin.py:115} INFO - [2024-10-30T16:25:56.901+0000] {dag.py:2429} INFO - Sync 1 DAGs
[2024-10-30T16:25:56.921+0000] {logging_mixin.py:115} INFO - [2024-10-30T16:25:56.921+0000] {dag.py:2981} INFO - Setting next_dagrun for example_dag_decorator to None, run_after=None
[2024-10-30T16:25:56.931+0000] {processor.py:161} INFO - Processing /home/airflow/.local/lib/python3.7/site-packages/airflow/example_dags/example_dag_decorator.py took 0.082 seconds
[2024-10-30T16:26:27.510+0000] {processor.py:153} INFO - Started process (PID=1868) to work on /home/airflow/.local/lib/python3.7/site-packages/airflow/example_dags/example_dag_decorator.py
[2024-10-30T16:26:27.511+0000] {processor.py:640} INFO - Processing file /home/airflow/.local/lib/python3.7/site-packages/airflow/example_dags/example_dag_decorator.py for tasks to queue
[2024-10-30T16:26:27.512+0000] {logging_mixin.py:115} INFO - [2024-10-30T16:26:27.511+0000] {dagbag.py:508} INFO - Filling up the DagBag from /home/airflow/.local/lib/python3.7/site-packages/airflow/example_dags/example_dag_decorator.py
[2024-10-30T16:26:27.529+0000] {processor.py:650} INFO - DAG(s) dict_keys(['example_dag_decorator']) retrieved from /home/airflow/.local/lib/python3.7/site-packages/airflow/example_dags/example_dag_decorator.py
[2024-10-30T16:26:27.587+0000] {logging_mixin.py:115} INFO - [2024-10-30T16:26:27.586+0000] {dag.py:2429} INFO - Sync 1 DAGs
[2024-10-30T16:26:27.605+0000] {logging_mixin.py:115} INFO - [2024-10-30T16:26:27.605+0000] {dag.py:2981} INFO - Setting next_dagrun for example_dag_decorator to None, run_after=None
[2024-10-30T16:26:27.616+0000] {processor.py:161} INFO - Processing /home/airflow/.local/lib/python3.7/site-packages/airflow/example_dags/example_dag_decorator.py took 0.108 seconds
[2024-10-30T16:26:58.149+0000] {processor.py:153} INFO - Started process (PID=1932) to work on /home/airflow/.local/lib/python3.7/site-packages/airflow/example_dags/example_dag_decorator.py
[2024-10-30T16:26:58.150+0000] {processor.py:640} INFO - Processing file /home/airflow/.local/lib/python3.7/site-packages/airflow/example_dags/example_dag_decorator.py for tasks to queue
[2024-10-30T16:26:58.151+0000] {logging_mixin.py:115} INFO - [2024-10-30T16:26:58.150+0000] {dagbag.py:508} INFO - Filling up the DagBag from /home/airflow/.local/lib/python3.7/site-packages/airflow/example_dags/example_dag_decorator.py
[2024-10-30T16:26:58.164+0000] {processor.py:650} INFO - DAG(s) dict_keys(['example_dag_decorator']) retrieved from /home/airflow/.local/lib/python3.7/site-packages/airflow/example_dags/example_dag_decorator.py
[2024-10-30T16:26:58.212+0000] {logging_mixin.py:115} INFO - [2024-10-30T16:26:58.212+0000] {dag.py:2429} INFO - Sync 1 DAGs
[2024-10-30T16:26:58.226+0000] {logging_mixin.py:115} INFO - [2024-10-30T16:26:58.226+0000] {dag.py:2981} INFO - Setting next_dagrun for example_dag_decorator to None, run_after=None
[2024-10-30T16:26:58.237+0000] {processor.py:161} INFO - Processing /home/airflow/.local/lib/python3.7/site-packages/airflow/example_dags/example_dag_decorator.py took 0.090 seconds
