[2024-10-30T16:11:06.888+0000] {processor.py:153} INFO - Started process (PID=73) to work on /home/airflow/.local/lib/python3.7/site-packages/airflow/example_dags/example_short_circuit_operator.py
[2024-10-30T16:11:06.889+0000] {processor.py:640} INFO - Processing file /home/airflow/.local/lib/python3.7/site-packages/airflow/example_dags/example_short_circuit_operator.py for tasks to queue
[2024-10-30T16:11:06.890+0000] {logging_mixin.py:115} INFO - [2024-10-30T16:11:06.890+0000] {dagbag.py:508} INFO - Filling up the DagBag from /home/airflow/.local/lib/python3.7/site-packages/airflow/example_dags/example_short_circuit_operator.py
[2024-10-30T16:11:06.897+0000] {processor.py:650} INFO - DAG(s) dict_keys(['example_short_circuit_operator']) retrieved from /home/airflow/.local/lib/python3.7/site-packages/airflow/example_dags/example_short_circuit_operator.py
[2024-10-30T16:11:06.972+0000] {logging_mixin.py:115} INFO - [2024-10-30T16:11:06.972+0000] {manager.py:508} INFO - Created Permission View: can delete on DAG:example_short_circuit_operator
[2024-10-30T16:11:06.981+0000] {logging_mixin.py:115} INFO - [2024-10-30T16:11:06.981+0000] {manager.py:508} INFO - Created Permission View: can read on DAG:example_short_circuit_operator
[2024-10-30T16:11:06.986+0000] {logging_mixin.py:115} INFO - [2024-10-30T16:11:06.986+0000] {manager.py:508} INFO - Created Permission View: can edit on DAG:example_short_circuit_operator
[2024-10-30T16:11:06.986+0000] {logging_mixin.py:115} INFO - [2024-10-30T16:11:06.986+0000] {dag.py:2429} INFO - Sync 1 DAGs
[2024-10-30T16:11:06.993+0000] {logging_mixin.py:115} INFO - [2024-10-30T16:11:06.993+0000] {dag.py:2448} INFO - Creating ORM DAG for example_short_circuit_operator
[2024-10-30T16:11:07.004+0000] {logging_mixin.py:115} INFO - [2024-10-30T16:11:07.004+0000] {dag.py:2981} INFO - Setting next_dagrun for example_short_circuit_operator to 2024-10-29T16:11:07.003772+00:00, run_after=2024-10-30T16:11:07.003772+00:00
[2024-10-30T16:11:07.016+0000] {processor.py:161} INFO - Processing /home/airflow/.local/lib/python3.7/site-packages/airflow/example_dags/example_short_circuit_operator.py took 0.130 seconds
[2024-10-30T16:11:37.938+0000] {processor.py:153} INFO - Started process (PID=135) to work on /home/airflow/.local/lib/python3.7/site-packages/airflow/example_dags/example_short_circuit_operator.py
[2024-10-30T16:11:37.938+0000] {processor.py:640} INFO - Processing file /home/airflow/.local/lib/python3.7/site-packages/airflow/example_dags/example_short_circuit_operator.py for tasks to queue
[2024-10-30T16:11:37.939+0000] {logging_mixin.py:115} INFO - [2024-10-30T16:11:37.939+0000] {dagbag.py:508} INFO - Filling up the DagBag from /home/airflow/.local/lib/python3.7/site-packages/airflow/example_dags/example_short_circuit_operator.py
[2024-10-30T16:11:37.944+0000] {processor.py:650} INFO - DAG(s) dict_keys(['example_short_circuit_operator']) retrieved from /home/airflow/.local/lib/python3.7/site-packages/airflow/example_dags/example_short_circuit_operator.py
[2024-10-30T16:11:37.962+0000] {logging_mixin.py:115} INFO - [2024-10-30T16:11:37.962+0000] {dag.py:2429} INFO - Sync 1 DAGs
[2024-10-30T16:11:37.981+0000] {logging_mixin.py:115} INFO - [2024-10-30T16:11:37.981+0000] {dag.py:2981} INFO - Setting next_dagrun for example_short_circuit_operator to 2024-10-29T16:11:37.981551+00:00, run_after=2024-10-30T16:11:37.981551+00:00
[2024-10-30T16:11:37.991+0000] {processor.py:161} INFO - Processing /home/airflow/.local/lib/python3.7/site-packages/airflow/example_dags/example_short_circuit_operator.py took 0.057 seconds
[2024-10-30T16:12:08.521+0000] {processor.py:153} INFO - Started process (PID=197) to work on /home/airflow/.local/lib/python3.7/site-packages/airflow/example_dags/example_short_circuit_operator.py
[2024-10-30T16:12:08.522+0000] {processor.py:640} INFO - Processing file /home/airflow/.local/lib/python3.7/site-packages/airflow/example_dags/example_short_circuit_operator.py for tasks to queue
[2024-10-30T16:12:08.522+0000] {logging_mixin.py:115} INFO - [2024-10-30T16:12:08.522+0000] {dagbag.py:508} INFO - Filling up the DagBag from /home/airflow/.local/lib/python3.7/site-packages/airflow/example_dags/example_short_circuit_operator.py
[2024-10-30T16:12:08.532+0000] {processor.py:650} INFO - DAG(s) dict_keys(['example_short_circuit_operator']) retrieved from /home/airflow/.local/lib/python3.7/site-packages/airflow/example_dags/example_short_circuit_operator.py
[2024-10-30T16:12:08.557+0000] {logging_mixin.py:115} INFO - [2024-10-30T16:12:08.557+0000] {dag.py:2429} INFO - Sync 1 DAGs
[2024-10-30T16:12:08.579+0000] {logging_mixin.py:115} INFO - [2024-10-30T16:12:08.579+0000] {dag.py:2981} INFO - Setting next_dagrun for example_short_circuit_operator to 2024-10-29T16:12:08.579295+00:00, run_after=2024-10-30T16:12:08.579295+00:00
[2024-10-30T16:12:08.590+0000] {processor.py:161} INFO - Processing /home/airflow/.local/lib/python3.7/site-packages/airflow/example_dags/example_short_circuit_operator.py took 0.072 seconds
[2024-10-30T16:12:39.080+0000] {processor.py:153} INFO - Started process (PID=251) to work on /home/airflow/.local/lib/python3.7/site-packages/airflow/example_dags/example_short_circuit_operator.py
[2024-10-30T16:12:39.081+0000] {processor.py:640} INFO - Processing file /home/airflow/.local/lib/python3.7/site-packages/airflow/example_dags/example_short_circuit_operator.py for tasks to queue
[2024-10-30T16:12:39.081+0000] {logging_mixin.py:115} INFO - [2024-10-30T16:12:39.081+0000] {dagbag.py:508} INFO - Filling up the DagBag from /home/airflow/.local/lib/python3.7/site-packages/airflow/example_dags/example_short_circuit_operator.py
[2024-10-30T16:12:39.088+0000] {processor.py:650} INFO - DAG(s) dict_keys(['example_short_circuit_operator']) retrieved from /home/airflow/.local/lib/python3.7/site-packages/airflow/example_dags/example_short_circuit_operator.py
[2024-10-30T16:12:39.106+0000] {logging_mixin.py:115} INFO - [2024-10-30T16:12:39.106+0000] {dag.py:2429} INFO - Sync 1 DAGs
[2024-10-30T16:12:39.122+0000] {logging_mixin.py:115} INFO - [2024-10-30T16:12:39.121+0000] {dag.py:2981} INFO - Setting next_dagrun for example_short_circuit_operator to 2024-10-29T16:12:39.121825+00:00, run_after=2024-10-30T16:12:39.121825+00:00
[2024-10-30T16:12:39.129+0000] {processor.py:161} INFO - Processing /home/airflow/.local/lib/python3.7/site-packages/airflow/example_dags/example_short_circuit_operator.py took 0.051 seconds
[2024-10-30T16:13:09.579+0000] {processor.py:153} INFO - Started process (PID=313) to work on /home/airflow/.local/lib/python3.7/site-packages/airflow/example_dags/example_short_circuit_operator.py
[2024-10-30T16:13:09.579+0000] {processor.py:640} INFO - Processing file /home/airflow/.local/lib/python3.7/site-packages/airflow/example_dags/example_short_circuit_operator.py for tasks to queue
[2024-10-30T16:13:09.580+0000] {logging_mixin.py:115} INFO - [2024-10-30T16:13:09.580+0000] {dagbag.py:508} INFO - Filling up the DagBag from /home/airflow/.local/lib/python3.7/site-packages/airflow/example_dags/example_short_circuit_operator.py
[2024-10-30T16:13:09.586+0000] {processor.py:650} INFO - DAG(s) dict_keys(['example_short_circuit_operator']) retrieved from /home/airflow/.local/lib/python3.7/site-packages/airflow/example_dags/example_short_circuit_operator.py
[2024-10-30T16:13:09.604+0000] {logging_mixin.py:115} INFO - [2024-10-30T16:13:09.604+0000] {dag.py:2429} INFO - Sync 1 DAGs
[2024-10-30T16:13:09.618+0000] {logging_mixin.py:115} INFO - [2024-10-30T16:13:09.618+0000] {dag.py:2981} INFO - Setting next_dagrun for example_short_circuit_operator to 2024-10-29T16:13:09.618114+00:00, run_after=2024-10-30T16:13:09.618114+00:00
[2024-10-30T16:13:09.626+0000] {processor.py:161} INFO - Processing /home/airflow/.local/lib/python3.7/site-packages/airflow/example_dags/example_short_circuit_operator.py took 0.050 seconds
[2024-10-30T16:13:40.326+0000] {processor.py:153} INFO - Started process (PID=376) to work on /home/airflow/.local/lib/python3.7/site-packages/airflow/example_dags/example_short_circuit_operator.py
[2024-10-30T16:13:40.327+0000] {processor.py:640} INFO - Processing file /home/airflow/.local/lib/python3.7/site-packages/airflow/example_dags/example_short_circuit_operator.py for tasks to queue
[2024-10-30T16:13:40.327+0000] {logging_mixin.py:115} INFO - [2024-10-30T16:13:40.327+0000] {dagbag.py:508} INFO - Filling up the DagBag from /home/airflow/.local/lib/python3.7/site-packages/airflow/example_dags/example_short_circuit_operator.py
[2024-10-30T16:13:40.333+0000] {processor.py:650} INFO - DAG(s) dict_keys(['example_short_circuit_operator']) retrieved from /home/airflow/.local/lib/python3.7/site-packages/airflow/example_dags/example_short_circuit_operator.py
[2024-10-30T16:13:40.351+0000] {logging_mixin.py:115} INFO - [2024-10-30T16:13:40.350+0000] {dag.py:2429} INFO - Sync 1 DAGs
[2024-10-30T16:13:40.367+0000] {logging_mixin.py:115} INFO - [2024-10-30T16:13:40.367+0000] {dag.py:2981} INFO - Setting next_dagrun for example_short_circuit_operator to 2024-10-29T16:13:40.367011+00:00, run_after=2024-10-30T16:13:40.367011+00:00
[2024-10-30T16:13:40.375+0000] {processor.py:161} INFO - Processing /home/airflow/.local/lib/python3.7/site-packages/airflow/example_dags/example_short_circuit_operator.py took 0.050 seconds
[2024-10-30T16:14:11.180+0000] {processor.py:153} INFO - Started process (PID=438) to work on /home/airflow/.local/lib/python3.7/site-packages/airflow/example_dags/example_short_circuit_operator.py
[2024-10-30T16:14:11.181+0000] {processor.py:640} INFO - Processing file /home/airflow/.local/lib/python3.7/site-packages/airflow/example_dags/example_short_circuit_operator.py for tasks to queue
[2024-10-30T16:14:11.181+0000] {logging_mixin.py:115} INFO - [2024-10-30T16:14:11.181+0000] {dagbag.py:508} INFO - Filling up the DagBag from /home/airflow/.local/lib/python3.7/site-packages/airflow/example_dags/example_short_circuit_operator.py
[2024-10-30T16:14:11.191+0000] {processor.py:650} INFO - DAG(s) dict_keys(['example_short_circuit_operator']) retrieved from /home/airflow/.local/lib/python3.7/site-packages/airflow/example_dags/example_short_circuit_operator.py
[2024-10-30T16:14:11.208+0000] {logging_mixin.py:115} INFO - [2024-10-30T16:14:11.208+0000] {dag.py:2429} INFO - Sync 1 DAGs
[2024-10-30T16:14:11.224+0000] {logging_mixin.py:115} INFO - [2024-10-30T16:14:11.224+0000] {dag.py:2981} INFO - Setting next_dagrun for example_short_circuit_operator to 2024-10-29T16:14:11.224213+00:00, run_after=2024-10-30T16:14:11.224213+00:00
[2024-10-30T16:14:11.232+0000] {processor.py:161} INFO - Processing /home/airflow/.local/lib/python3.7/site-packages/airflow/example_dags/example_short_circuit_operator.py took 0.053 seconds
[2024-10-30T16:14:41.961+0000] {processor.py:153} INFO - Started process (PID=491) to work on /home/airflow/.local/lib/python3.7/site-packages/airflow/example_dags/example_short_circuit_operator.py
[2024-10-30T16:14:41.962+0000] {processor.py:640} INFO - Processing file /home/airflow/.local/lib/python3.7/site-packages/airflow/example_dags/example_short_circuit_operator.py for tasks to queue
[2024-10-30T16:14:41.962+0000] {logging_mixin.py:115} INFO - [2024-10-30T16:14:41.962+0000] {dagbag.py:508} INFO - Filling up the DagBag from /home/airflow/.local/lib/python3.7/site-packages/airflow/example_dags/example_short_circuit_operator.py
[2024-10-30T16:14:41.971+0000] {processor.py:650} INFO - DAG(s) dict_keys(['example_short_circuit_operator']) retrieved from /home/airflow/.local/lib/python3.7/site-packages/airflow/example_dags/example_short_circuit_operator.py
[2024-10-30T16:14:41.992+0000] {logging_mixin.py:115} INFO - [2024-10-30T16:14:41.992+0000] {dag.py:2429} INFO - Sync 1 DAGs
[2024-10-30T16:14:42.010+0000] {logging_mixin.py:115} INFO - [2024-10-30T16:14:42.010+0000] {dag.py:2981} INFO - Setting next_dagrun for example_short_circuit_operator to 2024-10-29T16:14:42.010050+00:00, run_after=2024-10-30T16:14:42.010050+00:00
[2024-10-30T16:14:42.019+0000] {processor.py:161} INFO - Processing /home/airflow/.local/lib/python3.7/site-packages/airflow/example_dags/example_short_circuit_operator.py took 0.060 seconds
[2024-10-30T16:15:12.555+0000] {processor.py:153} INFO - Started process (PID=553) to work on /home/airflow/.local/lib/python3.7/site-packages/airflow/example_dags/example_short_circuit_operator.py
[2024-10-30T16:15:12.556+0000] {processor.py:640} INFO - Processing file /home/airflow/.local/lib/python3.7/site-packages/airflow/example_dags/example_short_circuit_operator.py for tasks to queue
[2024-10-30T16:15:12.556+0000] {logging_mixin.py:115} INFO - [2024-10-30T16:15:12.556+0000] {dagbag.py:508} INFO - Filling up the DagBag from /home/airflow/.local/lib/python3.7/site-packages/airflow/example_dags/example_short_circuit_operator.py
[2024-10-30T16:15:12.562+0000] {processor.py:650} INFO - DAG(s) dict_keys(['example_short_circuit_operator']) retrieved from /home/airflow/.local/lib/python3.7/site-packages/airflow/example_dags/example_short_circuit_operator.py
[2024-10-30T16:15:12.579+0000] {logging_mixin.py:115} INFO - [2024-10-30T16:15:12.578+0000] {dag.py:2429} INFO - Sync 1 DAGs
[2024-10-30T16:15:12.593+0000] {logging_mixin.py:115} INFO - [2024-10-30T16:15:12.593+0000] {dag.py:2981} INFO - Setting next_dagrun for example_short_circuit_operator to 2024-10-29T16:15:12.593206+00:00, run_after=2024-10-30T16:15:12.593206+00:00
[2024-10-30T16:15:12.601+0000] {processor.py:161} INFO - Processing /home/airflow/.local/lib/python3.7/site-packages/airflow/example_dags/example_short_circuit_operator.py took 0.048 seconds
[2024-10-30T16:15:43.256+0000] {processor.py:153} INFO - Started process (PID=615) to work on /home/airflow/.local/lib/python3.7/site-packages/airflow/example_dags/example_short_circuit_operator.py
[2024-10-30T16:15:43.257+0000] {processor.py:640} INFO - Processing file /home/airflow/.local/lib/python3.7/site-packages/airflow/example_dags/example_short_circuit_operator.py for tasks to queue
[2024-10-30T16:15:43.257+0000] {logging_mixin.py:115} INFO - [2024-10-30T16:15:43.257+0000] {dagbag.py:508} INFO - Filling up the DagBag from /home/airflow/.local/lib/python3.7/site-packages/airflow/example_dags/example_short_circuit_operator.py
[2024-10-30T16:15:43.264+0000] {processor.py:650} INFO - DAG(s) dict_keys(['example_short_circuit_operator']) retrieved from /home/airflow/.local/lib/python3.7/site-packages/airflow/example_dags/example_short_circuit_operator.py
[2024-10-30T16:15:43.286+0000] {logging_mixin.py:115} INFO - [2024-10-30T16:15:43.285+0000] {dag.py:2429} INFO - Sync 1 DAGs
[2024-10-30T16:15:43.304+0000] {logging_mixin.py:115} INFO - [2024-10-30T16:15:43.304+0000] {dag.py:2981} INFO - Setting next_dagrun for example_short_circuit_operator to 2024-10-29T16:15:43.303943+00:00, run_after=2024-10-30T16:15:43.303943+00:00
[2024-10-30T16:15:43.315+0000] {processor.py:161} INFO - Processing /home/airflow/.local/lib/python3.7/site-packages/airflow/example_dags/example_short_circuit_operator.py took 0.061 seconds
[2024-10-30T16:16:14.045+0000] {processor.py:153} INFO - Started process (PID=677) to work on /home/airflow/.local/lib/python3.7/site-packages/airflow/example_dags/example_short_circuit_operator.py
[2024-10-30T16:16:14.046+0000] {processor.py:640} INFO - Processing file /home/airflow/.local/lib/python3.7/site-packages/airflow/example_dags/example_short_circuit_operator.py for tasks to queue
[2024-10-30T16:16:14.046+0000] {logging_mixin.py:115} INFO - [2024-10-30T16:16:14.046+0000] {dagbag.py:508} INFO - Filling up the DagBag from /home/airflow/.local/lib/python3.7/site-packages/airflow/example_dags/example_short_circuit_operator.py
[2024-10-30T16:16:14.055+0000] {processor.py:650} INFO - DAG(s) dict_keys(['example_short_circuit_operator']) retrieved from /home/airflow/.local/lib/python3.7/site-packages/airflow/example_dags/example_short_circuit_operator.py
[2024-10-30T16:16:14.079+0000] {logging_mixin.py:115} INFO - [2024-10-30T16:16:14.079+0000] {dag.py:2429} INFO - Sync 1 DAGs
[2024-10-30T16:16:14.100+0000] {logging_mixin.py:115} INFO - [2024-10-30T16:16:14.099+0000] {dag.py:2981} INFO - Setting next_dagrun for example_short_circuit_operator to 2024-10-29T16:16:14.099711+00:00, run_after=2024-10-30T16:16:14.099711+00:00
[2024-10-30T16:16:14.111+0000] {processor.py:161} INFO - Processing /home/airflow/.local/lib/python3.7/site-packages/airflow/example_dags/example_short_circuit_operator.py took 0.068 seconds
[2024-10-30T16:16:44.822+0000] {processor.py:153} INFO - Started process (PID=730) to work on /home/airflow/.local/lib/python3.7/site-packages/airflow/example_dags/example_short_circuit_operator.py
[2024-10-30T16:16:44.823+0000] {processor.py:640} INFO - Processing file /home/airflow/.local/lib/python3.7/site-packages/airflow/example_dags/example_short_circuit_operator.py for tasks to queue
[2024-10-30T16:16:44.824+0000] {logging_mixin.py:115} INFO - [2024-10-30T16:16:44.824+0000] {dagbag.py:508} INFO - Filling up the DagBag from /home/airflow/.local/lib/python3.7/site-packages/airflow/example_dags/example_short_circuit_operator.py
[2024-10-30T16:16:44.831+0000] {processor.py:650} INFO - DAG(s) dict_keys(['example_short_circuit_operator']) retrieved from /home/airflow/.local/lib/python3.7/site-packages/airflow/example_dags/example_short_circuit_operator.py
[2024-10-30T16:16:44.849+0000] {logging_mixin.py:115} INFO - [2024-10-30T16:16:44.849+0000] {dag.py:2429} INFO - Sync 1 DAGs
[2024-10-30T16:16:44.864+0000] {logging_mixin.py:115} INFO - [2024-10-30T16:16:44.864+0000] {dag.py:2981} INFO - Setting next_dagrun for example_short_circuit_operator to 2024-10-29T16:16:44.864707+00:00, run_after=2024-10-30T16:16:44.864707+00:00
[2024-10-30T16:16:44.873+0000] {processor.py:161} INFO - Processing /home/airflow/.local/lib/python3.7/site-packages/airflow/example_dags/example_short_circuit_operator.py took 0.052 seconds
[2024-10-30T16:17:15.690+0000] {processor.py:153} INFO - Started process (PID=792) to work on /home/airflow/.local/lib/python3.7/site-packages/airflow/example_dags/example_short_circuit_operator.py
[2024-10-30T16:17:15.690+0000] {processor.py:640} INFO - Processing file /home/airflow/.local/lib/python3.7/site-packages/airflow/example_dags/example_short_circuit_operator.py for tasks to queue
[2024-10-30T16:17:15.691+0000] {logging_mixin.py:115} INFO - [2024-10-30T16:17:15.691+0000] {dagbag.py:508} INFO - Filling up the DagBag from /home/airflow/.local/lib/python3.7/site-packages/airflow/example_dags/example_short_circuit_operator.py
[2024-10-30T16:17:15.698+0000] {processor.py:650} INFO - DAG(s) dict_keys(['example_short_circuit_operator']) retrieved from /home/airflow/.local/lib/python3.7/site-packages/airflow/example_dags/example_short_circuit_operator.py
[2024-10-30T16:17:15.721+0000] {logging_mixin.py:115} INFO - [2024-10-30T16:17:15.721+0000] {dag.py:2429} INFO - Sync 1 DAGs
[2024-10-30T16:17:15.739+0000] {logging_mixin.py:115} INFO - [2024-10-30T16:17:15.739+0000] {dag.py:2981} INFO - Setting next_dagrun for example_short_circuit_operator to 2024-10-29T16:17:15.738896+00:00, run_after=2024-10-30T16:17:15.738896+00:00
[2024-10-30T16:17:15.749+0000] {processor.py:161} INFO - Processing /home/airflow/.local/lib/python3.7/site-packages/airflow/example_dags/example_short_circuit_operator.py took 0.062 seconds
[2024-10-30T16:17:46.295+0000] {processor.py:153} INFO - Started process (PID=854) to work on /home/airflow/.local/lib/python3.7/site-packages/airflow/example_dags/example_short_circuit_operator.py
[2024-10-30T16:17:46.297+0000] {processor.py:640} INFO - Processing file /home/airflow/.local/lib/python3.7/site-packages/airflow/example_dags/example_short_circuit_operator.py for tasks to queue
[2024-10-30T16:17:46.298+0000] {logging_mixin.py:115} INFO - [2024-10-30T16:17:46.298+0000] {dagbag.py:508} INFO - Filling up the DagBag from /home/airflow/.local/lib/python3.7/site-packages/airflow/example_dags/example_short_circuit_operator.py
[2024-10-30T16:17:46.306+0000] {processor.py:650} INFO - DAG(s) dict_keys(['example_short_circuit_operator']) retrieved from /home/airflow/.local/lib/python3.7/site-packages/airflow/example_dags/example_short_circuit_operator.py
[2024-10-30T16:17:46.327+0000] {logging_mixin.py:115} INFO - [2024-10-30T16:17:46.326+0000] {dag.py:2429} INFO - Sync 1 DAGs
[2024-10-30T16:17:46.344+0000] {logging_mixin.py:115} INFO - [2024-10-30T16:17:46.344+0000] {dag.py:2981} INFO - Setting next_dagrun for example_short_circuit_operator to 2024-10-29T16:17:46.344067+00:00, run_after=2024-10-30T16:17:46.344067+00:00
[2024-10-30T16:17:46.353+0000] {processor.py:161} INFO - Processing /home/airflow/.local/lib/python3.7/site-packages/airflow/example_dags/example_short_circuit_operator.py took 0.060 seconds
[2024-10-30T16:18:16.826+0000] {processor.py:153} INFO - Started process (PID=916) to work on /home/airflow/.local/lib/python3.7/site-packages/airflow/example_dags/example_short_circuit_operator.py
[2024-10-30T16:18:16.826+0000] {processor.py:640} INFO - Processing file /home/airflow/.local/lib/python3.7/site-packages/airflow/example_dags/example_short_circuit_operator.py for tasks to queue
[2024-10-30T16:18:16.827+0000] {logging_mixin.py:115} INFO - [2024-10-30T16:18:16.827+0000] {dagbag.py:508} INFO - Filling up the DagBag from /home/airflow/.local/lib/python3.7/site-packages/airflow/example_dags/example_short_circuit_operator.py
[2024-10-30T16:18:16.836+0000] {processor.py:650} INFO - DAG(s) dict_keys(['example_short_circuit_operator']) retrieved from /home/airflow/.local/lib/python3.7/site-packages/airflow/example_dags/example_short_circuit_operator.py
[2024-10-30T16:18:16.858+0000] {logging_mixin.py:115} INFO - [2024-10-30T16:18:16.858+0000] {dag.py:2429} INFO - Sync 1 DAGs
[2024-10-30T16:18:16.876+0000] {logging_mixin.py:115} INFO - [2024-10-30T16:18:16.875+0000] {dag.py:2981} INFO - Setting next_dagrun for example_short_circuit_operator to 2024-10-29T16:18:16.875806+00:00, run_after=2024-10-30T16:18:16.875806+00:00
[2024-10-30T16:18:16.883+0000] {processor.py:161} INFO - Processing /home/airflow/.local/lib/python3.7/site-packages/airflow/example_dags/example_short_circuit_operator.py took 0.060 seconds
[2024-10-30T16:18:47.335+0000] {processor.py:153} INFO - Started process (PID=969) to work on /home/airflow/.local/lib/python3.7/site-packages/airflow/example_dags/example_short_circuit_operator.py
[2024-10-30T16:18:47.335+0000] {processor.py:640} INFO - Processing file /home/airflow/.local/lib/python3.7/site-packages/airflow/example_dags/example_short_circuit_operator.py for tasks to queue
[2024-10-30T16:18:47.336+0000] {logging_mixin.py:115} INFO - [2024-10-30T16:18:47.336+0000] {dagbag.py:508} INFO - Filling up the DagBag from /home/airflow/.local/lib/python3.7/site-packages/airflow/example_dags/example_short_circuit_operator.py
[2024-10-30T16:18:47.341+0000] {processor.py:650} INFO - DAG(s) dict_keys(['example_short_circuit_operator']) retrieved from /home/airflow/.local/lib/python3.7/site-packages/airflow/example_dags/example_short_circuit_operator.py
[2024-10-30T16:18:47.358+0000] {logging_mixin.py:115} INFO - [2024-10-30T16:18:47.358+0000] {dag.py:2429} INFO - Sync 1 DAGs
[2024-10-30T16:18:47.371+0000] {logging_mixin.py:115} INFO - [2024-10-30T16:18:47.371+0000] {dag.py:2981} INFO - Setting next_dagrun for example_short_circuit_operator to 2024-10-29T16:18:47.371612+00:00, run_after=2024-10-30T16:18:47.371612+00:00
[2024-10-30T16:18:47.379+0000] {processor.py:161} INFO - Processing /home/airflow/.local/lib/python3.7/site-packages/airflow/example_dags/example_short_circuit_operator.py took 0.046 seconds
[2024-10-30T16:19:17.939+0000] {processor.py:153} INFO - Started process (PID=1031) to work on /home/airflow/.local/lib/python3.7/site-packages/airflow/example_dags/example_short_circuit_operator.py
[2024-10-30T16:19:17.940+0000] {processor.py:640} INFO - Processing file /home/airflow/.local/lib/python3.7/site-packages/airflow/example_dags/example_short_circuit_operator.py for tasks to queue
[2024-10-30T16:19:17.940+0000] {logging_mixin.py:115} INFO - [2024-10-30T16:19:17.940+0000] {dagbag.py:508} INFO - Filling up the DagBag from /home/airflow/.local/lib/python3.7/site-packages/airflow/example_dags/example_short_circuit_operator.py
[2024-10-30T16:19:17.946+0000] {processor.py:650} INFO - DAG(s) dict_keys(['example_short_circuit_operator']) retrieved from /home/airflow/.local/lib/python3.7/site-packages/airflow/example_dags/example_short_circuit_operator.py
[2024-10-30T16:19:17.970+0000] {logging_mixin.py:115} INFO - [2024-10-30T16:19:17.970+0000] {dag.py:2429} INFO - Sync 1 DAGs
[2024-10-30T16:19:17.986+0000] {logging_mixin.py:115} INFO - [2024-10-30T16:19:17.986+0000] {dag.py:2981} INFO - Setting next_dagrun for example_short_circuit_operator to 2024-10-29T16:19:17.986501+00:00, run_after=2024-10-30T16:19:17.986501+00:00
[2024-10-30T16:19:17.995+0000] {processor.py:161} INFO - Processing /home/airflow/.local/lib/python3.7/site-packages/airflow/example_dags/example_short_circuit_operator.py took 0.058 seconds
[2024-10-30T16:19:48.633+0000] {processor.py:153} INFO - Started process (PID=1093) to work on /home/airflow/.local/lib/python3.7/site-packages/airflow/example_dags/example_short_circuit_operator.py
[2024-10-30T16:19:48.634+0000] {processor.py:640} INFO - Processing file /home/airflow/.local/lib/python3.7/site-packages/airflow/example_dags/example_short_circuit_operator.py for tasks to queue
[2024-10-30T16:19:48.635+0000] {logging_mixin.py:115} INFO - [2024-10-30T16:19:48.635+0000] {dagbag.py:508} INFO - Filling up the DagBag from /home/airflow/.local/lib/python3.7/site-packages/airflow/example_dags/example_short_circuit_operator.py
[2024-10-30T16:19:48.641+0000] {processor.py:650} INFO - DAG(s) dict_keys(['example_short_circuit_operator']) retrieved from /home/airflow/.local/lib/python3.7/site-packages/airflow/example_dags/example_short_circuit_operator.py
[2024-10-30T16:19:48.662+0000] {logging_mixin.py:115} INFO - [2024-10-30T16:19:48.662+0000] {dag.py:2429} INFO - Sync 1 DAGs
[2024-10-30T16:19:48.681+0000] {logging_mixin.py:115} INFO - [2024-10-30T16:19:48.681+0000] {dag.py:2981} INFO - Setting next_dagrun for example_short_circuit_operator to 2024-10-29T16:19:48.681402+00:00, run_after=2024-10-30T16:19:48.681402+00:00
[2024-10-30T16:19:48.693+0000] {processor.py:161} INFO - Processing /home/airflow/.local/lib/python3.7/site-packages/airflow/example_dags/example_short_circuit_operator.py took 0.061 seconds
[2024-10-30T16:20:19.242+0000] {processor.py:153} INFO - Started process (PID=1153) to work on /home/airflow/.local/lib/python3.7/site-packages/airflow/example_dags/example_short_circuit_operator.py
[2024-10-30T16:20:19.243+0000] {processor.py:640} INFO - Processing file /home/airflow/.local/lib/python3.7/site-packages/airflow/example_dags/example_short_circuit_operator.py for tasks to queue
[2024-10-30T16:20:19.243+0000] {logging_mixin.py:115} INFO - [2024-10-30T16:20:19.243+0000] {dagbag.py:508} INFO - Filling up the DagBag from /home/airflow/.local/lib/python3.7/site-packages/airflow/example_dags/example_short_circuit_operator.py
[2024-10-30T16:20:19.251+0000] {processor.py:650} INFO - DAG(s) dict_keys(['example_short_circuit_operator']) retrieved from /home/airflow/.local/lib/python3.7/site-packages/airflow/example_dags/example_short_circuit_operator.py
[2024-10-30T16:20:19.271+0000] {logging_mixin.py:115} INFO - [2024-10-30T16:20:19.271+0000] {dag.py:2429} INFO - Sync 1 DAGs
[2024-10-30T16:20:19.293+0000] {logging_mixin.py:115} INFO - [2024-10-30T16:20:19.293+0000] {dag.py:2981} INFO - Setting next_dagrun for example_short_circuit_operator to 2024-10-29T16:20:19.293394+00:00, run_after=2024-10-30T16:20:19.293394+00:00
[2024-10-30T16:20:19.304+0000] {processor.py:161} INFO - Processing /home/airflow/.local/lib/python3.7/site-packages/airflow/example_dags/example_short_circuit_operator.py took 0.064 seconds
[2024-10-30T16:20:49.802+0000] {processor.py:153} INFO - Started process (PID=1208) to work on /home/airflow/.local/lib/python3.7/site-packages/airflow/example_dags/example_short_circuit_operator.py
[2024-10-30T16:20:49.803+0000] {processor.py:640} INFO - Processing file /home/airflow/.local/lib/python3.7/site-packages/airflow/example_dags/example_short_circuit_operator.py for tasks to queue
[2024-10-30T16:20:49.803+0000] {logging_mixin.py:115} INFO - [2024-10-30T16:20:49.803+0000] {dagbag.py:508} INFO - Filling up the DagBag from /home/airflow/.local/lib/python3.7/site-packages/airflow/example_dags/example_short_circuit_operator.py
[2024-10-30T16:20:49.809+0000] {processor.py:650} INFO - DAG(s) dict_keys(['example_short_circuit_operator']) retrieved from /home/airflow/.local/lib/python3.7/site-packages/airflow/example_dags/example_short_circuit_operator.py
[2024-10-30T16:20:49.827+0000] {logging_mixin.py:115} INFO - [2024-10-30T16:20:49.827+0000] {dag.py:2429} INFO - Sync 1 DAGs
[2024-10-30T16:20:49.841+0000] {logging_mixin.py:115} INFO - [2024-10-30T16:20:49.841+0000] {dag.py:2981} INFO - Setting next_dagrun for example_short_circuit_operator to 2024-10-29T16:20:49.841469+00:00, run_after=2024-10-30T16:20:49.841469+00:00
[2024-10-30T16:20:49.849+0000] {processor.py:161} INFO - Processing /home/airflow/.local/lib/python3.7/site-packages/airflow/example_dags/example_short_circuit_operator.py took 0.050 seconds
[2024-10-30T16:21:20.153+0000] {processor.py:153} INFO - Started process (PID=1270) to work on /home/airflow/.local/lib/python3.7/site-packages/airflow/example_dags/example_short_circuit_operator.py
[2024-10-30T16:21:20.154+0000] {processor.py:640} INFO - Processing file /home/airflow/.local/lib/python3.7/site-packages/airflow/example_dags/example_short_circuit_operator.py for tasks to queue
[2024-10-30T16:21:20.154+0000] {logging_mixin.py:115} INFO - [2024-10-30T16:21:20.154+0000] {dagbag.py:508} INFO - Filling up the DagBag from /home/airflow/.local/lib/python3.7/site-packages/airflow/example_dags/example_short_circuit_operator.py
[2024-10-30T16:21:20.160+0000] {processor.py:650} INFO - DAG(s) dict_keys(['example_short_circuit_operator']) retrieved from /home/airflow/.local/lib/python3.7/site-packages/airflow/example_dags/example_short_circuit_operator.py
[2024-10-30T16:21:20.177+0000] {logging_mixin.py:115} INFO - [2024-10-30T16:21:20.176+0000] {dag.py:2429} INFO - Sync 1 DAGs
[2024-10-30T16:21:20.191+0000] {logging_mixin.py:115} INFO - [2024-10-30T16:21:20.191+0000] {dag.py:2981} INFO - Setting next_dagrun for example_short_circuit_operator to 2024-10-29T16:21:20.191059+00:00, run_after=2024-10-30T16:21:20.191059+00:00
[2024-10-30T16:21:20.199+0000] {processor.py:161} INFO - Processing /home/airflow/.local/lib/python3.7/site-packages/airflow/example_dags/example_short_circuit_operator.py took 0.048 seconds
[2024-10-30T16:21:50.815+0000] {processor.py:153} INFO - Started process (PID=1332) to work on /home/airflow/.local/lib/python3.7/site-packages/airflow/example_dags/example_short_circuit_operator.py
[2024-10-30T16:21:50.816+0000] {processor.py:640} INFO - Processing file /home/airflow/.local/lib/python3.7/site-packages/airflow/example_dags/example_short_circuit_operator.py for tasks to queue
[2024-10-30T16:21:50.817+0000] {logging_mixin.py:115} INFO - [2024-10-30T16:21:50.817+0000] {dagbag.py:508} INFO - Filling up the DagBag from /home/airflow/.local/lib/python3.7/site-packages/airflow/example_dags/example_short_circuit_operator.py
[2024-10-30T16:21:50.823+0000] {processor.py:650} INFO - DAG(s) dict_keys(['example_short_circuit_operator']) retrieved from /home/airflow/.local/lib/python3.7/site-packages/airflow/example_dags/example_short_circuit_operator.py
[2024-10-30T16:21:50.844+0000] {logging_mixin.py:115} INFO - [2024-10-30T16:21:50.844+0000] {dag.py:2429} INFO - Sync 1 DAGs
[2024-10-30T16:21:50.862+0000] {logging_mixin.py:115} INFO - [2024-10-30T16:21:50.862+0000] {dag.py:2981} INFO - Setting next_dagrun for example_short_circuit_operator to 2024-10-29T16:21:50.862107+00:00, run_after=2024-10-30T16:21:50.862107+00:00
[2024-10-30T16:21:50.872+0000] {processor.py:161} INFO - Processing /home/airflow/.local/lib/python3.7/site-packages/airflow/example_dags/example_short_circuit_operator.py took 0.059 seconds
[2024-10-30T16:22:21.664+0000] {processor.py:153} INFO - Started process (PID=1385) to work on /home/airflow/.local/lib/python3.7/site-packages/airflow/example_dags/example_short_circuit_operator.py
[2024-10-30T16:22:21.665+0000] {processor.py:640} INFO - Processing file /home/airflow/.local/lib/python3.7/site-packages/airflow/example_dags/example_short_circuit_operator.py for tasks to queue
[2024-10-30T16:22:21.666+0000] {logging_mixin.py:115} INFO - [2024-10-30T16:22:21.666+0000] {dagbag.py:508} INFO - Filling up the DagBag from /home/airflow/.local/lib/python3.7/site-packages/airflow/example_dags/example_short_circuit_operator.py
[2024-10-30T16:22:21.675+0000] {processor.py:650} INFO - DAG(s) dict_keys(['example_short_circuit_operator']) retrieved from /home/airflow/.local/lib/python3.7/site-packages/airflow/example_dags/example_short_circuit_operator.py
[2024-10-30T16:22:21.699+0000] {logging_mixin.py:115} INFO - [2024-10-30T16:22:21.699+0000] {dag.py:2429} INFO - Sync 1 DAGs
[2024-10-30T16:22:21.714+0000] {logging_mixin.py:115} INFO - [2024-10-30T16:22:21.714+0000] {dag.py:2981} INFO - Setting next_dagrun for example_short_circuit_operator to 2024-10-29T16:22:21.714468+00:00, run_after=2024-10-30T16:22:21.714468+00:00
[2024-10-30T16:22:21.722+0000] {processor.py:161} INFO - Processing /home/airflow/.local/lib/python3.7/site-packages/airflow/example_dags/example_short_circuit_operator.py took 0.060 seconds
[2024-10-30T16:22:52.303+0000] {processor.py:153} INFO - Started process (PID=1447) to work on /home/airflow/.local/lib/python3.7/site-packages/airflow/example_dags/example_short_circuit_operator.py
[2024-10-30T16:22:52.304+0000] {processor.py:640} INFO - Processing file /home/airflow/.local/lib/python3.7/site-packages/airflow/example_dags/example_short_circuit_operator.py for tasks to queue
[2024-10-30T16:22:52.304+0000] {logging_mixin.py:115} INFO - [2024-10-30T16:22:52.304+0000] {dagbag.py:508} INFO - Filling up the DagBag from /home/airflow/.local/lib/python3.7/site-packages/airflow/example_dags/example_short_circuit_operator.py
[2024-10-30T16:22:52.313+0000] {processor.py:650} INFO - DAG(s) dict_keys(['example_short_circuit_operator']) retrieved from /home/airflow/.local/lib/python3.7/site-packages/airflow/example_dags/example_short_circuit_operator.py
[2024-10-30T16:22:52.330+0000] {logging_mixin.py:115} INFO - [2024-10-30T16:22:52.330+0000] {dag.py:2429} INFO - Sync 1 DAGs
[2024-10-30T16:22:52.344+0000] {logging_mixin.py:115} INFO - [2024-10-30T16:22:52.344+0000] {dag.py:2981} INFO - Setting next_dagrun for example_short_circuit_operator to 2024-10-29T16:22:52.344377+00:00, run_after=2024-10-30T16:22:52.344377+00:00
[2024-10-30T16:22:52.352+0000] {processor.py:161} INFO - Processing /home/airflow/.local/lib/python3.7/site-packages/airflow/example_dags/example_short_circuit_operator.py took 0.051 seconds
[2024-10-30T16:23:22.943+0000] {processor.py:153} INFO - Started process (PID=1509) to work on /home/airflow/.local/lib/python3.7/site-packages/airflow/example_dags/example_short_circuit_operator.py
[2024-10-30T16:23:22.944+0000] {processor.py:640} INFO - Processing file /home/airflow/.local/lib/python3.7/site-packages/airflow/example_dags/example_short_circuit_operator.py for tasks to queue
[2024-10-30T16:23:22.945+0000] {logging_mixin.py:115} INFO - [2024-10-30T16:23:22.944+0000] {dagbag.py:508} INFO - Filling up the DagBag from /home/airflow/.local/lib/python3.7/site-packages/airflow/example_dags/example_short_circuit_operator.py
[2024-10-30T16:23:22.951+0000] {processor.py:650} INFO - DAG(s) dict_keys(['example_short_circuit_operator']) retrieved from /home/airflow/.local/lib/python3.7/site-packages/airflow/example_dags/example_short_circuit_operator.py
[2024-10-30T16:23:22.969+0000] {logging_mixin.py:115} INFO - [2024-10-30T16:23:22.968+0000] {dag.py:2429} INFO - Sync 1 DAGs
[2024-10-30T16:23:22.982+0000] {logging_mixin.py:115} INFO - [2024-10-30T16:23:22.982+0000] {dag.py:2981} INFO - Setting next_dagrun for example_short_circuit_operator to 2024-10-29T16:23:22.982167+00:00, run_after=2024-10-30T16:23:22.982167+00:00
[2024-10-30T16:23:22.990+0000] {processor.py:161} INFO - Processing /home/airflow/.local/lib/python3.7/site-packages/airflow/example_dags/example_short_circuit_operator.py took 0.049 seconds
[2024-10-30T16:23:53.573+0000] {processor.py:153} INFO - Started process (PID=1571) to work on /home/airflow/.local/lib/python3.7/site-packages/airflow/example_dags/example_short_circuit_operator.py
[2024-10-30T16:23:53.573+0000] {processor.py:640} INFO - Processing file /home/airflow/.local/lib/python3.7/site-packages/airflow/example_dags/example_short_circuit_operator.py for tasks to queue
[2024-10-30T16:23:53.574+0000] {logging_mixin.py:115} INFO - [2024-10-30T16:23:53.574+0000] {dagbag.py:508} INFO - Filling up the DagBag from /home/airflow/.local/lib/python3.7/site-packages/airflow/example_dags/example_short_circuit_operator.py
[2024-10-30T16:23:53.581+0000] {processor.py:650} INFO - DAG(s) dict_keys(['example_short_circuit_operator']) retrieved from /home/airflow/.local/lib/python3.7/site-packages/airflow/example_dags/example_short_circuit_operator.py
[2024-10-30T16:23:53.602+0000] {logging_mixin.py:115} INFO - [2024-10-30T16:23:53.601+0000] {dag.py:2429} INFO - Sync 1 DAGs
[2024-10-30T16:23:53.618+0000] {logging_mixin.py:115} INFO - [2024-10-30T16:23:53.617+0000] {dag.py:2981} INFO - Setting next_dagrun for example_short_circuit_operator to 2024-10-29T16:23:53.617682+00:00, run_after=2024-10-30T16:23:53.617682+00:00
[2024-10-30T16:23:53.625+0000] {processor.py:161} INFO - Processing /home/airflow/.local/lib/python3.7/site-packages/airflow/example_dags/example_short_circuit_operator.py took 0.055 seconds
[2024-10-30T16:24:24.335+0000] {processor.py:153} INFO - Started process (PID=1624) to work on /home/airflow/.local/lib/python3.7/site-packages/airflow/example_dags/example_short_circuit_operator.py
[2024-10-30T16:24:24.336+0000] {processor.py:640} INFO - Processing file /home/airflow/.local/lib/python3.7/site-packages/airflow/example_dags/example_short_circuit_operator.py for tasks to queue
[2024-10-30T16:24:24.337+0000] {logging_mixin.py:115} INFO - [2024-10-30T16:24:24.337+0000] {dagbag.py:508} INFO - Filling up the DagBag from /home/airflow/.local/lib/python3.7/site-packages/airflow/example_dags/example_short_circuit_operator.py
[2024-10-30T16:24:24.343+0000] {processor.py:650} INFO - DAG(s) dict_keys(['example_short_circuit_operator']) retrieved from /home/airflow/.local/lib/python3.7/site-packages/airflow/example_dags/example_short_circuit_operator.py
[2024-10-30T16:24:24.364+0000] {logging_mixin.py:115} INFO - [2024-10-30T16:24:24.364+0000] {dag.py:2429} INFO - Sync 1 DAGs
[2024-10-30T16:24:24.384+0000] {logging_mixin.py:115} INFO - [2024-10-30T16:24:24.384+0000] {dag.py:2981} INFO - Setting next_dagrun for example_short_circuit_operator to 2024-10-29T16:24:24.383899+00:00, run_after=2024-10-30T16:24:24.383899+00:00
[2024-10-30T16:24:24.394+0000] {processor.py:161} INFO - Processing /home/airflow/.local/lib/python3.7/site-packages/airflow/example_dags/example_short_circuit_operator.py took 0.062 seconds
[2024-10-30T16:24:55.211+0000] {processor.py:153} INFO - Started process (PID=1687) to work on /home/airflow/.local/lib/python3.7/site-packages/airflow/example_dags/example_short_circuit_operator.py
[2024-10-30T16:24:55.212+0000] {processor.py:640} INFO - Processing file /home/airflow/.local/lib/python3.7/site-packages/airflow/example_dags/example_short_circuit_operator.py for tasks to queue
[2024-10-30T16:24:55.213+0000] {logging_mixin.py:115} INFO - [2024-10-30T16:24:55.212+0000] {dagbag.py:508} INFO - Filling up the DagBag from /home/airflow/.local/lib/python3.7/site-packages/airflow/example_dags/example_short_circuit_operator.py
[2024-10-30T16:24:55.222+0000] {processor.py:650} INFO - DAG(s) dict_keys(['example_short_circuit_operator']) retrieved from /home/airflow/.local/lib/python3.7/site-packages/airflow/example_dags/example_short_circuit_operator.py
[2024-10-30T16:24:55.247+0000] {logging_mixin.py:115} INFO - [2024-10-30T16:24:55.247+0000] {dag.py:2429} INFO - Sync 1 DAGs
[2024-10-30T16:24:55.269+0000] {logging_mixin.py:115} INFO - [2024-10-30T16:24:55.269+0000] {dag.py:2981} INFO - Setting next_dagrun for example_short_circuit_operator to 2024-10-29T16:24:55.268763+00:00, run_after=2024-10-30T16:24:55.268763+00:00
[2024-10-30T16:24:55.281+0000] {processor.py:161} INFO - Processing /home/airflow/.local/lib/python3.7/site-packages/airflow/example_dags/example_short_circuit_operator.py took 0.072 seconds
[2024-10-30T16:25:25.886+0000] {processor.py:153} INFO - Started process (PID=1749) to work on /home/airflow/.local/lib/python3.7/site-packages/airflow/example_dags/example_short_circuit_operator.py
[2024-10-30T16:25:25.887+0000] {processor.py:640} INFO - Processing file /home/airflow/.local/lib/python3.7/site-packages/airflow/example_dags/example_short_circuit_operator.py for tasks to queue
[2024-10-30T16:25:25.888+0000] {logging_mixin.py:115} INFO - [2024-10-30T16:25:25.887+0000] {dagbag.py:508} INFO - Filling up the DagBag from /home/airflow/.local/lib/python3.7/site-packages/airflow/example_dags/example_short_circuit_operator.py
[2024-10-30T16:25:25.894+0000] {processor.py:650} INFO - DAG(s) dict_keys(['example_short_circuit_operator']) retrieved from /home/airflow/.local/lib/python3.7/site-packages/airflow/example_dags/example_short_circuit_operator.py
[2024-10-30T16:25:25.914+0000] {logging_mixin.py:115} INFO - [2024-10-30T16:25:25.914+0000] {dag.py:2429} INFO - Sync 1 DAGs
[2024-10-30T16:25:25.930+0000] {logging_mixin.py:115} INFO - [2024-10-30T16:25:25.930+0000] {dag.py:2981} INFO - Setting next_dagrun for example_short_circuit_operator to 2024-10-29T16:25:25.929929+00:00, run_after=2024-10-30T16:25:25.929929+00:00
[2024-10-30T16:25:25.939+0000] {processor.py:161} INFO - Processing /home/airflow/.local/lib/python3.7/site-packages/airflow/example_dags/example_short_circuit_operator.py took 0.055 seconds
[2024-10-30T16:25:56.847+0000] {processor.py:153} INFO - Started process (PID=1812) to work on /home/airflow/.local/lib/python3.7/site-packages/airflow/example_dags/example_short_circuit_operator.py
[2024-10-30T16:25:56.848+0000] {processor.py:640} INFO - Processing file /home/airflow/.local/lib/python3.7/site-packages/airflow/example_dags/example_short_circuit_operator.py for tasks to queue
[2024-10-30T16:25:56.849+0000] {logging_mixin.py:115} INFO - [2024-10-30T16:25:56.848+0000] {dagbag.py:508} INFO - Filling up the DagBag from /home/airflow/.local/lib/python3.7/site-packages/airflow/example_dags/example_short_circuit_operator.py
[2024-10-30T16:25:56.858+0000] {processor.py:650} INFO - DAG(s) dict_keys(['example_short_circuit_operator']) retrieved from /home/airflow/.local/lib/python3.7/site-packages/airflow/example_dags/example_short_circuit_operator.py
[2024-10-30T16:25:56.884+0000] {logging_mixin.py:115} INFO - [2024-10-30T16:25:56.884+0000] {dag.py:2429} INFO - Sync 1 DAGs
[2024-10-30T16:25:56.904+0000] {logging_mixin.py:115} INFO - [2024-10-30T16:25:56.904+0000] {dag.py:2981} INFO - Setting next_dagrun for example_short_circuit_operator to 2024-10-29T16:25:56.904304+00:00, run_after=2024-10-30T16:25:56.904304+00:00
[2024-10-30T16:25:56.913+0000] {processor.py:161} INFO - Processing /home/airflow/.local/lib/python3.7/site-packages/airflow/example_dags/example_short_circuit_operator.py took 0.068 seconds
[2024-10-30T16:26:27.502+0000] {processor.py:153} INFO - Started process (PID=1867) to work on /home/airflow/.local/lib/python3.7/site-packages/airflow/example_dags/example_short_circuit_operator.py
[2024-10-30T16:26:27.503+0000] {processor.py:640} INFO - Processing file /home/airflow/.local/lib/python3.7/site-packages/airflow/example_dags/example_short_circuit_operator.py for tasks to queue
[2024-10-30T16:26:27.503+0000] {logging_mixin.py:115} INFO - [2024-10-30T16:26:27.503+0000] {dagbag.py:508} INFO - Filling up the DagBag from /home/airflow/.local/lib/python3.7/site-packages/airflow/example_dags/example_short_circuit_operator.py
[2024-10-30T16:26:27.511+0000] {processor.py:650} INFO - DAG(s) dict_keys(['example_short_circuit_operator']) retrieved from /home/airflow/.local/lib/python3.7/site-packages/airflow/example_dags/example_short_circuit_operator.py
[2024-10-30T16:26:27.533+0000] {logging_mixin.py:115} INFO - [2024-10-30T16:26:27.533+0000] {dag.py:2429} INFO - Sync 1 DAGs
[2024-10-30T16:26:27.551+0000] {logging_mixin.py:115} INFO - [2024-10-30T16:26:27.551+0000] {dag.py:2981} INFO - Setting next_dagrun for example_short_circuit_operator to 2024-10-29T16:26:27.551301+00:00, run_after=2024-10-30T16:26:27.551301+00:00
[2024-10-30T16:26:27.561+0000] {processor.py:161} INFO - Processing /home/airflow/.local/lib/python3.7/site-packages/airflow/example_dags/example_short_circuit_operator.py took 0.062 seconds
[2024-10-30T16:26:58.148+0000] {processor.py:153} INFO - Started process (PID=1931) to work on /home/airflow/.local/lib/python3.7/site-packages/airflow/example_dags/example_short_circuit_operator.py
[2024-10-30T16:26:58.149+0000] {processor.py:640} INFO - Processing file /home/airflow/.local/lib/python3.7/site-packages/airflow/example_dags/example_short_circuit_operator.py for tasks to queue
[2024-10-30T16:26:58.150+0000] {logging_mixin.py:115} INFO - [2024-10-30T16:26:58.150+0000] {dagbag.py:508} INFO - Filling up the DagBag from /home/airflow/.local/lib/python3.7/site-packages/airflow/example_dags/example_short_circuit_operator.py
[2024-10-30T16:26:58.155+0000] {processor.py:650} INFO - DAG(s) dict_keys(['example_short_circuit_operator']) retrieved from /home/airflow/.local/lib/python3.7/site-packages/airflow/example_dags/example_short_circuit_operator.py
[2024-10-30T16:26:58.173+0000] {logging_mixin.py:115} INFO - [2024-10-30T16:26:58.173+0000] {dag.py:2429} INFO - Sync 1 DAGs
[2024-10-30T16:26:58.190+0000] {logging_mixin.py:115} INFO - [2024-10-30T16:26:58.189+0000] {dag.py:2981} INFO - Setting next_dagrun for example_short_circuit_operator to 2024-10-29T16:26:58.189787+00:00, run_after=2024-10-30T16:26:58.189787+00:00
[2024-10-30T16:26:58.199+0000] {processor.py:161} INFO - Processing /home/airflow/.local/lib/python3.7/site-packages/airflow/example_dags/example_short_circuit_operator.py took 0.052 seconds
