[2024-10-30T16:11:06.733+0000] {processor.py:153} INFO - Started process (PID=71) to work on /home/airflow/.local/lib/python3.7/site-packages/airflow/example_dags/example_branch_python_dop_operator_3.py
[2024-10-30T16:11:06.735+0000] {processor.py:640} INFO - Processing file /home/airflow/.local/lib/python3.7/site-packages/airflow/example_dags/example_branch_python_dop_operator_3.py for tasks to queue
[2024-10-30T16:11:06.737+0000] {logging_mixin.py:115} INFO - [2024-10-30T16:11:06.737+0000] {dagbag.py:508} INFO - Filling up the DagBag from /home/airflow/.local/lib/python3.7/site-packages/airflow/example_dags/example_branch_python_dop_operator_3.py
[2024-10-30T16:11:06.750+0000] {processor.py:650} INFO - DAG(s) dict_keys(['example_branch_dop_operator_v3']) retrieved from /home/airflow/.local/lib/python3.7/site-packages/airflow/example_dags/example_branch_python_dop_operator_3.py
[2024-10-30T16:11:06.836+0000] {logging_mixin.py:115} INFO - [2024-10-30T16:11:06.836+0000] {manager.py:508} INFO - Created Permission View: can delete on DAG:example_branch_dop_operator_v3
[2024-10-30T16:11:06.844+0000] {logging_mixin.py:115} INFO - [2024-10-30T16:11:06.844+0000] {manager.py:508} INFO - Created Permission View: can read on DAG:example_branch_dop_operator_v3
[2024-10-30T16:11:06.849+0000] {logging_mixin.py:115} INFO - [2024-10-30T16:11:06.849+0000] {manager.py:508} INFO - Created Permission View: can edit on DAG:example_branch_dop_operator_v3
[2024-10-30T16:11:06.850+0000] {logging_mixin.py:115} INFO - [2024-10-30T16:11:06.850+0000] {dag.py:2429} INFO - Sync 1 DAGs
[2024-10-30T16:11:06.859+0000] {logging_mixin.py:115} INFO - [2024-10-30T16:11:06.858+0000] {dag.py:2448} INFO - Creating ORM DAG for example_branch_dop_operator_v3
[2024-10-30T16:11:06.873+0000] {logging_mixin.py:115} INFO - [2024-10-30T16:11:06.873+0000] {dag.py:2981} INFO - Setting next_dagrun for example_branch_dop_operator_v3 to 2024-10-30T16:10:00+00:00, run_after=2024-10-30T16:11:00+00:00
[2024-10-30T16:11:06.890+0000] {processor.py:161} INFO - Processing /home/airflow/.local/lib/python3.7/site-packages/airflow/example_dags/example_branch_python_dop_operator_3.py took 0.161 seconds
[2024-10-30T16:11:37.875+0000] {processor.py:153} INFO - Started process (PID=133) to work on /home/airflow/.local/lib/python3.7/site-packages/airflow/example_dags/example_branch_python_dop_operator_3.py
[2024-10-30T16:11:37.876+0000] {processor.py:640} INFO - Processing file /home/airflow/.local/lib/python3.7/site-packages/airflow/example_dags/example_branch_python_dop_operator_3.py for tasks to queue
[2024-10-30T16:11:37.876+0000] {logging_mixin.py:115} INFO - [2024-10-30T16:11:37.876+0000] {dagbag.py:508} INFO - Filling up the DagBag from /home/airflow/.local/lib/python3.7/site-packages/airflow/example_dags/example_branch_python_dop_operator_3.py
[2024-10-30T16:11:37.883+0000] {processor.py:650} INFO - DAG(s) dict_keys(['example_branch_dop_operator_v3']) retrieved from /home/airflow/.local/lib/python3.7/site-packages/airflow/example_dags/example_branch_python_dop_operator_3.py
[2024-10-30T16:11:37.898+0000] {logging_mixin.py:115} INFO - [2024-10-30T16:11:37.898+0000] {dag.py:2429} INFO - Sync 1 DAGs
[2024-10-30T16:11:37.917+0000] {logging_mixin.py:115} INFO - [2024-10-30T16:11:37.917+0000] {dag.py:2981} INFO - Setting next_dagrun for example_branch_dop_operator_v3 to 2024-10-30T16:10:00+00:00, run_after=2024-10-30T16:11:00+00:00
[2024-10-30T16:11:37.925+0000] {processor.py:161} INFO - Processing /home/airflow/.local/lib/python3.7/site-packages/airflow/example_dags/example_branch_python_dop_operator_3.py took 0.052 seconds
[2024-10-30T16:12:08.443+0000] {processor.py:153} INFO - Started process (PID=195) to work on /home/airflow/.local/lib/python3.7/site-packages/airflow/example_dags/example_branch_python_dop_operator_3.py
[2024-10-30T16:12:08.443+0000] {processor.py:640} INFO - Processing file /home/airflow/.local/lib/python3.7/site-packages/airflow/example_dags/example_branch_python_dop_operator_3.py for tasks to queue
[2024-10-30T16:12:08.444+0000] {logging_mixin.py:115} INFO - [2024-10-30T16:12:08.444+0000] {dagbag.py:508} INFO - Filling up the DagBag from /home/airflow/.local/lib/python3.7/site-packages/airflow/example_dags/example_branch_python_dop_operator_3.py
[2024-10-30T16:12:08.451+0000] {processor.py:650} INFO - DAG(s) dict_keys(['example_branch_dop_operator_v3']) retrieved from /home/airflow/.local/lib/python3.7/site-packages/airflow/example_dags/example_branch_python_dop_operator_3.py
[2024-10-30T16:12:08.472+0000] {logging_mixin.py:115} INFO - [2024-10-30T16:12:08.471+0000] {dag.py:2429} INFO - Sync 1 DAGs
[2024-10-30T16:12:08.499+0000] {logging_mixin.py:115} INFO - [2024-10-30T16:12:08.499+0000] {dag.py:2981} INFO - Setting next_dagrun for example_branch_dop_operator_v3 to 2024-10-30T16:11:00+00:00, run_after=2024-10-30T16:12:00+00:00
[2024-10-30T16:12:08.512+0000] {processor.py:161} INFO - Processing /home/airflow/.local/lib/python3.7/site-packages/airflow/example_dags/example_branch_python_dop_operator_3.py took 0.071 seconds
[2024-10-30T16:12:39.006+0000] {processor.py:153} INFO - Started process (PID=249) to work on /home/airflow/.local/lib/python3.7/site-packages/airflow/example_dags/example_branch_python_dop_operator_3.py
[2024-10-30T16:12:39.007+0000] {processor.py:640} INFO - Processing file /home/airflow/.local/lib/python3.7/site-packages/airflow/example_dags/example_branch_python_dop_operator_3.py for tasks to queue
[2024-10-30T16:12:39.008+0000] {logging_mixin.py:115} INFO - [2024-10-30T16:12:39.008+0000] {dagbag.py:508} INFO - Filling up the DagBag from /home/airflow/.local/lib/python3.7/site-packages/airflow/example_dags/example_branch_python_dop_operator_3.py
[2024-10-30T16:12:39.016+0000] {processor.py:650} INFO - DAG(s) dict_keys(['example_branch_dop_operator_v3']) retrieved from /home/airflow/.local/lib/python3.7/site-packages/airflow/example_dags/example_branch_python_dop_operator_3.py
[2024-10-30T16:12:39.034+0000] {logging_mixin.py:115} INFO - [2024-10-30T16:12:39.034+0000] {dag.py:2429} INFO - Sync 1 DAGs
[2024-10-30T16:12:39.062+0000] {logging_mixin.py:115} INFO - [2024-10-30T16:12:39.062+0000] {dag.py:2981} INFO - Setting next_dagrun for example_branch_dop_operator_v3 to 2024-10-30T16:11:00+00:00, run_after=2024-10-30T16:12:00+00:00
[2024-10-30T16:12:39.075+0000] {processor.py:161} INFO - Processing /home/airflow/.local/lib/python3.7/site-packages/airflow/example_dags/example_branch_python_dop_operator_3.py took 0.070 seconds
[2024-10-30T16:13:09.518+0000] {processor.py:153} INFO - Started process (PID=311) to work on /home/airflow/.local/lib/python3.7/site-packages/airflow/example_dags/example_branch_python_dop_operator_3.py
[2024-10-30T16:13:09.518+0000] {processor.py:640} INFO - Processing file /home/airflow/.local/lib/python3.7/site-packages/airflow/example_dags/example_branch_python_dop_operator_3.py for tasks to queue
[2024-10-30T16:13:09.519+0000] {logging_mixin.py:115} INFO - [2024-10-30T16:13:09.519+0000] {dagbag.py:508} INFO - Filling up the DagBag from /home/airflow/.local/lib/python3.7/site-packages/airflow/example_dags/example_branch_python_dop_operator_3.py
[2024-10-30T16:13:09.528+0000] {processor.py:650} INFO - DAG(s) dict_keys(['example_branch_dop_operator_v3']) retrieved from /home/airflow/.local/lib/python3.7/site-packages/airflow/example_dags/example_branch_python_dop_operator_3.py
[2024-10-30T16:13:09.544+0000] {logging_mixin.py:115} INFO - [2024-10-30T16:13:09.543+0000] {dag.py:2429} INFO - Sync 1 DAGs
[2024-10-30T16:13:09.562+0000] {logging_mixin.py:115} INFO - [2024-10-30T16:13:09.562+0000] {dag.py:2981} INFO - Setting next_dagrun for example_branch_dop_operator_v3 to 2024-10-30T16:12:00+00:00, run_after=2024-10-30T16:13:00+00:00
[2024-10-30T16:13:09.571+0000] {processor.py:161} INFO - Processing /home/airflow/.local/lib/python3.7/site-packages/airflow/example_dags/example_branch_python_dop_operator_3.py took 0.056 seconds
[2024-10-30T16:13:40.265+0000] {processor.py:153} INFO - Started process (PID=374) to work on /home/airflow/.local/lib/python3.7/site-packages/airflow/example_dags/example_branch_python_dop_operator_3.py
[2024-10-30T16:13:40.265+0000] {processor.py:640} INFO - Processing file /home/airflow/.local/lib/python3.7/site-packages/airflow/example_dags/example_branch_python_dop_operator_3.py for tasks to queue
[2024-10-30T16:13:40.266+0000] {logging_mixin.py:115} INFO - [2024-10-30T16:13:40.266+0000] {dagbag.py:508} INFO - Filling up the DagBag from /home/airflow/.local/lib/python3.7/site-packages/airflow/example_dags/example_branch_python_dop_operator_3.py
[2024-10-30T16:13:40.273+0000] {processor.py:650} INFO - DAG(s) dict_keys(['example_branch_dop_operator_v3']) retrieved from /home/airflow/.local/lib/python3.7/site-packages/airflow/example_dags/example_branch_python_dop_operator_3.py
[2024-10-30T16:13:40.288+0000] {logging_mixin.py:115} INFO - [2024-10-30T16:13:40.287+0000] {dag.py:2429} INFO - Sync 1 DAGs
[2024-10-30T16:13:40.304+0000] {logging_mixin.py:115} INFO - [2024-10-30T16:13:40.304+0000] {dag.py:2981} INFO - Setting next_dagrun for example_branch_dop_operator_v3 to 2024-10-30T16:12:00+00:00, run_after=2024-10-30T16:13:00+00:00
[2024-10-30T16:13:40.312+0000] {processor.py:161} INFO - Processing /home/airflow/.local/lib/python3.7/site-packages/airflow/example_dags/example_branch_python_dop_operator_3.py took 0.049 seconds
[2024-10-30T16:14:11.127+0000] {processor.py:153} INFO - Started process (PID=436) to work on /home/airflow/.local/lib/python3.7/site-packages/airflow/example_dags/example_branch_python_dop_operator_3.py
[2024-10-30T16:14:11.128+0000] {processor.py:640} INFO - Processing file /home/airflow/.local/lib/python3.7/site-packages/airflow/example_dags/example_branch_python_dop_operator_3.py for tasks to queue
[2024-10-30T16:14:11.129+0000] {logging_mixin.py:115} INFO - [2024-10-30T16:14:11.129+0000] {dagbag.py:508} INFO - Filling up the DagBag from /home/airflow/.local/lib/python3.7/site-packages/airflow/example_dags/example_branch_python_dop_operator_3.py
[2024-10-30T16:14:11.135+0000] {processor.py:650} INFO - DAG(s) dict_keys(['example_branch_dop_operator_v3']) retrieved from /home/airflow/.local/lib/python3.7/site-packages/airflow/example_dags/example_branch_python_dop_operator_3.py
[2024-10-30T16:14:11.149+0000] {logging_mixin.py:115} INFO - [2024-10-30T16:14:11.149+0000] {dag.py:2429} INFO - Sync 1 DAGs
[2024-10-30T16:14:11.166+0000] {logging_mixin.py:115} INFO - [2024-10-30T16:14:11.166+0000] {dag.py:2981} INFO - Setting next_dagrun for example_branch_dop_operator_v3 to 2024-10-30T16:13:00+00:00, run_after=2024-10-30T16:14:00+00:00
[2024-10-30T16:14:11.176+0000] {processor.py:161} INFO - Processing /home/airflow/.local/lib/python3.7/site-packages/airflow/example_dags/example_branch_python_dop_operator_3.py took 0.050 seconds
[2024-10-30T16:14:41.897+0000] {processor.py:153} INFO - Started process (PID=489) to work on /home/airflow/.local/lib/python3.7/site-packages/airflow/example_dags/example_branch_python_dop_operator_3.py
[2024-10-30T16:14:41.898+0000] {processor.py:640} INFO - Processing file /home/airflow/.local/lib/python3.7/site-packages/airflow/example_dags/example_branch_python_dop_operator_3.py for tasks to queue
[2024-10-30T16:14:41.898+0000] {logging_mixin.py:115} INFO - [2024-10-30T16:14:41.898+0000] {dagbag.py:508} INFO - Filling up the DagBag from /home/airflow/.local/lib/python3.7/site-packages/airflow/example_dags/example_branch_python_dop_operator_3.py
[2024-10-30T16:14:41.906+0000] {processor.py:650} INFO - DAG(s) dict_keys(['example_branch_dop_operator_v3']) retrieved from /home/airflow/.local/lib/python3.7/site-packages/airflow/example_dags/example_branch_python_dop_operator_3.py
[2024-10-30T16:14:41.921+0000] {logging_mixin.py:115} INFO - [2024-10-30T16:14:41.921+0000] {dag.py:2429} INFO - Sync 1 DAGs
[2024-10-30T16:14:41.941+0000] {logging_mixin.py:115} INFO - [2024-10-30T16:14:41.941+0000] {dag.py:2981} INFO - Setting next_dagrun for example_branch_dop_operator_v3 to 2024-10-30T16:13:00+00:00, run_after=2024-10-30T16:14:00+00:00
[2024-10-30T16:14:41.949+0000] {processor.py:161} INFO - Processing /home/airflow/.local/lib/python3.7/site-packages/airflow/example_dags/example_branch_python_dop_operator_3.py took 0.054 seconds
[2024-10-30T16:15:12.496+0000] {processor.py:153} INFO - Started process (PID=551) to work on /home/airflow/.local/lib/python3.7/site-packages/airflow/example_dags/example_branch_python_dop_operator_3.py
[2024-10-30T16:15:12.497+0000] {processor.py:640} INFO - Processing file /home/airflow/.local/lib/python3.7/site-packages/airflow/example_dags/example_branch_python_dop_operator_3.py for tasks to queue
[2024-10-30T16:15:12.497+0000] {logging_mixin.py:115} INFO - [2024-10-30T16:15:12.497+0000] {dagbag.py:508} INFO - Filling up the DagBag from /home/airflow/.local/lib/python3.7/site-packages/airflow/example_dags/example_branch_python_dop_operator_3.py
[2024-10-30T16:15:12.505+0000] {processor.py:650} INFO - DAG(s) dict_keys(['example_branch_dop_operator_v3']) retrieved from /home/airflow/.local/lib/python3.7/site-packages/airflow/example_dags/example_branch_python_dop_operator_3.py
[2024-10-30T16:15:12.521+0000] {logging_mixin.py:115} INFO - [2024-10-30T16:15:12.521+0000] {dag.py:2429} INFO - Sync 1 DAGs
[2024-10-30T16:15:12.539+0000] {logging_mixin.py:115} INFO - [2024-10-30T16:15:12.538+0000] {dag.py:2981} INFO - Setting next_dagrun for example_branch_dop_operator_v3 to 2024-10-30T16:14:00+00:00, run_after=2024-10-30T16:15:00+00:00
[2024-10-30T16:15:12.546+0000] {processor.py:161} INFO - Processing /home/airflow/.local/lib/python3.7/site-packages/airflow/example_dags/example_branch_python_dop_operator_3.py took 0.052 seconds
[2024-10-30T16:15:43.188+0000] {processor.py:153} INFO - Started process (PID=613) to work on /home/airflow/.local/lib/python3.7/site-packages/airflow/example_dags/example_branch_python_dop_operator_3.py
[2024-10-30T16:15:43.189+0000] {processor.py:640} INFO - Processing file /home/airflow/.local/lib/python3.7/site-packages/airflow/example_dags/example_branch_python_dop_operator_3.py for tasks to queue
[2024-10-30T16:15:43.189+0000] {logging_mixin.py:115} INFO - [2024-10-30T16:15:43.189+0000] {dagbag.py:508} INFO - Filling up the DagBag from /home/airflow/.local/lib/python3.7/site-packages/airflow/example_dags/example_branch_python_dop_operator_3.py
[2024-10-30T16:15:43.197+0000] {processor.py:650} INFO - DAG(s) dict_keys(['example_branch_dop_operator_v3']) retrieved from /home/airflow/.local/lib/python3.7/site-packages/airflow/example_dags/example_branch_python_dop_operator_3.py
[2024-10-30T16:15:43.215+0000] {logging_mixin.py:115} INFO - [2024-10-30T16:15:43.215+0000] {dag.py:2429} INFO - Sync 1 DAGs
[2024-10-30T16:15:43.241+0000] {logging_mixin.py:115} INFO - [2024-10-30T16:15:43.241+0000] {dag.py:2981} INFO - Setting next_dagrun for example_branch_dop_operator_v3 to 2024-10-30T16:14:00+00:00, run_after=2024-10-30T16:15:00+00:00
[2024-10-30T16:15:43.253+0000] {processor.py:161} INFO - Processing /home/airflow/.local/lib/python3.7/site-packages/airflow/example_dags/example_branch_python_dop_operator_3.py took 0.066 seconds
[2024-10-30T16:16:13.978+0000] {processor.py:153} INFO - Started process (PID=675) to work on /home/airflow/.local/lib/python3.7/site-packages/airflow/example_dags/example_branch_python_dop_operator_3.py
[2024-10-30T16:16:13.978+0000] {processor.py:640} INFO - Processing file /home/airflow/.local/lib/python3.7/site-packages/airflow/example_dags/example_branch_python_dop_operator_3.py for tasks to queue
[2024-10-30T16:16:13.979+0000] {logging_mixin.py:115} INFO - [2024-10-30T16:16:13.979+0000] {dagbag.py:508} INFO - Filling up the DagBag from /home/airflow/.local/lib/python3.7/site-packages/airflow/example_dags/example_branch_python_dop_operator_3.py
[2024-10-30T16:16:13.987+0000] {processor.py:650} INFO - DAG(s) dict_keys(['example_branch_dop_operator_v3']) retrieved from /home/airflow/.local/lib/python3.7/site-packages/airflow/example_dags/example_branch_python_dop_operator_3.py
[2024-10-30T16:16:14.006+0000] {logging_mixin.py:115} INFO - [2024-10-30T16:16:14.006+0000] {dag.py:2429} INFO - Sync 1 DAGs
[2024-10-30T16:16:14.028+0000] {logging_mixin.py:115} INFO - [2024-10-30T16:16:14.028+0000] {dag.py:2981} INFO - Setting next_dagrun for example_branch_dop_operator_v3 to 2024-10-30T16:15:00+00:00, run_after=2024-10-30T16:16:00+00:00
[2024-10-30T16:16:14.039+0000] {processor.py:161} INFO - Processing /home/airflow/.local/lib/python3.7/site-packages/airflow/example_dags/example_branch_python_dop_operator_3.py took 0.063 seconds
[2024-10-30T16:16:44.759+0000] {processor.py:153} INFO - Started process (PID=728) to work on /home/airflow/.local/lib/python3.7/site-packages/airflow/example_dags/example_branch_python_dop_operator_3.py
[2024-10-30T16:16:44.759+0000] {processor.py:640} INFO - Processing file /home/airflow/.local/lib/python3.7/site-packages/airflow/example_dags/example_branch_python_dop_operator_3.py for tasks to queue
[2024-10-30T16:16:44.760+0000] {logging_mixin.py:115} INFO - [2024-10-30T16:16:44.760+0000] {dagbag.py:508} INFO - Filling up the DagBag from /home/airflow/.local/lib/python3.7/site-packages/airflow/example_dags/example_branch_python_dop_operator_3.py
[2024-10-30T16:16:44.768+0000] {processor.py:650} INFO - DAG(s) dict_keys(['example_branch_dop_operator_v3']) retrieved from /home/airflow/.local/lib/python3.7/site-packages/airflow/example_dags/example_branch_python_dop_operator_3.py
[2024-10-30T16:16:44.787+0000] {logging_mixin.py:115} INFO - [2024-10-30T16:16:44.786+0000] {dag.py:2429} INFO - Sync 1 DAGs
[2024-10-30T16:16:44.806+0000] {logging_mixin.py:115} INFO - [2024-10-30T16:16:44.806+0000] {dag.py:2981} INFO - Setting next_dagrun for example_branch_dop_operator_v3 to 2024-10-30T16:15:00+00:00, run_after=2024-10-30T16:16:00+00:00
[2024-10-30T16:16:44.815+0000] {processor.py:161} INFO - Processing /home/airflow/.local/lib/python3.7/site-packages/airflow/example_dags/example_branch_python_dop_operator_3.py took 0.059 seconds
[2024-10-30T16:17:15.619+0000] {processor.py:153} INFO - Started process (PID=790) to work on /home/airflow/.local/lib/python3.7/site-packages/airflow/example_dags/example_branch_python_dop_operator_3.py
[2024-10-30T16:17:15.620+0000] {processor.py:640} INFO - Processing file /home/airflow/.local/lib/python3.7/site-packages/airflow/example_dags/example_branch_python_dop_operator_3.py for tasks to queue
[2024-10-30T16:17:15.620+0000] {logging_mixin.py:115} INFO - [2024-10-30T16:17:15.620+0000] {dagbag.py:508} INFO - Filling up the DagBag from /home/airflow/.local/lib/python3.7/site-packages/airflow/example_dags/example_branch_python_dop_operator_3.py
[2024-10-30T16:17:15.628+0000] {processor.py:650} INFO - DAG(s) dict_keys(['example_branch_dop_operator_v3']) retrieved from /home/airflow/.local/lib/python3.7/site-packages/airflow/example_dags/example_branch_python_dop_operator_3.py
[2024-10-30T16:17:15.649+0000] {logging_mixin.py:115} INFO - [2024-10-30T16:17:15.648+0000] {dag.py:2429} INFO - Sync 1 DAGs
[2024-10-30T16:17:15.673+0000] {logging_mixin.py:115} INFO - [2024-10-30T16:17:15.673+0000] {dag.py:2981} INFO - Setting next_dagrun for example_branch_dop_operator_v3 to 2024-10-30T16:16:00+00:00, run_after=2024-10-30T16:17:00+00:00
[2024-10-30T16:17:15.685+0000] {processor.py:161} INFO - Processing /home/airflow/.local/lib/python3.7/site-packages/airflow/example_dags/example_branch_python_dop_operator_3.py took 0.068 seconds
[2024-10-30T16:17:46.231+0000] {processor.py:153} INFO - Started process (PID=852) to work on /home/airflow/.local/lib/python3.7/site-packages/airflow/example_dags/example_branch_python_dop_operator_3.py
[2024-10-30T16:17:46.231+0000] {processor.py:640} INFO - Processing file /home/airflow/.local/lib/python3.7/site-packages/airflow/example_dags/example_branch_python_dop_operator_3.py for tasks to queue
[2024-10-30T16:17:46.232+0000] {logging_mixin.py:115} INFO - [2024-10-30T16:17:46.232+0000] {dagbag.py:508} INFO - Filling up the DagBag from /home/airflow/.local/lib/python3.7/site-packages/airflow/example_dags/example_branch_python_dop_operator_3.py
[2024-10-30T16:17:46.239+0000] {processor.py:650} INFO - DAG(s) dict_keys(['example_branch_dop_operator_v3']) retrieved from /home/airflow/.local/lib/python3.7/site-packages/airflow/example_dags/example_branch_python_dop_operator_3.py
[2024-10-30T16:17:46.255+0000] {logging_mixin.py:115} INFO - [2024-10-30T16:17:46.255+0000] {dag.py:2429} INFO - Sync 1 DAGs
[2024-10-30T16:17:46.273+0000] {logging_mixin.py:115} INFO - [2024-10-30T16:17:46.273+0000] {dag.py:2981} INFO - Setting next_dagrun for example_branch_dop_operator_v3 to 2024-10-30T16:16:00+00:00, run_after=2024-10-30T16:17:00+00:00
[2024-10-30T16:17:46.281+0000] {processor.py:161} INFO - Processing /home/airflow/.local/lib/python3.7/site-packages/airflow/example_dags/example_branch_python_dop_operator_3.py took 0.052 seconds
[2024-10-30T16:18:16.753+0000] {processor.py:153} INFO - Started process (PID=914) to work on /home/airflow/.local/lib/python3.7/site-packages/airflow/example_dags/example_branch_python_dop_operator_3.py
[2024-10-30T16:18:16.754+0000] {processor.py:640} INFO - Processing file /home/airflow/.local/lib/python3.7/site-packages/airflow/example_dags/example_branch_python_dop_operator_3.py for tasks to queue
[2024-10-30T16:18:16.755+0000] {logging_mixin.py:115} INFO - [2024-10-30T16:18:16.754+0000] {dagbag.py:508} INFO - Filling up the DagBag from /home/airflow/.local/lib/python3.7/site-packages/airflow/example_dags/example_branch_python_dop_operator_3.py
[2024-10-30T16:18:16.764+0000] {processor.py:650} INFO - DAG(s) dict_keys(['example_branch_dop_operator_v3']) retrieved from /home/airflow/.local/lib/python3.7/site-packages/airflow/example_dags/example_branch_python_dop_operator_3.py
[2024-10-30T16:18:16.785+0000] {logging_mixin.py:115} INFO - [2024-10-30T16:18:16.785+0000] {dag.py:2429} INFO - Sync 1 DAGs
[2024-10-30T16:18:16.807+0000] {logging_mixin.py:115} INFO - [2024-10-30T16:18:16.807+0000] {dag.py:2981} INFO - Setting next_dagrun for example_branch_dop_operator_v3 to 2024-10-30T16:17:00+00:00, run_after=2024-10-30T16:18:00+00:00
[2024-10-30T16:18:16.820+0000] {processor.py:161} INFO - Processing /home/airflow/.local/lib/python3.7/site-packages/airflow/example_dags/example_branch_python_dop_operator_3.py took 0.070 seconds
[2024-10-30T16:18:47.269+0000] {processor.py:153} INFO - Started process (PID=967) to work on /home/airflow/.local/lib/python3.7/site-packages/airflow/example_dags/example_branch_python_dop_operator_3.py
[2024-10-30T16:18:47.269+0000] {processor.py:640} INFO - Processing file /home/airflow/.local/lib/python3.7/site-packages/airflow/example_dags/example_branch_python_dop_operator_3.py for tasks to queue
[2024-10-30T16:18:47.270+0000] {logging_mixin.py:115} INFO - [2024-10-30T16:18:47.270+0000] {dagbag.py:508} INFO - Filling up the DagBag from /home/airflow/.local/lib/python3.7/site-packages/airflow/example_dags/example_branch_python_dop_operator_3.py
[2024-10-30T16:18:47.276+0000] {processor.py:650} INFO - DAG(s) dict_keys(['example_branch_dop_operator_v3']) retrieved from /home/airflow/.local/lib/python3.7/site-packages/airflow/example_dags/example_branch_python_dop_operator_3.py
[2024-10-30T16:18:47.292+0000] {logging_mixin.py:115} INFO - [2024-10-30T16:18:47.292+0000] {dag.py:2429} INFO - Sync 1 DAGs
[2024-10-30T16:18:47.310+0000] {logging_mixin.py:115} INFO - [2024-10-30T16:18:47.310+0000] {dag.py:2981} INFO - Setting next_dagrun for example_branch_dop_operator_v3 to 2024-10-30T16:17:00+00:00, run_after=2024-10-30T16:18:00+00:00
[2024-10-30T16:18:47.317+0000] {processor.py:161} INFO - Processing /home/airflow/.local/lib/python3.7/site-packages/airflow/example_dags/example_branch_python_dop_operator_3.py took 0.051 seconds
[2024-10-30T16:19:17.880+0000] {processor.py:153} INFO - Started process (PID=1029) to work on /home/airflow/.local/lib/python3.7/site-packages/airflow/example_dags/example_branch_python_dop_operator_3.py
[2024-10-30T16:19:17.881+0000] {processor.py:640} INFO - Processing file /home/airflow/.local/lib/python3.7/site-packages/airflow/example_dags/example_branch_python_dop_operator_3.py for tasks to queue
[2024-10-30T16:19:17.881+0000] {logging_mixin.py:115} INFO - [2024-10-30T16:19:17.881+0000] {dagbag.py:508} INFO - Filling up the DagBag from /home/airflow/.local/lib/python3.7/site-packages/airflow/example_dags/example_branch_python_dop_operator_3.py
[2024-10-30T16:19:17.888+0000] {processor.py:650} INFO - DAG(s) dict_keys(['example_branch_dop_operator_v3']) retrieved from /home/airflow/.local/lib/python3.7/site-packages/airflow/example_dags/example_branch_python_dop_operator_3.py
[2024-10-30T16:19:17.904+0000] {logging_mixin.py:115} INFO - [2024-10-30T16:19:17.903+0000] {dag.py:2429} INFO - Sync 1 DAGs
[2024-10-30T16:19:17.922+0000] {logging_mixin.py:115} INFO - [2024-10-30T16:19:17.922+0000] {dag.py:2981} INFO - Setting next_dagrun for example_branch_dop_operator_v3 to 2024-10-30T16:18:00+00:00, run_after=2024-10-30T16:19:00+00:00
[2024-10-30T16:19:17.931+0000] {processor.py:161} INFO - Processing /home/airflow/.local/lib/python3.7/site-packages/airflow/example_dags/example_branch_python_dop_operator_3.py took 0.052 seconds
[2024-10-30T16:19:48.573+0000] {processor.py:153} INFO - Started process (PID=1091) to work on /home/airflow/.local/lib/python3.7/site-packages/airflow/example_dags/example_branch_python_dop_operator_3.py
[2024-10-30T16:19:48.574+0000] {processor.py:640} INFO - Processing file /home/airflow/.local/lib/python3.7/site-packages/airflow/example_dags/example_branch_python_dop_operator_3.py for tasks to queue
[2024-10-30T16:19:48.574+0000] {logging_mixin.py:115} INFO - [2024-10-30T16:19:48.574+0000] {dagbag.py:508} INFO - Filling up the DagBag from /home/airflow/.local/lib/python3.7/site-packages/airflow/example_dags/example_branch_python_dop_operator_3.py
[2024-10-30T16:19:48.582+0000] {processor.py:650} INFO - DAG(s) dict_keys(['example_branch_dop_operator_v3']) retrieved from /home/airflow/.local/lib/python3.7/site-packages/airflow/example_dags/example_branch_python_dop_operator_3.py
[2024-10-30T16:19:48.601+0000] {logging_mixin.py:115} INFO - [2024-10-30T16:19:48.600+0000] {dag.py:2429} INFO - Sync 1 DAGs
[2024-10-30T16:19:48.623+0000] {logging_mixin.py:115} INFO - [2024-10-30T16:19:48.623+0000] {dag.py:2981} INFO - Setting next_dagrun for example_branch_dop_operator_v3 to 2024-10-30T16:18:00+00:00, run_after=2024-10-30T16:19:00+00:00
[2024-10-30T16:19:48.631+0000] {processor.py:161} INFO - Processing /home/airflow/.local/lib/python3.7/site-packages/airflow/example_dags/example_branch_python_dop_operator_3.py took 0.060 seconds
[2024-10-30T16:20:19.144+0000] {processor.py:153} INFO - Started process (PID=1151) to work on /home/airflow/.local/lib/python3.7/site-packages/airflow/example_dags/example_branch_python_dop_operator_3.py
[2024-10-30T16:20:19.145+0000] {processor.py:640} INFO - Processing file /home/airflow/.local/lib/python3.7/site-packages/airflow/example_dags/example_branch_python_dop_operator_3.py for tasks to queue
[2024-10-30T16:20:19.145+0000] {logging_mixin.py:115} INFO - [2024-10-30T16:20:19.145+0000] {dagbag.py:508} INFO - Filling up the DagBag from /home/airflow/.local/lib/python3.7/site-packages/airflow/example_dags/example_branch_python_dop_operator_3.py
[2024-10-30T16:20:19.155+0000] {processor.py:650} INFO - DAG(s) dict_keys(['example_branch_dop_operator_v3']) retrieved from /home/airflow/.local/lib/python3.7/site-packages/airflow/example_dags/example_branch_python_dop_operator_3.py
[2024-10-30T16:20:19.197+0000] {logging_mixin.py:115} INFO - [2024-10-30T16:20:19.197+0000] {dag.py:2429} INFO - Sync 1 DAGs
[2024-10-30T16:20:19.227+0000] {logging_mixin.py:115} INFO - [2024-10-30T16:20:19.227+0000] {dag.py:2981} INFO - Setting next_dagrun for example_branch_dop_operator_v3 to 2024-10-30T16:19:00+00:00, run_after=2024-10-30T16:20:00+00:00
[2024-10-30T16:20:19.236+0000] {processor.py:161} INFO - Processing /home/airflow/.local/lib/python3.7/site-packages/airflow/example_dags/example_branch_python_dop_operator_3.py took 0.095 seconds
[2024-10-30T16:20:49.746+0000] {processor.py:153} INFO - Started process (PID=1206) to work on /home/airflow/.local/lib/python3.7/site-packages/airflow/example_dags/example_branch_python_dop_operator_3.py
[2024-10-30T16:20:49.747+0000] {processor.py:640} INFO - Processing file /home/airflow/.local/lib/python3.7/site-packages/airflow/example_dags/example_branch_python_dop_operator_3.py for tasks to queue
[2024-10-30T16:20:49.747+0000] {logging_mixin.py:115} INFO - [2024-10-30T16:20:49.747+0000] {dagbag.py:508} INFO - Filling up the DagBag from /home/airflow/.local/lib/python3.7/site-packages/airflow/example_dags/example_branch_python_dop_operator_3.py
[2024-10-30T16:20:49.754+0000] {processor.py:650} INFO - DAG(s) dict_keys(['example_branch_dop_operator_v3']) retrieved from /home/airflow/.local/lib/python3.7/site-packages/airflow/example_dags/example_branch_python_dop_operator_3.py
[2024-10-30T16:20:49.769+0000] {logging_mixin.py:115} INFO - [2024-10-30T16:20:49.769+0000] {dag.py:2429} INFO - Sync 1 DAGs
[2024-10-30T16:20:49.787+0000] {logging_mixin.py:115} INFO - [2024-10-30T16:20:49.787+0000] {dag.py:2981} INFO - Setting next_dagrun for example_branch_dop_operator_v3 to 2024-10-30T16:19:00+00:00, run_after=2024-10-30T16:20:00+00:00
[2024-10-30T16:20:49.795+0000] {processor.py:161} INFO - Processing /home/airflow/.local/lib/python3.7/site-packages/airflow/example_dags/example_branch_python_dop_operator_3.py took 0.050 seconds
[2024-10-30T16:21:20.094+0000] {processor.py:153} INFO - Started process (PID=1268) to work on /home/airflow/.local/lib/python3.7/site-packages/airflow/example_dags/example_branch_python_dop_operator_3.py
[2024-10-30T16:21:20.094+0000] {processor.py:640} INFO - Processing file /home/airflow/.local/lib/python3.7/site-packages/airflow/example_dags/example_branch_python_dop_operator_3.py for tasks to queue
[2024-10-30T16:21:20.095+0000] {logging_mixin.py:115} INFO - [2024-10-30T16:21:20.095+0000] {dagbag.py:508} INFO - Filling up the DagBag from /home/airflow/.local/lib/python3.7/site-packages/airflow/example_dags/example_branch_python_dop_operator_3.py
[2024-10-30T16:21:20.102+0000] {processor.py:650} INFO - DAG(s) dict_keys(['example_branch_dop_operator_v3']) retrieved from /home/airflow/.local/lib/python3.7/site-packages/airflow/example_dags/example_branch_python_dop_operator_3.py
[2024-10-30T16:21:20.118+0000] {logging_mixin.py:115} INFO - [2024-10-30T16:21:20.118+0000] {dag.py:2429} INFO - Sync 1 DAGs
[2024-10-30T16:21:20.137+0000] {logging_mixin.py:115} INFO - [2024-10-30T16:21:20.137+0000] {dag.py:2981} INFO - Setting next_dagrun for example_branch_dop_operator_v3 to 2024-10-30T16:20:00+00:00, run_after=2024-10-30T16:21:00+00:00
[2024-10-30T16:21:20.144+0000] {processor.py:161} INFO - Processing /home/airflow/.local/lib/python3.7/site-packages/airflow/example_dags/example_branch_python_dop_operator_3.py took 0.053 seconds
[2024-10-30T16:21:50.729+0000] {processor.py:153} INFO - Started process (PID=1330) to work on /home/airflow/.local/lib/python3.7/site-packages/airflow/example_dags/example_branch_python_dop_operator_3.py
[2024-10-30T16:21:50.729+0000] {processor.py:640} INFO - Processing file /home/airflow/.local/lib/python3.7/site-packages/airflow/example_dags/example_branch_python_dop_operator_3.py for tasks to queue
[2024-10-30T16:21:50.730+0000] {logging_mixin.py:115} INFO - [2024-10-30T16:21:50.730+0000] {dagbag.py:508} INFO - Filling up the DagBag from /home/airflow/.local/lib/python3.7/site-packages/airflow/example_dags/example_branch_python_dop_operator_3.py
[2024-10-30T16:21:50.739+0000] {processor.py:650} INFO - DAG(s) dict_keys(['example_branch_dop_operator_v3']) retrieved from /home/airflow/.local/lib/python3.7/site-packages/airflow/example_dags/example_branch_python_dop_operator_3.py
[2024-10-30T16:21:50.759+0000] {logging_mixin.py:115} INFO - [2024-10-30T16:21:50.759+0000] {dag.py:2429} INFO - Sync 1 DAGs
[2024-10-30T16:21:50.783+0000] {logging_mixin.py:115} INFO - [2024-10-30T16:21:50.783+0000] {dag.py:2981} INFO - Setting next_dagrun for example_branch_dop_operator_v3 to 2024-10-30T16:20:00+00:00, run_after=2024-10-30T16:21:00+00:00
[2024-10-30T16:21:50.794+0000] {processor.py:161} INFO - Processing /home/airflow/.local/lib/python3.7/site-packages/airflow/example_dags/example_branch_python_dop_operator_3.py took 0.068 seconds
[2024-10-30T16:22:21.599+0000] {processor.py:153} INFO - Started process (PID=1383) to work on /home/airflow/.local/lib/python3.7/site-packages/airflow/example_dags/example_branch_python_dop_operator_3.py
[2024-10-30T16:22:21.600+0000] {processor.py:640} INFO - Processing file /home/airflow/.local/lib/python3.7/site-packages/airflow/example_dags/example_branch_python_dop_operator_3.py for tasks to queue
[2024-10-30T16:22:21.601+0000] {logging_mixin.py:115} INFO - [2024-10-30T16:22:21.600+0000] {dagbag.py:508} INFO - Filling up the DagBag from /home/airflow/.local/lib/python3.7/site-packages/airflow/example_dags/example_branch_python_dop_operator_3.py
[2024-10-30T16:22:21.609+0000] {processor.py:650} INFO - DAG(s) dict_keys(['example_branch_dop_operator_v3']) retrieved from /home/airflow/.local/lib/python3.7/site-packages/airflow/example_dags/example_branch_python_dop_operator_3.py
[2024-10-30T16:22:21.627+0000] {logging_mixin.py:115} INFO - [2024-10-30T16:22:21.627+0000] {dag.py:2429} INFO - Sync 1 DAGs
[2024-10-30T16:22:21.647+0000] {logging_mixin.py:115} INFO - [2024-10-30T16:22:21.646+0000] {dag.py:2981} INFO - Setting next_dagrun for example_branch_dop_operator_v3 to 2024-10-30T16:21:00+00:00, run_after=2024-10-30T16:22:00+00:00
[2024-10-30T16:22:21.658+0000] {processor.py:161} INFO - Processing /home/airflow/.local/lib/python3.7/site-packages/airflow/example_dags/example_branch_python_dop_operator_3.py took 0.060 seconds
[2024-10-30T16:22:52.246+0000] {processor.py:153} INFO - Started process (PID=1445) to work on /home/airflow/.local/lib/python3.7/site-packages/airflow/example_dags/example_branch_python_dop_operator_3.py
[2024-10-30T16:22:52.247+0000] {processor.py:640} INFO - Processing file /home/airflow/.local/lib/python3.7/site-packages/airflow/example_dags/example_branch_python_dop_operator_3.py for tasks to queue
[2024-10-30T16:22:52.247+0000] {logging_mixin.py:115} INFO - [2024-10-30T16:22:52.247+0000] {dagbag.py:508} INFO - Filling up the DagBag from /home/airflow/.local/lib/python3.7/site-packages/airflow/example_dags/example_branch_python_dop_operator_3.py
[2024-10-30T16:22:52.254+0000] {processor.py:650} INFO - DAG(s) dict_keys(['example_branch_dop_operator_v3']) retrieved from /home/airflow/.local/lib/python3.7/site-packages/airflow/example_dags/example_branch_python_dop_operator_3.py
[2024-10-30T16:22:52.271+0000] {logging_mixin.py:115} INFO - [2024-10-30T16:22:52.270+0000] {dag.py:2429} INFO - Sync 1 DAGs
[2024-10-30T16:22:52.287+0000] {logging_mixin.py:115} INFO - [2024-10-30T16:22:52.287+0000] {dag.py:2981} INFO - Setting next_dagrun for example_branch_dop_operator_v3 to 2024-10-30T16:21:00+00:00, run_after=2024-10-30T16:22:00+00:00
[2024-10-30T16:22:52.294+0000] {processor.py:161} INFO - Processing /home/airflow/.local/lib/python3.7/site-packages/airflow/example_dags/example_branch_python_dop_operator_3.py took 0.050 seconds
[2024-10-30T16:23:22.887+0000] {processor.py:153} INFO - Started process (PID=1507) to work on /home/airflow/.local/lib/python3.7/site-packages/airflow/example_dags/example_branch_python_dop_operator_3.py
[2024-10-30T16:23:22.888+0000] {processor.py:640} INFO - Processing file /home/airflow/.local/lib/python3.7/site-packages/airflow/example_dags/example_branch_python_dop_operator_3.py for tasks to queue
[2024-10-30T16:23:22.888+0000] {logging_mixin.py:115} INFO - [2024-10-30T16:23:22.888+0000] {dagbag.py:508} INFO - Filling up the DagBag from /home/airflow/.local/lib/python3.7/site-packages/airflow/example_dags/example_branch_python_dop_operator_3.py
[2024-10-30T16:23:22.895+0000] {processor.py:650} INFO - DAG(s) dict_keys(['example_branch_dop_operator_v3']) retrieved from /home/airflow/.local/lib/python3.7/site-packages/airflow/example_dags/example_branch_python_dop_operator_3.py
[2024-10-30T16:23:22.910+0000] {logging_mixin.py:115} INFO - [2024-10-30T16:23:22.910+0000] {dag.py:2429} INFO - Sync 1 DAGs
[2024-10-30T16:23:22.926+0000] {logging_mixin.py:115} INFO - [2024-10-30T16:23:22.926+0000] {dag.py:2981} INFO - Setting next_dagrun for example_branch_dop_operator_v3 to 2024-10-30T16:22:00+00:00, run_after=2024-10-30T16:23:00+00:00
[2024-10-30T16:23:22.934+0000] {processor.py:161} INFO - Processing /home/airflow/.local/lib/python3.7/site-packages/airflow/example_dags/example_branch_python_dop_operator_3.py took 0.049 seconds
[2024-10-30T16:23:53.508+0000] {processor.py:153} INFO - Started process (PID=1569) to work on /home/airflow/.local/lib/python3.7/site-packages/airflow/example_dags/example_branch_python_dop_operator_3.py
[2024-10-30T16:23:53.509+0000] {processor.py:640} INFO - Processing file /home/airflow/.local/lib/python3.7/site-packages/airflow/example_dags/example_branch_python_dop_operator_3.py for tasks to queue
[2024-10-30T16:23:53.510+0000] {logging_mixin.py:115} INFO - [2024-10-30T16:23:53.510+0000] {dagbag.py:508} INFO - Filling up the DagBag from /home/airflow/.local/lib/python3.7/site-packages/airflow/example_dags/example_branch_python_dop_operator_3.py
[2024-10-30T16:23:53.518+0000] {processor.py:650} INFO - DAG(s) dict_keys(['example_branch_dop_operator_v3']) retrieved from /home/airflow/.local/lib/python3.7/site-packages/airflow/example_dags/example_branch_python_dop_operator_3.py
[2024-10-30T16:23:53.537+0000] {logging_mixin.py:115} INFO - [2024-10-30T16:23:53.537+0000] {dag.py:2429} INFO - Sync 1 DAGs
[2024-10-30T16:23:53.561+0000] {logging_mixin.py:115} INFO - [2024-10-30T16:23:53.561+0000] {dag.py:2981} INFO - Setting next_dagrun for example_branch_dop_operator_v3 to 2024-10-30T16:22:00+00:00, run_after=2024-10-30T16:23:00+00:00
[2024-10-30T16:23:53.570+0000] {processor.py:161} INFO - Processing /home/airflow/.local/lib/python3.7/site-packages/airflow/example_dags/example_branch_python_dop_operator_3.py took 0.064 seconds
[2024-10-30T16:24:24.268+0000] {processor.py:153} INFO - Started process (PID=1622) to work on /home/airflow/.local/lib/python3.7/site-packages/airflow/example_dags/example_branch_python_dop_operator_3.py
[2024-10-30T16:24:24.269+0000] {processor.py:640} INFO - Processing file /home/airflow/.local/lib/python3.7/site-packages/airflow/example_dags/example_branch_python_dop_operator_3.py for tasks to queue
[2024-10-30T16:24:24.270+0000] {logging_mixin.py:115} INFO - [2024-10-30T16:24:24.270+0000] {dagbag.py:508} INFO - Filling up the DagBag from /home/airflow/.local/lib/python3.7/site-packages/airflow/example_dags/example_branch_python_dop_operator_3.py
[2024-10-30T16:24:24.278+0000] {processor.py:650} INFO - DAG(s) dict_keys(['example_branch_dop_operator_v3']) retrieved from /home/airflow/.local/lib/python3.7/site-packages/airflow/example_dags/example_branch_python_dop_operator_3.py
[2024-10-30T16:24:24.298+0000] {logging_mixin.py:115} INFO - [2024-10-30T16:24:24.297+0000] {dag.py:2429} INFO - Sync 1 DAGs
[2024-10-30T16:24:24.322+0000] {logging_mixin.py:115} INFO - [2024-10-30T16:24:24.321+0000] {dag.py:2981} INFO - Setting next_dagrun for example_branch_dop_operator_v3 to 2024-10-30T16:23:00+00:00, run_after=2024-10-30T16:24:00+00:00
[2024-10-30T16:24:24.332+0000] {processor.py:161} INFO - Processing /home/airflow/.local/lib/python3.7/site-packages/airflow/example_dags/example_branch_python_dop_operator_3.py took 0.067 seconds
[2024-10-30T16:24:55.136+0000] {processor.py:153} INFO - Started process (PID=1685) to work on /home/airflow/.local/lib/python3.7/site-packages/airflow/example_dags/example_branch_python_dop_operator_3.py
[2024-10-30T16:24:55.137+0000] {processor.py:640} INFO - Processing file /home/airflow/.local/lib/python3.7/site-packages/airflow/example_dags/example_branch_python_dop_operator_3.py for tasks to queue
[2024-10-30T16:24:55.137+0000] {logging_mixin.py:115} INFO - [2024-10-30T16:24:55.137+0000] {dagbag.py:508} INFO - Filling up the DagBag from /home/airflow/.local/lib/python3.7/site-packages/airflow/example_dags/example_branch_python_dop_operator_3.py
[2024-10-30T16:24:55.146+0000] {processor.py:650} INFO - DAG(s) dict_keys(['example_branch_dop_operator_v3']) retrieved from /home/airflow/.local/lib/python3.7/site-packages/airflow/example_dags/example_branch_python_dop_operator_3.py
[2024-10-30T16:24:55.170+0000] {logging_mixin.py:115} INFO - [2024-10-30T16:24:55.170+0000] {dag.py:2429} INFO - Sync 1 DAGs
[2024-10-30T16:24:55.196+0000] {logging_mixin.py:115} INFO - [2024-10-30T16:24:55.196+0000] {dag.py:2981} INFO - Setting next_dagrun for example_branch_dop_operator_v3 to 2024-10-30T16:23:00+00:00, run_after=2024-10-30T16:24:00+00:00
[2024-10-30T16:24:55.209+0000] {processor.py:161} INFO - Processing /home/airflow/.local/lib/python3.7/site-packages/airflow/example_dags/example_branch_python_dop_operator_3.py took 0.076 seconds
[2024-10-30T16:25:25.824+0000] {processor.py:153} INFO - Started process (PID=1747) to work on /home/airflow/.local/lib/python3.7/site-packages/airflow/example_dags/example_branch_python_dop_operator_3.py
[2024-10-30T16:25:25.824+0000] {processor.py:640} INFO - Processing file /home/airflow/.local/lib/python3.7/site-packages/airflow/example_dags/example_branch_python_dop_operator_3.py for tasks to queue
[2024-10-30T16:25:25.825+0000] {logging_mixin.py:115} INFO - [2024-10-30T16:25:25.825+0000] {dagbag.py:508} INFO - Filling up the DagBag from /home/airflow/.local/lib/python3.7/site-packages/airflow/example_dags/example_branch_python_dop_operator_3.py
[2024-10-30T16:25:25.831+0000] {processor.py:650} INFO - DAG(s) dict_keys(['example_branch_dop_operator_v3']) retrieved from /home/airflow/.local/lib/python3.7/site-packages/airflow/example_dags/example_branch_python_dop_operator_3.py
[2024-10-30T16:25:25.849+0000] {logging_mixin.py:115} INFO - [2024-10-30T16:25:25.849+0000] {dag.py:2429} INFO - Sync 1 DAGs
[2024-10-30T16:25:25.869+0000] {logging_mixin.py:115} INFO - [2024-10-30T16:25:25.869+0000] {dag.py:2981} INFO - Setting next_dagrun for example_branch_dop_operator_v3 to 2024-10-30T16:24:00+00:00, run_after=2024-10-30T16:25:00+00:00
[2024-10-30T16:25:25.880+0000] {processor.py:161} INFO - Processing /home/airflow/.local/lib/python3.7/site-packages/airflow/example_dags/example_branch_python_dop_operator_3.py took 0.057 seconds
[2024-10-30T16:25:56.766+0000] {processor.py:153} INFO - Started process (PID=1810) to work on /home/airflow/.local/lib/python3.7/site-packages/airflow/example_dags/example_branch_python_dop_operator_3.py
[2024-10-30T16:25:56.767+0000] {processor.py:640} INFO - Processing file /home/airflow/.local/lib/python3.7/site-packages/airflow/example_dags/example_branch_python_dop_operator_3.py for tasks to queue
[2024-10-30T16:25:56.768+0000] {logging_mixin.py:115} INFO - [2024-10-30T16:25:56.767+0000] {dagbag.py:508} INFO - Filling up the DagBag from /home/airflow/.local/lib/python3.7/site-packages/airflow/example_dags/example_branch_python_dop_operator_3.py
[2024-10-30T16:25:56.777+0000] {processor.py:650} INFO - DAG(s) dict_keys(['example_branch_dop_operator_v3']) retrieved from /home/airflow/.local/lib/python3.7/site-packages/airflow/example_dags/example_branch_python_dop_operator_3.py
[2024-10-30T16:25:56.799+0000] {logging_mixin.py:115} INFO - [2024-10-30T16:25:56.799+0000] {dag.py:2429} INFO - Sync 1 DAGs
[2024-10-30T16:25:56.822+0000] {logging_mixin.py:115} INFO - [2024-10-30T16:25:56.822+0000] {dag.py:2981} INFO - Setting next_dagrun for example_branch_dop_operator_v3 to 2024-10-30T16:24:00+00:00, run_after=2024-10-30T16:25:00+00:00
[2024-10-30T16:25:56.832+0000] {processor.py:161} INFO - Processing /home/airflow/.local/lib/python3.7/site-packages/airflow/example_dags/example_branch_python_dop_operator_3.py took 0.068 seconds
[2024-10-30T16:26:27.424+0000] {processor.py:153} INFO - Started process (PID=1865) to work on /home/airflow/.local/lib/python3.7/site-packages/airflow/example_dags/example_branch_python_dop_operator_3.py
[2024-10-30T16:26:27.425+0000] {processor.py:640} INFO - Processing file /home/airflow/.local/lib/python3.7/site-packages/airflow/example_dags/example_branch_python_dop_operator_3.py for tasks to queue
[2024-10-30T16:26:27.425+0000] {logging_mixin.py:115} INFO - [2024-10-30T16:26:27.425+0000] {dagbag.py:508} INFO - Filling up the DagBag from /home/airflow/.local/lib/python3.7/site-packages/airflow/example_dags/example_branch_python_dop_operator_3.py
[2024-10-30T16:26:27.434+0000] {processor.py:650} INFO - DAG(s) dict_keys(['example_branch_dop_operator_v3']) retrieved from /home/airflow/.local/lib/python3.7/site-packages/airflow/example_dags/example_branch_python_dop_operator_3.py
[2024-10-30T16:26:27.456+0000] {logging_mixin.py:115} INFO - [2024-10-30T16:26:27.456+0000] {dag.py:2429} INFO - Sync 1 DAGs
[2024-10-30T16:26:27.480+0000] {logging_mixin.py:115} INFO - [2024-10-30T16:26:27.480+0000] {dag.py:2981} INFO - Setting next_dagrun for example_branch_dop_operator_v3 to 2024-10-30T16:25:00+00:00, run_after=2024-10-30T16:26:00+00:00
[2024-10-30T16:26:27.492+0000] {processor.py:161} INFO - Processing /home/airflow/.local/lib/python3.7/site-packages/airflow/example_dags/example_branch_python_dop_operator_3.py took 0.070 seconds
[2024-10-30T16:26:58.086+0000] {processor.py:153} INFO - Started process (PID=1929) to work on /home/airflow/.local/lib/python3.7/site-packages/airflow/example_dags/example_branch_python_dop_operator_3.py
[2024-10-30T16:26:58.087+0000] {processor.py:640} INFO - Processing file /home/airflow/.local/lib/python3.7/site-packages/airflow/example_dags/example_branch_python_dop_operator_3.py for tasks to queue
[2024-10-30T16:26:58.087+0000] {logging_mixin.py:115} INFO - [2024-10-30T16:26:58.087+0000] {dagbag.py:508} INFO - Filling up the DagBag from /home/airflow/.local/lib/python3.7/site-packages/airflow/example_dags/example_branch_python_dop_operator_3.py
[2024-10-30T16:26:58.093+0000] {processor.py:650} INFO - DAG(s) dict_keys(['example_branch_dop_operator_v3']) retrieved from /home/airflow/.local/lib/python3.7/site-packages/airflow/example_dags/example_branch_python_dop_operator_3.py
[2024-10-30T16:26:58.110+0000] {logging_mixin.py:115} INFO - [2024-10-30T16:26:58.109+0000] {dag.py:2429} INFO - Sync 1 DAGs
[2024-10-30T16:26:58.126+0000] {logging_mixin.py:115} INFO - [2024-10-30T16:26:58.126+0000] {dag.py:2981} INFO - Setting next_dagrun for example_branch_dop_operator_v3 to 2024-10-30T16:25:00+00:00, run_after=2024-10-30T16:26:00+00:00
[2024-10-30T16:26:58.134+0000] {processor.py:161} INFO - Processing /home/airflow/.local/lib/python3.7/site-packages/airflow/example_dags/example_branch_python_dop_operator_3.py took 0.049 seconds
