[2024-10-30T16:11:04.987+0000] {processor.py:153} INFO - Started process (PID=55) to work on /home/airflow/.local/lib/python3.7/site-packages/airflow/example_dags/example_branch_operator_decorator.py
[2024-10-30T16:11:04.988+0000] {processor.py:640} INFO - Processing file /home/airflow/.local/lib/python3.7/site-packages/airflow/example_dags/example_branch_operator_decorator.py for tasks to queue
[2024-10-30T16:11:04.989+0000] {logging_mixin.py:115} INFO - [2024-10-30T16:11:04.989+0000] {dagbag.py:508} INFO - Filling up the DagBag from /home/airflow/.local/lib/python3.7/site-packages/airflow/example_dags/example_branch_operator_decorator.py
[2024-10-30T16:11:05.008+0000] {processor.py:650} INFO - DAG(s) dict_keys(['example_branch_python_operator_decorator']) retrieved from /home/airflow/.local/lib/python3.7/site-packages/airflow/example_dags/example_branch_operator_decorator.py
[2024-10-30T16:11:05.076+0000] {logging_mixin.py:115} INFO - [2024-10-30T16:11:05.076+0000] {manager.py:508} INFO - Created Permission View: can delete on DAG:example_branch_python_operator_decorator
[2024-10-30T16:11:05.086+0000] {logging_mixin.py:115} INFO - [2024-10-30T16:11:05.086+0000] {manager.py:508} INFO - Created Permission View: can read on DAG:example_branch_python_operator_decorator
[2024-10-30T16:11:05.094+0000] {logging_mixin.py:115} INFO - [2024-10-30T16:11:05.093+0000] {manager.py:508} INFO - Created Permission View: can edit on DAG:example_branch_python_operator_decorator
[2024-10-30T16:11:05.094+0000] {logging_mixin.py:115} INFO - [2024-10-30T16:11:05.094+0000] {dag.py:2429} INFO - Sync 1 DAGs
[2024-10-30T16:11:05.103+0000] {logging_mixin.py:115} INFO - [2024-10-30T16:11:05.103+0000] {dag.py:2448} INFO - Creating ORM DAG for example_branch_python_operator_decorator
[2024-10-30T16:11:05.117+0000] {logging_mixin.py:115} INFO - [2024-10-30T16:11:05.117+0000] {dag.py:2981} INFO - Setting next_dagrun for example_branch_python_operator_decorator to 2024-10-29T00:00:00+00:00, run_after=2024-10-30T00:00:00+00:00
[2024-10-30T16:11:05.132+0000] {processor.py:161} INFO - Processing /home/airflow/.local/lib/python3.7/site-packages/airflow/example_dags/example_branch_operator_decorator.py took 0.149 seconds
[2024-10-30T16:11:35.158+0000] {processor.py:153} INFO - Started process (PID=117) to work on /home/airflow/.local/lib/python3.7/site-packages/airflow/example_dags/example_branch_operator_decorator.py
[2024-10-30T16:11:35.159+0000] {processor.py:640} INFO - Processing file /home/airflow/.local/lib/python3.7/site-packages/airflow/example_dags/example_branch_operator_decorator.py for tasks to queue
[2024-10-30T16:11:35.160+0000] {logging_mixin.py:115} INFO - [2024-10-30T16:11:35.160+0000] {dagbag.py:508} INFO - Filling up the DagBag from /home/airflow/.local/lib/python3.7/site-packages/airflow/example_dags/example_branch_operator_decorator.py
[2024-10-30T16:11:35.177+0000] {processor.py:650} INFO - DAG(s) dict_keys(['example_branch_python_operator_decorator']) retrieved from /home/airflow/.local/lib/python3.7/site-packages/airflow/example_dags/example_branch_operator_decorator.py
[2024-10-30T16:11:35.198+0000] {logging_mixin.py:115} INFO - [2024-10-30T16:11:35.198+0000] {dag.py:2429} INFO - Sync 1 DAGs
[2024-10-30T16:11:35.219+0000] {logging_mixin.py:115} INFO - [2024-10-30T16:11:35.219+0000] {dag.py:2981} INFO - Setting next_dagrun for example_branch_python_operator_decorator to 2024-10-29T00:00:00+00:00, run_after=2024-10-30T00:00:00+00:00
[2024-10-30T16:11:35.228+0000] {processor.py:161} INFO - Processing /home/airflow/.local/lib/python3.7/site-packages/airflow/example_dags/example_branch_operator_decorator.py took 0.072 seconds
[2024-10-30T16:12:05.727+0000] {processor.py:153} INFO - Started process (PID=170) to work on /home/airflow/.local/lib/python3.7/site-packages/airflow/example_dags/example_branch_operator_decorator.py
[2024-10-30T16:12:05.727+0000] {processor.py:640} INFO - Processing file /home/airflow/.local/lib/python3.7/site-packages/airflow/example_dags/example_branch_operator_decorator.py for tasks to queue
[2024-10-30T16:12:05.728+0000] {logging_mixin.py:115} INFO - [2024-10-30T16:12:05.728+0000] {dagbag.py:508} INFO - Filling up the DagBag from /home/airflow/.local/lib/python3.7/site-packages/airflow/example_dags/example_branch_operator_decorator.py
[2024-10-30T16:12:05.741+0000] {processor.py:650} INFO - DAG(s) dict_keys(['example_branch_python_operator_decorator']) retrieved from /home/airflow/.local/lib/python3.7/site-packages/airflow/example_dags/example_branch_operator_decorator.py
[2024-10-30T16:12:05.761+0000] {logging_mixin.py:115} INFO - [2024-10-30T16:12:05.761+0000] {dag.py:2429} INFO - Sync 1 DAGs
[2024-10-30T16:12:05.779+0000] {logging_mixin.py:115} INFO - [2024-10-30T16:12:05.778+0000] {dag.py:2981} INFO - Setting next_dagrun for example_branch_python_operator_decorator to 2024-10-29T00:00:00+00:00, run_after=2024-10-30T00:00:00+00:00
[2024-10-30T16:12:05.787+0000] {processor.py:161} INFO - Processing /home/airflow/.local/lib/python3.7/site-packages/airflow/example_dags/example_branch_operator_decorator.py took 0.063 seconds
[2024-10-30T16:12:36.373+0000] {processor.py:153} INFO - Started process (PID=233) to work on /home/airflow/.local/lib/python3.7/site-packages/airflow/example_dags/example_branch_operator_decorator.py
[2024-10-30T16:12:36.374+0000] {processor.py:640} INFO - Processing file /home/airflow/.local/lib/python3.7/site-packages/airflow/example_dags/example_branch_operator_decorator.py for tasks to queue
[2024-10-30T16:12:36.375+0000] {logging_mixin.py:115} INFO - [2024-10-30T16:12:36.374+0000] {dagbag.py:508} INFO - Filling up the DagBag from /home/airflow/.local/lib/python3.7/site-packages/airflow/example_dags/example_branch_operator_decorator.py
[2024-10-30T16:12:36.387+0000] {processor.py:650} INFO - DAG(s) dict_keys(['example_branch_python_operator_decorator']) retrieved from /home/airflow/.local/lib/python3.7/site-packages/airflow/example_dags/example_branch_operator_decorator.py
[2024-10-30T16:12:36.406+0000] {logging_mixin.py:115} INFO - [2024-10-30T16:12:36.406+0000] {dag.py:2429} INFO - Sync 1 DAGs
[2024-10-30T16:12:36.422+0000] {logging_mixin.py:115} INFO - [2024-10-30T16:12:36.421+0000] {dag.py:2981} INFO - Setting next_dagrun for example_branch_python_operator_decorator to 2024-10-29T00:00:00+00:00, run_after=2024-10-30T00:00:00+00:00
[2024-10-30T16:12:36.430+0000] {processor.py:161} INFO - Processing /home/airflow/.local/lib/python3.7/site-packages/airflow/example_dags/example_branch_operator_decorator.py took 0.059 seconds
[2024-10-30T16:13:06.855+0000] {processor.py:153} INFO - Started process (PID=295) to work on /home/airflow/.local/lib/python3.7/site-packages/airflow/example_dags/example_branch_operator_decorator.py
[2024-10-30T16:13:06.856+0000] {processor.py:640} INFO - Processing file /home/airflow/.local/lib/python3.7/site-packages/airflow/example_dags/example_branch_operator_decorator.py for tasks to queue
[2024-10-30T16:13:06.857+0000] {logging_mixin.py:115} INFO - [2024-10-30T16:13:06.857+0000] {dagbag.py:508} INFO - Filling up the DagBag from /home/airflow/.local/lib/python3.7/site-packages/airflow/example_dags/example_branch_operator_decorator.py
[2024-10-30T16:13:06.872+0000] {processor.py:650} INFO - DAG(s) dict_keys(['example_branch_python_operator_decorator']) retrieved from /home/airflow/.local/lib/python3.7/site-packages/airflow/example_dags/example_branch_operator_decorator.py
[2024-10-30T16:13:06.892+0000] {logging_mixin.py:115} INFO - [2024-10-30T16:13:06.891+0000] {dag.py:2429} INFO - Sync 1 DAGs
[2024-10-30T16:13:06.909+0000] {logging_mixin.py:115} INFO - [2024-10-30T16:13:06.908+0000] {dag.py:2981} INFO - Setting next_dagrun for example_branch_python_operator_decorator to 2024-10-29T00:00:00+00:00, run_after=2024-10-30T00:00:00+00:00
[2024-10-30T16:13:06.917+0000] {processor.py:161} INFO - Processing /home/airflow/.local/lib/python3.7/site-packages/airflow/example_dags/example_branch_operator_decorator.py took 0.064 seconds
[2024-10-30T16:13:37.440+0000] {processor.py:153} INFO - Started process (PID=358) to work on /home/airflow/.local/lib/python3.7/site-packages/airflow/example_dags/example_branch_operator_decorator.py
[2024-10-30T16:13:37.441+0000] {processor.py:640} INFO - Processing file /home/airflow/.local/lib/python3.7/site-packages/airflow/example_dags/example_branch_operator_decorator.py for tasks to queue
[2024-10-30T16:13:37.442+0000] {logging_mixin.py:115} INFO - [2024-10-30T16:13:37.442+0000] {dagbag.py:508} INFO - Filling up the DagBag from /home/airflow/.local/lib/python3.7/site-packages/airflow/example_dags/example_branch_operator_decorator.py
[2024-10-30T16:13:37.460+0000] {processor.py:650} INFO - DAG(s) dict_keys(['example_branch_python_operator_decorator']) retrieved from /home/airflow/.local/lib/python3.7/site-packages/airflow/example_dags/example_branch_operator_decorator.py
[2024-10-30T16:13:37.484+0000] {logging_mixin.py:115} INFO - [2024-10-30T16:13:37.484+0000] {dag.py:2429} INFO - Sync 1 DAGs
[2024-10-30T16:13:37.505+0000] {logging_mixin.py:115} INFO - [2024-10-30T16:13:37.505+0000] {dag.py:2981} INFO - Setting next_dagrun for example_branch_python_operator_decorator to 2024-10-29T00:00:00+00:00, run_after=2024-10-30T00:00:00+00:00
[2024-10-30T16:13:37.516+0000] {processor.py:161} INFO - Processing /home/airflow/.local/lib/python3.7/site-packages/airflow/example_dags/example_branch_operator_decorator.py took 0.078 seconds
[2024-10-30T16:14:08.291+0000] {processor.py:153} INFO - Started process (PID=411) to work on /home/airflow/.local/lib/python3.7/site-packages/airflow/example_dags/example_branch_operator_decorator.py
[2024-10-30T16:14:08.291+0000] {processor.py:640} INFO - Processing file /home/airflow/.local/lib/python3.7/site-packages/airflow/example_dags/example_branch_operator_decorator.py for tasks to queue
[2024-10-30T16:14:08.292+0000] {logging_mixin.py:115} INFO - [2024-10-30T16:14:08.292+0000] {dagbag.py:508} INFO - Filling up the DagBag from /home/airflow/.local/lib/python3.7/site-packages/airflow/example_dags/example_branch_operator_decorator.py
[2024-10-30T16:14:08.304+0000] {processor.py:650} INFO - DAG(s) dict_keys(['example_branch_python_operator_decorator']) retrieved from /home/airflow/.local/lib/python3.7/site-packages/airflow/example_dags/example_branch_operator_decorator.py
[2024-10-30T16:14:08.322+0000] {logging_mixin.py:115} INFO - [2024-10-30T16:14:08.322+0000] {dag.py:2429} INFO - Sync 1 DAGs
[2024-10-30T16:14:08.338+0000] {logging_mixin.py:115} INFO - [2024-10-30T16:14:08.338+0000] {dag.py:2981} INFO - Setting next_dagrun for example_branch_python_operator_decorator to 2024-10-29T00:00:00+00:00, run_after=2024-10-30T00:00:00+00:00
[2024-10-30T16:14:08.348+0000] {processor.py:161} INFO - Processing /home/airflow/.local/lib/python3.7/site-packages/airflow/example_dags/example_branch_operator_decorator.py took 0.059 seconds
[2024-10-30T16:14:39.098+0000] {processor.py:153} INFO - Started process (PID=473) to work on /home/airflow/.local/lib/python3.7/site-packages/airflow/example_dags/example_branch_operator_decorator.py
[2024-10-30T16:14:39.099+0000] {processor.py:640} INFO - Processing file /home/airflow/.local/lib/python3.7/site-packages/airflow/example_dags/example_branch_operator_decorator.py for tasks to queue
[2024-10-30T16:14:39.099+0000] {logging_mixin.py:115} INFO - [2024-10-30T16:14:39.099+0000] {dagbag.py:508} INFO - Filling up the DagBag from /home/airflow/.local/lib/python3.7/site-packages/airflow/example_dags/example_branch_operator_decorator.py
[2024-10-30T16:14:39.112+0000] {processor.py:650} INFO - DAG(s) dict_keys(['example_branch_python_operator_decorator']) retrieved from /home/airflow/.local/lib/python3.7/site-packages/airflow/example_dags/example_branch_operator_decorator.py
[2024-10-30T16:14:39.131+0000] {logging_mixin.py:115} INFO - [2024-10-30T16:14:39.131+0000] {dag.py:2429} INFO - Sync 1 DAGs
[2024-10-30T16:14:39.146+0000] {logging_mixin.py:115} INFO - [2024-10-30T16:14:39.146+0000] {dag.py:2981} INFO - Setting next_dagrun for example_branch_python_operator_decorator to 2024-10-29T00:00:00+00:00, run_after=2024-10-30T00:00:00+00:00
[2024-10-30T16:14:39.156+0000] {processor.py:161} INFO - Processing /home/airflow/.local/lib/python3.7/site-packages/airflow/example_dags/example_branch_operator_decorator.py took 0.060 seconds
[2024-10-30T16:15:09.830+0000] {processor.py:153} INFO - Started process (PID=535) to work on /home/airflow/.local/lib/python3.7/site-packages/airflow/example_dags/example_branch_operator_decorator.py
[2024-10-30T16:15:09.831+0000] {processor.py:640} INFO - Processing file /home/airflow/.local/lib/python3.7/site-packages/airflow/example_dags/example_branch_operator_decorator.py for tasks to queue
[2024-10-30T16:15:09.831+0000] {logging_mixin.py:115} INFO - [2024-10-30T16:15:09.831+0000] {dagbag.py:508} INFO - Filling up the DagBag from /home/airflow/.local/lib/python3.7/site-packages/airflow/example_dags/example_branch_operator_decorator.py
[2024-10-30T16:15:09.843+0000] {processor.py:650} INFO - DAG(s) dict_keys(['example_branch_python_operator_decorator']) retrieved from /home/airflow/.local/lib/python3.7/site-packages/airflow/example_dags/example_branch_operator_decorator.py
[2024-10-30T16:15:09.859+0000] {logging_mixin.py:115} INFO - [2024-10-30T16:15:09.859+0000] {dag.py:2429} INFO - Sync 1 DAGs
[2024-10-30T16:15:09.873+0000] {logging_mixin.py:115} INFO - [2024-10-30T16:15:09.873+0000] {dag.py:2981} INFO - Setting next_dagrun for example_branch_python_operator_decorator to 2024-10-29T00:00:00+00:00, run_after=2024-10-30T00:00:00+00:00
[2024-10-30T16:15:09.880+0000] {processor.py:161} INFO - Processing /home/airflow/.local/lib/python3.7/site-packages/airflow/example_dags/example_branch_operator_decorator.py took 0.051 seconds
[2024-10-30T16:15:40.351+0000] {processor.py:153} INFO - Started process (PID=597) to work on /home/airflow/.local/lib/python3.7/site-packages/airflow/example_dags/example_branch_operator_decorator.py
[2024-10-30T16:15:40.351+0000] {processor.py:640} INFO - Processing file /home/airflow/.local/lib/python3.7/site-packages/airflow/example_dags/example_branch_operator_decorator.py for tasks to queue
[2024-10-30T16:15:40.352+0000] {logging_mixin.py:115} INFO - [2024-10-30T16:15:40.352+0000] {dagbag.py:508} INFO - Filling up the DagBag from /home/airflow/.local/lib/python3.7/site-packages/airflow/example_dags/example_branch_operator_decorator.py
[2024-10-30T16:15:40.365+0000] {processor.py:650} INFO - DAG(s) dict_keys(['example_branch_python_operator_decorator']) retrieved from /home/airflow/.local/lib/python3.7/site-packages/airflow/example_dags/example_branch_operator_decorator.py
[2024-10-30T16:15:40.387+0000] {logging_mixin.py:115} INFO - [2024-10-30T16:15:40.387+0000] {dag.py:2429} INFO - Sync 1 DAGs
[2024-10-30T16:15:40.407+0000] {logging_mixin.py:115} INFO - [2024-10-30T16:15:40.407+0000] {dag.py:2981} INFO - Setting next_dagrun for example_branch_python_operator_decorator to 2024-10-29T00:00:00+00:00, run_after=2024-10-30T00:00:00+00:00
[2024-10-30T16:15:40.415+0000] {processor.py:161} INFO - Processing /home/airflow/.local/lib/python3.7/site-packages/airflow/example_dags/example_branch_operator_decorator.py took 0.067 seconds
[2024-10-30T16:16:11.251+0000] {processor.py:153} INFO - Started process (PID=650) to work on /home/airflow/.local/lib/python3.7/site-packages/airflow/example_dags/example_branch_operator_decorator.py
[2024-10-30T16:16:11.251+0000] {processor.py:640} INFO - Processing file /home/airflow/.local/lib/python3.7/site-packages/airflow/example_dags/example_branch_operator_decorator.py for tasks to queue
[2024-10-30T16:16:11.252+0000] {logging_mixin.py:115} INFO - [2024-10-30T16:16:11.252+0000] {dagbag.py:508} INFO - Filling up the DagBag from /home/airflow/.local/lib/python3.7/site-packages/airflow/example_dags/example_branch_operator_decorator.py
[2024-10-30T16:16:11.265+0000] {processor.py:650} INFO - DAG(s) dict_keys(['example_branch_python_operator_decorator']) retrieved from /home/airflow/.local/lib/python3.7/site-packages/airflow/example_dags/example_branch_operator_decorator.py
[2024-10-30T16:16:11.284+0000] {logging_mixin.py:115} INFO - [2024-10-30T16:16:11.283+0000] {dag.py:2429} INFO - Sync 1 DAGs
[2024-10-30T16:16:11.303+0000] {logging_mixin.py:115} INFO - [2024-10-30T16:16:11.303+0000] {dag.py:2981} INFO - Setting next_dagrun for example_branch_python_operator_decorator to 2024-10-29T00:00:00+00:00, run_after=2024-10-30T00:00:00+00:00
[2024-10-30T16:16:11.313+0000] {processor.py:161} INFO - Processing /home/airflow/.local/lib/python3.7/site-packages/airflow/example_dags/example_branch_operator_decorator.py took 0.065 seconds
[2024-10-30T16:16:41.922+0000] {processor.py:153} INFO - Started process (PID=712) to work on /home/airflow/.local/lib/python3.7/site-packages/airflow/example_dags/example_branch_operator_decorator.py
[2024-10-30T16:16:41.922+0000] {processor.py:640} INFO - Processing file /home/airflow/.local/lib/python3.7/site-packages/airflow/example_dags/example_branch_operator_decorator.py for tasks to queue
[2024-10-30T16:16:41.922+0000] {logging_mixin.py:115} INFO - [2024-10-30T16:16:41.922+0000] {dagbag.py:508} INFO - Filling up the DagBag from /home/airflow/.local/lib/python3.7/site-packages/airflow/example_dags/example_branch_operator_decorator.py
[2024-10-30T16:16:41.935+0000] {processor.py:650} INFO - DAG(s) dict_keys(['example_branch_python_operator_decorator']) retrieved from /home/airflow/.local/lib/python3.7/site-packages/airflow/example_dags/example_branch_operator_decorator.py
[2024-10-30T16:16:41.952+0000] {logging_mixin.py:115} INFO - [2024-10-30T16:16:41.952+0000] {dag.py:2429} INFO - Sync 1 DAGs
[2024-10-30T16:16:41.968+0000] {logging_mixin.py:115} INFO - [2024-10-30T16:16:41.967+0000] {dag.py:2981} INFO - Setting next_dagrun for example_branch_python_operator_decorator to 2024-10-29T00:00:00+00:00, run_after=2024-10-30T00:00:00+00:00
[2024-10-30T16:16:41.976+0000] {processor.py:161} INFO - Processing /home/airflow/.local/lib/python3.7/site-packages/airflow/example_dags/example_branch_operator_decorator.py took 0.057 seconds
[2024-10-30T16:17:12.767+0000] {processor.py:153} INFO - Started process (PID=774) to work on /home/airflow/.local/lib/python3.7/site-packages/airflow/example_dags/example_branch_operator_decorator.py
[2024-10-30T16:17:12.768+0000] {processor.py:640} INFO - Processing file /home/airflow/.local/lib/python3.7/site-packages/airflow/example_dags/example_branch_operator_decorator.py for tasks to queue
[2024-10-30T16:17:12.768+0000] {logging_mixin.py:115} INFO - [2024-10-30T16:17:12.768+0000] {dagbag.py:508} INFO - Filling up the DagBag from /home/airflow/.local/lib/python3.7/site-packages/airflow/example_dags/example_branch_operator_decorator.py
[2024-10-30T16:17:12.780+0000] {processor.py:650} INFO - DAG(s) dict_keys(['example_branch_python_operator_decorator']) retrieved from /home/airflow/.local/lib/python3.7/site-packages/airflow/example_dags/example_branch_operator_decorator.py
[2024-10-30T16:17:12.797+0000] {logging_mixin.py:115} INFO - [2024-10-30T16:17:12.797+0000] {dag.py:2429} INFO - Sync 1 DAGs
[2024-10-30T16:17:12.814+0000] {logging_mixin.py:115} INFO - [2024-10-30T16:17:12.814+0000] {dag.py:2981} INFO - Setting next_dagrun for example_branch_python_operator_decorator to 2024-10-29T00:00:00+00:00, run_after=2024-10-30T00:00:00+00:00
[2024-10-30T16:17:12.823+0000] {processor.py:161} INFO - Processing /home/airflow/.local/lib/python3.7/site-packages/airflow/example_dags/example_branch_operator_decorator.py took 0.058 seconds
[2024-10-30T16:17:43.567+0000] {processor.py:153} INFO - Started process (PID=836) to work on /home/airflow/.local/lib/python3.7/site-packages/airflow/example_dags/example_branch_operator_decorator.py
[2024-10-30T16:17:43.568+0000] {processor.py:640} INFO - Processing file /home/airflow/.local/lib/python3.7/site-packages/airflow/example_dags/example_branch_operator_decorator.py for tasks to queue
[2024-10-30T16:17:43.568+0000] {logging_mixin.py:115} INFO - [2024-10-30T16:17:43.568+0000] {dagbag.py:508} INFO - Filling up the DagBag from /home/airflow/.local/lib/python3.7/site-packages/airflow/example_dags/example_branch_operator_decorator.py
[2024-10-30T16:17:43.583+0000] {processor.py:650} INFO - DAG(s) dict_keys(['example_branch_python_operator_decorator']) retrieved from /home/airflow/.local/lib/python3.7/site-packages/airflow/example_dags/example_branch_operator_decorator.py
[2024-10-30T16:17:43.601+0000] {logging_mixin.py:115} INFO - [2024-10-30T16:17:43.601+0000] {dag.py:2429} INFO - Sync 1 DAGs
[2024-10-30T16:17:43.616+0000] {logging_mixin.py:115} INFO - [2024-10-30T16:17:43.616+0000] {dag.py:2981} INFO - Setting next_dagrun for example_branch_python_operator_decorator to 2024-10-29T00:00:00+00:00, run_after=2024-10-30T00:00:00+00:00
[2024-10-30T16:17:43.625+0000] {processor.py:161} INFO - Processing /home/airflow/.local/lib/python3.7/site-packages/airflow/example_dags/example_branch_operator_decorator.py took 0.060 seconds
[2024-10-30T16:18:14.038+0000] {processor.py:153} INFO - Started process (PID=889) to work on /home/airflow/.local/lib/python3.7/site-packages/airflow/example_dags/example_branch_operator_decorator.py
[2024-10-30T16:18:14.039+0000] {processor.py:640} INFO - Processing file /home/airflow/.local/lib/python3.7/site-packages/airflow/example_dags/example_branch_operator_decorator.py for tasks to queue
[2024-10-30T16:18:14.040+0000] {logging_mixin.py:115} INFO - [2024-10-30T16:18:14.039+0000] {dagbag.py:508} INFO - Filling up the DagBag from /home/airflow/.local/lib/python3.7/site-packages/airflow/example_dags/example_branch_operator_decorator.py
[2024-10-30T16:18:14.053+0000] {processor.py:650} INFO - DAG(s) dict_keys(['example_branch_python_operator_decorator']) retrieved from /home/airflow/.local/lib/python3.7/site-packages/airflow/example_dags/example_branch_operator_decorator.py
[2024-10-30T16:18:14.073+0000] {logging_mixin.py:115} INFO - [2024-10-30T16:18:14.073+0000] {dag.py:2429} INFO - Sync 1 DAGs
[2024-10-30T16:18:14.095+0000] {logging_mixin.py:115} INFO - [2024-10-30T16:18:14.095+0000] {dag.py:2981} INFO - Setting next_dagrun for example_branch_python_operator_decorator to 2024-10-29T00:00:00+00:00, run_after=2024-10-30T00:00:00+00:00
[2024-10-30T16:18:14.106+0000] {processor.py:161} INFO - Processing /home/airflow/.local/lib/python3.7/site-packages/airflow/example_dags/example_branch_operator_decorator.py took 0.070 seconds
[2024-10-30T16:18:44.609+0000] {processor.py:153} INFO - Started process (PID=951) to work on /home/airflow/.local/lib/python3.7/site-packages/airflow/example_dags/example_branch_operator_decorator.py
[2024-10-30T16:18:44.610+0000] {processor.py:640} INFO - Processing file /home/airflow/.local/lib/python3.7/site-packages/airflow/example_dags/example_branch_operator_decorator.py for tasks to queue
[2024-10-30T16:18:44.610+0000] {logging_mixin.py:115} INFO - [2024-10-30T16:18:44.610+0000] {dagbag.py:508} INFO - Filling up the DagBag from /home/airflow/.local/lib/python3.7/site-packages/airflow/example_dags/example_branch_operator_decorator.py
[2024-10-30T16:18:44.623+0000] {processor.py:650} INFO - DAG(s) dict_keys(['example_branch_python_operator_decorator']) retrieved from /home/airflow/.local/lib/python3.7/site-packages/airflow/example_dags/example_branch_operator_decorator.py
[2024-10-30T16:18:44.640+0000] {logging_mixin.py:115} INFO - [2024-10-30T16:18:44.640+0000] {dag.py:2429} INFO - Sync 1 DAGs
[2024-10-30T16:18:44.655+0000] {logging_mixin.py:115} INFO - [2024-10-30T16:18:44.655+0000] {dag.py:2981} INFO - Setting next_dagrun for example_branch_python_operator_decorator to 2024-10-29T00:00:00+00:00, run_after=2024-10-30T00:00:00+00:00
[2024-10-30T16:18:44.663+0000] {processor.py:161} INFO - Processing /home/airflow/.local/lib/python3.7/site-packages/airflow/example_dags/example_branch_operator_decorator.py took 0.055 seconds
[2024-10-30T16:19:15.196+0000] {processor.py:153} INFO - Started process (PID=1013) to work on /home/airflow/.local/lib/python3.7/site-packages/airflow/example_dags/example_branch_operator_decorator.py
[2024-10-30T16:19:15.196+0000] {processor.py:640} INFO - Processing file /home/airflow/.local/lib/python3.7/site-packages/airflow/example_dags/example_branch_operator_decorator.py for tasks to queue
[2024-10-30T16:19:15.197+0000] {logging_mixin.py:115} INFO - [2024-10-30T16:19:15.197+0000] {dagbag.py:508} INFO - Filling up the DagBag from /home/airflow/.local/lib/python3.7/site-packages/airflow/example_dags/example_branch_operator_decorator.py
[2024-10-30T16:19:15.209+0000] {processor.py:650} INFO - DAG(s) dict_keys(['example_branch_python_operator_decorator']) retrieved from /home/airflow/.local/lib/python3.7/site-packages/airflow/example_dags/example_branch_operator_decorator.py
[2024-10-30T16:19:15.226+0000] {logging_mixin.py:115} INFO - [2024-10-30T16:19:15.226+0000] {dag.py:2429} INFO - Sync 1 DAGs
[2024-10-30T16:19:15.242+0000] {logging_mixin.py:115} INFO - [2024-10-30T16:19:15.242+0000] {dag.py:2981} INFO - Setting next_dagrun for example_branch_python_operator_decorator to 2024-10-29T00:00:00+00:00, run_after=2024-10-30T00:00:00+00:00
[2024-10-30T16:19:15.250+0000] {processor.py:161} INFO - Processing /home/airflow/.local/lib/python3.7/site-packages/airflow/example_dags/example_branch_operator_decorator.py took 0.057 seconds
[2024-10-30T16:19:45.896+0000] {processor.py:153} INFO - Started process (PID=1075) to work on /home/airflow/.local/lib/python3.7/site-packages/airflow/example_dags/example_branch_operator_decorator.py
[2024-10-30T16:19:45.897+0000] {processor.py:640} INFO - Processing file /home/airflow/.local/lib/python3.7/site-packages/airflow/example_dags/example_branch_operator_decorator.py for tasks to queue
[2024-10-30T16:19:45.897+0000] {logging_mixin.py:115} INFO - [2024-10-30T16:19:45.897+0000] {dagbag.py:508} INFO - Filling up the DagBag from /home/airflow/.local/lib/python3.7/site-packages/airflow/example_dags/example_branch_operator_decorator.py
[2024-10-30T16:19:45.915+0000] {processor.py:650} INFO - DAG(s) dict_keys(['example_branch_python_operator_decorator']) retrieved from /home/airflow/.local/lib/python3.7/site-packages/airflow/example_dags/example_branch_operator_decorator.py
[2024-10-30T16:19:45.938+0000] {logging_mixin.py:115} INFO - [2024-10-30T16:19:45.938+0000] {dag.py:2429} INFO - Sync 1 DAGs
[2024-10-30T16:19:45.956+0000] {logging_mixin.py:115} INFO - [2024-10-30T16:19:45.956+0000] {dag.py:2981} INFO - Setting next_dagrun for example_branch_python_operator_decorator to 2024-10-29T00:00:00+00:00, run_after=2024-10-30T00:00:00+00:00
[2024-10-30T16:19:45.965+0000] {processor.py:161} INFO - Processing /home/airflow/.local/lib/python3.7/site-packages/airflow/example_dags/example_branch_operator_decorator.py took 0.072 seconds
[2024-10-30T16:20:16.454+0000] {processor.py:153} INFO - Started process (PID=1128) to work on /home/airflow/.local/lib/python3.7/site-packages/airflow/example_dags/example_branch_operator_decorator.py
[2024-10-30T16:20:16.455+0000] {processor.py:640} INFO - Processing file /home/airflow/.local/lib/python3.7/site-packages/airflow/example_dags/example_branch_operator_decorator.py for tasks to queue
[2024-10-30T16:20:16.455+0000] {logging_mixin.py:115} INFO - [2024-10-30T16:20:16.455+0000] {dagbag.py:508} INFO - Filling up the DagBag from /home/airflow/.local/lib/python3.7/site-packages/airflow/example_dags/example_branch_operator_decorator.py
[2024-10-30T16:20:16.471+0000] {processor.py:650} INFO - DAG(s) dict_keys(['example_branch_python_operator_decorator']) retrieved from /home/airflow/.local/lib/python3.7/site-packages/airflow/example_dags/example_branch_operator_decorator.py
[2024-10-30T16:20:16.489+0000] {logging_mixin.py:115} INFO - [2024-10-30T16:20:16.489+0000] {dag.py:2429} INFO - Sync 1 DAGs
[2024-10-30T16:20:16.506+0000] {logging_mixin.py:115} INFO - [2024-10-30T16:20:16.505+0000] {dag.py:2981} INFO - Setting next_dagrun for example_branch_python_operator_decorator to 2024-10-29T00:00:00+00:00, run_after=2024-10-30T00:00:00+00:00
[2024-10-30T16:20:16.515+0000] {processor.py:161} INFO - Processing /home/airflow/.local/lib/python3.7/site-packages/airflow/example_dags/example_branch_operator_decorator.py took 0.064 seconds
[2024-10-30T16:20:47.059+0000] {processor.py:153} INFO - Started process (PID=1190) to work on /home/airflow/.local/lib/python3.7/site-packages/airflow/example_dags/example_branch_operator_decorator.py
[2024-10-30T16:20:47.060+0000] {processor.py:640} INFO - Processing file /home/airflow/.local/lib/python3.7/site-packages/airflow/example_dags/example_branch_operator_decorator.py for tasks to queue
[2024-10-30T16:20:47.060+0000] {logging_mixin.py:115} INFO - [2024-10-30T16:20:47.060+0000] {dagbag.py:508} INFO - Filling up the DagBag from /home/airflow/.local/lib/python3.7/site-packages/airflow/example_dags/example_branch_operator_decorator.py
[2024-10-30T16:20:47.075+0000] {processor.py:650} INFO - DAG(s) dict_keys(['example_branch_python_operator_decorator']) retrieved from /home/airflow/.local/lib/python3.7/site-packages/airflow/example_dags/example_branch_operator_decorator.py
[2024-10-30T16:20:47.095+0000] {logging_mixin.py:115} INFO - [2024-10-30T16:20:47.095+0000] {dag.py:2429} INFO - Sync 1 DAGs
[2024-10-30T16:20:47.111+0000] {logging_mixin.py:115} INFO - [2024-10-30T16:20:47.111+0000] {dag.py:2981} INFO - Setting next_dagrun for example_branch_python_operator_decorator to 2024-10-29T00:00:00+00:00, run_after=2024-10-30T00:00:00+00:00
[2024-10-30T16:20:47.122+0000] {processor.py:161} INFO - Processing /home/airflow/.local/lib/python3.7/site-packages/airflow/example_dags/example_branch_operator_decorator.py took 0.064 seconds
[2024-10-30T16:21:17.539+0000] {processor.py:153} INFO - Started process (PID=1252) to work on /home/airflow/.local/lib/python3.7/site-packages/airflow/example_dags/example_branch_operator_decorator.py
[2024-10-30T16:21:17.540+0000] {processor.py:640} INFO - Processing file /home/airflow/.local/lib/python3.7/site-packages/airflow/example_dags/example_branch_operator_decorator.py for tasks to queue
[2024-10-30T16:21:17.540+0000] {logging_mixin.py:115} INFO - [2024-10-30T16:21:17.540+0000] {dagbag.py:508} INFO - Filling up the DagBag from /home/airflow/.local/lib/python3.7/site-packages/airflow/example_dags/example_branch_operator_decorator.py
[2024-10-30T16:21:17.555+0000] {processor.py:650} INFO - DAG(s) dict_keys(['example_branch_python_operator_decorator']) retrieved from /home/airflow/.local/lib/python3.7/site-packages/airflow/example_dags/example_branch_operator_decorator.py
[2024-10-30T16:21:17.573+0000] {logging_mixin.py:115} INFO - [2024-10-30T16:21:17.573+0000] {dag.py:2429} INFO - Sync 1 DAGs
[2024-10-30T16:21:17.596+0000] {logging_mixin.py:115} INFO - [2024-10-30T16:21:17.596+0000] {dag.py:2981} INFO - Setting next_dagrun for example_branch_python_operator_decorator to 2024-10-29T00:00:00+00:00, run_after=2024-10-30T00:00:00+00:00
[2024-10-30T16:21:17.605+0000] {processor.py:161} INFO - Processing /home/airflow/.local/lib/python3.7/site-packages/airflow/example_dags/example_branch_operator_decorator.py took 0.069 seconds
[2024-10-30T16:21:47.908+0000] {processor.py:153} INFO - Started process (PID=1305) to work on /home/airflow/.local/lib/python3.7/site-packages/airflow/example_dags/example_branch_operator_decorator.py
[2024-10-30T16:21:47.909+0000] {processor.py:640} INFO - Processing file /home/airflow/.local/lib/python3.7/site-packages/airflow/example_dags/example_branch_operator_decorator.py for tasks to queue
[2024-10-30T16:21:47.909+0000] {logging_mixin.py:115} INFO - [2024-10-30T16:21:47.909+0000] {dagbag.py:508} INFO - Filling up the DagBag from /home/airflow/.local/lib/python3.7/site-packages/airflow/example_dags/example_branch_operator_decorator.py
[2024-10-30T16:21:47.921+0000] {processor.py:650} INFO - DAG(s) dict_keys(['example_branch_python_operator_decorator']) retrieved from /home/airflow/.local/lib/python3.7/site-packages/airflow/example_dags/example_branch_operator_decorator.py
[2024-10-30T16:21:47.938+0000] {logging_mixin.py:115} INFO - [2024-10-30T16:21:47.938+0000] {dag.py:2429} INFO - Sync 1 DAGs
[2024-10-30T16:21:47.954+0000] {logging_mixin.py:115} INFO - [2024-10-30T16:21:47.954+0000] {dag.py:2981} INFO - Setting next_dagrun for example_branch_python_operator_decorator to 2024-10-29T00:00:00+00:00, run_after=2024-10-30T00:00:00+00:00
[2024-10-30T16:21:47.961+0000] {processor.py:161} INFO - Processing /home/airflow/.local/lib/python3.7/site-packages/airflow/example_dags/example_branch_operator_decorator.py took 0.055 seconds
[2024-10-30T16:22:18.827+0000] {processor.py:153} INFO - Started process (PID=1367) to work on /home/airflow/.local/lib/python3.7/site-packages/airflow/example_dags/example_branch_operator_decorator.py
[2024-10-30T16:22:18.827+0000] {processor.py:640} INFO - Processing file /home/airflow/.local/lib/python3.7/site-packages/airflow/example_dags/example_branch_operator_decorator.py for tasks to queue
[2024-10-30T16:22:18.828+0000] {logging_mixin.py:115} INFO - [2024-10-30T16:22:18.828+0000] {dagbag.py:508} INFO - Filling up the DagBag from /home/airflow/.local/lib/python3.7/site-packages/airflow/example_dags/example_branch_operator_decorator.py
[2024-10-30T16:22:18.841+0000] {processor.py:650} INFO - DAG(s) dict_keys(['example_branch_python_operator_decorator']) retrieved from /home/airflow/.local/lib/python3.7/site-packages/airflow/example_dags/example_branch_operator_decorator.py
[2024-10-30T16:22:18.857+0000] {logging_mixin.py:115} INFO - [2024-10-30T16:22:18.857+0000] {dag.py:2429} INFO - Sync 1 DAGs
[2024-10-30T16:22:18.871+0000] {logging_mixin.py:115} INFO - [2024-10-30T16:22:18.871+0000] {dag.py:2981} INFO - Setting next_dagrun for example_branch_python_operator_decorator to 2024-10-29T00:00:00+00:00, run_after=2024-10-30T00:00:00+00:00
[2024-10-30T16:22:18.878+0000] {processor.py:161} INFO - Processing /home/airflow/.local/lib/python3.7/site-packages/airflow/example_dags/example_branch_operator_decorator.py took 0.054 seconds
[2024-10-30T16:22:49.520+0000] {processor.py:153} INFO - Started process (PID=1429) to work on /home/airflow/.local/lib/python3.7/site-packages/airflow/example_dags/example_branch_operator_decorator.py
[2024-10-30T16:22:49.521+0000] {processor.py:640} INFO - Processing file /home/airflow/.local/lib/python3.7/site-packages/airflow/example_dags/example_branch_operator_decorator.py for tasks to queue
[2024-10-30T16:22:49.521+0000] {logging_mixin.py:115} INFO - [2024-10-30T16:22:49.521+0000] {dagbag.py:508} INFO - Filling up the DagBag from /home/airflow/.local/lib/python3.7/site-packages/airflow/example_dags/example_branch_operator_decorator.py
[2024-10-30T16:22:49.534+0000] {processor.py:650} INFO - DAG(s) dict_keys(['example_branch_python_operator_decorator']) retrieved from /home/airflow/.local/lib/python3.7/site-packages/airflow/example_dags/example_branch_operator_decorator.py
[2024-10-30T16:22:49.553+0000] {logging_mixin.py:115} INFO - [2024-10-30T16:22:49.553+0000] {dag.py:2429} INFO - Sync 1 DAGs
[2024-10-30T16:22:49.569+0000] {logging_mixin.py:115} INFO - [2024-10-30T16:22:49.569+0000] {dag.py:2981} INFO - Setting next_dagrun for example_branch_python_operator_decorator to 2024-10-29T00:00:00+00:00, run_after=2024-10-30T00:00:00+00:00
[2024-10-30T16:22:49.576+0000] {processor.py:161} INFO - Processing /home/airflow/.local/lib/python3.7/site-packages/airflow/example_dags/example_branch_operator_decorator.py took 0.058 seconds
[2024-10-30T16:23:20.043+0000] {processor.py:153} INFO - Started process (PID=1491) to work on /home/airflow/.local/lib/python3.7/site-packages/airflow/example_dags/example_branch_operator_decorator.py
[2024-10-30T16:23:20.043+0000] {processor.py:640} INFO - Processing file /home/airflow/.local/lib/python3.7/site-packages/airflow/example_dags/example_branch_operator_decorator.py for tasks to queue
[2024-10-30T16:23:20.044+0000] {logging_mixin.py:115} INFO - [2024-10-30T16:23:20.044+0000] {dagbag.py:508} INFO - Filling up the DagBag from /home/airflow/.local/lib/python3.7/site-packages/airflow/example_dags/example_branch_operator_decorator.py
[2024-10-30T16:23:20.057+0000] {processor.py:650} INFO - DAG(s) dict_keys(['example_branch_python_operator_decorator']) retrieved from /home/airflow/.local/lib/python3.7/site-packages/airflow/example_dags/example_branch_operator_decorator.py
[2024-10-30T16:23:20.074+0000] {logging_mixin.py:115} INFO - [2024-10-30T16:23:20.074+0000] {dag.py:2429} INFO - Sync 1 DAGs
[2024-10-30T16:23:20.093+0000] {logging_mixin.py:115} INFO - [2024-10-30T16:23:20.093+0000] {dag.py:2981} INFO - Setting next_dagrun for example_branch_python_operator_decorator to 2024-10-29T00:00:00+00:00, run_after=2024-10-30T00:00:00+00:00
[2024-10-30T16:23:20.102+0000] {processor.py:161} INFO - Processing /home/airflow/.local/lib/python3.7/site-packages/airflow/example_dags/example_branch_operator_decorator.py took 0.061 seconds
[2024-10-30T16:23:50.727+0000] {processor.py:153} INFO - Started process (PID=1544) to work on /home/airflow/.local/lib/python3.7/site-packages/airflow/example_dags/example_branch_operator_decorator.py
[2024-10-30T16:23:50.727+0000] {processor.py:640} INFO - Processing file /home/airflow/.local/lib/python3.7/site-packages/airflow/example_dags/example_branch_operator_decorator.py for tasks to queue
[2024-10-30T16:23:50.728+0000] {logging_mixin.py:115} INFO - [2024-10-30T16:23:50.728+0000] {dagbag.py:508} INFO - Filling up the DagBag from /home/airflow/.local/lib/python3.7/site-packages/airflow/example_dags/example_branch_operator_decorator.py
[2024-10-30T16:23:50.739+0000] {processor.py:650} INFO - DAG(s) dict_keys(['example_branch_python_operator_decorator']) retrieved from /home/airflow/.local/lib/python3.7/site-packages/airflow/example_dags/example_branch_operator_decorator.py
[2024-10-30T16:23:50.755+0000] {logging_mixin.py:115} INFO - [2024-10-30T16:23:50.755+0000] {dag.py:2429} INFO - Sync 1 DAGs
[2024-10-30T16:23:50.769+0000] {logging_mixin.py:115} INFO - [2024-10-30T16:23:50.769+0000] {dag.py:2981} INFO - Setting next_dagrun for example_branch_python_operator_decorator to 2024-10-29T00:00:00+00:00, run_after=2024-10-30T00:00:00+00:00
[2024-10-30T16:23:50.776+0000] {processor.py:161} INFO - Processing /home/airflow/.local/lib/python3.7/site-packages/airflow/example_dags/example_branch_operator_decorator.py took 0.051 seconds
[2024-10-30T16:24:21.398+0000] {processor.py:153} INFO - Started process (PID=1606) to work on /home/airflow/.local/lib/python3.7/site-packages/airflow/example_dags/example_branch_operator_decorator.py
[2024-10-30T16:24:21.399+0000] {processor.py:640} INFO - Processing file /home/airflow/.local/lib/python3.7/site-packages/airflow/example_dags/example_branch_operator_decorator.py for tasks to queue
[2024-10-30T16:24:21.399+0000] {logging_mixin.py:115} INFO - [2024-10-30T16:24:21.399+0000] {dagbag.py:508} INFO - Filling up the DagBag from /home/airflow/.local/lib/python3.7/site-packages/airflow/example_dags/example_branch_operator_decorator.py
[2024-10-30T16:24:21.412+0000] {processor.py:650} INFO - DAG(s) dict_keys(['example_branch_python_operator_decorator']) retrieved from /home/airflow/.local/lib/python3.7/site-packages/airflow/example_dags/example_branch_operator_decorator.py
[2024-10-30T16:24:21.429+0000] {logging_mixin.py:115} INFO - [2024-10-30T16:24:21.429+0000] {dag.py:2429} INFO - Sync 1 DAGs
[2024-10-30T16:24:21.444+0000] {logging_mixin.py:115} INFO - [2024-10-30T16:24:21.444+0000] {dag.py:2981} INFO - Setting next_dagrun for example_branch_python_operator_decorator to 2024-10-29T00:00:00+00:00, run_after=2024-10-30T00:00:00+00:00
[2024-10-30T16:24:21.451+0000] {processor.py:161} INFO - Processing /home/airflow/.local/lib/python3.7/site-packages/airflow/example_dags/example_branch_operator_decorator.py took 0.055 seconds
[2024-10-30T16:24:52.375+0000] {processor.py:153} INFO - Started process (PID=1669) to work on /home/airflow/.local/lib/python3.7/site-packages/airflow/example_dags/example_branch_operator_decorator.py
[2024-10-30T16:24:52.375+0000] {processor.py:640} INFO - Processing file /home/airflow/.local/lib/python3.7/site-packages/airflow/example_dags/example_branch_operator_decorator.py for tasks to queue
[2024-10-30T16:24:52.376+0000] {logging_mixin.py:115} INFO - [2024-10-30T16:24:52.376+0000] {dagbag.py:508} INFO - Filling up the DagBag from /home/airflow/.local/lib/python3.7/site-packages/airflow/example_dags/example_branch_operator_decorator.py
[2024-10-30T16:24:52.390+0000] {processor.py:650} INFO - DAG(s) dict_keys(['example_branch_python_operator_decorator']) retrieved from /home/airflow/.local/lib/python3.7/site-packages/airflow/example_dags/example_branch_operator_decorator.py
[2024-10-30T16:24:52.413+0000] {logging_mixin.py:115} INFO - [2024-10-30T16:24:52.413+0000] {dag.py:2429} INFO - Sync 1 DAGs
[2024-10-30T16:24:52.431+0000] {logging_mixin.py:115} INFO - [2024-10-30T16:24:52.431+0000] {dag.py:2981} INFO - Setting next_dagrun for example_branch_python_operator_decorator to 2024-10-29T00:00:00+00:00, run_after=2024-10-30T00:00:00+00:00
[2024-10-30T16:24:52.441+0000] {processor.py:161} INFO - Processing /home/airflow/.local/lib/python3.7/site-packages/airflow/example_dags/example_branch_operator_decorator.py took 0.068 seconds
[2024-10-30T16:25:23.112+0000] {processor.py:153} INFO - Started process (PID=1731) to work on /home/airflow/.local/lib/python3.7/site-packages/airflow/example_dags/example_branch_operator_decorator.py
[2024-10-30T16:25:23.113+0000] {processor.py:640} INFO - Processing file /home/airflow/.local/lib/python3.7/site-packages/airflow/example_dags/example_branch_operator_decorator.py for tasks to queue
[2024-10-30T16:25:23.113+0000] {logging_mixin.py:115} INFO - [2024-10-30T16:25:23.113+0000] {dagbag.py:508} INFO - Filling up the DagBag from /home/airflow/.local/lib/python3.7/site-packages/airflow/example_dags/example_branch_operator_decorator.py
[2024-10-30T16:25:23.132+0000] {processor.py:650} INFO - DAG(s) dict_keys(['example_branch_python_operator_decorator']) retrieved from /home/airflow/.local/lib/python3.7/site-packages/airflow/example_dags/example_branch_operator_decorator.py
[2024-10-30T16:25:23.154+0000] {logging_mixin.py:115} INFO - [2024-10-30T16:25:23.154+0000] {dag.py:2429} INFO - Sync 1 DAGs
[2024-10-30T16:25:23.176+0000] {logging_mixin.py:115} INFO - [2024-10-30T16:25:23.175+0000] {dag.py:2981} INFO - Setting next_dagrun for example_branch_python_operator_decorator to 2024-10-29T00:00:00+00:00, run_after=2024-10-30T00:00:00+00:00
[2024-10-30T16:25:23.187+0000] {processor.py:161} INFO - Processing /home/airflow/.local/lib/python3.7/site-packages/airflow/example_dags/example_branch_operator_decorator.py took 0.078 seconds
[2024-10-30T16:25:53.715+0000] {processor.py:153} INFO - Started process (PID=1784) to work on /home/airflow/.local/lib/python3.7/site-packages/airflow/example_dags/example_branch_operator_decorator.py
[2024-10-30T16:25:53.715+0000] {processor.py:640} INFO - Processing file /home/airflow/.local/lib/python3.7/site-packages/airflow/example_dags/example_branch_operator_decorator.py for tasks to queue
[2024-10-30T16:25:53.716+0000] {logging_mixin.py:115} INFO - [2024-10-30T16:25:53.716+0000] {dagbag.py:508} INFO - Filling up the DagBag from /home/airflow/.local/lib/python3.7/site-packages/airflow/example_dags/example_branch_operator_decorator.py
[2024-10-30T16:25:53.729+0000] {processor.py:650} INFO - DAG(s) dict_keys(['example_branch_python_operator_decorator']) retrieved from /home/airflow/.local/lib/python3.7/site-packages/airflow/example_dags/example_branch_operator_decorator.py
[2024-10-30T16:25:53.749+0000] {logging_mixin.py:115} INFO - [2024-10-30T16:25:53.749+0000] {dag.py:2429} INFO - Sync 1 DAGs
[2024-10-30T16:25:53.767+0000] {logging_mixin.py:115} INFO - [2024-10-30T16:25:53.766+0000] {dag.py:2981} INFO - Setting next_dagrun for example_branch_python_operator_decorator to 2024-10-29T00:00:00+00:00, run_after=2024-10-30T00:00:00+00:00
[2024-10-30T16:25:53.777+0000] {processor.py:161} INFO - Processing /home/airflow/.local/lib/python3.7/site-packages/airflow/example_dags/example_branch_operator_decorator.py took 0.065 seconds
[2024-10-30T16:26:24.659+0000] {processor.py:153} INFO - Started process (PID=1849) to work on /home/airflow/.local/lib/python3.7/site-packages/airflow/example_dags/example_branch_operator_decorator.py
[2024-10-30T16:26:24.660+0000] {processor.py:640} INFO - Processing file /home/airflow/.local/lib/python3.7/site-packages/airflow/example_dags/example_branch_operator_decorator.py for tasks to queue
[2024-10-30T16:26:24.661+0000] {logging_mixin.py:115} INFO - [2024-10-30T16:26:24.661+0000] {dagbag.py:508} INFO - Filling up the DagBag from /home/airflow/.local/lib/python3.7/site-packages/airflow/example_dags/example_branch_operator_decorator.py
[2024-10-30T16:26:24.680+0000] {processor.py:650} INFO - DAG(s) dict_keys(['example_branch_python_operator_decorator']) retrieved from /home/airflow/.local/lib/python3.7/site-packages/airflow/example_dags/example_branch_operator_decorator.py
[2024-10-30T16:26:24.706+0000] {logging_mixin.py:115} INFO - [2024-10-30T16:26:24.706+0000] {dag.py:2429} INFO - Sync 1 DAGs
[2024-10-30T16:26:24.731+0000] {logging_mixin.py:115} INFO - [2024-10-30T16:26:24.731+0000] {dag.py:2981} INFO - Setting next_dagrun for example_branch_python_operator_decorator to 2024-10-29T00:00:00+00:00, run_after=2024-10-30T00:00:00+00:00
[2024-10-30T16:26:24.745+0000] {processor.py:161} INFO - Processing /home/airflow/.local/lib/python3.7/site-packages/airflow/example_dags/example_branch_operator_decorator.py took 0.089 seconds
[2024-10-30T16:26:55.420+0000] {processor.py:153} INFO - Started process (PID=1913) to work on /home/airflow/.local/lib/python3.7/site-packages/airflow/example_dags/example_branch_operator_decorator.py
[2024-10-30T16:26:55.421+0000] {processor.py:640} INFO - Processing file /home/airflow/.local/lib/python3.7/site-packages/airflow/example_dags/example_branch_operator_decorator.py for tasks to queue
[2024-10-30T16:26:55.421+0000] {logging_mixin.py:115} INFO - [2024-10-30T16:26:55.421+0000] {dagbag.py:508} INFO - Filling up the DagBag from /home/airflow/.local/lib/python3.7/site-packages/airflow/example_dags/example_branch_operator_decorator.py
[2024-10-30T16:26:55.434+0000] {processor.py:650} INFO - DAG(s) dict_keys(['example_branch_python_operator_decorator']) retrieved from /home/airflow/.local/lib/python3.7/site-packages/airflow/example_dags/example_branch_operator_decorator.py
[2024-10-30T16:26:55.454+0000] {logging_mixin.py:115} INFO - [2024-10-30T16:26:55.454+0000] {dag.py:2429} INFO - Sync 1 DAGs
[2024-10-30T16:26:55.472+0000] {logging_mixin.py:115} INFO - [2024-10-30T16:26:55.472+0000] {dag.py:2981} INFO - Setting next_dagrun for example_branch_python_operator_decorator to 2024-10-29T00:00:00+00:00, run_after=2024-10-30T00:00:00+00:00
[2024-10-30T16:26:55.481+0000] {processor.py:161} INFO - Processing /home/airflow/.local/lib/python3.7/site-packages/airflow/example_dags/example_branch_operator_decorator.py took 0.064 seconds
