[2024-10-30T16:11:05.149+0000] {processor.py:153} INFO - Started process (PID=57) to work on /home/airflow/.local/lib/python3.7/site-packages/airflow/example_dags/example_branch_operator.py
[2024-10-30T16:11:05.150+0000] {processor.py:640} INFO - Processing file /home/airflow/.local/lib/python3.7/site-packages/airflow/example_dags/example_branch_operator.py for tasks to queue
[2024-10-30T16:11:05.151+0000] {logging_mixin.py:115} INFO - [2024-10-30T16:11:05.151+0000] {dagbag.py:508} INFO - Filling up the DagBag from /home/airflow/.local/lib/python3.7/site-packages/airflow/example_dags/example_branch_operator.py
[2024-10-30T16:11:05.163+0000] {processor.py:650} INFO - DAG(s) dict_keys(['example_branch_operator']) retrieved from /home/airflow/.local/lib/python3.7/site-packages/airflow/example_dags/example_branch_operator.py
[2024-10-30T16:11:05.234+0000] {logging_mixin.py:115} INFO - [2024-10-30T16:11:05.233+0000] {manager.py:508} INFO - Created Permission View: can delete on DAG:example_branch_operator
[2024-10-30T16:11:05.243+0000] {logging_mixin.py:115} INFO - [2024-10-30T16:11:05.242+0000] {manager.py:508} INFO - Created Permission View: can read on DAG:example_branch_operator
[2024-10-30T16:11:05.249+0000] {logging_mixin.py:115} INFO - [2024-10-30T16:11:05.249+0000] {manager.py:508} INFO - Created Permission View: can edit on DAG:example_branch_operator
[2024-10-30T16:11:05.250+0000] {logging_mixin.py:115} INFO - [2024-10-30T16:11:05.250+0000] {dag.py:2429} INFO - Sync 1 DAGs
[2024-10-30T16:11:05.258+0000] {logging_mixin.py:115} INFO - [2024-10-30T16:11:05.257+0000] {dag.py:2448} INFO - Creating ORM DAG for example_branch_operator
[2024-10-30T16:11:05.271+0000] {logging_mixin.py:115} INFO - [2024-10-30T16:11:05.271+0000] {dag.py:2981} INFO - Setting next_dagrun for example_branch_operator to 2024-10-29T00:00:00+00:00, run_after=2024-10-30T00:00:00+00:00
[2024-10-30T16:11:05.284+0000] {processor.py:161} INFO - Processing /home/airflow/.local/lib/python3.7/site-packages/airflow/example_dags/example_branch_operator.py took 0.138 seconds
[2024-10-30T16:11:36.245+0000] {processor.py:153} INFO - Started process (PID=119) to work on /home/airflow/.local/lib/python3.7/site-packages/airflow/example_dags/example_branch_operator.py
[2024-10-30T16:11:36.245+0000] {processor.py:640} INFO - Processing file /home/airflow/.local/lib/python3.7/site-packages/airflow/example_dags/example_branch_operator.py for tasks to queue
[2024-10-30T16:11:36.246+0000] {logging_mixin.py:115} INFO - [2024-10-30T16:11:36.246+0000] {dagbag.py:508} INFO - Filling up the DagBag from /home/airflow/.local/lib/python3.7/site-packages/airflow/example_dags/example_branch_operator.py
[2024-10-30T16:11:36.253+0000] {processor.py:650} INFO - DAG(s) dict_keys(['example_branch_operator']) retrieved from /home/airflow/.local/lib/python3.7/site-packages/airflow/example_dags/example_branch_operator.py
[2024-10-30T16:11:36.271+0000] {logging_mixin.py:115} INFO - [2024-10-30T16:11:36.271+0000] {dag.py:2429} INFO - Sync 1 DAGs
[2024-10-30T16:11:36.288+0000] {logging_mixin.py:115} INFO - [2024-10-30T16:11:36.288+0000] {dag.py:2981} INFO - Setting next_dagrun for example_branch_operator to 2024-10-29T00:00:00+00:00, run_after=2024-10-30T00:00:00+00:00
[2024-10-30T16:11:36.295+0000] {processor.py:161} INFO - Processing /home/airflow/.local/lib/python3.7/site-packages/airflow/example_dags/example_branch_operator.py took 0.052 seconds
[2024-10-30T16:12:06.814+0000] {processor.py:153} INFO - Started process (PID=179) to work on /home/airflow/.local/lib/python3.7/site-packages/airflow/example_dags/example_branch_operator.py
[2024-10-30T16:12:06.815+0000] {processor.py:640} INFO - Processing file /home/airflow/.local/lib/python3.7/site-packages/airflow/example_dags/example_branch_operator.py for tasks to queue
[2024-10-30T16:12:06.816+0000] {logging_mixin.py:115} INFO - [2024-10-30T16:12:06.816+0000] {dagbag.py:508} INFO - Filling up the DagBag from /home/airflow/.local/lib/python3.7/site-packages/airflow/example_dags/example_branch_operator.py
[2024-10-30T16:12:06.825+0000] {processor.py:650} INFO - DAG(s) dict_keys(['example_branch_operator']) retrieved from /home/airflow/.local/lib/python3.7/site-packages/airflow/example_dags/example_branch_operator.py
[2024-10-30T16:12:06.848+0000] {logging_mixin.py:115} INFO - [2024-10-30T16:12:06.847+0000] {dag.py:2429} INFO - Sync 1 DAGs
[2024-10-30T16:12:06.869+0000] {logging_mixin.py:115} INFO - [2024-10-30T16:12:06.869+0000] {dag.py:2981} INFO - Setting next_dagrun for example_branch_operator to 2024-10-29T00:00:00+00:00, run_after=2024-10-30T00:00:00+00:00
[2024-10-30T16:12:06.878+0000] {processor.py:161} INFO - Processing /home/airflow/.local/lib/python3.7/site-packages/airflow/example_dags/example_branch_operator.py took 0.066 seconds
[2024-10-30T16:12:37.440+0000] {processor.py:153} INFO - Started process (PID=235) to work on /home/airflow/.local/lib/python3.7/site-packages/airflow/example_dags/example_branch_operator.py
[2024-10-30T16:12:37.441+0000] {processor.py:640} INFO - Processing file /home/airflow/.local/lib/python3.7/site-packages/airflow/example_dags/example_branch_operator.py for tasks to queue
[2024-10-30T16:12:37.441+0000] {logging_mixin.py:115} INFO - [2024-10-30T16:12:37.441+0000] {dagbag.py:508} INFO - Filling up the DagBag from /home/airflow/.local/lib/python3.7/site-packages/airflow/example_dags/example_branch_operator.py
[2024-10-30T16:12:37.448+0000] {processor.py:650} INFO - DAG(s) dict_keys(['example_branch_operator']) retrieved from /home/airflow/.local/lib/python3.7/site-packages/airflow/example_dags/example_branch_operator.py
[2024-10-30T16:12:37.463+0000] {logging_mixin.py:115} INFO - [2024-10-30T16:12:37.463+0000] {dag.py:2429} INFO - Sync 1 DAGs
[2024-10-30T16:12:37.478+0000] {logging_mixin.py:115} INFO - [2024-10-30T16:12:37.478+0000] {dag.py:2981} INFO - Setting next_dagrun for example_branch_operator to 2024-10-29T00:00:00+00:00, run_after=2024-10-30T00:00:00+00:00
[2024-10-30T16:12:37.485+0000] {processor.py:161} INFO - Processing /home/airflow/.local/lib/python3.7/site-packages/airflow/example_dags/example_branch_operator.py took 0.047 seconds
[2024-10-30T16:13:07.938+0000] {processor.py:153} INFO - Started process (PID=297) to work on /home/airflow/.local/lib/python3.7/site-packages/airflow/example_dags/example_branch_operator.py
[2024-10-30T16:13:07.939+0000] {processor.py:640} INFO - Processing file /home/airflow/.local/lib/python3.7/site-packages/airflow/example_dags/example_branch_operator.py for tasks to queue
[2024-10-30T16:13:07.939+0000] {logging_mixin.py:115} INFO - [2024-10-30T16:13:07.939+0000] {dagbag.py:508} INFO - Filling up the DagBag from /home/airflow/.local/lib/python3.7/site-packages/airflow/example_dags/example_branch_operator.py
[2024-10-30T16:13:07.946+0000] {processor.py:650} INFO - DAG(s) dict_keys(['example_branch_operator']) retrieved from /home/airflow/.local/lib/python3.7/site-packages/airflow/example_dags/example_branch_operator.py
[2024-10-30T16:13:07.961+0000] {logging_mixin.py:115} INFO - [2024-10-30T16:13:07.961+0000] {dag.py:2429} INFO - Sync 1 DAGs
[2024-10-30T16:13:07.977+0000] {logging_mixin.py:115} INFO - [2024-10-30T16:13:07.977+0000] {dag.py:2981} INFO - Setting next_dagrun for example_branch_operator to 2024-10-29T00:00:00+00:00, run_after=2024-10-30T00:00:00+00:00
[2024-10-30T16:13:07.985+0000] {processor.py:161} INFO - Processing /home/airflow/.local/lib/python3.7/site-packages/airflow/example_dags/example_branch_operator.py took 0.048 seconds
[2024-10-30T16:13:38.531+0000] {processor.py:153} INFO - Started process (PID=360) to work on /home/airflow/.local/lib/python3.7/site-packages/airflow/example_dags/example_branch_operator.py
[2024-10-30T16:13:38.532+0000] {processor.py:640} INFO - Processing file /home/airflow/.local/lib/python3.7/site-packages/airflow/example_dags/example_branch_operator.py for tasks to queue
[2024-10-30T16:13:38.533+0000] {logging_mixin.py:115} INFO - [2024-10-30T16:13:38.533+0000] {dagbag.py:508} INFO - Filling up the DagBag from /home/airflow/.local/lib/python3.7/site-packages/airflow/example_dags/example_branch_operator.py
[2024-10-30T16:13:38.542+0000] {processor.py:650} INFO - DAG(s) dict_keys(['example_branch_operator']) retrieved from /home/airflow/.local/lib/python3.7/site-packages/airflow/example_dags/example_branch_operator.py
[2024-10-30T16:13:38.563+0000] {logging_mixin.py:115} INFO - [2024-10-30T16:13:38.563+0000] {dag.py:2429} INFO - Sync 1 DAGs
[2024-10-30T16:13:38.587+0000] {logging_mixin.py:115} INFO - [2024-10-30T16:13:38.587+0000] {dag.py:2981} INFO - Setting next_dagrun for example_branch_operator to 2024-10-29T00:00:00+00:00, run_after=2024-10-30T00:00:00+00:00
[2024-10-30T16:13:38.598+0000] {processor.py:161} INFO - Processing /home/airflow/.local/lib/python3.7/site-packages/airflow/example_dags/example_branch_operator.py took 0.069 seconds
[2024-10-30T16:14:09.367+0000] {processor.py:153} INFO - Started process (PID=413) to work on /home/airflow/.local/lib/python3.7/site-packages/airflow/example_dags/example_branch_operator.py
[2024-10-30T16:14:09.368+0000] {processor.py:640} INFO - Processing file /home/airflow/.local/lib/python3.7/site-packages/airflow/example_dags/example_branch_operator.py for tasks to queue
[2024-10-30T16:14:09.368+0000] {logging_mixin.py:115} INFO - [2024-10-30T16:14:09.368+0000] {dagbag.py:508} INFO - Filling up the DagBag from /home/airflow/.local/lib/python3.7/site-packages/airflow/example_dags/example_branch_operator.py
[2024-10-30T16:14:09.376+0000] {processor.py:650} INFO - DAG(s) dict_keys(['example_branch_operator']) retrieved from /home/airflow/.local/lib/python3.7/site-packages/airflow/example_dags/example_branch_operator.py
[2024-10-30T16:14:09.398+0000] {logging_mixin.py:115} INFO - [2024-10-30T16:14:09.397+0000] {dag.py:2429} INFO - Sync 1 DAGs
[2024-10-30T16:14:09.430+0000] {logging_mixin.py:115} INFO - [2024-10-30T16:14:09.430+0000] {dag.py:2981} INFO - Setting next_dagrun for example_branch_operator to 2024-10-29T00:00:00+00:00, run_after=2024-10-30T00:00:00+00:00
[2024-10-30T16:14:09.441+0000] {processor.py:161} INFO - Processing /home/airflow/.local/lib/python3.7/site-packages/airflow/example_dags/example_branch_operator.py took 0.076 seconds
[2024-10-30T16:14:40.173+0000] {processor.py:153} INFO - Started process (PID=475) to work on /home/airflow/.local/lib/python3.7/site-packages/airflow/example_dags/example_branch_operator.py
[2024-10-30T16:14:40.173+0000] {processor.py:640} INFO - Processing file /home/airflow/.local/lib/python3.7/site-packages/airflow/example_dags/example_branch_operator.py for tasks to queue
[2024-10-30T16:14:40.174+0000] {logging_mixin.py:115} INFO - [2024-10-30T16:14:40.174+0000] {dagbag.py:508} INFO - Filling up the DagBag from /home/airflow/.local/lib/python3.7/site-packages/airflow/example_dags/example_branch_operator.py
[2024-10-30T16:14:40.182+0000] {processor.py:650} INFO - DAG(s) dict_keys(['example_branch_operator']) retrieved from /home/airflow/.local/lib/python3.7/site-packages/airflow/example_dags/example_branch_operator.py
[2024-10-30T16:14:40.200+0000] {logging_mixin.py:115} INFO - [2024-10-30T16:14:40.200+0000] {dag.py:2429} INFO - Sync 1 DAGs
[2024-10-30T16:14:40.219+0000] {logging_mixin.py:115} INFO - [2024-10-30T16:14:40.219+0000] {dag.py:2981} INFO - Setting next_dagrun for example_branch_operator to 2024-10-29T00:00:00+00:00, run_after=2024-10-30T00:00:00+00:00
[2024-10-30T16:14:40.227+0000] {processor.py:161} INFO - Processing /home/airflow/.local/lib/python3.7/site-packages/airflow/example_dags/example_branch_operator.py took 0.057 seconds
[2024-10-30T16:15:10.904+0000] {processor.py:153} INFO - Started process (PID=537) to work on /home/airflow/.local/lib/python3.7/site-packages/airflow/example_dags/example_branch_operator.py
[2024-10-30T16:15:10.905+0000] {processor.py:640} INFO - Processing file /home/airflow/.local/lib/python3.7/site-packages/airflow/example_dags/example_branch_operator.py for tasks to queue
[2024-10-30T16:15:10.906+0000] {logging_mixin.py:115} INFO - [2024-10-30T16:15:10.905+0000] {dagbag.py:508} INFO - Filling up the DagBag from /home/airflow/.local/lib/python3.7/site-packages/airflow/example_dags/example_branch_operator.py
[2024-10-30T16:15:10.915+0000] {processor.py:650} INFO - DAG(s) dict_keys(['example_branch_operator']) retrieved from /home/airflow/.local/lib/python3.7/site-packages/airflow/example_dags/example_branch_operator.py
[2024-10-30T16:15:10.938+0000] {logging_mixin.py:115} INFO - [2024-10-30T16:15:10.938+0000] {dag.py:2429} INFO - Sync 1 DAGs
[2024-10-30T16:15:10.956+0000] {logging_mixin.py:115} INFO - [2024-10-30T16:15:10.956+0000] {dag.py:2981} INFO - Setting next_dagrun for example_branch_operator to 2024-10-29T00:00:00+00:00, run_after=2024-10-30T00:00:00+00:00
[2024-10-30T16:15:10.964+0000] {processor.py:161} INFO - Processing /home/airflow/.local/lib/python3.7/site-packages/airflow/example_dags/example_branch_operator.py took 0.062 seconds
[2024-10-30T16:15:41.433+0000] {processor.py:153} INFO - Started process (PID=599) to work on /home/airflow/.local/lib/python3.7/site-packages/airflow/example_dags/example_branch_operator.py
[2024-10-30T16:15:41.434+0000] {processor.py:640} INFO - Processing file /home/airflow/.local/lib/python3.7/site-packages/airflow/example_dags/example_branch_operator.py for tasks to queue
[2024-10-30T16:15:41.435+0000] {logging_mixin.py:115} INFO - [2024-10-30T16:15:41.435+0000] {dagbag.py:508} INFO - Filling up the DagBag from /home/airflow/.local/lib/python3.7/site-packages/airflow/example_dags/example_branch_operator.py
[2024-10-30T16:15:41.444+0000] {processor.py:650} INFO - DAG(s) dict_keys(['example_branch_operator']) retrieved from /home/airflow/.local/lib/python3.7/site-packages/airflow/example_dags/example_branch_operator.py
[2024-10-30T16:15:41.467+0000] {logging_mixin.py:115} INFO - [2024-10-30T16:15:41.467+0000] {dag.py:2429} INFO - Sync 1 DAGs
[2024-10-30T16:15:41.489+0000] {logging_mixin.py:115} INFO - [2024-10-30T16:15:41.488+0000] {dag.py:2981} INFO - Setting next_dagrun for example_branch_operator to 2024-10-29T00:00:00+00:00, run_after=2024-10-30T00:00:00+00:00
[2024-10-30T16:15:41.503+0000] {processor.py:161} INFO - Processing /home/airflow/.local/lib/python3.7/site-packages/airflow/example_dags/example_branch_operator.py took 0.071 seconds
[2024-10-30T16:16:12.337+0000] {processor.py:153} INFO - Started process (PID=652) to work on /home/airflow/.local/lib/python3.7/site-packages/airflow/example_dags/example_branch_operator.py
[2024-10-30T16:16:12.337+0000] {processor.py:640} INFO - Processing file /home/airflow/.local/lib/python3.7/site-packages/airflow/example_dags/example_branch_operator.py for tasks to queue
[2024-10-30T16:16:12.338+0000] {logging_mixin.py:115} INFO - [2024-10-30T16:16:12.338+0000] {dagbag.py:508} INFO - Filling up the DagBag from /home/airflow/.local/lib/python3.7/site-packages/airflow/example_dags/example_branch_operator.py
[2024-10-30T16:16:12.345+0000] {processor.py:650} INFO - DAG(s) dict_keys(['example_branch_operator']) retrieved from /home/airflow/.local/lib/python3.7/site-packages/airflow/example_dags/example_branch_operator.py
[2024-10-30T16:16:12.370+0000] {logging_mixin.py:115} INFO - [2024-10-30T16:16:12.370+0000] {dag.py:2429} INFO - Sync 1 DAGs
[2024-10-30T16:16:12.389+0000] {logging_mixin.py:115} INFO - [2024-10-30T16:16:12.389+0000] {dag.py:2981} INFO - Setting next_dagrun for example_branch_operator to 2024-10-29T00:00:00+00:00, run_after=2024-10-30T00:00:00+00:00
[2024-10-30T16:16:12.397+0000] {processor.py:161} INFO - Processing /home/airflow/.local/lib/python3.7/site-packages/airflow/example_dags/example_branch_operator.py took 0.063 seconds
[2024-10-30T16:16:42.993+0000] {processor.py:153} INFO - Started process (PID=714) to work on /home/airflow/.local/lib/python3.7/site-packages/airflow/example_dags/example_branch_operator.py
[2024-10-30T16:16:42.994+0000] {processor.py:640} INFO - Processing file /home/airflow/.local/lib/python3.7/site-packages/airflow/example_dags/example_branch_operator.py for tasks to queue
[2024-10-30T16:16:42.994+0000] {logging_mixin.py:115} INFO - [2024-10-30T16:16:42.994+0000] {dagbag.py:508} INFO - Filling up the DagBag from /home/airflow/.local/lib/python3.7/site-packages/airflow/example_dags/example_branch_operator.py
[2024-10-30T16:16:43.002+0000] {processor.py:650} INFO - DAG(s) dict_keys(['example_branch_operator']) retrieved from /home/airflow/.local/lib/python3.7/site-packages/airflow/example_dags/example_branch_operator.py
[2024-10-30T16:16:43.021+0000] {logging_mixin.py:115} INFO - [2024-10-30T16:16:43.021+0000] {dag.py:2429} INFO - Sync 1 DAGs
[2024-10-30T16:16:43.037+0000] {logging_mixin.py:115} INFO - [2024-10-30T16:16:43.037+0000] {dag.py:2981} INFO - Setting next_dagrun for example_branch_operator to 2024-10-29T00:00:00+00:00, run_after=2024-10-30T00:00:00+00:00
[2024-10-30T16:16:43.045+0000] {processor.py:161} INFO - Processing /home/airflow/.local/lib/python3.7/site-packages/airflow/example_dags/example_branch_operator.py took 0.054 seconds
[2024-10-30T16:17:13.845+0000] {processor.py:153} INFO - Started process (PID=776) to work on /home/airflow/.local/lib/python3.7/site-packages/airflow/example_dags/example_branch_operator.py
[2024-10-30T16:17:13.846+0000] {processor.py:640} INFO - Processing file /home/airflow/.local/lib/python3.7/site-packages/airflow/example_dags/example_branch_operator.py for tasks to queue
[2024-10-30T16:17:13.846+0000] {logging_mixin.py:115} INFO - [2024-10-30T16:17:13.846+0000] {dagbag.py:508} INFO - Filling up the DagBag from /home/airflow/.local/lib/python3.7/site-packages/airflow/example_dags/example_branch_operator.py
[2024-10-30T16:17:13.854+0000] {processor.py:650} INFO - DAG(s) dict_keys(['example_branch_operator']) retrieved from /home/airflow/.local/lib/python3.7/site-packages/airflow/example_dags/example_branch_operator.py
[2024-10-30T16:17:13.871+0000] {logging_mixin.py:115} INFO - [2024-10-30T16:17:13.871+0000] {dag.py:2429} INFO - Sync 1 DAGs
[2024-10-30T16:17:13.888+0000] {logging_mixin.py:115} INFO - [2024-10-30T16:17:13.888+0000] {dag.py:2981} INFO - Setting next_dagrun for example_branch_operator to 2024-10-29T00:00:00+00:00, run_after=2024-10-30T00:00:00+00:00
[2024-10-30T16:17:13.897+0000] {processor.py:161} INFO - Processing /home/airflow/.local/lib/python3.7/site-packages/airflow/example_dags/example_branch_operator.py took 0.053 seconds
[2024-10-30T16:17:44.647+0000] {processor.py:153} INFO - Started process (PID=838) to work on /home/airflow/.local/lib/python3.7/site-packages/airflow/example_dags/example_branch_operator.py
[2024-10-30T16:17:44.647+0000] {processor.py:640} INFO - Processing file /home/airflow/.local/lib/python3.7/site-packages/airflow/example_dags/example_branch_operator.py for tasks to queue
[2024-10-30T16:17:44.648+0000] {logging_mixin.py:115} INFO - [2024-10-30T16:17:44.648+0000] {dagbag.py:508} INFO - Filling up the DagBag from /home/airflow/.local/lib/python3.7/site-packages/airflow/example_dags/example_branch_operator.py
[2024-10-30T16:17:44.657+0000] {processor.py:650} INFO - DAG(s) dict_keys(['example_branch_operator']) retrieved from /home/airflow/.local/lib/python3.7/site-packages/airflow/example_dags/example_branch_operator.py
[2024-10-30T16:17:44.675+0000] {logging_mixin.py:115} INFO - [2024-10-30T16:17:44.675+0000] {dag.py:2429} INFO - Sync 1 DAGs
[2024-10-30T16:17:44.698+0000] {logging_mixin.py:115} INFO - [2024-10-30T16:17:44.697+0000] {dag.py:2981} INFO - Setting next_dagrun for example_branch_operator to 2024-10-29T00:00:00+00:00, run_after=2024-10-30T00:00:00+00:00
[2024-10-30T16:17:44.707+0000] {processor.py:161} INFO - Processing /home/airflow/.local/lib/python3.7/site-packages/airflow/example_dags/example_branch_operator.py took 0.063 seconds
[2024-10-30T16:18:15.131+0000] {processor.py:153} INFO - Started process (PID=891) to work on /home/airflow/.local/lib/python3.7/site-packages/airflow/example_dags/example_branch_operator.py
[2024-10-30T16:18:15.132+0000] {processor.py:640} INFO - Processing file /home/airflow/.local/lib/python3.7/site-packages/airflow/example_dags/example_branch_operator.py for tasks to queue
[2024-10-30T16:18:15.132+0000] {logging_mixin.py:115} INFO - [2024-10-30T16:18:15.132+0000] {dagbag.py:508} INFO - Filling up the DagBag from /home/airflow/.local/lib/python3.7/site-packages/airflow/example_dags/example_branch_operator.py
[2024-10-30T16:18:15.141+0000] {processor.py:650} INFO - DAG(s) dict_keys(['example_branch_operator']) retrieved from /home/airflow/.local/lib/python3.7/site-packages/airflow/example_dags/example_branch_operator.py
[2024-10-30T16:18:15.158+0000] {logging_mixin.py:115} INFO - [2024-10-30T16:18:15.158+0000] {dag.py:2429} INFO - Sync 1 DAGs
[2024-10-30T16:18:15.173+0000] {logging_mixin.py:115} INFO - [2024-10-30T16:18:15.173+0000] {dag.py:2981} INFO - Setting next_dagrun for example_branch_operator to 2024-10-29T00:00:00+00:00, run_after=2024-10-30T00:00:00+00:00
[2024-10-30T16:18:15.180+0000] {processor.py:161} INFO - Processing /home/airflow/.local/lib/python3.7/site-packages/airflow/example_dags/example_branch_operator.py took 0.052 seconds
[2024-10-30T16:18:45.683+0000] {processor.py:153} INFO - Started process (PID=953) to work on /home/airflow/.local/lib/python3.7/site-packages/airflow/example_dags/example_branch_operator.py
[2024-10-30T16:18:45.684+0000] {processor.py:640} INFO - Processing file /home/airflow/.local/lib/python3.7/site-packages/airflow/example_dags/example_branch_operator.py for tasks to queue
[2024-10-30T16:18:45.685+0000] {logging_mixin.py:115} INFO - [2024-10-30T16:18:45.685+0000] {dagbag.py:508} INFO - Filling up the DagBag from /home/airflow/.local/lib/python3.7/site-packages/airflow/example_dags/example_branch_operator.py
[2024-10-30T16:18:45.693+0000] {processor.py:650} INFO - DAG(s) dict_keys(['example_branch_operator']) retrieved from /home/airflow/.local/lib/python3.7/site-packages/airflow/example_dags/example_branch_operator.py
[2024-10-30T16:18:45.714+0000] {logging_mixin.py:115} INFO - [2024-10-30T16:18:45.713+0000] {dag.py:2429} INFO - Sync 1 DAGs
[2024-10-30T16:18:45.730+0000] {logging_mixin.py:115} INFO - [2024-10-30T16:18:45.730+0000] {dag.py:2981} INFO - Setting next_dagrun for example_branch_operator to 2024-10-29T00:00:00+00:00, run_after=2024-10-30T00:00:00+00:00
[2024-10-30T16:18:45.739+0000] {processor.py:161} INFO - Processing /home/airflow/.local/lib/python3.7/site-packages/airflow/example_dags/example_branch_operator.py took 0.057 seconds
[2024-10-30T16:19:16.273+0000] {processor.py:153} INFO - Started process (PID=1015) to work on /home/airflow/.local/lib/python3.7/site-packages/airflow/example_dags/example_branch_operator.py
[2024-10-30T16:19:16.273+0000] {processor.py:640} INFO - Processing file /home/airflow/.local/lib/python3.7/site-packages/airflow/example_dags/example_branch_operator.py for tasks to queue
[2024-10-30T16:19:16.274+0000] {logging_mixin.py:115} INFO - [2024-10-30T16:19:16.274+0000] {dagbag.py:508} INFO - Filling up the DagBag from /home/airflow/.local/lib/python3.7/site-packages/airflow/example_dags/example_branch_operator.py
[2024-10-30T16:19:16.282+0000] {processor.py:650} INFO - DAG(s) dict_keys(['example_branch_operator']) retrieved from /home/airflow/.local/lib/python3.7/site-packages/airflow/example_dags/example_branch_operator.py
[2024-10-30T16:19:16.300+0000] {logging_mixin.py:115} INFO - [2024-10-30T16:19:16.300+0000] {dag.py:2429} INFO - Sync 1 DAGs
[2024-10-30T16:19:16.317+0000] {logging_mixin.py:115} INFO - [2024-10-30T16:19:16.317+0000] {dag.py:2981} INFO - Setting next_dagrun for example_branch_operator to 2024-10-29T00:00:00+00:00, run_after=2024-10-30T00:00:00+00:00
[2024-10-30T16:19:16.324+0000] {processor.py:161} INFO - Processing /home/airflow/.local/lib/python3.7/site-packages/airflow/example_dags/example_branch_operator.py took 0.053 seconds
[2024-10-30T16:19:46.991+0000] {processor.py:153} INFO - Started process (PID=1077) to work on /home/airflow/.local/lib/python3.7/site-packages/airflow/example_dags/example_branch_operator.py
[2024-10-30T16:19:46.991+0000] {processor.py:640} INFO - Processing file /home/airflow/.local/lib/python3.7/site-packages/airflow/example_dags/example_branch_operator.py for tasks to queue
[2024-10-30T16:19:46.992+0000] {logging_mixin.py:115} INFO - [2024-10-30T16:19:46.992+0000] {dagbag.py:508} INFO - Filling up the DagBag from /home/airflow/.local/lib/python3.7/site-packages/airflow/example_dags/example_branch_operator.py
[2024-10-30T16:19:47.001+0000] {processor.py:650} INFO - DAG(s) dict_keys(['example_branch_operator']) retrieved from /home/airflow/.local/lib/python3.7/site-packages/airflow/example_dags/example_branch_operator.py
[2024-10-30T16:19:47.018+0000] {logging_mixin.py:115} INFO - [2024-10-30T16:19:47.018+0000] {dag.py:2429} INFO - Sync 1 DAGs
[2024-10-30T16:19:47.033+0000] {logging_mixin.py:115} INFO - [2024-10-30T16:19:47.033+0000] {dag.py:2981} INFO - Setting next_dagrun for example_branch_operator to 2024-10-29T00:00:00+00:00, run_after=2024-10-30T00:00:00+00:00
[2024-10-30T16:19:47.041+0000] {processor.py:161} INFO - Processing /home/airflow/.local/lib/python3.7/site-packages/airflow/example_dags/example_branch_operator.py took 0.052 seconds
[2024-10-30T16:20:17.530+0000] {processor.py:153} INFO - Started process (PID=1130) to work on /home/airflow/.local/lib/python3.7/site-packages/airflow/example_dags/example_branch_operator.py
[2024-10-30T16:20:17.531+0000] {processor.py:640} INFO - Processing file /home/airflow/.local/lib/python3.7/site-packages/airflow/example_dags/example_branch_operator.py for tasks to queue
[2024-10-30T16:20:17.531+0000] {logging_mixin.py:115} INFO - [2024-10-30T16:20:17.531+0000] {dagbag.py:508} INFO - Filling up the DagBag from /home/airflow/.local/lib/python3.7/site-packages/airflow/example_dags/example_branch_operator.py
[2024-10-30T16:20:17.541+0000] {processor.py:650} INFO - DAG(s) dict_keys(['example_branch_operator']) retrieved from /home/airflow/.local/lib/python3.7/site-packages/airflow/example_dags/example_branch_operator.py
[2024-10-30T16:20:17.561+0000] {logging_mixin.py:115} INFO - [2024-10-30T16:20:17.561+0000] {dag.py:2429} INFO - Sync 1 DAGs
[2024-10-30T16:20:17.577+0000] {logging_mixin.py:115} INFO - [2024-10-30T16:20:17.577+0000] {dag.py:2981} INFO - Setting next_dagrun for example_branch_operator to 2024-10-29T00:00:00+00:00, run_after=2024-10-30T00:00:00+00:00
[2024-10-30T16:20:17.587+0000] {processor.py:161} INFO - Processing /home/airflow/.local/lib/python3.7/site-packages/airflow/example_dags/example_branch_operator.py took 0.059 seconds
[2024-10-30T16:20:48.137+0000] {processor.py:153} INFO - Started process (PID=1192) to work on /home/airflow/.local/lib/python3.7/site-packages/airflow/example_dags/example_branch_operator.py
[2024-10-30T16:20:48.138+0000] {processor.py:640} INFO - Processing file /home/airflow/.local/lib/python3.7/site-packages/airflow/example_dags/example_branch_operator.py for tasks to queue
[2024-10-30T16:20:48.139+0000] {logging_mixin.py:115} INFO - [2024-10-30T16:20:48.139+0000] {dagbag.py:508} INFO - Filling up the DagBag from /home/airflow/.local/lib/python3.7/site-packages/airflow/example_dags/example_branch_operator.py
[2024-10-30T16:20:48.149+0000] {processor.py:650} INFO - DAG(s) dict_keys(['example_branch_operator']) retrieved from /home/airflow/.local/lib/python3.7/site-packages/airflow/example_dags/example_branch_operator.py
[2024-10-30T16:20:48.165+0000] {logging_mixin.py:115} INFO - [2024-10-30T16:20:48.165+0000] {dag.py:2429} INFO - Sync 1 DAGs
[2024-10-30T16:20:48.181+0000] {logging_mixin.py:115} INFO - [2024-10-30T16:20:48.181+0000] {dag.py:2981} INFO - Setting next_dagrun for example_branch_operator to 2024-10-29T00:00:00+00:00, run_after=2024-10-30T00:00:00+00:00
[2024-10-30T16:20:48.189+0000] {processor.py:161} INFO - Processing /home/airflow/.local/lib/python3.7/site-packages/airflow/example_dags/example_branch_operator.py took 0.054 seconds
[2024-10-30T16:21:18.554+0000] {processor.py:153} INFO - Started process (PID=1254) to work on /home/airflow/.local/lib/python3.7/site-packages/airflow/example_dags/example_branch_operator.py
[2024-10-30T16:21:18.555+0000] {processor.py:640} INFO - Processing file /home/airflow/.local/lib/python3.7/site-packages/airflow/example_dags/example_branch_operator.py for tasks to queue
[2024-10-30T16:21:18.555+0000] {logging_mixin.py:115} INFO - [2024-10-30T16:21:18.555+0000] {dagbag.py:508} INFO - Filling up the DagBag from /home/airflow/.local/lib/python3.7/site-packages/airflow/example_dags/example_branch_operator.py
[2024-10-30T16:21:18.565+0000] {processor.py:650} INFO - DAG(s) dict_keys(['example_branch_operator']) retrieved from /home/airflow/.local/lib/python3.7/site-packages/airflow/example_dags/example_branch_operator.py
[2024-10-30T16:21:18.586+0000] {logging_mixin.py:115} INFO - [2024-10-30T16:21:18.586+0000] {dag.py:2429} INFO - Sync 1 DAGs
[2024-10-30T16:21:18.605+0000] {logging_mixin.py:115} INFO - [2024-10-30T16:21:18.605+0000] {dag.py:2981} INFO - Setting next_dagrun for example_branch_operator to 2024-10-29T00:00:00+00:00, run_after=2024-10-30T00:00:00+00:00
[2024-10-30T16:21:18.613+0000] {processor.py:161} INFO - Processing /home/airflow/.local/lib/python3.7/site-packages/airflow/example_dags/example_branch_operator.py took 0.061 seconds
[2024-10-30T16:21:48.988+0000] {processor.py:153} INFO - Started process (PID=1316) to work on /home/airflow/.local/lib/python3.7/site-packages/airflow/example_dags/example_branch_operator.py
[2024-10-30T16:21:48.990+0000] {processor.py:640} INFO - Processing file /home/airflow/.local/lib/python3.7/site-packages/airflow/example_dags/example_branch_operator.py for tasks to queue
[2024-10-30T16:21:48.990+0000] {logging_mixin.py:115} INFO - [2024-10-30T16:21:48.990+0000] {dagbag.py:508} INFO - Filling up the DagBag from /home/airflow/.local/lib/python3.7/site-packages/airflow/example_dags/example_branch_operator.py
[2024-10-30T16:21:49.001+0000] {processor.py:650} INFO - DAG(s) dict_keys(['example_branch_operator']) retrieved from /home/airflow/.local/lib/python3.7/site-packages/airflow/example_dags/example_branch_operator.py
[2024-10-30T16:21:49.026+0000] {logging_mixin.py:115} INFO - [2024-10-30T16:21:49.025+0000] {dag.py:2429} INFO - Sync 1 DAGs
[2024-10-30T16:21:49.051+0000] {logging_mixin.py:115} INFO - [2024-10-30T16:21:49.051+0000] {dag.py:2981} INFO - Setting next_dagrun for example_branch_operator to 2024-10-29T00:00:00+00:00, run_after=2024-10-30T00:00:00+00:00
[2024-10-30T16:21:49.062+0000] {processor.py:161} INFO - Processing /home/airflow/.local/lib/python3.7/site-packages/airflow/example_dags/example_branch_operator.py took 0.076 seconds
[2024-10-30T16:22:19.900+0000] {processor.py:153} INFO - Started process (PID=1369) to work on /home/airflow/.local/lib/python3.7/site-packages/airflow/example_dags/example_branch_operator.py
[2024-10-30T16:22:19.901+0000] {processor.py:640} INFO - Processing file /home/airflow/.local/lib/python3.7/site-packages/airflow/example_dags/example_branch_operator.py for tasks to queue
[2024-10-30T16:22:19.902+0000] {logging_mixin.py:115} INFO - [2024-10-30T16:22:19.901+0000] {dagbag.py:508} INFO - Filling up the DagBag from /home/airflow/.local/lib/python3.7/site-packages/airflow/example_dags/example_branch_operator.py
[2024-10-30T16:22:19.909+0000] {processor.py:650} INFO - DAG(s) dict_keys(['example_branch_operator']) retrieved from /home/airflow/.local/lib/python3.7/site-packages/airflow/example_dags/example_branch_operator.py
[2024-10-30T16:22:19.928+0000] {logging_mixin.py:115} INFO - [2024-10-30T16:22:19.928+0000] {dag.py:2429} INFO - Sync 1 DAGs
[2024-10-30T16:22:19.945+0000] {logging_mixin.py:115} INFO - [2024-10-30T16:22:19.945+0000] {dag.py:2981} INFO - Setting next_dagrun for example_branch_operator to 2024-10-29T00:00:00+00:00, run_after=2024-10-30T00:00:00+00:00
[2024-10-30T16:22:19.953+0000] {processor.py:161} INFO - Processing /home/airflow/.local/lib/python3.7/site-packages/airflow/example_dags/example_branch_operator.py took 0.054 seconds
[2024-10-30T16:22:50.602+0000] {processor.py:153} INFO - Started process (PID=1431) to work on /home/airflow/.local/lib/python3.7/site-packages/airflow/example_dags/example_branch_operator.py
[2024-10-30T16:22:50.603+0000] {processor.py:640} INFO - Processing file /home/airflow/.local/lib/python3.7/site-packages/airflow/example_dags/example_branch_operator.py for tasks to queue
[2024-10-30T16:22:50.603+0000] {logging_mixin.py:115} INFO - [2024-10-30T16:22:50.603+0000] {dagbag.py:508} INFO - Filling up the DagBag from /home/airflow/.local/lib/python3.7/site-packages/airflow/example_dags/example_branch_operator.py
[2024-10-30T16:22:50.611+0000] {processor.py:650} INFO - DAG(s) dict_keys(['example_branch_operator']) retrieved from /home/airflow/.local/lib/python3.7/site-packages/airflow/example_dags/example_branch_operator.py
[2024-10-30T16:22:50.627+0000] {logging_mixin.py:115} INFO - [2024-10-30T16:22:50.627+0000] {dag.py:2429} INFO - Sync 1 DAGs
[2024-10-30T16:22:50.642+0000] {logging_mixin.py:115} INFO - [2024-10-30T16:22:50.642+0000] {dag.py:2981} INFO - Setting next_dagrun for example_branch_operator to 2024-10-29T00:00:00+00:00, run_after=2024-10-30T00:00:00+00:00
[2024-10-30T16:22:50.651+0000] {processor.py:161} INFO - Processing /home/airflow/.local/lib/python3.7/site-packages/airflow/example_dags/example_branch_operator.py took 0.052 seconds
[2024-10-30T16:23:21.111+0000] {processor.py:153} INFO - Started process (PID=1493) to work on /home/airflow/.local/lib/python3.7/site-packages/airflow/example_dags/example_branch_operator.py
[2024-10-30T16:23:21.112+0000] {processor.py:640} INFO - Processing file /home/airflow/.local/lib/python3.7/site-packages/airflow/example_dags/example_branch_operator.py for tasks to queue
[2024-10-30T16:23:21.112+0000] {logging_mixin.py:115} INFO - [2024-10-30T16:23:21.112+0000] {dagbag.py:508} INFO - Filling up the DagBag from /home/airflow/.local/lib/python3.7/site-packages/airflow/example_dags/example_branch_operator.py
[2024-10-30T16:23:21.121+0000] {processor.py:650} INFO - DAG(s) dict_keys(['example_branch_operator']) retrieved from /home/airflow/.local/lib/python3.7/site-packages/airflow/example_dags/example_branch_operator.py
[2024-10-30T16:23:21.138+0000] {logging_mixin.py:115} INFO - [2024-10-30T16:23:21.138+0000] {dag.py:2429} INFO - Sync 1 DAGs
[2024-10-30T16:23:21.155+0000] {logging_mixin.py:115} INFO - [2024-10-30T16:23:21.154+0000] {dag.py:2981} INFO - Setting next_dagrun for example_branch_operator to 2024-10-29T00:00:00+00:00, run_after=2024-10-30T00:00:00+00:00
[2024-10-30T16:23:21.162+0000] {processor.py:161} INFO - Processing /home/airflow/.local/lib/python3.7/site-packages/airflow/example_dags/example_branch_operator.py took 0.053 seconds
[2024-10-30T16:23:51.804+0000] {processor.py:153} INFO - Started process (PID=1555) to work on /home/airflow/.local/lib/python3.7/site-packages/airflow/example_dags/example_branch_operator.py
[2024-10-30T16:23:51.805+0000] {processor.py:640} INFO - Processing file /home/airflow/.local/lib/python3.7/site-packages/airflow/example_dags/example_branch_operator.py for tasks to queue
[2024-10-30T16:23:51.806+0000] {logging_mixin.py:115} INFO - [2024-10-30T16:23:51.806+0000] {dagbag.py:508} INFO - Filling up the DagBag from /home/airflow/.local/lib/python3.7/site-packages/airflow/example_dags/example_branch_operator.py
[2024-10-30T16:23:51.817+0000] {processor.py:650} INFO - DAG(s) dict_keys(['example_branch_operator']) retrieved from /home/airflow/.local/lib/python3.7/site-packages/airflow/example_dags/example_branch_operator.py
[2024-10-30T16:23:51.855+0000] {logging_mixin.py:115} INFO - [2024-10-30T16:23:51.855+0000] {dag.py:2429} INFO - Sync 1 DAGs
[2024-10-30T16:23:51.881+0000] {logging_mixin.py:115} INFO - [2024-10-30T16:23:51.881+0000] {dag.py:2981} INFO - Setting next_dagrun for example_branch_operator to 2024-10-29T00:00:00+00:00, run_after=2024-10-30T00:00:00+00:00
[2024-10-30T16:23:51.892+0000] {processor.py:161} INFO - Processing /home/airflow/.local/lib/python3.7/site-packages/airflow/example_dags/example_branch_operator.py took 0.091 seconds
[2024-10-30T16:24:22.478+0000] {processor.py:153} INFO - Started process (PID=1608) to work on /home/airflow/.local/lib/python3.7/site-packages/airflow/example_dags/example_branch_operator.py
[2024-10-30T16:24:22.479+0000] {processor.py:640} INFO - Processing file /home/airflow/.local/lib/python3.7/site-packages/airflow/example_dags/example_branch_operator.py for tasks to queue
[2024-10-30T16:24:22.479+0000] {logging_mixin.py:115} INFO - [2024-10-30T16:24:22.479+0000] {dagbag.py:508} INFO - Filling up the DagBag from /home/airflow/.local/lib/python3.7/site-packages/airflow/example_dags/example_branch_operator.py
[2024-10-30T16:24:22.492+0000] {processor.py:650} INFO - DAG(s) dict_keys(['example_branch_operator']) retrieved from /home/airflow/.local/lib/python3.7/site-packages/airflow/example_dags/example_branch_operator.py
[2024-10-30T16:24:22.519+0000] {logging_mixin.py:115} INFO - [2024-10-30T16:24:22.519+0000] {dag.py:2429} INFO - Sync 1 DAGs
[2024-10-30T16:24:22.542+0000] {logging_mixin.py:115} INFO - [2024-10-30T16:24:22.542+0000] {dag.py:2981} INFO - Setting next_dagrun for example_branch_operator to 2024-10-29T00:00:00+00:00, run_after=2024-10-30T00:00:00+00:00
[2024-10-30T16:24:22.552+0000] {processor.py:161} INFO - Processing /home/airflow/.local/lib/python3.7/site-packages/airflow/example_dags/example_branch_operator.py took 0.076 seconds
[2024-10-30T16:24:53.467+0000] {processor.py:153} INFO - Started process (PID=1671) to work on /home/airflow/.local/lib/python3.7/site-packages/airflow/example_dags/example_branch_operator.py
[2024-10-30T16:24:53.468+0000] {processor.py:640} INFO - Processing file /home/airflow/.local/lib/python3.7/site-packages/airflow/example_dags/example_branch_operator.py for tasks to queue
[2024-10-30T16:24:53.468+0000] {logging_mixin.py:115} INFO - [2024-10-30T16:24:53.468+0000] {dagbag.py:508} INFO - Filling up the DagBag from /home/airflow/.local/lib/python3.7/site-packages/airflow/example_dags/example_branch_operator.py
[2024-10-30T16:24:53.477+0000] {processor.py:650} INFO - DAG(s) dict_keys(['example_branch_operator']) retrieved from /home/airflow/.local/lib/python3.7/site-packages/airflow/example_dags/example_branch_operator.py
[2024-10-30T16:24:53.503+0000] {logging_mixin.py:115} INFO - [2024-10-30T16:24:53.503+0000] {dag.py:2429} INFO - Sync 1 DAGs
[2024-10-30T16:24:53.524+0000] {logging_mixin.py:115} INFO - [2024-10-30T16:24:53.524+0000] {dag.py:2981} INFO - Setting next_dagrun for example_branch_operator to 2024-10-29T00:00:00+00:00, run_after=2024-10-30T00:00:00+00:00
[2024-10-30T16:24:53.535+0000] {processor.py:161} INFO - Processing /home/airflow/.local/lib/python3.7/site-packages/airflow/example_dags/example_branch_operator.py took 0.070 seconds
[2024-10-30T16:25:24.209+0000] {processor.py:153} INFO - Started process (PID=1733) to work on /home/airflow/.local/lib/python3.7/site-packages/airflow/example_dags/example_branch_operator.py
[2024-10-30T16:25:24.210+0000] {processor.py:640} INFO - Processing file /home/airflow/.local/lib/python3.7/site-packages/airflow/example_dags/example_branch_operator.py for tasks to queue
[2024-10-30T16:25:24.211+0000] {logging_mixin.py:115} INFO - [2024-10-30T16:25:24.210+0000] {dagbag.py:508} INFO - Filling up the DagBag from /home/airflow/.local/lib/python3.7/site-packages/airflow/example_dags/example_branch_operator.py
[2024-10-30T16:25:24.218+0000] {processor.py:650} INFO - DAG(s) dict_keys(['example_branch_operator']) retrieved from /home/airflow/.local/lib/python3.7/site-packages/airflow/example_dags/example_branch_operator.py
[2024-10-30T16:25:24.236+0000] {logging_mixin.py:115} INFO - [2024-10-30T16:25:24.236+0000] {dag.py:2429} INFO - Sync 1 DAGs
[2024-10-30T16:25:24.250+0000] {logging_mixin.py:115} INFO - [2024-10-30T16:25:24.250+0000] {dag.py:2981} INFO - Setting next_dagrun for example_branch_operator to 2024-10-29T00:00:00+00:00, run_after=2024-10-30T00:00:00+00:00
[2024-10-30T16:25:24.258+0000] {processor.py:161} INFO - Processing /home/airflow/.local/lib/python3.7/site-packages/airflow/example_dags/example_branch_operator.py took 0.051 seconds
[2024-10-30T16:25:54.734+0000] {processor.py:153} INFO - Started process (PID=1796) to work on /home/airflow/.local/lib/python3.7/site-packages/airflow/example_dags/example_branch_operator.py
[2024-10-30T16:25:54.735+0000] {processor.py:640} INFO - Processing file /home/airflow/.local/lib/python3.7/site-packages/airflow/example_dags/example_branch_operator.py for tasks to queue
[2024-10-30T16:25:54.736+0000] {logging_mixin.py:115} INFO - [2024-10-30T16:25:54.736+0000] {dagbag.py:508} INFO - Filling up the DagBag from /home/airflow/.local/lib/python3.7/site-packages/airflow/example_dags/example_branch_operator.py
[2024-10-30T16:25:54.748+0000] {processor.py:650} INFO - DAG(s) dict_keys(['example_branch_operator']) retrieved from /home/airflow/.local/lib/python3.7/site-packages/airflow/example_dags/example_branch_operator.py
[2024-10-30T16:25:54.778+0000] {logging_mixin.py:115} INFO - [2024-10-30T16:25:54.777+0000] {dag.py:2429} INFO - Sync 1 DAGs
[2024-10-30T16:25:54.801+0000] {logging_mixin.py:115} INFO - [2024-10-30T16:25:54.801+0000] {dag.py:2981} INFO - Setting next_dagrun for example_branch_operator to 2024-10-29T00:00:00+00:00, run_after=2024-10-30T00:00:00+00:00
[2024-10-30T16:25:54.812+0000] {processor.py:161} INFO - Processing /home/airflow/.local/lib/python3.7/site-packages/airflow/example_dags/example_branch_operator.py took 0.081 seconds
[2024-10-30T16:26:25.773+0000] {processor.py:153} INFO - Started process (PID=1851) to work on /home/airflow/.local/lib/python3.7/site-packages/airflow/example_dags/example_branch_operator.py
[2024-10-30T16:26:25.774+0000] {processor.py:640} INFO - Processing file /home/airflow/.local/lib/python3.7/site-packages/airflow/example_dags/example_branch_operator.py for tasks to queue
[2024-10-30T16:26:25.775+0000] {logging_mixin.py:115} INFO - [2024-10-30T16:26:25.775+0000] {dagbag.py:508} INFO - Filling up the DagBag from /home/airflow/.local/lib/python3.7/site-packages/airflow/example_dags/example_branch_operator.py
[2024-10-30T16:26:25.785+0000] {processor.py:650} INFO - DAG(s) dict_keys(['example_branch_operator']) retrieved from /home/airflow/.local/lib/python3.7/site-packages/airflow/example_dags/example_branch_operator.py
[2024-10-30T16:26:25.805+0000] {logging_mixin.py:115} INFO - [2024-10-30T16:26:25.805+0000] {dag.py:2429} INFO - Sync 1 DAGs
[2024-10-30T16:26:25.824+0000] {logging_mixin.py:115} INFO - [2024-10-30T16:26:25.824+0000] {dag.py:2981} INFO - Setting next_dagrun for example_branch_operator to 2024-10-29T00:00:00+00:00, run_after=2024-10-30T00:00:00+00:00
[2024-10-30T16:26:25.833+0000] {processor.py:161} INFO - Processing /home/airflow/.local/lib/python3.7/site-packages/airflow/example_dags/example_branch_operator.py took 0.063 seconds
[2024-10-30T16:26:56.503+0000] {processor.py:153} INFO - Started process (PID=1915) to work on /home/airflow/.local/lib/python3.7/site-packages/airflow/example_dags/example_branch_operator.py
[2024-10-30T16:26:56.504+0000] {processor.py:640} INFO - Processing file /home/airflow/.local/lib/python3.7/site-packages/airflow/example_dags/example_branch_operator.py for tasks to queue
[2024-10-30T16:26:56.504+0000] {logging_mixin.py:115} INFO - [2024-10-30T16:26:56.504+0000] {dagbag.py:508} INFO - Filling up the DagBag from /home/airflow/.local/lib/python3.7/site-packages/airflow/example_dags/example_branch_operator.py
[2024-10-30T16:26:56.514+0000] {processor.py:650} INFO - DAG(s) dict_keys(['example_branch_operator']) retrieved from /home/airflow/.local/lib/python3.7/site-packages/airflow/example_dags/example_branch_operator.py
[2024-10-30T16:26:56.530+0000] {logging_mixin.py:115} INFO - [2024-10-30T16:26:56.530+0000] {dag.py:2429} INFO - Sync 1 DAGs
[2024-10-30T16:26:56.546+0000] {logging_mixin.py:115} INFO - [2024-10-30T16:26:56.546+0000] {dag.py:2981} INFO - Setting next_dagrun for example_branch_operator to 2024-10-29T00:00:00+00:00, run_after=2024-10-30T00:00:00+00:00
[2024-10-30T16:26:56.555+0000] {processor.py:161} INFO - Processing /home/airflow/.local/lib/python3.7/site-packages/airflow/example_dags/example_branch_operator.py took 0.054 seconds
