[2024-10-30T16:11:04.801+0000] {processor.py:153} INFO - Started process (PID=54) to work on /home/airflow/.local/lib/python3.7/site-packages/airflow/example_dags/example_branch_day_of_week_operator.py
[2024-10-30T16:11:04.802+0000] {processor.py:640} INFO - Processing file /home/airflow/.local/lib/python3.7/site-packages/airflow/example_dags/example_branch_day_of_week_operator.py for tasks to queue
[2024-10-30T16:11:04.803+0000] {logging_mixin.py:115} INFO - [2024-10-30T16:11:04.802+0000] {dagbag.py:508} INFO - Filling up the DagBag from /home/airflow/.local/lib/python3.7/site-packages/airflow/example_dags/example_branch_day_of_week_operator.py
[2024-10-30T16:11:04.813+0000] {processor.py:650} INFO - DAG(s) dict_keys(['example_weekday_branch_operator']) retrieved from /home/airflow/.local/lib/python3.7/site-packages/airflow/example_dags/example_branch_day_of_week_operator.py
[2024-10-30T16:11:04.905+0000] {logging_mixin.py:115} INFO - [2024-10-30T16:11:04.905+0000] {manager.py:508} INFO - Created Permission View: can delete on DAG:example_weekday_branch_operator
[2024-10-30T16:11:04.914+0000] {logging_mixin.py:115} INFO - [2024-10-30T16:11:04.914+0000] {manager.py:508} INFO - Created Permission View: can read on DAG:example_weekday_branch_operator
[2024-10-30T16:11:04.922+0000] {logging_mixin.py:115} INFO - [2024-10-30T16:11:04.922+0000] {manager.py:508} INFO - Created Permission View: can edit on DAG:example_weekday_branch_operator
[2024-10-30T16:11:04.923+0000] {logging_mixin.py:115} INFO - [2024-10-30T16:11:04.923+0000] {dag.py:2429} INFO - Sync 1 DAGs
[2024-10-30T16:11:04.930+0000] {logging_mixin.py:115} INFO - [2024-10-30T16:11:04.930+0000] {dag.py:2448} INFO - Creating ORM DAG for example_weekday_branch_operator
[2024-10-30T16:11:04.944+0000] {logging_mixin.py:115} INFO - [2024-10-30T16:11:04.944+0000] {dag.py:2981} INFO - Setting next_dagrun for example_weekday_branch_operator to 2024-10-29T00:00:00+00:00, run_after=2024-10-30T00:00:00+00:00
[2024-10-30T16:11:04.959+0000] {processor.py:161} INFO - Processing /home/airflow/.local/lib/python3.7/site-packages/airflow/example_dags/example_branch_day_of_week_operator.py took 0.161 seconds
[2024-10-30T16:11:35.081+0000] {processor.py:153} INFO - Started process (PID=116) to work on /home/airflow/.local/lib/python3.7/site-packages/airflow/example_dags/example_branch_day_of_week_operator.py
[2024-10-30T16:11:35.082+0000] {processor.py:640} INFO - Processing file /home/airflow/.local/lib/python3.7/site-packages/airflow/example_dags/example_branch_day_of_week_operator.py for tasks to queue
[2024-10-30T16:11:35.083+0000] {logging_mixin.py:115} INFO - [2024-10-30T16:11:35.082+0000] {dagbag.py:508} INFO - Filling up the DagBag from /home/airflow/.local/lib/python3.7/site-packages/airflow/example_dags/example_branch_day_of_week_operator.py
[2024-10-30T16:11:35.091+0000] {processor.py:650} INFO - DAG(s) dict_keys(['example_weekday_branch_operator']) retrieved from /home/airflow/.local/lib/python3.7/site-packages/airflow/example_dags/example_branch_day_of_week_operator.py
[2024-10-30T16:11:35.112+0000] {logging_mixin.py:115} INFO - [2024-10-30T16:11:35.112+0000] {dag.py:2429} INFO - Sync 1 DAGs
[2024-10-30T16:11:35.133+0000] {logging_mixin.py:115} INFO - [2024-10-30T16:11:35.132+0000] {dag.py:2981} INFO - Setting next_dagrun for example_weekday_branch_operator to 2024-10-29T00:00:00+00:00, run_after=2024-10-30T00:00:00+00:00
[2024-10-30T16:11:35.142+0000] {processor.py:161} INFO - Processing /home/airflow/.local/lib/python3.7/site-packages/airflow/example_dags/example_branch_day_of_week_operator.py took 0.064 seconds
[2024-10-30T16:12:05.693+0000] {processor.py:153} INFO - Started process (PID=169) to work on /home/airflow/.local/lib/python3.7/site-packages/airflow/example_dags/example_branch_day_of_week_operator.py
[2024-10-30T16:12:05.694+0000] {processor.py:640} INFO - Processing file /home/airflow/.local/lib/python3.7/site-packages/airflow/example_dags/example_branch_day_of_week_operator.py for tasks to queue
[2024-10-30T16:12:05.695+0000] {logging_mixin.py:115} INFO - [2024-10-30T16:12:05.695+0000] {dagbag.py:508} INFO - Filling up the DagBag from /home/airflow/.local/lib/python3.7/site-packages/airflow/example_dags/example_branch_day_of_week_operator.py
[2024-10-30T16:12:05.702+0000] {processor.py:650} INFO - DAG(s) dict_keys(['example_weekday_branch_operator']) retrieved from /home/airflow/.local/lib/python3.7/site-packages/airflow/example_dags/example_branch_day_of_week_operator.py
[2024-10-30T16:12:05.722+0000] {logging_mixin.py:115} INFO - [2024-10-30T16:12:05.722+0000] {dag.py:2429} INFO - Sync 1 DAGs
[2024-10-30T16:12:05.741+0000] {logging_mixin.py:115} INFO - [2024-10-30T16:12:05.740+0000] {dag.py:2981} INFO - Setting next_dagrun for example_weekday_branch_operator to 2024-10-29T00:00:00+00:00, run_after=2024-10-30T00:00:00+00:00
[2024-10-30T16:12:05.749+0000] {processor.py:161} INFO - Processing /home/airflow/.local/lib/python3.7/site-packages/airflow/example_dags/example_branch_day_of_week_operator.py took 0.057 seconds
[2024-10-30T16:12:36.306+0000] {processor.py:153} INFO - Started process (PID=232) to work on /home/airflow/.local/lib/python3.7/site-packages/airflow/example_dags/example_branch_day_of_week_operator.py
[2024-10-30T16:12:36.306+0000] {processor.py:640} INFO - Processing file /home/airflow/.local/lib/python3.7/site-packages/airflow/example_dags/example_branch_day_of_week_operator.py for tasks to queue
[2024-10-30T16:12:36.307+0000] {logging_mixin.py:115} INFO - [2024-10-30T16:12:36.307+0000] {dagbag.py:508} INFO - Filling up the DagBag from /home/airflow/.local/lib/python3.7/site-packages/airflow/example_dags/example_branch_day_of_week_operator.py
[2024-10-30T16:12:36.312+0000] {processor.py:650} INFO - DAG(s) dict_keys(['example_weekday_branch_operator']) retrieved from /home/airflow/.local/lib/python3.7/site-packages/airflow/example_dags/example_branch_day_of_week_operator.py
[2024-10-30T16:12:36.330+0000] {logging_mixin.py:115} INFO - [2024-10-30T16:12:36.330+0000] {dag.py:2429} INFO - Sync 1 DAGs
[2024-10-30T16:12:36.345+0000] {logging_mixin.py:115} INFO - [2024-10-30T16:12:36.345+0000] {dag.py:2981} INFO - Setting next_dagrun for example_weekday_branch_operator to 2024-10-29T00:00:00+00:00, run_after=2024-10-30T00:00:00+00:00
[2024-10-30T16:12:36.354+0000] {processor.py:161} INFO - Processing /home/airflow/.local/lib/python3.7/site-packages/airflow/example_dags/example_branch_day_of_week_operator.py took 0.051 seconds
[2024-10-30T16:13:06.814+0000] {processor.py:153} INFO - Started process (PID=294) to work on /home/airflow/.local/lib/python3.7/site-packages/airflow/example_dags/example_branch_day_of_week_operator.py
[2024-10-30T16:13:06.815+0000] {processor.py:640} INFO - Processing file /home/airflow/.local/lib/python3.7/site-packages/airflow/example_dags/example_branch_day_of_week_operator.py for tasks to queue
[2024-10-30T16:13:06.816+0000] {logging_mixin.py:115} INFO - [2024-10-30T16:13:06.816+0000] {dagbag.py:508} INFO - Filling up the DagBag from /home/airflow/.local/lib/python3.7/site-packages/airflow/example_dags/example_branch_day_of_week_operator.py
[2024-10-30T16:13:06.823+0000] {processor.py:650} INFO - DAG(s) dict_keys(['example_weekday_branch_operator']) retrieved from /home/airflow/.local/lib/python3.7/site-packages/airflow/example_dags/example_branch_day_of_week_operator.py
[2024-10-30T16:13:06.841+0000] {logging_mixin.py:115} INFO - [2024-10-30T16:13:06.841+0000] {dag.py:2429} INFO - Sync 1 DAGs
[2024-10-30T16:13:06.860+0000] {logging_mixin.py:115} INFO - [2024-10-30T16:13:06.860+0000] {dag.py:2981} INFO - Setting next_dagrun for example_weekday_branch_operator to 2024-10-29T00:00:00+00:00, run_after=2024-10-30T00:00:00+00:00
[2024-10-30T16:13:06.867+0000] {processor.py:161} INFO - Processing /home/airflow/.local/lib/python3.7/site-packages/airflow/example_dags/example_branch_day_of_week_operator.py took 0.056 seconds
[2024-10-30T16:13:37.367+0000] {processor.py:153} INFO - Started process (PID=357) to work on /home/airflow/.local/lib/python3.7/site-packages/airflow/example_dags/example_branch_day_of_week_operator.py
[2024-10-30T16:13:37.368+0000] {processor.py:640} INFO - Processing file /home/airflow/.local/lib/python3.7/site-packages/airflow/example_dags/example_branch_day_of_week_operator.py for tasks to queue
[2024-10-30T16:13:37.368+0000] {logging_mixin.py:115} INFO - [2024-10-30T16:13:37.368+0000] {dagbag.py:508} INFO - Filling up the DagBag from /home/airflow/.local/lib/python3.7/site-packages/airflow/example_dags/example_branch_day_of_week_operator.py
[2024-10-30T16:13:37.374+0000] {processor.py:650} INFO - DAG(s) dict_keys(['example_weekday_branch_operator']) retrieved from /home/airflow/.local/lib/python3.7/site-packages/airflow/example_dags/example_branch_day_of_week_operator.py
[2024-10-30T16:13:37.393+0000] {logging_mixin.py:115} INFO - [2024-10-30T16:13:37.393+0000] {dag.py:2429} INFO - Sync 1 DAGs
[2024-10-30T16:13:37.412+0000] {logging_mixin.py:115} INFO - [2024-10-30T16:13:37.412+0000] {dag.py:2981} INFO - Setting next_dagrun for example_weekday_branch_operator to 2024-10-29T00:00:00+00:00, run_after=2024-10-30T00:00:00+00:00
[2024-10-30T16:13:37.422+0000] {processor.py:161} INFO - Processing /home/airflow/.local/lib/python3.7/site-packages/airflow/example_dags/example_branch_day_of_week_operator.py took 0.057 seconds
[2024-10-30T16:14:08.223+0000] {processor.py:153} INFO - Started process (PID=410) to work on /home/airflow/.local/lib/python3.7/site-packages/airflow/example_dags/example_branch_day_of_week_operator.py
[2024-10-30T16:14:08.224+0000] {processor.py:640} INFO - Processing file /home/airflow/.local/lib/python3.7/site-packages/airflow/example_dags/example_branch_day_of_week_operator.py for tasks to queue
[2024-10-30T16:14:08.225+0000] {logging_mixin.py:115} INFO - [2024-10-30T16:14:08.224+0000] {dagbag.py:508} INFO - Filling up the DagBag from /home/airflow/.local/lib/python3.7/site-packages/airflow/example_dags/example_branch_day_of_week_operator.py
[2024-10-30T16:14:08.229+0000] {processor.py:650} INFO - DAG(s) dict_keys(['example_weekday_branch_operator']) retrieved from /home/airflow/.local/lib/python3.7/site-packages/airflow/example_dags/example_branch_day_of_week_operator.py
[2024-10-30T16:14:08.248+0000] {logging_mixin.py:115} INFO - [2024-10-30T16:14:08.248+0000] {dag.py:2429} INFO - Sync 1 DAGs
[2024-10-30T16:14:08.267+0000] {logging_mixin.py:115} INFO - [2024-10-30T16:14:08.266+0000] {dag.py:2981} INFO - Setting next_dagrun for example_weekday_branch_operator to 2024-10-29T00:00:00+00:00, run_after=2024-10-30T00:00:00+00:00
[2024-10-30T16:14:08.276+0000] {processor.py:161} INFO - Processing /home/airflow/.local/lib/python3.7/site-packages/airflow/example_dags/example_branch_day_of_week_operator.py took 0.054 seconds
[2024-10-30T16:14:39.031+0000] {processor.py:153} INFO - Started process (PID=472) to work on /home/airflow/.local/lib/python3.7/site-packages/airflow/example_dags/example_branch_day_of_week_operator.py
[2024-10-30T16:14:39.031+0000] {processor.py:640} INFO - Processing file /home/airflow/.local/lib/python3.7/site-packages/airflow/example_dags/example_branch_day_of_week_operator.py for tasks to queue
[2024-10-30T16:14:39.032+0000] {logging_mixin.py:115} INFO - [2024-10-30T16:14:39.032+0000] {dagbag.py:508} INFO - Filling up the DagBag from /home/airflow/.local/lib/python3.7/site-packages/airflow/example_dags/example_branch_day_of_week_operator.py
[2024-10-30T16:14:39.039+0000] {processor.py:650} INFO - DAG(s) dict_keys(['example_weekday_branch_operator']) retrieved from /home/airflow/.local/lib/python3.7/site-packages/airflow/example_dags/example_branch_day_of_week_operator.py
[2024-10-30T16:14:39.056+0000] {logging_mixin.py:115} INFO - [2024-10-30T16:14:39.056+0000] {dag.py:2429} INFO - Sync 1 DAGs
[2024-10-30T16:14:39.073+0000] {logging_mixin.py:115} INFO - [2024-10-30T16:14:39.073+0000] {dag.py:2981} INFO - Setting next_dagrun for example_weekday_branch_operator to 2024-10-29T00:00:00+00:00, run_after=2024-10-30T00:00:00+00:00
[2024-10-30T16:14:39.081+0000] {processor.py:161} INFO - Processing /home/airflow/.local/lib/python3.7/site-packages/airflow/example_dags/example_branch_day_of_week_operator.py took 0.052 seconds
[2024-10-30T16:15:09.762+0000] {processor.py:153} INFO - Started process (PID=534) to work on /home/airflow/.local/lib/python3.7/site-packages/airflow/example_dags/example_branch_day_of_week_operator.py
[2024-10-30T16:15:09.762+0000] {processor.py:640} INFO - Processing file /home/airflow/.local/lib/python3.7/site-packages/airflow/example_dags/example_branch_day_of_week_operator.py for tasks to queue
[2024-10-30T16:15:09.763+0000] {logging_mixin.py:115} INFO - [2024-10-30T16:15:09.763+0000] {dagbag.py:508} INFO - Filling up the DagBag from /home/airflow/.local/lib/python3.7/site-packages/airflow/example_dags/example_branch_day_of_week_operator.py
[2024-10-30T16:15:09.772+0000] {processor.py:650} INFO - DAG(s) dict_keys(['example_weekday_branch_operator']) retrieved from /home/airflow/.local/lib/python3.7/site-packages/airflow/example_dags/example_branch_day_of_week_operator.py
[2024-10-30T16:15:09.789+0000] {logging_mixin.py:115} INFO - [2024-10-30T16:15:09.789+0000] {dag.py:2429} INFO - Sync 1 DAGs
[2024-10-30T16:15:09.803+0000] {logging_mixin.py:115} INFO - [2024-10-30T16:15:09.803+0000] {dag.py:2981} INFO - Setting next_dagrun for example_weekday_branch_operator to 2024-10-29T00:00:00+00:00, run_after=2024-10-30T00:00:00+00:00
[2024-10-30T16:15:09.811+0000] {processor.py:161} INFO - Processing /home/airflow/.local/lib/python3.7/site-packages/airflow/example_dags/example_branch_day_of_week_operator.py took 0.052 seconds
[2024-10-30T16:15:40.281+0000] {processor.py:153} INFO - Started process (PID=596) to work on /home/airflow/.local/lib/python3.7/site-packages/airflow/example_dags/example_branch_day_of_week_operator.py
[2024-10-30T16:15:40.281+0000] {processor.py:640} INFO - Processing file /home/airflow/.local/lib/python3.7/site-packages/airflow/example_dags/example_branch_day_of_week_operator.py for tasks to queue
[2024-10-30T16:15:40.282+0000] {logging_mixin.py:115} INFO - [2024-10-30T16:15:40.282+0000] {dagbag.py:508} INFO - Filling up the DagBag from /home/airflow/.local/lib/python3.7/site-packages/airflow/example_dags/example_branch_day_of_week_operator.py
[2024-10-30T16:15:40.288+0000] {processor.py:650} INFO - DAG(s) dict_keys(['example_weekday_branch_operator']) retrieved from /home/airflow/.local/lib/python3.7/site-packages/airflow/example_dags/example_branch_day_of_week_operator.py
[2024-10-30T16:15:40.306+0000] {logging_mixin.py:115} INFO - [2024-10-30T16:15:40.306+0000] {dag.py:2429} INFO - Sync 1 DAGs
[2024-10-30T16:15:40.324+0000] {logging_mixin.py:115} INFO - [2024-10-30T16:15:40.324+0000] {dag.py:2981} INFO - Setting next_dagrun for example_weekday_branch_operator to 2024-10-29T00:00:00+00:00, run_after=2024-10-30T00:00:00+00:00
[2024-10-30T16:15:40.332+0000] {processor.py:161} INFO - Processing /home/airflow/.local/lib/python3.7/site-packages/airflow/example_dags/example_branch_day_of_week_operator.py took 0.054 seconds
[2024-10-30T16:16:11.175+0000] {processor.py:153} INFO - Started process (PID=649) to work on /home/airflow/.local/lib/python3.7/site-packages/airflow/example_dags/example_branch_day_of_week_operator.py
[2024-10-30T16:16:11.176+0000] {processor.py:640} INFO - Processing file /home/airflow/.local/lib/python3.7/site-packages/airflow/example_dags/example_branch_day_of_week_operator.py for tasks to queue
[2024-10-30T16:16:11.176+0000] {logging_mixin.py:115} INFO - [2024-10-30T16:16:11.176+0000] {dagbag.py:508} INFO - Filling up the DagBag from /home/airflow/.local/lib/python3.7/site-packages/airflow/example_dags/example_branch_day_of_week_operator.py
[2024-10-30T16:16:11.182+0000] {processor.py:650} INFO - DAG(s) dict_keys(['example_weekday_branch_operator']) retrieved from /home/airflow/.local/lib/python3.7/site-packages/airflow/example_dags/example_branch_day_of_week_operator.py
[2024-10-30T16:16:11.201+0000] {logging_mixin.py:115} INFO - [2024-10-30T16:16:11.201+0000] {dag.py:2429} INFO - Sync 1 DAGs
[2024-10-30T16:16:11.222+0000] {logging_mixin.py:115} INFO - [2024-10-30T16:16:11.221+0000] {dag.py:2981} INFO - Setting next_dagrun for example_weekday_branch_operator to 2024-10-29T00:00:00+00:00, run_after=2024-10-30T00:00:00+00:00
[2024-10-30T16:16:11.231+0000] {processor.py:161} INFO - Processing /home/airflow/.local/lib/python3.7/site-packages/airflow/example_dags/example_branch_day_of_week_operator.py took 0.057 seconds
[2024-10-30T16:16:41.855+0000] {processor.py:153} INFO - Started process (PID=711) to work on /home/airflow/.local/lib/python3.7/site-packages/airflow/example_dags/example_branch_day_of_week_operator.py
[2024-10-30T16:16:41.856+0000] {processor.py:640} INFO - Processing file /home/airflow/.local/lib/python3.7/site-packages/airflow/example_dags/example_branch_day_of_week_operator.py for tasks to queue
[2024-10-30T16:16:41.856+0000] {logging_mixin.py:115} INFO - [2024-10-30T16:16:41.856+0000] {dagbag.py:508} INFO - Filling up the DagBag from /home/airflow/.local/lib/python3.7/site-packages/airflow/example_dags/example_branch_day_of_week_operator.py
[2024-10-30T16:16:41.863+0000] {processor.py:650} INFO - DAG(s) dict_keys(['example_weekday_branch_operator']) retrieved from /home/airflow/.local/lib/python3.7/site-packages/airflow/example_dags/example_branch_day_of_week_operator.py
[2024-10-30T16:16:41.880+0000] {logging_mixin.py:115} INFO - [2024-10-30T16:16:41.880+0000] {dag.py:2429} INFO - Sync 1 DAGs
[2024-10-30T16:16:41.897+0000] {logging_mixin.py:115} INFO - [2024-10-30T16:16:41.897+0000] {dag.py:2981} INFO - Setting next_dagrun for example_weekday_branch_operator to 2024-10-29T00:00:00+00:00, run_after=2024-10-30T00:00:00+00:00
[2024-10-30T16:16:41.906+0000] {processor.py:161} INFO - Processing /home/airflow/.local/lib/python3.7/site-packages/airflow/example_dags/example_branch_day_of_week_operator.py took 0.052 seconds
[2024-10-30T16:17:12.686+0000] {processor.py:153} INFO - Started process (PID=773) to work on /home/airflow/.local/lib/python3.7/site-packages/airflow/example_dags/example_branch_day_of_week_operator.py
[2024-10-30T16:17:12.686+0000] {processor.py:640} INFO - Processing file /home/airflow/.local/lib/python3.7/site-packages/airflow/example_dags/example_branch_day_of_week_operator.py for tasks to queue
[2024-10-30T16:17:12.687+0000] {logging_mixin.py:115} INFO - [2024-10-30T16:17:12.687+0000] {dagbag.py:508} INFO - Filling up the DagBag from /home/airflow/.local/lib/python3.7/site-packages/airflow/example_dags/example_branch_day_of_week_operator.py
[2024-10-30T16:17:12.693+0000] {processor.py:650} INFO - DAG(s) dict_keys(['example_weekday_branch_operator']) retrieved from /home/airflow/.local/lib/python3.7/site-packages/airflow/example_dags/example_branch_day_of_week_operator.py
[2024-10-30T16:17:12.714+0000] {logging_mixin.py:115} INFO - [2024-10-30T16:17:12.714+0000] {dag.py:2429} INFO - Sync 1 DAGs
[2024-10-30T16:17:12.736+0000] {logging_mixin.py:115} INFO - [2024-10-30T16:17:12.736+0000] {dag.py:2981} INFO - Setting next_dagrun for example_weekday_branch_operator to 2024-10-29T00:00:00+00:00, run_after=2024-10-30T00:00:00+00:00
[2024-10-30T16:17:12.745+0000] {processor.py:161} INFO - Processing /home/airflow/.local/lib/python3.7/site-packages/airflow/example_dags/example_branch_day_of_week_operator.py took 0.063 seconds
[2024-10-30T16:17:43.490+0000] {processor.py:153} INFO - Started process (PID=835) to work on /home/airflow/.local/lib/python3.7/site-packages/airflow/example_dags/example_branch_day_of_week_operator.py
[2024-10-30T16:17:43.490+0000] {processor.py:640} INFO - Processing file /home/airflow/.local/lib/python3.7/site-packages/airflow/example_dags/example_branch_day_of_week_operator.py for tasks to queue
[2024-10-30T16:17:43.491+0000] {logging_mixin.py:115} INFO - [2024-10-30T16:17:43.491+0000] {dagbag.py:508} INFO - Filling up the DagBag from /home/airflow/.local/lib/python3.7/site-packages/airflow/example_dags/example_branch_day_of_week_operator.py
[2024-10-30T16:17:43.497+0000] {processor.py:650} INFO - DAG(s) dict_keys(['example_weekday_branch_operator']) retrieved from /home/airflow/.local/lib/python3.7/site-packages/airflow/example_dags/example_branch_day_of_week_operator.py
[2024-10-30T16:17:43.520+0000] {logging_mixin.py:115} INFO - [2024-10-30T16:17:43.520+0000] {dag.py:2429} INFO - Sync 1 DAGs
[2024-10-30T16:17:43.539+0000] {logging_mixin.py:115} INFO - [2024-10-30T16:17:43.539+0000] {dag.py:2981} INFO - Setting next_dagrun for example_weekday_branch_operator to 2024-10-29T00:00:00+00:00, run_after=2024-10-30T00:00:00+00:00
[2024-10-30T16:17:43.548+0000] {processor.py:161} INFO - Processing /home/airflow/.local/lib/python3.7/site-packages/airflow/example_dags/example_branch_day_of_week_operator.py took 0.060 seconds
[2024-10-30T16:18:14.010+0000] {processor.py:153} INFO - Started process (PID=888) to work on /home/airflow/.local/lib/python3.7/site-packages/airflow/example_dags/example_branch_day_of_week_operator.py
[2024-10-30T16:18:14.010+0000] {processor.py:640} INFO - Processing file /home/airflow/.local/lib/python3.7/site-packages/airflow/example_dags/example_branch_day_of_week_operator.py for tasks to queue
[2024-10-30T16:18:14.011+0000] {logging_mixin.py:115} INFO - [2024-10-30T16:18:14.011+0000] {dagbag.py:508} INFO - Filling up the DagBag from /home/airflow/.local/lib/python3.7/site-packages/airflow/example_dags/example_branch_day_of_week_operator.py
[2024-10-30T16:18:14.017+0000] {processor.py:650} INFO - DAG(s) dict_keys(['example_weekday_branch_operator']) retrieved from /home/airflow/.local/lib/python3.7/site-packages/airflow/example_dags/example_branch_day_of_week_operator.py
[2024-10-30T16:18:14.035+0000] {logging_mixin.py:115} INFO - [2024-10-30T16:18:14.035+0000] {dag.py:2429} INFO - Sync 1 DAGs
[2024-10-30T16:18:14.056+0000] {logging_mixin.py:115} INFO - [2024-10-30T16:18:14.056+0000] {dag.py:2981} INFO - Setting next_dagrun for example_weekday_branch_operator to 2024-10-29T00:00:00+00:00, run_after=2024-10-30T00:00:00+00:00
[2024-10-30T16:18:14.063+0000] {processor.py:161} INFO - Processing /home/airflow/.local/lib/python3.7/site-packages/airflow/example_dags/example_branch_day_of_week_operator.py took 0.056 seconds
[2024-10-30T16:18:44.581+0000] {processor.py:153} INFO - Started process (PID=950) to work on /home/airflow/.local/lib/python3.7/site-packages/airflow/example_dags/example_branch_day_of_week_operator.py
[2024-10-30T16:18:44.582+0000] {processor.py:640} INFO - Processing file /home/airflow/.local/lib/python3.7/site-packages/airflow/example_dags/example_branch_day_of_week_operator.py for tasks to queue
[2024-10-30T16:18:44.583+0000] {logging_mixin.py:115} INFO - [2024-10-30T16:18:44.583+0000] {dagbag.py:508} INFO - Filling up the DagBag from /home/airflow/.local/lib/python3.7/site-packages/airflow/example_dags/example_branch_day_of_week_operator.py
[2024-10-30T16:18:44.589+0000] {processor.py:650} INFO - DAG(s) dict_keys(['example_weekday_branch_operator']) retrieved from /home/airflow/.local/lib/python3.7/site-packages/airflow/example_dags/example_branch_day_of_week_operator.py
[2024-10-30T16:18:44.609+0000] {logging_mixin.py:115} INFO - [2024-10-30T16:18:44.609+0000] {dag.py:2429} INFO - Sync 1 DAGs
[2024-10-30T16:18:44.628+0000] {logging_mixin.py:115} INFO - [2024-10-30T16:18:44.628+0000] {dag.py:2981} INFO - Setting next_dagrun for example_weekday_branch_operator to 2024-10-29T00:00:00+00:00, run_after=2024-10-30T00:00:00+00:00
[2024-10-30T16:18:44.637+0000] {processor.py:161} INFO - Processing /home/airflow/.local/lib/python3.7/site-packages/airflow/example_dags/example_branch_day_of_week_operator.py took 0.057 seconds
[2024-10-30T16:19:15.188+0000] {processor.py:153} INFO - Started process (PID=1012) to work on /home/airflow/.local/lib/python3.7/site-packages/airflow/example_dags/example_branch_day_of_week_operator.py
[2024-10-30T16:19:15.189+0000] {processor.py:640} INFO - Processing file /home/airflow/.local/lib/python3.7/site-packages/airflow/example_dags/example_branch_day_of_week_operator.py for tasks to queue
[2024-10-30T16:19:15.189+0000] {logging_mixin.py:115} INFO - [2024-10-30T16:19:15.189+0000] {dagbag.py:508} INFO - Filling up the DagBag from /home/airflow/.local/lib/python3.7/site-packages/airflow/example_dags/example_branch_day_of_week_operator.py
[2024-10-30T16:19:15.194+0000] {processor.py:650} INFO - DAG(s) dict_keys(['example_weekday_branch_operator']) retrieved from /home/airflow/.local/lib/python3.7/site-packages/airflow/example_dags/example_branch_day_of_week_operator.py
[2024-10-30T16:19:15.214+0000] {logging_mixin.py:115} INFO - [2024-10-30T16:19:15.213+0000] {dag.py:2429} INFO - Sync 1 DAGs
[2024-10-30T16:19:15.228+0000] {logging_mixin.py:115} INFO - [2024-10-30T16:19:15.228+0000] {dag.py:2981} INFO - Setting next_dagrun for example_weekday_branch_operator to 2024-10-29T00:00:00+00:00, run_after=2024-10-30T00:00:00+00:00
[2024-10-30T16:19:15.241+0000] {processor.py:161} INFO - Processing /home/airflow/.local/lib/python3.7/site-packages/airflow/example_dags/example_branch_day_of_week_operator.py took 0.056 seconds
[2024-10-30T16:19:45.820+0000] {processor.py:153} INFO - Started process (PID=1072) to work on /home/airflow/.local/lib/python3.7/site-packages/airflow/example_dags/example_branch_day_of_week_operator.py
[2024-10-30T16:19:45.821+0000] {processor.py:640} INFO - Processing file /home/airflow/.local/lib/python3.7/site-packages/airflow/example_dags/example_branch_day_of_week_operator.py for tasks to queue
[2024-10-30T16:19:45.821+0000] {logging_mixin.py:115} INFO - [2024-10-30T16:19:45.821+0000] {dagbag.py:508} INFO - Filling up the DagBag from /home/airflow/.local/lib/python3.7/site-packages/airflow/example_dags/example_branch_day_of_week_operator.py
[2024-10-30T16:19:45.828+0000] {processor.py:650} INFO - DAG(s) dict_keys(['example_weekday_branch_operator']) retrieved from /home/airflow/.local/lib/python3.7/site-packages/airflow/example_dags/example_branch_day_of_week_operator.py
[2024-10-30T16:19:45.848+0000] {logging_mixin.py:115} INFO - [2024-10-30T16:19:45.848+0000] {dag.py:2429} INFO - Sync 1 DAGs
[2024-10-30T16:19:45.869+0000] {logging_mixin.py:115} INFO - [2024-10-30T16:19:45.869+0000] {dag.py:2981} INFO - Setting next_dagrun for example_weekday_branch_operator to 2024-10-29T00:00:00+00:00, run_after=2024-10-30T00:00:00+00:00
[2024-10-30T16:19:45.877+0000] {processor.py:161} INFO - Processing /home/airflow/.local/lib/python3.7/site-packages/airflow/example_dags/example_branch_day_of_week_operator.py took 0.060 seconds
[2024-10-30T16:20:16.384+0000] {processor.py:153} INFO - Started process (PID=1127) to work on /home/airflow/.local/lib/python3.7/site-packages/airflow/example_dags/example_branch_day_of_week_operator.py
[2024-10-30T16:20:16.385+0000] {processor.py:640} INFO - Processing file /home/airflow/.local/lib/python3.7/site-packages/airflow/example_dags/example_branch_day_of_week_operator.py for tasks to queue
[2024-10-30T16:20:16.386+0000] {logging_mixin.py:115} INFO - [2024-10-30T16:20:16.386+0000] {dagbag.py:508} INFO - Filling up the DagBag from /home/airflow/.local/lib/python3.7/site-packages/airflow/example_dags/example_branch_day_of_week_operator.py
[2024-10-30T16:20:16.391+0000] {processor.py:650} INFO - DAG(s) dict_keys(['example_weekday_branch_operator']) retrieved from /home/airflow/.local/lib/python3.7/site-packages/airflow/example_dags/example_branch_day_of_week_operator.py
[2024-10-30T16:20:16.413+0000] {logging_mixin.py:115} INFO - [2024-10-30T16:20:16.413+0000] {dag.py:2429} INFO - Sync 1 DAGs
[2024-10-30T16:20:16.429+0000] {logging_mixin.py:115} INFO - [2024-10-30T16:20:16.429+0000] {dag.py:2981} INFO - Setting next_dagrun for example_weekday_branch_operator to 2024-10-29T00:00:00+00:00, run_after=2024-10-30T00:00:00+00:00
[2024-10-30T16:20:16.438+0000] {processor.py:161} INFO - Processing /home/airflow/.local/lib/python3.7/site-packages/airflow/example_dags/example_branch_day_of_week_operator.py took 0.057 seconds
[2024-10-30T16:20:46.971+0000] {processor.py:153} INFO - Started process (PID=1189) to work on /home/airflow/.local/lib/python3.7/site-packages/airflow/example_dags/example_branch_day_of_week_operator.py
[2024-10-30T16:20:46.971+0000] {processor.py:640} INFO - Processing file /home/airflow/.local/lib/python3.7/site-packages/airflow/example_dags/example_branch_day_of_week_operator.py for tasks to queue
[2024-10-30T16:20:46.972+0000] {logging_mixin.py:115} INFO - [2024-10-30T16:20:46.972+0000] {dagbag.py:508} INFO - Filling up the DagBag from /home/airflow/.local/lib/python3.7/site-packages/airflow/example_dags/example_branch_day_of_week_operator.py
[2024-10-30T16:20:46.978+0000] {processor.py:650} INFO - DAG(s) dict_keys(['example_weekday_branch_operator']) retrieved from /home/airflow/.local/lib/python3.7/site-packages/airflow/example_dags/example_branch_day_of_week_operator.py
[2024-10-30T16:20:46.996+0000] {logging_mixin.py:115} INFO - [2024-10-30T16:20:46.996+0000] {dag.py:2429} INFO - Sync 1 DAGs
[2024-10-30T16:20:47.025+0000] {logging_mixin.py:115} INFO - [2024-10-30T16:20:47.024+0000] {dag.py:2981} INFO - Setting next_dagrun for example_weekday_branch_operator to 2024-10-29T00:00:00+00:00, run_after=2024-10-30T00:00:00+00:00
[2024-10-30T16:20:47.038+0000] {processor.py:161} INFO - Processing /home/airflow/.local/lib/python3.7/site-packages/airflow/example_dags/example_branch_day_of_week_operator.py took 0.070 seconds
[2024-10-30T16:21:17.474+0000] {processor.py:153} INFO - Started process (PID=1251) to work on /home/airflow/.local/lib/python3.7/site-packages/airflow/example_dags/example_branch_day_of_week_operator.py
[2024-10-30T16:21:17.475+0000] {processor.py:640} INFO - Processing file /home/airflow/.local/lib/python3.7/site-packages/airflow/example_dags/example_branch_day_of_week_operator.py for tasks to queue
[2024-10-30T16:21:17.475+0000] {logging_mixin.py:115} INFO - [2024-10-30T16:21:17.475+0000] {dagbag.py:508} INFO - Filling up the DagBag from /home/airflow/.local/lib/python3.7/site-packages/airflow/example_dags/example_branch_day_of_week_operator.py
[2024-10-30T16:21:17.481+0000] {processor.py:650} INFO - DAG(s) dict_keys(['example_weekday_branch_operator']) retrieved from /home/airflow/.local/lib/python3.7/site-packages/airflow/example_dags/example_branch_day_of_week_operator.py
[2024-10-30T16:21:17.500+0000] {logging_mixin.py:115} INFO - [2024-10-30T16:21:17.500+0000] {dag.py:2429} INFO - Sync 1 DAGs
[2024-10-30T16:21:17.516+0000] {logging_mixin.py:115} INFO - [2024-10-30T16:21:17.516+0000] {dag.py:2981} INFO - Setting next_dagrun for example_weekday_branch_operator to 2024-10-29T00:00:00+00:00, run_after=2024-10-30T00:00:00+00:00
[2024-10-30T16:21:17.524+0000] {processor.py:161} INFO - Processing /home/airflow/.local/lib/python3.7/site-packages/airflow/example_dags/example_branch_day_of_week_operator.py took 0.052 seconds
[2024-10-30T16:21:47.882+0000] {processor.py:153} INFO - Started process (PID=1304) to work on /home/airflow/.local/lib/python3.7/site-packages/airflow/example_dags/example_branch_day_of_week_operator.py
[2024-10-30T16:21:47.882+0000] {processor.py:640} INFO - Processing file /home/airflow/.local/lib/python3.7/site-packages/airflow/example_dags/example_branch_day_of_week_operator.py for tasks to queue
[2024-10-30T16:21:47.883+0000] {logging_mixin.py:115} INFO - [2024-10-30T16:21:47.883+0000] {dagbag.py:508} INFO - Filling up the DagBag from /home/airflow/.local/lib/python3.7/site-packages/airflow/example_dags/example_branch_day_of_week_operator.py
[2024-10-30T16:21:47.889+0000] {processor.py:650} INFO - DAG(s) dict_keys(['example_weekday_branch_operator']) retrieved from /home/airflow/.local/lib/python3.7/site-packages/airflow/example_dags/example_branch_day_of_week_operator.py
[2024-10-30T16:21:47.906+0000] {logging_mixin.py:115} INFO - [2024-10-30T16:21:47.905+0000] {dag.py:2429} INFO - Sync 1 DAGs
[2024-10-30T16:21:47.921+0000] {logging_mixin.py:115} INFO - [2024-10-30T16:21:47.921+0000] {dag.py:2981} INFO - Setting next_dagrun for example_weekday_branch_operator to 2024-10-29T00:00:00+00:00, run_after=2024-10-30T00:00:00+00:00
[2024-10-30T16:21:47.928+0000] {processor.py:161} INFO - Processing /home/airflow/.local/lib/python3.7/site-packages/airflow/example_dags/example_branch_day_of_week_operator.py took 0.048 seconds
[2024-10-30T16:22:18.759+0000] {processor.py:153} INFO - Started process (PID=1366) to work on /home/airflow/.local/lib/python3.7/site-packages/airflow/example_dags/example_branch_day_of_week_operator.py
[2024-10-30T16:22:18.760+0000] {processor.py:640} INFO - Processing file /home/airflow/.local/lib/python3.7/site-packages/airflow/example_dags/example_branch_day_of_week_operator.py for tasks to queue
[2024-10-30T16:22:18.760+0000] {logging_mixin.py:115} INFO - [2024-10-30T16:22:18.760+0000] {dagbag.py:508} INFO - Filling up the DagBag from /home/airflow/.local/lib/python3.7/site-packages/airflow/example_dags/example_branch_day_of_week_operator.py
[2024-10-30T16:22:18.767+0000] {processor.py:650} INFO - DAG(s) dict_keys(['example_weekday_branch_operator']) retrieved from /home/airflow/.local/lib/python3.7/site-packages/airflow/example_dags/example_branch_day_of_week_operator.py
[2024-10-30T16:22:18.783+0000] {logging_mixin.py:115} INFO - [2024-10-30T16:22:18.783+0000] {dag.py:2429} INFO - Sync 1 DAGs
[2024-10-30T16:22:18.802+0000] {logging_mixin.py:115} INFO - [2024-10-30T16:22:18.802+0000] {dag.py:2981} INFO - Setting next_dagrun for example_weekday_branch_operator to 2024-10-29T00:00:00+00:00, run_after=2024-10-30T00:00:00+00:00
[2024-10-30T16:22:18.809+0000] {processor.py:161} INFO - Processing /home/airflow/.local/lib/python3.7/site-packages/airflow/example_dags/example_branch_day_of_week_operator.py took 0.052 seconds
[2024-10-30T16:22:49.450+0000] {processor.py:153} INFO - Started process (PID=1428) to work on /home/airflow/.local/lib/python3.7/site-packages/airflow/example_dags/example_branch_day_of_week_operator.py
[2024-10-30T16:22:49.451+0000] {processor.py:640} INFO - Processing file /home/airflow/.local/lib/python3.7/site-packages/airflow/example_dags/example_branch_day_of_week_operator.py for tasks to queue
[2024-10-30T16:22:49.451+0000] {logging_mixin.py:115} INFO - [2024-10-30T16:22:49.451+0000] {dagbag.py:508} INFO - Filling up the DagBag from /home/airflow/.local/lib/python3.7/site-packages/airflow/example_dags/example_branch_day_of_week_operator.py
[2024-10-30T16:22:49.458+0000] {processor.py:650} INFO - DAG(s) dict_keys(['example_weekday_branch_operator']) retrieved from /home/airflow/.local/lib/python3.7/site-packages/airflow/example_dags/example_branch_day_of_week_operator.py
[2024-10-30T16:22:49.475+0000] {logging_mixin.py:115} INFO - [2024-10-30T16:22:49.475+0000] {dag.py:2429} INFO - Sync 1 DAGs
[2024-10-30T16:22:49.492+0000] {logging_mixin.py:115} INFO - [2024-10-30T16:22:49.492+0000] {dag.py:2981} INFO - Setting next_dagrun for example_weekday_branch_operator to 2024-10-29T00:00:00+00:00, run_after=2024-10-30T00:00:00+00:00
[2024-10-30T16:22:49.500+0000] {processor.py:161} INFO - Processing /home/airflow/.local/lib/python3.7/site-packages/airflow/example_dags/example_branch_day_of_week_operator.py took 0.052 seconds
[2024-10-30T16:23:19.972+0000] {processor.py:153} INFO - Started process (PID=1490) to work on /home/airflow/.local/lib/python3.7/site-packages/airflow/example_dags/example_branch_day_of_week_operator.py
[2024-10-30T16:23:19.973+0000] {processor.py:640} INFO - Processing file /home/airflow/.local/lib/python3.7/site-packages/airflow/example_dags/example_branch_day_of_week_operator.py for tasks to queue
[2024-10-30T16:23:19.973+0000] {logging_mixin.py:115} INFO - [2024-10-30T16:23:19.973+0000] {dagbag.py:508} INFO - Filling up the DagBag from /home/airflow/.local/lib/python3.7/site-packages/airflow/example_dags/example_branch_day_of_week_operator.py
[2024-10-30T16:23:19.979+0000] {processor.py:650} INFO - DAG(s) dict_keys(['example_weekday_branch_operator']) retrieved from /home/airflow/.local/lib/python3.7/site-packages/airflow/example_dags/example_branch_day_of_week_operator.py
[2024-10-30T16:23:20.000+0000] {logging_mixin.py:115} INFO - [2024-10-30T16:23:20.000+0000] {dag.py:2429} INFO - Sync 1 DAGs
[2024-10-30T16:23:20.015+0000] {logging_mixin.py:115} INFO - [2024-10-30T16:23:20.015+0000] {dag.py:2981} INFO - Setting next_dagrun for example_weekday_branch_operator to 2024-10-29T00:00:00+00:00, run_after=2024-10-30T00:00:00+00:00
[2024-10-30T16:23:20.023+0000] {processor.py:161} INFO - Processing /home/airflow/.local/lib/python3.7/site-packages/airflow/example_dags/example_branch_day_of_week_operator.py took 0.054 seconds
[2024-10-30T16:23:50.661+0000] {processor.py:153} INFO - Started process (PID=1543) to work on /home/airflow/.local/lib/python3.7/site-packages/airflow/example_dags/example_branch_day_of_week_operator.py
[2024-10-30T16:23:50.661+0000] {processor.py:640} INFO - Processing file /home/airflow/.local/lib/python3.7/site-packages/airflow/example_dags/example_branch_day_of_week_operator.py for tasks to queue
[2024-10-30T16:23:50.662+0000] {logging_mixin.py:115} INFO - [2024-10-30T16:23:50.662+0000] {dagbag.py:508} INFO - Filling up the DagBag from /home/airflow/.local/lib/python3.7/site-packages/airflow/example_dags/example_branch_day_of_week_operator.py
[2024-10-30T16:23:50.668+0000] {processor.py:650} INFO - DAG(s) dict_keys(['example_weekday_branch_operator']) retrieved from /home/airflow/.local/lib/python3.7/site-packages/airflow/example_dags/example_branch_day_of_week_operator.py
[2024-10-30T16:23:50.686+0000] {logging_mixin.py:115} INFO - [2024-10-30T16:23:50.686+0000] {dag.py:2429} INFO - Sync 1 DAGs
[2024-10-30T16:23:50.703+0000] {logging_mixin.py:115} INFO - [2024-10-30T16:23:50.703+0000] {dag.py:2981} INFO - Setting next_dagrun for example_weekday_branch_operator to 2024-10-29T00:00:00+00:00, run_after=2024-10-30T00:00:00+00:00
[2024-10-30T16:23:50.710+0000] {processor.py:161} INFO - Processing /home/airflow/.local/lib/python3.7/site-packages/airflow/example_dags/example_branch_day_of_week_operator.py took 0.052 seconds
[2024-10-30T16:24:21.330+0000] {processor.py:153} INFO - Started process (PID=1605) to work on /home/airflow/.local/lib/python3.7/site-packages/airflow/example_dags/example_branch_day_of_week_operator.py
[2024-10-30T16:24:21.331+0000] {processor.py:640} INFO - Processing file /home/airflow/.local/lib/python3.7/site-packages/airflow/example_dags/example_branch_day_of_week_operator.py for tasks to queue
[2024-10-30T16:24:21.331+0000] {logging_mixin.py:115} INFO - [2024-10-30T16:24:21.331+0000] {dagbag.py:508} INFO - Filling up the DagBag from /home/airflow/.local/lib/python3.7/site-packages/airflow/example_dags/example_branch_day_of_week_operator.py
[2024-10-30T16:24:21.338+0000] {processor.py:650} INFO - DAG(s) dict_keys(['example_weekday_branch_operator']) retrieved from /home/airflow/.local/lib/python3.7/site-packages/airflow/example_dags/example_branch_day_of_week_operator.py
[2024-10-30T16:24:21.355+0000] {logging_mixin.py:115} INFO - [2024-10-30T16:24:21.355+0000] {dag.py:2429} INFO - Sync 1 DAGs
[2024-10-30T16:24:21.371+0000] {logging_mixin.py:115} INFO - [2024-10-30T16:24:21.371+0000] {dag.py:2981} INFO - Setting next_dagrun for example_weekday_branch_operator to 2024-10-29T00:00:00+00:00, run_after=2024-10-30T00:00:00+00:00
[2024-10-30T16:24:21.379+0000] {processor.py:161} INFO - Processing /home/airflow/.local/lib/python3.7/site-packages/airflow/example_dags/example_branch_day_of_week_operator.py took 0.052 seconds
[2024-10-30T16:24:52.304+0000] {processor.py:153} INFO - Started process (PID=1668) to work on /home/airflow/.local/lib/python3.7/site-packages/airflow/example_dags/example_branch_day_of_week_operator.py
[2024-10-30T16:24:52.305+0000] {processor.py:640} INFO - Processing file /home/airflow/.local/lib/python3.7/site-packages/airflow/example_dags/example_branch_day_of_week_operator.py for tasks to queue
[2024-10-30T16:24:52.306+0000] {logging_mixin.py:115} INFO - [2024-10-30T16:24:52.306+0000] {dagbag.py:508} INFO - Filling up the DagBag from /home/airflow/.local/lib/python3.7/site-packages/airflow/example_dags/example_branch_day_of_week_operator.py
[2024-10-30T16:24:52.311+0000] {processor.py:650} INFO - DAG(s) dict_keys(['example_weekday_branch_operator']) retrieved from /home/airflow/.local/lib/python3.7/site-packages/airflow/example_dags/example_branch_day_of_week_operator.py
[2024-10-30T16:24:52.329+0000] {logging_mixin.py:115} INFO - [2024-10-30T16:24:52.329+0000] {dag.py:2429} INFO - Sync 1 DAGs
[2024-10-30T16:24:52.346+0000] {logging_mixin.py:115} INFO - [2024-10-30T16:24:52.346+0000] {dag.py:2981} INFO - Setting next_dagrun for example_weekday_branch_operator to 2024-10-29T00:00:00+00:00, run_after=2024-10-30T00:00:00+00:00
[2024-10-30T16:24:52.356+0000] {processor.py:161} INFO - Processing /home/airflow/.local/lib/python3.7/site-packages/airflow/example_dags/example_branch_day_of_week_operator.py took 0.053 seconds
[2024-10-30T16:25:23.077+0000] {processor.py:153} INFO - Started process (PID=1730) to work on /home/airflow/.local/lib/python3.7/site-packages/airflow/example_dags/example_branch_day_of_week_operator.py
[2024-10-30T16:25:23.078+0000] {processor.py:640} INFO - Processing file /home/airflow/.local/lib/python3.7/site-packages/airflow/example_dags/example_branch_day_of_week_operator.py for tasks to queue
[2024-10-30T16:25:23.078+0000] {logging_mixin.py:115} INFO - [2024-10-30T16:25:23.078+0000] {dagbag.py:508} INFO - Filling up the DagBag from /home/airflow/.local/lib/python3.7/site-packages/airflow/example_dags/example_branch_day_of_week_operator.py
[2024-10-30T16:25:23.084+0000] {processor.py:650} INFO - DAG(s) dict_keys(['example_weekday_branch_operator']) retrieved from /home/airflow/.local/lib/python3.7/site-packages/airflow/example_dags/example_branch_day_of_week_operator.py
[2024-10-30T16:25:23.103+0000] {logging_mixin.py:115} INFO - [2024-10-30T16:25:23.103+0000] {dag.py:2429} INFO - Sync 1 DAGs
[2024-10-30T16:25:23.126+0000] {logging_mixin.py:115} INFO - [2024-10-30T16:25:23.126+0000] {dag.py:2981} INFO - Setting next_dagrun for example_weekday_branch_operator to 2024-10-29T00:00:00+00:00, run_after=2024-10-30T00:00:00+00:00
[2024-10-30T16:25:23.138+0000] {processor.py:161} INFO - Processing /home/airflow/.local/lib/python3.7/site-packages/airflow/example_dags/example_branch_day_of_week_operator.py took 0.063 seconds
[2024-10-30T16:25:53.631+0000] {processor.py:153} INFO - Started process (PID=1783) to work on /home/airflow/.local/lib/python3.7/site-packages/airflow/example_dags/example_branch_day_of_week_operator.py
[2024-10-30T16:25:53.632+0000] {processor.py:640} INFO - Processing file /home/airflow/.local/lib/python3.7/site-packages/airflow/example_dags/example_branch_day_of_week_operator.py for tasks to queue
[2024-10-30T16:25:53.632+0000] {logging_mixin.py:115} INFO - [2024-10-30T16:25:53.632+0000] {dagbag.py:508} INFO - Filling up the DagBag from /home/airflow/.local/lib/python3.7/site-packages/airflow/example_dags/example_branch_day_of_week_operator.py
[2024-10-30T16:25:53.641+0000] {processor.py:650} INFO - DAG(s) dict_keys(['example_weekday_branch_operator']) retrieved from /home/airflow/.local/lib/python3.7/site-packages/airflow/example_dags/example_branch_day_of_week_operator.py
[2024-10-30T16:25:53.664+0000] {logging_mixin.py:115} INFO - [2024-10-30T16:25:53.664+0000] {dag.py:2429} INFO - Sync 1 DAGs
[2024-10-30T16:25:53.688+0000] {logging_mixin.py:115} INFO - [2024-10-30T16:25:53.688+0000] {dag.py:2981} INFO - Setting next_dagrun for example_weekday_branch_operator to 2024-10-29T00:00:00+00:00, run_after=2024-10-30T00:00:00+00:00
[2024-10-30T16:25:53.698+0000] {processor.py:161} INFO - Processing /home/airflow/.local/lib/python3.7/site-packages/airflow/example_dags/example_branch_day_of_week_operator.py took 0.069 seconds
[2024-10-30T16:26:24.613+0000] {processor.py:153} INFO - Started process (PID=1848) to work on /home/airflow/.local/lib/python3.7/site-packages/airflow/example_dags/example_branch_day_of_week_operator.py
[2024-10-30T16:26:24.614+0000] {processor.py:640} INFO - Processing file /home/airflow/.local/lib/python3.7/site-packages/airflow/example_dags/example_branch_day_of_week_operator.py for tasks to queue
[2024-10-30T16:26:24.615+0000] {logging_mixin.py:115} INFO - [2024-10-30T16:26:24.615+0000] {dagbag.py:508} INFO - Filling up the DagBag from /home/airflow/.local/lib/python3.7/site-packages/airflow/example_dags/example_branch_day_of_week_operator.py
[2024-10-30T16:26:24.623+0000] {processor.py:650} INFO - DAG(s) dict_keys(['example_weekday_branch_operator']) retrieved from /home/airflow/.local/lib/python3.7/site-packages/airflow/example_dags/example_branch_day_of_week_operator.py
[2024-10-30T16:26:24.651+0000] {logging_mixin.py:115} INFO - [2024-10-30T16:26:24.651+0000] {dag.py:2429} INFO - Sync 1 DAGs
[2024-10-30T16:26:24.678+0000] {logging_mixin.py:115} INFO - [2024-10-30T16:26:24.678+0000] {dag.py:2981} INFO - Setting next_dagrun for example_weekday_branch_operator to 2024-10-29T00:00:00+00:00, run_after=2024-10-30T00:00:00+00:00
[2024-10-30T16:26:24.690+0000] {processor.py:161} INFO - Processing /home/airflow/.local/lib/python3.7/site-packages/airflow/example_dags/example_branch_day_of_week_operator.py took 0.080 seconds
[2024-10-30T16:26:55.386+0000] {processor.py:153} INFO - Started process (PID=1912) to work on /home/airflow/.local/lib/python3.7/site-packages/airflow/example_dags/example_branch_day_of_week_operator.py
[2024-10-30T16:26:55.387+0000] {processor.py:640} INFO - Processing file /home/airflow/.local/lib/python3.7/site-packages/airflow/example_dags/example_branch_day_of_week_operator.py for tasks to queue
[2024-10-30T16:26:55.387+0000] {logging_mixin.py:115} INFO - [2024-10-30T16:26:55.387+0000] {dagbag.py:508} INFO - Filling up the DagBag from /home/airflow/.local/lib/python3.7/site-packages/airflow/example_dags/example_branch_day_of_week_operator.py
[2024-10-30T16:26:55.393+0000] {processor.py:650} INFO - DAG(s) dict_keys(['example_weekday_branch_operator']) retrieved from /home/airflow/.local/lib/python3.7/site-packages/airflow/example_dags/example_branch_day_of_week_operator.py
[2024-10-30T16:26:55.411+0000] {logging_mixin.py:115} INFO - [2024-10-30T16:26:55.411+0000] {dag.py:2429} INFO - Sync 1 DAGs
[2024-10-30T16:26:55.428+0000] {logging_mixin.py:115} INFO - [2024-10-30T16:26:55.428+0000] {dag.py:2981} INFO - Setting next_dagrun for example_weekday_branch_operator to 2024-10-29T00:00:00+00:00, run_after=2024-10-30T00:00:00+00:00
[2024-10-30T16:26:55.437+0000] {processor.py:161} INFO - Processing /home/airflow/.local/lib/python3.7/site-packages/airflow/example_dags/example_branch_day_of_week_operator.py took 0.053 seconds
