[2024-10-30T16:11:05.506+0000] {processor.py:153} INFO - Started process (PID=61) to work on /home/airflow/.local/lib/python3.7/site-packages/airflow/example_dags/example_subdag_operator.py
[2024-10-30T16:11:05.507+0000] {processor.py:640} INFO - Processing file /home/airflow/.local/lib/python3.7/site-packages/airflow/example_dags/example_subdag_operator.py for tasks to queue
[2024-10-30T16:11:05.508+0000] {logging_mixin.py:115} INFO - [2024-10-30T16:11:05.507+0000] {dagbag.py:508} INFO - Filling up the DagBag from /home/airflow/.local/lib/python3.7/site-packages/airflow/example_dags/example_subdag_operator.py
[2024-10-30T16:11:05.531+0000] {processor.py:650} INFO - DAG(s) dict_keys(['example_subdag_operator.section-1', 'example_subdag_operator.section-2', 'example_subdag_operator']) retrieved from /home/airflow/.local/lib/python3.7/site-packages/airflow/example_dags/example_subdag_operator.py
[2024-10-30T16:11:05.751+0000] {logging_mixin.py:115} INFO - [2024-10-30T16:11:05.750+0000] {manager.py:508} INFO - Created Permission View: can delete on DAG:example_subdag_operator
[2024-10-30T16:11:05.760+0000] {logging_mixin.py:115} INFO - [2024-10-30T16:11:05.760+0000] {manager.py:508} INFO - Created Permission View: can read on DAG:example_subdag_operator
[2024-10-30T16:11:05.769+0000] {logging_mixin.py:115} INFO - [2024-10-30T16:11:05.769+0000] {manager.py:508} INFO - Created Permission View: can edit on DAG:example_subdag_operator
[2024-10-30T16:11:05.770+0000] {logging_mixin.py:115} INFO - [2024-10-30T16:11:05.770+0000] {dag.py:2429} INFO - Sync 3 DAGs
[2024-10-30T16:11:05.779+0000] {logging_mixin.py:115} INFO - [2024-10-30T16:11:05.779+0000] {dag.py:2448} INFO - Creating ORM DAG for example_subdag_operator.section-2
[2024-10-30T16:11:05.780+0000] {logging_mixin.py:115} INFO - [2024-10-30T16:11:05.780+0000] {dag.py:2448} INFO - Creating ORM DAG for example_subdag_operator
[2024-10-30T16:11:05.781+0000] {logging_mixin.py:115} INFO - [2024-10-30T16:11:05.781+0000] {dag.py:2448} INFO - Creating ORM DAG for example_subdag_operator.section-1
[2024-10-30T16:11:05.794+0000] {logging_mixin.py:115} INFO - [2024-10-30T16:11:05.793+0000] {dag.py:2981} INFO - Setting next_dagrun for example_subdag_operator to 2022-01-01T00:00:00+00:00, run_after=2022-01-01T00:00:00+00:00
[2024-10-30T16:11:05.794+0000] {logging_mixin.py:115} INFO - [2024-10-30T16:11:05.794+0000] {dag.py:2981} INFO - Setting next_dagrun for example_subdag_operator.section-1 to None, run_after=None
[2024-10-30T16:11:05.795+0000] {logging_mixin.py:115} INFO - [2024-10-30T16:11:05.795+0000] {dag.py:2981} INFO - Setting next_dagrun for example_subdag_operator.section-2 to None, run_after=None
[2024-10-30T16:11:05.807+0000] {logging_mixin.py:115} INFO - [2024-10-30T16:11:05.806+0000] {dag.py:2429} INFO - Sync 2 DAGs
[2024-10-30T16:11:05.814+0000] {logging_mixin.py:115} INFO - [2024-10-30T16:11:05.814+0000] {dag.py:2981} INFO - Setting next_dagrun for example_subdag_operator.section-1 to None, run_after=None
[2024-10-30T16:11:05.815+0000] {logging_mixin.py:115} INFO - [2024-10-30T16:11:05.815+0000] {dag.py:2981} INFO - Setting next_dagrun for example_subdag_operator.section-2 to None, run_after=None
[2024-10-30T16:11:05.824+0000] {processor.py:161} INFO - Processing /home/airflow/.local/lib/python3.7/site-packages/airflow/example_dags/example_subdag_operator.py took 0.321 seconds
[2024-10-30T16:11:36.378+0000] {processor.py:153} INFO - Started process (PID=123) to work on /home/airflow/.local/lib/python3.7/site-packages/airflow/example_dags/example_subdag_operator.py
[2024-10-30T16:11:36.378+0000] {processor.py:640} INFO - Processing file /home/airflow/.local/lib/python3.7/site-packages/airflow/example_dags/example_subdag_operator.py for tasks to queue
[2024-10-30T16:11:36.379+0000] {logging_mixin.py:115} INFO - [2024-10-30T16:11:36.379+0000] {dagbag.py:508} INFO - Filling up the DagBag from /home/airflow/.local/lib/python3.7/site-packages/airflow/example_dags/example_subdag_operator.py
[2024-10-30T16:11:36.403+0000] {processor.py:650} INFO - DAG(s) dict_keys(['example_subdag_operator.section-1', 'example_subdag_operator.section-2', 'example_subdag_operator']) retrieved from /home/airflow/.local/lib/python3.7/site-packages/airflow/example_dags/example_subdag_operator.py
[2024-10-30T16:11:36.536+0000] {logging_mixin.py:115} INFO - [2024-10-30T16:11:36.535+0000] {dag.py:2429} INFO - Sync 3 DAGs
[2024-10-30T16:11:36.550+0000] {logging_mixin.py:115} INFO - [2024-10-30T16:11:36.550+0000] {dag.py:2981} INFO - Setting next_dagrun for example_subdag_operator to 2022-01-01T00:00:00+00:00, run_after=2022-01-01T00:00:00+00:00
[2024-10-30T16:11:36.550+0000] {logging_mixin.py:115} INFO - [2024-10-30T16:11:36.550+0000] {dag.py:2981} INFO - Setting next_dagrun for example_subdag_operator.section-1 to None, run_after=None
[2024-10-30T16:11:36.551+0000] {logging_mixin.py:115} INFO - [2024-10-30T16:11:36.551+0000] {dag.py:2981} INFO - Setting next_dagrun for example_subdag_operator.section-2 to None, run_after=None
[2024-10-30T16:11:36.556+0000] {logging_mixin.py:115} INFO - [2024-10-30T16:11:36.555+0000] {dag.py:2429} INFO - Sync 2 DAGs
[2024-10-30T16:11:36.560+0000] {logging_mixin.py:115} INFO - [2024-10-30T16:11:36.560+0000] {dag.py:2981} INFO - Setting next_dagrun for example_subdag_operator.section-1 to None, run_after=None
[2024-10-30T16:11:36.561+0000] {logging_mixin.py:115} INFO - [2024-10-30T16:11:36.561+0000] {dag.py:2981} INFO - Setting next_dagrun for example_subdag_operator.section-2 to None, run_after=None
[2024-10-30T16:11:36.566+0000] {processor.py:161} INFO - Processing /home/airflow/.local/lib/python3.7/site-packages/airflow/example_dags/example_subdag_operator.py took 0.191 seconds
[2024-10-30T16:12:06.956+0000] {processor.py:153} INFO - Started process (PID=183) to work on /home/airflow/.local/lib/python3.7/site-packages/airflow/example_dags/example_subdag_operator.py
[2024-10-30T16:12:06.956+0000] {processor.py:640} INFO - Processing file /home/airflow/.local/lib/python3.7/site-packages/airflow/example_dags/example_subdag_operator.py for tasks to queue
[2024-10-30T16:12:06.957+0000] {logging_mixin.py:115} INFO - [2024-10-30T16:12:06.957+0000] {dagbag.py:508} INFO - Filling up the DagBag from /home/airflow/.local/lib/python3.7/site-packages/airflow/example_dags/example_subdag_operator.py
[2024-10-30T16:12:06.978+0000] {processor.py:650} INFO - DAG(s) dict_keys(['example_subdag_operator.section-1', 'example_subdag_operator.section-2', 'example_subdag_operator']) retrieved from /home/airflow/.local/lib/python3.7/site-packages/airflow/example_dags/example_subdag_operator.py
[2024-10-30T16:12:07.135+0000] {logging_mixin.py:115} INFO - [2024-10-30T16:12:07.135+0000] {dag.py:2429} INFO - Sync 3 DAGs
[2024-10-30T16:12:07.153+0000] {logging_mixin.py:115} INFO - [2024-10-30T16:12:07.153+0000] {dag.py:2981} INFO - Setting next_dagrun for example_subdag_operator to 2022-01-01T00:00:00+00:00, run_after=2022-01-01T00:00:00+00:00
[2024-10-30T16:12:07.153+0000] {logging_mixin.py:115} INFO - [2024-10-30T16:12:07.153+0000] {dag.py:2981} INFO - Setting next_dagrun for example_subdag_operator.section-1 to None, run_after=None
[2024-10-30T16:12:07.154+0000] {logging_mixin.py:115} INFO - [2024-10-30T16:12:07.154+0000] {dag.py:2981} INFO - Setting next_dagrun for example_subdag_operator.section-2 to None, run_after=None
[2024-10-30T16:12:07.158+0000] {logging_mixin.py:115} INFO - [2024-10-30T16:12:07.158+0000] {dag.py:2429} INFO - Sync 2 DAGs
[2024-10-30T16:12:07.162+0000] {logging_mixin.py:115} INFO - [2024-10-30T16:12:07.162+0000] {dag.py:2981} INFO - Setting next_dagrun for example_subdag_operator.section-1 to None, run_after=None
[2024-10-30T16:12:07.163+0000] {logging_mixin.py:115} INFO - [2024-10-30T16:12:07.162+0000] {dag.py:2981} INFO - Setting next_dagrun for example_subdag_operator.section-2 to None, run_after=None
[2024-10-30T16:12:07.168+0000] {processor.py:161} INFO - Processing /home/airflow/.local/lib/python3.7/site-packages/airflow/example_dags/example_subdag_operator.py took 0.214 seconds
[2024-10-30T16:12:37.566+0000] {processor.py:153} INFO - Started process (PID=239) to work on /home/airflow/.local/lib/python3.7/site-packages/airflow/example_dags/example_subdag_operator.py
[2024-10-30T16:12:37.566+0000] {processor.py:640} INFO - Processing file /home/airflow/.local/lib/python3.7/site-packages/airflow/example_dags/example_subdag_operator.py for tasks to queue
[2024-10-30T16:12:37.567+0000] {logging_mixin.py:115} INFO - [2024-10-30T16:12:37.567+0000] {dagbag.py:508} INFO - Filling up the DagBag from /home/airflow/.local/lib/python3.7/site-packages/airflow/example_dags/example_subdag_operator.py
[2024-10-30T16:12:37.583+0000] {processor.py:650} INFO - DAG(s) dict_keys(['example_subdag_operator.section-1', 'example_subdag_operator.section-2', 'example_subdag_operator']) retrieved from /home/airflow/.local/lib/python3.7/site-packages/airflow/example_dags/example_subdag_operator.py
[2024-10-30T16:12:37.719+0000] {logging_mixin.py:115} INFO - [2024-10-30T16:12:37.719+0000] {dag.py:2429} INFO - Sync 3 DAGs
[2024-10-30T16:12:37.732+0000] {logging_mixin.py:115} INFO - [2024-10-30T16:12:37.732+0000] {dag.py:2981} INFO - Setting next_dagrun for example_subdag_operator to 2022-01-01T00:00:00+00:00, run_after=2022-01-01T00:00:00+00:00
[2024-10-30T16:12:37.732+0000] {logging_mixin.py:115} INFO - [2024-10-30T16:12:37.732+0000] {dag.py:2981} INFO - Setting next_dagrun for example_subdag_operator.section-1 to None, run_after=None
[2024-10-30T16:12:37.732+0000] {logging_mixin.py:115} INFO - [2024-10-30T16:12:37.732+0000] {dag.py:2981} INFO - Setting next_dagrun for example_subdag_operator.section-2 to None, run_after=None
[2024-10-30T16:12:37.737+0000] {logging_mixin.py:115} INFO - [2024-10-30T16:12:37.737+0000] {dag.py:2429} INFO - Sync 2 DAGs
[2024-10-30T16:12:37.741+0000] {logging_mixin.py:115} INFO - [2024-10-30T16:12:37.741+0000] {dag.py:2981} INFO - Setting next_dagrun for example_subdag_operator.section-1 to None, run_after=None
[2024-10-30T16:12:37.741+0000] {logging_mixin.py:115} INFO - [2024-10-30T16:12:37.741+0000] {dag.py:2981} INFO - Setting next_dagrun for example_subdag_operator.section-2 to None, run_after=None
[2024-10-30T16:12:37.747+0000] {processor.py:161} INFO - Processing /home/airflow/.local/lib/python3.7/site-packages/airflow/example_dags/example_subdag_operator.py took 0.184 seconds
[2024-10-30T16:13:08.058+0000] {processor.py:153} INFO - Started process (PID=301) to work on /home/airflow/.local/lib/python3.7/site-packages/airflow/example_dags/example_subdag_operator.py
[2024-10-30T16:13:08.058+0000] {processor.py:640} INFO - Processing file /home/airflow/.local/lib/python3.7/site-packages/airflow/example_dags/example_subdag_operator.py for tasks to queue
[2024-10-30T16:13:08.059+0000] {logging_mixin.py:115} INFO - [2024-10-30T16:13:08.059+0000] {dagbag.py:508} INFO - Filling up the DagBag from /home/airflow/.local/lib/python3.7/site-packages/airflow/example_dags/example_subdag_operator.py
[2024-10-30T16:13:08.076+0000] {processor.py:650} INFO - DAG(s) dict_keys(['example_subdag_operator.section-1', 'example_subdag_operator.section-2', 'example_subdag_operator']) retrieved from /home/airflow/.local/lib/python3.7/site-packages/airflow/example_dags/example_subdag_operator.py
[2024-10-30T16:13:08.213+0000] {logging_mixin.py:115} INFO - [2024-10-30T16:13:08.213+0000] {dag.py:2429} INFO - Sync 3 DAGs
[2024-10-30T16:13:08.229+0000] {logging_mixin.py:115} INFO - [2024-10-30T16:13:08.229+0000] {dag.py:2981} INFO - Setting next_dagrun for example_subdag_operator to 2022-01-01T00:00:00+00:00, run_after=2022-01-01T00:00:00+00:00
[2024-10-30T16:13:08.230+0000] {logging_mixin.py:115} INFO - [2024-10-30T16:13:08.230+0000] {dag.py:2981} INFO - Setting next_dagrun for example_subdag_operator.section-1 to None, run_after=None
[2024-10-30T16:13:08.230+0000] {logging_mixin.py:115} INFO - [2024-10-30T16:13:08.230+0000] {dag.py:2981} INFO - Setting next_dagrun for example_subdag_operator.section-2 to None, run_after=None
[2024-10-30T16:13:08.237+0000] {logging_mixin.py:115} INFO - [2024-10-30T16:13:08.236+0000] {dag.py:2429} INFO - Sync 2 DAGs
[2024-10-30T16:13:08.242+0000] {logging_mixin.py:115} INFO - [2024-10-30T16:13:08.242+0000] {dag.py:2981} INFO - Setting next_dagrun for example_subdag_operator.section-1 to None, run_after=None
[2024-10-30T16:13:08.242+0000] {logging_mixin.py:115} INFO - [2024-10-30T16:13:08.242+0000] {dag.py:2981} INFO - Setting next_dagrun for example_subdag_operator.section-2 to None, run_after=None
[2024-10-30T16:13:08.248+0000] {processor.py:161} INFO - Processing /home/airflow/.local/lib/python3.7/site-packages/airflow/example_dags/example_subdag_operator.py took 0.192 seconds
[2024-10-30T16:13:38.716+0000] {processor.py:153} INFO - Started process (PID=364) to work on /home/airflow/.local/lib/python3.7/site-packages/airflow/example_dags/example_subdag_operator.py
[2024-10-30T16:13:38.716+0000] {processor.py:640} INFO - Processing file /home/airflow/.local/lib/python3.7/site-packages/airflow/example_dags/example_subdag_operator.py for tasks to queue
[2024-10-30T16:13:38.717+0000] {logging_mixin.py:115} INFO - [2024-10-30T16:13:38.717+0000] {dagbag.py:508} INFO - Filling up the DagBag from /home/airflow/.local/lib/python3.7/site-packages/airflow/example_dags/example_subdag_operator.py
[2024-10-30T16:13:38.736+0000] {processor.py:650} INFO - DAG(s) dict_keys(['example_subdag_operator.section-1', 'example_subdag_operator.section-2', 'example_subdag_operator']) retrieved from /home/airflow/.local/lib/python3.7/site-packages/airflow/example_dags/example_subdag_operator.py
[2024-10-30T16:13:38.882+0000] {logging_mixin.py:115} INFO - [2024-10-30T16:13:38.882+0000] {dag.py:2429} INFO - Sync 3 DAGs
[2024-10-30T16:13:38.896+0000] {logging_mixin.py:115} INFO - [2024-10-30T16:13:38.896+0000] {dag.py:2981} INFO - Setting next_dagrun for example_subdag_operator to 2022-01-01T00:00:00+00:00, run_after=2022-01-01T00:00:00+00:00
[2024-10-30T16:13:38.897+0000] {logging_mixin.py:115} INFO - [2024-10-30T16:13:38.897+0000] {dag.py:2981} INFO - Setting next_dagrun for example_subdag_operator.section-1 to None, run_after=None
[2024-10-30T16:13:38.897+0000] {logging_mixin.py:115} INFO - [2024-10-30T16:13:38.897+0000] {dag.py:2981} INFO - Setting next_dagrun for example_subdag_operator.section-2 to None, run_after=None
[2024-10-30T16:13:38.902+0000] {logging_mixin.py:115} INFO - [2024-10-30T16:13:38.902+0000] {dag.py:2429} INFO - Sync 2 DAGs
[2024-10-30T16:13:38.906+0000] {logging_mixin.py:115} INFO - [2024-10-30T16:13:38.906+0000] {dag.py:2981} INFO - Setting next_dagrun for example_subdag_operator.section-1 to None, run_after=None
[2024-10-30T16:13:38.907+0000] {logging_mixin.py:115} INFO - [2024-10-30T16:13:38.907+0000] {dag.py:2981} INFO - Setting next_dagrun for example_subdag_operator.section-2 to None, run_after=None
[2024-10-30T16:13:38.912+0000] {processor.py:161} INFO - Processing /home/airflow/.local/lib/python3.7/site-packages/airflow/example_dags/example_subdag_operator.py took 0.198 seconds
[2024-10-30T16:14:09.555+0000] {processor.py:153} INFO - Started process (PID=424) to work on /home/airflow/.local/lib/python3.7/site-packages/airflow/example_dags/example_subdag_operator.py
[2024-10-30T16:14:09.556+0000] {processor.py:640} INFO - Processing file /home/airflow/.local/lib/python3.7/site-packages/airflow/example_dags/example_subdag_operator.py for tasks to queue
[2024-10-30T16:14:09.556+0000] {logging_mixin.py:115} INFO - [2024-10-30T16:14:09.556+0000] {dagbag.py:508} INFO - Filling up the DagBag from /home/airflow/.local/lib/python3.7/site-packages/airflow/example_dags/example_subdag_operator.py
[2024-10-30T16:14:09.579+0000] {processor.py:650} INFO - DAG(s) dict_keys(['example_subdag_operator.section-1', 'example_subdag_operator.section-2', 'example_subdag_operator']) retrieved from /home/airflow/.local/lib/python3.7/site-packages/airflow/example_dags/example_subdag_operator.py
[2024-10-30T16:14:09.739+0000] {logging_mixin.py:115} INFO - [2024-10-30T16:14:09.738+0000] {dag.py:2429} INFO - Sync 3 DAGs
[2024-10-30T16:14:09.759+0000] {logging_mixin.py:115} INFO - [2024-10-30T16:14:09.759+0000] {dag.py:2981} INFO - Setting next_dagrun for example_subdag_operator to 2022-01-01T00:00:00+00:00, run_after=2022-01-01T00:00:00+00:00
[2024-10-30T16:14:09.760+0000] {logging_mixin.py:115} INFO - [2024-10-30T16:14:09.759+0000] {dag.py:2981} INFO - Setting next_dagrun for example_subdag_operator.section-1 to None, run_after=None
[2024-10-30T16:14:09.760+0000] {logging_mixin.py:115} INFO - [2024-10-30T16:14:09.760+0000] {dag.py:2981} INFO - Setting next_dagrun for example_subdag_operator.section-2 to None, run_after=None
[2024-10-30T16:14:09.765+0000] {logging_mixin.py:115} INFO - [2024-10-30T16:14:09.765+0000] {dag.py:2429} INFO - Sync 2 DAGs
[2024-10-30T16:14:09.771+0000] {logging_mixin.py:115} INFO - [2024-10-30T16:14:09.770+0000] {dag.py:2981} INFO - Setting next_dagrun for example_subdag_operator.section-1 to None, run_after=None
[2024-10-30T16:14:09.771+0000] {logging_mixin.py:115} INFO - [2024-10-30T16:14:09.771+0000] {dag.py:2981} INFO - Setting next_dagrun for example_subdag_operator.section-2 to None, run_after=None
[2024-10-30T16:14:09.777+0000] {processor.py:161} INFO - Processing /home/airflow/.local/lib/python3.7/site-packages/airflow/example_dags/example_subdag_operator.py took 0.224 seconds
[2024-10-30T16:14:40.318+0000] {processor.py:153} INFO - Started process (PID=479) to work on /home/airflow/.local/lib/python3.7/site-packages/airflow/example_dags/example_subdag_operator.py
[2024-10-30T16:14:40.318+0000] {processor.py:640} INFO - Processing file /home/airflow/.local/lib/python3.7/site-packages/airflow/example_dags/example_subdag_operator.py for tasks to queue
[2024-10-30T16:14:40.319+0000] {logging_mixin.py:115} INFO - [2024-10-30T16:14:40.319+0000] {dagbag.py:508} INFO - Filling up the DagBag from /home/airflow/.local/lib/python3.7/site-packages/airflow/example_dags/example_subdag_operator.py
[2024-10-30T16:14:40.337+0000] {processor.py:650} INFO - DAG(s) dict_keys(['example_subdag_operator.section-1', 'example_subdag_operator.section-2', 'example_subdag_operator']) retrieved from /home/airflow/.local/lib/python3.7/site-packages/airflow/example_dags/example_subdag_operator.py
[2024-10-30T16:14:40.468+0000] {logging_mixin.py:115} INFO - [2024-10-30T16:14:40.467+0000] {dag.py:2429} INFO - Sync 3 DAGs
[2024-10-30T16:14:40.481+0000] {logging_mixin.py:115} INFO - [2024-10-30T16:14:40.481+0000] {dag.py:2981} INFO - Setting next_dagrun for example_subdag_operator to 2022-01-01T00:00:00+00:00, run_after=2022-01-01T00:00:00+00:00
[2024-10-30T16:14:40.482+0000] {logging_mixin.py:115} INFO - [2024-10-30T16:14:40.482+0000] {dag.py:2981} INFO - Setting next_dagrun for example_subdag_operator.section-1 to None, run_after=None
[2024-10-30T16:14:40.482+0000] {logging_mixin.py:115} INFO - [2024-10-30T16:14:40.482+0000] {dag.py:2981} INFO - Setting next_dagrun for example_subdag_operator.section-2 to None, run_after=None
[2024-10-30T16:14:40.487+0000] {logging_mixin.py:115} INFO - [2024-10-30T16:14:40.486+0000] {dag.py:2429} INFO - Sync 2 DAGs
[2024-10-30T16:14:40.491+0000] {logging_mixin.py:115} INFO - [2024-10-30T16:14:40.491+0000] {dag.py:2981} INFO - Setting next_dagrun for example_subdag_operator.section-1 to None, run_after=None
[2024-10-30T16:14:40.491+0000] {logging_mixin.py:115} INFO - [2024-10-30T16:14:40.491+0000] {dag.py:2981} INFO - Setting next_dagrun for example_subdag_operator.section-2 to None, run_after=None
[2024-10-30T16:14:40.496+0000] {processor.py:161} INFO - Processing /home/airflow/.local/lib/python3.7/site-packages/airflow/example_dags/example_subdag_operator.py took 0.180 seconds
[2024-10-30T16:15:11.050+0000] {processor.py:153} INFO - Started process (PID=541) to work on /home/airflow/.local/lib/python3.7/site-packages/airflow/example_dags/example_subdag_operator.py
[2024-10-30T16:15:11.051+0000] {processor.py:640} INFO - Processing file /home/airflow/.local/lib/python3.7/site-packages/airflow/example_dags/example_subdag_operator.py for tasks to queue
[2024-10-30T16:15:11.051+0000] {logging_mixin.py:115} INFO - [2024-10-30T16:15:11.051+0000] {dagbag.py:508} INFO - Filling up the DagBag from /home/airflow/.local/lib/python3.7/site-packages/airflow/example_dags/example_subdag_operator.py
[2024-10-30T16:15:11.071+0000] {processor.py:650} INFO - DAG(s) dict_keys(['example_subdag_operator.section-1', 'example_subdag_operator.section-2', 'example_subdag_operator']) retrieved from /home/airflow/.local/lib/python3.7/site-packages/airflow/example_dags/example_subdag_operator.py
[2024-10-30T16:15:11.199+0000] {logging_mixin.py:115} INFO - [2024-10-30T16:15:11.199+0000] {dag.py:2429} INFO - Sync 3 DAGs
[2024-10-30T16:15:11.214+0000] {logging_mixin.py:115} INFO - [2024-10-30T16:15:11.214+0000] {dag.py:2981} INFO - Setting next_dagrun for example_subdag_operator to 2022-01-01T00:00:00+00:00, run_after=2022-01-01T00:00:00+00:00
[2024-10-30T16:15:11.215+0000] {logging_mixin.py:115} INFO - [2024-10-30T16:15:11.215+0000] {dag.py:2981} INFO - Setting next_dagrun for example_subdag_operator.section-1 to None, run_after=None
[2024-10-30T16:15:11.215+0000] {logging_mixin.py:115} INFO - [2024-10-30T16:15:11.215+0000] {dag.py:2981} INFO - Setting next_dagrun for example_subdag_operator.section-2 to None, run_after=None
[2024-10-30T16:15:11.220+0000] {logging_mixin.py:115} INFO - [2024-10-30T16:15:11.220+0000] {dag.py:2429} INFO - Sync 2 DAGs
[2024-10-30T16:15:11.224+0000] {logging_mixin.py:115} INFO - [2024-10-30T16:15:11.224+0000] {dag.py:2981} INFO - Setting next_dagrun for example_subdag_operator.section-1 to None, run_after=None
[2024-10-30T16:15:11.225+0000] {logging_mixin.py:115} INFO - [2024-10-30T16:15:11.224+0000] {dag.py:2981} INFO - Setting next_dagrun for example_subdag_operator.section-2 to None, run_after=None
[2024-10-30T16:15:11.230+0000] {processor.py:161} INFO - Processing /home/airflow/.local/lib/python3.7/site-packages/airflow/example_dags/example_subdag_operator.py took 0.183 seconds
[2024-10-30T16:15:41.596+0000] {processor.py:153} INFO - Started process (PID=603) to work on /home/airflow/.local/lib/python3.7/site-packages/airflow/example_dags/example_subdag_operator.py
[2024-10-30T16:15:41.597+0000] {processor.py:640} INFO - Processing file /home/airflow/.local/lib/python3.7/site-packages/airflow/example_dags/example_subdag_operator.py for tasks to queue
[2024-10-30T16:15:41.597+0000] {logging_mixin.py:115} INFO - [2024-10-30T16:15:41.597+0000] {dagbag.py:508} INFO - Filling up the DagBag from /home/airflow/.local/lib/python3.7/site-packages/airflow/example_dags/example_subdag_operator.py
[2024-10-30T16:15:41.618+0000] {processor.py:650} INFO - DAG(s) dict_keys(['example_subdag_operator.section-1', 'example_subdag_operator.section-2', 'example_subdag_operator']) retrieved from /home/airflow/.local/lib/python3.7/site-packages/airflow/example_dags/example_subdag_operator.py
[2024-10-30T16:15:41.763+0000] {logging_mixin.py:115} INFO - [2024-10-30T16:15:41.763+0000] {dag.py:2429} INFO - Sync 3 DAGs
[2024-10-30T16:15:41.784+0000] {logging_mixin.py:115} INFO - [2024-10-30T16:15:41.784+0000] {dag.py:2981} INFO - Setting next_dagrun for example_subdag_operator to 2022-01-01T00:00:00+00:00, run_after=2022-01-01T00:00:00+00:00
[2024-10-30T16:15:41.785+0000] {logging_mixin.py:115} INFO - [2024-10-30T16:15:41.784+0000] {dag.py:2981} INFO - Setting next_dagrun for example_subdag_operator.section-1 to None, run_after=None
[2024-10-30T16:15:41.785+0000] {logging_mixin.py:115} INFO - [2024-10-30T16:15:41.785+0000] {dag.py:2981} INFO - Setting next_dagrun for example_subdag_operator.section-2 to None, run_after=None
[2024-10-30T16:15:41.790+0000] {logging_mixin.py:115} INFO - [2024-10-30T16:15:41.790+0000] {dag.py:2429} INFO - Sync 2 DAGs
[2024-10-30T16:15:41.794+0000] {logging_mixin.py:115} INFO - [2024-10-30T16:15:41.794+0000] {dag.py:2981} INFO - Setting next_dagrun for example_subdag_operator.section-1 to None, run_after=None
[2024-10-30T16:15:41.794+0000] {logging_mixin.py:115} INFO - [2024-10-30T16:15:41.794+0000] {dag.py:2981} INFO - Setting next_dagrun for example_subdag_operator.section-2 to None, run_after=None
[2024-10-30T16:15:41.800+0000] {processor.py:161} INFO - Processing /home/airflow/.local/lib/python3.7/site-packages/airflow/example_dags/example_subdag_operator.py took 0.206 seconds
[2024-10-30T16:16:12.487+0000] {processor.py:153} INFO - Started process (PID=656) to work on /home/airflow/.local/lib/python3.7/site-packages/airflow/example_dags/example_subdag_operator.py
[2024-10-30T16:16:12.487+0000] {processor.py:640} INFO - Processing file /home/airflow/.local/lib/python3.7/site-packages/airflow/example_dags/example_subdag_operator.py for tasks to queue
[2024-10-30T16:16:12.488+0000] {logging_mixin.py:115} INFO - [2024-10-30T16:16:12.488+0000] {dagbag.py:508} INFO - Filling up the DagBag from /home/airflow/.local/lib/python3.7/site-packages/airflow/example_dags/example_subdag_operator.py
[2024-10-30T16:16:12.505+0000] {processor.py:650} INFO - DAG(s) dict_keys(['example_subdag_operator.section-1', 'example_subdag_operator.section-2', 'example_subdag_operator']) retrieved from /home/airflow/.local/lib/python3.7/site-packages/airflow/example_dags/example_subdag_operator.py
[2024-10-30T16:16:12.620+0000] {logging_mixin.py:115} INFO - [2024-10-30T16:16:12.620+0000] {dag.py:2429} INFO - Sync 3 DAGs
[2024-10-30T16:16:12.634+0000] {logging_mixin.py:115} INFO - [2024-10-30T16:16:12.633+0000] {dag.py:2981} INFO - Setting next_dagrun for example_subdag_operator to 2022-01-01T00:00:00+00:00, run_after=2022-01-01T00:00:00+00:00
[2024-10-30T16:16:12.634+0000] {logging_mixin.py:115} INFO - [2024-10-30T16:16:12.634+0000] {dag.py:2981} INFO - Setting next_dagrun for example_subdag_operator.section-1 to None, run_after=None
[2024-10-30T16:16:12.635+0000] {logging_mixin.py:115} INFO - [2024-10-30T16:16:12.634+0000] {dag.py:2981} INFO - Setting next_dagrun for example_subdag_operator.section-2 to None, run_after=None
[2024-10-30T16:16:12.639+0000] {logging_mixin.py:115} INFO - [2024-10-30T16:16:12.639+0000] {dag.py:2429} INFO - Sync 2 DAGs
[2024-10-30T16:16:12.642+0000] {logging_mixin.py:115} INFO - [2024-10-30T16:16:12.642+0000] {dag.py:2981} INFO - Setting next_dagrun for example_subdag_operator.section-1 to None, run_after=None
[2024-10-30T16:16:12.643+0000] {logging_mixin.py:115} INFO - [2024-10-30T16:16:12.643+0000] {dag.py:2981} INFO - Setting next_dagrun for example_subdag_operator.section-2 to None, run_after=None
[2024-10-30T16:16:12.647+0000] {processor.py:161} INFO - Processing /home/airflow/.local/lib/python3.7/site-packages/airflow/example_dags/example_subdag_operator.py took 0.164 seconds
[2024-10-30T16:16:43.132+0000] {processor.py:153} INFO - Started process (PID=718) to work on /home/airflow/.local/lib/python3.7/site-packages/airflow/example_dags/example_subdag_operator.py
[2024-10-30T16:16:43.133+0000] {processor.py:640} INFO - Processing file /home/airflow/.local/lib/python3.7/site-packages/airflow/example_dags/example_subdag_operator.py for tasks to queue
[2024-10-30T16:16:43.133+0000] {logging_mixin.py:115} INFO - [2024-10-30T16:16:43.133+0000] {dagbag.py:508} INFO - Filling up the DagBag from /home/airflow/.local/lib/python3.7/site-packages/airflow/example_dags/example_subdag_operator.py
[2024-10-30T16:16:43.154+0000] {processor.py:650} INFO - DAG(s) dict_keys(['example_subdag_operator.section-1', 'example_subdag_operator.section-2', 'example_subdag_operator']) retrieved from /home/airflow/.local/lib/python3.7/site-packages/airflow/example_dags/example_subdag_operator.py
[2024-10-30T16:16:43.269+0000] {logging_mixin.py:115} INFO - [2024-10-30T16:16:43.269+0000] {dag.py:2429} INFO - Sync 3 DAGs
[2024-10-30T16:16:43.283+0000] {logging_mixin.py:115} INFO - [2024-10-30T16:16:43.282+0000] {dag.py:2981} INFO - Setting next_dagrun for example_subdag_operator to 2022-01-01T00:00:00+00:00, run_after=2022-01-01T00:00:00+00:00
[2024-10-30T16:16:43.283+0000] {logging_mixin.py:115} INFO - [2024-10-30T16:16:43.283+0000] {dag.py:2981} INFO - Setting next_dagrun for example_subdag_operator.section-1 to None, run_after=None
[2024-10-30T16:16:43.283+0000] {logging_mixin.py:115} INFO - [2024-10-30T16:16:43.283+0000] {dag.py:2981} INFO - Setting next_dagrun for example_subdag_operator.section-2 to None, run_after=None
[2024-10-30T16:16:43.288+0000] {logging_mixin.py:115} INFO - [2024-10-30T16:16:43.288+0000] {dag.py:2429} INFO - Sync 2 DAGs
[2024-10-30T16:16:43.291+0000] {logging_mixin.py:115} INFO - [2024-10-30T16:16:43.291+0000] {dag.py:2981} INFO - Setting next_dagrun for example_subdag_operator.section-1 to None, run_after=None
[2024-10-30T16:16:43.292+0000] {logging_mixin.py:115} INFO - [2024-10-30T16:16:43.292+0000] {dag.py:2981} INFO - Setting next_dagrun for example_subdag_operator.section-2 to None, run_after=None
[2024-10-30T16:16:43.297+0000] {processor.py:161} INFO - Processing /home/airflow/.local/lib/python3.7/site-packages/airflow/example_dags/example_subdag_operator.py took 0.168 seconds
[2024-10-30T16:17:13.978+0000] {processor.py:153} INFO - Started process (PID=780) to work on /home/airflow/.local/lib/python3.7/site-packages/airflow/example_dags/example_subdag_operator.py
[2024-10-30T16:17:13.978+0000] {processor.py:640} INFO - Processing file /home/airflow/.local/lib/python3.7/site-packages/airflow/example_dags/example_subdag_operator.py for tasks to queue
[2024-10-30T16:17:13.979+0000] {logging_mixin.py:115} INFO - [2024-10-30T16:17:13.979+0000] {dagbag.py:508} INFO - Filling up the DagBag from /home/airflow/.local/lib/python3.7/site-packages/airflow/example_dags/example_subdag_operator.py
[2024-10-30T16:17:13.996+0000] {processor.py:650} INFO - DAG(s) dict_keys(['example_subdag_operator.section-1', 'example_subdag_operator.section-2', 'example_subdag_operator']) retrieved from /home/airflow/.local/lib/python3.7/site-packages/airflow/example_dags/example_subdag_operator.py
[2024-10-30T16:17:14.110+0000] {logging_mixin.py:115} INFO - [2024-10-30T16:17:14.110+0000] {dag.py:2429} INFO - Sync 3 DAGs
[2024-10-30T16:17:14.128+0000] {logging_mixin.py:115} INFO - [2024-10-30T16:17:14.128+0000] {dag.py:2981} INFO - Setting next_dagrun for example_subdag_operator to 2022-01-01T00:00:00+00:00, run_after=2022-01-01T00:00:00+00:00
[2024-10-30T16:17:14.128+0000] {logging_mixin.py:115} INFO - [2024-10-30T16:17:14.128+0000] {dag.py:2981} INFO - Setting next_dagrun for example_subdag_operator.section-1 to None, run_after=None
[2024-10-30T16:17:14.129+0000] {logging_mixin.py:115} INFO - [2024-10-30T16:17:14.129+0000] {dag.py:2981} INFO - Setting next_dagrun for example_subdag_operator.section-2 to None, run_after=None
[2024-10-30T16:17:14.134+0000] {logging_mixin.py:115} INFO - [2024-10-30T16:17:14.134+0000] {dag.py:2429} INFO - Sync 2 DAGs
[2024-10-30T16:17:14.138+0000] {logging_mixin.py:115} INFO - [2024-10-30T16:17:14.138+0000] {dag.py:2981} INFO - Setting next_dagrun for example_subdag_operator.section-1 to None, run_after=None
[2024-10-30T16:17:14.138+0000] {logging_mixin.py:115} INFO - [2024-10-30T16:17:14.138+0000] {dag.py:2981} INFO - Setting next_dagrun for example_subdag_operator.section-2 to None, run_after=None
[2024-10-30T16:17:14.143+0000] {processor.py:161} INFO - Processing /home/airflow/.local/lib/python3.7/site-packages/airflow/example_dags/example_subdag_operator.py took 0.167 seconds
[2024-10-30T16:17:44.793+0000] {processor.py:153} INFO - Started process (PID=842) to work on /home/airflow/.local/lib/python3.7/site-packages/airflow/example_dags/example_subdag_operator.py
[2024-10-30T16:17:44.793+0000] {processor.py:640} INFO - Processing file /home/airflow/.local/lib/python3.7/site-packages/airflow/example_dags/example_subdag_operator.py for tasks to queue
[2024-10-30T16:17:44.794+0000] {logging_mixin.py:115} INFO - [2024-10-30T16:17:44.794+0000] {dagbag.py:508} INFO - Filling up the DagBag from /home/airflow/.local/lib/python3.7/site-packages/airflow/example_dags/example_subdag_operator.py
[2024-10-30T16:17:44.816+0000] {processor.py:650} INFO - DAG(s) dict_keys(['example_subdag_operator.section-1', 'example_subdag_operator.section-2', 'example_subdag_operator']) retrieved from /home/airflow/.local/lib/python3.7/site-packages/airflow/example_dags/example_subdag_operator.py
[2024-10-30T16:17:44.961+0000] {logging_mixin.py:115} INFO - [2024-10-30T16:17:44.961+0000] {dag.py:2429} INFO - Sync 3 DAGs
[2024-10-30T16:17:44.977+0000] {logging_mixin.py:115} INFO - [2024-10-30T16:17:44.976+0000] {dag.py:2981} INFO - Setting next_dagrun for example_subdag_operator to 2022-01-01T00:00:00+00:00, run_after=2022-01-01T00:00:00+00:00
[2024-10-30T16:17:44.977+0000] {logging_mixin.py:115} INFO - [2024-10-30T16:17:44.977+0000] {dag.py:2981} INFO - Setting next_dagrun for example_subdag_operator.section-1 to None, run_after=None
[2024-10-30T16:17:44.977+0000] {logging_mixin.py:115} INFO - [2024-10-30T16:17:44.977+0000] {dag.py:2981} INFO - Setting next_dagrun for example_subdag_operator.section-2 to None, run_after=None
[2024-10-30T16:17:44.982+0000] {logging_mixin.py:115} INFO - [2024-10-30T16:17:44.981+0000] {dag.py:2429} INFO - Sync 2 DAGs
[2024-10-30T16:17:44.986+0000] {logging_mixin.py:115} INFO - [2024-10-30T16:17:44.986+0000] {dag.py:2981} INFO - Setting next_dagrun for example_subdag_operator.section-1 to None, run_after=None
[2024-10-30T16:17:44.986+0000] {logging_mixin.py:115} INFO - [2024-10-30T16:17:44.986+0000] {dag.py:2981} INFO - Setting next_dagrun for example_subdag_operator.section-2 to None, run_after=None
[2024-10-30T16:17:44.991+0000] {processor.py:161} INFO - Processing /home/airflow/.local/lib/python3.7/site-packages/airflow/example_dags/example_subdag_operator.py took 0.200 seconds
[2024-10-30T16:18:15.261+0000] {processor.py:153} INFO - Started process (PID=895) to work on /home/airflow/.local/lib/python3.7/site-packages/airflow/example_dags/example_subdag_operator.py
[2024-10-30T16:18:15.261+0000] {processor.py:640} INFO - Processing file /home/airflow/.local/lib/python3.7/site-packages/airflow/example_dags/example_subdag_operator.py for tasks to queue
[2024-10-30T16:18:15.262+0000] {logging_mixin.py:115} INFO - [2024-10-30T16:18:15.262+0000] {dagbag.py:508} INFO - Filling up the DagBag from /home/airflow/.local/lib/python3.7/site-packages/airflow/example_dags/example_subdag_operator.py
[2024-10-30T16:18:15.280+0000] {processor.py:650} INFO - DAG(s) dict_keys(['example_subdag_operator.section-1', 'example_subdag_operator.section-2', 'example_subdag_operator']) retrieved from /home/airflow/.local/lib/python3.7/site-packages/airflow/example_dags/example_subdag_operator.py
[2024-10-30T16:18:15.409+0000] {logging_mixin.py:115} INFO - [2024-10-30T16:18:15.409+0000] {dag.py:2429} INFO - Sync 3 DAGs
[2024-10-30T16:18:15.424+0000] {logging_mixin.py:115} INFO - [2024-10-30T16:18:15.424+0000] {dag.py:2981} INFO - Setting next_dagrun for example_subdag_operator to 2022-01-01T00:00:00+00:00, run_after=2022-01-01T00:00:00+00:00
[2024-10-30T16:18:15.425+0000] {logging_mixin.py:115} INFO - [2024-10-30T16:18:15.425+0000] {dag.py:2981} INFO - Setting next_dagrun for example_subdag_operator.section-1 to None, run_after=None
[2024-10-30T16:18:15.425+0000] {logging_mixin.py:115} INFO - [2024-10-30T16:18:15.425+0000] {dag.py:2981} INFO - Setting next_dagrun for example_subdag_operator.section-2 to None, run_after=None
[2024-10-30T16:18:15.429+0000] {logging_mixin.py:115} INFO - [2024-10-30T16:18:15.429+0000] {dag.py:2429} INFO - Sync 2 DAGs
[2024-10-30T16:18:15.433+0000] {logging_mixin.py:115} INFO - [2024-10-30T16:18:15.432+0000] {dag.py:2981} INFO - Setting next_dagrun for example_subdag_operator.section-1 to None, run_after=None
[2024-10-30T16:18:15.433+0000] {logging_mixin.py:115} INFO - [2024-10-30T16:18:15.433+0000] {dag.py:2981} INFO - Setting next_dagrun for example_subdag_operator.section-2 to None, run_after=None
[2024-10-30T16:18:15.438+0000] {processor.py:161} INFO - Processing /home/airflow/.local/lib/python3.7/site-packages/airflow/example_dags/example_subdag_operator.py took 0.180 seconds
[2024-10-30T16:18:45.818+0000] {processor.py:153} INFO - Started process (PID=957) to work on /home/airflow/.local/lib/python3.7/site-packages/airflow/example_dags/example_subdag_operator.py
[2024-10-30T16:18:45.818+0000] {processor.py:640} INFO - Processing file /home/airflow/.local/lib/python3.7/site-packages/airflow/example_dags/example_subdag_operator.py for tasks to queue
[2024-10-30T16:18:45.819+0000] {logging_mixin.py:115} INFO - [2024-10-30T16:18:45.819+0000] {dagbag.py:508} INFO - Filling up the DagBag from /home/airflow/.local/lib/python3.7/site-packages/airflow/example_dags/example_subdag_operator.py
[2024-10-30T16:18:45.838+0000] {processor.py:650} INFO - DAG(s) dict_keys(['example_subdag_operator.section-1', 'example_subdag_operator.section-2', 'example_subdag_operator']) retrieved from /home/airflow/.local/lib/python3.7/site-packages/airflow/example_dags/example_subdag_operator.py
[2024-10-30T16:18:45.953+0000] {logging_mixin.py:115} INFO - [2024-10-30T16:18:45.953+0000] {dag.py:2429} INFO - Sync 3 DAGs
[2024-10-30T16:18:45.968+0000] {logging_mixin.py:115} INFO - [2024-10-30T16:18:45.968+0000] {dag.py:2981} INFO - Setting next_dagrun for example_subdag_operator to 2022-01-01T00:00:00+00:00, run_after=2022-01-01T00:00:00+00:00
[2024-10-30T16:18:45.969+0000] {logging_mixin.py:115} INFO - [2024-10-30T16:18:45.969+0000] {dag.py:2981} INFO - Setting next_dagrun for example_subdag_operator.section-1 to None, run_after=None
[2024-10-30T16:18:45.969+0000] {logging_mixin.py:115} INFO - [2024-10-30T16:18:45.969+0000] {dag.py:2981} INFO - Setting next_dagrun for example_subdag_operator.section-2 to None, run_after=None
[2024-10-30T16:18:45.973+0000] {logging_mixin.py:115} INFO - [2024-10-30T16:18:45.973+0000] {dag.py:2429} INFO - Sync 2 DAGs
[2024-10-30T16:18:45.977+0000] {logging_mixin.py:115} INFO - [2024-10-30T16:18:45.977+0000] {dag.py:2981} INFO - Setting next_dagrun for example_subdag_operator.section-1 to None, run_after=None
[2024-10-30T16:18:45.977+0000] {logging_mixin.py:115} INFO - [2024-10-30T16:18:45.977+0000] {dag.py:2981} INFO - Setting next_dagrun for example_subdag_operator.section-2 to None, run_after=None
[2024-10-30T16:18:45.982+0000] {processor.py:161} INFO - Processing /home/airflow/.local/lib/python3.7/site-packages/airflow/example_dags/example_subdag_operator.py took 0.166 seconds
[2024-10-30T16:19:16.403+0000] {processor.py:153} INFO - Started process (PID=1019) to work on /home/airflow/.local/lib/python3.7/site-packages/airflow/example_dags/example_subdag_operator.py
[2024-10-30T16:19:16.404+0000] {processor.py:640} INFO - Processing file /home/airflow/.local/lib/python3.7/site-packages/airflow/example_dags/example_subdag_operator.py for tasks to queue
[2024-10-30T16:19:16.405+0000] {logging_mixin.py:115} INFO - [2024-10-30T16:19:16.404+0000] {dagbag.py:508} INFO - Filling up the DagBag from /home/airflow/.local/lib/python3.7/site-packages/airflow/example_dags/example_subdag_operator.py
[2024-10-30T16:19:16.424+0000] {processor.py:650} INFO - DAG(s) dict_keys(['example_subdag_operator.section-1', 'example_subdag_operator.section-2', 'example_subdag_operator']) retrieved from /home/airflow/.local/lib/python3.7/site-packages/airflow/example_dags/example_subdag_operator.py
[2024-10-30T16:19:16.554+0000] {logging_mixin.py:115} INFO - [2024-10-30T16:19:16.554+0000] {dag.py:2429} INFO - Sync 3 DAGs
[2024-10-30T16:19:16.572+0000] {logging_mixin.py:115} INFO - [2024-10-30T16:19:16.572+0000] {dag.py:2981} INFO - Setting next_dagrun for example_subdag_operator to 2022-01-01T00:00:00+00:00, run_after=2022-01-01T00:00:00+00:00
[2024-10-30T16:19:16.573+0000] {logging_mixin.py:115} INFO - [2024-10-30T16:19:16.572+0000] {dag.py:2981} INFO - Setting next_dagrun for example_subdag_operator.section-1 to None, run_after=None
[2024-10-30T16:19:16.573+0000] {logging_mixin.py:115} INFO - [2024-10-30T16:19:16.573+0000] {dag.py:2981} INFO - Setting next_dagrun for example_subdag_operator.section-2 to None, run_after=None
[2024-10-30T16:19:16.577+0000] {logging_mixin.py:115} INFO - [2024-10-30T16:19:16.577+0000] {dag.py:2429} INFO - Sync 2 DAGs
[2024-10-30T16:19:16.580+0000] {logging_mixin.py:115} INFO - [2024-10-30T16:19:16.580+0000] {dag.py:2981} INFO - Setting next_dagrun for example_subdag_operator.section-1 to None, run_after=None
[2024-10-30T16:19:16.581+0000] {logging_mixin.py:115} INFO - [2024-10-30T16:19:16.581+0000] {dag.py:2981} INFO - Setting next_dagrun for example_subdag_operator.section-2 to None, run_after=None
[2024-10-30T16:19:16.586+0000] {processor.py:161} INFO - Processing /home/airflow/.local/lib/python3.7/site-packages/airflow/example_dags/example_subdag_operator.py took 0.185 seconds
[2024-10-30T16:19:47.122+0000] {processor.py:153} INFO - Started process (PID=1081) to work on /home/airflow/.local/lib/python3.7/site-packages/airflow/example_dags/example_subdag_operator.py
[2024-10-30T16:19:47.123+0000] {processor.py:640} INFO - Processing file /home/airflow/.local/lib/python3.7/site-packages/airflow/example_dags/example_subdag_operator.py for tasks to queue
[2024-10-30T16:19:47.123+0000] {logging_mixin.py:115} INFO - [2024-10-30T16:19:47.123+0000] {dagbag.py:508} INFO - Filling up the DagBag from /home/airflow/.local/lib/python3.7/site-packages/airflow/example_dags/example_subdag_operator.py
[2024-10-30T16:19:47.144+0000] {processor.py:650} INFO - DAG(s) dict_keys(['example_subdag_operator.section-1', 'example_subdag_operator.section-2', 'example_subdag_operator']) retrieved from /home/airflow/.local/lib/python3.7/site-packages/airflow/example_dags/example_subdag_operator.py
[2024-10-30T16:19:47.281+0000] {logging_mixin.py:115} INFO - [2024-10-30T16:19:47.281+0000] {dag.py:2429} INFO - Sync 3 DAGs
[2024-10-30T16:19:47.300+0000] {logging_mixin.py:115} INFO - [2024-10-30T16:19:47.299+0000] {dag.py:2981} INFO - Setting next_dagrun for example_subdag_operator to 2022-01-01T00:00:00+00:00, run_after=2022-01-01T00:00:00+00:00
[2024-10-30T16:19:47.301+0000] {logging_mixin.py:115} INFO - [2024-10-30T16:19:47.300+0000] {dag.py:2981} INFO - Setting next_dagrun for example_subdag_operator.section-1 to None, run_after=None
[2024-10-30T16:19:47.301+0000] {logging_mixin.py:115} INFO - [2024-10-30T16:19:47.301+0000] {dag.py:2981} INFO - Setting next_dagrun for example_subdag_operator.section-2 to None, run_after=None
[2024-10-30T16:19:47.307+0000] {logging_mixin.py:115} INFO - [2024-10-30T16:19:47.307+0000] {dag.py:2429} INFO - Sync 2 DAGs
[2024-10-30T16:19:47.312+0000] {logging_mixin.py:115} INFO - [2024-10-30T16:19:47.312+0000] {dag.py:2981} INFO - Setting next_dagrun for example_subdag_operator.section-1 to None, run_after=None
[2024-10-30T16:19:47.312+0000] {logging_mixin.py:115} INFO - [2024-10-30T16:19:47.312+0000] {dag.py:2981} INFO - Setting next_dagrun for example_subdag_operator.section-2 to None, run_after=None
[2024-10-30T16:19:47.318+0000] {processor.py:161} INFO - Processing /home/airflow/.local/lib/python3.7/site-packages/airflow/example_dags/example_subdag_operator.py took 0.198 seconds
[2024-10-30T16:20:17.665+0000] {processor.py:153} INFO - Started process (PID=1134) to work on /home/airflow/.local/lib/python3.7/site-packages/airflow/example_dags/example_subdag_operator.py
[2024-10-30T16:20:17.665+0000] {processor.py:640} INFO - Processing file /home/airflow/.local/lib/python3.7/site-packages/airflow/example_dags/example_subdag_operator.py for tasks to queue
[2024-10-30T16:20:17.666+0000] {logging_mixin.py:115} INFO - [2024-10-30T16:20:17.666+0000] {dagbag.py:508} INFO - Filling up the DagBag from /home/airflow/.local/lib/python3.7/site-packages/airflow/example_dags/example_subdag_operator.py
[2024-10-30T16:20:17.686+0000] {processor.py:650} INFO - DAG(s) dict_keys(['example_subdag_operator.section-1', 'example_subdag_operator.section-2', 'example_subdag_operator']) retrieved from /home/airflow/.local/lib/python3.7/site-packages/airflow/example_dags/example_subdag_operator.py
[2024-10-30T16:20:17.811+0000] {logging_mixin.py:115} INFO - [2024-10-30T16:20:17.811+0000] {dag.py:2429} INFO - Sync 3 DAGs
[2024-10-30T16:20:17.832+0000] {logging_mixin.py:115} INFO - [2024-10-30T16:20:17.831+0000] {dag.py:2981} INFO - Setting next_dagrun for example_subdag_operator to 2022-01-01T00:00:00+00:00, run_after=2022-01-01T00:00:00+00:00
[2024-10-30T16:20:17.832+0000] {logging_mixin.py:115} INFO - [2024-10-30T16:20:17.832+0000] {dag.py:2981} INFO - Setting next_dagrun for example_subdag_operator.section-1 to None, run_after=None
[2024-10-30T16:20:17.833+0000] {logging_mixin.py:115} INFO - [2024-10-30T16:20:17.832+0000] {dag.py:2981} INFO - Setting next_dagrun for example_subdag_operator.section-2 to None, run_after=None
[2024-10-30T16:20:17.838+0000] {logging_mixin.py:115} INFO - [2024-10-30T16:20:17.838+0000] {dag.py:2429} INFO - Sync 2 DAGs
[2024-10-30T16:20:17.842+0000] {logging_mixin.py:115} INFO - [2024-10-30T16:20:17.842+0000] {dag.py:2981} INFO - Setting next_dagrun for example_subdag_operator.section-1 to None, run_after=None
[2024-10-30T16:20:17.842+0000] {logging_mixin.py:115} INFO - [2024-10-30T16:20:17.842+0000] {dag.py:2981} INFO - Setting next_dagrun for example_subdag_operator.section-2 to None, run_after=None
[2024-10-30T16:20:17.847+0000] {processor.py:161} INFO - Processing /home/airflow/.local/lib/python3.7/site-packages/airflow/example_dags/example_subdag_operator.py took 0.184 seconds
[2024-10-30T16:20:48.271+0000] {processor.py:153} INFO - Started process (PID=1196) to work on /home/airflow/.local/lib/python3.7/site-packages/airflow/example_dags/example_subdag_operator.py
[2024-10-30T16:20:48.271+0000] {processor.py:640} INFO - Processing file /home/airflow/.local/lib/python3.7/site-packages/airflow/example_dags/example_subdag_operator.py for tasks to queue
[2024-10-30T16:20:48.272+0000] {logging_mixin.py:115} INFO - [2024-10-30T16:20:48.272+0000] {dagbag.py:508} INFO - Filling up the DagBag from /home/airflow/.local/lib/python3.7/site-packages/airflow/example_dags/example_subdag_operator.py
[2024-10-30T16:20:48.291+0000] {processor.py:650} INFO - DAG(s) dict_keys(['example_subdag_operator.section-1', 'example_subdag_operator.section-2', 'example_subdag_operator']) retrieved from /home/airflow/.local/lib/python3.7/site-packages/airflow/example_dags/example_subdag_operator.py
[2024-10-30T16:20:48.432+0000] {logging_mixin.py:115} INFO - [2024-10-30T16:20:48.432+0000] {dag.py:2429} INFO - Sync 3 DAGs
[2024-10-30T16:20:48.448+0000] {logging_mixin.py:115} INFO - [2024-10-30T16:20:48.447+0000] {dag.py:2981} INFO - Setting next_dagrun for example_subdag_operator to 2022-01-01T00:00:00+00:00, run_after=2022-01-01T00:00:00+00:00
[2024-10-30T16:20:48.448+0000] {logging_mixin.py:115} INFO - [2024-10-30T16:20:48.448+0000] {dag.py:2981} INFO - Setting next_dagrun for example_subdag_operator.section-1 to None, run_after=None
[2024-10-30T16:20:48.448+0000] {logging_mixin.py:115} INFO - [2024-10-30T16:20:48.448+0000] {dag.py:2981} INFO - Setting next_dagrun for example_subdag_operator.section-2 to None, run_after=None
[2024-10-30T16:20:48.453+0000] {logging_mixin.py:115} INFO - [2024-10-30T16:20:48.453+0000] {dag.py:2429} INFO - Sync 2 DAGs
[2024-10-30T16:20:48.457+0000] {logging_mixin.py:115} INFO - [2024-10-30T16:20:48.457+0000] {dag.py:2981} INFO - Setting next_dagrun for example_subdag_operator.section-1 to None, run_after=None
[2024-10-30T16:20:48.457+0000] {logging_mixin.py:115} INFO - [2024-10-30T16:20:48.457+0000] {dag.py:2981} INFO - Setting next_dagrun for example_subdag_operator.section-2 to None, run_after=None
[2024-10-30T16:20:48.462+0000] {processor.py:161} INFO - Processing /home/airflow/.local/lib/python3.7/site-packages/airflow/example_dags/example_subdag_operator.py took 0.193 seconds
[2024-10-30T16:21:18.685+0000] {processor.py:153} INFO - Started process (PID=1258) to work on /home/airflow/.local/lib/python3.7/site-packages/airflow/example_dags/example_subdag_operator.py
[2024-10-30T16:21:18.685+0000] {processor.py:640} INFO - Processing file /home/airflow/.local/lib/python3.7/site-packages/airflow/example_dags/example_subdag_operator.py for tasks to queue
[2024-10-30T16:21:18.686+0000] {logging_mixin.py:115} INFO - [2024-10-30T16:21:18.686+0000] {dagbag.py:508} INFO - Filling up the DagBag from /home/airflow/.local/lib/python3.7/site-packages/airflow/example_dags/example_subdag_operator.py
[2024-10-30T16:21:18.703+0000] {processor.py:650} INFO - DAG(s) dict_keys(['example_subdag_operator.section-1', 'example_subdag_operator.section-2', 'example_subdag_operator']) retrieved from /home/airflow/.local/lib/python3.7/site-packages/airflow/example_dags/example_subdag_operator.py
[2024-10-30T16:21:18.812+0000] {logging_mixin.py:115} INFO - [2024-10-30T16:21:18.812+0000] {dag.py:2429} INFO - Sync 3 DAGs
[2024-10-30T16:21:18.828+0000] {logging_mixin.py:115} INFO - [2024-10-30T16:21:18.828+0000] {dag.py:2981} INFO - Setting next_dagrun for example_subdag_operator to 2022-01-01T00:00:00+00:00, run_after=2022-01-01T00:00:00+00:00
[2024-10-30T16:21:18.829+0000] {logging_mixin.py:115} INFO - [2024-10-30T16:21:18.829+0000] {dag.py:2981} INFO - Setting next_dagrun for example_subdag_operator.section-1 to None, run_after=None
[2024-10-30T16:21:18.829+0000] {logging_mixin.py:115} INFO - [2024-10-30T16:21:18.829+0000] {dag.py:2981} INFO - Setting next_dagrun for example_subdag_operator.section-2 to None, run_after=None
[2024-10-30T16:21:18.834+0000] {logging_mixin.py:115} INFO - [2024-10-30T16:21:18.834+0000] {dag.py:2429} INFO - Sync 2 DAGs
[2024-10-30T16:21:18.837+0000] {logging_mixin.py:115} INFO - [2024-10-30T16:21:18.837+0000] {dag.py:2981} INFO - Setting next_dagrun for example_subdag_operator.section-1 to None, run_after=None
[2024-10-30T16:21:18.838+0000] {logging_mixin.py:115} INFO - [2024-10-30T16:21:18.838+0000] {dag.py:2981} INFO - Setting next_dagrun for example_subdag_operator.section-2 to None, run_after=None
[2024-10-30T16:21:18.843+0000] {processor.py:161} INFO - Processing /home/airflow/.local/lib/python3.7/site-packages/airflow/example_dags/example_subdag_operator.py took 0.160 seconds
[2024-10-30T16:21:49.169+0000] {processor.py:153} INFO - Started process (PID=1320) to work on /home/airflow/.local/lib/python3.7/site-packages/airflow/example_dags/example_subdag_operator.py
[2024-10-30T16:21:49.169+0000] {processor.py:640} INFO - Processing file /home/airflow/.local/lib/python3.7/site-packages/airflow/example_dags/example_subdag_operator.py for tasks to queue
[2024-10-30T16:21:49.170+0000] {logging_mixin.py:115} INFO - [2024-10-30T16:21:49.170+0000] {dagbag.py:508} INFO - Filling up the DagBag from /home/airflow/.local/lib/python3.7/site-packages/airflow/example_dags/example_subdag_operator.py
[2024-10-30T16:21:49.193+0000] {processor.py:650} INFO - DAG(s) dict_keys(['example_subdag_operator.section-1', 'example_subdag_operator.section-2', 'example_subdag_operator']) retrieved from /home/airflow/.local/lib/python3.7/site-packages/airflow/example_dags/example_subdag_operator.py
[2024-10-30T16:21:49.359+0000] {logging_mixin.py:115} INFO - [2024-10-30T16:21:49.359+0000] {dag.py:2429} INFO - Sync 3 DAGs
[2024-10-30T16:21:49.383+0000] {logging_mixin.py:115} INFO - [2024-10-30T16:21:49.383+0000] {dag.py:2981} INFO - Setting next_dagrun for example_subdag_operator to 2022-01-01T00:00:00+00:00, run_after=2022-01-01T00:00:00+00:00
[2024-10-30T16:21:49.384+0000] {logging_mixin.py:115} INFO - [2024-10-30T16:21:49.384+0000] {dag.py:2981} INFO - Setting next_dagrun for example_subdag_operator.section-1 to None, run_after=None
[2024-10-30T16:21:49.385+0000] {logging_mixin.py:115} INFO - [2024-10-30T16:21:49.385+0000] {dag.py:2981} INFO - Setting next_dagrun for example_subdag_operator.section-2 to None, run_after=None
[2024-10-30T16:21:49.393+0000] {logging_mixin.py:115} INFO - [2024-10-30T16:21:49.393+0000] {dag.py:2429} INFO - Sync 2 DAGs
[2024-10-30T16:21:49.398+0000] {logging_mixin.py:115} INFO - [2024-10-30T16:21:49.398+0000] {dag.py:2981} INFO - Setting next_dagrun for example_subdag_operator.section-1 to None, run_after=None
[2024-10-30T16:21:49.399+0000] {logging_mixin.py:115} INFO - [2024-10-30T16:21:49.399+0000] {dag.py:2981} INFO - Setting next_dagrun for example_subdag_operator.section-2 to None, run_after=None
[2024-10-30T16:21:49.406+0000] {processor.py:161} INFO - Processing /home/airflow/.local/lib/python3.7/site-packages/airflow/example_dags/example_subdag_operator.py took 0.241 seconds
[2024-10-30T16:22:20.029+0000] {processor.py:153} INFO - Started process (PID=1373) to work on /home/airflow/.local/lib/python3.7/site-packages/airflow/example_dags/example_subdag_operator.py
[2024-10-30T16:22:20.030+0000] {processor.py:640} INFO - Processing file /home/airflow/.local/lib/python3.7/site-packages/airflow/example_dags/example_subdag_operator.py for tasks to queue
[2024-10-30T16:22:20.030+0000] {logging_mixin.py:115} INFO - [2024-10-30T16:22:20.030+0000] {dagbag.py:508} INFO - Filling up the DagBag from /home/airflow/.local/lib/python3.7/site-packages/airflow/example_dags/example_subdag_operator.py
[2024-10-30T16:22:20.048+0000] {processor.py:650} INFO - DAG(s) dict_keys(['example_subdag_operator.section-1', 'example_subdag_operator.section-2', 'example_subdag_operator']) retrieved from /home/airflow/.local/lib/python3.7/site-packages/airflow/example_dags/example_subdag_operator.py
[2024-10-30T16:22:20.157+0000] {logging_mixin.py:115} INFO - [2024-10-30T16:22:20.157+0000] {dag.py:2429} INFO - Sync 3 DAGs
[2024-10-30T16:22:20.172+0000] {logging_mixin.py:115} INFO - [2024-10-30T16:22:20.172+0000] {dag.py:2981} INFO - Setting next_dagrun for example_subdag_operator to 2022-01-01T00:00:00+00:00, run_after=2022-01-01T00:00:00+00:00
[2024-10-30T16:22:20.173+0000] {logging_mixin.py:115} INFO - [2024-10-30T16:22:20.173+0000] {dag.py:2981} INFO - Setting next_dagrun for example_subdag_operator.section-1 to None, run_after=None
[2024-10-30T16:22:20.173+0000] {logging_mixin.py:115} INFO - [2024-10-30T16:22:20.173+0000] {dag.py:2981} INFO - Setting next_dagrun for example_subdag_operator.section-2 to None, run_after=None
[2024-10-30T16:22:20.177+0000] {logging_mixin.py:115} INFO - [2024-10-30T16:22:20.177+0000] {dag.py:2429} INFO - Sync 2 DAGs
[2024-10-30T16:22:20.180+0000] {logging_mixin.py:115} INFO - [2024-10-30T16:22:20.180+0000] {dag.py:2981} INFO - Setting next_dagrun for example_subdag_operator.section-1 to None, run_after=None
[2024-10-30T16:22:20.180+0000] {logging_mixin.py:115} INFO - [2024-10-30T16:22:20.180+0000] {dag.py:2981} INFO - Setting next_dagrun for example_subdag_operator.section-2 to None, run_after=None
[2024-10-30T16:22:20.185+0000] {processor.py:161} INFO - Processing /home/airflow/.local/lib/python3.7/site-packages/airflow/example_dags/example_subdag_operator.py took 0.158 seconds
[2024-10-30T16:22:50.739+0000] {processor.py:153} INFO - Started process (PID=1435) to work on /home/airflow/.local/lib/python3.7/site-packages/airflow/example_dags/example_subdag_operator.py
[2024-10-30T16:22:50.740+0000] {processor.py:640} INFO - Processing file /home/airflow/.local/lib/python3.7/site-packages/airflow/example_dags/example_subdag_operator.py for tasks to queue
[2024-10-30T16:22:50.741+0000] {logging_mixin.py:115} INFO - [2024-10-30T16:22:50.741+0000] {dagbag.py:508} INFO - Filling up the DagBag from /home/airflow/.local/lib/python3.7/site-packages/airflow/example_dags/example_subdag_operator.py
[2024-10-30T16:22:50.759+0000] {processor.py:650} INFO - DAG(s) dict_keys(['example_subdag_operator.section-1', 'example_subdag_operator.section-2', 'example_subdag_operator']) retrieved from /home/airflow/.local/lib/python3.7/site-packages/airflow/example_dags/example_subdag_operator.py
[2024-10-30T16:22:50.911+0000] {logging_mixin.py:115} INFO - [2024-10-30T16:22:50.911+0000] {dag.py:2429} INFO - Sync 3 DAGs
[2024-10-30T16:22:50.928+0000] {logging_mixin.py:115} INFO - [2024-10-30T16:22:50.928+0000] {dag.py:2981} INFO - Setting next_dagrun for example_subdag_operator to 2022-01-01T00:00:00+00:00, run_after=2022-01-01T00:00:00+00:00
[2024-10-30T16:22:50.929+0000] {logging_mixin.py:115} INFO - [2024-10-30T16:22:50.929+0000] {dag.py:2981} INFO - Setting next_dagrun for example_subdag_operator.section-1 to None, run_after=None
[2024-10-30T16:22:50.929+0000] {logging_mixin.py:115} INFO - [2024-10-30T16:22:50.929+0000] {dag.py:2981} INFO - Setting next_dagrun for example_subdag_operator.section-2 to None, run_after=None
[2024-10-30T16:22:50.934+0000] {logging_mixin.py:115} INFO - [2024-10-30T16:22:50.934+0000] {dag.py:2429} INFO - Sync 2 DAGs
[2024-10-30T16:22:50.940+0000] {logging_mixin.py:115} INFO - [2024-10-30T16:22:50.940+0000] {dag.py:2981} INFO - Setting next_dagrun for example_subdag_operator.section-1 to None, run_after=None
[2024-10-30T16:22:50.941+0000] {logging_mixin.py:115} INFO - [2024-10-30T16:22:50.941+0000] {dag.py:2981} INFO - Setting next_dagrun for example_subdag_operator.section-2 to None, run_after=None
[2024-10-30T16:22:50.947+0000] {processor.py:161} INFO - Processing /home/airflow/.local/lib/python3.7/site-packages/airflow/example_dags/example_subdag_operator.py took 0.209 seconds
[2024-10-30T16:23:21.237+0000] {processor.py:153} INFO - Started process (PID=1497) to work on /home/airflow/.local/lib/python3.7/site-packages/airflow/example_dags/example_subdag_operator.py
[2024-10-30T16:23:21.238+0000] {processor.py:640} INFO - Processing file /home/airflow/.local/lib/python3.7/site-packages/airflow/example_dags/example_subdag_operator.py for tasks to queue
[2024-10-30T16:23:21.238+0000] {logging_mixin.py:115} INFO - [2024-10-30T16:23:21.238+0000] {dagbag.py:508} INFO - Filling up the DagBag from /home/airflow/.local/lib/python3.7/site-packages/airflow/example_dags/example_subdag_operator.py
[2024-10-30T16:23:21.254+0000] {processor.py:650} INFO - DAG(s) dict_keys(['example_subdag_operator.section-1', 'example_subdag_operator.section-2', 'example_subdag_operator']) retrieved from /home/airflow/.local/lib/python3.7/site-packages/airflow/example_dags/example_subdag_operator.py
[2024-10-30T16:23:21.356+0000] {logging_mixin.py:115} INFO - [2024-10-30T16:23:21.356+0000] {dag.py:2429} INFO - Sync 3 DAGs
[2024-10-30T16:23:21.369+0000] {logging_mixin.py:115} INFO - [2024-10-30T16:23:21.369+0000] {dag.py:2981} INFO - Setting next_dagrun for example_subdag_operator to 2022-01-01T00:00:00+00:00, run_after=2022-01-01T00:00:00+00:00
[2024-10-30T16:23:21.369+0000] {logging_mixin.py:115} INFO - [2024-10-30T16:23:21.369+0000] {dag.py:2981} INFO - Setting next_dagrun for example_subdag_operator.section-1 to None, run_after=None
[2024-10-30T16:23:21.370+0000] {logging_mixin.py:115} INFO - [2024-10-30T16:23:21.370+0000] {dag.py:2981} INFO - Setting next_dagrun for example_subdag_operator.section-2 to None, run_after=None
[2024-10-30T16:23:21.374+0000] {logging_mixin.py:115} INFO - [2024-10-30T16:23:21.373+0000] {dag.py:2429} INFO - Sync 2 DAGs
[2024-10-30T16:23:21.377+0000] {logging_mixin.py:115} INFO - [2024-10-30T16:23:21.377+0000] {dag.py:2981} INFO - Setting next_dagrun for example_subdag_operator.section-1 to None, run_after=None
[2024-10-30T16:23:21.377+0000] {logging_mixin.py:115} INFO - [2024-10-30T16:23:21.377+0000] {dag.py:2981} INFO - Setting next_dagrun for example_subdag_operator.section-2 to None, run_after=None
[2024-10-30T16:23:21.382+0000] {processor.py:161} INFO - Processing /home/airflow/.local/lib/python3.7/site-packages/airflow/example_dags/example_subdag_operator.py took 0.147 seconds
[2024-10-30T16:23:51.996+0000] {processor.py:153} INFO - Started process (PID=1559) to work on /home/airflow/.local/lib/python3.7/site-packages/airflow/example_dags/example_subdag_operator.py
[2024-10-30T16:23:51.997+0000] {processor.py:640} INFO - Processing file /home/airflow/.local/lib/python3.7/site-packages/airflow/example_dags/example_subdag_operator.py for tasks to queue
[2024-10-30T16:23:51.997+0000] {logging_mixin.py:115} INFO - [2024-10-30T16:23:51.997+0000] {dagbag.py:508} INFO - Filling up the DagBag from /home/airflow/.local/lib/python3.7/site-packages/airflow/example_dags/example_subdag_operator.py
[2024-10-30T16:23:52.019+0000] {processor.py:650} INFO - DAG(s) dict_keys(['example_subdag_operator.section-1', 'example_subdag_operator.section-2', 'example_subdag_operator']) retrieved from /home/airflow/.local/lib/python3.7/site-packages/airflow/example_dags/example_subdag_operator.py
[2024-10-30T16:23:52.170+0000] {logging_mixin.py:115} INFO - [2024-10-30T16:23:52.170+0000] {dag.py:2429} INFO - Sync 3 DAGs
[2024-10-30T16:23:52.186+0000] {logging_mixin.py:115} INFO - [2024-10-30T16:23:52.186+0000] {dag.py:2981} INFO - Setting next_dagrun for example_subdag_operator to 2022-01-01T00:00:00+00:00, run_after=2022-01-01T00:00:00+00:00
[2024-10-30T16:23:52.186+0000] {logging_mixin.py:115} INFO - [2024-10-30T16:23:52.186+0000] {dag.py:2981} INFO - Setting next_dagrun for example_subdag_operator.section-1 to None, run_after=None
[2024-10-30T16:23:52.187+0000] {logging_mixin.py:115} INFO - [2024-10-30T16:23:52.187+0000] {dag.py:2981} INFO - Setting next_dagrun for example_subdag_operator.section-2 to None, run_after=None
[2024-10-30T16:23:52.191+0000] {logging_mixin.py:115} INFO - [2024-10-30T16:23:52.191+0000] {dag.py:2429} INFO - Sync 2 DAGs
[2024-10-30T16:23:52.196+0000] {logging_mixin.py:115} INFO - [2024-10-30T16:23:52.195+0000] {dag.py:2981} INFO - Setting next_dagrun for example_subdag_operator.section-1 to None, run_after=None
[2024-10-30T16:23:52.196+0000] {logging_mixin.py:115} INFO - [2024-10-30T16:23:52.196+0000] {dag.py:2981} INFO - Setting next_dagrun for example_subdag_operator.section-2 to None, run_after=None
[2024-10-30T16:23:52.202+0000] {processor.py:161} INFO - Processing /home/airflow/.local/lib/python3.7/site-packages/airflow/example_dags/example_subdag_operator.py took 0.208 seconds
[2024-10-30T16:24:22.650+0000] {processor.py:153} INFO - Started process (PID=1612) to work on /home/airflow/.local/lib/python3.7/site-packages/airflow/example_dags/example_subdag_operator.py
[2024-10-30T16:24:22.651+0000] {processor.py:640} INFO - Processing file /home/airflow/.local/lib/python3.7/site-packages/airflow/example_dags/example_subdag_operator.py for tasks to queue
[2024-10-30T16:24:22.651+0000] {logging_mixin.py:115} INFO - [2024-10-30T16:24:22.651+0000] {dagbag.py:508} INFO - Filling up the DagBag from /home/airflow/.local/lib/python3.7/site-packages/airflow/example_dags/example_subdag_operator.py
[2024-10-30T16:24:22.672+0000] {processor.py:650} INFO - DAG(s) dict_keys(['example_subdag_operator.section-1', 'example_subdag_operator.section-2', 'example_subdag_operator']) retrieved from /home/airflow/.local/lib/python3.7/site-packages/airflow/example_dags/example_subdag_operator.py
[2024-10-30T16:24:22.797+0000] {logging_mixin.py:115} INFO - [2024-10-30T16:24:22.797+0000] {dag.py:2429} INFO - Sync 3 DAGs
[2024-10-30T16:24:22.818+0000] {logging_mixin.py:115} INFO - [2024-10-30T16:24:22.818+0000] {dag.py:2981} INFO - Setting next_dagrun for example_subdag_operator to 2022-01-01T00:00:00+00:00, run_after=2022-01-01T00:00:00+00:00
[2024-10-30T16:24:22.819+0000] {logging_mixin.py:115} INFO - [2024-10-30T16:24:22.819+0000] {dag.py:2981} INFO - Setting next_dagrun for example_subdag_operator.section-1 to None, run_after=None
[2024-10-30T16:24:22.820+0000] {logging_mixin.py:115} INFO - [2024-10-30T16:24:22.820+0000] {dag.py:2981} INFO - Setting next_dagrun for example_subdag_operator.section-2 to None, run_after=None
[2024-10-30T16:24:22.826+0000] {logging_mixin.py:115} INFO - [2024-10-30T16:24:22.826+0000] {dag.py:2429} INFO - Sync 2 DAGs
[2024-10-30T16:24:22.831+0000] {logging_mixin.py:115} INFO - [2024-10-30T16:24:22.831+0000] {dag.py:2981} INFO - Setting next_dagrun for example_subdag_operator.section-1 to None, run_after=None
[2024-10-30T16:24:22.831+0000] {logging_mixin.py:115} INFO - [2024-10-30T16:24:22.831+0000] {dag.py:2981} INFO - Setting next_dagrun for example_subdag_operator.section-2 to None, run_after=None
[2024-10-30T16:24:22.838+0000] {processor.py:161} INFO - Processing /home/airflow/.local/lib/python3.7/site-packages/airflow/example_dags/example_subdag_operator.py took 0.191 seconds
[2024-10-30T16:24:53.625+0000] {processor.py:153} INFO - Started process (PID=1675) to work on /home/airflow/.local/lib/python3.7/site-packages/airflow/example_dags/example_subdag_operator.py
[2024-10-30T16:24:53.626+0000] {processor.py:640} INFO - Processing file /home/airflow/.local/lib/python3.7/site-packages/airflow/example_dags/example_subdag_operator.py for tasks to queue
[2024-10-30T16:24:53.627+0000] {logging_mixin.py:115} INFO - [2024-10-30T16:24:53.626+0000] {dagbag.py:508} INFO - Filling up the DagBag from /home/airflow/.local/lib/python3.7/site-packages/airflow/example_dags/example_subdag_operator.py
[2024-10-30T16:24:53.646+0000] {processor.py:650} INFO - DAG(s) dict_keys(['example_subdag_operator.section-1', 'example_subdag_operator.section-2', 'example_subdag_operator']) retrieved from /home/airflow/.local/lib/python3.7/site-packages/airflow/example_dags/example_subdag_operator.py
[2024-10-30T16:24:53.778+0000] {logging_mixin.py:115} INFO - [2024-10-30T16:24:53.777+0000] {dag.py:2429} INFO - Sync 3 DAGs
[2024-10-30T16:24:53.797+0000] {logging_mixin.py:115} INFO - [2024-10-30T16:24:53.797+0000] {dag.py:2981} INFO - Setting next_dagrun for example_subdag_operator to 2022-01-01T00:00:00+00:00, run_after=2022-01-01T00:00:00+00:00
[2024-10-30T16:24:53.798+0000] {logging_mixin.py:115} INFO - [2024-10-30T16:24:53.798+0000] {dag.py:2981} INFO - Setting next_dagrun for example_subdag_operator.section-1 to None, run_after=None
[2024-10-30T16:24:53.798+0000] {logging_mixin.py:115} INFO - [2024-10-30T16:24:53.798+0000] {dag.py:2981} INFO - Setting next_dagrun for example_subdag_operator.section-2 to None, run_after=None
[2024-10-30T16:24:53.804+0000] {logging_mixin.py:115} INFO - [2024-10-30T16:24:53.804+0000] {dag.py:2429} INFO - Sync 2 DAGs
[2024-10-30T16:24:53.810+0000] {logging_mixin.py:115} INFO - [2024-10-30T16:24:53.809+0000] {dag.py:2981} INFO - Setting next_dagrun for example_subdag_operator.section-1 to None, run_after=None
[2024-10-30T16:24:53.810+0000] {logging_mixin.py:115} INFO - [2024-10-30T16:24:53.810+0000] {dag.py:2981} INFO - Setting next_dagrun for example_subdag_operator.section-2 to None, run_after=None
[2024-10-30T16:24:53.817+0000] {processor.py:161} INFO - Processing /home/airflow/.local/lib/python3.7/site-packages/airflow/example_dags/example_subdag_operator.py took 0.194 seconds
[2024-10-30T16:25:24.332+0000] {processor.py:153} INFO - Started process (PID=1737) to work on /home/airflow/.local/lib/python3.7/site-packages/airflow/example_dags/example_subdag_operator.py
[2024-10-30T16:25:24.332+0000] {processor.py:640} INFO - Processing file /home/airflow/.local/lib/python3.7/site-packages/airflow/example_dags/example_subdag_operator.py for tasks to queue
[2024-10-30T16:25:24.333+0000] {logging_mixin.py:115} INFO - [2024-10-30T16:25:24.333+0000] {dagbag.py:508} INFO - Filling up the DagBag from /home/airflow/.local/lib/python3.7/site-packages/airflow/example_dags/example_subdag_operator.py
[2024-10-30T16:25:24.353+0000] {processor.py:650} INFO - DAG(s) dict_keys(['example_subdag_operator.section-1', 'example_subdag_operator.section-2', 'example_subdag_operator']) retrieved from /home/airflow/.local/lib/python3.7/site-packages/airflow/example_dags/example_subdag_operator.py
[2024-10-30T16:25:24.469+0000] {logging_mixin.py:115} INFO - [2024-10-30T16:25:24.468+0000] {dag.py:2429} INFO - Sync 3 DAGs
[2024-10-30T16:25:24.487+0000] {logging_mixin.py:115} INFO - [2024-10-30T16:25:24.486+0000] {dag.py:2981} INFO - Setting next_dagrun for example_subdag_operator to 2022-01-01T00:00:00+00:00, run_after=2022-01-01T00:00:00+00:00
[2024-10-30T16:25:24.487+0000] {logging_mixin.py:115} INFO - [2024-10-30T16:25:24.487+0000] {dag.py:2981} INFO - Setting next_dagrun for example_subdag_operator.section-1 to None, run_after=None
[2024-10-30T16:25:24.487+0000] {logging_mixin.py:115} INFO - [2024-10-30T16:25:24.487+0000] {dag.py:2981} INFO - Setting next_dagrun for example_subdag_operator.section-2 to None, run_after=None
[2024-10-30T16:25:24.492+0000] {logging_mixin.py:115} INFO - [2024-10-30T16:25:24.492+0000] {dag.py:2429} INFO - Sync 2 DAGs
[2024-10-30T16:25:24.497+0000] {logging_mixin.py:115} INFO - [2024-10-30T16:25:24.497+0000] {dag.py:2981} INFO - Setting next_dagrun for example_subdag_operator.section-1 to None, run_after=None
[2024-10-30T16:25:24.498+0000] {logging_mixin.py:115} INFO - [2024-10-30T16:25:24.497+0000] {dag.py:2981} INFO - Setting next_dagrun for example_subdag_operator.section-2 to None, run_after=None
[2024-10-30T16:25:24.505+0000] {processor.py:161} INFO - Processing /home/airflow/.local/lib/python3.7/site-packages/airflow/example_dags/example_subdag_operator.py took 0.175 seconds
[2024-10-30T16:25:54.938+0000] {processor.py:153} INFO - Started process (PID=1800) to work on /home/airflow/.local/lib/python3.7/site-packages/airflow/example_dags/example_subdag_operator.py
[2024-10-30T16:25:54.938+0000] {processor.py:640} INFO - Processing file /home/airflow/.local/lib/python3.7/site-packages/airflow/example_dags/example_subdag_operator.py for tasks to queue
[2024-10-30T16:25:54.939+0000] {logging_mixin.py:115} INFO - [2024-10-30T16:25:54.939+0000] {dagbag.py:508} INFO - Filling up the DagBag from /home/airflow/.local/lib/python3.7/site-packages/airflow/example_dags/example_subdag_operator.py
[2024-10-30T16:25:54.961+0000] {processor.py:650} INFO - DAG(s) dict_keys(['example_subdag_operator.section-1', 'example_subdag_operator.section-2', 'example_subdag_operator']) retrieved from /home/airflow/.local/lib/python3.7/site-packages/airflow/example_dags/example_subdag_operator.py
[2024-10-30T16:25:55.119+0000] {logging_mixin.py:115} INFO - [2024-10-30T16:25:55.119+0000] {dag.py:2429} INFO - Sync 3 DAGs
[2024-10-30T16:25:55.142+0000] {logging_mixin.py:115} INFO - [2024-10-30T16:25:55.142+0000] {dag.py:2981} INFO - Setting next_dagrun for example_subdag_operator to 2022-01-01T00:00:00+00:00, run_after=2022-01-01T00:00:00+00:00
[2024-10-30T16:25:55.142+0000] {logging_mixin.py:115} INFO - [2024-10-30T16:25:55.142+0000] {dag.py:2981} INFO - Setting next_dagrun for example_subdag_operator.section-1 to None, run_after=None
[2024-10-30T16:25:55.143+0000] {logging_mixin.py:115} INFO - [2024-10-30T16:25:55.143+0000] {dag.py:2981} INFO - Setting next_dagrun for example_subdag_operator.section-2 to None, run_after=None
[2024-10-30T16:25:55.148+0000] {logging_mixin.py:115} INFO - [2024-10-30T16:25:55.148+0000] {dag.py:2429} INFO - Sync 2 DAGs
[2024-10-30T16:25:55.153+0000] {logging_mixin.py:115} INFO - [2024-10-30T16:25:55.153+0000] {dag.py:2981} INFO - Setting next_dagrun for example_subdag_operator.section-1 to None, run_after=None
[2024-10-30T16:25:55.154+0000] {logging_mixin.py:115} INFO - [2024-10-30T16:25:55.154+0000] {dag.py:2981} INFO - Setting next_dagrun for example_subdag_operator.section-2 to None, run_after=None
[2024-10-30T16:25:55.160+0000] {processor.py:161} INFO - Processing /home/airflow/.local/lib/python3.7/site-packages/airflow/example_dags/example_subdag_operator.py took 0.225 seconds
[2024-10-30T16:26:25.941+0000] {processor.py:153} INFO - Started process (PID=1855) to work on /home/airflow/.local/lib/python3.7/site-packages/airflow/example_dags/example_subdag_operator.py
[2024-10-30T16:26:25.942+0000] {processor.py:640} INFO - Processing file /home/airflow/.local/lib/python3.7/site-packages/airflow/example_dags/example_subdag_operator.py for tasks to queue
[2024-10-30T16:26:25.942+0000] {logging_mixin.py:115} INFO - [2024-10-30T16:26:25.942+0000] {dagbag.py:508} INFO - Filling up the DagBag from /home/airflow/.local/lib/python3.7/site-packages/airflow/example_dags/example_subdag_operator.py
[2024-10-30T16:26:25.965+0000] {processor.py:650} INFO - DAG(s) dict_keys(['example_subdag_operator.section-1', 'example_subdag_operator.section-2', 'example_subdag_operator']) retrieved from /home/airflow/.local/lib/python3.7/site-packages/airflow/example_dags/example_subdag_operator.py
[2024-10-30T16:26:26.140+0000] {logging_mixin.py:115} INFO - [2024-10-30T16:26:26.139+0000] {dag.py:2429} INFO - Sync 3 DAGs
[2024-10-30T16:26:26.155+0000] {logging_mixin.py:115} INFO - [2024-10-30T16:26:26.155+0000] {dag.py:2981} INFO - Setting next_dagrun for example_subdag_operator to 2022-01-01T00:00:00+00:00, run_after=2022-01-01T00:00:00+00:00
[2024-10-30T16:26:26.156+0000] {logging_mixin.py:115} INFO - [2024-10-30T16:26:26.156+0000] {dag.py:2981} INFO - Setting next_dagrun for example_subdag_operator.section-1 to None, run_after=None
[2024-10-30T16:26:26.156+0000] {logging_mixin.py:115} INFO - [2024-10-30T16:26:26.156+0000] {dag.py:2981} INFO - Setting next_dagrun for example_subdag_operator.section-2 to None, run_after=None
[2024-10-30T16:26:26.161+0000] {logging_mixin.py:115} INFO - [2024-10-30T16:26:26.161+0000] {dag.py:2429} INFO - Sync 2 DAGs
[2024-10-30T16:26:26.164+0000] {logging_mixin.py:115} INFO - [2024-10-30T16:26:26.164+0000] {dag.py:2981} INFO - Setting next_dagrun for example_subdag_operator.section-1 to None, run_after=None
[2024-10-30T16:26:26.164+0000] {logging_mixin.py:115} INFO - [2024-10-30T16:26:26.164+0000] {dag.py:2981} INFO - Setting next_dagrun for example_subdag_operator.section-2 to None, run_after=None
[2024-10-30T16:26:26.170+0000] {processor.py:161} INFO - Processing /home/airflow/.local/lib/python3.7/site-packages/airflow/example_dags/example_subdag_operator.py took 0.231 seconds
[2024-10-30T16:26:56.636+0000] {processor.py:153} INFO - Started process (PID=1919) to work on /home/airflow/.local/lib/python3.7/site-packages/airflow/example_dags/example_subdag_operator.py
[2024-10-30T16:26:56.637+0000] {processor.py:640} INFO - Processing file /home/airflow/.local/lib/python3.7/site-packages/airflow/example_dags/example_subdag_operator.py for tasks to queue
[2024-10-30T16:26:56.637+0000] {logging_mixin.py:115} INFO - [2024-10-30T16:26:56.637+0000] {dagbag.py:508} INFO - Filling up the DagBag from /home/airflow/.local/lib/python3.7/site-packages/airflow/example_dags/example_subdag_operator.py
[2024-10-30T16:26:56.654+0000] {processor.py:650} INFO - DAG(s) dict_keys(['example_subdag_operator.section-1', 'example_subdag_operator.section-2', 'example_subdag_operator']) retrieved from /home/airflow/.local/lib/python3.7/site-packages/airflow/example_dags/example_subdag_operator.py
[2024-10-30T16:26:56.793+0000] {logging_mixin.py:115} INFO - [2024-10-30T16:26:56.793+0000] {dag.py:2429} INFO - Sync 3 DAGs
[2024-10-30T16:26:56.811+0000] {logging_mixin.py:115} INFO - [2024-10-30T16:26:56.811+0000] {dag.py:2981} INFO - Setting next_dagrun for example_subdag_operator to 2022-01-01T00:00:00+00:00, run_after=2022-01-01T00:00:00+00:00
[2024-10-30T16:26:56.811+0000] {logging_mixin.py:115} INFO - [2024-10-30T16:26:56.811+0000] {dag.py:2981} INFO - Setting next_dagrun for example_subdag_operator.section-1 to None, run_after=None
[2024-10-30T16:26:56.812+0000] {logging_mixin.py:115} INFO - [2024-10-30T16:26:56.812+0000] {dag.py:2981} INFO - Setting next_dagrun for example_subdag_operator.section-2 to None, run_after=None
[2024-10-30T16:26:56.816+0000] {logging_mixin.py:115} INFO - [2024-10-30T16:26:56.816+0000] {dag.py:2429} INFO - Sync 2 DAGs
[2024-10-30T16:26:56.820+0000] {logging_mixin.py:115} INFO - [2024-10-30T16:26:56.820+0000] {dag.py:2981} INFO - Setting next_dagrun for example_subdag_operator.section-1 to None, run_after=None
[2024-10-30T16:26:56.821+0000] {logging_mixin.py:115} INFO - [2024-10-30T16:26:56.821+0000] {dag.py:2981} INFO - Setting next_dagrun for example_subdag_operator.section-2 to None, run_after=None
[2024-10-30T16:26:56.825+0000] {processor.py:161} INFO - Processing /home/airflow/.local/lib/python3.7/site-packages/airflow/example_dags/example_subdag_operator.py took 0.192 seconds
