[2024-10-30T16:11:05.847+0000] {processor.py:153} INFO - Started process (PID=64) to work on /home/airflow/.local/lib/python3.7/site-packages/airflow/example_dags/example_task_group_decorator.py
[2024-10-30T16:11:05.848+0000] {processor.py:640} INFO - Processing file /home/airflow/.local/lib/python3.7/site-packages/airflow/example_dags/example_task_group_decorator.py for tasks to queue
[2024-10-30T16:11:05.849+0000] {logging_mixin.py:115} INFO - [2024-10-30T16:11:05.849+0000] {dagbag.py:508} INFO - Filling up the DagBag from /home/airflow/.local/lib/python3.7/site-packages/airflow/example_dags/example_task_group_decorator.py
[2024-10-30T16:11:05.874+0000] {processor.py:650} INFO - DAG(s) dict_keys(['example_task_group_decorator']) retrieved from /home/airflow/.local/lib/python3.7/site-packages/airflow/example_dags/example_task_group_decorator.py
[2024-10-30T16:11:05.947+0000] {logging_mixin.py:115} INFO - [2024-10-30T16:11:05.947+0000] {manager.py:508} INFO - Created Permission View: can delete on DAG:example_task_group_decorator
[2024-10-30T16:11:05.956+0000] {logging_mixin.py:115} INFO - [2024-10-30T16:11:05.956+0000] {manager.py:508} INFO - Created Permission View: can read on DAG:example_task_group_decorator
[2024-10-30T16:11:05.963+0000] {logging_mixin.py:115} INFO - [2024-10-30T16:11:05.963+0000] {manager.py:508} INFO - Created Permission View: can edit on DAG:example_task_group_decorator
[2024-10-30T16:11:05.964+0000] {logging_mixin.py:115} INFO - [2024-10-30T16:11:05.964+0000] {dag.py:2429} INFO - Sync 1 DAGs
[2024-10-30T16:11:05.973+0000] {logging_mixin.py:115} INFO - [2024-10-30T16:11:05.973+0000] {dag.py:2448} INFO - Creating ORM DAG for example_task_group_decorator
[2024-10-30T16:11:05.985+0000] {logging_mixin.py:115} INFO - [2024-10-30T16:11:05.985+0000] {dag.py:2981} INFO - Setting next_dagrun for example_task_group_decorator to 2024-10-29T16:11:05.984986+00:00, run_after=2024-10-30T16:11:05.984986+00:00
[2024-10-30T16:11:05.998+0000] {processor.py:161} INFO - Processing /home/airflow/.local/lib/python3.7/site-packages/airflow/example_dags/example_task_group_decorator.py took 0.153 seconds
[2024-10-30T16:11:36.580+0000] {processor.py:153} INFO - Started process (PID=126) to work on /home/airflow/.local/lib/python3.7/site-packages/airflow/example_dags/example_task_group_decorator.py
[2024-10-30T16:11:36.581+0000] {processor.py:640} INFO - Processing file /home/airflow/.local/lib/python3.7/site-packages/airflow/example_dags/example_task_group_decorator.py for tasks to queue
[2024-10-30T16:11:36.582+0000] {logging_mixin.py:115} INFO - [2024-10-30T16:11:36.582+0000] {dagbag.py:508} INFO - Filling up the DagBag from /home/airflow/.local/lib/python3.7/site-packages/airflow/example_dags/example_task_group_decorator.py
[2024-10-30T16:11:36.603+0000] {processor.py:650} INFO - DAG(s) dict_keys(['example_task_group_decorator']) retrieved from /home/airflow/.local/lib/python3.7/site-packages/airflow/example_dags/example_task_group_decorator.py
[2024-10-30T16:11:36.647+0000] {logging_mixin.py:115} INFO - [2024-10-30T16:11:36.647+0000] {dag.py:2429} INFO - Sync 1 DAGs
[2024-10-30T16:11:36.663+0000] {logging_mixin.py:115} INFO - [2024-10-30T16:11:36.663+0000] {dag.py:2981} INFO - Setting next_dagrun for example_task_group_decorator to 2024-10-29T16:11:36.663509+00:00, run_after=2024-10-30T16:11:36.663509+00:00
[2024-10-30T16:11:36.673+0000] {processor.py:161} INFO - Processing /home/airflow/.local/lib/python3.7/site-packages/airflow/example_dags/example_task_group_decorator.py took 0.095 seconds
[2024-10-30T16:12:07.120+0000] {processor.py:153} INFO - Started process (PID=188) to work on /home/airflow/.local/lib/python3.7/site-packages/airflow/example_dags/example_task_group_decorator.py
[2024-10-30T16:12:07.120+0000] {processor.py:640} INFO - Processing file /home/airflow/.local/lib/python3.7/site-packages/airflow/example_dags/example_task_group_decorator.py for tasks to queue
[2024-10-30T16:12:07.121+0000] {logging_mixin.py:115} INFO - [2024-10-30T16:12:07.121+0000] {dagbag.py:508} INFO - Filling up the DagBag from /home/airflow/.local/lib/python3.7/site-packages/airflow/example_dags/example_task_group_decorator.py
[2024-10-30T16:12:07.143+0000] {processor.py:650} INFO - DAG(s) dict_keys(['example_task_group_decorator']) retrieved from /home/airflow/.local/lib/python3.7/site-packages/airflow/example_dags/example_task_group_decorator.py
[2024-10-30T16:12:07.200+0000] {logging_mixin.py:115} INFO - [2024-10-30T16:12:07.200+0000] {dag.py:2429} INFO - Sync 1 DAGs
[2024-10-30T16:12:07.214+0000] {logging_mixin.py:115} INFO - [2024-10-30T16:12:07.214+0000] {dag.py:2981} INFO - Setting next_dagrun for example_task_group_decorator to 2024-10-29T16:12:07.214262+00:00, run_after=2024-10-30T16:12:07.214262+00:00
[2024-10-30T16:12:07.224+0000] {processor.py:161} INFO - Processing /home/airflow/.local/lib/python3.7/site-packages/airflow/example_dags/example_task_group_decorator.py took 0.107 seconds
[2024-10-30T16:12:37.750+0000] {processor.py:153} INFO - Started process (PID=242) to work on /home/airflow/.local/lib/python3.7/site-packages/airflow/example_dags/example_task_group_decorator.py
[2024-10-30T16:12:37.750+0000] {processor.py:640} INFO - Processing file /home/airflow/.local/lib/python3.7/site-packages/airflow/example_dags/example_task_group_decorator.py for tasks to queue
[2024-10-30T16:12:37.751+0000] {logging_mixin.py:115} INFO - [2024-10-30T16:12:37.751+0000] {dagbag.py:508} INFO - Filling up the DagBag from /home/airflow/.local/lib/python3.7/site-packages/airflow/example_dags/example_task_group_decorator.py
[2024-10-30T16:12:37.773+0000] {processor.py:650} INFO - DAG(s) dict_keys(['example_task_group_decorator']) retrieved from /home/airflow/.local/lib/python3.7/site-packages/airflow/example_dags/example_task_group_decorator.py
[2024-10-30T16:12:37.829+0000] {logging_mixin.py:115} INFO - [2024-10-30T16:12:37.829+0000] {dag.py:2429} INFO - Sync 1 DAGs
[2024-10-30T16:12:37.844+0000] {logging_mixin.py:115} INFO - [2024-10-30T16:12:37.844+0000] {dag.py:2981} INFO - Setting next_dagrun for example_task_group_decorator to 2024-10-29T16:12:37.844242+00:00, run_after=2024-10-30T16:12:37.844242+00:00
[2024-10-30T16:12:37.856+0000] {processor.py:161} INFO - Processing /home/airflow/.local/lib/python3.7/site-packages/airflow/example_dags/example_task_group_decorator.py took 0.109 seconds
[2024-10-30T16:13:08.212+0000] {processor.py:153} INFO - Started process (PID=304) to work on /home/airflow/.local/lib/python3.7/site-packages/airflow/example_dags/example_task_group_decorator.py
[2024-10-30T16:13:08.213+0000] {processor.py:640} INFO - Processing file /home/airflow/.local/lib/python3.7/site-packages/airflow/example_dags/example_task_group_decorator.py for tasks to queue
[2024-10-30T16:13:08.213+0000] {logging_mixin.py:115} INFO - [2024-10-30T16:13:08.213+0000] {dagbag.py:508} INFO - Filling up the DagBag from /home/airflow/.local/lib/python3.7/site-packages/airflow/example_dags/example_task_group_decorator.py
[2024-10-30T16:13:08.232+0000] {processor.py:650} INFO - DAG(s) dict_keys(['example_task_group_decorator']) retrieved from /home/airflow/.local/lib/python3.7/site-packages/airflow/example_dags/example_task_group_decorator.py
[2024-10-30T16:13:08.289+0000] {logging_mixin.py:115} INFO - [2024-10-30T16:13:08.289+0000] {dag.py:2429} INFO - Sync 1 DAGs
[2024-10-30T16:13:08.304+0000] {logging_mixin.py:115} INFO - [2024-10-30T16:13:08.304+0000] {dag.py:2981} INFO - Setting next_dagrun for example_task_group_decorator to 2024-10-29T16:13:08.304148+00:00, run_after=2024-10-30T16:13:08.304148+00:00
[2024-10-30T16:13:08.313+0000] {processor.py:161} INFO - Processing /home/airflow/.local/lib/python3.7/site-packages/airflow/example_dags/example_task_group_decorator.py took 0.103 seconds
[2024-10-30T16:13:38.934+0000] {processor.py:153} INFO - Started process (PID=367) to work on /home/airflow/.local/lib/python3.7/site-packages/airflow/example_dags/example_task_group_decorator.py
[2024-10-30T16:13:38.935+0000] {processor.py:640} INFO - Processing file /home/airflow/.local/lib/python3.7/site-packages/airflow/example_dags/example_task_group_decorator.py for tasks to queue
[2024-10-30T16:13:38.936+0000] {logging_mixin.py:115} INFO - [2024-10-30T16:13:38.936+0000] {dagbag.py:508} INFO - Filling up the DagBag from /home/airflow/.local/lib/python3.7/site-packages/airflow/example_dags/example_task_group_decorator.py
[2024-10-30T16:13:38.951+0000] {processor.py:650} INFO - DAG(s) dict_keys(['example_task_group_decorator']) retrieved from /home/airflow/.local/lib/python3.7/site-packages/airflow/example_dags/example_task_group_decorator.py
[2024-10-30T16:13:38.994+0000] {logging_mixin.py:115} INFO - [2024-10-30T16:13:38.994+0000] {dag.py:2429} INFO - Sync 1 DAGs
[2024-10-30T16:13:39.006+0000] {logging_mixin.py:115} INFO - [2024-10-30T16:13:39.006+0000] {dag.py:2981} INFO - Setting next_dagrun for example_task_group_decorator to 2024-10-29T16:13:39.006168+00:00, run_after=2024-10-30T16:13:39.006168+00:00
[2024-10-30T16:13:39.014+0000] {processor.py:161} INFO - Processing /home/airflow/.local/lib/python3.7/site-packages/airflow/example_dags/example_task_group_decorator.py took 0.082 seconds
[2024-10-30T16:14:09.793+0000] {processor.py:153} INFO - Started process (PID=429) to work on /home/airflow/.local/lib/python3.7/site-packages/airflow/example_dags/example_task_group_decorator.py
[2024-10-30T16:14:09.794+0000] {processor.py:640} INFO - Processing file /home/airflow/.local/lib/python3.7/site-packages/airflow/example_dags/example_task_group_decorator.py for tasks to queue
[2024-10-30T16:14:09.795+0000] {logging_mixin.py:115} INFO - [2024-10-30T16:14:09.795+0000] {dagbag.py:508} INFO - Filling up the DagBag from /home/airflow/.local/lib/python3.7/site-packages/airflow/example_dags/example_task_group_decorator.py
[2024-10-30T16:14:09.817+0000] {processor.py:650} INFO - DAG(s) dict_keys(['example_task_group_decorator']) retrieved from /home/airflow/.local/lib/python3.7/site-packages/airflow/example_dags/example_task_group_decorator.py
[2024-10-30T16:14:09.873+0000] {logging_mixin.py:115} INFO - [2024-10-30T16:14:09.873+0000] {dag.py:2429} INFO - Sync 1 DAGs
[2024-10-30T16:14:09.891+0000] {logging_mixin.py:115} INFO - [2024-10-30T16:14:09.891+0000] {dag.py:2981} INFO - Setting next_dagrun for example_task_group_decorator to 2024-10-29T16:14:09.891129+00:00, run_after=2024-10-30T16:14:09.891129+00:00
[2024-10-30T16:14:09.902+0000] {processor.py:161} INFO - Processing /home/airflow/.local/lib/python3.7/site-packages/airflow/example_dags/example_task_group_decorator.py took 0.111 seconds
[2024-10-30T16:14:40.585+0000] {processor.py:153} INFO - Started process (PID=482) to work on /home/airflow/.local/lib/python3.7/site-packages/airflow/example_dags/example_task_group_decorator.py
[2024-10-30T16:14:40.586+0000] {processor.py:640} INFO - Processing file /home/airflow/.local/lib/python3.7/site-packages/airflow/example_dags/example_task_group_decorator.py for tasks to queue
[2024-10-30T16:14:40.586+0000] {logging_mixin.py:115} INFO - [2024-10-30T16:14:40.586+0000] {dagbag.py:508} INFO - Filling up the DagBag from /home/airflow/.local/lib/python3.7/site-packages/airflow/example_dags/example_task_group_decorator.py
[2024-10-30T16:14:40.607+0000] {processor.py:650} INFO - DAG(s) dict_keys(['example_task_group_decorator']) retrieved from /home/airflow/.local/lib/python3.7/site-packages/airflow/example_dags/example_task_group_decorator.py
[2024-10-30T16:14:40.666+0000] {logging_mixin.py:115} INFO - [2024-10-30T16:14:40.666+0000] {dag.py:2429} INFO - Sync 1 DAGs
[2024-10-30T16:14:40.685+0000] {logging_mixin.py:115} INFO - [2024-10-30T16:14:40.685+0000] {dag.py:2981} INFO - Setting next_dagrun for example_task_group_decorator to 2024-10-29T16:14:40.685004+00:00, run_after=2024-10-30T16:14:40.685004+00:00
[2024-10-30T16:14:40.695+0000] {processor.py:161} INFO - Processing /home/airflow/.local/lib/python3.7/site-packages/airflow/example_dags/example_task_group_decorator.py took 0.113 seconds
[2024-10-30T16:15:11.191+0000] {processor.py:153} INFO - Started process (PID=544) to work on /home/airflow/.local/lib/python3.7/site-packages/airflow/example_dags/example_task_group_decorator.py
[2024-10-30T16:15:11.192+0000] {processor.py:640} INFO - Processing file /home/airflow/.local/lib/python3.7/site-packages/airflow/example_dags/example_task_group_decorator.py for tasks to queue
[2024-10-30T16:15:11.192+0000] {logging_mixin.py:115} INFO - [2024-10-30T16:15:11.192+0000] {dagbag.py:508} INFO - Filling up the DagBag from /home/airflow/.local/lib/python3.7/site-packages/airflow/example_dags/example_task_group_decorator.py
[2024-10-30T16:15:11.215+0000] {processor.py:650} INFO - DAG(s) dict_keys(['example_task_group_decorator']) retrieved from /home/airflow/.local/lib/python3.7/site-packages/airflow/example_dags/example_task_group_decorator.py
[2024-10-30T16:15:11.275+0000] {logging_mixin.py:115} INFO - [2024-10-30T16:15:11.275+0000] {dag.py:2429} INFO - Sync 1 DAGs
[2024-10-30T16:15:11.294+0000] {logging_mixin.py:115} INFO - [2024-10-30T16:15:11.294+0000] {dag.py:2981} INFO - Setting next_dagrun for example_task_group_decorator to 2024-10-29T16:15:11.293955+00:00, run_after=2024-10-30T16:15:11.293955+00:00
[2024-10-30T16:15:11.305+0000] {processor.py:161} INFO - Processing /home/airflow/.local/lib/python3.7/site-packages/airflow/example_dags/example_task_group_decorator.py took 0.115 seconds
[2024-10-30T16:15:41.891+0000] {processor.py:153} INFO - Started process (PID=606) to work on /home/airflow/.local/lib/python3.7/site-packages/airflow/example_dags/example_task_group_decorator.py
[2024-10-30T16:15:41.891+0000] {processor.py:640} INFO - Processing file /home/airflow/.local/lib/python3.7/site-packages/airflow/example_dags/example_task_group_decorator.py for tasks to queue
[2024-10-30T16:15:41.892+0000] {logging_mixin.py:115} INFO - [2024-10-30T16:15:41.892+0000] {dagbag.py:508} INFO - Filling up the DagBag from /home/airflow/.local/lib/python3.7/site-packages/airflow/example_dags/example_task_group_decorator.py
[2024-10-30T16:15:41.908+0000] {processor.py:650} INFO - DAG(s) dict_keys(['example_task_group_decorator']) retrieved from /home/airflow/.local/lib/python3.7/site-packages/airflow/example_dags/example_task_group_decorator.py
[2024-10-30T16:15:41.953+0000] {logging_mixin.py:115} INFO - [2024-10-30T16:15:41.953+0000] {dag.py:2429} INFO - Sync 1 DAGs
[2024-10-30T16:15:41.969+0000] {logging_mixin.py:115} INFO - [2024-10-30T16:15:41.969+0000] {dag.py:2981} INFO - Setting next_dagrun for example_task_group_decorator to 2024-10-29T16:15:41.969399+00:00, run_after=2024-10-30T16:15:41.969399+00:00
[2024-10-30T16:15:41.978+0000] {processor.py:161} INFO - Processing /home/airflow/.local/lib/python3.7/site-packages/airflow/example_dags/example_task_group_decorator.py took 0.089 seconds
[2024-10-30T16:16:12.726+0000] {processor.py:153} INFO - Started process (PID=659) to work on /home/airflow/.local/lib/python3.7/site-packages/airflow/example_dags/example_task_group_decorator.py
[2024-10-30T16:16:12.726+0000] {processor.py:640} INFO - Processing file /home/airflow/.local/lib/python3.7/site-packages/airflow/example_dags/example_task_group_decorator.py for tasks to queue
[2024-10-30T16:16:12.727+0000] {logging_mixin.py:115} INFO - [2024-10-30T16:16:12.727+0000] {dagbag.py:508} INFO - Filling up the DagBag from /home/airflow/.local/lib/python3.7/site-packages/airflow/example_dags/example_task_group_decorator.py
[2024-10-30T16:16:12.748+0000] {processor.py:650} INFO - DAG(s) dict_keys(['example_task_group_decorator']) retrieved from /home/airflow/.local/lib/python3.7/site-packages/airflow/example_dags/example_task_group_decorator.py
[2024-10-30T16:16:12.793+0000] {logging_mixin.py:115} INFO - [2024-10-30T16:16:12.793+0000] {dag.py:2429} INFO - Sync 1 DAGs
[2024-10-30T16:16:12.811+0000] {logging_mixin.py:115} INFO - [2024-10-30T16:16:12.810+0000] {dag.py:2981} INFO - Setting next_dagrun for example_task_group_decorator to 2024-10-29T16:16:12.810754+00:00, run_after=2024-10-30T16:16:12.810754+00:00
[2024-10-30T16:16:12.822+0000] {processor.py:161} INFO - Processing /home/airflow/.local/lib/python3.7/site-packages/airflow/example_dags/example_task_group_decorator.py took 0.097 seconds
[2024-10-30T16:16:43.386+0000] {processor.py:153} INFO - Started process (PID=721) to work on /home/airflow/.local/lib/python3.7/site-packages/airflow/example_dags/example_task_group_decorator.py
[2024-10-30T16:16:43.386+0000] {processor.py:640} INFO - Processing file /home/airflow/.local/lib/python3.7/site-packages/airflow/example_dags/example_task_group_decorator.py for tasks to queue
[2024-10-30T16:16:43.387+0000] {logging_mixin.py:115} INFO - [2024-10-30T16:16:43.387+0000] {dagbag.py:508} INFO - Filling up the DagBag from /home/airflow/.local/lib/python3.7/site-packages/airflow/example_dags/example_task_group_decorator.py
[2024-10-30T16:16:43.402+0000] {processor.py:650} INFO - DAG(s) dict_keys(['example_task_group_decorator']) retrieved from /home/airflow/.local/lib/python3.7/site-packages/airflow/example_dags/example_task_group_decorator.py
[2024-10-30T16:16:43.448+0000] {logging_mixin.py:115} INFO - [2024-10-30T16:16:43.448+0000] {dag.py:2429} INFO - Sync 1 DAGs
[2024-10-30T16:16:43.460+0000] {logging_mixin.py:115} INFO - [2024-10-30T16:16:43.460+0000] {dag.py:2981} INFO - Setting next_dagrun for example_task_group_decorator to 2024-10-29T16:16:43.460226+00:00, run_after=2024-10-30T16:16:43.460226+00:00
[2024-10-30T16:16:43.469+0000] {processor.py:161} INFO - Processing /home/airflow/.local/lib/python3.7/site-packages/airflow/example_dags/example_task_group_decorator.py took 0.085 seconds
[2024-10-30T16:17:14.246+0000] {processor.py:153} INFO - Started process (PID=783) to work on /home/airflow/.local/lib/python3.7/site-packages/airflow/example_dags/example_task_group_decorator.py
[2024-10-30T16:17:14.247+0000] {processor.py:640} INFO - Processing file /home/airflow/.local/lib/python3.7/site-packages/airflow/example_dags/example_task_group_decorator.py for tasks to queue
[2024-10-30T16:17:14.248+0000] {logging_mixin.py:115} INFO - [2024-10-30T16:17:14.247+0000] {dagbag.py:508} INFO - Filling up the DagBag from /home/airflow/.local/lib/python3.7/site-packages/airflow/example_dags/example_task_group_decorator.py
[2024-10-30T16:17:14.266+0000] {processor.py:650} INFO - DAG(s) dict_keys(['example_task_group_decorator']) retrieved from /home/airflow/.local/lib/python3.7/site-packages/airflow/example_dags/example_task_group_decorator.py
[2024-10-30T16:17:14.321+0000] {logging_mixin.py:115} INFO - [2024-10-30T16:17:14.321+0000] {dag.py:2429} INFO - Sync 1 DAGs
[2024-10-30T16:17:14.333+0000] {logging_mixin.py:115} INFO - [2024-10-30T16:17:14.333+0000] {dag.py:2981} INFO - Setting next_dagrun for example_task_group_decorator to 2024-10-29T16:17:14.333594+00:00, run_after=2024-10-30T16:17:14.333594+00:00
[2024-10-30T16:17:14.342+0000] {processor.py:161} INFO - Processing /home/airflow/.local/lib/python3.7/site-packages/airflow/example_dags/example_task_group_decorator.py took 0.099 seconds
[2024-10-30T16:17:44.938+0000] {processor.py:153} INFO - Started process (PID=845) to work on /home/airflow/.local/lib/python3.7/site-packages/airflow/example_dags/example_task_group_decorator.py
[2024-10-30T16:17:44.939+0000] {processor.py:640} INFO - Processing file /home/airflow/.local/lib/python3.7/site-packages/airflow/example_dags/example_task_group_decorator.py for tasks to queue
[2024-10-30T16:17:44.939+0000] {logging_mixin.py:115} INFO - [2024-10-30T16:17:44.939+0000] {dagbag.py:508} INFO - Filling up the DagBag from /home/airflow/.local/lib/python3.7/site-packages/airflow/example_dags/example_task_group_decorator.py
[2024-10-30T16:17:44.958+0000] {processor.py:650} INFO - DAG(s) dict_keys(['example_task_group_decorator']) retrieved from /home/airflow/.local/lib/python3.7/site-packages/airflow/example_dags/example_task_group_decorator.py
[2024-10-30T16:17:44.976+0000] {logging_mixin.py:115} INFO - [2024-10-30T16:17:44.976+0000] {dag.py:2429} INFO - Sync 1 DAGs
[2024-10-30T16:17:44.991+0000] {logging_mixin.py:115} INFO - [2024-10-30T16:17:44.991+0000] {dag.py:2981} INFO - Setting next_dagrun for example_task_group_decorator to 2024-10-29T16:17:44.990892+00:00, run_after=2024-10-30T16:17:44.990892+00:00
[2024-10-30T16:17:45.003+0000] {processor.py:161} INFO - Processing /home/airflow/.local/lib/python3.7/site-packages/airflow/example_dags/example_task_group_decorator.py took 0.067 seconds
[2024-10-30T16:18:15.456+0000] {processor.py:153} INFO - Started process (PID=898) to work on /home/airflow/.local/lib/python3.7/site-packages/airflow/example_dags/example_task_group_decorator.py
[2024-10-30T16:18:15.457+0000] {processor.py:640} INFO - Processing file /home/airflow/.local/lib/python3.7/site-packages/airflow/example_dags/example_task_group_decorator.py for tasks to queue
[2024-10-30T16:18:15.457+0000] {logging_mixin.py:115} INFO - [2024-10-30T16:18:15.457+0000] {dagbag.py:508} INFO - Filling up the DagBag from /home/airflow/.local/lib/python3.7/site-packages/airflow/example_dags/example_task_group_decorator.py
[2024-10-30T16:18:15.479+0000] {processor.py:650} INFO - DAG(s) dict_keys(['example_task_group_decorator']) retrieved from /home/airflow/.local/lib/python3.7/site-packages/airflow/example_dags/example_task_group_decorator.py
[2024-10-30T16:18:15.534+0000] {logging_mixin.py:115} INFO - [2024-10-30T16:18:15.534+0000] {dag.py:2429} INFO - Sync 1 DAGs
[2024-10-30T16:18:15.548+0000] {logging_mixin.py:115} INFO - [2024-10-30T16:18:15.548+0000] {dag.py:2981} INFO - Setting next_dagrun for example_task_group_decorator to 2024-10-29T16:18:15.548686+00:00, run_after=2024-10-30T16:18:15.548686+00:00
[2024-10-30T16:18:15.560+0000] {processor.py:161} INFO - Processing /home/airflow/.local/lib/python3.7/site-packages/airflow/example_dags/example_task_group_decorator.py took 0.107 seconds
[2024-10-30T16:18:45.952+0000] {processor.py:153} INFO - Started process (PID=960) to work on /home/airflow/.local/lib/python3.7/site-packages/airflow/example_dags/example_task_group_decorator.py
[2024-10-30T16:18:45.953+0000] {processor.py:640} INFO - Processing file /home/airflow/.local/lib/python3.7/site-packages/airflow/example_dags/example_task_group_decorator.py for tasks to queue
[2024-10-30T16:18:45.953+0000] {logging_mixin.py:115} INFO - [2024-10-30T16:18:45.953+0000] {dagbag.py:508} INFO - Filling up the DagBag from /home/airflow/.local/lib/python3.7/site-packages/airflow/example_dags/example_task_group_decorator.py
[2024-10-30T16:18:45.973+0000] {processor.py:650} INFO - DAG(s) dict_keys(['example_task_group_decorator']) retrieved from /home/airflow/.local/lib/python3.7/site-packages/airflow/example_dags/example_task_group_decorator.py
[2024-10-30T16:18:46.019+0000] {logging_mixin.py:115} INFO - [2024-10-30T16:18:46.019+0000] {dag.py:2429} INFO - Sync 1 DAGs
[2024-10-30T16:18:46.031+0000] {logging_mixin.py:115} INFO - [2024-10-30T16:18:46.031+0000] {dag.py:2981} INFO - Setting next_dagrun for example_task_group_decorator to 2024-10-29T16:18:46.031482+00:00, run_after=2024-10-30T16:18:46.031482+00:00
[2024-10-30T16:18:46.041+0000] {processor.py:161} INFO - Processing /home/airflow/.local/lib/python3.7/site-packages/airflow/example_dags/example_task_group_decorator.py took 0.091 seconds
[2024-10-30T16:19:16.604+0000] {processor.py:153} INFO - Started process (PID=1022) to work on /home/airflow/.local/lib/python3.7/site-packages/airflow/example_dags/example_task_group_decorator.py
[2024-10-30T16:19:16.605+0000] {processor.py:640} INFO - Processing file /home/airflow/.local/lib/python3.7/site-packages/airflow/example_dags/example_task_group_decorator.py for tasks to queue
[2024-10-30T16:19:16.605+0000] {logging_mixin.py:115} INFO - [2024-10-30T16:19:16.605+0000] {dagbag.py:508} INFO - Filling up the DagBag from /home/airflow/.local/lib/python3.7/site-packages/airflow/example_dags/example_task_group_decorator.py
[2024-10-30T16:19:16.625+0000] {processor.py:650} INFO - DAG(s) dict_keys(['example_task_group_decorator']) retrieved from /home/airflow/.local/lib/python3.7/site-packages/airflow/example_dags/example_task_group_decorator.py
[2024-10-30T16:19:16.671+0000] {logging_mixin.py:115} INFO - [2024-10-30T16:19:16.671+0000] {dag.py:2429} INFO - Sync 1 DAGs
[2024-10-30T16:19:16.689+0000] {logging_mixin.py:115} INFO - [2024-10-30T16:19:16.689+0000] {dag.py:2981} INFO - Setting next_dagrun for example_task_group_decorator to 2024-10-29T16:19:16.688821+00:00, run_after=2024-10-30T16:19:16.688821+00:00
[2024-10-30T16:19:16.699+0000] {processor.py:161} INFO - Processing /home/airflow/.local/lib/python3.7/site-packages/airflow/example_dags/example_task_group_decorator.py took 0.097 seconds
[2024-10-30T16:19:47.273+0000] {processor.py:153} INFO - Started process (PID=1084) to work on /home/airflow/.local/lib/python3.7/site-packages/airflow/example_dags/example_task_group_decorator.py
[2024-10-30T16:19:47.274+0000] {processor.py:640} INFO - Processing file /home/airflow/.local/lib/python3.7/site-packages/airflow/example_dags/example_task_group_decorator.py for tasks to queue
[2024-10-30T16:19:47.275+0000] {logging_mixin.py:115} INFO - [2024-10-30T16:19:47.274+0000] {dagbag.py:508} INFO - Filling up the DagBag from /home/airflow/.local/lib/python3.7/site-packages/airflow/example_dags/example_task_group_decorator.py
[2024-10-30T16:19:47.298+0000] {processor.py:650} INFO - DAG(s) dict_keys(['example_task_group_decorator']) retrieved from /home/airflow/.local/lib/python3.7/site-packages/airflow/example_dags/example_task_group_decorator.py
[2024-10-30T16:19:47.359+0000] {logging_mixin.py:115} INFO - [2024-10-30T16:19:47.359+0000] {dag.py:2429} INFO - Sync 1 DAGs
[2024-10-30T16:19:47.375+0000] {logging_mixin.py:115} INFO - [2024-10-30T16:19:47.375+0000] {dag.py:2981} INFO - Setting next_dagrun for example_task_group_decorator to 2024-10-29T16:19:47.375550+00:00, run_after=2024-10-30T16:19:47.375550+00:00
[2024-10-30T16:19:47.386+0000] {processor.py:161} INFO - Processing /home/airflow/.local/lib/python3.7/site-packages/airflow/example_dags/example_task_group_decorator.py took 0.114 seconds
[2024-10-30T16:20:17.811+0000] {processor.py:153} INFO - Started process (PID=1137) to work on /home/airflow/.local/lib/python3.7/site-packages/airflow/example_dags/example_task_group_decorator.py
[2024-10-30T16:20:17.811+0000] {processor.py:640} INFO - Processing file /home/airflow/.local/lib/python3.7/site-packages/airflow/example_dags/example_task_group_decorator.py for tasks to queue
[2024-10-30T16:20:17.812+0000] {logging_mixin.py:115} INFO - [2024-10-30T16:20:17.812+0000] {dagbag.py:508} INFO - Filling up the DagBag from /home/airflow/.local/lib/python3.7/site-packages/airflow/example_dags/example_task_group_decorator.py
[2024-10-30T16:20:17.831+0000] {processor.py:650} INFO - DAG(s) dict_keys(['example_task_group_decorator']) retrieved from /home/airflow/.local/lib/python3.7/site-packages/airflow/example_dags/example_task_group_decorator.py
[2024-10-30T16:20:17.880+0000] {logging_mixin.py:115} INFO - [2024-10-30T16:20:17.879+0000] {dag.py:2429} INFO - Sync 1 DAGs
[2024-10-30T16:20:17.893+0000] {logging_mixin.py:115} INFO - [2024-10-30T16:20:17.893+0000] {dag.py:2981} INFO - Setting next_dagrun for example_task_group_decorator to 2024-10-29T16:20:17.893251+00:00, run_after=2024-10-30T16:20:17.893251+00:00
[2024-10-30T16:20:17.903+0000] {processor.py:161} INFO - Processing /home/airflow/.local/lib/python3.7/site-packages/airflow/example_dags/example_task_group_decorator.py took 0.095 seconds
[2024-10-30T16:20:48.479+0000] {processor.py:153} INFO - Started process (PID=1199) to work on /home/airflow/.local/lib/python3.7/site-packages/airflow/example_dags/example_task_group_decorator.py
[2024-10-30T16:20:48.480+0000] {processor.py:640} INFO - Processing file /home/airflow/.local/lib/python3.7/site-packages/airflow/example_dags/example_task_group_decorator.py for tasks to queue
[2024-10-30T16:20:48.480+0000] {logging_mixin.py:115} INFO - [2024-10-30T16:20:48.480+0000] {dagbag.py:508} INFO - Filling up the DagBag from /home/airflow/.local/lib/python3.7/site-packages/airflow/example_dags/example_task_group_decorator.py
[2024-10-30T16:20:48.498+0000] {processor.py:650} INFO - DAG(s) dict_keys(['example_task_group_decorator']) retrieved from /home/airflow/.local/lib/python3.7/site-packages/airflow/example_dags/example_task_group_decorator.py
[2024-10-30T16:20:48.544+0000] {logging_mixin.py:115} INFO - [2024-10-30T16:20:48.544+0000] {dag.py:2429} INFO - Sync 1 DAGs
[2024-10-30T16:20:48.558+0000] {logging_mixin.py:115} INFO - [2024-10-30T16:20:48.558+0000] {dag.py:2981} INFO - Setting next_dagrun for example_task_group_decorator to 2024-10-29T16:20:48.558159+00:00, run_after=2024-10-30T16:20:48.558159+00:00
[2024-10-30T16:20:48.568+0000] {processor.py:161} INFO - Processing /home/airflow/.local/lib/python3.7/site-packages/airflow/example_dags/example_task_group_decorator.py took 0.090 seconds
[2024-10-30T16:21:18.813+0000] {processor.py:153} INFO - Started process (PID=1261) to work on /home/airflow/.local/lib/python3.7/site-packages/airflow/example_dags/example_task_group_decorator.py
[2024-10-30T16:21:18.814+0000] {processor.py:640} INFO - Processing file /home/airflow/.local/lib/python3.7/site-packages/airflow/example_dags/example_task_group_decorator.py for tasks to queue
[2024-10-30T16:21:18.814+0000] {logging_mixin.py:115} INFO - [2024-10-30T16:21:18.814+0000] {dagbag.py:508} INFO - Filling up the DagBag from /home/airflow/.local/lib/python3.7/site-packages/airflow/example_dags/example_task_group_decorator.py
[2024-10-30T16:21:18.830+0000] {processor.py:650} INFO - DAG(s) dict_keys(['example_task_group_decorator']) retrieved from /home/airflow/.local/lib/python3.7/site-packages/airflow/example_dags/example_task_group_decorator.py
[2024-10-30T16:21:18.873+0000] {logging_mixin.py:115} INFO - [2024-10-30T16:21:18.872+0000] {dag.py:2429} INFO - Sync 1 DAGs
[2024-10-30T16:21:18.885+0000] {logging_mixin.py:115} INFO - [2024-10-30T16:21:18.885+0000] {dag.py:2981} INFO - Setting next_dagrun for example_task_group_decorator to 2024-10-29T16:21:18.884860+00:00, run_after=2024-10-30T16:21:18.884860+00:00
[2024-10-30T16:21:18.894+0000] {processor.py:161} INFO - Processing /home/airflow/.local/lib/python3.7/site-packages/airflow/example_dags/example_task_group_decorator.py took 0.083 seconds
[2024-10-30T16:21:49.346+0000] {processor.py:153} INFO - Started process (PID=1323) to work on /home/airflow/.local/lib/python3.7/site-packages/airflow/example_dags/example_task_group_decorator.py
[2024-10-30T16:21:49.347+0000] {processor.py:640} INFO - Processing file /home/airflow/.local/lib/python3.7/site-packages/airflow/example_dags/example_task_group_decorator.py for tasks to queue
[2024-10-30T16:21:49.348+0000] {logging_mixin.py:115} INFO - [2024-10-30T16:21:49.348+0000] {dagbag.py:508} INFO - Filling up the DagBag from /home/airflow/.local/lib/python3.7/site-packages/airflow/example_dags/example_task_group_decorator.py
[2024-10-30T16:21:49.373+0000] {processor.py:650} INFO - DAG(s) dict_keys(['example_task_group_decorator']) retrieved from /home/airflow/.local/lib/python3.7/site-packages/airflow/example_dags/example_task_group_decorator.py
[2024-10-30T16:21:49.440+0000] {logging_mixin.py:115} INFO - [2024-10-30T16:21:49.439+0000] {dag.py:2429} INFO - Sync 1 DAGs
[2024-10-30T16:21:49.456+0000] {logging_mixin.py:115} INFO - [2024-10-30T16:21:49.456+0000] {dag.py:2981} INFO - Setting next_dagrun for example_task_group_decorator to 2024-10-29T16:21:49.456170+00:00, run_after=2024-10-30T16:21:49.456170+00:00
[2024-10-30T16:21:49.468+0000] {processor.py:161} INFO - Processing /home/airflow/.local/lib/python3.7/site-packages/airflow/example_dags/example_task_group_decorator.py took 0.123 seconds
[2024-10-30T16:22:20.266+0000] {processor.py:153} INFO - Started process (PID=1376) to work on /home/airflow/.local/lib/python3.7/site-packages/airflow/example_dags/example_task_group_decorator.py
[2024-10-30T16:22:20.267+0000] {processor.py:640} INFO - Processing file /home/airflow/.local/lib/python3.7/site-packages/airflow/example_dags/example_task_group_decorator.py for tasks to queue
[2024-10-30T16:22:20.268+0000] {logging_mixin.py:115} INFO - [2024-10-30T16:22:20.267+0000] {dagbag.py:508} INFO - Filling up the DagBag from /home/airflow/.local/lib/python3.7/site-packages/airflow/example_dags/example_task_group_decorator.py
[2024-10-30T16:22:20.283+0000] {processor.py:650} INFO - DAG(s) dict_keys(['example_task_group_decorator']) retrieved from /home/airflow/.local/lib/python3.7/site-packages/airflow/example_dags/example_task_group_decorator.py
[2024-10-30T16:22:20.325+0000] {logging_mixin.py:115} INFO - [2024-10-30T16:22:20.325+0000] {dag.py:2429} INFO - Sync 1 DAGs
[2024-10-30T16:22:20.339+0000] {logging_mixin.py:115} INFO - [2024-10-30T16:22:20.339+0000] {dag.py:2981} INFO - Setting next_dagrun for example_task_group_decorator to 2024-10-29T16:22:20.338878+00:00, run_after=2024-10-30T16:22:20.338878+00:00
[2024-10-30T16:22:20.347+0000] {processor.py:161} INFO - Processing /home/airflow/.local/lib/python3.7/site-packages/airflow/example_dags/example_task_group_decorator.py took 0.083 seconds
[2024-10-30T16:22:50.963+0000] {processor.py:153} INFO - Started process (PID=1438) to work on /home/airflow/.local/lib/python3.7/site-packages/airflow/example_dags/example_task_group_decorator.py
[2024-10-30T16:22:50.964+0000] {processor.py:640} INFO - Processing file /home/airflow/.local/lib/python3.7/site-packages/airflow/example_dags/example_task_group_decorator.py for tasks to queue
[2024-10-30T16:22:50.965+0000] {logging_mixin.py:115} INFO - [2024-10-30T16:22:50.965+0000] {dagbag.py:508} INFO - Filling up the DagBag from /home/airflow/.local/lib/python3.7/site-packages/airflow/example_dags/example_task_group_decorator.py
[2024-10-30T16:22:50.989+0000] {processor.py:650} INFO - DAG(s) dict_keys(['example_task_group_decorator']) retrieved from /home/airflow/.local/lib/python3.7/site-packages/airflow/example_dags/example_task_group_decorator.py
[2024-10-30T16:22:51.051+0000] {logging_mixin.py:115} INFO - [2024-10-30T16:22:51.051+0000] {dag.py:2429} INFO - Sync 1 DAGs
[2024-10-30T16:22:51.067+0000] {logging_mixin.py:115} INFO - [2024-10-30T16:22:51.067+0000] {dag.py:2981} INFO - Setting next_dagrun for example_task_group_decorator to 2024-10-29T16:22:51.066821+00:00, run_after=2024-10-30T16:22:51.066821+00:00
[2024-10-30T16:22:51.078+0000] {processor.py:161} INFO - Processing /home/airflow/.local/lib/python3.7/site-packages/airflow/example_dags/example_task_group_decorator.py took 0.117 seconds
[2024-10-30T16:23:21.463+0000] {processor.py:153} INFO - Started process (PID=1500) to work on /home/airflow/.local/lib/python3.7/site-packages/airflow/example_dags/example_task_group_decorator.py
[2024-10-30T16:23:21.464+0000] {processor.py:640} INFO - Processing file /home/airflow/.local/lib/python3.7/site-packages/airflow/example_dags/example_task_group_decorator.py for tasks to queue
[2024-10-30T16:23:21.464+0000] {logging_mixin.py:115} INFO - [2024-10-30T16:23:21.464+0000] {dagbag.py:508} INFO - Filling up the DagBag from /home/airflow/.local/lib/python3.7/site-packages/airflow/example_dags/example_task_group_decorator.py
[2024-10-30T16:23:21.484+0000] {processor.py:650} INFO - DAG(s) dict_keys(['example_task_group_decorator']) retrieved from /home/airflow/.local/lib/python3.7/site-packages/airflow/example_dags/example_task_group_decorator.py
[2024-10-30T16:23:21.534+0000] {logging_mixin.py:115} INFO - [2024-10-30T16:23:21.534+0000] {dag.py:2429} INFO - Sync 1 DAGs
[2024-10-30T16:23:21.549+0000] {logging_mixin.py:115} INFO - [2024-10-30T16:23:21.549+0000] {dag.py:2981} INFO - Setting next_dagrun for example_task_group_decorator to 2024-10-29T16:23:21.549637+00:00, run_after=2024-10-30T16:23:21.549637+00:00
[2024-10-30T16:23:21.562+0000] {processor.py:161} INFO - Processing /home/airflow/.local/lib/python3.7/site-packages/airflow/example_dags/example_task_group_decorator.py took 0.101 seconds
[2024-10-30T16:23:52.202+0000] {processor.py:153} INFO - Started process (PID=1562) to work on /home/airflow/.local/lib/python3.7/site-packages/airflow/example_dags/example_task_group_decorator.py
[2024-10-30T16:23:52.203+0000] {processor.py:640} INFO - Processing file /home/airflow/.local/lib/python3.7/site-packages/airflow/example_dags/example_task_group_decorator.py for tasks to queue
[2024-10-30T16:23:52.203+0000] {logging_mixin.py:115} INFO - [2024-10-30T16:23:52.203+0000] {dagbag.py:508} INFO - Filling up the DagBag from /home/airflow/.local/lib/python3.7/site-packages/airflow/example_dags/example_task_group_decorator.py
[2024-10-30T16:23:52.224+0000] {processor.py:650} INFO - DAG(s) dict_keys(['example_task_group_decorator']) retrieved from /home/airflow/.local/lib/python3.7/site-packages/airflow/example_dags/example_task_group_decorator.py
[2024-10-30T16:23:52.278+0000] {logging_mixin.py:115} INFO - [2024-10-30T16:23:52.277+0000] {dag.py:2429} INFO - Sync 1 DAGs
[2024-10-30T16:23:52.295+0000] {logging_mixin.py:115} INFO - [2024-10-30T16:23:52.295+0000] {dag.py:2981} INFO - Setting next_dagrun for example_task_group_decorator to 2024-10-29T16:23:52.295367+00:00, run_after=2024-10-30T16:23:52.295367+00:00
[2024-10-30T16:23:52.306+0000] {processor.py:161} INFO - Processing /home/airflow/.local/lib/python3.7/site-packages/airflow/example_dags/example_task_group_decorator.py took 0.106 seconds
[2024-10-30T16:24:22.935+0000] {processor.py:153} INFO - Started process (PID=1615) to work on /home/airflow/.local/lib/python3.7/site-packages/airflow/example_dags/example_task_group_decorator.py
[2024-10-30T16:24:22.936+0000] {processor.py:640} INFO - Processing file /home/airflow/.local/lib/python3.7/site-packages/airflow/example_dags/example_task_group_decorator.py for tasks to queue
[2024-10-30T16:24:22.937+0000] {logging_mixin.py:115} INFO - [2024-10-30T16:24:22.936+0000] {dagbag.py:508} INFO - Filling up the DagBag from /home/airflow/.local/lib/python3.7/site-packages/airflow/example_dags/example_task_group_decorator.py
[2024-10-30T16:24:22.961+0000] {processor.py:650} INFO - DAG(s) dict_keys(['example_task_group_decorator']) retrieved from /home/airflow/.local/lib/python3.7/site-packages/airflow/example_dags/example_task_group_decorator.py
[2024-10-30T16:24:23.012+0000] {logging_mixin.py:115} INFO - [2024-10-30T16:24:23.011+0000] {dag.py:2429} INFO - Sync 1 DAGs
[2024-10-30T16:24:23.030+0000] {logging_mixin.py:115} INFO - [2024-10-30T16:24:23.030+0000] {dag.py:2981} INFO - Setting next_dagrun for example_task_group_decorator to 2024-10-29T16:24:23.030459+00:00, run_after=2024-10-30T16:24:23.030459+00:00
[2024-10-30T16:24:23.043+0000] {processor.py:161} INFO - Processing /home/airflow/.local/lib/python3.7/site-packages/airflow/example_dags/example_task_group_decorator.py took 0.111 seconds
[2024-10-30T16:24:53.837+0000] {processor.py:153} INFO - Started process (PID=1678) to work on /home/airflow/.local/lib/python3.7/site-packages/airflow/example_dags/example_task_group_decorator.py
[2024-10-30T16:24:53.837+0000] {processor.py:640} INFO - Processing file /home/airflow/.local/lib/python3.7/site-packages/airflow/example_dags/example_task_group_decorator.py for tasks to queue
[2024-10-30T16:24:53.838+0000] {logging_mixin.py:115} INFO - [2024-10-30T16:24:53.838+0000] {dagbag.py:508} INFO - Filling up the DagBag from /home/airflow/.local/lib/python3.7/site-packages/airflow/example_dags/example_task_group_decorator.py
[2024-10-30T16:24:53.857+0000] {processor.py:650} INFO - DAG(s) dict_keys(['example_task_group_decorator']) retrieved from /home/airflow/.local/lib/python3.7/site-packages/airflow/example_dags/example_task_group_decorator.py
[2024-10-30T16:24:53.878+0000] {logging_mixin.py:115} INFO - [2024-10-30T16:24:53.877+0000] {dag.py:2429} INFO - Sync 1 DAGs
[2024-10-30T16:24:53.895+0000] {logging_mixin.py:115} INFO - [2024-10-30T16:24:53.895+0000] {dag.py:2981} INFO - Setting next_dagrun for example_task_group_decorator to 2024-10-29T16:24:53.894878+00:00, run_after=2024-10-30T16:24:53.894878+00:00
[2024-10-30T16:24:53.906+0000] {processor.py:161} INFO - Processing /home/airflow/.local/lib/python3.7/site-packages/airflow/example_dags/example_task_group_decorator.py took 0.072 seconds
[2024-10-30T16:25:24.477+0000] {processor.py:153} INFO - Started process (PID=1740) to work on /home/airflow/.local/lib/python3.7/site-packages/airflow/example_dags/example_task_group_decorator.py
[2024-10-30T16:25:24.478+0000] {processor.py:640} INFO - Processing file /home/airflow/.local/lib/python3.7/site-packages/airflow/example_dags/example_task_group_decorator.py for tasks to queue
[2024-10-30T16:25:24.479+0000] {logging_mixin.py:115} INFO - [2024-10-30T16:25:24.478+0000] {dagbag.py:508} INFO - Filling up the DagBag from /home/airflow/.local/lib/python3.7/site-packages/airflow/example_dags/example_task_group_decorator.py
[2024-10-30T16:25:24.500+0000] {processor.py:650} INFO - DAG(s) dict_keys(['example_task_group_decorator']) retrieved from /home/airflow/.local/lib/python3.7/site-packages/airflow/example_dags/example_task_group_decorator.py
[2024-10-30T16:25:24.561+0000] {logging_mixin.py:115} INFO - [2024-10-30T16:25:24.560+0000] {dag.py:2429} INFO - Sync 1 DAGs
[2024-10-30T16:25:24.582+0000] {logging_mixin.py:115} INFO - [2024-10-30T16:25:24.582+0000] {dag.py:2981} INFO - Setting next_dagrun for example_task_group_decorator to 2024-10-29T16:25:24.581886+00:00, run_after=2024-10-30T16:25:24.581886+00:00
[2024-10-30T16:25:24.595+0000] {processor.py:161} INFO - Processing /home/airflow/.local/lib/python3.7/site-packages/airflow/example_dags/example_task_group_decorator.py took 0.120 seconds
[2024-10-30T16:25:55.282+0000] {processor.py:153} INFO - Started process (PID=1803) to work on /home/airflow/.local/lib/python3.7/site-packages/airflow/example_dags/example_task_group_decorator.py
[2024-10-30T16:25:55.283+0000] {processor.py:640} INFO - Processing file /home/airflow/.local/lib/python3.7/site-packages/airflow/example_dags/example_task_group_decorator.py for tasks to queue
[2024-10-30T16:25:55.284+0000] {logging_mixin.py:115} INFO - [2024-10-30T16:25:55.284+0000] {dagbag.py:508} INFO - Filling up the DagBag from /home/airflow/.local/lib/python3.7/site-packages/airflow/example_dags/example_task_group_decorator.py
[2024-10-30T16:25:55.308+0000] {processor.py:650} INFO - DAG(s) dict_keys(['example_task_group_decorator']) retrieved from /home/airflow/.local/lib/python3.7/site-packages/airflow/example_dags/example_task_group_decorator.py
[2024-10-30T16:25:55.357+0000] {logging_mixin.py:115} INFO - [2024-10-30T16:25:55.356+0000] {dag.py:2429} INFO - Sync 1 DAGs
[2024-10-30T16:25:55.371+0000] {logging_mixin.py:115} INFO - [2024-10-30T16:25:55.370+0000] {dag.py:2981} INFO - Setting next_dagrun for example_task_group_decorator to 2024-10-29T16:25:55.370712+00:00, run_after=2024-10-30T16:25:55.370712+00:00
[2024-10-30T16:25:55.381+0000] {processor.py:161} INFO - Processing /home/airflow/.local/lib/python3.7/site-packages/airflow/example_dags/example_task_group_decorator.py took 0.102 seconds
[2024-10-30T16:26:26.184+0000] {processor.py:153} INFO - Started process (PID=1858) to work on /home/airflow/.local/lib/python3.7/site-packages/airflow/example_dags/example_task_group_decorator.py
[2024-10-30T16:26:26.185+0000] {processor.py:640} INFO - Processing file /home/airflow/.local/lib/python3.7/site-packages/airflow/example_dags/example_task_group_decorator.py for tasks to queue
[2024-10-30T16:26:26.185+0000] {logging_mixin.py:115} INFO - [2024-10-30T16:26:26.185+0000] {dagbag.py:508} INFO - Filling up the DagBag from /home/airflow/.local/lib/python3.7/site-packages/airflow/example_dags/example_task_group_decorator.py
[2024-10-30T16:26:26.208+0000] {processor.py:650} INFO - DAG(s) dict_keys(['example_task_group_decorator']) retrieved from /home/airflow/.local/lib/python3.7/site-packages/airflow/example_dags/example_task_group_decorator.py
[2024-10-30T16:26:26.258+0000] {logging_mixin.py:115} INFO - [2024-10-30T16:26:26.258+0000] {dag.py:2429} INFO - Sync 1 DAGs
[2024-10-30T16:26:26.273+0000] {logging_mixin.py:115} INFO - [2024-10-30T16:26:26.273+0000] {dag.py:2981} INFO - Setting next_dagrun for example_task_group_decorator to 2024-10-29T16:26:26.273619+00:00, run_after=2024-10-30T16:26:26.273619+00:00
[2024-10-30T16:26:26.283+0000] {processor.py:161} INFO - Processing /home/airflow/.local/lib/python3.7/site-packages/airflow/example_dags/example_task_group_decorator.py took 0.102 seconds
[2024-10-30T16:26:56.845+0000] {processor.py:153} INFO - Started process (PID=1922) to work on /home/airflow/.local/lib/python3.7/site-packages/airflow/example_dags/example_task_group_decorator.py
[2024-10-30T16:26:56.845+0000] {processor.py:640} INFO - Processing file /home/airflow/.local/lib/python3.7/site-packages/airflow/example_dags/example_task_group_decorator.py for tasks to queue
[2024-10-30T16:26:56.846+0000] {logging_mixin.py:115} INFO - [2024-10-30T16:26:56.846+0000] {dagbag.py:508} INFO - Filling up the DagBag from /home/airflow/.local/lib/python3.7/site-packages/airflow/example_dags/example_task_group_decorator.py
[2024-10-30T16:26:56.863+0000] {processor.py:650} INFO - DAG(s) dict_keys(['example_task_group_decorator']) retrieved from /home/airflow/.local/lib/python3.7/site-packages/airflow/example_dags/example_task_group_decorator.py
[2024-10-30T16:26:56.916+0000] {logging_mixin.py:115} INFO - [2024-10-30T16:26:56.916+0000] {dag.py:2429} INFO - Sync 1 DAGs
[2024-10-30T16:26:56.933+0000] {logging_mixin.py:115} INFO - [2024-10-30T16:26:56.933+0000] {dag.py:2981} INFO - Setting next_dagrun for example_task_group_decorator to 2024-10-29T16:26:56.933326+00:00, run_after=2024-10-30T16:26:56.933326+00:00
[2024-10-30T16:26:56.945+0000] {processor.py:161} INFO - Processing /home/airflow/.local/lib/python3.7/site-packages/airflow/example_dags/example_task_group_decorator.py took 0.102 seconds
