[2024-10-30T16:11:04.801+0000] {processor.py:153} INFO - Started process (PID=53) to work on /home/airflow/.local/lib/python3.7/site-packages/airflow/example_dags/example_python_operator.py
[2024-10-30T16:11:04.802+0000] {processor.py:640} INFO - Processing file /home/airflow/.local/lib/python3.7/site-packages/airflow/example_dags/example_python_operator.py for tasks to queue
[2024-10-30T16:11:04.802+0000] {logging_mixin.py:115} INFO - [2024-10-30T16:11:04.802+0000] {dagbag.py:508} INFO - Filling up the DagBag from /home/airflow/.local/lib/python3.7/site-packages/airflow/example_dags/example_python_operator.py
[2024-10-30T16:11:04.822+0000] {processor.py:650} INFO - DAG(s) dict_keys(['example_python_operator']) retrieved from /home/airflow/.local/lib/python3.7/site-packages/airflow/example_dags/example_python_operator.py
[2024-10-30T16:11:04.915+0000] {logging_mixin.py:115} INFO - [2024-10-30T16:11:04.915+0000] {manager.py:508} INFO - Created Permission View: can delete on DAG:example_python_operator
[2024-10-30T16:11:04.925+0000] {logging_mixin.py:115} INFO - [2024-10-30T16:11:04.924+0000] {manager.py:508} INFO - Created Permission View: can read on DAG:example_python_operator
[2024-10-30T16:11:04.931+0000] {logging_mixin.py:115} INFO - [2024-10-30T16:11:04.930+0000] {manager.py:508} INFO - Created Permission View: can edit on DAG:example_python_operator
[2024-10-30T16:11:04.931+0000] {logging_mixin.py:115} INFO - [2024-10-30T16:11:04.931+0000] {dag.py:2429} INFO - Sync 1 DAGs
[2024-10-30T16:11:04.941+0000] {logging_mixin.py:115} INFO - [2024-10-30T16:11:04.940+0000] {dag.py:2448} INFO - Creating ORM DAG for example_python_operator
[2024-10-30T16:11:04.954+0000] {logging_mixin.py:115} INFO - [2024-10-30T16:11:04.953+0000] {dag.py:2981} INFO - Setting next_dagrun for example_python_operator to None, run_after=None
[2024-10-30T16:11:04.969+0000] {processor.py:161} INFO - Processing /home/airflow/.local/lib/python3.7/site-packages/airflow/example_dags/example_python_operator.py took 0.171 seconds
[2024-10-30T16:11:35.081+0000] {processor.py:153} INFO - Started process (PID=115) to work on /home/airflow/.local/lib/python3.7/site-packages/airflow/example_dags/example_python_operator.py
[2024-10-30T16:11:35.082+0000] {processor.py:640} INFO - Processing file /home/airflow/.local/lib/python3.7/site-packages/airflow/example_dags/example_python_operator.py for tasks to queue
[2024-10-30T16:11:35.083+0000] {logging_mixin.py:115} INFO - [2024-10-30T16:11:35.082+0000] {dagbag.py:508} INFO - Filling up the DagBag from /home/airflow/.local/lib/python3.7/site-packages/airflow/example_dags/example_python_operator.py
[2024-10-30T16:11:35.098+0000] {processor.py:650} INFO - DAG(s) dict_keys(['example_python_operator']) retrieved from /home/airflow/.local/lib/python3.7/site-packages/airflow/example_dags/example_python_operator.py
[2024-10-30T16:11:35.121+0000] {logging_mixin.py:115} INFO - [2024-10-30T16:11:35.121+0000] {dag.py:2429} INFO - Sync 1 DAGs
[2024-10-30T16:11:35.140+0000] {logging_mixin.py:115} INFO - [2024-10-30T16:11:35.140+0000] {dag.py:2981} INFO - Setting next_dagrun for example_python_operator to None, run_after=None
[2024-10-30T16:11:35.148+0000] {processor.py:161} INFO - Processing /home/airflow/.local/lib/python3.7/site-packages/airflow/example_dags/example_python_operator.py took 0.070 seconds
[2024-10-30T16:12:05.621+0000] {processor.py:153} INFO - Started process (PID=168) to work on /home/airflow/.local/lib/python3.7/site-packages/airflow/example_dags/example_python_operator.py
[2024-10-30T16:12:05.622+0000] {processor.py:640} INFO - Processing file /home/airflow/.local/lib/python3.7/site-packages/airflow/example_dags/example_python_operator.py for tasks to queue
[2024-10-30T16:12:05.622+0000] {logging_mixin.py:115} INFO - [2024-10-30T16:12:05.622+0000] {dagbag.py:508} INFO - Filling up the DagBag from /home/airflow/.local/lib/python3.7/site-packages/airflow/example_dags/example_python_operator.py
[2024-10-30T16:12:05.637+0000] {processor.py:650} INFO - DAG(s) dict_keys(['example_python_operator']) retrieved from /home/airflow/.local/lib/python3.7/site-packages/airflow/example_dags/example_python_operator.py
[2024-10-30T16:12:05.652+0000] {logging_mixin.py:115} INFO - [2024-10-30T16:12:05.652+0000] {dag.py:2429} INFO - Sync 1 DAGs
[2024-10-30T16:12:05.670+0000] {logging_mixin.py:115} INFO - [2024-10-30T16:12:05.670+0000] {dag.py:2981} INFO - Setting next_dagrun for example_python_operator to None, run_after=None
[2024-10-30T16:12:05.678+0000] {processor.py:161} INFO - Processing /home/airflow/.local/lib/python3.7/site-packages/airflow/example_dags/example_python_operator.py took 0.059 seconds
[2024-10-30T16:12:36.306+0000] {processor.py:153} INFO - Started process (PID=231) to work on /home/airflow/.local/lib/python3.7/site-packages/airflow/example_dags/example_python_operator.py
[2024-10-30T16:12:36.306+0000] {processor.py:640} INFO - Processing file /home/airflow/.local/lib/python3.7/site-packages/airflow/example_dags/example_python_operator.py for tasks to queue
[2024-10-30T16:12:36.307+0000] {logging_mixin.py:115} INFO - [2024-10-30T16:12:36.307+0000] {dagbag.py:508} INFO - Filling up the DagBag from /home/airflow/.local/lib/python3.7/site-packages/airflow/example_dags/example_python_operator.py
[2024-10-30T16:12:36.319+0000] {processor.py:650} INFO - DAG(s) dict_keys(['example_python_operator']) retrieved from /home/airflow/.local/lib/python3.7/site-packages/airflow/example_dags/example_python_operator.py
[2024-10-30T16:12:36.334+0000] {logging_mixin.py:115} INFO - [2024-10-30T16:12:36.334+0000] {dag.py:2429} INFO - Sync 1 DAGs
[2024-10-30T16:12:36.349+0000] {logging_mixin.py:115} INFO - [2024-10-30T16:12:36.348+0000] {dag.py:2981} INFO - Setting next_dagrun for example_python_operator to None, run_after=None
[2024-10-30T16:12:36.358+0000] {processor.py:161} INFO - Processing /home/airflow/.local/lib/python3.7/site-packages/airflow/example_dags/example_python_operator.py took 0.055 seconds
[2024-10-30T16:13:06.742+0000] {processor.py:153} INFO - Started process (PID=293) to work on /home/airflow/.local/lib/python3.7/site-packages/airflow/example_dags/example_python_operator.py
[2024-10-30T16:13:06.743+0000] {processor.py:640} INFO - Processing file /home/airflow/.local/lib/python3.7/site-packages/airflow/example_dags/example_python_operator.py for tasks to queue
[2024-10-30T16:13:06.744+0000] {logging_mixin.py:115} INFO - [2024-10-30T16:13:06.743+0000] {dagbag.py:508} INFO - Filling up the DagBag from /home/airflow/.local/lib/python3.7/site-packages/airflow/example_dags/example_python_operator.py
[2024-10-30T16:13:06.754+0000] {processor.py:650} INFO - DAG(s) dict_keys(['example_python_operator']) retrieved from /home/airflow/.local/lib/python3.7/site-packages/airflow/example_dags/example_python_operator.py
[2024-10-30T16:13:06.772+0000] {logging_mixin.py:115} INFO - [2024-10-30T16:13:06.772+0000] {dag.py:2429} INFO - Sync 1 DAGs
[2024-10-30T16:13:06.786+0000] {logging_mixin.py:115} INFO - [2024-10-30T16:13:06.786+0000] {dag.py:2981} INFO - Setting next_dagrun for example_python_operator to None, run_after=None
[2024-10-30T16:13:06.796+0000] {processor.py:161} INFO - Processing /home/airflow/.local/lib/python3.7/site-packages/airflow/example_dags/example_python_operator.py took 0.055 seconds
[2024-10-30T16:13:37.367+0000] {processor.py:153} INFO - Started process (PID=356) to work on /home/airflow/.local/lib/python3.7/site-packages/airflow/example_dags/example_python_operator.py
[2024-10-30T16:13:37.368+0000] {processor.py:640} INFO - Processing file /home/airflow/.local/lib/python3.7/site-packages/airflow/example_dags/example_python_operator.py for tasks to queue
[2024-10-30T16:13:37.369+0000] {logging_mixin.py:115} INFO - [2024-10-30T16:13:37.369+0000] {dagbag.py:508} INFO - Filling up the DagBag from /home/airflow/.local/lib/python3.7/site-packages/airflow/example_dags/example_python_operator.py
[2024-10-30T16:13:37.382+0000] {processor.py:650} INFO - DAG(s) dict_keys(['example_python_operator']) retrieved from /home/airflow/.local/lib/python3.7/site-packages/airflow/example_dags/example_python_operator.py
[2024-10-30T16:13:37.402+0000] {logging_mixin.py:115} INFO - [2024-10-30T16:13:37.402+0000] {dag.py:2429} INFO - Sync 1 DAGs
[2024-10-30T16:13:37.420+0000] {logging_mixin.py:115} INFO - [2024-10-30T16:13:37.420+0000] {dag.py:2981} INFO - Setting next_dagrun for example_python_operator to None, run_after=None
[2024-10-30T16:13:37.430+0000] {processor.py:161} INFO - Processing /home/airflow/.local/lib/python3.7/site-packages/airflow/example_dags/example_python_operator.py took 0.065 seconds
[2024-10-30T16:14:08.223+0000] {processor.py:153} INFO - Started process (PID=409) to work on /home/airflow/.local/lib/python3.7/site-packages/airflow/example_dags/example_python_operator.py
[2024-10-30T16:14:08.224+0000] {processor.py:640} INFO - Processing file /home/airflow/.local/lib/python3.7/site-packages/airflow/example_dags/example_python_operator.py for tasks to queue
[2024-10-30T16:14:08.225+0000] {logging_mixin.py:115} INFO - [2024-10-30T16:14:08.224+0000] {dagbag.py:508} INFO - Filling up the DagBag from /home/airflow/.local/lib/python3.7/site-packages/airflow/example_dags/example_python_operator.py
[2024-10-30T16:14:08.236+0000] {processor.py:650} INFO - DAG(s) dict_keys(['example_python_operator']) retrieved from /home/airflow/.local/lib/python3.7/site-packages/airflow/example_dags/example_python_operator.py
[2024-10-30T16:14:08.256+0000] {logging_mixin.py:115} INFO - [2024-10-30T16:14:08.256+0000] {dag.py:2429} INFO - Sync 1 DAGs
[2024-10-30T16:14:08.272+0000] {logging_mixin.py:115} INFO - [2024-10-30T16:14:08.272+0000] {dag.py:2981} INFO - Setting next_dagrun for example_python_operator to None, run_after=None
[2024-10-30T16:14:08.281+0000] {processor.py:161} INFO - Processing /home/airflow/.local/lib/python3.7/site-packages/airflow/example_dags/example_python_operator.py took 0.060 seconds
[2024-10-30T16:14:39.031+0000] {processor.py:153} INFO - Started process (PID=471) to work on /home/airflow/.local/lib/python3.7/site-packages/airflow/example_dags/example_python_operator.py
[2024-10-30T16:14:39.031+0000] {processor.py:640} INFO - Processing file /home/airflow/.local/lib/python3.7/site-packages/airflow/example_dags/example_python_operator.py for tasks to queue
[2024-10-30T16:14:39.032+0000] {logging_mixin.py:115} INFO - [2024-10-30T16:14:39.032+0000] {dagbag.py:508} INFO - Filling up the DagBag from /home/airflow/.local/lib/python3.7/site-packages/airflow/example_dags/example_python_operator.py
[2024-10-30T16:14:39.044+0000] {processor.py:650} INFO - DAG(s) dict_keys(['example_python_operator']) retrieved from /home/airflow/.local/lib/python3.7/site-packages/airflow/example_dags/example_python_operator.py
[2024-10-30T16:14:39.063+0000] {logging_mixin.py:115} INFO - [2024-10-30T16:14:39.063+0000] {dag.py:2429} INFO - Sync 1 DAGs
[2024-10-30T16:14:39.078+0000] {logging_mixin.py:115} INFO - [2024-10-30T16:14:39.078+0000] {dag.py:2981} INFO - Setting next_dagrun for example_python_operator to None, run_after=None
[2024-10-30T16:14:39.085+0000] {processor.py:161} INFO - Processing /home/airflow/.local/lib/python3.7/site-packages/airflow/example_dags/example_python_operator.py took 0.057 seconds
[2024-10-30T16:15:09.761+0000] {processor.py:153} INFO - Started process (PID=533) to work on /home/airflow/.local/lib/python3.7/site-packages/airflow/example_dags/example_python_operator.py
[2024-10-30T16:15:09.761+0000] {processor.py:640} INFO - Processing file /home/airflow/.local/lib/python3.7/site-packages/airflow/example_dags/example_python_operator.py for tasks to queue
[2024-10-30T16:15:09.762+0000] {logging_mixin.py:115} INFO - [2024-10-30T16:15:09.762+0000] {dagbag.py:508} INFO - Filling up the DagBag from /home/airflow/.local/lib/python3.7/site-packages/airflow/example_dags/example_python_operator.py
[2024-10-30T16:15:09.772+0000] {processor.py:650} INFO - DAG(s) dict_keys(['example_python_operator']) retrieved from /home/airflow/.local/lib/python3.7/site-packages/airflow/example_dags/example_python_operator.py
[2024-10-30T16:15:09.790+0000] {logging_mixin.py:115} INFO - [2024-10-30T16:15:09.790+0000] {dag.py:2429} INFO - Sync 1 DAGs
[2024-10-30T16:15:09.803+0000] {logging_mixin.py:115} INFO - [2024-10-30T16:15:09.803+0000] {dag.py:2981} INFO - Setting next_dagrun for example_python_operator to None, run_after=None
[2024-10-30T16:15:09.811+0000] {processor.py:161} INFO - Processing /home/airflow/.local/lib/python3.7/site-packages/airflow/example_dags/example_python_operator.py took 0.052 seconds
[2024-10-30T16:15:40.281+0000] {processor.py:153} INFO - Started process (PID=595) to work on /home/airflow/.local/lib/python3.7/site-packages/airflow/example_dags/example_python_operator.py
[2024-10-30T16:15:40.281+0000] {processor.py:640} INFO - Processing file /home/airflow/.local/lib/python3.7/site-packages/airflow/example_dags/example_python_operator.py for tasks to queue
[2024-10-30T16:15:40.282+0000] {logging_mixin.py:115} INFO - [2024-10-30T16:15:40.282+0000] {dagbag.py:508} INFO - Filling up the DagBag from /home/airflow/.local/lib/python3.7/site-packages/airflow/example_dags/example_python_operator.py
[2024-10-30T16:15:40.296+0000] {processor.py:650} INFO - DAG(s) dict_keys(['example_python_operator']) retrieved from /home/airflow/.local/lib/python3.7/site-packages/airflow/example_dags/example_python_operator.py
[2024-10-30T16:15:40.315+0000] {logging_mixin.py:115} INFO - [2024-10-30T16:15:40.314+0000] {dag.py:2429} INFO - Sync 1 DAGs
[2024-10-30T16:15:40.330+0000] {logging_mixin.py:115} INFO - [2024-10-30T16:15:40.329+0000] {dag.py:2981} INFO - Setting next_dagrun for example_python_operator to None, run_after=None
[2024-10-30T16:15:40.341+0000] {processor.py:161} INFO - Processing /home/airflow/.local/lib/python3.7/site-packages/airflow/example_dags/example_python_operator.py took 0.063 seconds
[2024-10-30T16:16:11.175+0000] {processor.py:153} INFO - Started process (PID=648) to work on /home/airflow/.local/lib/python3.7/site-packages/airflow/example_dags/example_python_operator.py
[2024-10-30T16:16:11.176+0000] {processor.py:640} INFO - Processing file /home/airflow/.local/lib/python3.7/site-packages/airflow/example_dags/example_python_operator.py for tasks to queue
[2024-10-30T16:16:11.176+0000] {logging_mixin.py:115} INFO - [2024-10-30T16:16:11.176+0000] {dagbag.py:508} INFO - Filling up the DagBag from /home/airflow/.local/lib/python3.7/site-packages/airflow/example_dags/example_python_operator.py
[2024-10-30T16:16:11.189+0000] {processor.py:650} INFO - DAG(s) dict_keys(['example_python_operator']) retrieved from /home/airflow/.local/lib/python3.7/site-packages/airflow/example_dags/example_python_operator.py
[2024-10-30T16:16:11.209+0000] {logging_mixin.py:115} INFO - [2024-10-30T16:16:11.208+0000] {dag.py:2429} INFO - Sync 1 DAGs
[2024-10-30T16:16:11.225+0000] {logging_mixin.py:115} INFO - [2024-10-30T16:16:11.225+0000] {dag.py:2981} INFO - Setting next_dagrun for example_python_operator to None, run_after=None
[2024-10-30T16:16:11.234+0000] {processor.py:161} INFO - Processing /home/airflow/.local/lib/python3.7/site-packages/airflow/example_dags/example_python_operator.py took 0.060 seconds
[2024-10-30T16:16:41.855+0000] {processor.py:153} INFO - Started process (PID=710) to work on /home/airflow/.local/lib/python3.7/site-packages/airflow/example_dags/example_python_operator.py
[2024-10-30T16:16:41.856+0000] {processor.py:640} INFO - Processing file /home/airflow/.local/lib/python3.7/site-packages/airflow/example_dags/example_python_operator.py for tasks to queue
[2024-10-30T16:16:41.856+0000] {logging_mixin.py:115} INFO - [2024-10-30T16:16:41.856+0000] {dagbag.py:508} INFO - Filling up the DagBag from /home/airflow/.local/lib/python3.7/site-packages/airflow/example_dags/example_python_operator.py
[2024-10-30T16:16:41.870+0000] {processor.py:650} INFO - DAG(s) dict_keys(['example_python_operator']) retrieved from /home/airflow/.local/lib/python3.7/site-packages/airflow/example_dags/example_python_operator.py
[2024-10-30T16:16:41.887+0000] {logging_mixin.py:115} INFO - [2024-10-30T16:16:41.887+0000] {dag.py:2429} INFO - Sync 1 DAGs
[2024-10-30T16:16:41.902+0000] {logging_mixin.py:115} INFO - [2024-10-30T16:16:41.902+0000] {dag.py:2981} INFO - Setting next_dagrun for example_python_operator to None, run_after=None
[2024-10-30T16:16:41.910+0000] {processor.py:161} INFO - Processing /home/airflow/.local/lib/python3.7/site-packages/airflow/example_dags/example_python_operator.py took 0.057 seconds
[2024-10-30T16:17:12.685+0000] {processor.py:153} INFO - Started process (PID=772) to work on /home/airflow/.local/lib/python3.7/site-packages/airflow/example_dags/example_python_operator.py
[2024-10-30T16:17:12.686+0000] {processor.py:640} INFO - Processing file /home/airflow/.local/lib/python3.7/site-packages/airflow/example_dags/example_python_operator.py for tasks to queue
[2024-10-30T16:17:12.687+0000] {logging_mixin.py:115} INFO - [2024-10-30T16:17:12.687+0000] {dagbag.py:508} INFO - Filling up the DagBag from /home/airflow/.local/lib/python3.7/site-packages/airflow/example_dags/example_python_operator.py
[2024-10-30T16:17:12.699+0000] {processor.py:650} INFO - DAG(s) dict_keys(['example_python_operator']) retrieved from /home/airflow/.local/lib/python3.7/site-packages/airflow/example_dags/example_python_operator.py
[2024-10-30T16:17:12.720+0000] {logging_mixin.py:115} INFO - [2024-10-30T16:17:12.719+0000] {dag.py:2429} INFO - Sync 1 DAGs
[2024-10-30T16:17:12.736+0000] {logging_mixin.py:115} INFO - [2024-10-30T16:17:12.736+0000] {dag.py:2981} INFO - Setting next_dagrun for example_python_operator to None, run_after=None
[2024-10-30T16:17:12.745+0000] {processor.py:161} INFO - Processing /home/airflow/.local/lib/python3.7/site-packages/airflow/example_dags/example_python_operator.py took 0.063 seconds
[2024-10-30T16:17:43.490+0000] {processor.py:153} INFO - Started process (PID=834) to work on /home/airflow/.local/lib/python3.7/site-packages/airflow/example_dags/example_python_operator.py
[2024-10-30T16:17:43.490+0000] {processor.py:640} INFO - Processing file /home/airflow/.local/lib/python3.7/site-packages/airflow/example_dags/example_python_operator.py for tasks to queue
[2024-10-30T16:17:43.491+0000] {logging_mixin.py:115} INFO - [2024-10-30T16:17:43.491+0000] {dagbag.py:508} INFO - Filling up the DagBag from /home/airflow/.local/lib/python3.7/site-packages/airflow/example_dags/example_python_operator.py
[2024-10-30T16:17:43.506+0000] {processor.py:650} INFO - DAG(s) dict_keys(['example_python_operator']) retrieved from /home/airflow/.local/lib/python3.7/site-packages/airflow/example_dags/example_python_operator.py
[2024-10-30T16:17:43.524+0000] {logging_mixin.py:115} INFO - [2024-10-30T16:17:43.524+0000] {dag.py:2429} INFO - Sync 1 DAGs
[2024-10-30T16:17:43.539+0000] {logging_mixin.py:115} INFO - [2024-10-30T16:17:43.539+0000] {dag.py:2981} INFO - Setting next_dagrun for example_python_operator to None, run_after=None
[2024-10-30T16:17:43.547+0000] {processor.py:161} INFO - Processing /home/airflow/.local/lib/python3.7/site-packages/airflow/example_dags/example_python_operator.py took 0.059 seconds
[2024-10-30T16:18:13.938+0000] {processor.py:153} INFO - Started process (PID=887) to work on /home/airflow/.local/lib/python3.7/site-packages/airflow/example_dags/example_python_operator.py
[2024-10-30T16:18:13.938+0000] {processor.py:640} INFO - Processing file /home/airflow/.local/lib/python3.7/site-packages/airflow/example_dags/example_python_operator.py for tasks to queue
[2024-10-30T16:18:13.939+0000] {logging_mixin.py:115} INFO - [2024-10-30T16:18:13.939+0000] {dagbag.py:508} INFO - Filling up the DagBag from /home/airflow/.local/lib/python3.7/site-packages/airflow/example_dags/example_python_operator.py
[2024-10-30T16:18:13.952+0000] {processor.py:650} INFO - DAG(s) dict_keys(['example_python_operator']) retrieved from /home/airflow/.local/lib/python3.7/site-packages/airflow/example_dags/example_python_operator.py
[2024-10-30T16:18:13.970+0000] {logging_mixin.py:115} INFO - [2024-10-30T16:18:13.970+0000] {dag.py:2429} INFO - Sync 1 DAGs
[2024-10-30T16:18:13.985+0000] {logging_mixin.py:115} INFO - [2024-10-30T16:18:13.985+0000] {dag.py:2981} INFO - Setting next_dagrun for example_python_operator to None, run_after=None
[2024-10-30T16:18:13.993+0000] {processor.py:161} INFO - Processing /home/airflow/.local/lib/python3.7/site-packages/airflow/example_dags/example_python_operator.py took 0.057 seconds
[2024-10-30T16:18:44.515+0000] {processor.py:153} INFO - Started process (PID=949) to work on /home/airflow/.local/lib/python3.7/site-packages/airflow/example_dags/example_python_operator.py
[2024-10-30T16:18:44.515+0000] {processor.py:640} INFO - Processing file /home/airflow/.local/lib/python3.7/site-packages/airflow/example_dags/example_python_operator.py for tasks to queue
[2024-10-30T16:18:44.516+0000] {logging_mixin.py:115} INFO - [2024-10-30T16:18:44.516+0000] {dagbag.py:508} INFO - Filling up the DagBag from /home/airflow/.local/lib/python3.7/site-packages/airflow/example_dags/example_python_operator.py
[2024-10-30T16:18:44.527+0000] {processor.py:650} INFO - DAG(s) dict_keys(['example_python_operator']) retrieved from /home/airflow/.local/lib/python3.7/site-packages/airflow/example_dags/example_python_operator.py
[2024-10-30T16:18:44.542+0000] {logging_mixin.py:115} INFO - [2024-10-30T16:18:44.542+0000] {dag.py:2429} INFO - Sync 1 DAGs
[2024-10-30T16:18:44.559+0000] {logging_mixin.py:115} INFO - [2024-10-30T16:18:44.558+0000] {dag.py:2981} INFO - Setting next_dagrun for example_python_operator to None, run_after=None
[2024-10-30T16:18:44.567+0000] {processor.py:161} INFO - Processing /home/airflow/.local/lib/python3.7/site-packages/airflow/example_dags/example_python_operator.py took 0.054 seconds
[2024-10-30T16:19:15.123+0000] {processor.py:153} INFO - Started process (PID=1011) to work on /home/airflow/.local/lib/python3.7/site-packages/airflow/example_dags/example_python_operator.py
[2024-10-30T16:19:15.124+0000] {processor.py:640} INFO - Processing file /home/airflow/.local/lib/python3.7/site-packages/airflow/example_dags/example_python_operator.py for tasks to queue
[2024-10-30T16:19:15.124+0000] {logging_mixin.py:115} INFO - [2024-10-30T16:19:15.124+0000] {dagbag.py:508} INFO - Filling up the DagBag from /home/airflow/.local/lib/python3.7/site-packages/airflow/example_dags/example_python_operator.py
[2024-10-30T16:19:15.134+0000] {processor.py:650} INFO - DAG(s) dict_keys(['example_python_operator']) retrieved from /home/airflow/.local/lib/python3.7/site-packages/airflow/example_dags/example_python_operator.py
[2024-10-30T16:19:15.154+0000] {logging_mixin.py:115} INFO - [2024-10-30T16:19:15.154+0000] {dag.py:2429} INFO - Sync 1 DAGs
[2024-10-30T16:19:15.170+0000] {logging_mixin.py:115} INFO - [2024-10-30T16:19:15.170+0000] {dag.py:2981} INFO - Setting next_dagrun for example_python_operator to None, run_after=None
[2024-10-30T16:19:15.181+0000] {processor.py:161} INFO - Processing /home/airflow/.local/lib/python3.7/site-packages/airflow/example_dags/example_python_operator.py took 0.060 seconds
[2024-10-30T16:19:45.820+0000] {processor.py:153} INFO - Started process (PID=1071) to work on /home/airflow/.local/lib/python3.7/site-packages/airflow/example_dags/example_python_operator.py
[2024-10-30T16:19:45.821+0000] {processor.py:640} INFO - Processing file /home/airflow/.local/lib/python3.7/site-packages/airflow/example_dags/example_python_operator.py for tasks to queue
[2024-10-30T16:19:45.821+0000] {logging_mixin.py:115} INFO - [2024-10-30T16:19:45.821+0000] {dagbag.py:508} INFO - Filling up the DagBag from /home/airflow/.local/lib/python3.7/site-packages/airflow/example_dags/example_python_operator.py
[2024-10-30T16:19:45.833+0000] {processor.py:650} INFO - DAG(s) dict_keys(['example_python_operator']) retrieved from /home/airflow/.local/lib/python3.7/site-packages/airflow/example_dags/example_python_operator.py
[2024-10-30T16:19:45.852+0000] {logging_mixin.py:115} INFO - [2024-10-30T16:19:45.852+0000] {dag.py:2429} INFO - Sync 1 DAGs
[2024-10-30T16:19:45.867+0000] {logging_mixin.py:115} INFO - [2024-10-30T16:19:45.867+0000] {dag.py:2981} INFO - Setting next_dagrun for example_python_operator to None, run_after=None
[2024-10-30T16:19:45.875+0000] {processor.py:161} INFO - Processing /home/airflow/.local/lib/python3.7/site-packages/airflow/example_dags/example_python_operator.py took 0.058 seconds
[2024-10-30T16:20:16.384+0000] {processor.py:153} INFO - Started process (PID=1126) to work on /home/airflow/.local/lib/python3.7/site-packages/airflow/example_dags/example_python_operator.py
[2024-10-30T16:20:16.385+0000] {processor.py:640} INFO - Processing file /home/airflow/.local/lib/python3.7/site-packages/airflow/example_dags/example_python_operator.py for tasks to queue
[2024-10-30T16:20:16.385+0000] {logging_mixin.py:115} INFO - [2024-10-30T16:20:16.385+0000] {dagbag.py:508} INFO - Filling up the DagBag from /home/airflow/.local/lib/python3.7/site-packages/airflow/example_dags/example_python_operator.py
[2024-10-30T16:20:16.398+0000] {processor.py:650} INFO - DAG(s) dict_keys(['example_python_operator']) retrieved from /home/airflow/.local/lib/python3.7/site-packages/airflow/example_dags/example_python_operator.py
[2024-10-30T16:20:16.419+0000] {logging_mixin.py:115} INFO - [2024-10-30T16:20:16.419+0000] {dag.py:2429} INFO - Sync 1 DAGs
[2024-10-30T16:20:16.436+0000] {logging_mixin.py:115} INFO - [2024-10-30T16:20:16.436+0000] {dag.py:2981} INFO - Setting next_dagrun for example_python_operator to None, run_after=None
[2024-10-30T16:20:16.444+0000] {processor.py:161} INFO - Processing /home/airflow/.local/lib/python3.7/site-packages/airflow/example_dags/example_python_operator.py took 0.063 seconds
[2024-10-30T16:20:46.893+0000] {processor.py:153} INFO - Started process (PID=1188) to work on /home/airflow/.local/lib/python3.7/site-packages/airflow/example_dags/example_python_operator.py
[2024-10-30T16:20:46.894+0000] {processor.py:640} INFO - Processing file /home/airflow/.local/lib/python3.7/site-packages/airflow/example_dags/example_python_operator.py for tasks to queue
[2024-10-30T16:20:46.894+0000] {logging_mixin.py:115} INFO - [2024-10-30T16:20:46.894+0000] {dagbag.py:508} INFO - Filling up the DagBag from /home/airflow/.local/lib/python3.7/site-packages/airflow/example_dags/example_python_operator.py
[2024-10-30T16:20:46.906+0000] {processor.py:650} INFO - DAG(s) dict_keys(['example_python_operator']) retrieved from /home/airflow/.local/lib/python3.7/site-packages/airflow/example_dags/example_python_operator.py
[2024-10-30T16:20:46.923+0000] {logging_mixin.py:115} INFO - [2024-10-30T16:20:46.923+0000] {dag.py:2429} INFO - Sync 1 DAGs
[2024-10-30T16:20:46.939+0000] {logging_mixin.py:115} INFO - [2024-10-30T16:20:46.938+0000] {dag.py:2981} INFO - Setting next_dagrun for example_python_operator to None, run_after=None
[2024-10-30T16:20:46.948+0000] {processor.py:161} INFO - Processing /home/airflow/.local/lib/python3.7/site-packages/airflow/example_dags/example_python_operator.py took 0.056 seconds
[2024-10-30T16:21:17.474+0000] {processor.py:153} INFO - Started process (PID=1250) to work on /home/airflow/.local/lib/python3.7/site-packages/airflow/example_dags/example_python_operator.py
[2024-10-30T16:21:17.475+0000] {processor.py:640} INFO - Processing file /home/airflow/.local/lib/python3.7/site-packages/airflow/example_dags/example_python_operator.py for tasks to queue
[2024-10-30T16:21:17.475+0000] {logging_mixin.py:115} INFO - [2024-10-30T16:21:17.475+0000] {dagbag.py:508} INFO - Filling up the DagBag from /home/airflow/.local/lib/python3.7/site-packages/airflow/example_dags/example_python_operator.py
[2024-10-30T16:21:17.487+0000] {processor.py:650} INFO - DAG(s) dict_keys(['example_python_operator']) retrieved from /home/airflow/.local/lib/python3.7/site-packages/airflow/example_dags/example_python_operator.py
[2024-10-30T16:21:17.507+0000] {logging_mixin.py:115} INFO - [2024-10-30T16:21:17.507+0000] {dag.py:2429} INFO - Sync 1 DAGs
[2024-10-30T16:21:17.523+0000] {logging_mixin.py:115} INFO - [2024-10-30T16:21:17.523+0000] {dag.py:2981} INFO - Setting next_dagrun for example_python_operator to None, run_after=None
[2024-10-30T16:21:17.532+0000] {processor.py:161} INFO - Processing /home/airflow/.local/lib/python3.7/site-packages/airflow/example_dags/example_python_operator.py took 0.060 seconds
[2024-10-30T16:21:47.808+0000] {processor.py:153} INFO - Started process (PID=1303) to work on /home/airflow/.local/lib/python3.7/site-packages/airflow/example_dags/example_python_operator.py
[2024-10-30T16:21:47.809+0000] {processor.py:640} INFO - Processing file /home/airflow/.local/lib/python3.7/site-packages/airflow/example_dags/example_python_operator.py for tasks to queue
[2024-10-30T16:21:47.810+0000] {logging_mixin.py:115} INFO - [2024-10-30T16:21:47.810+0000] {dagbag.py:508} INFO - Filling up the DagBag from /home/airflow/.local/lib/python3.7/site-packages/airflow/example_dags/example_python_operator.py
[2024-10-30T16:21:47.824+0000] {processor.py:650} INFO - DAG(s) dict_keys(['example_python_operator']) retrieved from /home/airflow/.local/lib/python3.7/site-packages/airflow/example_dags/example_python_operator.py
[2024-10-30T16:21:47.846+0000] {logging_mixin.py:115} INFO - [2024-10-30T16:21:47.846+0000] {dag.py:2429} INFO - Sync 1 DAGs
[2024-10-30T16:21:47.861+0000] {logging_mixin.py:115} INFO - [2024-10-30T16:21:47.861+0000] {dag.py:2981} INFO - Setting next_dagrun for example_python_operator to None, run_after=None
[2024-10-30T16:21:47.869+0000] {processor.py:161} INFO - Processing /home/airflow/.local/lib/python3.7/site-packages/airflow/example_dags/example_python_operator.py took 0.063 seconds
[2024-10-30T16:22:18.759+0000] {processor.py:153} INFO - Started process (PID=1365) to work on /home/airflow/.local/lib/python3.7/site-packages/airflow/example_dags/example_python_operator.py
[2024-10-30T16:22:18.760+0000] {processor.py:640} INFO - Processing file /home/airflow/.local/lib/python3.7/site-packages/airflow/example_dags/example_python_operator.py for tasks to queue
[2024-10-30T16:22:18.760+0000] {logging_mixin.py:115} INFO - [2024-10-30T16:22:18.760+0000] {dagbag.py:508} INFO - Filling up the DagBag from /home/airflow/.local/lib/python3.7/site-packages/airflow/example_dags/example_python_operator.py
[2024-10-30T16:22:18.771+0000] {processor.py:650} INFO - DAG(s) dict_keys(['example_python_operator']) retrieved from /home/airflow/.local/lib/python3.7/site-packages/airflow/example_dags/example_python_operator.py
[2024-10-30T16:22:18.786+0000] {logging_mixin.py:115} INFO - [2024-10-30T16:22:18.786+0000] {dag.py:2429} INFO - Sync 1 DAGs
[2024-10-30T16:22:18.800+0000] {logging_mixin.py:115} INFO - [2024-10-30T16:22:18.800+0000] {dag.py:2981} INFO - Setting next_dagrun for example_python_operator to None, run_after=None
[2024-10-30T16:22:18.808+0000] {processor.py:161} INFO - Processing /home/airflow/.local/lib/python3.7/site-packages/airflow/example_dags/example_python_operator.py took 0.050 seconds
[2024-10-30T16:22:49.450+0000] {processor.py:153} INFO - Started process (PID=1427) to work on /home/airflow/.local/lib/python3.7/site-packages/airflow/example_dags/example_python_operator.py
[2024-10-30T16:22:49.451+0000] {processor.py:640} INFO - Processing file /home/airflow/.local/lib/python3.7/site-packages/airflow/example_dags/example_python_operator.py for tasks to queue
[2024-10-30T16:22:49.451+0000] {logging_mixin.py:115} INFO - [2024-10-30T16:22:49.451+0000] {dagbag.py:508} INFO - Filling up the DagBag from /home/airflow/.local/lib/python3.7/site-packages/airflow/example_dags/example_python_operator.py
[2024-10-30T16:22:49.465+0000] {processor.py:650} INFO - DAG(s) dict_keys(['example_python_operator']) retrieved from /home/airflow/.local/lib/python3.7/site-packages/airflow/example_dags/example_python_operator.py
[2024-10-30T16:22:49.482+0000] {logging_mixin.py:115} INFO - [2024-10-30T16:22:49.482+0000] {dag.py:2429} INFO - Sync 1 DAGs
[2024-10-30T16:22:49.496+0000] {logging_mixin.py:115} INFO - [2024-10-30T16:22:49.496+0000] {dag.py:2981} INFO - Setting next_dagrun for example_python_operator to None, run_after=None
[2024-10-30T16:22:49.504+0000] {processor.py:161} INFO - Processing /home/airflow/.local/lib/python3.7/site-packages/airflow/example_dags/example_python_operator.py took 0.056 seconds
[2024-10-30T16:23:19.893+0000] {processor.py:153} INFO - Started process (PID=1489) to work on /home/airflow/.local/lib/python3.7/site-packages/airflow/example_dags/example_python_operator.py
[2024-10-30T16:23:19.893+0000] {processor.py:640} INFO - Processing file /home/airflow/.local/lib/python3.7/site-packages/airflow/example_dags/example_python_operator.py for tasks to queue
[2024-10-30T16:23:19.894+0000] {logging_mixin.py:115} INFO - [2024-10-30T16:23:19.894+0000] {dagbag.py:508} INFO - Filling up the DagBag from /home/airflow/.local/lib/python3.7/site-packages/airflow/example_dags/example_python_operator.py
[2024-10-30T16:23:19.905+0000] {processor.py:650} INFO - DAG(s) dict_keys(['example_python_operator']) retrieved from /home/airflow/.local/lib/python3.7/site-packages/airflow/example_dags/example_python_operator.py
[2024-10-30T16:23:19.924+0000] {logging_mixin.py:115} INFO - [2024-10-30T16:23:19.924+0000] {dag.py:2429} INFO - Sync 1 DAGs
[2024-10-30T16:23:19.939+0000] {logging_mixin.py:115} INFO - [2024-10-30T16:23:19.939+0000] {dag.py:2981} INFO - Setting next_dagrun for example_python_operator to None, run_after=None
[2024-10-30T16:23:19.951+0000] {processor.py:161} INFO - Processing /home/airflow/.local/lib/python3.7/site-packages/airflow/example_dags/example_python_operator.py took 0.060 seconds
[2024-10-30T16:23:50.660+0000] {processor.py:153} INFO - Started process (PID=1542) to work on /home/airflow/.local/lib/python3.7/site-packages/airflow/example_dags/example_python_operator.py
[2024-10-30T16:23:50.661+0000] {processor.py:640} INFO - Processing file /home/airflow/.local/lib/python3.7/site-packages/airflow/example_dags/example_python_operator.py for tasks to queue
[2024-10-30T16:23:50.661+0000] {logging_mixin.py:115} INFO - [2024-10-30T16:23:50.661+0000] {dagbag.py:508} INFO - Filling up the DagBag from /home/airflow/.local/lib/python3.7/site-packages/airflow/example_dags/example_python_operator.py
[2024-10-30T16:23:50.672+0000] {processor.py:650} INFO - DAG(s) dict_keys(['example_python_operator']) retrieved from /home/airflow/.local/lib/python3.7/site-packages/airflow/example_dags/example_python_operator.py
[2024-10-30T16:23:50.687+0000] {logging_mixin.py:115} INFO - [2024-10-30T16:23:50.687+0000] {dag.py:2429} INFO - Sync 1 DAGs
[2024-10-30T16:23:50.702+0000] {logging_mixin.py:115} INFO - [2024-10-30T16:23:50.702+0000] {dag.py:2981} INFO - Setting next_dagrun for example_python_operator to None, run_after=None
[2024-10-30T16:23:50.709+0000] {processor.py:161} INFO - Processing /home/airflow/.local/lib/python3.7/site-packages/airflow/example_dags/example_python_operator.py took 0.051 seconds
[2024-10-30T16:24:21.330+0000] {processor.py:153} INFO - Started process (PID=1604) to work on /home/airflow/.local/lib/python3.7/site-packages/airflow/example_dags/example_python_operator.py
[2024-10-30T16:24:21.331+0000] {processor.py:640} INFO - Processing file /home/airflow/.local/lib/python3.7/site-packages/airflow/example_dags/example_python_operator.py for tasks to queue
[2024-10-30T16:24:21.331+0000] {logging_mixin.py:115} INFO - [2024-10-30T16:24:21.331+0000] {dagbag.py:508} INFO - Filling up the DagBag from /home/airflow/.local/lib/python3.7/site-packages/airflow/example_dags/example_python_operator.py
[2024-10-30T16:24:21.343+0000] {processor.py:650} INFO - DAG(s) dict_keys(['example_python_operator']) retrieved from /home/airflow/.local/lib/python3.7/site-packages/airflow/example_dags/example_python_operator.py
[2024-10-30T16:24:21.359+0000] {logging_mixin.py:115} INFO - [2024-10-30T16:24:21.359+0000] {dag.py:2429} INFO - Sync 1 DAGs
[2024-10-30T16:24:21.373+0000] {logging_mixin.py:115} INFO - [2024-10-30T16:24:21.373+0000] {dag.py:2981} INFO - Setting next_dagrun for example_python_operator to None, run_after=None
[2024-10-30T16:24:21.381+0000] {processor.py:161} INFO - Processing /home/airflow/.local/lib/python3.7/site-packages/airflow/example_dags/example_python_operator.py took 0.054 seconds
[2024-10-30T16:24:52.304+0000] {processor.py:153} INFO - Started process (PID=1667) to work on /home/airflow/.local/lib/python3.7/site-packages/airflow/example_dags/example_python_operator.py
[2024-10-30T16:24:52.305+0000] {processor.py:640} INFO - Processing file /home/airflow/.local/lib/python3.7/site-packages/airflow/example_dags/example_python_operator.py for tasks to queue
[2024-10-30T16:24:52.306+0000] {logging_mixin.py:115} INFO - [2024-10-30T16:24:52.306+0000] {dagbag.py:508} INFO - Filling up the DagBag from /home/airflow/.local/lib/python3.7/site-packages/airflow/example_dags/example_python_operator.py
[2024-10-30T16:24:52.317+0000] {processor.py:650} INFO - DAG(s) dict_keys(['example_python_operator']) retrieved from /home/airflow/.local/lib/python3.7/site-packages/airflow/example_dags/example_python_operator.py
[2024-10-30T16:24:52.333+0000] {logging_mixin.py:115} INFO - [2024-10-30T16:24:52.333+0000] {dag.py:2429} INFO - Sync 1 DAGs
[2024-10-30T16:24:52.348+0000] {logging_mixin.py:115} INFO - [2024-10-30T16:24:52.348+0000] {dag.py:2981} INFO - Setting next_dagrun for example_python_operator to None, run_after=None
[2024-10-30T16:24:52.357+0000] {processor.py:161} INFO - Processing /home/airflow/.local/lib/python3.7/site-packages/airflow/example_dags/example_python_operator.py took 0.054 seconds
[2024-10-30T16:25:23.006+0000] {processor.py:153} INFO - Started process (PID=1729) to work on /home/airflow/.local/lib/python3.7/site-packages/airflow/example_dags/example_python_operator.py
[2024-10-30T16:25:23.007+0000] {processor.py:640} INFO - Processing file /home/airflow/.local/lib/python3.7/site-packages/airflow/example_dags/example_python_operator.py for tasks to queue
[2024-10-30T16:25:23.007+0000] {logging_mixin.py:115} INFO - [2024-10-30T16:25:23.007+0000] {dagbag.py:508} INFO - Filling up the DagBag from /home/airflow/.local/lib/python3.7/site-packages/airflow/example_dags/example_python_operator.py
[2024-10-30T16:25:23.021+0000] {processor.py:650} INFO - DAG(s) dict_keys(['example_python_operator']) retrieved from /home/airflow/.local/lib/python3.7/site-packages/airflow/example_dags/example_python_operator.py
[2024-10-30T16:25:23.038+0000] {logging_mixin.py:115} INFO - [2024-10-30T16:25:23.038+0000] {dag.py:2429} INFO - Sync 1 DAGs
[2024-10-30T16:25:23.054+0000] {logging_mixin.py:115} INFO - [2024-10-30T16:25:23.054+0000] {dag.py:2981} INFO - Setting next_dagrun for example_python_operator to None, run_after=None
[2024-10-30T16:25:23.062+0000] {processor.py:161} INFO - Processing /home/airflow/.local/lib/python3.7/site-packages/airflow/example_dags/example_python_operator.py took 0.058 seconds
[2024-10-30T16:25:53.631+0000] {processor.py:153} INFO - Started process (PID=1782) to work on /home/airflow/.local/lib/python3.7/site-packages/airflow/example_dags/example_python_operator.py
[2024-10-30T16:25:53.632+0000] {processor.py:640} INFO - Processing file /home/airflow/.local/lib/python3.7/site-packages/airflow/example_dags/example_python_operator.py for tasks to queue
[2024-10-30T16:25:53.632+0000] {logging_mixin.py:115} INFO - [2024-10-30T16:25:53.632+0000] {dagbag.py:508} INFO - Filling up the DagBag from /home/airflow/.local/lib/python3.7/site-packages/airflow/example_dags/example_python_operator.py
[2024-10-30T16:25:53.649+0000] {processor.py:650} INFO - DAG(s) dict_keys(['example_python_operator']) retrieved from /home/airflow/.local/lib/python3.7/site-packages/airflow/example_dags/example_python_operator.py
[2024-10-30T16:25:53.672+0000] {logging_mixin.py:115} INFO - [2024-10-30T16:25:53.672+0000] {dag.py:2429} INFO - Sync 1 DAGs
[2024-10-30T16:25:53.695+0000] {logging_mixin.py:115} INFO - [2024-10-30T16:25:53.695+0000] {dag.py:2981} INFO - Setting next_dagrun for example_python_operator to None, run_after=None
[2024-10-30T16:25:53.705+0000] {processor.py:161} INFO - Processing /home/airflow/.local/lib/python3.7/site-packages/airflow/example_dags/example_python_operator.py took 0.077 seconds
[2024-10-30T16:26:24.536+0000] {processor.py:153} INFO - Started process (PID=1847) to work on /home/airflow/.local/lib/python3.7/site-packages/airflow/example_dags/example_python_operator.py
[2024-10-30T16:26:24.537+0000] {processor.py:640} INFO - Processing file /home/airflow/.local/lib/python3.7/site-packages/airflow/example_dags/example_python_operator.py for tasks to queue
[2024-10-30T16:26:24.538+0000] {logging_mixin.py:115} INFO - [2024-10-30T16:26:24.538+0000] {dagbag.py:508} INFO - Filling up the DagBag from /home/airflow/.local/lib/python3.7/site-packages/airflow/example_dags/example_python_operator.py
[2024-10-30T16:26:24.551+0000] {processor.py:650} INFO - DAG(s) dict_keys(['example_python_operator']) retrieved from /home/airflow/.local/lib/python3.7/site-packages/airflow/example_dags/example_python_operator.py
[2024-10-30T16:26:24.570+0000] {logging_mixin.py:115} INFO - [2024-10-30T16:26:24.570+0000] {dag.py:2429} INFO - Sync 1 DAGs
[2024-10-30T16:26:24.586+0000] {logging_mixin.py:115} INFO - [2024-10-30T16:26:24.586+0000] {dag.py:2981} INFO - Setting next_dagrun for example_python_operator to None, run_after=None
[2024-10-30T16:26:24.596+0000] {processor.py:161} INFO - Processing /home/airflow/.local/lib/python3.7/site-packages/airflow/example_dags/example_python_operator.py took 0.062 seconds
[2024-10-30T16:26:55.310+0000] {processor.py:153} INFO - Started process (PID=1911) to work on /home/airflow/.local/lib/python3.7/site-packages/airflow/example_dags/example_python_operator.py
[2024-10-30T16:26:55.311+0000] {processor.py:640} INFO - Processing file /home/airflow/.local/lib/python3.7/site-packages/airflow/example_dags/example_python_operator.py for tasks to queue
[2024-10-30T16:26:55.312+0000] {logging_mixin.py:115} INFO - [2024-10-30T16:26:55.312+0000] {dagbag.py:508} INFO - Filling up the DagBag from /home/airflow/.local/lib/python3.7/site-packages/airflow/example_dags/example_python_operator.py
[2024-10-30T16:26:55.326+0000] {processor.py:650} INFO - DAG(s) dict_keys(['example_python_operator']) retrieved from /home/airflow/.local/lib/python3.7/site-packages/airflow/example_dags/example_python_operator.py
[2024-10-30T16:26:55.345+0000] {logging_mixin.py:115} INFO - [2024-10-30T16:26:55.345+0000] {dag.py:2429} INFO - Sync 1 DAGs
[2024-10-30T16:26:55.361+0000] {logging_mixin.py:115} INFO - [2024-10-30T16:26:55.361+0000] {dag.py:2981} INFO - Setting next_dagrun for example_python_operator to None, run_after=None
[2024-10-30T16:26:55.371+0000] {processor.py:161} INFO - Processing /home/airflow/.local/lib/python3.7/site-packages/airflow/example_dags/example_python_operator.py took 0.063 seconds
