[2024-10-30T16:11:04.614+0000] {processor.py:153} INFO - Started process (PID=52) to work on /home/airflow/.local/lib/python3.7/site-packages/airflow/example_dags/example_xcom.py
[2024-10-30T16:11:04.615+0000] {processor.py:640} INFO - Processing file /home/airflow/.local/lib/python3.7/site-packages/airflow/example_dags/example_xcom.py for tasks to queue
[2024-10-30T16:11:04.616+0000] {logging_mixin.py:115} INFO - [2024-10-30T16:11:04.616+0000] {dagbag.py:508} INFO - Filling up the DagBag from /home/airflow/.local/lib/python3.7/site-packages/airflow/example_dags/example_xcom.py
[2024-10-30T16:11:04.633+0000] {processor.py:650} INFO - DAG(s) dict_keys(['example_xcom']) retrieved from /home/airflow/.local/lib/python3.7/site-packages/airflow/example_dags/example_xcom.py
[2024-10-30T16:11:04.721+0000] {logging_mixin.py:115} INFO - [2024-10-30T16:11:04.721+0000] {manager.py:508} INFO - Created Permission View: can delete on DAG:example_xcom
[2024-10-30T16:11:04.730+0000] {logging_mixin.py:115} INFO - [2024-10-30T16:11:04.730+0000] {manager.py:508} INFO - Created Permission View: can read on DAG:example_xcom
[2024-10-30T16:11:04.736+0000] {logging_mixin.py:115} INFO - [2024-10-30T16:11:04.736+0000] {manager.py:508} INFO - Created Permission View: can edit on DAG:example_xcom
[2024-10-30T16:11:04.737+0000] {logging_mixin.py:115} INFO - [2024-10-30T16:11:04.737+0000] {dag.py:2429} INFO - Sync 1 DAGs
[2024-10-30T16:11:04.743+0000] {logging_mixin.py:115} INFO - [2024-10-30T16:11:04.743+0000] {dag.py:2448} INFO - Creating ORM DAG for example_xcom
[2024-10-30T16:11:04.755+0000] {logging_mixin.py:115} INFO - [2024-10-30T16:11:04.755+0000] {dag.py:2981} INFO - Setting next_dagrun for example_xcom to 2021-01-01T00:00:00+00:00, run_after=2021-01-01T00:00:00+00:00
[2024-10-30T16:11:04.771+0000] {processor.py:161} INFO - Processing /home/airflow/.local/lib/python3.7/site-packages/airflow/example_dags/example_xcom.py took 0.159 seconds
[2024-10-30T16:11:34.996+0000] {processor.py:153} INFO - Started process (PID=114) to work on /home/airflow/.local/lib/python3.7/site-packages/airflow/example_dags/example_xcom.py
[2024-10-30T16:11:34.997+0000] {processor.py:640} INFO - Processing file /home/airflow/.local/lib/python3.7/site-packages/airflow/example_dags/example_xcom.py for tasks to queue
[2024-10-30T16:11:34.998+0000] {logging_mixin.py:115} INFO - [2024-10-30T16:11:34.998+0000] {dagbag.py:508} INFO - Filling up the DagBag from /home/airflow/.local/lib/python3.7/site-packages/airflow/example_dags/example_xcom.py
[2024-10-30T16:11:35.013+0000] {processor.py:650} INFO - DAG(s) dict_keys(['example_xcom']) retrieved from /home/airflow/.local/lib/python3.7/site-packages/airflow/example_dags/example_xcom.py
[2024-10-30T16:11:35.032+0000] {logging_mixin.py:115} INFO - [2024-10-30T16:11:35.032+0000] {dag.py:2429} INFO - Sync 1 DAGs
[2024-10-30T16:11:35.052+0000] {logging_mixin.py:115} INFO - [2024-10-30T16:11:35.052+0000] {dag.py:2981} INFO - Setting next_dagrun for example_xcom to 2021-01-01T00:00:00+00:00, run_after=2021-01-01T00:00:00+00:00
[2024-10-30T16:11:35.060+0000] {processor.py:161} INFO - Processing /home/airflow/.local/lib/python3.7/site-packages/airflow/example_dags/example_xcom.py took 0.066 seconds
[2024-10-30T16:12:05.621+0000] {processor.py:153} INFO - Started process (PID=167) to work on /home/airflow/.local/lib/python3.7/site-packages/airflow/example_dags/example_xcom.py
[2024-10-30T16:12:05.622+0000] {processor.py:640} INFO - Processing file /home/airflow/.local/lib/python3.7/site-packages/airflow/example_dags/example_xcom.py for tasks to queue
[2024-10-30T16:12:05.622+0000] {logging_mixin.py:115} INFO - [2024-10-30T16:12:05.622+0000] {dagbag.py:508} INFO - Filling up the DagBag from /home/airflow/.local/lib/python3.7/site-packages/airflow/example_dags/example_xcom.py
[2024-10-30T16:12:05.637+0000] {processor.py:650} INFO - DAG(s) dict_keys(['example_xcom']) retrieved from /home/airflow/.local/lib/python3.7/site-packages/airflow/example_dags/example_xcom.py
[2024-10-30T16:12:05.680+0000] {logging_mixin.py:115} INFO - [2024-10-30T16:12:05.680+0000] {dag.py:2429} INFO - Sync 1 DAGs
[2024-10-30T16:12:05.698+0000] {logging_mixin.py:115} INFO - [2024-10-30T16:12:05.698+0000] {dag.py:2981} INFO - Setting next_dagrun for example_xcom to 2021-01-01T00:00:00+00:00, run_after=2021-01-01T00:00:00+00:00
[2024-10-30T16:12:05.710+0000] {processor.py:161} INFO - Processing /home/airflow/.local/lib/python3.7/site-packages/airflow/example_dags/example_xcom.py took 0.090 seconds
[2024-10-30T16:12:36.239+0000] {processor.py:153} INFO - Started process (PID=230) to work on /home/airflow/.local/lib/python3.7/site-packages/airflow/example_dags/example_xcom.py
[2024-10-30T16:12:36.239+0000] {processor.py:640} INFO - Processing file /home/airflow/.local/lib/python3.7/site-packages/airflow/example_dags/example_xcom.py for tasks to queue
[2024-10-30T16:12:36.240+0000] {logging_mixin.py:115} INFO - [2024-10-30T16:12:36.240+0000] {dagbag.py:508} INFO - Filling up the DagBag from /home/airflow/.local/lib/python3.7/site-packages/airflow/example_dags/example_xcom.py
[2024-10-30T16:12:36.250+0000] {processor.py:650} INFO - DAG(s) dict_keys(['example_xcom']) retrieved from /home/airflow/.local/lib/python3.7/site-packages/airflow/example_dags/example_xcom.py
[2024-10-30T16:12:36.267+0000] {logging_mixin.py:115} INFO - [2024-10-30T16:12:36.267+0000] {dag.py:2429} INFO - Sync 1 DAGs
[2024-10-30T16:12:36.280+0000] {logging_mixin.py:115} INFO - [2024-10-30T16:12:36.280+0000] {dag.py:2981} INFO - Setting next_dagrun for example_xcom to 2021-01-01T00:00:00+00:00, run_after=2021-01-01T00:00:00+00:00
[2024-10-30T16:12:36.289+0000] {processor.py:161} INFO - Processing /home/airflow/.local/lib/python3.7/site-packages/airflow/example_dags/example_xcom.py took 0.052 seconds
[2024-10-30T16:13:06.742+0000] {processor.py:153} INFO - Started process (PID=292) to work on /home/airflow/.local/lib/python3.7/site-packages/airflow/example_dags/example_xcom.py
[2024-10-30T16:13:06.743+0000] {processor.py:640} INFO - Processing file /home/airflow/.local/lib/python3.7/site-packages/airflow/example_dags/example_xcom.py for tasks to queue
[2024-10-30T16:13:06.743+0000] {logging_mixin.py:115} INFO - [2024-10-30T16:13:06.743+0000] {dagbag.py:508} INFO - Filling up the DagBag from /home/airflow/.local/lib/python3.7/site-packages/airflow/example_dags/example_xcom.py
[2024-10-30T16:13:06.754+0000] {processor.py:650} INFO - DAG(s) dict_keys(['example_xcom']) retrieved from /home/airflow/.local/lib/python3.7/site-packages/airflow/example_dags/example_xcom.py
[2024-10-30T16:13:06.811+0000] {logging_mixin.py:115} INFO - [2024-10-30T16:13:06.811+0000] {dag.py:2429} INFO - Sync 1 DAGs
[2024-10-30T16:13:06.830+0000] {logging_mixin.py:115} INFO - [2024-10-30T16:13:06.830+0000] {dag.py:2981} INFO - Setting next_dagrun for example_xcom to 2021-01-01T00:00:00+00:00, run_after=2021-01-01T00:00:00+00:00
[2024-10-30T16:13:06.841+0000] {processor.py:161} INFO - Processing /home/airflow/.local/lib/python3.7/site-packages/airflow/example_dags/example_xcom.py took 0.101 seconds
[2024-10-30T16:13:37.263+0000] {processor.py:153} INFO - Started process (PID=355) to work on /home/airflow/.local/lib/python3.7/site-packages/airflow/example_dags/example_xcom.py
[2024-10-30T16:13:37.264+0000] {processor.py:640} INFO - Processing file /home/airflow/.local/lib/python3.7/site-packages/airflow/example_dags/example_xcom.py for tasks to queue
[2024-10-30T16:13:37.264+0000] {logging_mixin.py:115} INFO - [2024-10-30T16:13:37.264+0000] {dagbag.py:508} INFO - Filling up the DagBag from /home/airflow/.local/lib/python3.7/site-packages/airflow/example_dags/example_xcom.py
[2024-10-30T16:13:37.276+0000] {processor.py:650} INFO - DAG(s) dict_keys(['example_xcom']) retrieved from /home/airflow/.local/lib/python3.7/site-packages/airflow/example_dags/example_xcom.py
[2024-10-30T16:13:37.323+0000] {logging_mixin.py:115} INFO - [2024-10-30T16:13:37.323+0000] {dag.py:2429} INFO - Sync 1 DAGs
[2024-10-30T16:13:37.338+0000] {logging_mixin.py:115} INFO - [2024-10-30T16:13:37.338+0000] {dag.py:2981} INFO - Setting next_dagrun for example_xcom to 2021-01-01T00:00:00+00:00, run_after=2021-01-01T00:00:00+00:00
[2024-10-30T16:13:37.347+0000] {processor.py:161} INFO - Processing /home/airflow/.local/lib/python3.7/site-packages/airflow/example_dags/example_xcom.py took 0.086 seconds
[2024-10-30T16:14:08.126+0000] {processor.py:153} INFO - Started process (PID=408) to work on /home/airflow/.local/lib/python3.7/site-packages/airflow/example_dags/example_xcom.py
[2024-10-30T16:14:08.127+0000] {processor.py:640} INFO - Processing file /home/airflow/.local/lib/python3.7/site-packages/airflow/example_dags/example_xcom.py for tasks to queue
[2024-10-30T16:14:08.128+0000] {logging_mixin.py:115} INFO - [2024-10-30T16:14:08.127+0000] {dagbag.py:508} INFO - Filling up the DagBag from /home/airflow/.local/lib/python3.7/site-packages/airflow/example_dags/example_xcom.py
[2024-10-30T16:14:08.139+0000] {processor.py:650} INFO - DAG(s) dict_keys(['example_xcom']) retrieved from /home/airflow/.local/lib/python3.7/site-packages/airflow/example_dags/example_xcom.py
[2024-10-30T16:14:08.184+0000] {logging_mixin.py:115} INFO - [2024-10-30T16:14:08.183+0000] {dag.py:2429} INFO - Sync 1 DAGs
[2024-10-30T16:14:08.196+0000] {logging_mixin.py:115} INFO - [2024-10-30T16:14:08.196+0000] {dag.py:2981} INFO - Setting next_dagrun for example_xcom to 2021-01-01T00:00:00+00:00, run_after=2021-01-01T00:00:00+00:00
[2024-10-30T16:14:08.205+0000] {processor.py:161} INFO - Processing /home/airflow/.local/lib/python3.7/site-packages/airflow/example_dags/example_xcom.py took 0.081 seconds
[2024-10-30T16:14:38.929+0000] {processor.py:153} INFO - Started process (PID=470) to work on /home/airflow/.local/lib/python3.7/site-packages/airflow/example_dags/example_xcom.py
[2024-10-30T16:14:38.930+0000] {processor.py:640} INFO - Processing file /home/airflow/.local/lib/python3.7/site-packages/airflow/example_dags/example_xcom.py for tasks to queue
[2024-10-30T16:14:38.930+0000] {logging_mixin.py:115} INFO - [2024-10-30T16:14:38.930+0000] {dagbag.py:508} INFO - Filling up the DagBag from /home/airflow/.local/lib/python3.7/site-packages/airflow/example_dags/example_xcom.py
[2024-10-30T16:14:38.944+0000] {processor.py:650} INFO - DAG(s) dict_keys(['example_xcom']) retrieved from /home/airflow/.local/lib/python3.7/site-packages/airflow/example_dags/example_xcom.py
[2024-10-30T16:14:38.991+0000] {logging_mixin.py:115} INFO - [2024-10-30T16:14:38.990+0000] {dag.py:2429} INFO - Sync 1 DAGs
[2024-10-30T16:14:39.005+0000] {logging_mixin.py:115} INFO - [2024-10-30T16:14:39.004+0000] {dag.py:2981} INFO - Setting next_dagrun for example_xcom to 2021-01-01T00:00:00+00:00, run_after=2021-01-01T00:00:00+00:00
[2024-10-30T16:14:39.013+0000] {processor.py:161} INFO - Processing /home/airflow/.local/lib/python3.7/site-packages/airflow/example_dags/example_xcom.py took 0.086 seconds
[2024-10-30T16:15:09.662+0000] {processor.py:153} INFO - Started process (PID=532) to work on /home/airflow/.local/lib/python3.7/site-packages/airflow/example_dags/example_xcom.py
[2024-10-30T16:15:09.662+0000] {processor.py:640} INFO - Processing file /home/airflow/.local/lib/python3.7/site-packages/airflow/example_dags/example_xcom.py for tasks to queue
[2024-10-30T16:15:09.663+0000] {logging_mixin.py:115} INFO - [2024-10-30T16:15:09.663+0000] {dagbag.py:508} INFO - Filling up the DagBag from /home/airflow/.local/lib/python3.7/site-packages/airflow/example_dags/example_xcom.py
[2024-10-30T16:15:09.678+0000] {processor.py:650} INFO - DAG(s) dict_keys(['example_xcom']) retrieved from /home/airflow/.local/lib/python3.7/site-packages/airflow/example_dags/example_xcom.py
[2024-10-30T16:15:09.721+0000] {logging_mixin.py:115} INFO - [2024-10-30T16:15:09.721+0000] {dag.py:2429} INFO - Sync 1 DAGs
[2024-10-30T16:15:09.736+0000] {logging_mixin.py:115} INFO - [2024-10-30T16:15:09.735+0000] {dag.py:2981} INFO - Setting next_dagrun for example_xcom to 2021-01-01T00:00:00+00:00, run_after=2021-01-01T00:00:00+00:00
[2024-10-30T16:15:09.744+0000] {processor.py:161} INFO - Processing /home/airflow/.local/lib/python3.7/site-packages/airflow/example_dags/example_xcom.py took 0.084 seconds
[2024-10-30T16:15:40.160+0000] {processor.py:153} INFO - Started process (PID=594) to work on /home/airflow/.local/lib/python3.7/site-packages/airflow/example_dags/example_xcom.py
[2024-10-30T16:15:40.161+0000] {processor.py:640} INFO - Processing file /home/airflow/.local/lib/python3.7/site-packages/airflow/example_dags/example_xcom.py for tasks to queue
[2024-10-30T16:15:40.162+0000] {logging_mixin.py:115} INFO - [2024-10-30T16:15:40.161+0000] {dagbag.py:508} INFO - Filling up the DagBag from /home/airflow/.local/lib/python3.7/site-packages/airflow/example_dags/example_xcom.py
[2024-10-30T16:15:40.178+0000] {processor.py:650} INFO - DAG(s) dict_keys(['example_xcom']) retrieved from /home/airflow/.local/lib/python3.7/site-packages/airflow/example_dags/example_xcom.py
[2024-10-30T16:15:40.237+0000] {logging_mixin.py:115} INFO - [2024-10-30T16:15:40.237+0000] {dag.py:2429} INFO - Sync 1 DAGs
[2024-10-30T16:15:40.251+0000] {logging_mixin.py:115} INFO - [2024-10-30T16:15:40.251+0000] {dag.py:2981} INFO - Setting next_dagrun for example_xcom to 2021-01-01T00:00:00+00:00, run_after=2021-01-01T00:00:00+00:00
[2024-10-30T16:15:40.263+0000] {processor.py:161} INFO - Processing /home/airflow/.local/lib/python3.7/site-packages/airflow/example_dags/example_xcom.py took 0.105 seconds
[2024-10-30T16:16:11.073+0000] {processor.py:153} INFO - Started process (PID=647) to work on /home/airflow/.local/lib/python3.7/site-packages/airflow/example_dags/example_xcom.py
[2024-10-30T16:16:11.074+0000] {processor.py:640} INFO - Processing file /home/airflow/.local/lib/python3.7/site-packages/airflow/example_dags/example_xcom.py for tasks to queue
[2024-10-30T16:16:11.074+0000] {logging_mixin.py:115} INFO - [2024-10-30T16:16:11.074+0000] {dagbag.py:508} INFO - Filling up the DagBag from /home/airflow/.local/lib/python3.7/site-packages/airflow/example_dags/example_xcom.py
[2024-10-30T16:16:11.085+0000] {processor.py:650} INFO - DAG(s) dict_keys(['example_xcom']) retrieved from /home/airflow/.local/lib/python3.7/site-packages/airflow/example_dags/example_xcom.py
[2024-10-30T16:16:11.135+0000] {logging_mixin.py:115} INFO - [2024-10-30T16:16:11.135+0000] {dag.py:2429} INFO - Sync 1 DAGs
[2024-10-30T16:16:11.148+0000] {logging_mixin.py:115} INFO - [2024-10-30T16:16:11.148+0000] {dag.py:2981} INFO - Setting next_dagrun for example_xcom to 2021-01-01T00:00:00+00:00, run_after=2021-01-01T00:00:00+00:00
[2024-10-30T16:16:11.157+0000] {processor.py:161} INFO - Processing /home/airflow/.local/lib/python3.7/site-packages/airflow/example_dags/example_xcom.py took 0.087 seconds
[2024-10-30T16:16:41.784+0000] {processor.py:153} INFO - Started process (PID=709) to work on /home/airflow/.local/lib/python3.7/site-packages/airflow/example_dags/example_xcom.py
[2024-10-30T16:16:41.785+0000] {processor.py:640} INFO - Processing file /home/airflow/.local/lib/python3.7/site-packages/airflow/example_dags/example_xcom.py for tasks to queue
[2024-10-30T16:16:41.786+0000] {logging_mixin.py:115} INFO - [2024-10-30T16:16:41.786+0000] {dagbag.py:508} INFO - Filling up the DagBag from /home/airflow/.local/lib/python3.7/site-packages/airflow/example_dags/example_xcom.py
[2024-10-30T16:16:41.797+0000] {processor.py:650} INFO - DAG(s) dict_keys(['example_xcom']) retrieved from /home/airflow/.local/lib/python3.7/site-packages/airflow/example_dags/example_xcom.py
[2024-10-30T16:16:41.816+0000] {logging_mixin.py:115} INFO - [2024-10-30T16:16:41.816+0000] {dag.py:2429} INFO - Sync 1 DAGs
[2024-10-30T16:16:41.830+0000] {logging_mixin.py:115} INFO - [2024-10-30T16:16:41.830+0000] {dag.py:2981} INFO - Setting next_dagrun for example_xcom to 2021-01-01T00:00:00+00:00, run_after=2021-01-01T00:00:00+00:00
[2024-10-30T16:16:41.839+0000] {processor.py:161} INFO - Processing /home/airflow/.local/lib/python3.7/site-packages/airflow/example_dags/example_xcom.py took 0.057 seconds
[2024-10-30T16:17:12.576+0000] {processor.py:153} INFO - Started process (PID=771) to work on /home/airflow/.local/lib/python3.7/site-packages/airflow/example_dags/example_xcom.py
[2024-10-30T16:17:12.576+0000] {processor.py:640} INFO - Processing file /home/airflow/.local/lib/python3.7/site-packages/airflow/example_dags/example_xcom.py for tasks to queue
[2024-10-30T16:17:12.577+0000] {logging_mixin.py:115} INFO - [2024-10-30T16:17:12.577+0000] {dagbag.py:508} INFO - Filling up the DagBag from /home/airflow/.local/lib/python3.7/site-packages/airflow/example_dags/example_xcom.py
[2024-10-30T16:17:12.590+0000] {processor.py:650} INFO - DAG(s) dict_keys(['example_xcom']) retrieved from /home/airflow/.local/lib/python3.7/site-packages/airflow/example_dags/example_xcom.py
[2024-10-30T16:17:12.636+0000] {logging_mixin.py:115} INFO - [2024-10-30T16:17:12.636+0000] {dag.py:2429} INFO - Sync 1 DAGs
[2024-10-30T16:17:12.655+0000] {logging_mixin.py:115} INFO - [2024-10-30T16:17:12.655+0000] {dag.py:2981} INFO - Setting next_dagrun for example_xcom to 2021-01-01T00:00:00+00:00, run_after=2021-01-01T00:00:00+00:00
[2024-10-30T16:17:12.665+0000] {processor.py:161} INFO - Processing /home/airflow/.local/lib/python3.7/site-packages/airflow/example_dags/example_xcom.py took 0.091 seconds
[2024-10-30T16:17:43.407+0000] {processor.py:153} INFO - Started process (PID=833) to work on /home/airflow/.local/lib/python3.7/site-packages/airflow/example_dags/example_xcom.py
[2024-10-30T16:17:43.408+0000] {processor.py:640} INFO - Processing file /home/airflow/.local/lib/python3.7/site-packages/airflow/example_dags/example_xcom.py for tasks to queue
[2024-10-30T16:17:43.409+0000] {logging_mixin.py:115} INFO - [2024-10-30T16:17:43.409+0000] {dagbag.py:508} INFO - Filling up the DagBag from /home/airflow/.local/lib/python3.7/site-packages/airflow/example_dags/example_xcom.py
[2024-10-30T16:17:43.425+0000] {processor.py:650} INFO - DAG(s) dict_keys(['example_xcom']) retrieved from /home/airflow/.local/lib/python3.7/site-packages/airflow/example_dags/example_xcom.py
[2024-10-30T16:17:43.444+0000] {logging_mixin.py:115} INFO - [2024-10-30T16:17:43.444+0000] {dag.py:2429} INFO - Sync 1 DAGs
[2024-10-30T16:17:43.462+0000] {logging_mixin.py:115} INFO - [2024-10-30T16:17:43.462+0000] {dag.py:2981} INFO - Setting next_dagrun for example_xcom to 2021-01-01T00:00:00+00:00, run_after=2021-01-01T00:00:00+00:00
[2024-10-30T16:17:43.471+0000] {processor.py:161} INFO - Processing /home/airflow/.local/lib/python3.7/site-packages/airflow/example_dags/example_xcom.py took 0.066 seconds
[2024-10-30T16:18:13.931+0000] {processor.py:153} INFO - Started process (PID=886) to work on /home/airflow/.local/lib/python3.7/site-packages/airflow/example_dags/example_xcom.py
[2024-10-30T16:18:13.932+0000] {processor.py:640} INFO - Processing file /home/airflow/.local/lib/python3.7/site-packages/airflow/example_dags/example_xcom.py for tasks to queue
[2024-10-30T16:18:13.932+0000] {logging_mixin.py:115} INFO - [2024-10-30T16:18:13.932+0000] {dagbag.py:508} INFO - Filling up the DagBag from /home/airflow/.local/lib/python3.7/site-packages/airflow/example_dags/example_xcom.py
[2024-10-30T16:18:13.944+0000] {processor.py:650} INFO - DAG(s) dict_keys(['example_xcom']) retrieved from /home/airflow/.local/lib/python3.7/site-packages/airflow/example_dags/example_xcom.py
[2024-10-30T16:18:13.996+0000] {logging_mixin.py:115} INFO - [2024-10-30T16:18:13.995+0000] {dag.py:2429} INFO - Sync 1 DAGs
[2024-10-30T16:18:14.013+0000] {logging_mixin.py:115} INFO - [2024-10-30T16:18:14.013+0000] {dag.py:2981} INFO - Setting next_dagrun for example_xcom to 2021-01-01T00:00:00+00:00, run_after=2021-01-01T00:00:00+00:00
[2024-10-30T16:18:14.023+0000] {processor.py:161} INFO - Processing /home/airflow/.local/lib/python3.7/site-packages/airflow/example_dags/example_xcom.py took 0.094 seconds
[2024-10-30T16:18:44.514+0000] {processor.py:153} INFO - Started process (PID=948) to work on /home/airflow/.local/lib/python3.7/site-packages/airflow/example_dags/example_xcom.py
[2024-10-30T16:18:44.514+0000] {processor.py:640} INFO - Processing file /home/airflow/.local/lib/python3.7/site-packages/airflow/example_dags/example_xcom.py for tasks to queue
[2024-10-30T16:18:44.515+0000] {logging_mixin.py:115} INFO - [2024-10-30T16:18:44.515+0000] {dagbag.py:508} INFO - Filling up the DagBag from /home/airflow/.local/lib/python3.7/site-packages/airflow/example_dags/example_xcom.py
[2024-10-30T16:18:44.526+0000] {processor.py:650} INFO - DAG(s) dict_keys(['example_xcom']) retrieved from /home/airflow/.local/lib/python3.7/site-packages/airflow/example_dags/example_xcom.py
[2024-10-30T16:18:44.572+0000] {logging_mixin.py:115} INFO - [2024-10-30T16:18:44.572+0000] {dag.py:2429} INFO - Sync 1 DAGs
[2024-10-30T16:18:44.586+0000] {logging_mixin.py:115} INFO - [2024-10-30T16:18:44.586+0000] {dag.py:2981} INFO - Setting next_dagrun for example_xcom to 2021-01-01T00:00:00+00:00, run_after=2021-01-01T00:00:00+00:00
[2024-10-30T16:18:44.595+0000] {processor.py:161} INFO - Processing /home/airflow/.local/lib/python3.7/site-packages/airflow/example_dags/example_xcom.py took 0.083 seconds
[2024-10-30T16:19:15.123+0000] {processor.py:153} INFO - Started process (PID=1010) to work on /home/airflow/.local/lib/python3.7/site-packages/airflow/example_dags/example_xcom.py
[2024-10-30T16:19:15.124+0000] {processor.py:640} INFO - Processing file /home/airflow/.local/lib/python3.7/site-packages/airflow/example_dags/example_xcom.py for tasks to queue
[2024-10-30T16:19:15.124+0000] {logging_mixin.py:115} INFO - [2024-10-30T16:19:15.124+0000] {dagbag.py:508} INFO - Filling up the DagBag from /home/airflow/.local/lib/python3.7/site-packages/airflow/example_dags/example_xcom.py
[2024-10-30T16:19:15.136+0000] {processor.py:650} INFO - DAG(s) dict_keys(['example_xcom']) retrieved from /home/airflow/.local/lib/python3.7/site-packages/airflow/example_dags/example_xcom.py
[2024-10-30T16:19:15.151+0000] {logging_mixin.py:115} INFO - [2024-10-30T16:19:15.151+0000] {dag.py:2429} INFO - Sync 1 DAGs
[2024-10-30T16:19:15.166+0000] {logging_mixin.py:115} INFO - [2024-10-30T16:19:15.166+0000] {dag.py:2981} INFO - Setting next_dagrun for example_xcom to 2021-01-01T00:00:00+00:00, run_after=2021-01-01T00:00:00+00:00
[2024-10-30T16:19:15.174+0000] {processor.py:161} INFO - Processing /home/airflow/.local/lib/python3.7/site-packages/airflow/example_dags/example_xcom.py took 0.053 seconds
[2024-10-30T16:19:45.703+0000] {processor.py:153} INFO - Started process (PID=1070) to work on /home/airflow/.local/lib/python3.7/site-packages/airflow/example_dags/example_xcom.py
[2024-10-30T16:19:45.704+0000] {processor.py:640} INFO - Processing file /home/airflow/.local/lib/python3.7/site-packages/airflow/example_dags/example_xcom.py for tasks to queue
[2024-10-30T16:19:45.704+0000] {logging_mixin.py:115} INFO - [2024-10-30T16:19:45.704+0000] {dagbag.py:508} INFO - Filling up the DagBag from /home/airflow/.local/lib/python3.7/site-packages/airflow/example_dags/example_xcom.py
[2024-10-30T16:19:45.723+0000] {processor.py:650} INFO - DAG(s) dict_keys(['example_xcom']) retrieved from /home/airflow/.local/lib/python3.7/site-packages/airflow/example_dags/example_xcom.py
[2024-10-30T16:19:45.774+0000] {logging_mixin.py:115} INFO - [2024-10-30T16:19:45.774+0000] {dag.py:2429} INFO - Sync 1 DAGs
[2024-10-30T16:19:45.787+0000] {logging_mixin.py:115} INFO - [2024-10-30T16:19:45.787+0000] {dag.py:2981} INFO - Setting next_dagrun for example_xcom to 2021-01-01T00:00:00+00:00, run_after=2021-01-01T00:00:00+00:00
[2024-10-30T16:19:45.797+0000] {processor.py:161} INFO - Processing /home/airflow/.local/lib/python3.7/site-packages/airflow/example_dags/example_xcom.py took 0.098 seconds
[2024-10-30T16:20:16.289+0000] {processor.py:153} INFO - Started process (PID=1125) to work on /home/airflow/.local/lib/python3.7/site-packages/airflow/example_dags/example_xcom.py
[2024-10-30T16:20:16.290+0000] {processor.py:640} INFO - Processing file /home/airflow/.local/lib/python3.7/site-packages/airflow/example_dags/example_xcom.py for tasks to queue
[2024-10-30T16:20:16.290+0000] {logging_mixin.py:115} INFO - [2024-10-30T16:20:16.290+0000] {dagbag.py:508} INFO - Filling up the DagBag from /home/airflow/.local/lib/python3.7/site-packages/airflow/example_dags/example_xcom.py
[2024-10-30T16:20:16.301+0000] {processor.py:650} INFO - DAG(s) dict_keys(['example_xcom']) retrieved from /home/airflow/.local/lib/python3.7/site-packages/airflow/example_dags/example_xcom.py
[2024-10-30T16:20:16.343+0000] {logging_mixin.py:115} INFO - [2024-10-30T16:20:16.343+0000] {dag.py:2429} INFO - Sync 1 DAGs
[2024-10-30T16:20:16.356+0000] {logging_mixin.py:115} INFO - [2024-10-30T16:20:16.356+0000] {dag.py:2981} INFO - Setting next_dagrun for example_xcom to 2021-01-01T00:00:00+00:00, run_after=2021-01-01T00:00:00+00:00
[2024-10-30T16:20:16.365+0000] {processor.py:161} INFO - Processing /home/airflow/.local/lib/python3.7/site-packages/airflow/example_dags/example_xcom.py took 0.078 seconds
[2024-10-30T16:20:46.893+0000] {processor.py:153} INFO - Started process (PID=1187) to work on /home/airflow/.local/lib/python3.7/site-packages/airflow/example_dags/example_xcom.py
[2024-10-30T16:20:46.894+0000] {processor.py:640} INFO - Processing file /home/airflow/.local/lib/python3.7/site-packages/airflow/example_dags/example_xcom.py for tasks to queue
[2024-10-30T16:20:46.894+0000] {logging_mixin.py:115} INFO - [2024-10-30T16:20:46.894+0000] {dagbag.py:508} INFO - Filling up the DagBag from /home/airflow/.local/lib/python3.7/site-packages/airflow/example_dags/example_xcom.py
[2024-10-30T16:20:46.907+0000] {processor.py:650} INFO - DAG(s) dict_keys(['example_xcom']) retrieved from /home/airflow/.local/lib/python3.7/site-packages/airflow/example_dags/example_xcom.py
[2024-10-30T16:20:46.926+0000] {logging_mixin.py:115} INFO - [2024-10-30T16:20:46.926+0000] {dag.py:2429} INFO - Sync 1 DAGs
[2024-10-30T16:20:46.944+0000] {logging_mixin.py:115} INFO - [2024-10-30T16:20:46.944+0000] {dag.py:2981} INFO - Setting next_dagrun for example_xcom to 2021-01-01T00:00:00+00:00, run_after=2021-01-01T00:00:00+00:00
[2024-10-30T16:20:46.952+0000] {processor.py:161} INFO - Processing /home/airflow/.local/lib/python3.7/site-packages/airflow/example_dags/example_xcom.py took 0.061 seconds
[2024-10-30T16:21:17.372+0000] {processor.py:153} INFO - Started process (PID=1249) to work on /home/airflow/.local/lib/python3.7/site-packages/airflow/example_dags/example_xcom.py
[2024-10-30T16:21:17.372+0000] {processor.py:640} INFO - Processing file /home/airflow/.local/lib/python3.7/site-packages/airflow/example_dags/example_xcom.py for tasks to queue
[2024-10-30T16:21:17.373+0000] {logging_mixin.py:115} INFO - [2024-10-30T16:21:17.373+0000] {dagbag.py:508} INFO - Filling up the DagBag from /home/airflow/.local/lib/python3.7/site-packages/airflow/example_dags/example_xcom.py
[2024-10-30T16:21:17.386+0000] {processor.py:650} INFO - DAG(s) dict_keys(['example_xcom']) retrieved from /home/airflow/.local/lib/python3.7/site-packages/airflow/example_dags/example_xcom.py
[2024-10-30T16:21:17.435+0000] {logging_mixin.py:115} INFO - [2024-10-30T16:21:17.435+0000] {dag.py:2429} INFO - Sync 1 DAGs
[2024-10-30T16:21:17.448+0000] {logging_mixin.py:115} INFO - [2024-10-30T16:21:17.448+0000] {dag.py:2981} INFO - Setting next_dagrun for example_xcom to 2021-01-01T00:00:00+00:00, run_after=2021-01-01T00:00:00+00:00
[2024-10-30T16:21:17.457+0000] {processor.py:161} INFO - Processing /home/airflow/.local/lib/python3.7/site-packages/airflow/example_dags/example_xcom.py took 0.088 seconds
[2024-10-30T16:21:47.808+0000] {processor.py:153} INFO - Started process (PID=1302) to work on /home/airflow/.local/lib/python3.7/site-packages/airflow/example_dags/example_xcom.py
[2024-10-30T16:21:47.809+0000] {processor.py:640} INFO - Processing file /home/airflow/.local/lib/python3.7/site-packages/airflow/example_dags/example_xcom.py for tasks to queue
[2024-10-30T16:21:47.810+0000] {logging_mixin.py:115} INFO - [2024-10-30T16:21:47.810+0000] {dagbag.py:508} INFO - Filling up the DagBag from /home/airflow/.local/lib/python3.7/site-packages/airflow/example_dags/example_xcom.py
[2024-10-30T16:21:47.825+0000] {processor.py:650} INFO - DAG(s) dict_keys(['example_xcom']) retrieved from /home/airflow/.local/lib/python3.7/site-packages/airflow/example_dags/example_xcom.py
[2024-10-30T16:21:47.871+0000] {logging_mixin.py:115} INFO - [2024-10-30T16:21:47.871+0000] {dag.py:2429} INFO - Sync 1 DAGs
[2024-10-30T16:21:47.885+0000] {logging_mixin.py:115} INFO - [2024-10-30T16:21:47.885+0000] {dag.py:2981} INFO - Setting next_dagrun for example_xcom to 2021-01-01T00:00:00+00:00, run_after=2021-01-01T00:00:00+00:00
[2024-10-30T16:21:47.894+0000] {processor.py:161} INFO - Processing /home/airflow/.local/lib/python3.7/site-packages/airflow/example_dags/example_xcom.py took 0.088 seconds
[2024-10-30T16:22:18.668+0000] {processor.py:153} INFO - Started process (PID=1364) to work on /home/airflow/.local/lib/python3.7/site-packages/airflow/example_dags/example_xcom.py
[2024-10-30T16:22:18.669+0000] {processor.py:640} INFO - Processing file /home/airflow/.local/lib/python3.7/site-packages/airflow/example_dags/example_xcom.py for tasks to queue
[2024-10-30T16:22:18.669+0000] {logging_mixin.py:115} INFO - [2024-10-30T16:22:18.669+0000] {dagbag.py:508} INFO - Filling up the DagBag from /home/airflow/.local/lib/python3.7/site-packages/airflow/example_dags/example_xcom.py
[2024-10-30T16:22:18.679+0000] {processor.py:650} INFO - DAG(s) dict_keys(['example_xcom']) retrieved from /home/airflow/.local/lib/python3.7/site-packages/airflow/example_dags/example_xcom.py
[2024-10-30T16:22:18.721+0000] {logging_mixin.py:115} INFO - [2024-10-30T16:22:18.721+0000] {dag.py:2429} INFO - Sync 1 DAGs
[2024-10-30T16:22:18.733+0000] {logging_mixin.py:115} INFO - [2024-10-30T16:22:18.733+0000] {dag.py:2981} INFO - Setting next_dagrun for example_xcom to 2021-01-01T00:00:00+00:00, run_after=2021-01-01T00:00:00+00:00
[2024-10-30T16:22:18.742+0000] {processor.py:161} INFO - Processing /home/airflow/.local/lib/python3.7/site-packages/airflow/example_dags/example_xcom.py took 0.076 seconds
[2024-10-30T16:22:49.341+0000] {processor.py:153} INFO - Started process (PID=1426) to work on /home/airflow/.local/lib/python3.7/site-packages/airflow/example_dags/example_xcom.py
[2024-10-30T16:22:49.341+0000] {processor.py:640} INFO - Processing file /home/airflow/.local/lib/python3.7/site-packages/airflow/example_dags/example_xcom.py for tasks to queue
[2024-10-30T16:22:49.342+0000] {logging_mixin.py:115} INFO - [2024-10-30T16:22:49.342+0000] {dagbag.py:508} INFO - Filling up the DagBag from /home/airflow/.local/lib/python3.7/site-packages/airflow/example_dags/example_xcom.py
[2024-10-30T16:22:49.353+0000] {processor.py:650} INFO - DAG(s) dict_keys(['example_xcom']) retrieved from /home/airflow/.local/lib/python3.7/site-packages/airflow/example_dags/example_xcom.py
[2024-10-30T16:22:49.407+0000] {logging_mixin.py:115} INFO - [2024-10-30T16:22:49.407+0000] {dag.py:2429} INFO - Sync 1 DAGs
[2024-10-30T16:22:49.422+0000] {logging_mixin.py:115} INFO - [2024-10-30T16:22:49.422+0000] {dag.py:2981} INFO - Setting next_dagrun for example_xcom to 2021-01-01T00:00:00+00:00, run_after=2021-01-01T00:00:00+00:00
[2024-10-30T16:22:49.431+0000] {processor.py:161} INFO - Processing /home/airflow/.local/lib/python3.7/site-packages/airflow/example_dags/example_xcom.py took 0.093 seconds
[2024-10-30T16:23:19.891+0000] {processor.py:153} INFO - Started process (PID=1488) to work on /home/airflow/.local/lib/python3.7/site-packages/airflow/example_dags/example_xcom.py
[2024-10-30T16:23:19.892+0000] {processor.py:640} INFO - Processing file /home/airflow/.local/lib/python3.7/site-packages/airflow/example_dags/example_xcom.py for tasks to queue
[2024-10-30T16:23:19.893+0000] {logging_mixin.py:115} INFO - [2024-10-30T16:23:19.892+0000] {dagbag.py:508} INFO - Filling up the DagBag from /home/airflow/.local/lib/python3.7/site-packages/airflow/example_dags/example_xcom.py
[2024-10-30T16:23:19.905+0000] {processor.py:650} INFO - DAG(s) dict_keys(['example_xcom']) retrieved from /home/airflow/.local/lib/python3.7/site-packages/airflow/example_dags/example_xcom.py
[2024-10-30T16:23:19.924+0000] {logging_mixin.py:115} INFO - [2024-10-30T16:23:19.924+0000] {dag.py:2429} INFO - Sync 1 DAGs
[2024-10-30T16:23:19.939+0000] {logging_mixin.py:115} INFO - [2024-10-30T16:23:19.939+0000] {dag.py:2981} INFO - Setting next_dagrun for example_xcom to 2021-01-01T00:00:00+00:00, run_after=2021-01-01T00:00:00+00:00
[2024-10-30T16:23:19.951+0000] {processor.py:161} INFO - Processing /home/airflow/.local/lib/python3.7/site-packages/airflow/example_dags/example_xcom.py took 0.063 seconds
[2024-10-30T16:23:50.576+0000] {processor.py:153} INFO - Started process (PID=1541) to work on /home/airflow/.local/lib/python3.7/site-packages/airflow/example_dags/example_xcom.py
[2024-10-30T16:23:50.576+0000] {processor.py:640} INFO - Processing file /home/airflow/.local/lib/python3.7/site-packages/airflow/example_dags/example_xcom.py for tasks to queue
[2024-10-30T16:23:50.577+0000] {logging_mixin.py:115} INFO - [2024-10-30T16:23:50.577+0000] {dagbag.py:508} INFO - Filling up the DagBag from /home/airflow/.local/lib/python3.7/site-packages/airflow/example_dags/example_xcom.py
[2024-10-30T16:23:50.587+0000] {processor.py:650} INFO - DAG(s) dict_keys(['example_xcom']) retrieved from /home/airflow/.local/lib/python3.7/site-packages/airflow/example_dags/example_xcom.py
[2024-10-30T16:23:50.626+0000] {logging_mixin.py:115} INFO - [2024-10-30T16:23:50.626+0000] {dag.py:2429} INFO - Sync 1 DAGs
[2024-10-30T16:23:50.638+0000] {logging_mixin.py:115} INFO - [2024-10-30T16:23:50.637+0000] {dag.py:2981} INFO - Setting next_dagrun for example_xcom to 2021-01-01T00:00:00+00:00, run_after=2021-01-01T00:00:00+00:00
[2024-10-30T16:23:50.645+0000] {processor.py:161} INFO - Processing /home/airflow/.local/lib/python3.7/site-packages/airflow/example_dags/example_xcom.py took 0.071 seconds
[2024-10-30T16:24:21.263+0000] {processor.py:153} INFO - Started process (PID=1603) to work on /home/airflow/.local/lib/python3.7/site-packages/airflow/example_dags/example_xcom.py
[2024-10-30T16:24:21.263+0000] {processor.py:640} INFO - Processing file /home/airflow/.local/lib/python3.7/site-packages/airflow/example_dags/example_xcom.py for tasks to queue
[2024-10-30T16:24:21.264+0000] {logging_mixin.py:115} INFO - [2024-10-30T16:24:21.264+0000] {dagbag.py:508} INFO - Filling up the DagBag from /home/airflow/.local/lib/python3.7/site-packages/airflow/example_dags/example_xcom.py
[2024-10-30T16:24:21.275+0000] {processor.py:650} INFO - DAG(s) dict_keys(['example_xcom']) retrieved from /home/airflow/.local/lib/python3.7/site-packages/airflow/example_dags/example_xcom.py
[2024-10-30T16:24:21.291+0000] {logging_mixin.py:115} INFO - [2024-10-30T16:24:21.291+0000] {dag.py:2429} INFO - Sync 1 DAGs
[2024-10-30T16:24:21.305+0000] {logging_mixin.py:115} INFO - [2024-10-30T16:24:21.305+0000] {dag.py:2981} INFO - Setting next_dagrun for example_xcom to 2021-01-01T00:00:00+00:00, run_after=2021-01-01T00:00:00+00:00
[2024-10-30T16:24:21.313+0000] {processor.py:161} INFO - Processing /home/airflow/.local/lib/python3.7/site-packages/airflow/example_dags/example_xcom.py took 0.052 seconds
[2024-10-30T16:24:52.203+0000] {processor.py:153} INFO - Started process (PID=1666) to work on /home/airflow/.local/lib/python3.7/site-packages/airflow/example_dags/example_xcom.py
[2024-10-30T16:24:52.204+0000] {processor.py:640} INFO - Processing file /home/airflow/.local/lib/python3.7/site-packages/airflow/example_dags/example_xcom.py for tasks to queue
[2024-10-30T16:24:52.205+0000] {logging_mixin.py:115} INFO - [2024-10-30T16:24:52.204+0000] {dagbag.py:508} INFO - Filling up the DagBag from /home/airflow/.local/lib/python3.7/site-packages/airflow/example_dags/example_xcom.py
[2024-10-30T16:24:52.219+0000] {processor.py:650} INFO - DAG(s) dict_keys(['example_xcom']) retrieved from /home/airflow/.local/lib/python3.7/site-packages/airflow/example_dags/example_xcom.py
[2024-10-30T16:24:52.263+0000] {logging_mixin.py:115} INFO - [2024-10-30T16:24:52.263+0000] {dag.py:2429} INFO - Sync 1 DAGs
[2024-10-30T16:24:52.276+0000] {logging_mixin.py:115} INFO - [2024-10-30T16:24:52.276+0000] {dag.py:2981} INFO - Setting next_dagrun for example_xcom to 2021-01-01T00:00:00+00:00, run_after=2021-01-01T00:00:00+00:00
[2024-10-30T16:24:52.285+0000] {processor.py:161} INFO - Processing /home/airflow/.local/lib/python3.7/site-packages/airflow/example_dags/example_xcom.py took 0.085 seconds
[2024-10-30T16:25:23.006+0000] {processor.py:153} INFO - Started process (PID=1728) to work on /home/airflow/.local/lib/python3.7/site-packages/airflow/example_dags/example_xcom.py
[2024-10-30T16:25:23.007+0000] {processor.py:640} INFO - Processing file /home/airflow/.local/lib/python3.7/site-packages/airflow/example_dags/example_xcom.py for tasks to queue
[2024-10-30T16:25:23.007+0000] {logging_mixin.py:115} INFO - [2024-10-30T16:25:23.007+0000] {dagbag.py:508} INFO - Filling up the DagBag from /home/airflow/.local/lib/python3.7/site-packages/airflow/example_dags/example_xcom.py
[2024-10-30T16:25:23.020+0000] {processor.py:650} INFO - DAG(s) dict_keys(['example_xcom']) retrieved from /home/airflow/.local/lib/python3.7/site-packages/airflow/example_dags/example_xcom.py
[2024-10-30T16:25:23.068+0000] {logging_mixin.py:115} INFO - [2024-10-30T16:25:23.068+0000] {dag.py:2429} INFO - Sync 1 DAGs
[2024-10-30T16:25:23.086+0000] {logging_mixin.py:115} INFO - [2024-10-30T16:25:23.086+0000] {dag.py:2981} INFO - Setting next_dagrun for example_xcom to 2021-01-01T00:00:00+00:00, run_after=2021-01-01T00:00:00+00:00
[2024-10-30T16:25:23.095+0000] {processor.py:161} INFO - Processing /home/airflow/.local/lib/python3.7/site-packages/airflow/example_dags/example_xcom.py took 0.091 seconds
[2024-10-30T16:25:53.521+0000] {processor.py:153} INFO - Started process (PID=1781) to work on /home/airflow/.local/lib/python3.7/site-packages/airflow/example_dags/example_xcom.py
[2024-10-30T16:25:53.522+0000] {processor.py:640} INFO - Processing file /home/airflow/.local/lib/python3.7/site-packages/airflow/example_dags/example_xcom.py for tasks to queue
[2024-10-30T16:25:53.522+0000] {logging_mixin.py:115} INFO - [2024-10-30T16:25:53.522+0000] {dagbag.py:508} INFO - Filling up the DagBag from /home/airflow/.local/lib/python3.7/site-packages/airflow/example_dags/example_xcom.py
[2024-10-30T16:25:53.536+0000] {processor.py:650} INFO - DAG(s) dict_keys(['example_xcom']) retrieved from /home/airflow/.local/lib/python3.7/site-packages/airflow/example_dags/example_xcom.py
[2024-10-30T16:25:53.587+0000] {logging_mixin.py:115} INFO - [2024-10-30T16:25:53.587+0000] {dag.py:2429} INFO - Sync 1 DAGs
[2024-10-30T16:25:53.601+0000] {logging_mixin.py:115} INFO - [2024-10-30T16:25:53.600+0000] {dag.py:2981} INFO - Setting next_dagrun for example_xcom to 2021-01-01T00:00:00+00:00, run_after=2021-01-01T00:00:00+00:00
[2024-10-30T16:25:53.611+0000] {processor.py:161} INFO - Processing /home/airflow/.local/lib/python3.7/site-packages/airflow/example_dags/example_xcom.py took 0.092 seconds
[2024-10-30T16:26:24.536+0000] {processor.py:153} INFO - Started process (PID=1846) to work on /home/airflow/.local/lib/python3.7/site-packages/airflow/example_dags/example_xcom.py
[2024-10-30T16:26:24.537+0000] {processor.py:640} INFO - Processing file /home/airflow/.local/lib/python3.7/site-packages/airflow/example_dags/example_xcom.py for tasks to queue
[2024-10-30T16:26:24.538+0000] {logging_mixin.py:115} INFO - [2024-10-30T16:26:24.538+0000] {dagbag.py:508} INFO - Filling up the DagBag from /home/airflow/.local/lib/python3.7/site-packages/airflow/example_dags/example_xcom.py
[2024-10-30T16:26:24.552+0000] {processor.py:650} INFO - DAG(s) dict_keys(['example_xcom']) retrieved from /home/airflow/.local/lib/python3.7/site-packages/airflow/example_dags/example_xcom.py
[2024-10-30T16:26:24.601+0000] {logging_mixin.py:115} INFO - [2024-10-30T16:26:24.601+0000] {dag.py:2429} INFO - Sync 1 DAGs
[2024-10-30T16:26:24.623+0000] {logging_mixin.py:115} INFO - [2024-10-30T16:26:24.623+0000] {dag.py:2981} INFO - Setting next_dagrun for example_xcom to 2021-01-01T00:00:00+00:00, run_after=2021-01-01T00:00:00+00:00
[2024-10-30T16:26:24.638+0000] {processor.py:161} INFO - Processing /home/airflow/.local/lib/python3.7/site-packages/airflow/example_dags/example_xcom.py took 0.104 seconds
[2024-10-30T16:26:55.310+0000] {processor.py:153} INFO - Started process (PID=1910) to work on /home/airflow/.local/lib/python3.7/site-packages/airflow/example_dags/example_xcom.py
[2024-10-30T16:26:55.311+0000] {processor.py:640} INFO - Processing file /home/airflow/.local/lib/python3.7/site-packages/airflow/example_dags/example_xcom.py for tasks to queue
[2024-10-30T16:26:55.312+0000] {logging_mixin.py:115} INFO - [2024-10-30T16:26:55.312+0000] {dagbag.py:508} INFO - Filling up the DagBag from /home/airflow/.local/lib/python3.7/site-packages/airflow/example_dags/example_xcom.py
[2024-10-30T16:26:55.326+0000] {processor.py:650} INFO - DAG(s) dict_keys(['example_xcom']) retrieved from /home/airflow/.local/lib/python3.7/site-packages/airflow/example_dags/example_xcom.py
[2024-10-30T16:26:55.379+0000] {logging_mixin.py:115} INFO - [2024-10-30T16:26:55.378+0000] {dag.py:2429} INFO - Sync 1 DAGs
[2024-10-30T16:26:55.394+0000] {logging_mixin.py:115} INFO - [2024-10-30T16:26:55.394+0000] {dag.py:2981} INFO - Setting next_dagrun for example_xcom to 2021-01-01T00:00:00+00:00, run_after=2021-01-01T00:00:00+00:00
[2024-10-30T16:26:55.404+0000] {processor.py:161} INFO - Processing /home/airflow/.local/lib/python3.7/site-packages/airflow/example_dags/example_xcom.py took 0.095 seconds
