[2024-10-30T16:11:05.844+0000] {processor.py:153} INFO - Started process (PID=63) to work on /home/airflow/.local/lib/python3.7/site-packages/airflow/example_dags/example_complex.py
[2024-10-30T16:11:05.844+0000] {processor.py:640} INFO - Processing file /home/airflow/.local/lib/python3.7/site-packages/airflow/example_dags/example_complex.py for tasks to queue
[2024-10-30T16:11:05.845+0000] {logging_mixin.py:115} INFO - [2024-10-30T16:11:05.845+0000] {dagbag.py:508} INFO - Filling up the DagBag from /home/airflow/.local/lib/python3.7/site-packages/airflow/example_dags/example_complex.py
[2024-10-30T16:11:05.860+0000] {processor.py:650} INFO - DAG(s) dict_keys(['example_complex']) retrieved from /home/airflow/.local/lib/python3.7/site-packages/airflow/example_dags/example_complex.py
[2024-10-30T16:11:05.937+0000] {logging_mixin.py:115} INFO - [2024-10-30T16:11:05.936+0000] {manager.py:508} INFO - Created Permission View: can delete on DAG:example_complex
[2024-10-30T16:11:05.946+0000] {logging_mixin.py:115} INFO - [2024-10-30T16:11:05.945+0000] {manager.py:508} INFO - Created Permission View: can read on DAG:example_complex
[2024-10-30T16:11:05.953+0000] {logging_mixin.py:115} INFO - [2024-10-30T16:11:05.953+0000] {manager.py:508} INFO - Created Permission View: can edit on DAG:example_complex
[2024-10-30T16:11:05.954+0000] {logging_mixin.py:115} INFO - [2024-10-30T16:11:05.953+0000] {dag.py:2429} INFO - Sync 1 DAGs
[2024-10-30T16:11:05.963+0000] {logging_mixin.py:115} INFO - [2024-10-30T16:11:05.963+0000] {dag.py:2448} INFO - Creating ORM DAG for example_complex
[2024-10-30T16:11:05.974+0000] {logging_mixin.py:115} INFO - [2024-10-30T16:11:05.974+0000] {dag.py:2981} INFO - Setting next_dagrun for example_complex to None, run_after=None
[2024-10-30T16:11:05.988+0000] {processor.py:161} INFO - Processing /home/airflow/.local/lib/python3.7/site-packages/airflow/example_dags/example_complex.py took 0.147 seconds
[2024-10-30T16:11:36.519+0000] {processor.py:153} INFO - Started process (PID=125) to work on /home/airflow/.local/lib/python3.7/site-packages/airflow/example_dags/example_complex.py
[2024-10-30T16:11:36.520+0000] {processor.py:640} INFO - Processing file /home/airflow/.local/lib/python3.7/site-packages/airflow/example_dags/example_complex.py for tasks to queue
[2024-10-30T16:11:36.521+0000] {logging_mixin.py:115} INFO - [2024-10-30T16:11:36.521+0000] {dagbag.py:508} INFO - Filling up the DagBag from /home/airflow/.local/lib/python3.7/site-packages/airflow/example_dags/example_complex.py
[2024-10-30T16:11:36.531+0000] {processor.py:650} INFO - DAG(s) dict_keys(['example_complex']) retrieved from /home/airflow/.local/lib/python3.7/site-packages/airflow/example_dags/example_complex.py
[2024-10-30T16:11:36.553+0000] {logging_mixin.py:115} INFO - [2024-10-30T16:11:36.553+0000] {dag.py:2429} INFO - Sync 1 DAGs
[2024-10-30T16:11:36.567+0000] {logging_mixin.py:115} INFO - [2024-10-30T16:11:36.567+0000] {dag.py:2981} INFO - Setting next_dagrun for example_complex to None, run_after=None
[2024-10-30T16:11:36.577+0000] {processor.py:161} INFO - Processing /home/airflow/.local/lib/python3.7/site-packages/airflow/example_dags/example_complex.py took 0.060 seconds
[2024-10-30T16:12:07.033+0000] {processor.py:153} INFO - Started process (PID=187) to work on /home/airflow/.local/lib/python3.7/site-packages/airflow/example_dags/example_complex.py
[2024-10-30T16:12:07.034+0000] {processor.py:640} INFO - Processing file /home/airflow/.local/lib/python3.7/site-packages/airflow/example_dags/example_complex.py for tasks to queue
[2024-10-30T16:12:07.035+0000] {logging_mixin.py:115} INFO - [2024-10-30T16:12:07.035+0000] {dagbag.py:508} INFO - Filling up the DagBag from /home/airflow/.local/lib/python3.7/site-packages/airflow/example_dags/example_complex.py
[2024-10-30T16:12:07.048+0000] {processor.py:650} INFO - DAG(s) dict_keys(['example_complex']) retrieved from /home/airflow/.local/lib/python3.7/site-packages/airflow/example_dags/example_complex.py
[2024-10-30T16:12:07.075+0000] {logging_mixin.py:115} INFO - [2024-10-30T16:12:07.074+0000] {dag.py:2429} INFO - Sync 1 DAGs
[2024-10-30T16:12:07.094+0000] {logging_mixin.py:115} INFO - [2024-10-30T16:12:07.094+0000] {dag.py:2981} INFO - Setting next_dagrun for example_complex to None, run_after=None
[2024-10-30T16:12:07.104+0000] {processor.py:161} INFO - Processing /home/airflow/.local/lib/python3.7/site-packages/airflow/example_dags/example_complex.py took 0.073 seconds
[2024-10-30T16:12:37.685+0000] {processor.py:153} INFO - Started process (PID=241) to work on /home/airflow/.local/lib/python3.7/site-packages/airflow/example_dags/example_complex.py
[2024-10-30T16:12:37.685+0000] {processor.py:640} INFO - Processing file /home/airflow/.local/lib/python3.7/site-packages/airflow/example_dags/example_complex.py for tasks to queue
[2024-10-30T16:12:37.686+0000] {logging_mixin.py:115} INFO - [2024-10-30T16:12:37.686+0000] {dagbag.py:508} INFO - Filling up the DagBag from /home/airflow/.local/lib/python3.7/site-packages/airflow/example_dags/example_complex.py
[2024-10-30T16:12:37.694+0000] {processor.py:650} INFO - DAG(s) dict_keys(['example_complex']) retrieved from /home/airflow/.local/lib/python3.7/site-packages/airflow/example_dags/example_complex.py
[2024-10-30T16:12:37.713+0000] {logging_mixin.py:115} INFO - [2024-10-30T16:12:37.713+0000] {dag.py:2429} INFO - Sync 1 DAGs
[2024-10-30T16:12:37.727+0000] {logging_mixin.py:115} INFO - [2024-10-30T16:12:37.727+0000] {dag.py:2981} INFO - Setting next_dagrun for example_complex to None, run_after=None
[2024-10-30T16:12:37.734+0000] {processor.py:161} INFO - Processing /home/airflow/.local/lib/python3.7/site-packages/airflow/example_dags/example_complex.py took 0.052 seconds
[2024-10-30T16:13:08.130+0000] {processor.py:153} INFO - Started process (PID=303) to work on /home/airflow/.local/lib/python3.7/site-packages/airflow/example_dags/example_complex.py
[2024-10-30T16:13:08.131+0000] {processor.py:640} INFO - Processing file /home/airflow/.local/lib/python3.7/site-packages/airflow/example_dags/example_complex.py for tasks to queue
[2024-10-30T16:13:08.131+0000] {logging_mixin.py:115} INFO - [2024-10-30T16:13:08.131+0000] {dagbag.py:508} INFO - Filling up the DagBag from /home/airflow/.local/lib/python3.7/site-packages/airflow/example_dags/example_complex.py
[2024-10-30T16:13:08.144+0000] {processor.py:650} INFO - DAG(s) dict_keys(['example_complex']) retrieved from /home/airflow/.local/lib/python3.7/site-packages/airflow/example_dags/example_complex.py
[2024-10-30T16:13:08.167+0000] {logging_mixin.py:115} INFO - [2024-10-30T16:13:08.167+0000] {dag.py:2429} INFO - Sync 1 DAGs
[2024-10-30T16:13:08.187+0000] {logging_mixin.py:115} INFO - [2024-10-30T16:13:08.187+0000] {dag.py:2981} INFO - Setting next_dagrun for example_complex to None, run_after=None
[2024-10-30T16:13:08.196+0000] {processor.py:161} INFO - Processing /home/airflow/.local/lib/python3.7/site-packages/airflow/example_dags/example_complex.py took 0.068 seconds
[2024-10-30T16:13:38.854+0000] {processor.py:153} INFO - Started process (PID=366) to work on /home/airflow/.local/lib/python3.7/site-packages/airflow/example_dags/example_complex.py
[2024-10-30T16:13:38.854+0000] {processor.py:640} INFO - Processing file /home/airflow/.local/lib/python3.7/site-packages/airflow/example_dags/example_complex.py for tasks to queue
[2024-10-30T16:13:38.855+0000] {logging_mixin.py:115} INFO - [2024-10-30T16:13:38.855+0000] {dagbag.py:508} INFO - Filling up the DagBag from /home/airflow/.local/lib/python3.7/site-packages/airflow/example_dags/example_complex.py
[2024-10-30T16:13:38.864+0000] {processor.py:650} INFO - DAG(s) dict_keys(['example_complex']) retrieved from /home/airflow/.local/lib/python3.7/site-packages/airflow/example_dags/example_complex.py
[2024-10-30T16:13:38.887+0000] {logging_mixin.py:115} INFO - [2024-10-30T16:13:38.887+0000] {dag.py:2429} INFO - Sync 1 DAGs
[2024-10-30T16:13:38.903+0000] {logging_mixin.py:115} INFO - [2024-10-30T16:13:38.903+0000] {dag.py:2981} INFO - Setting next_dagrun for example_complex to None, run_after=None
[2024-10-30T16:13:38.911+0000] {processor.py:161} INFO - Processing /home/airflow/.local/lib/python3.7/site-packages/airflow/example_dags/example_complex.py took 0.059 seconds
[2024-10-30T16:14:09.715+0000] {processor.py:153} INFO - Started process (PID=426) to work on /home/airflow/.local/lib/python3.7/site-packages/airflow/example_dags/example_complex.py
[2024-10-30T16:14:09.716+0000] {processor.py:640} INFO - Processing file /home/airflow/.local/lib/python3.7/site-packages/airflow/example_dags/example_complex.py for tasks to queue
[2024-10-30T16:14:09.716+0000] {logging_mixin.py:115} INFO - [2024-10-30T16:14:09.716+0000] {dagbag.py:508} INFO - Filling up the DagBag from /home/airflow/.local/lib/python3.7/site-packages/airflow/example_dags/example_complex.py
[2024-10-30T16:14:09.730+0000] {processor.py:650} INFO - DAG(s) dict_keys(['example_complex']) retrieved from /home/airflow/.local/lib/python3.7/site-packages/airflow/example_dags/example_complex.py
[2024-10-30T16:14:09.757+0000] {logging_mixin.py:115} INFO - [2024-10-30T16:14:09.757+0000] {dag.py:2429} INFO - Sync 1 DAGs
[2024-10-30T16:14:09.776+0000] {logging_mixin.py:115} INFO - [2024-10-30T16:14:09.776+0000] {dag.py:2981} INFO - Setting next_dagrun for example_complex to None, run_after=None
[2024-10-30T16:14:09.785+0000] {processor.py:161} INFO - Processing /home/airflow/.local/lib/python3.7/site-packages/airflow/example_dags/example_complex.py took 0.072 seconds
[2024-10-30T16:14:40.514+0000] {processor.py:153} INFO - Started process (PID=481) to work on /home/airflow/.local/lib/python3.7/site-packages/airflow/example_dags/example_complex.py
[2024-10-30T16:14:40.514+0000] {processor.py:640} INFO - Processing file /home/airflow/.local/lib/python3.7/site-packages/airflow/example_dags/example_complex.py for tasks to queue
[2024-10-30T16:14:40.515+0000] {logging_mixin.py:115} INFO - [2024-10-30T16:14:40.515+0000] {dagbag.py:508} INFO - Filling up the DagBag from /home/airflow/.local/lib/python3.7/site-packages/airflow/example_dags/example_complex.py
[2024-10-30T16:14:40.528+0000] {processor.py:650} INFO - DAG(s) dict_keys(['example_complex']) retrieved from /home/airflow/.local/lib/python3.7/site-packages/airflow/example_dags/example_complex.py
[2024-10-30T16:14:40.551+0000] {logging_mixin.py:115} INFO - [2024-10-30T16:14:40.551+0000] {dag.py:2429} INFO - Sync 1 DAGs
[2024-10-30T16:14:40.566+0000] {logging_mixin.py:115} INFO - [2024-10-30T16:14:40.566+0000] {dag.py:2981} INFO - Setting next_dagrun for example_complex to None, run_after=None
[2024-10-30T16:14:40.574+0000] {processor.py:161} INFO - Processing /home/airflow/.local/lib/python3.7/site-packages/airflow/example_dags/example_complex.py took 0.063 seconds
[2024-10-30T16:15:11.121+0000] {processor.py:153} INFO - Started process (PID=543) to work on /home/airflow/.local/lib/python3.7/site-packages/airflow/example_dags/example_complex.py
[2024-10-30T16:15:11.122+0000] {processor.py:640} INFO - Processing file /home/airflow/.local/lib/python3.7/site-packages/airflow/example_dags/example_complex.py for tasks to queue
[2024-10-30T16:15:11.122+0000] {logging_mixin.py:115} INFO - [2024-10-30T16:15:11.122+0000] {dagbag.py:508} INFO - Filling up the DagBag from /home/airflow/.local/lib/python3.7/site-packages/airflow/example_dags/example_complex.py
[2024-10-30T16:15:11.133+0000] {processor.py:650} INFO - DAG(s) dict_keys(['example_complex']) retrieved from /home/airflow/.local/lib/python3.7/site-packages/airflow/example_dags/example_complex.py
[2024-10-30T16:15:11.154+0000] {logging_mixin.py:115} INFO - [2024-10-30T16:15:11.153+0000] {dag.py:2429} INFO - Sync 1 DAGs
[2024-10-30T16:15:11.168+0000] {logging_mixin.py:115} INFO - [2024-10-30T16:15:11.168+0000] {dag.py:2981} INFO - Setting next_dagrun for example_complex to None, run_after=None
[2024-10-30T16:15:11.177+0000] {processor.py:161} INFO - Processing /home/airflow/.local/lib/python3.7/site-packages/airflow/example_dags/example_complex.py took 0.058 seconds
[2024-10-30T16:15:41.822+0000] {processor.py:153} INFO - Started process (PID=605) to work on /home/airflow/.local/lib/python3.7/site-packages/airflow/example_dags/example_complex.py
[2024-10-30T16:15:41.823+0000] {processor.py:640} INFO - Processing file /home/airflow/.local/lib/python3.7/site-packages/airflow/example_dags/example_complex.py for tasks to queue
[2024-10-30T16:15:41.823+0000] {logging_mixin.py:115} INFO - [2024-10-30T16:15:41.823+0000] {dagbag.py:508} INFO - Filling up the DagBag from /home/airflow/.local/lib/python3.7/site-packages/airflow/example_dags/example_complex.py
[2024-10-30T16:15:41.834+0000] {processor.py:650} INFO - DAG(s) dict_keys(['example_complex']) retrieved from /home/airflow/.local/lib/python3.7/site-packages/airflow/example_dags/example_complex.py
[2024-10-30T16:15:41.856+0000] {logging_mixin.py:115} INFO - [2024-10-30T16:15:41.856+0000] {dag.py:2429} INFO - Sync 1 DAGs
[2024-10-30T16:15:41.870+0000] {logging_mixin.py:115} INFO - [2024-10-30T16:15:41.870+0000] {dag.py:2981} INFO - Setting next_dagrun for example_complex to None, run_after=None
[2024-10-30T16:15:41.879+0000] {processor.py:161} INFO - Processing /home/airflow/.local/lib/python3.7/site-packages/airflow/example_dags/example_complex.py took 0.060 seconds
[2024-10-30T16:16:12.663+0000] {processor.py:153} INFO - Started process (PID=658) to work on /home/airflow/.local/lib/python3.7/site-packages/airflow/example_dags/example_complex.py
[2024-10-30T16:16:12.664+0000] {processor.py:640} INFO - Processing file /home/airflow/.local/lib/python3.7/site-packages/airflow/example_dags/example_complex.py for tasks to queue
[2024-10-30T16:16:12.664+0000] {logging_mixin.py:115} INFO - [2024-10-30T16:16:12.664+0000] {dagbag.py:508} INFO - Filling up the DagBag from /home/airflow/.local/lib/python3.7/site-packages/airflow/example_dags/example_complex.py
[2024-10-30T16:16:12.674+0000] {processor.py:650} INFO - DAG(s) dict_keys(['example_complex']) retrieved from /home/airflow/.local/lib/python3.7/site-packages/airflow/example_dags/example_complex.py
[2024-10-30T16:16:12.695+0000] {logging_mixin.py:115} INFO - [2024-10-30T16:16:12.695+0000] {dag.py:2429} INFO - Sync 1 DAGs
[2024-10-30T16:16:12.708+0000] {logging_mixin.py:115} INFO - [2024-10-30T16:16:12.708+0000] {dag.py:2981} INFO - Setting next_dagrun for example_complex to None, run_after=None
[2024-10-30T16:16:12.715+0000] {processor.py:161} INFO - Processing /home/airflow/.local/lib/python3.7/site-packages/airflow/example_dags/example_complex.py took 0.054 seconds
[2024-10-30T16:16:43.314+0000] {processor.py:153} INFO - Started process (PID=720) to work on /home/airflow/.local/lib/python3.7/site-packages/airflow/example_dags/example_complex.py
[2024-10-30T16:16:43.314+0000] {processor.py:640} INFO - Processing file /home/airflow/.local/lib/python3.7/site-packages/airflow/example_dags/example_complex.py for tasks to queue
[2024-10-30T16:16:43.315+0000] {logging_mixin.py:115} INFO - [2024-10-30T16:16:43.315+0000] {dagbag.py:508} INFO - Filling up the DagBag from /home/airflow/.local/lib/python3.7/site-packages/airflow/example_dags/example_complex.py
[2024-10-30T16:16:43.328+0000] {processor.py:650} INFO - DAG(s) dict_keys(['example_complex']) retrieved from /home/airflow/.local/lib/python3.7/site-packages/airflow/example_dags/example_complex.py
[2024-10-30T16:16:43.347+0000] {logging_mixin.py:115} INFO - [2024-10-30T16:16:43.347+0000] {dag.py:2429} INFO - Sync 1 DAGs
[2024-10-30T16:16:43.362+0000] {logging_mixin.py:115} INFO - [2024-10-30T16:16:43.362+0000] {dag.py:2981} INFO - Setting next_dagrun for example_complex to None, run_after=None
[2024-10-30T16:16:43.370+0000] {processor.py:161} INFO - Processing /home/airflow/.local/lib/python3.7/site-packages/airflow/example_dags/example_complex.py took 0.058 seconds
[2024-10-30T16:17:14.161+0000] {processor.py:153} INFO - Started process (PID=782) to work on /home/airflow/.local/lib/python3.7/site-packages/airflow/example_dags/example_complex.py
[2024-10-30T16:17:14.161+0000] {processor.py:640} INFO - Processing file /home/airflow/.local/lib/python3.7/site-packages/airflow/example_dags/example_complex.py for tasks to queue
[2024-10-30T16:17:14.162+0000] {logging_mixin.py:115} INFO - [2024-10-30T16:17:14.162+0000] {dagbag.py:508} INFO - Filling up the DagBag from /home/airflow/.local/lib/python3.7/site-packages/airflow/example_dags/example_complex.py
[2024-10-30T16:17:14.173+0000] {processor.py:650} INFO - DAG(s) dict_keys(['example_complex']) retrieved from /home/airflow/.local/lib/python3.7/site-packages/airflow/example_dags/example_complex.py
[2024-10-30T16:17:14.194+0000] {logging_mixin.py:115} INFO - [2024-10-30T16:17:14.194+0000] {dag.py:2429} INFO - Sync 1 DAGs
[2024-10-30T16:17:14.214+0000] {logging_mixin.py:115} INFO - [2024-10-30T16:17:14.214+0000] {dag.py:2981} INFO - Setting next_dagrun for example_complex to None, run_after=None
[2024-10-30T16:17:14.225+0000] {processor.py:161} INFO - Processing /home/airflow/.local/lib/python3.7/site-packages/airflow/example_dags/example_complex.py took 0.066 seconds
[2024-10-30T16:17:44.865+0000] {processor.py:153} INFO - Started process (PID=844) to work on /home/airflow/.local/lib/python3.7/site-packages/airflow/example_dags/example_complex.py
[2024-10-30T16:17:44.866+0000] {processor.py:640} INFO - Processing file /home/airflow/.local/lib/python3.7/site-packages/airflow/example_dags/example_complex.py for tasks to queue
[2024-10-30T16:17:44.867+0000] {logging_mixin.py:115} INFO - [2024-10-30T16:17:44.867+0000] {dagbag.py:508} INFO - Filling up the DagBag from /home/airflow/.local/lib/python3.7/site-packages/airflow/example_dags/example_complex.py
[2024-10-30T16:17:44.878+0000] {processor.py:650} INFO - DAG(s) dict_keys(['example_complex']) retrieved from /home/airflow/.local/lib/python3.7/site-packages/airflow/example_dags/example_complex.py
[2024-10-30T16:17:44.899+0000] {logging_mixin.py:115} INFO - [2024-10-30T16:17:44.899+0000] {dag.py:2429} INFO - Sync 1 DAGs
[2024-10-30T16:17:44.917+0000] {logging_mixin.py:115} INFO - [2024-10-30T16:17:44.916+0000] {dag.py:2981} INFO - Setting next_dagrun for example_complex to None, run_after=None
[2024-10-30T16:17:44.924+0000] {processor.py:161} INFO - Processing /home/airflow/.local/lib/python3.7/site-packages/airflow/example_dags/example_complex.py took 0.061 seconds
[2024-10-30T16:18:15.394+0000] {processor.py:153} INFO - Started process (PID=897) to work on /home/airflow/.local/lib/python3.7/site-packages/airflow/example_dags/example_complex.py
[2024-10-30T16:18:15.395+0000] {processor.py:640} INFO - Processing file /home/airflow/.local/lib/python3.7/site-packages/airflow/example_dags/example_complex.py for tasks to queue
[2024-10-30T16:18:15.395+0000] {logging_mixin.py:115} INFO - [2024-10-30T16:18:15.395+0000] {dagbag.py:508} INFO - Filling up the DagBag from /home/airflow/.local/lib/python3.7/site-packages/airflow/example_dags/example_complex.py
[2024-10-30T16:18:15.406+0000] {processor.py:650} INFO - DAG(s) dict_keys(['example_complex']) retrieved from /home/airflow/.local/lib/python3.7/site-packages/airflow/example_dags/example_complex.py
[2024-10-30T16:18:15.431+0000] {logging_mixin.py:115} INFO - [2024-10-30T16:18:15.431+0000] {dag.py:2429} INFO - Sync 1 DAGs
[2024-10-30T16:18:15.451+0000] {logging_mixin.py:115} INFO - [2024-10-30T16:18:15.451+0000] {dag.py:2981} INFO - Setting next_dagrun for example_complex to None, run_after=None
[2024-10-30T16:18:15.460+0000] {processor.py:161} INFO - Processing /home/airflow/.local/lib/python3.7/site-packages/airflow/example_dags/example_complex.py took 0.068 seconds
[2024-10-30T16:18:45.886+0000] {processor.py:153} INFO - Started process (PID=959) to work on /home/airflow/.local/lib/python3.7/site-packages/airflow/example_dags/example_complex.py
[2024-10-30T16:18:45.887+0000] {processor.py:640} INFO - Processing file /home/airflow/.local/lib/python3.7/site-packages/airflow/example_dags/example_complex.py for tasks to queue
[2024-10-30T16:18:45.887+0000] {logging_mixin.py:115} INFO - [2024-10-30T16:18:45.887+0000] {dagbag.py:508} INFO - Filling up the DagBag from /home/airflow/.local/lib/python3.7/site-packages/airflow/example_dags/example_complex.py
[2024-10-30T16:18:45.895+0000] {processor.py:650} INFO - DAG(s) dict_keys(['example_complex']) retrieved from /home/airflow/.local/lib/python3.7/site-packages/airflow/example_dags/example_complex.py
[2024-10-30T16:18:45.916+0000] {logging_mixin.py:115} INFO - [2024-10-30T16:18:45.916+0000] {dag.py:2429} INFO - Sync 1 DAGs
[2024-10-30T16:18:45.929+0000] {logging_mixin.py:115} INFO - [2024-10-30T16:18:45.929+0000] {dag.py:2981} INFO - Setting next_dagrun for example_complex to None, run_after=None
[2024-10-30T16:18:45.937+0000] {processor.py:161} INFO - Processing /home/airflow/.local/lib/python3.7/site-packages/airflow/example_dags/example_complex.py took 0.054 seconds
[2024-10-30T16:19:16.537+0000] {processor.py:153} INFO - Started process (PID=1021) to work on /home/airflow/.local/lib/python3.7/site-packages/airflow/example_dags/example_complex.py
[2024-10-30T16:19:16.538+0000] {processor.py:640} INFO - Processing file /home/airflow/.local/lib/python3.7/site-packages/airflow/example_dags/example_complex.py for tasks to queue
[2024-10-30T16:19:16.538+0000] {logging_mixin.py:115} INFO - [2024-10-30T16:19:16.538+0000] {dagbag.py:508} INFO - Filling up the DagBag from /home/airflow/.local/lib/python3.7/site-packages/airflow/example_dags/example_complex.py
[2024-10-30T16:19:16.547+0000] {processor.py:650} INFO - DAG(s) dict_keys(['example_complex']) retrieved from /home/airflow/.local/lib/python3.7/site-packages/airflow/example_dags/example_complex.py
[2024-10-30T16:19:16.568+0000] {logging_mixin.py:115} INFO - [2024-10-30T16:19:16.568+0000] {dag.py:2429} INFO - Sync 1 DAGs
[2024-10-30T16:19:16.581+0000] {logging_mixin.py:115} INFO - [2024-10-30T16:19:16.581+0000] {dag.py:2981} INFO - Setting next_dagrun for example_complex to None, run_after=None
[2024-10-30T16:19:16.590+0000] {processor.py:161} INFO - Processing /home/airflow/.local/lib/python3.7/site-packages/airflow/example_dags/example_complex.py took 0.055 seconds
[2024-10-30T16:19:47.197+0000] {processor.py:153} INFO - Started process (PID=1083) to work on /home/airflow/.local/lib/python3.7/site-packages/airflow/example_dags/example_complex.py
[2024-10-30T16:19:47.197+0000] {processor.py:640} INFO - Processing file /home/airflow/.local/lib/python3.7/site-packages/airflow/example_dags/example_complex.py for tasks to queue
[2024-10-30T16:19:47.198+0000] {logging_mixin.py:115} INFO - [2024-10-30T16:19:47.198+0000] {dagbag.py:508} INFO - Filling up the DagBag from /home/airflow/.local/lib/python3.7/site-packages/airflow/example_dags/example_complex.py
[2024-10-30T16:19:47.211+0000] {processor.py:650} INFO - DAG(s) dict_keys(['example_complex']) retrieved from /home/airflow/.local/lib/python3.7/site-packages/airflow/example_dags/example_complex.py
[2024-10-30T16:19:47.231+0000] {logging_mixin.py:115} INFO - [2024-10-30T16:19:47.231+0000] {dag.py:2429} INFO - Sync 1 DAGs
[2024-10-30T16:19:47.246+0000] {logging_mixin.py:115} INFO - [2024-10-30T16:19:47.246+0000] {dag.py:2981} INFO - Setting next_dagrun for example_complex to None, run_after=None
[2024-10-30T16:19:47.255+0000] {processor.py:161} INFO - Processing /home/airflow/.local/lib/python3.7/site-packages/airflow/example_dags/example_complex.py took 0.060 seconds
[2024-10-30T16:20:17.738+0000] {processor.py:153} INFO - Started process (PID=1136) to work on /home/airflow/.local/lib/python3.7/site-packages/airflow/example_dags/example_complex.py
[2024-10-30T16:20:17.738+0000] {processor.py:640} INFO - Processing file /home/airflow/.local/lib/python3.7/site-packages/airflow/example_dags/example_complex.py for tasks to queue
[2024-10-30T16:20:17.739+0000] {logging_mixin.py:115} INFO - [2024-10-30T16:20:17.739+0000] {dagbag.py:508} INFO - Filling up the DagBag from /home/airflow/.local/lib/python3.7/site-packages/airflow/example_dags/example_complex.py
[2024-10-30T16:20:17.748+0000] {processor.py:650} INFO - DAG(s) dict_keys(['example_complex']) retrieved from /home/airflow/.local/lib/python3.7/site-packages/airflow/example_dags/example_complex.py
[2024-10-30T16:20:17.768+0000] {logging_mixin.py:115} INFO - [2024-10-30T16:20:17.768+0000] {dag.py:2429} INFO - Sync 1 DAGs
[2024-10-30T16:20:17.784+0000] {logging_mixin.py:115} INFO - [2024-10-30T16:20:17.784+0000] {dag.py:2981} INFO - Setting next_dagrun for example_complex to None, run_after=None
[2024-10-30T16:20:17.793+0000] {processor.py:161} INFO - Processing /home/airflow/.local/lib/python3.7/site-packages/airflow/example_dags/example_complex.py took 0.057 seconds
[2024-10-30T16:20:48.412+0000] {processor.py:153} INFO - Started process (PID=1198) to work on /home/airflow/.local/lib/python3.7/site-packages/airflow/example_dags/example_complex.py
[2024-10-30T16:20:48.413+0000] {processor.py:640} INFO - Processing file /home/airflow/.local/lib/python3.7/site-packages/airflow/example_dags/example_complex.py for tasks to queue
[2024-10-30T16:20:48.413+0000] {logging_mixin.py:115} INFO - [2024-10-30T16:20:48.413+0000] {dagbag.py:508} INFO - Filling up the DagBag from /home/airflow/.local/lib/python3.7/site-packages/airflow/example_dags/example_complex.py
[2024-10-30T16:20:48.426+0000] {processor.py:650} INFO - DAG(s) dict_keys(['example_complex']) retrieved from /home/airflow/.local/lib/python3.7/site-packages/airflow/example_dags/example_complex.py
[2024-10-30T16:20:48.446+0000] {logging_mixin.py:115} INFO - [2024-10-30T16:20:48.446+0000] {dag.py:2429} INFO - Sync 1 DAGs
[2024-10-30T16:20:48.461+0000] {logging_mixin.py:115} INFO - [2024-10-30T16:20:48.461+0000] {dag.py:2981} INFO - Setting next_dagrun for example_complex to None, run_after=None
[2024-10-30T16:20:48.470+0000] {processor.py:161} INFO - Processing /home/airflow/.local/lib/python3.7/site-packages/airflow/example_dags/example_complex.py took 0.060 seconds
[2024-10-30T16:21:18.750+0000] {processor.py:153} INFO - Started process (PID=1260) to work on /home/airflow/.local/lib/python3.7/site-packages/airflow/example_dags/example_complex.py
[2024-10-30T16:21:18.751+0000] {processor.py:640} INFO - Processing file /home/airflow/.local/lib/python3.7/site-packages/airflow/example_dags/example_complex.py for tasks to queue
[2024-10-30T16:21:18.751+0000] {logging_mixin.py:115} INFO - [2024-10-30T16:21:18.751+0000] {dagbag.py:508} INFO - Filling up the DagBag from /home/airflow/.local/lib/python3.7/site-packages/airflow/example_dags/example_complex.py
[2024-10-30T16:21:18.759+0000] {processor.py:650} INFO - DAG(s) dict_keys(['example_complex']) retrieved from /home/airflow/.local/lib/python3.7/site-packages/airflow/example_dags/example_complex.py
[2024-10-30T16:21:18.777+0000] {logging_mixin.py:115} INFO - [2024-10-30T16:21:18.777+0000] {dag.py:2429} INFO - Sync 1 DAGs
[2024-10-30T16:21:18.790+0000] {logging_mixin.py:115} INFO - [2024-10-30T16:21:18.790+0000] {dag.py:2981} INFO - Setting next_dagrun for example_complex to None, run_after=None
[2024-10-30T16:21:18.797+0000] {processor.py:161} INFO - Processing /home/airflow/.local/lib/python3.7/site-packages/airflow/example_dags/example_complex.py took 0.049 seconds
[2024-10-30T16:21:49.267+0000] {processor.py:153} INFO - Started process (PID=1322) to work on /home/airflow/.local/lib/python3.7/site-packages/airflow/example_dags/example_complex.py
[2024-10-30T16:21:49.267+0000] {processor.py:640} INFO - Processing file /home/airflow/.local/lib/python3.7/site-packages/airflow/example_dags/example_complex.py for tasks to queue
[2024-10-30T16:21:49.268+0000] {logging_mixin.py:115} INFO - [2024-10-30T16:21:49.268+0000] {dagbag.py:508} INFO - Filling up the DagBag from /home/airflow/.local/lib/python3.7/site-packages/airflow/example_dags/example_complex.py
[2024-10-30T16:21:49.278+0000] {processor.py:650} INFO - DAG(s) dict_keys(['example_complex']) retrieved from /home/airflow/.local/lib/python3.7/site-packages/airflow/example_dags/example_complex.py
[2024-10-30T16:21:49.303+0000] {logging_mixin.py:115} INFO - [2024-10-30T16:21:49.303+0000] {dag.py:2429} INFO - Sync 1 DAGs
[2024-10-30T16:21:49.320+0000] {logging_mixin.py:115} INFO - [2024-10-30T16:21:49.320+0000] {dag.py:2981} INFO - Setting next_dagrun for example_complex to None, run_after=None
[2024-10-30T16:21:49.330+0000] {processor.py:161} INFO - Processing /home/airflow/.local/lib/python3.7/site-packages/airflow/example_dags/example_complex.py took 0.066 seconds
[2024-10-30T16:22:20.202+0000] {processor.py:153} INFO - Started process (PID=1375) to work on /home/airflow/.local/lib/python3.7/site-packages/airflow/example_dags/example_complex.py
[2024-10-30T16:22:20.203+0000] {processor.py:640} INFO - Processing file /home/airflow/.local/lib/python3.7/site-packages/airflow/example_dags/example_complex.py for tasks to queue
[2024-10-30T16:22:20.203+0000] {logging_mixin.py:115} INFO - [2024-10-30T16:22:20.203+0000] {dagbag.py:508} INFO - Filling up the DagBag from /home/airflow/.local/lib/python3.7/site-packages/airflow/example_dags/example_complex.py
[2024-10-30T16:22:20.211+0000] {processor.py:650} INFO - DAG(s) dict_keys(['example_complex']) retrieved from /home/airflow/.local/lib/python3.7/site-packages/airflow/example_dags/example_complex.py
[2024-10-30T16:22:20.230+0000] {logging_mixin.py:115} INFO - [2024-10-30T16:22:20.230+0000] {dag.py:2429} INFO - Sync 1 DAGs
[2024-10-30T16:22:20.243+0000] {logging_mixin.py:115} INFO - [2024-10-30T16:22:20.243+0000] {dag.py:2981} INFO - Setting next_dagrun for example_complex to None, run_after=None
[2024-10-30T16:22:20.251+0000] {processor.py:161} INFO - Processing /home/airflow/.local/lib/python3.7/site-packages/airflow/example_dags/example_complex.py took 0.051 seconds
[2024-10-30T16:22:50.893+0000] {processor.py:153} INFO - Started process (PID=1437) to work on /home/airflow/.local/lib/python3.7/site-packages/airflow/example_dags/example_complex.py
[2024-10-30T16:22:50.894+0000] {processor.py:640} INFO - Processing file /home/airflow/.local/lib/python3.7/site-packages/airflow/example_dags/example_complex.py for tasks to queue
[2024-10-30T16:22:50.895+0000] {logging_mixin.py:115} INFO - [2024-10-30T16:22:50.895+0000] {dagbag.py:508} INFO - Filling up the DagBag from /home/airflow/.local/lib/python3.7/site-packages/airflow/example_dags/example_complex.py
[2024-10-30T16:22:50.908+0000] {processor.py:650} INFO - DAG(s) dict_keys(['example_complex']) retrieved from /home/airflow/.local/lib/python3.7/site-packages/airflow/example_dags/example_complex.py
[2024-10-30T16:22:50.931+0000] {logging_mixin.py:115} INFO - [2024-10-30T16:22:50.931+0000] {dag.py:2429} INFO - Sync 1 DAGs
[2024-10-30T16:22:50.952+0000] {logging_mixin.py:115} INFO - [2024-10-30T16:22:50.952+0000] {dag.py:2981} INFO - Setting next_dagrun for example_complex to None, run_after=None
[2024-10-30T16:22:50.962+0000] {processor.py:161} INFO - Processing /home/airflow/.local/lib/python3.7/site-packages/airflow/example_dags/example_complex.py took 0.071 seconds
[2024-10-30T16:23:21.398+0000] {processor.py:153} INFO - Started process (PID=1499) to work on /home/airflow/.local/lib/python3.7/site-packages/airflow/example_dags/example_complex.py
[2024-10-30T16:23:21.399+0000] {processor.py:640} INFO - Processing file /home/airflow/.local/lib/python3.7/site-packages/airflow/example_dags/example_complex.py for tasks to queue
[2024-10-30T16:23:21.400+0000] {logging_mixin.py:115} INFO - [2024-10-30T16:23:21.399+0000] {dagbag.py:508} INFO - Filling up the DagBag from /home/airflow/.local/lib/python3.7/site-packages/airflow/example_dags/example_complex.py
[2024-10-30T16:23:21.408+0000] {processor.py:650} INFO - DAG(s) dict_keys(['example_complex']) retrieved from /home/airflow/.local/lib/python3.7/site-packages/airflow/example_dags/example_complex.py
[2024-10-30T16:23:21.426+0000] {logging_mixin.py:115} INFO - [2024-10-30T16:23:21.426+0000] {dag.py:2429} INFO - Sync 1 DAGs
[2024-10-30T16:23:21.439+0000] {logging_mixin.py:115} INFO - [2024-10-30T16:23:21.438+0000] {dag.py:2981} INFO - Setting next_dagrun for example_complex to None, run_after=None
[2024-10-30T16:23:21.446+0000] {processor.py:161} INFO - Processing /home/airflow/.local/lib/python3.7/site-packages/airflow/example_dags/example_complex.py took 0.050 seconds
[2024-10-30T16:23:52.132+0000] {processor.py:153} INFO - Started process (PID=1561) to work on /home/airflow/.local/lib/python3.7/site-packages/airflow/example_dags/example_complex.py
[2024-10-30T16:23:52.132+0000] {processor.py:640} INFO - Processing file /home/airflow/.local/lib/python3.7/site-packages/airflow/example_dags/example_complex.py for tasks to queue
[2024-10-30T16:23:52.133+0000] {logging_mixin.py:115} INFO - [2024-10-30T16:23:52.133+0000] {dagbag.py:508} INFO - Filling up the DagBag from /home/airflow/.local/lib/python3.7/site-packages/airflow/example_dags/example_complex.py
[2024-10-30T16:23:52.142+0000] {processor.py:650} INFO - DAG(s) dict_keys(['example_complex']) retrieved from /home/airflow/.local/lib/python3.7/site-packages/airflow/example_dags/example_complex.py
[2024-10-30T16:23:52.162+0000] {logging_mixin.py:115} INFO - [2024-10-30T16:23:52.162+0000] {dag.py:2429} INFO - Sync 1 DAGs
[2024-10-30T16:23:52.179+0000] {logging_mixin.py:115} INFO - [2024-10-30T16:23:52.179+0000] {dag.py:2981} INFO - Setting next_dagrun for example_complex to None, run_after=None
[2024-10-30T16:23:52.187+0000] {processor.py:161} INFO - Processing /home/airflow/.local/lib/python3.7/site-packages/airflow/example_dags/example_complex.py took 0.058 seconds
[2024-10-30T16:24:22.857+0000] {processor.py:153} INFO - Started process (PID=1614) to work on /home/airflow/.local/lib/python3.7/site-packages/airflow/example_dags/example_complex.py
[2024-10-30T16:24:22.858+0000] {processor.py:640} INFO - Processing file /home/airflow/.local/lib/python3.7/site-packages/airflow/example_dags/example_complex.py for tasks to queue
[2024-10-30T16:24:22.859+0000] {logging_mixin.py:115} INFO - [2024-10-30T16:24:22.859+0000] {dagbag.py:508} INFO - Filling up the DagBag from /home/airflow/.local/lib/python3.7/site-packages/airflow/example_dags/example_complex.py
[2024-10-30T16:24:22.869+0000] {processor.py:650} INFO - DAG(s) dict_keys(['example_complex']) retrieved from /home/airflow/.local/lib/python3.7/site-packages/airflow/example_dags/example_complex.py
[2024-10-30T16:24:22.896+0000] {logging_mixin.py:115} INFO - [2024-10-30T16:24:22.896+0000] {dag.py:2429} INFO - Sync 1 DAGs
[2024-10-30T16:24:22.915+0000] {logging_mixin.py:115} INFO - [2024-10-30T16:24:22.915+0000] {dag.py:2981} INFO - Setting next_dagrun for example_complex to None, run_after=None
[2024-10-30T16:24:22.926+0000] {processor.py:161} INFO - Processing /home/airflow/.local/lib/python3.7/site-packages/airflow/example_dags/example_complex.py took 0.070 seconds
[2024-10-30T16:24:53.771+0000] {processor.py:153} INFO - Started process (PID=1677) to work on /home/airflow/.local/lib/python3.7/site-packages/airflow/example_dags/example_complex.py
[2024-10-30T16:24:53.772+0000] {processor.py:640} INFO - Processing file /home/airflow/.local/lib/python3.7/site-packages/airflow/example_dags/example_complex.py for tasks to queue
[2024-10-30T16:24:53.772+0000] {logging_mixin.py:115} INFO - [2024-10-30T16:24:53.772+0000] {dagbag.py:508} INFO - Filling up the DagBag from /home/airflow/.local/lib/python3.7/site-packages/airflow/example_dags/example_complex.py
[2024-10-30T16:24:53.782+0000] {processor.py:650} INFO - DAG(s) dict_keys(['example_complex']) retrieved from /home/airflow/.local/lib/python3.7/site-packages/airflow/example_dags/example_complex.py
[2024-10-30T16:24:53.808+0000] {logging_mixin.py:115} INFO - [2024-10-30T16:24:53.807+0000] {dag.py:2429} INFO - Sync 1 DAGs
[2024-10-30T16:24:53.826+0000] {logging_mixin.py:115} INFO - [2024-10-30T16:24:53.826+0000] {dag.py:2981} INFO - Setting next_dagrun for example_complex to None, run_after=None
[2024-10-30T16:24:53.837+0000] {processor.py:161} INFO - Processing /home/airflow/.local/lib/python3.7/site-packages/airflow/example_dags/example_complex.py took 0.069 seconds
[2024-10-30T16:25:24.410+0000] {processor.py:153} INFO - Started process (PID=1739) to work on /home/airflow/.local/lib/python3.7/site-packages/airflow/example_dags/example_complex.py
[2024-10-30T16:25:24.410+0000] {processor.py:640} INFO - Processing file /home/airflow/.local/lib/python3.7/site-packages/airflow/example_dags/example_complex.py for tasks to queue
[2024-10-30T16:25:24.411+0000] {logging_mixin.py:115} INFO - [2024-10-30T16:25:24.411+0000] {dagbag.py:508} INFO - Filling up the DagBag from /home/airflow/.local/lib/python3.7/site-packages/airflow/example_dags/example_complex.py
[2024-10-30T16:25:24.421+0000] {processor.py:650} INFO - DAG(s) dict_keys(['example_complex']) retrieved from /home/airflow/.local/lib/python3.7/site-packages/airflow/example_dags/example_complex.py
[2024-10-30T16:25:24.441+0000] {logging_mixin.py:115} INFO - [2024-10-30T16:25:24.441+0000] {dag.py:2429} INFO - Sync 1 DAGs
[2024-10-30T16:25:24.455+0000] {logging_mixin.py:115} INFO - [2024-10-30T16:25:24.455+0000] {dag.py:2981} INFO - Setting next_dagrun for example_complex to None, run_after=None
[2024-10-30T16:25:24.462+0000] {processor.py:161} INFO - Processing /home/airflow/.local/lib/python3.7/site-packages/airflow/example_dags/example_complex.py took 0.055 seconds
[2024-10-30T16:25:55.184+0000] {processor.py:153} INFO - Started process (PID=1802) to work on /home/airflow/.local/lib/python3.7/site-packages/airflow/example_dags/example_complex.py
[2024-10-30T16:25:55.185+0000] {processor.py:640} INFO - Processing file /home/airflow/.local/lib/python3.7/site-packages/airflow/example_dags/example_complex.py for tasks to queue
[2024-10-30T16:25:55.186+0000] {logging_mixin.py:115} INFO - [2024-10-30T16:25:55.186+0000] {dagbag.py:508} INFO - Filling up the DagBag from /home/airflow/.local/lib/python3.7/site-packages/airflow/example_dags/example_complex.py
[2024-10-30T16:25:55.200+0000] {processor.py:650} INFO - DAG(s) dict_keys(['example_complex']) retrieved from /home/airflow/.local/lib/python3.7/site-packages/airflow/example_dags/example_complex.py
[2024-10-30T16:25:55.230+0000] {logging_mixin.py:115} INFO - [2024-10-30T16:25:55.230+0000] {dag.py:2429} INFO - Sync 1 DAGs
[2024-10-30T16:25:55.251+0000] {logging_mixin.py:115} INFO - [2024-10-30T16:25:55.250+0000] {dag.py:2981} INFO - Setting next_dagrun for example_complex to None, run_after=None
[2024-10-30T16:25:55.260+0000] {processor.py:161} INFO - Processing /home/airflow/.local/lib/python3.7/site-packages/airflow/example_dags/example_complex.py took 0.079 seconds
[2024-10-30T16:26:26.127+0000] {processor.py:153} INFO - Started process (PID=1857) to work on /home/airflow/.local/lib/python3.7/site-packages/airflow/example_dags/example_complex.py
[2024-10-30T16:26:26.128+0000] {processor.py:640} INFO - Processing file /home/airflow/.local/lib/python3.7/site-packages/airflow/example_dags/example_complex.py for tasks to queue
[2024-10-30T16:26:26.129+0000] {logging_mixin.py:115} INFO - [2024-10-30T16:26:26.129+0000] {dagbag.py:508} INFO - Filling up the DagBag from /home/airflow/.local/lib/python3.7/site-packages/airflow/example_dags/example_complex.py
[2024-10-30T16:26:26.138+0000] {processor.py:650} INFO - DAG(s) dict_keys(['example_complex']) retrieved from /home/airflow/.local/lib/python3.7/site-packages/airflow/example_dags/example_complex.py
[2024-10-30T16:26:26.158+0000] {logging_mixin.py:115} INFO - [2024-10-30T16:26:26.158+0000] {dag.py:2429} INFO - Sync 1 DAGs
[2024-10-30T16:26:26.172+0000] {logging_mixin.py:115} INFO - [2024-10-30T16:26:26.172+0000] {dag.py:2981} INFO - Setting next_dagrun for example_complex to None, run_after=None
[2024-10-30T16:26:26.180+0000] {processor.py:161} INFO - Processing /home/airflow/.local/lib/python3.7/site-packages/airflow/example_dags/example_complex.py took 0.055 seconds
[2024-10-30T16:26:56.779+0000] {processor.py:153} INFO - Started process (PID=1921) to work on /home/airflow/.local/lib/python3.7/site-packages/airflow/example_dags/example_complex.py
[2024-10-30T16:26:56.779+0000] {processor.py:640} INFO - Processing file /home/airflow/.local/lib/python3.7/site-packages/airflow/example_dags/example_complex.py for tasks to queue
[2024-10-30T16:26:56.780+0000] {logging_mixin.py:115} INFO - [2024-10-30T16:26:56.780+0000] {dagbag.py:508} INFO - Filling up the DagBag from /home/airflow/.local/lib/python3.7/site-packages/airflow/example_dags/example_complex.py
[2024-10-30T16:26:56.789+0000] {processor.py:650} INFO - DAG(s) dict_keys(['example_complex']) retrieved from /home/airflow/.local/lib/python3.7/site-packages/airflow/example_dags/example_complex.py
[2024-10-30T16:26:56.809+0000] {logging_mixin.py:115} INFO - [2024-10-30T16:26:56.808+0000] {dag.py:2429} INFO - Sync 1 DAGs
[2024-10-30T16:26:56.823+0000] {logging_mixin.py:115} INFO - [2024-10-30T16:26:56.823+0000] {dag.py:2981} INFO - Setting next_dagrun for example_complex to None, run_after=None
[2024-10-30T16:26:56.831+0000] {processor.py:161} INFO - Processing /home/airflow/.local/lib/python3.7/site-packages/airflow/example_dags/example_complex.py took 0.055 seconds
