[2024-10-30T16:11:04.993+0000] {processor.py:153} INFO - Started process (PID=56) to work on /home/airflow/.local/lib/python3.7/site-packages/airflow/example_dags/example_latest_only_with_trigger.py
[2024-10-30T16:11:04.994+0000] {processor.py:640} INFO - Processing file /home/airflow/.local/lib/python3.7/site-packages/airflow/example_dags/example_latest_only_with_trigger.py for tasks to queue
[2024-10-30T16:11:04.994+0000] {logging_mixin.py:115} INFO - [2024-10-30T16:11:04.994+0000] {dagbag.py:508} INFO - Filling up the DagBag from /home/airflow/.local/lib/python3.7/site-packages/airflow/example_dags/example_latest_only_with_trigger.py
[2024-10-30T16:11:05.001+0000] {processor.py:650} INFO - DAG(s) dict_keys(['latest_only_with_trigger']) retrieved from /home/airflow/.local/lib/python3.7/site-packages/airflow/example_dags/example_latest_only_with_trigger.py
[2024-10-30T16:11:05.071+0000] {logging_mixin.py:115} INFO - [2024-10-30T16:11:05.071+0000] {manager.py:508} INFO - Created Permission View: can delete on DAG:latest_only_with_trigger
[2024-10-30T16:11:05.081+0000] {logging_mixin.py:115} INFO - [2024-10-30T16:11:05.081+0000] {manager.py:508} INFO - Created Permission View: can read on DAG:latest_only_with_trigger
[2024-10-30T16:11:05.088+0000] {logging_mixin.py:115} INFO - [2024-10-30T16:11:05.088+0000] {manager.py:508} INFO - Created Permission View: can edit on DAG:latest_only_with_trigger
[2024-10-30T16:11:05.089+0000] {logging_mixin.py:115} INFO - [2024-10-30T16:11:05.088+0000] {dag.py:2429} INFO - Sync 1 DAGs
[2024-10-30T16:11:05.098+0000] {logging_mixin.py:115} INFO - [2024-10-30T16:11:05.098+0000] {dag.py:2448} INFO - Creating ORM DAG for latest_only_with_trigger
[2024-10-30T16:11:05.110+0000] {logging_mixin.py:115} INFO - [2024-10-30T16:11:05.110+0000] {dag.py:2981} INFO - Setting next_dagrun for latest_only_with_trigger to 2024-10-30T12:11:05.110460+00:00, run_after=2024-10-30T16:11:05.110460+00:00
[2024-10-30T16:11:05.124+0000] {processor.py:161} INFO - Processing /home/airflow/.local/lib/python3.7/site-packages/airflow/example_dags/example_latest_only_with_trigger.py took 0.135 seconds
[2024-10-30T16:11:35.166+0000] {processor.py:153} INFO - Started process (PID=118) to work on /home/airflow/.local/lib/python3.7/site-packages/airflow/example_dags/example_latest_only_with_trigger.py
[2024-10-30T16:11:35.166+0000] {processor.py:640} INFO - Processing file /home/airflow/.local/lib/python3.7/site-packages/airflow/example_dags/example_latest_only_with_trigger.py for tasks to queue
[2024-10-30T16:11:35.167+0000] {logging_mixin.py:115} INFO - [2024-10-30T16:11:35.167+0000] {dagbag.py:508} INFO - Filling up the DagBag from /home/airflow/.local/lib/python3.7/site-packages/airflow/example_dags/example_latest_only_with_trigger.py
[2024-10-30T16:11:35.172+0000] {processor.py:650} INFO - DAG(s) dict_keys(['latest_only_with_trigger']) retrieved from /home/airflow/.local/lib/python3.7/site-packages/airflow/example_dags/example_latest_only_with_trigger.py
[2024-10-30T16:11:35.194+0000] {logging_mixin.py:115} INFO - [2024-10-30T16:11:35.193+0000] {dag.py:2429} INFO - Sync 1 DAGs
[2024-10-30T16:11:35.212+0000] {logging_mixin.py:115} INFO - [2024-10-30T16:11:35.212+0000] {dag.py:2981} INFO - Setting next_dagrun for latest_only_with_trigger to 2024-10-30T12:11:35.212343+00:00, run_after=2024-10-30T16:11:35.212343+00:00
[2024-10-30T16:11:35.223+0000] {processor.py:161} INFO - Processing /home/airflow/.local/lib/python3.7/site-packages/airflow/example_dags/example_latest_only_with_trigger.py took 0.060 seconds
[2024-10-30T16:12:05.762+0000] {processor.py:153} INFO - Started process (PID=171) to work on /home/airflow/.local/lib/python3.7/site-packages/airflow/example_dags/example_latest_only_with_trigger.py
[2024-10-30T16:12:05.763+0000] {processor.py:640} INFO - Processing file /home/airflow/.local/lib/python3.7/site-packages/airflow/example_dags/example_latest_only_with_trigger.py for tasks to queue
[2024-10-30T16:12:05.763+0000] {logging_mixin.py:115} INFO - [2024-10-30T16:12:05.763+0000] {dagbag.py:508} INFO - Filling up the DagBag from /home/airflow/.local/lib/python3.7/site-packages/airflow/example_dags/example_latest_only_with_trigger.py
[2024-10-30T16:12:05.768+0000] {processor.py:650} INFO - DAG(s) dict_keys(['latest_only_with_trigger']) retrieved from /home/airflow/.local/lib/python3.7/site-packages/airflow/example_dags/example_latest_only_with_trigger.py
[2024-10-30T16:12:05.784+0000] {logging_mixin.py:115} INFO - [2024-10-30T16:12:05.784+0000] {dag.py:2429} INFO - Sync 1 DAGs
[2024-10-30T16:12:05.800+0000] {logging_mixin.py:115} INFO - [2024-10-30T16:12:05.799+0000] {dag.py:2981} INFO - Setting next_dagrun for latest_only_with_trigger to 2024-10-30T12:12:05.799736+00:00, run_after=2024-10-30T16:12:05.799736+00:00
[2024-10-30T16:12:05.810+0000] {processor.py:161} INFO - Processing /home/airflow/.local/lib/python3.7/site-packages/airflow/example_dags/example_latest_only_with_trigger.py took 0.050 seconds
[2024-10-30T16:12:36.373+0000] {processor.py:153} INFO - Started process (PID=234) to work on /home/airflow/.local/lib/python3.7/site-packages/airflow/example_dags/example_latest_only_with_trigger.py
[2024-10-30T16:12:36.374+0000] {processor.py:640} INFO - Processing file /home/airflow/.local/lib/python3.7/site-packages/airflow/example_dags/example_latest_only_with_trigger.py for tasks to queue
[2024-10-30T16:12:36.375+0000] {logging_mixin.py:115} INFO - [2024-10-30T16:12:36.375+0000] {dagbag.py:508} INFO - Filling up the DagBag from /home/airflow/.local/lib/python3.7/site-packages/airflow/example_dags/example_latest_only_with_trigger.py
[2024-10-30T16:12:36.378+0000] {processor.py:650} INFO - DAG(s) dict_keys(['latest_only_with_trigger']) retrieved from /home/airflow/.local/lib/python3.7/site-packages/airflow/example_dags/example_latest_only_with_trigger.py
[2024-10-30T16:12:36.396+0000] {logging_mixin.py:115} INFO - [2024-10-30T16:12:36.396+0000] {dag.py:2429} INFO - Sync 1 DAGs
[2024-10-30T16:12:36.411+0000] {logging_mixin.py:115} INFO - [2024-10-30T16:12:36.411+0000] {dag.py:2981} INFO - Setting next_dagrun for latest_only_with_trigger to 2024-10-30T12:12:36.411622+00:00, run_after=2024-10-30T16:12:36.411622+00:00
[2024-10-30T16:12:36.420+0000] {processor.py:161} INFO - Processing /home/airflow/.local/lib/python3.7/site-packages/airflow/example_dags/example_latest_only_with_trigger.py took 0.049 seconds
[2024-10-30T16:13:06.883+0000] {processor.py:153} INFO - Started process (PID=296) to work on /home/airflow/.local/lib/python3.7/site-packages/airflow/example_dags/example_latest_only_with_trigger.py
[2024-10-30T16:13:06.883+0000] {processor.py:640} INFO - Processing file /home/airflow/.local/lib/python3.7/site-packages/airflow/example_dags/example_latest_only_with_trigger.py for tasks to queue
[2024-10-30T16:13:06.884+0000] {logging_mixin.py:115} INFO - [2024-10-30T16:13:06.884+0000] {dagbag.py:508} INFO - Filling up the DagBag from /home/airflow/.local/lib/python3.7/site-packages/airflow/example_dags/example_latest_only_with_trigger.py
[2024-10-30T16:13:06.889+0000] {processor.py:650} INFO - DAG(s) dict_keys(['latest_only_with_trigger']) retrieved from /home/airflow/.local/lib/python3.7/site-packages/airflow/example_dags/example_latest_only_with_trigger.py
[2024-10-30T16:13:06.907+0000] {logging_mixin.py:115} INFO - [2024-10-30T16:13:06.907+0000] {dag.py:2429} INFO - Sync 1 DAGs
[2024-10-30T16:13:06.924+0000] {logging_mixin.py:115} INFO - [2024-10-30T16:13:06.924+0000] {dag.py:2981} INFO - Setting next_dagrun for latest_only_with_trigger to 2024-10-30T12:13:06.924570+00:00, run_after=2024-10-30T16:13:06.924570+00:00
[2024-10-30T16:13:06.932+0000] {processor.py:161} INFO - Processing /home/airflow/.local/lib/python3.7/site-packages/airflow/example_dags/example_latest_only_with_trigger.py took 0.052 seconds
[2024-10-30T16:13:37.449+0000] {processor.py:153} INFO - Started process (PID=359) to work on /home/airflow/.local/lib/python3.7/site-packages/airflow/example_dags/example_latest_only_with_trigger.py
[2024-10-30T16:13:37.449+0000] {processor.py:640} INFO - Processing file /home/airflow/.local/lib/python3.7/site-packages/airflow/example_dags/example_latest_only_with_trigger.py for tasks to queue
[2024-10-30T16:13:37.450+0000] {logging_mixin.py:115} INFO - [2024-10-30T16:13:37.450+0000] {dagbag.py:508} INFO - Filling up the DagBag from /home/airflow/.local/lib/python3.7/site-packages/airflow/example_dags/example_latest_only_with_trigger.py
[2024-10-30T16:13:37.455+0000] {processor.py:650} INFO - DAG(s) dict_keys(['latest_only_with_trigger']) retrieved from /home/airflow/.local/lib/python3.7/site-packages/airflow/example_dags/example_latest_only_with_trigger.py
[2024-10-30T16:13:37.477+0000] {logging_mixin.py:115} INFO - [2024-10-30T16:13:37.477+0000] {dag.py:2429} INFO - Sync 1 DAGs
[2024-10-30T16:13:37.495+0000] {logging_mixin.py:115} INFO - [2024-10-30T16:13:37.495+0000] {dag.py:2981} INFO - Setting next_dagrun for latest_only_with_trigger to 2024-10-30T12:13:37.495029+00:00, run_after=2024-10-30T16:13:37.495029+00:00
[2024-10-30T16:13:37.505+0000] {processor.py:161} INFO - Processing /home/airflow/.local/lib/python3.7/site-packages/airflow/example_dags/example_latest_only_with_trigger.py took 0.059 seconds
[2024-10-30T16:14:08.297+0000] {processor.py:153} INFO - Started process (PID=412) to work on /home/airflow/.local/lib/python3.7/site-packages/airflow/example_dags/example_latest_only_with_trigger.py
[2024-10-30T16:14:08.297+0000] {processor.py:640} INFO - Processing file /home/airflow/.local/lib/python3.7/site-packages/airflow/example_dags/example_latest_only_with_trigger.py for tasks to queue
[2024-10-30T16:14:08.298+0000] {logging_mixin.py:115} INFO - [2024-10-30T16:14:08.298+0000] {dagbag.py:508} INFO - Filling up the DagBag from /home/airflow/.local/lib/python3.7/site-packages/airflow/example_dags/example_latest_only_with_trigger.py
[2024-10-30T16:14:08.301+0000] {processor.py:650} INFO - DAG(s) dict_keys(['latest_only_with_trigger']) retrieved from /home/airflow/.local/lib/python3.7/site-packages/airflow/example_dags/example_latest_only_with_trigger.py
[2024-10-30T16:14:08.318+0000] {logging_mixin.py:115} INFO - [2024-10-30T16:14:08.318+0000] {dag.py:2429} INFO - Sync 1 DAGs
[2024-10-30T16:14:08.333+0000] {logging_mixin.py:115} INFO - [2024-10-30T16:14:08.333+0000] {dag.py:2981} INFO - Setting next_dagrun for latest_only_with_trigger to 2024-10-30T12:14:08.332816+00:00, run_after=2024-10-30T16:14:08.332816+00:00
[2024-10-30T16:14:08.343+0000] {processor.py:161} INFO - Processing /home/airflow/.local/lib/python3.7/site-packages/airflow/example_dags/example_latest_only_with_trigger.py took 0.049 seconds
[2024-10-30T16:14:39.099+0000] {processor.py:153} INFO - Started process (PID=474) to work on /home/airflow/.local/lib/python3.7/site-packages/airflow/example_dags/example_latest_only_with_trigger.py
[2024-10-30T16:14:39.099+0000] {processor.py:640} INFO - Processing file /home/airflow/.local/lib/python3.7/site-packages/airflow/example_dags/example_latest_only_with_trigger.py for tasks to queue
[2024-10-30T16:14:39.100+0000] {logging_mixin.py:115} INFO - [2024-10-30T16:14:39.100+0000] {dagbag.py:508} INFO - Filling up the DagBag from /home/airflow/.local/lib/python3.7/site-packages/airflow/example_dags/example_latest_only_with_trigger.py
[2024-10-30T16:14:39.105+0000] {processor.py:650} INFO - DAG(s) dict_keys(['latest_only_with_trigger']) retrieved from /home/airflow/.local/lib/python3.7/site-packages/airflow/example_dags/example_latest_only_with_trigger.py
[2024-10-30T16:14:39.123+0000] {logging_mixin.py:115} INFO - [2024-10-30T16:14:39.123+0000] {dag.py:2429} INFO - Sync 1 DAGs
[2024-10-30T16:14:39.140+0000] {logging_mixin.py:115} INFO - [2024-10-30T16:14:39.140+0000] {dag.py:2981} INFO - Setting next_dagrun for latest_only_with_trigger to 2024-10-30T12:14:39.140502+00:00, run_after=2024-10-30T16:14:39.140502+00:00
[2024-10-30T16:14:39.148+0000] {processor.py:161} INFO - Processing /home/airflow/.local/lib/python3.7/site-packages/airflow/example_dags/example_latest_only_with_trigger.py took 0.051 seconds
[2024-10-30T16:15:09.898+0000] {processor.py:153} INFO - Started process (PID=536) to work on /home/airflow/.local/lib/python3.7/site-packages/airflow/example_dags/example_latest_only_with_trigger.py
[2024-10-30T16:15:09.899+0000] {processor.py:640} INFO - Processing file /home/airflow/.local/lib/python3.7/site-packages/airflow/example_dags/example_latest_only_with_trigger.py for tasks to queue
[2024-10-30T16:15:09.899+0000] {logging_mixin.py:115} INFO - [2024-10-30T16:15:09.899+0000] {dagbag.py:508} INFO - Filling up the DagBag from /home/airflow/.local/lib/python3.7/site-packages/airflow/example_dags/example_latest_only_with_trigger.py
[2024-10-30T16:15:09.903+0000] {processor.py:650} INFO - DAG(s) dict_keys(['latest_only_with_trigger']) retrieved from /home/airflow/.local/lib/python3.7/site-packages/airflow/example_dags/example_latest_only_with_trigger.py
[2024-10-30T16:15:09.919+0000] {logging_mixin.py:115} INFO - [2024-10-30T16:15:09.919+0000] {dag.py:2429} INFO - Sync 1 DAGs
[2024-10-30T16:15:09.934+0000] {logging_mixin.py:115} INFO - [2024-10-30T16:15:09.933+0000] {dag.py:2981} INFO - Setting next_dagrun for latest_only_with_trigger to 2024-10-30T12:15:09.933741+00:00, run_after=2024-10-30T16:15:09.933741+00:00
[2024-10-30T16:15:09.941+0000] {processor.py:161} INFO - Processing /home/airflow/.local/lib/python3.7/site-packages/airflow/example_dags/example_latest_only_with_trigger.py took 0.045 seconds
[2024-10-30T16:15:40.357+0000] {processor.py:153} INFO - Started process (PID=598) to work on /home/airflow/.local/lib/python3.7/site-packages/airflow/example_dags/example_latest_only_with_trigger.py
[2024-10-30T16:15:40.358+0000] {processor.py:640} INFO - Processing file /home/airflow/.local/lib/python3.7/site-packages/airflow/example_dags/example_latest_only_with_trigger.py for tasks to queue
[2024-10-30T16:15:40.358+0000] {logging_mixin.py:115} INFO - [2024-10-30T16:15:40.358+0000] {dagbag.py:508} INFO - Filling up the DagBag from /home/airflow/.local/lib/python3.7/site-packages/airflow/example_dags/example_latest_only_with_trigger.py
[2024-10-30T16:15:40.362+0000] {processor.py:650} INFO - DAG(s) dict_keys(['latest_only_with_trigger']) retrieved from /home/airflow/.local/lib/python3.7/site-packages/airflow/example_dags/example_latest_only_with_trigger.py
[2024-10-30T16:15:40.383+0000] {logging_mixin.py:115} INFO - [2024-10-30T16:15:40.383+0000] {dag.py:2429} INFO - Sync 1 DAGs
[2024-10-30T16:15:40.402+0000] {logging_mixin.py:115} INFO - [2024-10-30T16:15:40.401+0000] {dag.py:2981} INFO - Setting next_dagrun for latest_only_with_trigger to 2024-10-30T12:15:40.401446+00:00, run_after=2024-10-30T16:15:40.401446+00:00
[2024-10-30T16:15:40.411+0000] {processor.py:161} INFO - Processing /home/airflow/.local/lib/python3.7/site-packages/airflow/example_dags/example_latest_only_with_trigger.py took 0.056 seconds
[2024-10-30T16:16:11.337+0000] {processor.py:153} INFO - Started process (PID=651) to work on /home/airflow/.local/lib/python3.7/site-packages/airflow/example_dags/example_latest_only_with_trigger.py
[2024-10-30T16:16:11.337+0000] {processor.py:640} INFO - Processing file /home/airflow/.local/lib/python3.7/site-packages/airflow/example_dags/example_latest_only_with_trigger.py for tasks to queue
[2024-10-30T16:16:11.338+0000] {logging_mixin.py:115} INFO - [2024-10-30T16:16:11.338+0000] {dagbag.py:508} INFO - Filling up the DagBag from /home/airflow/.local/lib/python3.7/site-packages/airflow/example_dags/example_latest_only_with_trigger.py
[2024-10-30T16:16:11.343+0000] {processor.py:650} INFO - DAG(s) dict_keys(['latest_only_with_trigger']) retrieved from /home/airflow/.local/lib/python3.7/site-packages/airflow/example_dags/example_latest_only_with_trigger.py
[2024-10-30T16:16:11.369+0000] {logging_mixin.py:115} INFO - [2024-10-30T16:16:11.368+0000] {dag.py:2429} INFO - Sync 1 DAGs
[2024-10-30T16:16:11.389+0000] {logging_mixin.py:115} INFO - [2024-10-30T16:16:11.389+0000] {dag.py:2981} INFO - Setting next_dagrun for latest_only_with_trigger to 2024-10-30T12:16:11.388861+00:00, run_after=2024-10-30T16:16:11.388861+00:00
[2024-10-30T16:16:11.399+0000] {processor.py:161} INFO - Processing /home/airflow/.local/lib/python3.7/site-packages/airflow/example_dags/example_latest_only_with_trigger.py took 0.066 seconds
[2024-10-30T16:16:41.925+0000] {processor.py:153} INFO - Started process (PID=713) to work on /home/airflow/.local/lib/python3.7/site-packages/airflow/example_dags/example_latest_only_with_trigger.py
[2024-10-30T16:16:41.926+0000] {processor.py:640} INFO - Processing file /home/airflow/.local/lib/python3.7/site-packages/airflow/example_dags/example_latest_only_with_trigger.py for tasks to queue
[2024-10-30T16:16:41.926+0000] {logging_mixin.py:115} INFO - [2024-10-30T16:16:41.926+0000] {dagbag.py:508} INFO - Filling up the DagBag from /home/airflow/.local/lib/python3.7/site-packages/airflow/example_dags/example_latest_only_with_trigger.py
[2024-10-30T16:16:41.929+0000] {processor.py:650} INFO - DAG(s) dict_keys(['latest_only_with_trigger']) retrieved from /home/airflow/.local/lib/python3.7/site-packages/airflow/example_dags/example_latest_only_with_trigger.py
[2024-10-30T16:16:41.947+0000] {logging_mixin.py:115} INFO - [2024-10-30T16:16:41.947+0000] {dag.py:2429} INFO - Sync 1 DAGs
[2024-10-30T16:16:41.962+0000] {logging_mixin.py:115} INFO - [2024-10-30T16:16:41.961+0000] {dag.py:2981} INFO - Setting next_dagrun for latest_only_with_trigger to 2024-10-30T12:16:41.961655+00:00, run_after=2024-10-30T16:16:41.961655+00:00
[2024-10-30T16:16:41.971+0000] {processor.py:161} INFO - Processing /home/airflow/.local/lib/python3.7/site-packages/airflow/example_dags/example_latest_only_with_trigger.py took 0.048 seconds
[2024-10-30T16:17:12.842+0000] {processor.py:153} INFO - Started process (PID=775) to work on /home/airflow/.local/lib/python3.7/site-packages/airflow/example_dags/example_latest_only_with_trigger.py
[2024-10-30T16:17:12.843+0000] {processor.py:640} INFO - Processing file /home/airflow/.local/lib/python3.7/site-packages/airflow/example_dags/example_latest_only_with_trigger.py for tasks to queue
[2024-10-30T16:17:12.843+0000] {logging_mixin.py:115} INFO - [2024-10-30T16:17:12.843+0000] {dagbag.py:508} INFO - Filling up the DagBag from /home/airflow/.local/lib/python3.7/site-packages/airflow/example_dags/example_latest_only_with_trigger.py
[2024-10-30T16:17:12.847+0000] {processor.py:650} INFO - DAG(s) dict_keys(['latest_only_with_trigger']) retrieved from /home/airflow/.local/lib/python3.7/site-packages/airflow/example_dags/example_latest_only_with_trigger.py
[2024-10-30T16:17:12.864+0000] {logging_mixin.py:115} INFO - [2024-10-30T16:17:12.863+0000] {dag.py:2429} INFO - Sync 1 DAGs
[2024-10-30T16:17:12.878+0000] {logging_mixin.py:115} INFO - [2024-10-30T16:17:12.878+0000] {dag.py:2981} INFO - Setting next_dagrun for latest_only_with_trigger to 2024-10-30T12:17:12.877873+00:00, run_after=2024-10-30T16:17:12.877873+00:00
[2024-10-30T16:17:12.886+0000] {processor.py:161} INFO - Processing /home/airflow/.local/lib/python3.7/site-packages/airflow/example_dags/example_latest_only_with_trigger.py took 0.045 seconds
[2024-10-30T16:17:43.645+0000] {processor.py:153} INFO - Started process (PID=837) to work on /home/airflow/.local/lib/python3.7/site-packages/airflow/example_dags/example_latest_only_with_trigger.py
[2024-10-30T16:17:43.646+0000] {processor.py:640} INFO - Processing file /home/airflow/.local/lib/python3.7/site-packages/airflow/example_dags/example_latest_only_with_trigger.py for tasks to queue
[2024-10-30T16:17:43.646+0000] {logging_mixin.py:115} INFO - [2024-10-30T16:17:43.646+0000] {dagbag.py:508} INFO - Filling up the DagBag from /home/airflow/.local/lib/python3.7/site-packages/airflow/example_dags/example_latest_only_with_trigger.py
[2024-10-30T16:17:43.650+0000] {processor.py:650} INFO - DAG(s) dict_keys(['latest_only_with_trigger']) retrieved from /home/airflow/.local/lib/python3.7/site-packages/airflow/example_dags/example_latest_only_with_trigger.py
[2024-10-30T16:17:43.672+0000] {logging_mixin.py:115} INFO - [2024-10-30T16:17:43.672+0000] {dag.py:2429} INFO - Sync 1 DAGs
[2024-10-30T16:17:43.690+0000] {logging_mixin.py:115} INFO - [2024-10-30T16:17:43.690+0000] {dag.py:2981} INFO - Setting next_dagrun for latest_only_with_trigger to 2024-10-30T12:17:43.690143+00:00, run_after=2024-10-30T16:17:43.690143+00:00
[2024-10-30T16:17:43.699+0000] {processor.py:161} INFO - Processing /home/airflow/.local/lib/python3.7/site-packages/airflow/example_dags/example_latest_only_with_trigger.py took 0.056 seconds
[2024-10-30T16:18:14.080+0000] {processor.py:153} INFO - Started process (PID=890) to work on /home/airflow/.local/lib/python3.7/site-packages/airflow/example_dags/example_latest_only_with_trigger.py
[2024-10-30T16:18:14.081+0000] {processor.py:640} INFO - Processing file /home/airflow/.local/lib/python3.7/site-packages/airflow/example_dags/example_latest_only_with_trigger.py for tasks to queue
[2024-10-30T16:18:14.081+0000] {logging_mixin.py:115} INFO - [2024-10-30T16:18:14.081+0000] {dagbag.py:508} INFO - Filling up the DagBag from /home/airflow/.local/lib/python3.7/site-packages/airflow/example_dags/example_latest_only_with_trigger.py
[2024-10-30T16:18:14.087+0000] {processor.py:650} INFO - DAG(s) dict_keys(['latest_only_with_trigger']) retrieved from /home/airflow/.local/lib/python3.7/site-packages/airflow/example_dags/example_latest_only_with_trigger.py
[2024-10-30T16:18:14.108+0000] {logging_mixin.py:115} INFO - [2024-10-30T16:18:14.108+0000] {dag.py:2429} INFO - Sync 1 DAGs
[2024-10-30T16:18:14.129+0000] {logging_mixin.py:115} INFO - [2024-10-30T16:18:14.129+0000] {dag.py:2981} INFO - Setting next_dagrun for latest_only_with_trigger to 2024-10-30T12:18:14.129104+00:00, run_after=2024-10-30T16:18:14.129104+00:00
[2024-10-30T16:18:14.145+0000] {processor.py:161} INFO - Processing /home/airflow/.local/lib/python3.7/site-packages/airflow/example_dags/example_latest_only_with_trigger.py took 0.067 seconds
[2024-10-30T16:18:44.651+0000] {processor.py:153} INFO - Started process (PID=952) to work on /home/airflow/.local/lib/python3.7/site-packages/airflow/example_dags/example_latest_only_with_trigger.py
[2024-10-30T16:18:44.652+0000] {processor.py:640} INFO - Processing file /home/airflow/.local/lib/python3.7/site-packages/airflow/example_dags/example_latest_only_with_trigger.py for tasks to queue
[2024-10-30T16:18:44.652+0000] {logging_mixin.py:115} INFO - [2024-10-30T16:18:44.652+0000] {dagbag.py:508} INFO - Filling up the DagBag from /home/airflow/.local/lib/python3.7/site-packages/airflow/example_dags/example_latest_only_with_trigger.py
[2024-10-30T16:18:44.656+0000] {processor.py:650} INFO - DAG(s) dict_keys(['latest_only_with_trigger']) retrieved from /home/airflow/.local/lib/python3.7/site-packages/airflow/example_dags/example_latest_only_with_trigger.py
[2024-10-30T16:18:44.676+0000] {logging_mixin.py:115} INFO - [2024-10-30T16:18:44.676+0000] {dag.py:2429} INFO - Sync 1 DAGs
[2024-10-30T16:18:44.690+0000] {logging_mixin.py:115} INFO - [2024-10-30T16:18:44.690+0000] {dag.py:2981} INFO - Setting next_dagrun for latest_only_with_trigger to 2024-10-30T12:18:44.690288+00:00, run_after=2024-10-30T16:18:44.690288+00:00
[2024-10-30T16:18:44.697+0000] {processor.py:161} INFO - Processing /home/airflow/.local/lib/python3.7/site-packages/airflow/example_dags/example_latest_only_with_trigger.py took 0.049 seconds
[2024-10-30T16:19:15.257+0000] {processor.py:153} INFO - Started process (PID=1014) to work on /home/airflow/.local/lib/python3.7/site-packages/airflow/example_dags/example_latest_only_with_trigger.py
[2024-10-30T16:19:15.258+0000] {processor.py:640} INFO - Processing file /home/airflow/.local/lib/python3.7/site-packages/airflow/example_dags/example_latest_only_with_trigger.py for tasks to queue
[2024-10-30T16:19:15.258+0000] {logging_mixin.py:115} INFO - [2024-10-30T16:19:15.258+0000] {dagbag.py:508} INFO - Filling up the DagBag from /home/airflow/.local/lib/python3.7/site-packages/airflow/example_dags/example_latest_only_with_trigger.py
[2024-10-30T16:19:15.261+0000] {processor.py:650} INFO - DAG(s) dict_keys(['latest_only_with_trigger']) retrieved from /home/airflow/.local/lib/python3.7/site-packages/airflow/example_dags/example_latest_only_with_trigger.py
[2024-10-30T16:19:15.284+0000] {logging_mixin.py:115} INFO - [2024-10-30T16:19:15.284+0000] {dag.py:2429} INFO - Sync 1 DAGs
[2024-10-30T16:19:15.299+0000] {logging_mixin.py:115} INFO - [2024-10-30T16:19:15.299+0000] {dag.py:2981} INFO - Setting next_dagrun for latest_only_with_trigger to 2024-10-30T12:19:15.299439+00:00, run_after=2024-10-30T16:19:15.299439+00:00
[2024-10-30T16:19:15.308+0000] {processor.py:161} INFO - Processing /home/airflow/.local/lib/python3.7/site-packages/airflow/example_dags/example_latest_only_with_trigger.py took 0.053 seconds
[2024-10-30T16:19:45.983+0000] {processor.py:153} INFO - Started process (PID=1076) to work on /home/airflow/.local/lib/python3.7/site-packages/airflow/example_dags/example_latest_only_with_trigger.py
[2024-10-30T16:19:45.984+0000] {processor.py:640} INFO - Processing file /home/airflow/.local/lib/python3.7/site-packages/airflow/example_dags/example_latest_only_with_trigger.py for tasks to queue
[2024-10-30T16:19:45.985+0000] {logging_mixin.py:115} INFO - [2024-10-30T16:19:45.985+0000] {dagbag.py:508} INFO - Filling up the DagBag from /home/airflow/.local/lib/python3.7/site-packages/airflow/example_dags/example_latest_only_with_trigger.py
[2024-10-30T16:19:45.990+0000] {processor.py:650} INFO - DAG(s) dict_keys(['latest_only_with_trigger']) retrieved from /home/airflow/.local/lib/python3.7/site-packages/airflow/example_dags/example_latest_only_with_trigger.py
[2024-10-30T16:19:46.009+0000] {logging_mixin.py:115} INFO - [2024-10-30T16:19:46.009+0000] {dag.py:2429} INFO - Sync 1 DAGs
[2024-10-30T16:19:46.024+0000] {logging_mixin.py:115} INFO - [2024-10-30T16:19:46.024+0000] {dag.py:2981} INFO - Setting next_dagrun for latest_only_with_trigger to 2024-10-30T12:19:46.024526+00:00, run_after=2024-10-30T16:19:46.024526+00:00
[2024-10-30T16:19:46.033+0000] {processor.py:161} INFO - Processing /home/airflow/.local/lib/python3.7/site-packages/airflow/example_dags/example_latest_only_with_trigger.py took 0.052 seconds
[2024-10-30T16:20:16.460+0000] {processor.py:153} INFO - Started process (PID=1129) to work on /home/airflow/.local/lib/python3.7/site-packages/airflow/example_dags/example_latest_only_with_trigger.py
[2024-10-30T16:20:16.461+0000] {processor.py:640} INFO - Processing file /home/airflow/.local/lib/python3.7/site-packages/airflow/example_dags/example_latest_only_with_trigger.py for tasks to queue
[2024-10-30T16:20:16.462+0000] {logging_mixin.py:115} INFO - [2024-10-30T16:20:16.462+0000] {dagbag.py:508} INFO - Filling up the DagBag from /home/airflow/.local/lib/python3.7/site-packages/airflow/example_dags/example_latest_only_with_trigger.py
[2024-10-30T16:20:16.465+0000] {processor.py:650} INFO - DAG(s) dict_keys(['latest_only_with_trigger']) retrieved from /home/airflow/.local/lib/python3.7/site-packages/airflow/example_dags/example_latest_only_with_trigger.py
[2024-10-30T16:20:16.483+0000] {logging_mixin.py:115} INFO - [2024-10-30T16:20:16.483+0000] {dag.py:2429} INFO - Sync 1 DAGs
[2024-10-30T16:20:16.500+0000] {logging_mixin.py:115} INFO - [2024-10-30T16:20:16.500+0000] {dag.py:2981} INFO - Setting next_dagrun for latest_only_with_trigger to 2024-10-30T12:20:16.500119+00:00, run_after=2024-10-30T16:20:16.500119+00:00
[2024-10-30T16:20:16.509+0000] {processor.py:161} INFO - Processing /home/airflow/.local/lib/python3.7/site-packages/airflow/example_dags/example_latest_only_with_trigger.py took 0.052 seconds
[2024-10-30T16:20:47.059+0000] {processor.py:153} INFO - Started process (PID=1191) to work on /home/airflow/.local/lib/python3.7/site-packages/airflow/example_dags/example_latest_only_with_trigger.py
[2024-10-30T16:20:47.060+0000] {processor.py:640} INFO - Processing file /home/airflow/.local/lib/python3.7/site-packages/airflow/example_dags/example_latest_only_with_trigger.py for tasks to queue
[2024-10-30T16:20:47.060+0000] {logging_mixin.py:115} INFO - [2024-10-30T16:20:47.060+0000] {dagbag.py:508} INFO - Filling up the DagBag from /home/airflow/.local/lib/python3.7/site-packages/airflow/example_dags/example_latest_only_with_trigger.py
[2024-10-30T16:20:47.065+0000] {processor.py:650} INFO - DAG(s) dict_keys(['latest_only_with_trigger']) retrieved from /home/airflow/.local/lib/python3.7/site-packages/airflow/example_dags/example_latest_only_with_trigger.py
[2024-10-30T16:20:47.087+0000] {logging_mixin.py:115} INFO - [2024-10-30T16:20:47.087+0000] {dag.py:2429} INFO - Sync 1 DAGs
[2024-10-30T16:20:47.105+0000] {logging_mixin.py:115} INFO - [2024-10-30T16:20:47.105+0000] {dag.py:2981} INFO - Setting next_dagrun for latest_only_with_trigger to 2024-10-30T12:20:47.105338+00:00, run_after=2024-10-30T16:20:47.105338+00:00
[2024-10-30T16:20:47.114+0000] {processor.py:161} INFO - Processing /home/airflow/.local/lib/python3.7/site-packages/airflow/example_dags/example_latest_only_with_trigger.py took 0.057 seconds
[2024-10-30T16:21:17.546+0000] {processor.py:153} INFO - Started process (PID=1253) to work on /home/airflow/.local/lib/python3.7/site-packages/airflow/example_dags/example_latest_only_with_trigger.py
[2024-10-30T16:21:17.547+0000] {processor.py:640} INFO - Processing file /home/airflow/.local/lib/python3.7/site-packages/airflow/example_dags/example_latest_only_with_trigger.py for tasks to queue
[2024-10-30T16:21:17.547+0000] {logging_mixin.py:115} INFO - [2024-10-30T16:21:17.547+0000] {dagbag.py:508} INFO - Filling up the DagBag from /home/airflow/.local/lib/python3.7/site-packages/airflow/example_dags/example_latest_only_with_trigger.py
[2024-10-30T16:21:17.551+0000] {processor.py:650} INFO - DAG(s) dict_keys(['latest_only_with_trigger']) retrieved from /home/airflow/.local/lib/python3.7/site-packages/airflow/example_dags/example_latest_only_with_trigger.py
[2024-10-30T16:21:17.573+0000] {logging_mixin.py:115} INFO - [2024-10-30T16:21:17.573+0000] {dag.py:2429} INFO - Sync 1 DAGs
[2024-10-30T16:21:17.594+0000] {logging_mixin.py:115} INFO - [2024-10-30T16:21:17.594+0000] {dag.py:2981} INFO - Setting next_dagrun for latest_only_with_trigger to 2024-10-30T12:21:17.594513+00:00, run_after=2024-10-30T16:21:17.594513+00:00
[2024-10-30T16:21:17.604+0000] {processor.py:161} INFO - Processing /home/airflow/.local/lib/python3.7/site-packages/airflow/example_dags/example_latest_only_with_trigger.py took 0.060 seconds
[2024-10-30T16:21:47.943+0000] {processor.py:153} INFO - Started process (PID=1306) to work on /home/airflow/.local/lib/python3.7/site-packages/airflow/example_dags/example_latest_only_with_trigger.py
[2024-10-30T16:21:47.943+0000] {processor.py:640} INFO - Processing file /home/airflow/.local/lib/python3.7/site-packages/airflow/example_dags/example_latest_only_with_trigger.py for tasks to queue
[2024-10-30T16:21:47.944+0000] {logging_mixin.py:115} INFO - [2024-10-30T16:21:47.943+0000] {dagbag.py:508} INFO - Filling up the DagBag from /home/airflow/.local/lib/python3.7/site-packages/airflow/example_dags/example_latest_only_with_trigger.py
[2024-10-30T16:21:47.947+0000] {processor.py:650} INFO - DAG(s) dict_keys(['latest_only_with_trigger']) retrieved from /home/airflow/.local/lib/python3.7/site-packages/airflow/example_dags/example_latest_only_with_trigger.py
[2024-10-30T16:21:47.963+0000] {logging_mixin.py:115} INFO - [2024-10-30T16:21:47.963+0000] {dag.py:2429} INFO - Sync 1 DAGs
[2024-10-30T16:21:47.979+0000] {logging_mixin.py:115} INFO - [2024-10-30T16:21:47.979+0000] {dag.py:2981} INFO - Setting next_dagrun for latest_only_with_trigger to 2024-10-30T12:21:47.979156+00:00, run_after=2024-10-30T16:21:47.979156+00:00
[2024-10-30T16:21:47.987+0000] {processor.py:161} INFO - Processing /home/airflow/.local/lib/python3.7/site-packages/airflow/example_dags/example_latest_only_with_trigger.py took 0.046 seconds
[2024-10-30T16:22:18.898+0000] {processor.py:153} INFO - Started process (PID=1368) to work on /home/airflow/.local/lib/python3.7/site-packages/airflow/example_dags/example_latest_only_with_trigger.py
[2024-10-30T16:22:18.899+0000] {processor.py:640} INFO - Processing file /home/airflow/.local/lib/python3.7/site-packages/airflow/example_dags/example_latest_only_with_trigger.py for tasks to queue
[2024-10-30T16:22:18.899+0000] {logging_mixin.py:115} INFO - [2024-10-30T16:22:18.899+0000] {dagbag.py:508} INFO - Filling up the DagBag from /home/airflow/.local/lib/python3.7/site-packages/airflow/example_dags/example_latest_only_with_trigger.py
[2024-10-30T16:22:18.903+0000] {processor.py:650} INFO - DAG(s) dict_keys(['latest_only_with_trigger']) retrieved from /home/airflow/.local/lib/python3.7/site-packages/airflow/example_dags/example_latest_only_with_trigger.py
[2024-10-30T16:22:18.919+0000] {logging_mixin.py:115} INFO - [2024-10-30T16:22:18.919+0000] {dag.py:2429} INFO - Sync 1 DAGs
[2024-10-30T16:22:18.938+0000] {logging_mixin.py:115} INFO - [2024-10-30T16:22:18.937+0000] {dag.py:2981} INFO - Setting next_dagrun for latest_only_with_trigger to 2024-10-30T12:22:18.937680+00:00, run_after=2024-10-30T16:22:18.937680+00:00
[2024-10-30T16:22:18.946+0000] {processor.py:161} INFO - Processing /home/airflow/.local/lib/python3.7/site-packages/airflow/example_dags/example_latest_only_with_trigger.py took 0.051 seconds
[2024-10-30T16:22:49.599+0000] {processor.py:153} INFO - Started process (PID=1430) to work on /home/airflow/.local/lib/python3.7/site-packages/airflow/example_dags/example_latest_only_with_trigger.py
[2024-10-30T16:22:49.599+0000] {processor.py:640} INFO - Processing file /home/airflow/.local/lib/python3.7/site-packages/airflow/example_dags/example_latest_only_with_trigger.py for tasks to queue
[2024-10-30T16:22:49.600+0000] {logging_mixin.py:115} INFO - [2024-10-30T16:22:49.600+0000] {dagbag.py:508} INFO - Filling up the DagBag from /home/airflow/.local/lib/python3.7/site-packages/airflow/example_dags/example_latest_only_with_trigger.py
[2024-10-30T16:22:49.604+0000] {processor.py:650} INFO - DAG(s) dict_keys(['latest_only_with_trigger']) retrieved from /home/airflow/.local/lib/python3.7/site-packages/airflow/example_dags/example_latest_only_with_trigger.py
[2024-10-30T16:22:49.624+0000] {logging_mixin.py:115} INFO - [2024-10-30T16:22:49.623+0000] {dag.py:2429} INFO - Sync 1 DAGs
[2024-10-30T16:22:49.638+0000] {logging_mixin.py:115} INFO - [2024-10-30T16:22:49.638+0000] {dag.py:2981} INFO - Setting next_dagrun for latest_only_with_trigger to 2024-10-30T12:22:49.638045+00:00, run_after=2024-10-30T16:22:49.638045+00:00
[2024-10-30T16:22:49.647+0000] {processor.py:161} INFO - Processing /home/airflow/.local/lib/python3.7/site-packages/airflow/example_dags/example_latest_only_with_trigger.py took 0.051 seconds
[2024-10-30T16:23:20.043+0000] {processor.py:153} INFO - Started process (PID=1492) to work on /home/airflow/.local/lib/python3.7/site-packages/airflow/example_dags/example_latest_only_with_trigger.py
[2024-10-30T16:23:20.043+0000] {processor.py:640} INFO - Processing file /home/airflow/.local/lib/python3.7/site-packages/airflow/example_dags/example_latest_only_with_trigger.py for tasks to queue
[2024-10-30T16:23:20.044+0000] {logging_mixin.py:115} INFO - [2024-10-30T16:23:20.044+0000] {dagbag.py:508} INFO - Filling up the DagBag from /home/airflow/.local/lib/python3.7/site-packages/airflow/example_dags/example_latest_only_with_trigger.py
[2024-10-30T16:23:20.047+0000] {processor.py:650} INFO - DAG(s) dict_keys(['latest_only_with_trigger']) retrieved from /home/airflow/.local/lib/python3.7/site-packages/airflow/example_dags/example_latest_only_with_trigger.py
[2024-10-30T16:23:20.064+0000] {logging_mixin.py:115} INFO - [2024-10-30T16:23:20.064+0000] {dag.py:2429} INFO - Sync 1 DAGs
[2024-10-30T16:23:20.081+0000] {logging_mixin.py:115} INFO - [2024-10-30T16:23:20.081+0000] {dag.py:2981} INFO - Setting next_dagrun for latest_only_with_trigger to 2024-10-30T12:23:20.081128+00:00, run_after=2024-10-30T16:23:20.081128+00:00
[2024-10-30T16:23:20.092+0000] {processor.py:161} INFO - Processing /home/airflow/.local/lib/python3.7/site-packages/airflow/example_dags/example_latest_only_with_trigger.py took 0.051 seconds
[2024-10-30T16:23:50.794+0000] {processor.py:153} INFO - Started process (PID=1545) to work on /home/airflow/.local/lib/python3.7/site-packages/airflow/example_dags/example_latest_only_with_trigger.py
[2024-10-30T16:23:50.795+0000] {processor.py:640} INFO - Processing file /home/airflow/.local/lib/python3.7/site-packages/airflow/example_dags/example_latest_only_with_trigger.py for tasks to queue
[2024-10-30T16:23:50.795+0000] {logging_mixin.py:115} INFO - [2024-10-30T16:23:50.795+0000] {dagbag.py:508} INFO - Filling up the DagBag from /home/airflow/.local/lib/python3.7/site-packages/airflow/example_dags/example_latest_only_with_trigger.py
[2024-10-30T16:23:50.799+0000] {processor.py:650} INFO - DAG(s) dict_keys(['latest_only_with_trigger']) retrieved from /home/airflow/.local/lib/python3.7/site-packages/airflow/example_dags/example_latest_only_with_trigger.py
[2024-10-30T16:23:50.815+0000] {logging_mixin.py:115} INFO - [2024-10-30T16:23:50.815+0000] {dag.py:2429} INFO - Sync 1 DAGs
[2024-10-30T16:23:50.828+0000] {logging_mixin.py:115} INFO - [2024-10-30T16:23:50.828+0000] {dag.py:2981} INFO - Setting next_dagrun for latest_only_with_trigger to 2024-10-30T12:23:50.828518+00:00, run_after=2024-10-30T16:23:50.828518+00:00
[2024-10-30T16:23:50.836+0000] {processor.py:161} INFO - Processing /home/airflow/.local/lib/python3.7/site-packages/airflow/example_dags/example_latest_only_with_trigger.py took 0.044 seconds
[2024-10-30T16:24:21.470+0000] {processor.py:153} INFO - Started process (PID=1607) to work on /home/airflow/.local/lib/python3.7/site-packages/airflow/example_dags/example_latest_only_with_trigger.py
[2024-10-30T16:24:21.470+0000] {processor.py:640} INFO - Processing file /home/airflow/.local/lib/python3.7/site-packages/airflow/example_dags/example_latest_only_with_trigger.py for tasks to queue
[2024-10-30T16:24:21.471+0000] {logging_mixin.py:115} INFO - [2024-10-30T16:24:21.471+0000] {dagbag.py:508} INFO - Filling up the DagBag from /home/airflow/.local/lib/python3.7/site-packages/airflow/example_dags/example_latest_only_with_trigger.py
[2024-10-30T16:24:21.475+0000] {processor.py:650} INFO - DAG(s) dict_keys(['latest_only_with_trigger']) retrieved from /home/airflow/.local/lib/python3.7/site-packages/airflow/example_dags/example_latest_only_with_trigger.py
[2024-10-30T16:24:21.491+0000] {logging_mixin.py:115} INFO - [2024-10-30T16:24:21.491+0000] {dag.py:2429} INFO - Sync 1 DAGs
[2024-10-30T16:24:21.507+0000] {logging_mixin.py:115} INFO - [2024-10-30T16:24:21.506+0000] {dag.py:2981} INFO - Setting next_dagrun for latest_only_with_trigger to 2024-10-30T12:24:21.506824+00:00, run_after=2024-10-30T16:24:21.506824+00:00
[2024-10-30T16:24:21.514+0000] {processor.py:161} INFO - Processing /home/airflow/.local/lib/python3.7/site-packages/airflow/example_dags/example_latest_only_with_trigger.py took 0.046 seconds
[2024-10-30T16:24:52.459+0000] {processor.py:153} INFO - Started process (PID=1670) to work on /home/airflow/.local/lib/python3.7/site-packages/airflow/example_dags/example_latest_only_with_trigger.py
[2024-10-30T16:24:52.460+0000] {processor.py:640} INFO - Processing file /home/airflow/.local/lib/python3.7/site-packages/airflow/example_dags/example_latest_only_with_trigger.py for tasks to queue
[2024-10-30T16:24:52.461+0000] {logging_mixin.py:115} INFO - [2024-10-30T16:24:52.461+0000] {dagbag.py:508} INFO - Filling up the DagBag from /home/airflow/.local/lib/python3.7/site-packages/airflow/example_dags/example_latest_only_with_trigger.py
[2024-10-30T16:24:52.465+0000] {processor.py:650} INFO - DAG(s) dict_keys(['latest_only_with_trigger']) retrieved from /home/airflow/.local/lib/python3.7/site-packages/airflow/example_dags/example_latest_only_with_trigger.py
[2024-10-30T16:24:52.485+0000] {logging_mixin.py:115} INFO - [2024-10-30T16:24:52.485+0000] {dag.py:2429} INFO - Sync 1 DAGs
[2024-10-30T16:24:52.502+0000] {logging_mixin.py:115} INFO - [2024-10-30T16:24:52.501+0000] {dag.py:2981} INFO - Setting next_dagrun for latest_only_with_trigger to 2024-10-30T12:24:52.501614+00:00, run_after=2024-10-30T16:24:52.501614+00:00
[2024-10-30T16:24:52.511+0000] {processor.py:161} INFO - Processing /home/airflow/.local/lib/python3.7/site-packages/airflow/example_dags/example_latest_only_with_trigger.py took 0.054 seconds
[2024-10-30T16:25:23.155+0000] {processor.py:153} INFO - Started process (PID=1732) to work on /home/airflow/.local/lib/python3.7/site-packages/airflow/example_dags/example_latest_only_with_trigger.py
[2024-10-30T16:25:23.156+0000] {processor.py:640} INFO - Processing file /home/airflow/.local/lib/python3.7/site-packages/airflow/example_dags/example_latest_only_with_trigger.py for tasks to queue
[2024-10-30T16:25:23.156+0000] {logging_mixin.py:115} INFO - [2024-10-30T16:25:23.156+0000] {dagbag.py:508} INFO - Filling up the DagBag from /home/airflow/.local/lib/python3.7/site-packages/airflow/example_dags/example_latest_only_with_trigger.py
[2024-10-30T16:25:23.161+0000] {processor.py:650} INFO - DAG(s) dict_keys(['latest_only_with_trigger']) retrieved from /home/airflow/.local/lib/python3.7/site-packages/airflow/example_dags/example_latest_only_with_trigger.py
[2024-10-30T16:25:23.183+0000] {logging_mixin.py:115} INFO - [2024-10-30T16:25:23.183+0000] {dag.py:2429} INFO - Sync 1 DAGs
[2024-10-30T16:25:23.204+0000] {logging_mixin.py:115} INFO - [2024-10-30T16:25:23.204+0000] {dag.py:2981} INFO - Setting next_dagrun for latest_only_with_trigger to 2024-10-30T12:25:23.204181+00:00, run_after=2024-10-30T16:25:23.204181+00:00
[2024-10-30T16:25:23.214+0000] {processor.py:161} INFO - Processing /home/airflow/.local/lib/python3.7/site-packages/airflow/example_dags/example_latest_only_with_trigger.py took 0.061 seconds
[2024-10-30T16:25:53.722+0000] {processor.py:153} INFO - Started process (PID=1785) to work on /home/airflow/.local/lib/python3.7/site-packages/airflow/example_dags/example_latest_only_with_trigger.py
[2024-10-30T16:25:53.722+0000] {processor.py:640} INFO - Processing file /home/airflow/.local/lib/python3.7/site-packages/airflow/example_dags/example_latest_only_with_trigger.py for tasks to queue
[2024-10-30T16:25:53.723+0000] {logging_mixin.py:115} INFO - [2024-10-30T16:25:53.723+0000] {dagbag.py:508} INFO - Filling up the DagBag from /home/airflow/.local/lib/python3.7/site-packages/airflow/example_dags/example_latest_only_with_trigger.py
[2024-10-30T16:25:53.726+0000] {processor.py:650} INFO - DAG(s) dict_keys(['latest_only_with_trigger']) retrieved from /home/airflow/.local/lib/python3.7/site-packages/airflow/example_dags/example_latest_only_with_trigger.py
[2024-10-30T16:25:53.746+0000] {logging_mixin.py:115} INFO - [2024-10-30T16:25:53.746+0000] {dag.py:2429} INFO - Sync 1 DAGs
[2024-10-30T16:25:53.763+0000] {logging_mixin.py:115} INFO - [2024-10-30T16:25:53.763+0000] {dag.py:2981} INFO - Setting next_dagrun for latest_only_with_trigger to 2024-10-30T12:25:53.763522+00:00, run_after=2024-10-30T16:25:53.763522+00:00
[2024-10-30T16:25:53.775+0000] {processor.py:161} INFO - Processing /home/airflow/.local/lib/python3.7/site-packages/airflow/example_dags/example_latest_only_with_trigger.py took 0.056 seconds
[2024-10-30T16:26:24.711+0000] {processor.py:153} INFO - Started process (PID=1850) to work on /home/airflow/.local/lib/python3.7/site-packages/airflow/example_dags/example_latest_only_with_trigger.py
[2024-10-30T16:26:24.712+0000] {processor.py:640} INFO - Processing file /home/airflow/.local/lib/python3.7/site-packages/airflow/example_dags/example_latest_only_with_trigger.py for tasks to queue
[2024-10-30T16:26:24.713+0000] {logging_mixin.py:115} INFO - [2024-10-30T16:26:24.713+0000] {dagbag.py:508} INFO - Filling up the DagBag from /home/airflow/.local/lib/python3.7/site-packages/airflow/example_dags/example_latest_only_with_trigger.py
[2024-10-30T16:26:24.720+0000] {processor.py:650} INFO - DAG(s) dict_keys(['latest_only_with_trigger']) retrieved from /home/airflow/.local/lib/python3.7/site-packages/airflow/example_dags/example_latest_only_with_trigger.py
[2024-10-30T16:26:24.744+0000] {logging_mixin.py:115} INFO - [2024-10-30T16:26:24.744+0000] {dag.py:2429} INFO - Sync 1 DAGs
[2024-10-30T16:26:24.769+0000] {logging_mixin.py:115} INFO - [2024-10-30T16:26:24.768+0000] {dag.py:2981} INFO - Setting next_dagrun for latest_only_with_trigger to 2024-10-30T12:26:24.768465+00:00, run_after=2024-10-30T16:26:24.768465+00:00
[2024-10-30T16:26:24.779+0000] {processor.py:161} INFO - Processing /home/airflow/.local/lib/python3.7/site-packages/airflow/example_dags/example_latest_only_with_trigger.py took 0.071 seconds
[2024-10-30T16:26:55.454+0000] {processor.py:153} INFO - Started process (PID=1914) to work on /home/airflow/.local/lib/python3.7/site-packages/airflow/example_dags/example_latest_only_with_trigger.py
[2024-10-30T16:26:55.454+0000] {processor.py:640} INFO - Processing file /home/airflow/.local/lib/python3.7/site-packages/airflow/example_dags/example_latest_only_with_trigger.py for tasks to queue
[2024-10-30T16:26:55.455+0000] {logging_mixin.py:115} INFO - [2024-10-30T16:26:55.455+0000] {dagbag.py:508} INFO - Filling up the DagBag from /home/airflow/.local/lib/python3.7/site-packages/airflow/example_dags/example_latest_only_with_trigger.py
[2024-10-30T16:26:55.459+0000] {processor.py:650} INFO - DAG(s) dict_keys(['latest_only_with_trigger']) retrieved from /home/airflow/.local/lib/python3.7/site-packages/airflow/example_dags/example_latest_only_with_trigger.py
[2024-10-30T16:26:55.477+0000] {logging_mixin.py:115} INFO - [2024-10-30T16:26:55.477+0000] {dag.py:2429} INFO - Sync 1 DAGs
[2024-10-30T16:26:55.491+0000] {logging_mixin.py:115} INFO - [2024-10-30T16:26:55.491+0000] {dag.py:2981} INFO - Setting next_dagrun for latest_only_with_trigger to 2024-10-30T12:26:55.491646+00:00, run_after=2024-10-30T16:26:55.491646+00:00
[2024-10-30T16:26:55.499+0000] {processor.py:161} INFO - Processing /home/airflow/.local/lib/python3.7/site-packages/airflow/example_dags/example_latest_only_with_trigger.py took 0.048 seconds
