[2024-10-30T16:11:05.313+0000] {processor.py:153} INFO - Started process (PID=59) to work on /home/airflow/.local/lib/python3.7/site-packages/airflow/example_dags/example_branch_datetime_operator.py
[2024-10-30T16:11:05.314+0000] {processor.py:640} INFO - Processing file /home/airflow/.local/lib/python3.7/site-packages/airflow/example_dags/example_branch_datetime_operator.py for tasks to queue
[2024-10-30T16:11:05.314+0000] {logging_mixin.py:115} INFO - [2024-10-30T16:11:05.314+0000] {dagbag.py:508} INFO - Filling up the DagBag from /home/airflow/.local/lib/python3.7/site-packages/airflow/example_dags/example_branch_datetime_operator.py
[2024-10-30T16:11:05.323+0000] {processor.py:650} INFO - DAG(s) dict_keys(['example_branch_datetime_operator', 'example_branch_datetime_operator_2']) retrieved from /home/airflow/.local/lib/python3.7/site-packages/airflow/example_dags/example_branch_datetime_operator.py
[2024-10-30T16:11:05.402+0000] {logging_mixin.py:115} INFO - [2024-10-30T16:11:05.402+0000] {manager.py:508} INFO - Created Permission View: can delete on DAG:example_branch_datetime_operator
[2024-10-30T16:11:05.411+0000] {logging_mixin.py:115} INFO - [2024-10-30T16:11:05.411+0000] {manager.py:508} INFO - Created Permission View: can read on DAG:example_branch_datetime_operator
[2024-10-30T16:11:05.418+0000] {logging_mixin.py:115} INFO - [2024-10-30T16:11:05.418+0000] {manager.py:508} INFO - Created Permission View: can edit on DAG:example_branch_datetime_operator
[2024-10-30T16:11:05.430+0000] {logging_mixin.py:115} INFO - [2024-10-30T16:11:05.430+0000] {manager.py:508} INFO - Created Permission View: can delete on DAG:example_branch_datetime_operator_2
[2024-10-30T16:11:05.438+0000] {logging_mixin.py:115} INFO - [2024-10-30T16:11:05.438+0000] {manager.py:508} INFO - Created Permission View: can read on DAG:example_branch_datetime_operator_2
[2024-10-30T16:11:05.444+0000] {logging_mixin.py:115} INFO - [2024-10-30T16:11:05.444+0000] {manager.py:508} INFO - Created Permission View: can edit on DAG:example_branch_datetime_operator_2
[2024-10-30T16:11:05.445+0000] {logging_mixin.py:115} INFO - [2024-10-30T16:11:05.445+0000] {dag.py:2429} INFO - Sync 2 DAGs
[2024-10-30T16:11:05.454+0000] {logging_mixin.py:115} INFO - [2024-10-30T16:11:05.453+0000] {dag.py:2448} INFO - Creating ORM DAG for example_branch_datetime_operator_2
[2024-10-30T16:11:05.454+0000] {logging_mixin.py:115} INFO - [2024-10-30T16:11:05.454+0000] {dag.py:2448} INFO - Creating ORM DAG for example_branch_datetime_operator
[2024-10-30T16:11:05.465+0000] {logging_mixin.py:115} INFO - [2024-10-30T16:11:05.465+0000] {dag.py:2981} INFO - Setting next_dagrun for example_branch_datetime_operator to 2024-10-29T00:00:00+00:00, run_after=2024-10-30T00:00:00+00:00
[2024-10-30T16:11:05.467+0000] {logging_mixin.py:115} INFO - [2024-10-30T16:11:05.467+0000] {dag.py:2981} INFO - Setting next_dagrun for example_branch_datetime_operator_2 to 2024-10-29T00:00:00+00:00, run_after=2024-10-30T00:00:00+00:00
[2024-10-30T16:11:05.481+0000] {processor.py:161} INFO - Processing /home/airflow/.local/lib/python3.7/site-packages/airflow/example_dags/example_branch_datetime_operator.py took 0.171 seconds
[2024-10-30T16:11:36.311+0000] {processor.py:153} INFO - Started process (PID=121) to work on /home/airflow/.local/lib/python3.7/site-packages/airflow/example_dags/example_branch_datetime_operator.py
[2024-10-30T16:11:36.312+0000] {processor.py:640} INFO - Processing file /home/airflow/.local/lib/python3.7/site-packages/airflow/example_dags/example_branch_datetime_operator.py for tasks to queue
[2024-10-30T16:11:36.312+0000] {logging_mixin.py:115} INFO - [2024-10-30T16:11:36.312+0000] {dagbag.py:508} INFO - Filling up the DagBag from /home/airflow/.local/lib/python3.7/site-packages/airflow/example_dags/example_branch_datetime_operator.py
[2024-10-30T16:11:36.319+0000] {processor.py:650} INFO - DAG(s) dict_keys(['example_branch_datetime_operator', 'example_branch_datetime_operator_2']) retrieved from /home/airflow/.local/lib/python3.7/site-packages/airflow/example_dags/example_branch_datetime_operator.py
[2024-10-30T16:11:36.336+0000] {logging_mixin.py:115} INFO - [2024-10-30T16:11:36.336+0000] {dag.py:2429} INFO - Sync 2 DAGs
[2024-10-30T16:11:36.350+0000] {logging_mixin.py:115} INFO - [2024-10-30T16:11:36.350+0000] {dag.py:2981} INFO - Setting next_dagrun for example_branch_datetime_operator to 2024-10-29T00:00:00+00:00, run_after=2024-10-30T00:00:00+00:00
[2024-10-30T16:11:36.351+0000] {logging_mixin.py:115} INFO - [2024-10-30T16:11:36.351+0000] {dag.py:2981} INFO - Setting next_dagrun for example_branch_datetime_operator_2 to 2024-10-29T00:00:00+00:00, run_after=2024-10-30T00:00:00+00:00
[2024-10-30T16:11:36.359+0000] {processor.py:161} INFO - Processing /home/airflow/.local/lib/python3.7/site-packages/airflow/example_dags/example_branch_datetime_operator.py took 0.049 seconds
[2024-10-30T16:12:06.885+0000] {processor.py:153} INFO - Started process (PID=181) to work on /home/airflow/.local/lib/python3.7/site-packages/airflow/example_dags/example_branch_datetime_operator.py
[2024-10-30T16:12:06.886+0000] {processor.py:640} INFO - Processing file /home/airflow/.local/lib/python3.7/site-packages/airflow/example_dags/example_branch_datetime_operator.py for tasks to queue
[2024-10-30T16:12:06.886+0000] {logging_mixin.py:115} INFO - [2024-10-30T16:12:06.886+0000] {dagbag.py:508} INFO - Filling up the DagBag from /home/airflow/.local/lib/python3.7/site-packages/airflow/example_dags/example_branch_datetime_operator.py
[2024-10-30T16:12:06.893+0000] {processor.py:650} INFO - DAG(s) dict_keys(['example_branch_datetime_operator', 'example_branch_datetime_operator_2']) retrieved from /home/airflow/.local/lib/python3.7/site-packages/airflow/example_dags/example_branch_datetime_operator.py
[2024-10-30T16:12:06.912+0000] {logging_mixin.py:115} INFO - [2024-10-30T16:12:06.911+0000] {dag.py:2429} INFO - Sync 2 DAGs
[2024-10-30T16:12:06.930+0000] {logging_mixin.py:115} INFO - [2024-10-30T16:12:06.930+0000] {dag.py:2981} INFO - Setting next_dagrun for example_branch_datetime_operator to 2024-10-29T00:00:00+00:00, run_after=2024-10-30T00:00:00+00:00
[2024-10-30T16:12:06.931+0000] {logging_mixin.py:115} INFO - [2024-10-30T16:12:06.931+0000] {dag.py:2981} INFO - Setting next_dagrun for example_branch_datetime_operator_2 to 2024-10-29T00:00:00+00:00, run_after=2024-10-30T00:00:00+00:00
[2024-10-30T16:12:06.940+0000] {processor.py:161} INFO - Processing /home/airflow/.local/lib/python3.7/site-packages/airflow/example_dags/example_branch_datetime_operator.py took 0.058 seconds
[2024-10-30T16:12:37.501+0000] {processor.py:153} INFO - Started process (PID=237) to work on /home/airflow/.local/lib/python3.7/site-packages/airflow/example_dags/example_branch_datetime_operator.py
[2024-10-30T16:12:37.502+0000] {processor.py:640} INFO - Processing file /home/airflow/.local/lib/python3.7/site-packages/airflow/example_dags/example_branch_datetime_operator.py for tasks to queue
[2024-10-30T16:12:37.502+0000] {logging_mixin.py:115} INFO - [2024-10-30T16:12:37.502+0000] {dagbag.py:508} INFO - Filling up the DagBag from /home/airflow/.local/lib/python3.7/site-packages/airflow/example_dags/example_branch_datetime_operator.py
[2024-10-30T16:12:37.508+0000] {processor.py:650} INFO - DAG(s) dict_keys(['example_branch_datetime_operator', 'example_branch_datetime_operator_2']) retrieved from /home/airflow/.local/lib/python3.7/site-packages/airflow/example_dags/example_branch_datetime_operator.py
[2024-10-30T16:12:37.526+0000] {logging_mixin.py:115} INFO - [2024-10-30T16:12:37.526+0000] {dag.py:2429} INFO - Sync 2 DAGs
[2024-10-30T16:12:37.540+0000] {logging_mixin.py:115} INFO - [2024-10-30T16:12:37.540+0000] {dag.py:2981} INFO - Setting next_dagrun for example_branch_datetime_operator to 2024-10-29T00:00:00+00:00, run_after=2024-10-30T00:00:00+00:00
[2024-10-30T16:12:37.541+0000] {logging_mixin.py:115} INFO - [2024-10-30T16:12:37.541+0000] {dag.py:2981} INFO - Setting next_dagrun for example_branch_datetime_operator_2 to 2024-10-29T00:00:00+00:00, run_after=2024-10-30T00:00:00+00:00
[2024-10-30T16:12:37.549+0000] {processor.py:161} INFO - Processing /home/airflow/.local/lib/python3.7/site-packages/airflow/example_dags/example_branch_datetime_operator.py took 0.050 seconds
[2024-10-30T16:13:07.995+0000] {processor.py:153} INFO - Started process (PID=299) to work on /home/airflow/.local/lib/python3.7/site-packages/airflow/example_dags/example_branch_datetime_operator.py
[2024-10-30T16:13:07.996+0000] {processor.py:640} INFO - Processing file /home/airflow/.local/lib/python3.7/site-packages/airflow/example_dags/example_branch_datetime_operator.py for tasks to queue
[2024-10-30T16:13:07.996+0000] {logging_mixin.py:115} INFO - [2024-10-30T16:13:07.996+0000] {dagbag.py:508} INFO - Filling up the DagBag from /home/airflow/.local/lib/python3.7/site-packages/airflow/example_dags/example_branch_datetime_operator.py
[2024-10-30T16:13:08.003+0000] {processor.py:650} INFO - DAG(s) dict_keys(['example_branch_datetime_operator', 'example_branch_datetime_operator_2']) retrieved from /home/airflow/.local/lib/python3.7/site-packages/airflow/example_dags/example_branch_datetime_operator.py
[2024-10-30T16:13:08.024+0000] {logging_mixin.py:115} INFO - [2024-10-30T16:13:08.024+0000] {dag.py:2429} INFO - Sync 2 DAGs
[2024-10-30T16:13:08.039+0000] {logging_mixin.py:115} INFO - [2024-10-30T16:13:08.039+0000] {dag.py:2981} INFO - Setting next_dagrun for example_branch_datetime_operator to 2024-10-29T00:00:00+00:00, run_after=2024-10-30T00:00:00+00:00
[2024-10-30T16:13:08.040+0000] {logging_mixin.py:115} INFO - [2024-10-30T16:13:08.040+0000] {dag.py:2981} INFO - Setting next_dagrun for example_branch_datetime_operator_2 to 2024-10-29T00:00:00+00:00, run_after=2024-10-30T00:00:00+00:00
[2024-10-30T16:13:08.048+0000] {processor.py:161} INFO - Processing /home/airflow/.local/lib/python3.7/site-packages/airflow/example_dags/example_branch_datetime_operator.py took 0.054 seconds
[2024-10-30T16:13:38.622+0000] {processor.py:153} INFO - Started process (PID=362) to work on /home/airflow/.local/lib/python3.7/site-packages/airflow/example_dags/example_branch_datetime_operator.py
[2024-10-30T16:13:38.623+0000] {processor.py:640} INFO - Processing file /home/airflow/.local/lib/python3.7/site-packages/airflow/example_dags/example_branch_datetime_operator.py for tasks to queue
[2024-10-30T16:13:38.624+0000] {logging_mixin.py:115} INFO - [2024-10-30T16:13:38.623+0000] {dagbag.py:508} INFO - Filling up the DagBag from /home/airflow/.local/lib/python3.7/site-packages/airflow/example_dags/example_branch_datetime_operator.py
[2024-10-30T16:13:38.632+0000] {processor.py:650} INFO - DAG(s) dict_keys(['example_branch_datetime_operator', 'example_branch_datetime_operator_2']) retrieved from /home/airflow/.local/lib/python3.7/site-packages/airflow/example_dags/example_branch_datetime_operator.py
[2024-10-30T16:13:38.657+0000] {logging_mixin.py:115} INFO - [2024-10-30T16:13:38.657+0000] {dag.py:2429} INFO - Sync 2 DAGs
[2024-10-30T16:13:38.680+0000] {logging_mixin.py:115} INFO - [2024-10-30T16:13:38.679+0000] {dag.py:2981} INFO - Setting next_dagrun for example_branch_datetime_operator to 2024-10-29T00:00:00+00:00, run_after=2024-10-30T00:00:00+00:00
[2024-10-30T16:13:38.682+0000] {logging_mixin.py:115} INFO - [2024-10-30T16:13:38.682+0000] {dag.py:2981} INFO - Setting next_dagrun for example_branch_datetime_operator_2 to 2024-10-29T00:00:00+00:00, run_after=2024-10-30T00:00:00+00:00
[2024-10-30T16:13:38.694+0000] {processor.py:161} INFO - Processing /home/airflow/.local/lib/python3.7/site-packages/airflow/example_dags/example_branch_datetime_operator.py took 0.074 seconds
[2024-10-30T16:14:09.466+0000] {processor.py:153} INFO - Started process (PID=415) to work on /home/airflow/.local/lib/python3.7/site-packages/airflow/example_dags/example_branch_datetime_operator.py
[2024-10-30T16:14:09.467+0000] {processor.py:640} INFO - Processing file /home/airflow/.local/lib/python3.7/site-packages/airflow/example_dags/example_branch_datetime_operator.py for tasks to queue
[2024-10-30T16:14:09.467+0000] {logging_mixin.py:115} INFO - [2024-10-30T16:14:09.467+0000] {dagbag.py:508} INFO - Filling up the DagBag from /home/airflow/.local/lib/python3.7/site-packages/airflow/example_dags/example_branch_datetime_operator.py
[2024-10-30T16:14:09.475+0000] {processor.py:650} INFO - DAG(s) dict_keys(['example_branch_datetime_operator', 'example_branch_datetime_operator_2']) retrieved from /home/airflow/.local/lib/python3.7/site-packages/airflow/example_dags/example_branch_datetime_operator.py
[2024-10-30T16:14:09.500+0000] {logging_mixin.py:115} INFO - [2024-10-30T16:14:09.500+0000] {dag.py:2429} INFO - Sync 2 DAGs
[2024-10-30T16:14:09.525+0000] {logging_mixin.py:115} INFO - [2024-10-30T16:14:09.525+0000] {dag.py:2981} INFO - Setting next_dagrun for example_branch_datetime_operator to 2024-10-29T00:00:00+00:00, run_after=2024-10-30T00:00:00+00:00
[2024-10-30T16:14:09.527+0000] {logging_mixin.py:115} INFO - [2024-10-30T16:14:09.527+0000] {dag.py:2981} INFO - Setting next_dagrun for example_branch_datetime_operator_2 to 2024-10-29T00:00:00+00:00, run_after=2024-10-30T00:00:00+00:00
[2024-10-30T16:14:09.538+0000] {processor.py:161} INFO - Processing /home/airflow/.local/lib/python3.7/site-packages/airflow/example_dags/example_branch_datetime_operator.py took 0.074 seconds
[2024-10-30T16:14:40.237+0000] {processor.py:153} INFO - Started process (PID=477) to work on /home/airflow/.local/lib/python3.7/site-packages/airflow/example_dags/example_branch_datetime_operator.py
[2024-10-30T16:14:40.238+0000] {processor.py:640} INFO - Processing file /home/airflow/.local/lib/python3.7/site-packages/airflow/example_dags/example_branch_datetime_operator.py for tasks to queue
[2024-10-30T16:14:40.239+0000] {logging_mixin.py:115} INFO - [2024-10-30T16:14:40.239+0000] {dagbag.py:508} INFO - Filling up the DagBag from /home/airflow/.local/lib/python3.7/site-packages/airflow/example_dags/example_branch_datetime_operator.py
[2024-10-30T16:14:40.245+0000] {processor.py:650} INFO - DAG(s) dict_keys(['example_branch_datetime_operator', 'example_branch_datetime_operator_2']) retrieved from /home/airflow/.local/lib/python3.7/site-packages/airflow/example_dags/example_branch_datetime_operator.py
[2024-10-30T16:14:40.268+0000] {logging_mixin.py:115} INFO - [2024-10-30T16:14:40.268+0000] {dag.py:2429} INFO - Sync 2 DAGs
[2024-10-30T16:14:40.287+0000] {logging_mixin.py:115} INFO - [2024-10-30T16:14:40.287+0000] {dag.py:2981} INFO - Setting next_dagrun for example_branch_datetime_operator to 2024-10-29T00:00:00+00:00, run_after=2024-10-30T00:00:00+00:00
[2024-10-30T16:14:40.289+0000] {logging_mixin.py:115} INFO - [2024-10-30T16:14:40.289+0000] {dag.py:2981} INFO - Setting next_dagrun for example_branch_datetime_operator_2 to 2024-10-29T00:00:00+00:00, run_after=2024-10-30T00:00:00+00:00
[2024-10-30T16:14:40.297+0000] {processor.py:161} INFO - Processing /home/airflow/.local/lib/python3.7/site-packages/airflow/example_dags/example_branch_datetime_operator.py took 0.062 seconds
[2024-10-30T16:15:10.973+0000] {processor.py:153} INFO - Started process (PID=539) to work on /home/airflow/.local/lib/python3.7/site-packages/airflow/example_dags/example_branch_datetime_operator.py
[2024-10-30T16:15:10.974+0000] {processor.py:640} INFO - Processing file /home/airflow/.local/lib/python3.7/site-packages/airflow/example_dags/example_branch_datetime_operator.py for tasks to queue
[2024-10-30T16:15:10.975+0000] {logging_mixin.py:115} INFO - [2024-10-30T16:15:10.974+0000] {dagbag.py:508} INFO - Filling up the DagBag from /home/airflow/.local/lib/python3.7/site-packages/airflow/example_dags/example_branch_datetime_operator.py
[2024-10-30T16:15:10.983+0000] {processor.py:650} INFO - DAG(s) dict_keys(['example_branch_datetime_operator', 'example_branch_datetime_operator_2']) retrieved from /home/airflow/.local/lib/python3.7/site-packages/airflow/example_dags/example_branch_datetime_operator.py
[2024-10-30T16:15:11.005+0000] {logging_mixin.py:115} INFO - [2024-10-30T16:15:11.005+0000] {dag.py:2429} INFO - Sync 2 DAGs
[2024-10-30T16:15:11.023+0000] {logging_mixin.py:115} INFO - [2024-10-30T16:15:11.023+0000] {dag.py:2981} INFO - Setting next_dagrun for example_branch_datetime_operator to 2024-10-29T00:00:00+00:00, run_after=2024-10-30T00:00:00+00:00
[2024-10-30T16:15:11.024+0000] {logging_mixin.py:115} INFO - [2024-10-30T16:15:11.024+0000] {dag.py:2981} INFO - Setting next_dagrun for example_branch_datetime_operator_2 to 2024-10-29T00:00:00+00:00, run_after=2024-10-30T00:00:00+00:00
[2024-10-30T16:15:11.034+0000] {processor.py:161} INFO - Processing /home/airflow/.local/lib/python3.7/site-packages/airflow/example_dags/example_branch_datetime_operator.py took 0.063 seconds
[2024-10-30T16:15:41.510+0000] {processor.py:153} INFO - Started process (PID=601) to work on /home/airflow/.local/lib/python3.7/site-packages/airflow/example_dags/example_branch_datetime_operator.py
[2024-10-30T16:15:41.511+0000] {processor.py:640} INFO - Processing file /home/airflow/.local/lib/python3.7/site-packages/airflow/example_dags/example_branch_datetime_operator.py for tasks to queue
[2024-10-30T16:15:41.512+0000] {logging_mixin.py:115} INFO - [2024-10-30T16:15:41.512+0000] {dagbag.py:508} INFO - Filling up the DagBag from /home/airflow/.local/lib/python3.7/site-packages/airflow/example_dags/example_branch_datetime_operator.py
[2024-10-30T16:15:41.521+0000] {processor.py:650} INFO - DAG(s) dict_keys(['example_branch_datetime_operator', 'example_branch_datetime_operator_2']) retrieved from /home/airflow/.local/lib/python3.7/site-packages/airflow/example_dags/example_branch_datetime_operator.py
[2024-10-30T16:15:41.547+0000] {logging_mixin.py:115} INFO - [2024-10-30T16:15:41.546+0000] {dag.py:2429} INFO - Sync 2 DAGs
[2024-10-30T16:15:41.563+0000] {logging_mixin.py:115} INFO - [2024-10-30T16:15:41.562+0000] {dag.py:2981} INFO - Setting next_dagrun for example_branch_datetime_operator to 2024-10-29T00:00:00+00:00, run_after=2024-10-30T00:00:00+00:00
[2024-10-30T16:15:41.564+0000] {logging_mixin.py:115} INFO - [2024-10-30T16:15:41.564+0000] {dag.py:2981} INFO - Setting next_dagrun for example_branch_datetime_operator_2 to 2024-10-29T00:00:00+00:00, run_after=2024-10-30T00:00:00+00:00
[2024-10-30T16:15:41.573+0000] {processor.py:161} INFO - Processing /home/airflow/.local/lib/python3.7/site-packages/airflow/example_dags/example_branch_datetime_operator.py took 0.065 seconds
[2024-10-30T16:16:12.407+0000] {processor.py:153} INFO - Started process (PID=654) to work on /home/airflow/.local/lib/python3.7/site-packages/airflow/example_dags/example_branch_datetime_operator.py
[2024-10-30T16:16:12.408+0000] {processor.py:640} INFO - Processing file /home/airflow/.local/lib/python3.7/site-packages/airflow/example_dags/example_branch_datetime_operator.py for tasks to queue
[2024-10-30T16:16:12.409+0000] {logging_mixin.py:115} INFO - [2024-10-30T16:16:12.408+0000] {dagbag.py:508} INFO - Filling up the DagBag from /home/airflow/.local/lib/python3.7/site-packages/airflow/example_dags/example_branch_datetime_operator.py
[2024-10-30T16:16:12.416+0000] {processor.py:650} INFO - DAG(s) dict_keys(['example_branch_datetime_operator', 'example_branch_datetime_operator_2']) retrieved from /home/airflow/.local/lib/python3.7/site-packages/airflow/example_dags/example_branch_datetime_operator.py
[2024-10-30T16:16:12.438+0000] {logging_mixin.py:115} INFO - [2024-10-30T16:16:12.438+0000] {dag.py:2429} INFO - Sync 2 DAGs
[2024-10-30T16:16:12.456+0000] {logging_mixin.py:115} INFO - [2024-10-30T16:16:12.456+0000] {dag.py:2981} INFO - Setting next_dagrun for example_branch_datetime_operator to 2024-10-29T00:00:00+00:00, run_after=2024-10-30T00:00:00+00:00
[2024-10-30T16:16:12.458+0000] {logging_mixin.py:115} INFO - [2024-10-30T16:16:12.458+0000] {dag.py:2981} INFO - Setting next_dagrun for example_branch_datetime_operator_2 to 2024-10-29T00:00:00+00:00, run_after=2024-10-30T00:00:00+00:00
[2024-10-30T16:16:12.466+0000] {processor.py:161} INFO - Processing /home/airflow/.local/lib/python3.7/site-packages/airflow/example_dags/example_branch_datetime_operator.py took 0.061 seconds
[2024-10-30T16:16:43.059+0000] {processor.py:153} INFO - Started process (PID=716) to work on /home/airflow/.local/lib/python3.7/site-packages/airflow/example_dags/example_branch_datetime_operator.py
[2024-10-30T16:16:43.060+0000] {processor.py:640} INFO - Processing file /home/airflow/.local/lib/python3.7/site-packages/airflow/example_dags/example_branch_datetime_operator.py for tasks to queue
[2024-10-30T16:16:43.061+0000] {logging_mixin.py:115} INFO - [2024-10-30T16:16:43.060+0000] {dagbag.py:508} INFO - Filling up the DagBag from /home/airflow/.local/lib/python3.7/site-packages/airflow/example_dags/example_branch_datetime_operator.py
[2024-10-30T16:16:43.067+0000] {processor.py:650} INFO - DAG(s) dict_keys(['example_branch_datetime_operator', 'example_branch_datetime_operator_2']) retrieved from /home/airflow/.local/lib/python3.7/site-packages/airflow/example_dags/example_branch_datetime_operator.py
[2024-10-30T16:16:43.086+0000] {logging_mixin.py:115} INFO - [2024-10-30T16:16:43.086+0000] {dag.py:2429} INFO - Sync 2 DAGs
[2024-10-30T16:16:43.103+0000] {logging_mixin.py:115} INFO - [2024-10-30T16:16:43.103+0000] {dag.py:2981} INFO - Setting next_dagrun for example_branch_datetime_operator to 2024-10-29T00:00:00+00:00, run_after=2024-10-30T00:00:00+00:00
[2024-10-30T16:16:43.105+0000] {logging_mixin.py:115} INFO - [2024-10-30T16:16:43.105+0000] {dag.py:2981} INFO - Setting next_dagrun for example_branch_datetime_operator_2 to 2024-10-29T00:00:00+00:00, run_after=2024-10-30T00:00:00+00:00
[2024-10-30T16:16:43.113+0000] {processor.py:161} INFO - Processing /home/airflow/.local/lib/python3.7/site-packages/airflow/example_dags/example_branch_datetime_operator.py took 0.056 seconds
[2024-10-30T16:17:13.909+0000] {processor.py:153} INFO - Started process (PID=778) to work on /home/airflow/.local/lib/python3.7/site-packages/airflow/example_dags/example_branch_datetime_operator.py
[2024-10-30T16:17:13.909+0000] {processor.py:640} INFO - Processing file /home/airflow/.local/lib/python3.7/site-packages/airflow/example_dags/example_branch_datetime_operator.py for tasks to queue
[2024-10-30T16:17:13.910+0000] {logging_mixin.py:115} INFO - [2024-10-30T16:17:13.910+0000] {dagbag.py:508} INFO - Filling up the DagBag from /home/airflow/.local/lib/python3.7/site-packages/airflow/example_dags/example_branch_datetime_operator.py
[2024-10-30T16:17:13.917+0000] {processor.py:650} INFO - DAG(s) dict_keys(['example_branch_datetime_operator', 'example_branch_datetime_operator_2']) retrieved from /home/airflow/.local/lib/python3.7/site-packages/airflow/example_dags/example_branch_datetime_operator.py
[2024-10-30T16:17:13.935+0000] {logging_mixin.py:115} INFO - [2024-10-30T16:17:13.935+0000] {dag.py:2429} INFO - Sync 2 DAGs
[2024-10-30T16:17:13.950+0000] {logging_mixin.py:115} INFO - [2024-10-30T16:17:13.950+0000] {dag.py:2981} INFO - Setting next_dagrun for example_branch_datetime_operator to 2024-10-29T00:00:00+00:00, run_after=2024-10-30T00:00:00+00:00
[2024-10-30T16:17:13.952+0000] {logging_mixin.py:115} INFO - [2024-10-30T16:17:13.951+0000] {dag.py:2981} INFO - Setting next_dagrun for example_branch_datetime_operator_2 to 2024-10-29T00:00:00+00:00, run_after=2024-10-30T00:00:00+00:00
[2024-10-30T16:17:13.959+0000] {processor.py:161} INFO - Processing /home/airflow/.local/lib/python3.7/site-packages/airflow/example_dags/example_branch_datetime_operator.py took 0.052 seconds
[2024-10-30T16:17:44.719+0000] {processor.py:153} INFO - Started process (PID=840) to work on /home/airflow/.local/lib/python3.7/site-packages/airflow/example_dags/example_branch_datetime_operator.py
[2024-10-30T16:17:44.720+0000] {processor.py:640} INFO - Processing file /home/airflow/.local/lib/python3.7/site-packages/airflow/example_dags/example_branch_datetime_operator.py for tasks to queue
[2024-10-30T16:17:44.720+0000] {logging_mixin.py:115} INFO - [2024-10-30T16:17:44.720+0000] {dagbag.py:508} INFO - Filling up the DagBag from /home/airflow/.local/lib/python3.7/site-packages/airflow/example_dags/example_branch_datetime_operator.py
[2024-10-30T16:17:44.728+0000] {processor.py:650} INFO - DAG(s) dict_keys(['example_branch_datetime_operator', 'example_branch_datetime_operator_2']) retrieved from /home/airflow/.local/lib/python3.7/site-packages/airflow/example_dags/example_branch_datetime_operator.py
[2024-10-30T16:17:44.751+0000] {logging_mixin.py:115} INFO - [2024-10-30T16:17:44.751+0000] {dag.py:2429} INFO - Sync 2 DAGs
[2024-10-30T16:17:44.768+0000] {logging_mixin.py:115} INFO - [2024-10-30T16:17:44.768+0000] {dag.py:2981} INFO - Setting next_dagrun for example_branch_datetime_operator to 2024-10-29T00:00:00+00:00, run_after=2024-10-30T00:00:00+00:00
[2024-10-30T16:17:44.770+0000] {logging_mixin.py:115} INFO - [2024-10-30T16:17:44.770+0000] {dag.py:2981} INFO - Setting next_dagrun for example_branch_datetime_operator_2 to 2024-10-29T00:00:00+00:00, run_after=2024-10-30T00:00:00+00:00
[2024-10-30T16:17:44.778+0000] {processor.py:161} INFO - Processing /home/airflow/.local/lib/python3.7/site-packages/airflow/example_dags/example_branch_datetime_operator.py took 0.061 seconds
[2024-10-30T16:18:15.197+0000] {processor.py:153} INFO - Started process (PID=893) to work on /home/airflow/.local/lib/python3.7/site-packages/airflow/example_dags/example_branch_datetime_operator.py
[2024-10-30T16:18:15.197+0000] {processor.py:640} INFO - Processing file /home/airflow/.local/lib/python3.7/site-packages/airflow/example_dags/example_branch_datetime_operator.py for tasks to queue
[2024-10-30T16:18:15.198+0000] {logging_mixin.py:115} INFO - [2024-10-30T16:18:15.198+0000] {dagbag.py:508} INFO - Filling up the DagBag from /home/airflow/.local/lib/python3.7/site-packages/airflow/example_dags/example_branch_datetime_operator.py
[2024-10-30T16:18:15.204+0000] {processor.py:650} INFO - DAG(s) dict_keys(['example_branch_datetime_operator', 'example_branch_datetime_operator_2']) retrieved from /home/airflow/.local/lib/python3.7/site-packages/airflow/example_dags/example_branch_datetime_operator.py
[2024-10-30T16:18:15.221+0000] {logging_mixin.py:115} INFO - [2024-10-30T16:18:15.221+0000] {dag.py:2429} INFO - Sync 2 DAGs
[2024-10-30T16:18:15.235+0000] {logging_mixin.py:115} INFO - [2024-10-30T16:18:15.235+0000] {dag.py:2981} INFO - Setting next_dagrun for example_branch_datetime_operator to 2024-10-29T00:00:00+00:00, run_after=2024-10-30T00:00:00+00:00
[2024-10-30T16:18:15.237+0000] {logging_mixin.py:115} INFO - [2024-10-30T16:18:15.237+0000] {dag.py:2981} INFO - Setting next_dagrun for example_branch_datetime_operator_2 to 2024-10-29T00:00:00+00:00, run_after=2024-10-30T00:00:00+00:00
[2024-10-30T16:18:15.244+0000] {processor.py:161} INFO - Processing /home/airflow/.local/lib/python3.7/site-packages/airflow/example_dags/example_branch_datetime_operator.py took 0.049 seconds
[2024-10-30T16:18:45.743+0000] {processor.py:153} INFO - Started process (PID=955) to work on /home/airflow/.local/lib/python3.7/site-packages/airflow/example_dags/example_branch_datetime_operator.py
[2024-10-30T16:18:45.744+0000] {processor.py:640} INFO - Processing file /home/airflow/.local/lib/python3.7/site-packages/airflow/example_dags/example_branch_datetime_operator.py for tasks to queue
[2024-10-30T16:18:45.744+0000] {logging_mixin.py:115} INFO - [2024-10-30T16:18:45.744+0000] {dagbag.py:508} INFO - Filling up the DagBag from /home/airflow/.local/lib/python3.7/site-packages/airflow/example_dags/example_branch_datetime_operator.py
[2024-10-30T16:18:45.753+0000] {processor.py:650} INFO - DAG(s) dict_keys(['example_branch_datetime_operator', 'example_branch_datetime_operator_2']) retrieved from /home/airflow/.local/lib/python3.7/site-packages/airflow/example_dags/example_branch_datetime_operator.py
[2024-10-30T16:18:45.773+0000] {logging_mixin.py:115} INFO - [2024-10-30T16:18:45.773+0000] {dag.py:2429} INFO - Sync 2 DAGs
[2024-10-30T16:18:45.790+0000] {logging_mixin.py:115} INFO - [2024-10-30T16:18:45.789+0000] {dag.py:2981} INFO - Setting next_dagrun for example_branch_datetime_operator to 2024-10-29T00:00:00+00:00, run_after=2024-10-30T00:00:00+00:00
[2024-10-30T16:18:45.791+0000] {logging_mixin.py:115} INFO - [2024-10-30T16:18:45.791+0000] {dag.py:2981} INFO - Setting next_dagrun for example_branch_datetime_operator_2 to 2024-10-29T00:00:00+00:00, run_after=2024-10-30T00:00:00+00:00
[2024-10-30T16:18:45.799+0000] {processor.py:161} INFO - Processing /home/airflow/.local/lib/python3.7/site-packages/airflow/example_dags/example_branch_datetime_operator.py took 0.057 seconds
[2024-10-30T16:19:16.339+0000] {processor.py:153} INFO - Started process (PID=1017) to work on /home/airflow/.local/lib/python3.7/site-packages/airflow/example_dags/example_branch_datetime_operator.py
[2024-10-30T16:19:16.340+0000] {processor.py:640} INFO - Processing file /home/airflow/.local/lib/python3.7/site-packages/airflow/example_dags/example_branch_datetime_operator.py for tasks to queue
[2024-10-30T16:19:16.340+0000] {logging_mixin.py:115} INFO - [2024-10-30T16:19:16.340+0000] {dagbag.py:508} INFO - Filling up the DagBag from /home/airflow/.local/lib/python3.7/site-packages/airflow/example_dags/example_branch_datetime_operator.py
[2024-10-30T16:19:16.346+0000] {processor.py:650} INFO - DAG(s) dict_keys(['example_branch_datetime_operator', 'example_branch_datetime_operator_2']) retrieved from /home/airflow/.local/lib/python3.7/site-packages/airflow/example_dags/example_branch_datetime_operator.py
[2024-10-30T16:19:16.363+0000] {logging_mixin.py:115} INFO - [2024-10-30T16:19:16.363+0000] {dag.py:2429} INFO - Sync 2 DAGs
[2024-10-30T16:19:16.377+0000] {logging_mixin.py:115} INFO - [2024-10-30T16:19:16.377+0000] {dag.py:2981} INFO - Setting next_dagrun for example_branch_datetime_operator to 2024-10-29T00:00:00+00:00, run_after=2024-10-30T00:00:00+00:00
[2024-10-30T16:19:16.379+0000] {logging_mixin.py:115} INFO - [2024-10-30T16:19:16.379+0000] {dag.py:2981} INFO - Setting next_dagrun for example_branch_datetime_operator_2 to 2024-10-29T00:00:00+00:00, run_after=2024-10-30T00:00:00+00:00
[2024-10-30T16:19:16.387+0000] {processor.py:161} INFO - Processing /home/airflow/.local/lib/python3.7/site-packages/airflow/example_dags/example_branch_datetime_operator.py took 0.050 seconds
[2024-10-30T16:19:47.058+0000] {processor.py:153} INFO - Started process (PID=1079) to work on /home/airflow/.local/lib/python3.7/site-packages/airflow/example_dags/example_branch_datetime_operator.py
[2024-10-30T16:19:47.059+0000] {processor.py:640} INFO - Processing file /home/airflow/.local/lib/python3.7/site-packages/airflow/example_dags/example_branch_datetime_operator.py for tasks to queue
[2024-10-30T16:19:47.059+0000] {logging_mixin.py:115} INFO - [2024-10-30T16:19:47.059+0000] {dagbag.py:508} INFO - Filling up the DagBag from /home/airflow/.local/lib/python3.7/site-packages/airflow/example_dags/example_branch_datetime_operator.py
[2024-10-30T16:19:47.065+0000] {processor.py:650} INFO - DAG(s) dict_keys(['example_branch_datetime_operator', 'example_branch_datetime_operator_2']) retrieved from /home/airflow/.local/lib/python3.7/site-packages/airflow/example_dags/example_branch_datetime_operator.py
[2024-10-30T16:19:47.085+0000] {logging_mixin.py:115} INFO - [2024-10-30T16:19:47.085+0000] {dag.py:2429} INFO - Sync 2 DAGs
[2024-10-30T16:19:47.105+0000] {logging_mixin.py:115} INFO - [2024-10-30T16:19:47.105+0000] {dag.py:2981} INFO - Setting next_dagrun for example_branch_datetime_operator to 2024-10-29T00:00:00+00:00, run_after=2024-10-30T00:00:00+00:00
[2024-10-30T16:19:47.106+0000] {logging_mixin.py:115} INFO - [2024-10-30T16:19:47.106+0000] {dag.py:2981} INFO - Setting next_dagrun for example_branch_datetime_operator_2 to 2024-10-29T00:00:00+00:00, run_after=2024-10-30T00:00:00+00:00
[2024-10-30T16:19:47.115+0000] {processor.py:161} INFO - Processing /home/airflow/.local/lib/python3.7/site-packages/airflow/example_dags/example_branch_datetime_operator.py took 0.059 seconds
[2024-10-30T16:20:17.594+0000] {processor.py:153} INFO - Started process (PID=1132) to work on /home/airflow/.local/lib/python3.7/site-packages/airflow/example_dags/example_branch_datetime_operator.py
[2024-10-30T16:20:17.594+0000] {processor.py:640} INFO - Processing file /home/airflow/.local/lib/python3.7/site-packages/airflow/example_dags/example_branch_datetime_operator.py for tasks to queue
[2024-10-30T16:20:17.595+0000] {logging_mixin.py:115} INFO - [2024-10-30T16:20:17.595+0000] {dagbag.py:508} INFO - Filling up the DagBag from /home/airflow/.local/lib/python3.7/site-packages/airflow/example_dags/example_branch_datetime_operator.py
[2024-10-30T16:20:17.602+0000] {processor.py:650} INFO - DAG(s) dict_keys(['example_branch_datetime_operator', 'example_branch_datetime_operator_2']) retrieved from /home/airflow/.local/lib/python3.7/site-packages/airflow/example_dags/example_branch_datetime_operator.py
[2024-10-30T16:20:17.622+0000] {logging_mixin.py:115} INFO - [2024-10-30T16:20:17.622+0000] {dag.py:2429} INFO - Sync 2 DAGs
[2024-10-30T16:20:17.638+0000] {logging_mixin.py:115} INFO - [2024-10-30T16:20:17.638+0000] {dag.py:2981} INFO - Setting next_dagrun for example_branch_datetime_operator to 2024-10-29T00:00:00+00:00, run_after=2024-10-30T00:00:00+00:00
[2024-10-30T16:20:17.640+0000] {logging_mixin.py:115} INFO - [2024-10-30T16:20:17.640+0000] {dag.py:2981} INFO - Setting next_dagrun for example_branch_datetime_operator_2 to 2024-10-29T00:00:00+00:00, run_after=2024-10-30T00:00:00+00:00
[2024-10-30T16:20:17.648+0000] {processor.py:161} INFO - Processing /home/airflow/.local/lib/python3.7/site-packages/airflow/example_dags/example_branch_datetime_operator.py took 0.056 seconds
[2024-10-30T16:20:48.203+0000] {processor.py:153} INFO - Started process (PID=1194) to work on /home/airflow/.local/lib/python3.7/site-packages/airflow/example_dags/example_branch_datetime_operator.py
[2024-10-30T16:20:48.204+0000] {processor.py:640} INFO - Processing file /home/airflow/.local/lib/python3.7/site-packages/airflow/example_dags/example_branch_datetime_operator.py for tasks to queue
[2024-10-30T16:20:48.205+0000] {logging_mixin.py:115} INFO - [2024-10-30T16:20:48.204+0000] {dagbag.py:508} INFO - Filling up the DagBag from /home/airflow/.local/lib/python3.7/site-packages/airflow/example_dags/example_branch_datetime_operator.py
[2024-10-30T16:20:48.210+0000] {processor.py:650} INFO - DAG(s) dict_keys(['example_branch_datetime_operator', 'example_branch_datetime_operator_2']) retrieved from /home/airflow/.local/lib/python3.7/site-packages/airflow/example_dags/example_branch_datetime_operator.py
[2024-10-30T16:20:48.228+0000] {logging_mixin.py:115} INFO - [2024-10-30T16:20:48.227+0000] {dag.py:2429} INFO - Sync 2 DAGs
[2024-10-30T16:20:48.243+0000] {logging_mixin.py:115} INFO - [2024-10-30T16:20:48.243+0000] {dag.py:2981} INFO - Setting next_dagrun for example_branch_datetime_operator to 2024-10-29T00:00:00+00:00, run_after=2024-10-30T00:00:00+00:00
[2024-10-30T16:20:48.244+0000] {logging_mixin.py:115} INFO - [2024-10-30T16:20:48.244+0000] {dag.py:2981} INFO - Setting next_dagrun for example_branch_datetime_operator_2 to 2024-10-29T00:00:00+00:00, run_after=2024-10-30T00:00:00+00:00
[2024-10-30T16:20:48.253+0000] {processor.py:161} INFO - Processing /home/airflow/.local/lib/python3.7/site-packages/airflow/example_dags/example_branch_datetime_operator.py took 0.052 seconds
[2024-10-30T16:21:18.616+0000] {processor.py:153} INFO - Started process (PID=1256) to work on /home/airflow/.local/lib/python3.7/site-packages/airflow/example_dags/example_branch_datetime_operator.py
[2024-10-30T16:21:18.617+0000] {processor.py:640} INFO - Processing file /home/airflow/.local/lib/python3.7/site-packages/airflow/example_dags/example_branch_datetime_operator.py for tasks to queue
[2024-10-30T16:21:18.618+0000] {logging_mixin.py:115} INFO - [2024-10-30T16:21:18.617+0000] {dagbag.py:508} INFO - Filling up the DagBag from /home/airflow/.local/lib/python3.7/site-packages/airflow/example_dags/example_branch_datetime_operator.py
[2024-10-30T16:21:18.624+0000] {processor.py:650} INFO - DAG(s) dict_keys(['example_branch_datetime_operator', 'example_branch_datetime_operator_2']) retrieved from /home/airflow/.local/lib/python3.7/site-packages/airflow/example_dags/example_branch_datetime_operator.py
[2024-10-30T16:21:18.643+0000] {logging_mixin.py:115} INFO - [2024-10-30T16:21:18.643+0000] {dag.py:2429} INFO - Sync 2 DAGs
[2024-10-30T16:21:18.658+0000] {logging_mixin.py:115} INFO - [2024-10-30T16:21:18.658+0000] {dag.py:2981} INFO - Setting next_dagrun for example_branch_datetime_operator to 2024-10-29T00:00:00+00:00, run_after=2024-10-30T00:00:00+00:00
[2024-10-30T16:21:18.660+0000] {logging_mixin.py:115} INFO - [2024-10-30T16:21:18.660+0000] {dag.py:2981} INFO - Setting next_dagrun for example_branch_datetime_operator_2 to 2024-10-29T00:00:00+00:00, run_after=2024-10-30T00:00:00+00:00
[2024-10-30T16:21:18.668+0000] {processor.py:161} INFO - Processing /home/airflow/.local/lib/python3.7/site-packages/airflow/example_dags/example_branch_datetime_operator.py took 0.054 seconds
[2024-10-30T16:21:49.089+0000] {processor.py:153} INFO - Started process (PID=1318) to work on /home/airflow/.local/lib/python3.7/site-packages/airflow/example_dags/example_branch_datetime_operator.py
[2024-10-30T16:21:49.090+0000] {processor.py:640} INFO - Processing file /home/airflow/.local/lib/python3.7/site-packages/airflow/example_dags/example_branch_datetime_operator.py for tasks to queue
[2024-10-30T16:21:49.091+0000] {logging_mixin.py:115} INFO - [2024-10-30T16:21:49.090+0000] {dagbag.py:508} INFO - Filling up the DagBag from /home/airflow/.local/lib/python3.7/site-packages/airflow/example_dags/example_branch_datetime_operator.py
[2024-10-30T16:21:49.099+0000] {processor.py:650} INFO - DAG(s) dict_keys(['example_branch_datetime_operator', 'example_branch_datetime_operator_2']) retrieved from /home/airflow/.local/lib/python3.7/site-packages/airflow/example_dags/example_branch_datetime_operator.py
[2024-10-30T16:21:49.125+0000] {logging_mixin.py:115} INFO - [2024-10-30T16:21:49.124+0000] {dag.py:2429} INFO - Sync 2 DAGs
[2024-10-30T16:21:49.145+0000] {logging_mixin.py:115} INFO - [2024-10-30T16:21:49.144+0000] {dag.py:2981} INFO - Setting next_dagrun for example_branch_datetime_operator to 2024-10-29T00:00:00+00:00, run_after=2024-10-30T00:00:00+00:00
[2024-10-30T16:21:49.146+0000] {logging_mixin.py:115} INFO - [2024-10-30T16:21:49.146+0000] {dag.py:2981} INFO - Setting next_dagrun for example_branch_datetime_operator_2 to 2024-10-29T00:00:00+00:00, run_after=2024-10-30T00:00:00+00:00
[2024-10-30T16:21:49.158+0000] {processor.py:161} INFO - Processing /home/airflow/.local/lib/python3.7/site-packages/airflow/example_dags/example_branch_datetime_operator.py took 0.071 seconds
[2024-10-30T16:22:19.966+0000] {processor.py:153} INFO - Started process (PID=1371) to work on /home/airflow/.local/lib/python3.7/site-packages/airflow/example_dags/example_branch_datetime_operator.py
[2024-10-30T16:22:19.966+0000] {processor.py:640} INFO - Processing file /home/airflow/.local/lib/python3.7/site-packages/airflow/example_dags/example_branch_datetime_operator.py for tasks to queue
[2024-10-30T16:22:19.967+0000] {logging_mixin.py:115} INFO - [2024-10-30T16:22:19.967+0000] {dagbag.py:508} INFO - Filling up the DagBag from /home/airflow/.local/lib/python3.7/site-packages/airflow/example_dags/example_branch_datetime_operator.py
[2024-10-30T16:22:19.974+0000] {processor.py:650} INFO - DAG(s) dict_keys(['example_branch_datetime_operator', 'example_branch_datetime_operator_2']) retrieved from /home/airflow/.local/lib/python3.7/site-packages/airflow/example_dags/example_branch_datetime_operator.py
[2024-10-30T16:22:19.991+0000] {logging_mixin.py:115} INFO - [2024-10-30T16:22:19.991+0000] {dag.py:2429} INFO - Sync 2 DAGs
[2024-10-30T16:22:20.005+0000] {logging_mixin.py:115} INFO - [2024-10-30T16:22:20.004+0000] {dag.py:2981} INFO - Setting next_dagrun for example_branch_datetime_operator to 2024-10-29T00:00:00+00:00, run_after=2024-10-30T00:00:00+00:00
[2024-10-30T16:22:20.006+0000] {logging_mixin.py:115} INFO - [2024-10-30T16:22:20.006+0000] {dag.py:2981} INFO - Setting next_dagrun for example_branch_datetime_operator_2 to 2024-10-29T00:00:00+00:00, run_after=2024-10-30T00:00:00+00:00
[2024-10-30T16:22:20.013+0000] {processor.py:161} INFO - Processing /home/airflow/.local/lib/python3.7/site-packages/airflow/example_dags/example_branch_datetime_operator.py took 0.049 seconds
[2024-10-30T16:22:50.670+0000] {processor.py:153} INFO - Started process (PID=1433) to work on /home/airflow/.local/lib/python3.7/site-packages/airflow/example_dags/example_branch_datetime_operator.py
[2024-10-30T16:22:50.671+0000] {processor.py:640} INFO - Processing file /home/airflow/.local/lib/python3.7/site-packages/airflow/example_dags/example_branch_datetime_operator.py for tasks to queue
[2024-10-30T16:22:50.672+0000] {logging_mixin.py:115} INFO - [2024-10-30T16:22:50.672+0000] {dagbag.py:508} INFO - Filling up the DagBag from /home/airflow/.local/lib/python3.7/site-packages/airflow/example_dags/example_branch_datetime_operator.py
[2024-10-30T16:22:50.678+0000] {processor.py:650} INFO - DAG(s) dict_keys(['example_branch_datetime_operator', 'example_branch_datetime_operator_2']) retrieved from /home/airflow/.local/lib/python3.7/site-packages/airflow/example_dags/example_branch_datetime_operator.py
[2024-10-30T16:22:50.696+0000] {logging_mixin.py:115} INFO - [2024-10-30T16:22:50.696+0000] {dag.py:2429} INFO - Sync 2 DAGs
[2024-10-30T16:22:50.711+0000] {logging_mixin.py:115} INFO - [2024-10-30T16:22:50.711+0000] {dag.py:2981} INFO - Setting next_dagrun for example_branch_datetime_operator to 2024-10-29T00:00:00+00:00, run_after=2024-10-30T00:00:00+00:00
[2024-10-30T16:22:50.712+0000] {logging_mixin.py:115} INFO - [2024-10-30T16:22:50.712+0000] {dag.py:2981} INFO - Setting next_dagrun for example_branch_datetime_operator_2 to 2024-10-29T00:00:00+00:00, run_after=2024-10-30T00:00:00+00:00
[2024-10-30T16:22:50.720+0000] {processor.py:161} INFO - Processing /home/airflow/.local/lib/python3.7/site-packages/airflow/example_dags/example_branch_datetime_operator.py took 0.052 seconds
[2024-10-30T16:23:21.167+0000] {processor.py:153} INFO - Started process (PID=1495) to work on /home/airflow/.local/lib/python3.7/site-packages/airflow/example_dags/example_branch_datetime_operator.py
[2024-10-30T16:23:21.168+0000] {processor.py:640} INFO - Processing file /home/airflow/.local/lib/python3.7/site-packages/airflow/example_dags/example_branch_datetime_operator.py for tasks to queue
[2024-10-30T16:23:21.169+0000] {logging_mixin.py:115} INFO - [2024-10-30T16:23:21.169+0000] {dagbag.py:508} INFO - Filling up the DagBag from /home/airflow/.local/lib/python3.7/site-packages/airflow/example_dags/example_branch_datetime_operator.py
[2024-10-30T16:23:21.177+0000] {processor.py:650} INFO - DAG(s) dict_keys(['example_branch_datetime_operator', 'example_branch_datetime_operator_2']) retrieved from /home/airflow/.local/lib/python3.7/site-packages/airflow/example_dags/example_branch_datetime_operator.py
[2024-10-30T16:23:21.197+0000] {logging_mixin.py:115} INFO - [2024-10-30T16:23:21.196+0000] {dag.py:2429} INFO - Sync 2 DAGs
[2024-10-30T16:23:21.211+0000] {logging_mixin.py:115} INFO - [2024-10-30T16:23:21.211+0000] {dag.py:2981} INFO - Setting next_dagrun for example_branch_datetime_operator to 2024-10-29T00:00:00+00:00, run_after=2024-10-30T00:00:00+00:00
[2024-10-30T16:23:21.213+0000] {logging_mixin.py:115} INFO - [2024-10-30T16:23:21.213+0000] {dag.py:2981} INFO - Setting next_dagrun for example_branch_datetime_operator_2 to 2024-10-29T00:00:00+00:00, run_after=2024-10-30T00:00:00+00:00
[2024-10-30T16:23:21.221+0000] {processor.py:161} INFO - Processing /home/airflow/.local/lib/python3.7/site-packages/airflow/example_dags/example_branch_datetime_operator.py took 0.056 seconds
[2024-10-30T16:23:51.915+0000] {processor.py:153} INFO - Started process (PID=1557) to work on /home/airflow/.local/lib/python3.7/site-packages/airflow/example_dags/example_branch_datetime_operator.py
[2024-10-30T16:23:51.916+0000] {processor.py:640} INFO - Processing file /home/airflow/.local/lib/python3.7/site-packages/airflow/example_dags/example_branch_datetime_operator.py for tasks to queue
[2024-10-30T16:23:51.916+0000] {logging_mixin.py:115} INFO - [2024-10-30T16:23:51.916+0000] {dagbag.py:508} INFO - Filling up the DagBag from /home/airflow/.local/lib/python3.7/site-packages/airflow/example_dags/example_branch_datetime_operator.py
[2024-10-30T16:23:51.925+0000] {processor.py:650} INFO - DAG(s) dict_keys(['example_branch_datetime_operator', 'example_branch_datetime_operator_2']) retrieved from /home/airflow/.local/lib/python3.7/site-packages/airflow/example_dags/example_branch_datetime_operator.py
[2024-10-30T16:23:51.948+0000] {logging_mixin.py:115} INFO - [2024-10-30T16:23:51.948+0000] {dag.py:2429} INFO - Sync 2 DAGs
[2024-10-30T16:23:51.968+0000] {logging_mixin.py:115} INFO - [2024-10-30T16:23:51.967+0000] {dag.py:2981} INFO - Setting next_dagrun for example_branch_datetime_operator to 2024-10-29T00:00:00+00:00, run_after=2024-10-30T00:00:00+00:00
[2024-10-30T16:23:51.970+0000] {logging_mixin.py:115} INFO - [2024-10-30T16:23:51.970+0000] {dag.py:2981} INFO - Setting next_dagrun for example_branch_datetime_operator_2 to 2024-10-29T00:00:00+00:00, run_after=2024-10-30T00:00:00+00:00
[2024-10-30T16:23:51.978+0000] {processor.py:161} INFO - Processing /home/airflow/.local/lib/python3.7/site-packages/airflow/example_dags/example_branch_datetime_operator.py took 0.066 seconds
[2024-10-30T16:24:22.564+0000] {processor.py:153} INFO - Started process (PID=1610) to work on /home/airflow/.local/lib/python3.7/site-packages/airflow/example_dags/example_branch_datetime_operator.py
[2024-10-30T16:24:22.564+0000] {processor.py:640} INFO - Processing file /home/airflow/.local/lib/python3.7/site-packages/airflow/example_dags/example_branch_datetime_operator.py for tasks to queue
[2024-10-30T16:24:22.565+0000] {logging_mixin.py:115} INFO - [2024-10-30T16:24:22.565+0000] {dagbag.py:508} INFO - Filling up the DagBag from /home/airflow/.local/lib/python3.7/site-packages/airflow/example_dags/example_branch_datetime_operator.py
[2024-10-30T16:24:22.575+0000] {processor.py:650} INFO - DAG(s) dict_keys(['example_branch_datetime_operator', 'example_branch_datetime_operator_2']) retrieved from /home/airflow/.local/lib/python3.7/site-packages/airflow/example_dags/example_branch_datetime_operator.py
[2024-10-30T16:24:22.600+0000] {logging_mixin.py:115} INFO - [2024-10-30T16:24:22.599+0000] {dag.py:2429} INFO - Sync 2 DAGs
[2024-10-30T16:24:22.618+0000] {logging_mixin.py:115} INFO - [2024-10-30T16:24:22.618+0000] {dag.py:2981} INFO - Setting next_dagrun for example_branch_datetime_operator to 2024-10-29T00:00:00+00:00, run_after=2024-10-30T00:00:00+00:00
[2024-10-30T16:24:22.620+0000] {logging_mixin.py:115} INFO - [2024-10-30T16:24:22.620+0000] {dag.py:2981} INFO - Setting next_dagrun for example_branch_datetime_operator_2 to 2024-10-29T00:00:00+00:00, run_after=2024-10-30T00:00:00+00:00
[2024-10-30T16:24:22.628+0000] {processor.py:161} INFO - Processing /home/airflow/.local/lib/python3.7/site-packages/airflow/example_dags/example_branch_datetime_operator.py took 0.067 seconds
[2024-10-30T16:24:53.554+0000] {processor.py:153} INFO - Started process (PID=1673) to work on /home/airflow/.local/lib/python3.7/site-packages/airflow/example_dags/example_branch_datetime_operator.py
[2024-10-30T16:24:53.555+0000] {processor.py:640} INFO - Processing file /home/airflow/.local/lib/python3.7/site-packages/airflow/example_dags/example_branch_datetime_operator.py for tasks to queue
[2024-10-30T16:24:53.556+0000] {logging_mixin.py:115} INFO - [2024-10-30T16:24:53.555+0000] {dagbag.py:508} INFO - Filling up the DagBag from /home/airflow/.local/lib/python3.7/site-packages/airflow/example_dags/example_branch_datetime_operator.py
[2024-10-30T16:24:53.562+0000] {processor.py:650} INFO - DAG(s) dict_keys(['example_branch_datetime_operator', 'example_branch_datetime_operator_2']) retrieved from /home/airflow/.local/lib/python3.7/site-packages/airflow/example_dags/example_branch_datetime_operator.py
[2024-10-30T16:24:53.583+0000] {logging_mixin.py:115} INFO - [2024-10-30T16:24:53.583+0000] {dag.py:2429} INFO - Sync 2 DAGs
[2024-10-30T16:24:53.599+0000] {logging_mixin.py:115} INFO - [2024-10-30T16:24:53.599+0000] {dag.py:2981} INFO - Setting next_dagrun for example_branch_datetime_operator to 2024-10-29T00:00:00+00:00, run_after=2024-10-30T00:00:00+00:00
[2024-10-30T16:24:53.600+0000] {logging_mixin.py:115} INFO - [2024-10-30T16:24:53.600+0000] {dag.py:2981} INFO - Setting next_dagrun for example_branch_datetime_operator_2 to 2024-10-29T00:00:00+00:00, run_after=2024-10-30T00:00:00+00:00
[2024-10-30T16:24:53.609+0000] {processor.py:161} INFO - Processing /home/airflow/.local/lib/python3.7/site-packages/airflow/example_dags/example_branch_datetime_operator.py took 0.056 seconds
[2024-10-30T16:25:24.272+0000] {processor.py:153} INFO - Started process (PID=1735) to work on /home/airflow/.local/lib/python3.7/site-packages/airflow/example_dags/example_branch_datetime_operator.py
[2024-10-30T16:25:24.273+0000] {processor.py:640} INFO - Processing file /home/airflow/.local/lib/python3.7/site-packages/airflow/example_dags/example_branch_datetime_operator.py for tasks to queue
[2024-10-30T16:25:24.273+0000] {logging_mixin.py:115} INFO - [2024-10-30T16:25:24.273+0000] {dagbag.py:508} INFO - Filling up the DagBag from /home/airflow/.local/lib/python3.7/site-packages/airflow/example_dags/example_branch_datetime_operator.py
[2024-10-30T16:25:24.280+0000] {processor.py:650} INFO - DAG(s) dict_keys(['example_branch_datetime_operator', 'example_branch_datetime_operator_2']) retrieved from /home/airflow/.local/lib/python3.7/site-packages/airflow/example_dags/example_branch_datetime_operator.py
[2024-10-30T16:25:24.300+0000] {logging_mixin.py:115} INFO - [2024-10-30T16:25:24.300+0000] {dag.py:2429} INFO - Sync 2 DAGs
[2024-10-30T16:25:24.319+0000] {logging_mixin.py:115} INFO - [2024-10-30T16:25:24.318+0000] {dag.py:2981} INFO - Setting next_dagrun for example_branch_datetime_operator to 2024-10-29T00:00:00+00:00, run_after=2024-10-30T00:00:00+00:00
[2024-10-30T16:25:24.320+0000] {logging_mixin.py:115} INFO - [2024-10-30T16:25:24.320+0000] {dag.py:2981} INFO - Setting next_dagrun for example_branch_datetime_operator_2 to 2024-10-29T00:00:00+00:00, run_after=2024-10-30T00:00:00+00:00
[2024-10-30T16:25:24.329+0000] {processor.py:161} INFO - Processing /home/airflow/.local/lib/python3.7/site-packages/airflow/example_dags/example_branch_datetime_operator.py took 0.060 seconds
[2024-10-30T16:25:54.823+0000] {processor.py:153} INFO - Started process (PID=1798) to work on /home/airflow/.local/lib/python3.7/site-packages/airflow/example_dags/example_branch_datetime_operator.py
[2024-10-30T16:25:54.824+0000] {processor.py:640} INFO - Processing file /home/airflow/.local/lib/python3.7/site-packages/airflow/example_dags/example_branch_datetime_operator.py for tasks to queue
[2024-10-30T16:25:54.825+0000] {logging_mixin.py:115} INFO - [2024-10-30T16:25:54.825+0000] {dagbag.py:508} INFO - Filling up the DagBag from /home/airflow/.local/lib/python3.7/site-packages/airflow/example_dags/example_branch_datetime_operator.py
[2024-10-30T16:25:54.837+0000] {processor.py:650} INFO - DAG(s) dict_keys(['example_branch_datetime_operator', 'example_branch_datetime_operator_2']) retrieved from /home/airflow/.local/lib/python3.7/site-packages/airflow/example_dags/example_branch_datetime_operator.py
[2024-10-30T16:25:54.869+0000] {logging_mixin.py:115} INFO - [2024-10-30T16:25:54.868+0000] {dag.py:2429} INFO - Sync 2 DAGs
[2024-10-30T16:25:54.895+0000] {logging_mixin.py:115} INFO - [2024-10-30T16:25:54.895+0000] {dag.py:2981} INFO - Setting next_dagrun for example_branch_datetime_operator to 2024-10-29T00:00:00+00:00, run_after=2024-10-30T00:00:00+00:00
[2024-10-30T16:25:54.897+0000] {logging_mixin.py:115} INFO - [2024-10-30T16:25:54.897+0000] {dag.py:2981} INFO - Setting next_dagrun for example_branch_datetime_operator_2 to 2024-10-29T00:00:00+00:00, run_after=2024-10-30T00:00:00+00:00
[2024-10-30T16:25:54.912+0000] {processor.py:161} INFO - Processing /home/airflow/.local/lib/python3.7/site-packages/airflow/example_dags/example_branch_datetime_operator.py took 0.092 seconds
[2024-10-30T16:26:25.854+0000] {processor.py:153} INFO - Started process (PID=1853) to work on /home/airflow/.local/lib/python3.7/site-packages/airflow/example_dags/example_branch_datetime_operator.py
[2024-10-30T16:26:25.855+0000] {processor.py:640} INFO - Processing file /home/airflow/.local/lib/python3.7/site-packages/airflow/example_dags/example_branch_datetime_operator.py for tasks to queue
[2024-10-30T16:26:25.855+0000] {logging_mixin.py:115} INFO - [2024-10-30T16:26:25.855+0000] {dagbag.py:508} INFO - Filling up the DagBag from /home/airflow/.local/lib/python3.7/site-packages/airflow/example_dags/example_branch_datetime_operator.py
[2024-10-30T16:26:25.861+0000] {processor.py:650} INFO - DAG(s) dict_keys(['example_branch_datetime_operator', 'example_branch_datetime_operator_2']) retrieved from /home/airflow/.local/lib/python3.7/site-packages/airflow/example_dags/example_branch_datetime_operator.py
[2024-10-30T16:26:25.880+0000] {logging_mixin.py:115} INFO - [2024-10-30T16:26:25.880+0000] {dag.py:2429} INFO - Sync 2 DAGs
[2024-10-30T16:26:25.906+0000] {logging_mixin.py:115} INFO - [2024-10-30T16:26:25.905+0000] {dag.py:2981} INFO - Setting next_dagrun for example_branch_datetime_operator to 2024-10-29T00:00:00+00:00, run_after=2024-10-30T00:00:00+00:00
[2024-10-30T16:26:25.909+0000] {logging_mixin.py:115} INFO - [2024-10-30T16:26:25.908+0000] {dag.py:2981} INFO - Setting next_dagrun for example_branch_datetime_operator_2 to 2024-10-29T00:00:00+00:00, run_after=2024-10-30T00:00:00+00:00
[2024-10-30T16:26:25.921+0000] {processor.py:161} INFO - Processing /home/airflow/.local/lib/python3.7/site-packages/airflow/example_dags/example_branch_datetime_operator.py took 0.070 seconds
[2024-10-30T16:26:56.570+0000] {processor.py:153} INFO - Started process (PID=1917) to work on /home/airflow/.local/lib/python3.7/site-packages/airflow/example_dags/example_branch_datetime_operator.py
[2024-10-30T16:26:56.571+0000] {processor.py:640} INFO - Processing file /home/airflow/.local/lib/python3.7/site-packages/airflow/example_dags/example_branch_datetime_operator.py for tasks to queue
[2024-10-30T16:26:56.572+0000] {logging_mixin.py:115} INFO - [2024-10-30T16:26:56.571+0000] {dagbag.py:508} INFO - Filling up the DagBag from /home/airflow/.local/lib/python3.7/site-packages/airflow/example_dags/example_branch_datetime_operator.py
[2024-10-30T16:26:56.577+0000] {processor.py:650} INFO - DAG(s) dict_keys(['example_branch_datetime_operator', 'example_branch_datetime_operator_2']) retrieved from /home/airflow/.local/lib/python3.7/site-packages/airflow/example_dags/example_branch_datetime_operator.py
[2024-10-30T16:26:56.595+0000] {logging_mixin.py:115} INFO - [2024-10-30T16:26:56.595+0000] {dag.py:2429} INFO - Sync 2 DAGs
[2024-10-30T16:26:56.610+0000] {logging_mixin.py:115} INFO - [2024-10-30T16:26:56.610+0000] {dag.py:2981} INFO - Setting next_dagrun for example_branch_datetime_operator to 2024-10-29T00:00:00+00:00, run_after=2024-10-30T00:00:00+00:00
[2024-10-30T16:26:56.612+0000] {logging_mixin.py:115} INFO - [2024-10-30T16:26:56.612+0000] {dag.py:2981} INFO - Setting next_dagrun for example_branch_datetime_operator_2 to 2024-10-29T00:00:00+00:00, run_after=2024-10-30T00:00:00+00:00
[2024-10-30T16:26:56.620+0000] {processor.py:161} INFO - Processing /home/airflow/.local/lib/python3.7/site-packages/airflow/example_dags/example_branch_datetime_operator.py took 0.051 seconds
