[2024-10-30T16:11:07.035+0000] {processor.py:153} INFO - Started process (PID=75) to work on /home/airflow/.local/lib/python3.7/site-packages/airflow/example_dags/example_kubernetes_executor.py
[2024-10-30T16:11:07.036+0000] {processor.py:640} INFO - Processing file /home/airflow/.local/lib/python3.7/site-packages/airflow/example_dags/example_kubernetes_executor.py for tasks to queue
[2024-10-30T16:11:07.036+0000] {logging_mixin.py:115} INFO - [2024-10-30T16:11:07.036+0000] {dagbag.py:508} INFO - Filling up the DagBag from /home/airflow/.local/lib/python3.7/site-packages/airflow/example_dags/example_kubernetes_executor.py
[2024-10-30T16:11:07.055+0000] {processor.py:650} INFO - DAG(s) dict_keys(['example_kubernetes_executor']) retrieved from /home/airflow/.local/lib/python3.7/site-packages/airflow/example_dags/example_kubernetes_executor.py
[2024-10-30T16:11:07.120+0000] {logging_mixin.py:115} INFO - [2024-10-30T16:11:07.120+0000] {manager.py:508} INFO - Created Permission View: can delete on DAG:example_kubernetes_executor
[2024-10-30T16:11:07.127+0000] {logging_mixin.py:115} INFO - [2024-10-30T16:11:07.127+0000] {manager.py:508} INFO - Created Permission View: can read on DAG:example_kubernetes_executor
[2024-10-30T16:11:07.132+0000] {logging_mixin.py:115} INFO - [2024-10-30T16:11:07.132+0000] {manager.py:508} INFO - Created Permission View: can edit on DAG:example_kubernetes_executor
[2024-10-30T16:11:07.132+0000] {logging_mixin.py:115} INFO - [2024-10-30T16:11:07.132+0000] {dag.py:2429} INFO - Sync 1 DAGs
[2024-10-30T16:11:07.141+0000] {logging_mixin.py:115} INFO - [2024-10-30T16:11:07.141+0000] {dag.py:2448} INFO - Creating ORM DAG for example_kubernetes_executor
[2024-10-30T16:11:07.152+0000] {logging_mixin.py:115} INFO - [2024-10-30T16:11:07.152+0000] {dag.py:2981} INFO - Setting next_dagrun for example_kubernetes_executor to None, run_after=None
[2024-10-30T16:11:07.164+0000] {processor.py:161} INFO - Processing /home/airflow/.local/lib/python3.7/site-packages/airflow/example_dags/example_kubernetes_executor.py took 0.132 seconds
[2024-10-30T16:11:38.010+0000] {processor.py:153} INFO - Started process (PID=137) to work on /home/airflow/.local/lib/python3.7/site-packages/airflow/example_dags/example_kubernetes_executor.py
[2024-10-30T16:11:38.011+0000] {processor.py:640} INFO - Processing file /home/airflow/.local/lib/python3.7/site-packages/airflow/example_dags/example_kubernetes_executor.py for tasks to queue
[2024-10-30T16:11:38.011+0000] {logging_mixin.py:115} INFO - [2024-10-30T16:11:38.011+0000] {dagbag.py:508} INFO - Filling up the DagBag from /home/airflow/.local/lib/python3.7/site-packages/airflow/example_dags/example_kubernetes_executor.py
[2024-10-30T16:11:38.028+0000] {processor.py:650} INFO - DAG(s) dict_keys(['example_kubernetes_executor']) retrieved from /home/airflow/.local/lib/python3.7/site-packages/airflow/example_dags/example_kubernetes_executor.py
[2024-10-30T16:11:38.048+0000] {logging_mixin.py:115} INFO - [2024-10-30T16:11:38.048+0000] {dag.py:2429} INFO - Sync 1 DAGs
[2024-10-30T16:11:38.065+0000] {logging_mixin.py:115} INFO - [2024-10-30T16:11:38.065+0000] {dag.py:2981} INFO - Setting next_dagrun for example_kubernetes_executor to None, run_after=None
[2024-10-30T16:11:38.076+0000] {processor.py:161} INFO - Processing /home/airflow/.local/lib/python3.7/site-packages/airflow/example_dags/example_kubernetes_executor.py took 0.069 seconds
[2024-10-30T16:12:08.612+0000] {processor.py:153} INFO - Started process (PID=199) to work on /home/airflow/.local/lib/python3.7/site-packages/airflow/example_dags/example_kubernetes_executor.py
[2024-10-30T16:12:08.613+0000] {processor.py:640} INFO - Processing file /home/airflow/.local/lib/python3.7/site-packages/airflow/example_dags/example_kubernetes_executor.py for tasks to queue
[2024-10-30T16:12:08.614+0000] {logging_mixin.py:115} INFO - [2024-10-30T16:12:08.614+0000] {dagbag.py:508} INFO - Filling up the DagBag from /home/airflow/.local/lib/python3.7/site-packages/airflow/example_dags/example_kubernetes_executor.py
[2024-10-30T16:12:08.637+0000] {processor.py:650} INFO - DAG(s) dict_keys(['example_kubernetes_executor']) retrieved from /home/airflow/.local/lib/python3.7/site-packages/airflow/example_dags/example_kubernetes_executor.py
[2024-10-30T16:12:08.660+0000] {logging_mixin.py:115} INFO - [2024-10-30T16:12:08.660+0000] {dag.py:2429} INFO - Sync 1 DAGs
[2024-10-30T16:12:08.682+0000] {logging_mixin.py:115} INFO - [2024-10-30T16:12:08.681+0000] {dag.py:2981} INFO - Setting next_dagrun for example_kubernetes_executor to None, run_after=None
[2024-10-30T16:12:08.690+0000] {processor.py:161} INFO - Processing /home/airflow/.local/lib/python3.7/site-packages/airflow/example_dags/example_kubernetes_executor.py took 0.080 seconds
[2024-10-30T16:12:39.145+0000] {processor.py:153} INFO - Started process (PID=253) to work on /home/airflow/.local/lib/python3.7/site-packages/airflow/example_dags/example_kubernetes_executor.py
[2024-10-30T16:12:39.146+0000] {processor.py:640} INFO - Processing file /home/airflow/.local/lib/python3.7/site-packages/airflow/example_dags/example_kubernetes_executor.py for tasks to queue
[2024-10-30T16:12:39.146+0000] {logging_mixin.py:115} INFO - [2024-10-30T16:12:39.146+0000] {dagbag.py:508} INFO - Filling up the DagBag from /home/airflow/.local/lib/python3.7/site-packages/airflow/example_dags/example_kubernetes_executor.py
[2024-10-30T16:12:39.162+0000] {processor.py:650} INFO - DAG(s) dict_keys(['example_kubernetes_executor']) retrieved from /home/airflow/.local/lib/python3.7/site-packages/airflow/example_dags/example_kubernetes_executor.py
[2024-10-30T16:12:39.180+0000] {logging_mixin.py:115} INFO - [2024-10-30T16:12:39.179+0000] {dag.py:2429} INFO - Sync 1 DAGs
[2024-10-30T16:12:39.194+0000] {logging_mixin.py:115} INFO - [2024-10-30T16:12:39.194+0000] {dag.py:2981} INFO - Setting next_dagrun for example_kubernetes_executor to None, run_after=None
[2024-10-30T16:12:39.202+0000] {processor.py:161} INFO - Processing /home/airflow/.local/lib/python3.7/site-packages/airflow/example_dags/example_kubernetes_executor.py took 0.059 seconds
[2024-10-30T16:13:09.641+0000] {processor.py:153} INFO - Started process (PID=315) to work on /home/airflow/.local/lib/python3.7/site-packages/airflow/example_dags/example_kubernetes_executor.py
[2024-10-30T16:13:09.642+0000] {processor.py:640} INFO - Processing file /home/airflow/.local/lib/python3.7/site-packages/airflow/example_dags/example_kubernetes_executor.py for tasks to queue
[2024-10-30T16:13:09.643+0000] {logging_mixin.py:115} INFO - [2024-10-30T16:13:09.642+0000] {dagbag.py:508} INFO - Filling up the DagBag from /home/airflow/.local/lib/python3.7/site-packages/airflow/example_dags/example_kubernetes_executor.py
[2024-10-30T16:13:09.662+0000] {processor.py:650} INFO - DAG(s) dict_keys(['example_kubernetes_executor']) retrieved from /home/airflow/.local/lib/python3.7/site-packages/airflow/example_dags/example_kubernetes_executor.py
[2024-10-30T16:13:09.681+0000] {logging_mixin.py:115} INFO - [2024-10-30T16:13:09.681+0000] {dag.py:2429} INFO - Sync 1 DAGs
[2024-10-30T16:13:09.695+0000] {logging_mixin.py:115} INFO - [2024-10-30T16:13:09.695+0000] {dag.py:2981} INFO - Setting next_dagrun for example_kubernetes_executor to None, run_after=None
[2024-10-30T16:13:09.704+0000] {processor.py:161} INFO - Processing /home/airflow/.local/lib/python3.7/site-packages/airflow/example_dags/example_kubernetes_executor.py took 0.064 seconds
[2024-10-30T16:13:40.390+0000] {processor.py:153} INFO - Started process (PID=378) to work on /home/airflow/.local/lib/python3.7/site-packages/airflow/example_dags/example_kubernetes_executor.py
[2024-10-30T16:13:40.391+0000] {processor.py:640} INFO - Processing file /home/airflow/.local/lib/python3.7/site-packages/airflow/example_dags/example_kubernetes_executor.py for tasks to queue
[2024-10-30T16:13:40.391+0000] {logging_mixin.py:115} INFO - [2024-10-30T16:13:40.391+0000] {dagbag.py:508} INFO - Filling up the DagBag from /home/airflow/.local/lib/python3.7/site-packages/airflow/example_dags/example_kubernetes_executor.py
[2024-10-30T16:13:40.405+0000] {processor.py:650} INFO - DAG(s) dict_keys(['example_kubernetes_executor']) retrieved from /home/airflow/.local/lib/python3.7/site-packages/airflow/example_dags/example_kubernetes_executor.py
[2024-10-30T16:13:40.426+0000] {logging_mixin.py:115} INFO - [2024-10-30T16:13:40.426+0000] {dag.py:2429} INFO - Sync 1 DAGs
[2024-10-30T16:13:40.440+0000] {logging_mixin.py:115} INFO - [2024-10-30T16:13:40.440+0000] {dag.py:2981} INFO - Setting next_dagrun for example_kubernetes_executor to None, run_after=None
[2024-10-30T16:13:40.448+0000] {processor.py:161} INFO - Processing /home/airflow/.local/lib/python3.7/site-packages/airflow/example_dags/example_kubernetes_executor.py took 0.060 seconds
[2024-10-30T16:14:11.248+0000] {processor.py:153} INFO - Started process (PID=440) to work on /home/airflow/.local/lib/python3.7/site-packages/airflow/example_dags/example_kubernetes_executor.py
[2024-10-30T16:14:11.249+0000] {processor.py:640} INFO - Processing file /home/airflow/.local/lib/python3.7/site-packages/airflow/example_dags/example_kubernetes_executor.py for tasks to queue
[2024-10-30T16:14:11.250+0000] {logging_mixin.py:115} INFO - [2024-10-30T16:14:11.250+0000] {dagbag.py:508} INFO - Filling up the DagBag from /home/airflow/.local/lib/python3.7/site-packages/airflow/example_dags/example_kubernetes_executor.py
[2024-10-30T16:14:11.269+0000] {processor.py:650} INFO - DAG(s) dict_keys(['example_kubernetes_executor']) retrieved from /home/airflow/.local/lib/python3.7/site-packages/airflow/example_dags/example_kubernetes_executor.py
[2024-10-30T16:14:11.286+0000] {logging_mixin.py:115} INFO - [2024-10-30T16:14:11.286+0000] {dag.py:2429} INFO - Sync 1 DAGs
[2024-10-30T16:14:11.308+0000] {logging_mixin.py:115} INFO - [2024-10-30T16:14:11.308+0000] {dag.py:2981} INFO - Setting next_dagrun for example_kubernetes_executor to None, run_after=None
[2024-10-30T16:14:11.317+0000] {processor.py:161} INFO - Processing /home/airflow/.local/lib/python3.7/site-packages/airflow/example_dags/example_kubernetes_executor.py took 0.071 seconds
[2024-10-30T16:14:42.032+0000] {processor.py:153} INFO - Started process (PID=493) to work on /home/airflow/.local/lib/python3.7/site-packages/airflow/example_dags/example_kubernetes_executor.py
[2024-10-30T16:14:42.033+0000] {processor.py:640} INFO - Processing file /home/airflow/.local/lib/python3.7/site-packages/airflow/example_dags/example_kubernetes_executor.py for tasks to queue
[2024-10-30T16:14:42.034+0000] {logging_mixin.py:115} INFO - [2024-10-30T16:14:42.034+0000] {dagbag.py:508} INFO - Filling up the DagBag from /home/airflow/.local/lib/python3.7/site-packages/airflow/example_dags/example_kubernetes_executor.py
[2024-10-30T16:14:42.050+0000] {processor.py:650} INFO - DAG(s) dict_keys(['example_kubernetes_executor']) retrieved from /home/airflow/.local/lib/python3.7/site-packages/airflow/example_dags/example_kubernetes_executor.py
[2024-10-30T16:14:42.071+0000] {logging_mixin.py:115} INFO - [2024-10-30T16:14:42.071+0000] {dag.py:2429} INFO - Sync 1 DAGs
[2024-10-30T16:14:42.087+0000] {logging_mixin.py:115} INFO - [2024-10-30T16:14:42.086+0000] {dag.py:2981} INFO - Setting next_dagrun for example_kubernetes_executor to None, run_after=None
[2024-10-30T16:14:42.094+0000] {processor.py:161} INFO - Processing /home/airflow/.local/lib/python3.7/site-packages/airflow/example_dags/example_kubernetes_executor.py took 0.064 seconds
[2024-10-30T16:15:12.617+0000] {processor.py:153} INFO - Started process (PID=555) to work on /home/airflow/.local/lib/python3.7/site-packages/airflow/example_dags/example_kubernetes_executor.py
[2024-10-30T16:15:12.617+0000] {processor.py:640} INFO - Processing file /home/airflow/.local/lib/python3.7/site-packages/airflow/example_dags/example_kubernetes_executor.py for tasks to queue
[2024-10-30T16:15:12.618+0000] {logging_mixin.py:115} INFO - [2024-10-30T16:15:12.618+0000] {dagbag.py:508} INFO - Filling up the DagBag from /home/airflow/.local/lib/python3.7/site-packages/airflow/example_dags/example_kubernetes_executor.py
[2024-10-30T16:15:12.638+0000] {processor.py:650} INFO - DAG(s) dict_keys(['example_kubernetes_executor']) retrieved from /home/airflow/.local/lib/python3.7/site-packages/airflow/example_dags/example_kubernetes_executor.py
[2024-10-30T16:15:12.655+0000] {logging_mixin.py:115} INFO - [2024-10-30T16:15:12.654+0000] {dag.py:2429} INFO - Sync 1 DAGs
[2024-10-30T16:15:12.668+0000] {logging_mixin.py:115} INFO - [2024-10-30T16:15:12.668+0000] {dag.py:2981} INFO - Setting next_dagrun for example_kubernetes_executor to None, run_after=None
[2024-10-30T16:15:12.676+0000] {processor.py:161} INFO - Processing /home/airflow/.local/lib/python3.7/site-packages/airflow/example_dags/example_kubernetes_executor.py took 0.061 seconds
[2024-10-30T16:15:43.332+0000] {processor.py:153} INFO - Started process (PID=617) to work on /home/airflow/.local/lib/python3.7/site-packages/airflow/example_dags/example_kubernetes_executor.py
[2024-10-30T16:15:43.332+0000] {processor.py:640} INFO - Processing file /home/airflow/.local/lib/python3.7/site-packages/airflow/example_dags/example_kubernetes_executor.py for tasks to queue
[2024-10-30T16:15:43.333+0000] {logging_mixin.py:115} INFO - [2024-10-30T16:15:43.333+0000] {dagbag.py:508} INFO - Filling up the DagBag from /home/airflow/.local/lib/python3.7/site-packages/airflow/example_dags/example_kubernetes_executor.py
[2024-10-30T16:15:43.353+0000] {processor.py:650} INFO - DAG(s) dict_keys(['example_kubernetes_executor']) retrieved from /home/airflow/.local/lib/python3.7/site-packages/airflow/example_dags/example_kubernetes_executor.py
[2024-10-30T16:15:43.374+0000] {logging_mixin.py:115} INFO - [2024-10-30T16:15:43.373+0000] {dag.py:2429} INFO - Sync 1 DAGs
[2024-10-30T16:15:43.395+0000] {logging_mixin.py:115} INFO - [2024-10-30T16:15:43.395+0000] {dag.py:2981} INFO - Setting next_dagrun for example_kubernetes_executor to None, run_after=None
[2024-10-30T16:15:43.408+0000] {processor.py:161} INFO - Processing /home/airflow/.local/lib/python3.7/site-packages/airflow/example_dags/example_kubernetes_executor.py took 0.079 seconds
[2024-10-30T16:16:14.128+0000] {processor.py:153} INFO - Started process (PID=679) to work on /home/airflow/.local/lib/python3.7/site-packages/airflow/example_dags/example_kubernetes_executor.py
[2024-10-30T16:16:14.128+0000] {processor.py:640} INFO - Processing file /home/airflow/.local/lib/python3.7/site-packages/airflow/example_dags/example_kubernetes_executor.py for tasks to queue
[2024-10-30T16:16:14.129+0000] {logging_mixin.py:115} INFO - [2024-10-30T16:16:14.129+0000] {dagbag.py:508} INFO - Filling up the DagBag from /home/airflow/.local/lib/python3.7/site-packages/airflow/example_dags/example_kubernetes_executor.py
[2024-10-30T16:16:14.144+0000] {processor.py:650} INFO - DAG(s) dict_keys(['example_kubernetes_executor']) retrieved from /home/airflow/.local/lib/python3.7/site-packages/airflow/example_dags/example_kubernetes_executor.py
[2024-10-30T16:16:14.161+0000] {logging_mixin.py:115} INFO - [2024-10-30T16:16:14.160+0000] {dag.py:2429} INFO - Sync 1 DAGs
[2024-10-30T16:16:14.179+0000] {logging_mixin.py:115} INFO - [2024-10-30T16:16:14.179+0000] {dag.py:2981} INFO - Setting next_dagrun for example_kubernetes_executor to None, run_after=None
[2024-10-30T16:16:14.190+0000] {processor.py:161} INFO - Processing /home/airflow/.local/lib/python3.7/site-packages/airflow/example_dags/example_kubernetes_executor.py took 0.064 seconds
[2024-10-30T16:16:44.888+0000] {processor.py:153} INFO - Started process (PID=732) to work on /home/airflow/.local/lib/python3.7/site-packages/airflow/example_dags/example_kubernetes_executor.py
[2024-10-30T16:16:44.888+0000] {processor.py:640} INFO - Processing file /home/airflow/.local/lib/python3.7/site-packages/airflow/example_dags/example_kubernetes_executor.py for tasks to queue
[2024-10-30T16:16:44.889+0000] {logging_mixin.py:115} INFO - [2024-10-30T16:16:44.889+0000] {dagbag.py:508} INFO - Filling up the DagBag from /home/airflow/.local/lib/python3.7/site-packages/airflow/example_dags/example_kubernetes_executor.py
[2024-10-30T16:16:44.905+0000] {processor.py:650} INFO - DAG(s) dict_keys(['example_kubernetes_executor']) retrieved from /home/airflow/.local/lib/python3.7/site-packages/airflow/example_dags/example_kubernetes_executor.py
[2024-10-30T16:16:44.930+0000] {logging_mixin.py:115} INFO - [2024-10-30T16:16:44.930+0000] {dag.py:2429} INFO - Sync 1 DAGs
[2024-10-30T16:16:44.953+0000] {logging_mixin.py:115} INFO - [2024-10-30T16:16:44.953+0000] {dag.py:2981} INFO - Setting next_dagrun for example_kubernetes_executor to None, run_after=None
[2024-10-30T16:16:44.968+0000] {processor.py:161} INFO - Processing /home/airflow/.local/lib/python3.7/site-packages/airflow/example_dags/example_kubernetes_executor.py took 0.083 seconds
[2024-10-30T16:17:15.767+0000] {processor.py:153} INFO - Started process (PID=794) to work on /home/airflow/.local/lib/python3.7/site-packages/airflow/example_dags/example_kubernetes_executor.py
[2024-10-30T16:17:15.768+0000] {processor.py:640} INFO - Processing file /home/airflow/.local/lib/python3.7/site-packages/airflow/example_dags/example_kubernetes_executor.py for tasks to queue
[2024-10-30T16:17:15.769+0000] {logging_mixin.py:115} INFO - [2024-10-30T16:17:15.769+0000] {dagbag.py:508} INFO - Filling up the DagBag from /home/airflow/.local/lib/python3.7/site-packages/airflow/example_dags/example_kubernetes_executor.py
[2024-10-30T16:17:15.789+0000] {processor.py:650} INFO - DAG(s) dict_keys(['example_kubernetes_executor']) retrieved from /home/airflow/.local/lib/python3.7/site-packages/airflow/example_dags/example_kubernetes_executor.py
[2024-10-30T16:17:15.810+0000] {logging_mixin.py:115} INFO - [2024-10-30T16:17:15.810+0000] {dag.py:2429} INFO - Sync 1 DAGs
[2024-10-30T16:17:15.828+0000] {logging_mixin.py:115} INFO - [2024-10-30T16:17:15.828+0000] {dag.py:2981} INFO - Setting next_dagrun for example_kubernetes_executor to None, run_after=None
[2024-10-30T16:17:15.840+0000] {processor.py:161} INFO - Processing /home/airflow/.local/lib/python3.7/site-packages/airflow/example_dags/example_kubernetes_executor.py took 0.076 seconds
[2024-10-30T16:17:46.371+0000] {processor.py:153} INFO - Started process (PID=856) to work on /home/airflow/.local/lib/python3.7/site-packages/airflow/example_dags/example_kubernetes_executor.py
[2024-10-30T16:17:46.372+0000] {processor.py:640} INFO - Processing file /home/airflow/.local/lib/python3.7/site-packages/airflow/example_dags/example_kubernetes_executor.py for tasks to queue
[2024-10-30T16:17:46.373+0000] {logging_mixin.py:115} INFO - [2024-10-30T16:17:46.373+0000] {dagbag.py:508} INFO - Filling up the DagBag from /home/airflow/.local/lib/python3.7/site-packages/airflow/example_dags/example_kubernetes_executor.py
[2024-10-30T16:17:46.393+0000] {processor.py:650} INFO - DAG(s) dict_keys(['example_kubernetes_executor']) retrieved from /home/airflow/.local/lib/python3.7/site-packages/airflow/example_dags/example_kubernetes_executor.py
[2024-10-30T16:17:46.414+0000] {logging_mixin.py:115} INFO - [2024-10-30T16:17:46.413+0000] {dag.py:2429} INFO - Sync 1 DAGs
[2024-10-30T16:17:46.431+0000] {logging_mixin.py:115} INFO - [2024-10-30T16:17:46.431+0000] {dag.py:2981} INFO - Setting next_dagrun for example_kubernetes_executor to None, run_after=None
[2024-10-30T16:17:46.441+0000] {processor.py:161} INFO - Processing /home/airflow/.local/lib/python3.7/site-packages/airflow/example_dags/example_kubernetes_executor.py took 0.072 seconds
[2024-10-30T16:18:16.898+0000] {processor.py:153} INFO - Started process (PID=918) to work on /home/airflow/.local/lib/python3.7/site-packages/airflow/example_dags/example_kubernetes_executor.py
[2024-10-30T16:18:16.899+0000] {processor.py:640} INFO - Processing file /home/airflow/.local/lib/python3.7/site-packages/airflow/example_dags/example_kubernetes_executor.py for tasks to queue
[2024-10-30T16:18:16.899+0000] {logging_mixin.py:115} INFO - [2024-10-30T16:18:16.899+0000] {dagbag.py:508} INFO - Filling up the DagBag from /home/airflow/.local/lib/python3.7/site-packages/airflow/example_dags/example_kubernetes_executor.py
[2024-10-30T16:18:16.920+0000] {processor.py:650} INFO - DAG(s) dict_keys(['example_kubernetes_executor']) retrieved from /home/airflow/.local/lib/python3.7/site-packages/airflow/example_dags/example_kubernetes_executor.py
[2024-10-30T16:18:16.940+0000] {logging_mixin.py:115} INFO - [2024-10-30T16:18:16.940+0000] {dag.py:2429} INFO - Sync 1 DAGs
[2024-10-30T16:18:16.958+0000] {logging_mixin.py:115} INFO - [2024-10-30T16:18:16.958+0000] {dag.py:2981} INFO - Setting next_dagrun for example_kubernetes_executor to None, run_after=None
[2024-10-30T16:18:16.969+0000] {processor.py:161} INFO - Processing /home/airflow/.local/lib/python3.7/site-packages/airflow/example_dags/example_kubernetes_executor.py took 0.073 seconds
[2024-10-30T16:18:47.395+0000] {processor.py:153} INFO - Started process (PID=971) to work on /home/airflow/.local/lib/python3.7/site-packages/airflow/example_dags/example_kubernetes_executor.py
[2024-10-30T16:18:47.396+0000] {processor.py:640} INFO - Processing file /home/airflow/.local/lib/python3.7/site-packages/airflow/example_dags/example_kubernetes_executor.py for tasks to queue
[2024-10-30T16:18:47.397+0000] {logging_mixin.py:115} INFO - [2024-10-30T16:18:47.397+0000] {dagbag.py:508} INFO - Filling up the DagBag from /home/airflow/.local/lib/python3.7/site-packages/airflow/example_dags/example_kubernetes_executor.py
[2024-10-30T16:18:47.412+0000] {processor.py:650} INFO - DAG(s) dict_keys(['example_kubernetes_executor']) retrieved from /home/airflow/.local/lib/python3.7/site-packages/airflow/example_dags/example_kubernetes_executor.py
[2024-10-30T16:18:47.428+0000] {logging_mixin.py:115} INFO - [2024-10-30T16:18:47.428+0000] {dag.py:2429} INFO - Sync 1 DAGs
[2024-10-30T16:18:47.442+0000] {logging_mixin.py:115} INFO - [2024-10-30T16:18:47.442+0000] {dag.py:2981} INFO - Setting next_dagrun for example_kubernetes_executor to None, run_after=None
[2024-10-30T16:18:47.451+0000] {processor.py:161} INFO - Processing /home/airflow/.local/lib/python3.7/site-packages/airflow/example_dags/example_kubernetes_executor.py took 0.058 seconds
[2024-10-30T16:19:18.012+0000] {processor.py:153} INFO - Started process (PID=1033) to work on /home/airflow/.local/lib/python3.7/site-packages/airflow/example_dags/example_kubernetes_executor.py
[2024-10-30T16:19:18.012+0000] {processor.py:640} INFO - Processing file /home/airflow/.local/lib/python3.7/site-packages/airflow/example_dags/example_kubernetes_executor.py for tasks to queue
[2024-10-30T16:19:18.013+0000] {logging_mixin.py:115} INFO - [2024-10-30T16:19:18.013+0000] {dagbag.py:508} INFO - Filling up the DagBag from /home/airflow/.local/lib/python3.7/site-packages/airflow/example_dags/example_kubernetes_executor.py
[2024-10-30T16:19:18.031+0000] {processor.py:650} INFO - DAG(s) dict_keys(['example_kubernetes_executor']) retrieved from /home/airflow/.local/lib/python3.7/site-packages/airflow/example_dags/example_kubernetes_executor.py
[2024-10-30T16:19:18.050+0000] {logging_mixin.py:115} INFO - [2024-10-30T16:19:18.050+0000] {dag.py:2429} INFO - Sync 1 DAGs
[2024-10-30T16:19:18.065+0000] {logging_mixin.py:115} INFO - [2024-10-30T16:19:18.065+0000] {dag.py:2981} INFO - Setting next_dagrun for example_kubernetes_executor to None, run_after=None
[2024-10-30T16:19:18.075+0000] {processor.py:161} INFO - Processing /home/airflow/.local/lib/python3.7/site-packages/airflow/example_dags/example_kubernetes_executor.py took 0.065 seconds
[2024-10-30T16:19:48.710+0000] {processor.py:153} INFO - Started process (PID=1095) to work on /home/airflow/.local/lib/python3.7/site-packages/airflow/example_dags/example_kubernetes_executor.py
[2024-10-30T16:19:48.710+0000] {processor.py:640} INFO - Processing file /home/airflow/.local/lib/python3.7/site-packages/airflow/example_dags/example_kubernetes_executor.py for tasks to queue
[2024-10-30T16:19:48.711+0000] {logging_mixin.py:115} INFO - [2024-10-30T16:19:48.711+0000] {dagbag.py:508} INFO - Filling up the DagBag from /home/airflow/.local/lib/python3.7/site-packages/airflow/example_dags/example_kubernetes_executor.py
[2024-10-30T16:19:48.729+0000] {processor.py:650} INFO - DAG(s) dict_keys(['example_kubernetes_executor']) retrieved from /home/airflow/.local/lib/python3.7/site-packages/airflow/example_dags/example_kubernetes_executor.py
[2024-10-30T16:19:48.748+0000] {logging_mixin.py:115} INFO - [2024-10-30T16:19:48.748+0000] {dag.py:2429} INFO - Sync 1 DAGs
[2024-10-30T16:19:48.762+0000] {logging_mixin.py:115} INFO - [2024-10-30T16:19:48.762+0000] {dag.py:2981} INFO - Setting next_dagrun for example_kubernetes_executor to None, run_after=None
[2024-10-30T16:19:48.772+0000] {processor.py:161} INFO - Processing /home/airflow/.local/lib/python3.7/site-packages/airflow/example_dags/example_kubernetes_executor.py took 0.065 seconds
[2024-10-30T16:20:19.320+0000] {processor.py:153} INFO - Started process (PID=1157) to work on /home/airflow/.local/lib/python3.7/site-packages/airflow/example_dags/example_kubernetes_executor.py
[2024-10-30T16:20:19.321+0000] {processor.py:640} INFO - Processing file /home/airflow/.local/lib/python3.7/site-packages/airflow/example_dags/example_kubernetes_executor.py for tasks to queue
[2024-10-30T16:20:19.321+0000] {logging_mixin.py:115} INFO - [2024-10-30T16:20:19.321+0000] {dagbag.py:508} INFO - Filling up the DagBag from /home/airflow/.local/lib/python3.7/site-packages/airflow/example_dags/example_kubernetes_executor.py
[2024-10-30T16:20:19.343+0000] {processor.py:650} INFO - DAG(s) dict_keys(['example_kubernetes_executor']) retrieved from /home/airflow/.local/lib/python3.7/site-packages/airflow/example_dags/example_kubernetes_executor.py
[2024-10-30T16:20:19.365+0000] {logging_mixin.py:115} INFO - [2024-10-30T16:20:19.365+0000] {dag.py:2429} INFO - Sync 1 DAGs
[2024-10-30T16:20:19.386+0000] {logging_mixin.py:115} INFO - [2024-10-30T16:20:19.386+0000] {dag.py:2981} INFO - Setting next_dagrun for example_kubernetes_executor to None, run_after=None
[2024-10-30T16:20:19.397+0000] {processor.py:161} INFO - Processing /home/airflow/.local/lib/python3.7/site-packages/airflow/example_dags/example_kubernetes_executor.py took 0.080 seconds
[2024-10-30T16:20:49.863+0000] {processor.py:153} INFO - Started process (PID=1210) to work on /home/airflow/.local/lib/python3.7/site-packages/airflow/example_dags/example_kubernetes_executor.py
[2024-10-30T16:20:49.864+0000] {processor.py:640} INFO - Processing file /home/airflow/.local/lib/python3.7/site-packages/airflow/example_dags/example_kubernetes_executor.py for tasks to queue
[2024-10-30T16:20:49.864+0000] {logging_mixin.py:115} INFO - [2024-10-30T16:20:49.864+0000] {dagbag.py:508} INFO - Filling up the DagBag from /home/airflow/.local/lib/python3.7/site-packages/airflow/example_dags/example_kubernetes_executor.py
[2024-10-30T16:20:49.878+0000] {processor.py:650} INFO - DAG(s) dict_keys(['example_kubernetes_executor']) retrieved from /home/airflow/.local/lib/python3.7/site-packages/airflow/example_dags/example_kubernetes_executor.py
[2024-10-30T16:20:49.896+0000] {logging_mixin.py:115} INFO - [2024-10-30T16:20:49.896+0000] {dag.py:2429} INFO - Sync 1 DAGs
[2024-10-30T16:20:49.911+0000] {logging_mixin.py:115} INFO - [2024-10-30T16:20:49.911+0000] {dag.py:2981} INFO - Setting next_dagrun for example_kubernetes_executor to None, run_after=None
[2024-10-30T16:20:49.921+0000] {processor.py:161} INFO - Processing /home/airflow/.local/lib/python3.7/site-packages/airflow/example_dags/example_kubernetes_executor.py took 0.059 seconds
[2024-10-30T16:21:20.214+0000] {processor.py:153} INFO - Started process (PID=1272) to work on /home/airflow/.local/lib/python3.7/site-packages/airflow/example_dags/example_kubernetes_executor.py
[2024-10-30T16:21:20.214+0000] {processor.py:640} INFO - Processing file /home/airflow/.local/lib/python3.7/site-packages/airflow/example_dags/example_kubernetes_executor.py for tasks to queue
[2024-10-30T16:21:20.215+0000] {logging_mixin.py:115} INFO - [2024-10-30T16:21:20.215+0000] {dagbag.py:508} INFO - Filling up the DagBag from /home/airflow/.local/lib/python3.7/site-packages/airflow/example_dags/example_kubernetes_executor.py
[2024-10-30T16:21:20.231+0000] {processor.py:650} INFO - DAG(s) dict_keys(['example_kubernetes_executor']) retrieved from /home/airflow/.local/lib/python3.7/site-packages/airflow/example_dags/example_kubernetes_executor.py
[2024-10-30T16:21:20.248+0000] {logging_mixin.py:115} INFO - [2024-10-30T16:21:20.248+0000] {dag.py:2429} INFO - Sync 1 DAGs
[2024-10-30T16:21:20.262+0000] {logging_mixin.py:115} INFO - [2024-10-30T16:21:20.262+0000] {dag.py:2981} INFO - Setting next_dagrun for example_kubernetes_executor to None, run_after=None
[2024-10-30T16:21:20.271+0000] {processor.py:161} INFO - Processing /home/airflow/.local/lib/python3.7/site-packages/airflow/example_dags/example_kubernetes_executor.py took 0.059 seconds
[2024-10-30T16:21:50.894+0000] {processor.py:153} INFO - Started process (PID=1334) to work on /home/airflow/.local/lib/python3.7/site-packages/airflow/example_dags/example_kubernetes_executor.py
[2024-10-30T16:21:50.894+0000] {processor.py:640} INFO - Processing file /home/airflow/.local/lib/python3.7/site-packages/airflow/example_dags/example_kubernetes_executor.py for tasks to queue
[2024-10-30T16:21:50.895+0000] {logging_mixin.py:115} INFO - [2024-10-30T16:21:50.895+0000] {dagbag.py:508} INFO - Filling up the DagBag from /home/airflow/.local/lib/python3.7/site-packages/airflow/example_dags/example_kubernetes_executor.py
[2024-10-30T16:21:50.915+0000] {processor.py:650} INFO - DAG(s) dict_keys(['example_kubernetes_executor']) retrieved from /home/airflow/.local/lib/python3.7/site-packages/airflow/example_dags/example_kubernetes_executor.py
[2024-10-30T16:21:50.940+0000] {logging_mixin.py:115} INFO - [2024-10-30T16:21:50.940+0000] {dag.py:2429} INFO - Sync 1 DAGs
[2024-10-30T16:21:50.962+0000] {logging_mixin.py:115} INFO - [2024-10-30T16:21:50.962+0000] {dag.py:2981} INFO - Setting next_dagrun for example_kubernetes_executor to None, run_after=None
[2024-10-30T16:21:50.975+0000] {processor.py:161} INFO - Processing /home/airflow/.local/lib/python3.7/site-packages/airflow/example_dags/example_kubernetes_executor.py took 0.084 seconds
[2024-10-30T16:22:21.735+0000] {processor.py:153} INFO - Started process (PID=1387) to work on /home/airflow/.local/lib/python3.7/site-packages/airflow/example_dags/example_kubernetes_executor.py
[2024-10-30T16:22:21.735+0000] {processor.py:640} INFO - Processing file /home/airflow/.local/lib/python3.7/site-packages/airflow/example_dags/example_kubernetes_executor.py for tasks to queue
[2024-10-30T16:22:21.736+0000] {logging_mixin.py:115} INFO - [2024-10-30T16:22:21.736+0000] {dagbag.py:508} INFO - Filling up the DagBag from /home/airflow/.local/lib/python3.7/site-packages/airflow/example_dags/example_kubernetes_executor.py
[2024-10-30T16:22:21.752+0000] {processor.py:650} INFO - DAG(s) dict_keys(['example_kubernetes_executor']) retrieved from /home/airflow/.local/lib/python3.7/site-packages/airflow/example_dags/example_kubernetes_executor.py
[2024-10-30T16:22:21.768+0000] {logging_mixin.py:115} INFO - [2024-10-30T16:22:21.768+0000] {dag.py:2429} INFO - Sync 1 DAGs
[2024-10-30T16:22:21.782+0000] {logging_mixin.py:115} INFO - [2024-10-30T16:22:21.781+0000] {dag.py:2981} INFO - Setting next_dagrun for example_kubernetes_executor to None, run_after=None
[2024-10-30T16:22:21.791+0000] {processor.py:161} INFO - Processing /home/airflow/.local/lib/python3.7/site-packages/airflow/example_dags/example_kubernetes_executor.py took 0.059 seconds
[2024-10-30T16:22:52.365+0000] {processor.py:153} INFO - Started process (PID=1449) to work on /home/airflow/.local/lib/python3.7/site-packages/airflow/example_dags/example_kubernetes_executor.py
[2024-10-30T16:22:52.365+0000] {processor.py:640} INFO - Processing file /home/airflow/.local/lib/python3.7/site-packages/airflow/example_dags/example_kubernetes_executor.py for tasks to queue
[2024-10-30T16:22:52.366+0000] {logging_mixin.py:115} INFO - [2024-10-30T16:22:52.366+0000] {dagbag.py:508} INFO - Filling up the DagBag from /home/airflow/.local/lib/python3.7/site-packages/airflow/example_dags/example_kubernetes_executor.py
[2024-10-30T16:22:52.383+0000] {processor.py:650} INFO - DAG(s) dict_keys(['example_kubernetes_executor']) retrieved from /home/airflow/.local/lib/python3.7/site-packages/airflow/example_dags/example_kubernetes_executor.py
[2024-10-30T16:22:52.403+0000] {logging_mixin.py:115} INFO - [2024-10-30T16:22:52.403+0000] {dag.py:2429} INFO - Sync 1 DAGs
[2024-10-30T16:22:52.419+0000] {logging_mixin.py:115} INFO - [2024-10-30T16:22:52.419+0000] {dag.py:2981} INFO - Setting next_dagrun for example_kubernetes_executor to None, run_after=None
[2024-10-30T16:22:52.428+0000] {processor.py:161} INFO - Processing /home/airflow/.local/lib/python3.7/site-packages/airflow/example_dags/example_kubernetes_executor.py took 0.065 seconds
[2024-10-30T16:23:23.003+0000] {processor.py:153} INFO - Started process (PID=1511) to work on /home/airflow/.local/lib/python3.7/site-packages/airflow/example_dags/example_kubernetes_executor.py
[2024-10-30T16:23:23.004+0000] {processor.py:640} INFO - Processing file /home/airflow/.local/lib/python3.7/site-packages/airflow/example_dags/example_kubernetes_executor.py for tasks to queue
[2024-10-30T16:23:23.004+0000] {logging_mixin.py:115} INFO - [2024-10-30T16:23:23.004+0000] {dagbag.py:508} INFO - Filling up the DagBag from /home/airflow/.local/lib/python3.7/site-packages/airflow/example_dags/example_kubernetes_executor.py
[2024-10-30T16:23:23.019+0000] {processor.py:650} INFO - DAG(s) dict_keys(['example_kubernetes_executor']) retrieved from /home/airflow/.local/lib/python3.7/site-packages/airflow/example_dags/example_kubernetes_executor.py
[2024-10-30T16:23:23.036+0000] {logging_mixin.py:115} INFO - [2024-10-30T16:23:23.036+0000] {dag.py:2429} INFO - Sync 1 DAGs
[2024-10-30T16:23:23.050+0000] {logging_mixin.py:115} INFO - [2024-10-30T16:23:23.050+0000] {dag.py:2981} INFO - Setting next_dagrun for example_kubernetes_executor to None, run_after=None
[2024-10-30T16:23:23.059+0000] {processor.py:161} INFO - Processing /home/airflow/.local/lib/python3.7/site-packages/airflow/example_dags/example_kubernetes_executor.py took 0.057 seconds
[2024-10-30T16:23:53.641+0000] {processor.py:153} INFO - Started process (PID=1573) to work on /home/airflow/.local/lib/python3.7/site-packages/airflow/example_dags/example_kubernetes_executor.py
[2024-10-30T16:23:53.641+0000] {processor.py:640} INFO - Processing file /home/airflow/.local/lib/python3.7/site-packages/airflow/example_dags/example_kubernetes_executor.py for tasks to queue
[2024-10-30T16:23:53.642+0000] {logging_mixin.py:115} INFO - [2024-10-30T16:23:53.642+0000] {dagbag.py:508} INFO - Filling up the DagBag from /home/airflow/.local/lib/python3.7/site-packages/airflow/example_dags/example_kubernetes_executor.py
[2024-10-30T16:23:53.662+0000] {processor.py:650} INFO - DAG(s) dict_keys(['example_kubernetes_executor']) retrieved from /home/airflow/.local/lib/python3.7/site-packages/airflow/example_dags/example_kubernetes_executor.py
[2024-10-30T16:23:53.681+0000] {logging_mixin.py:115} INFO - [2024-10-30T16:23:53.681+0000] {dag.py:2429} INFO - Sync 1 DAGs
[2024-10-30T16:23:53.700+0000] {logging_mixin.py:115} INFO - [2024-10-30T16:23:53.699+0000] {dag.py:2981} INFO - Setting next_dagrun for example_kubernetes_executor to None, run_after=None
[2024-10-30T16:23:53.710+0000] {processor.py:161} INFO - Processing /home/airflow/.local/lib/python3.7/site-packages/airflow/example_dags/example_kubernetes_executor.py took 0.071 seconds
[2024-10-30T16:24:24.412+0000] {processor.py:153} INFO - Started process (PID=1626) to work on /home/airflow/.local/lib/python3.7/site-packages/airflow/example_dags/example_kubernetes_executor.py
[2024-10-30T16:24:24.413+0000] {processor.py:640} INFO - Processing file /home/airflow/.local/lib/python3.7/site-packages/airflow/example_dags/example_kubernetes_executor.py for tasks to queue
[2024-10-30T16:24:24.414+0000] {logging_mixin.py:115} INFO - [2024-10-30T16:24:24.414+0000] {dagbag.py:508} INFO - Filling up the DagBag from /home/airflow/.local/lib/python3.7/site-packages/airflow/example_dags/example_kubernetes_executor.py
[2024-10-30T16:24:24.434+0000] {processor.py:650} INFO - DAG(s) dict_keys(['example_kubernetes_executor']) retrieved from /home/airflow/.local/lib/python3.7/site-packages/airflow/example_dags/example_kubernetes_executor.py
[2024-10-30T16:24:24.456+0000] {logging_mixin.py:115} INFO - [2024-10-30T16:24:24.456+0000] {dag.py:2429} INFO - Sync 1 DAGs
[2024-10-30T16:24:24.472+0000] {logging_mixin.py:115} INFO - [2024-10-30T16:24:24.472+0000] {dag.py:2981} INFO - Setting next_dagrun for example_kubernetes_executor to None, run_after=None
[2024-10-30T16:24:24.482+0000] {processor.py:161} INFO - Processing /home/airflow/.local/lib/python3.7/site-packages/airflow/example_dags/example_kubernetes_executor.py took 0.071 seconds
[2024-10-30T16:24:55.300+0000] {processor.py:153} INFO - Started process (PID=1689) to work on /home/airflow/.local/lib/python3.7/site-packages/airflow/example_dags/example_kubernetes_executor.py
[2024-10-30T16:24:55.301+0000] {processor.py:640} INFO - Processing file /home/airflow/.local/lib/python3.7/site-packages/airflow/example_dags/example_kubernetes_executor.py for tasks to queue
[2024-10-30T16:24:55.302+0000] {logging_mixin.py:115} INFO - [2024-10-30T16:24:55.302+0000] {dagbag.py:508} INFO - Filling up the DagBag from /home/airflow/.local/lib/python3.7/site-packages/airflow/example_dags/example_kubernetes_executor.py
[2024-10-30T16:24:55.323+0000] {processor.py:650} INFO - DAG(s) dict_keys(['example_kubernetes_executor']) retrieved from /home/airflow/.local/lib/python3.7/site-packages/airflow/example_dags/example_kubernetes_executor.py
[2024-10-30T16:24:55.349+0000] {logging_mixin.py:115} INFO - [2024-10-30T16:24:55.349+0000] {dag.py:2429} INFO - Sync 1 DAGs
[2024-10-30T16:24:55.371+0000] {logging_mixin.py:115} INFO - [2024-10-30T16:24:55.371+0000] {dag.py:2981} INFO - Setting next_dagrun for example_kubernetes_executor to None, run_after=None
[2024-10-30T16:24:55.383+0000] {processor.py:161} INFO - Processing /home/airflow/.local/lib/python3.7/site-packages/airflow/example_dags/example_kubernetes_executor.py took 0.086 seconds
[2024-10-30T16:25:25.955+0000] {processor.py:153} INFO - Started process (PID=1751) to work on /home/airflow/.local/lib/python3.7/site-packages/airflow/example_dags/example_kubernetes_executor.py
[2024-10-30T16:25:25.956+0000] {processor.py:640} INFO - Processing file /home/airflow/.local/lib/python3.7/site-packages/airflow/example_dags/example_kubernetes_executor.py for tasks to queue
[2024-10-30T16:25:25.957+0000] {logging_mixin.py:115} INFO - [2024-10-30T16:25:25.956+0000] {dagbag.py:508} INFO - Filling up the DagBag from /home/airflow/.local/lib/python3.7/site-packages/airflow/example_dags/example_kubernetes_executor.py
[2024-10-30T16:25:25.979+0000] {processor.py:650} INFO - DAG(s) dict_keys(['example_kubernetes_executor']) retrieved from /home/airflow/.local/lib/python3.7/site-packages/airflow/example_dags/example_kubernetes_executor.py
[2024-10-30T16:25:26.000+0000] {logging_mixin.py:115} INFO - [2024-10-30T16:25:26.000+0000] {dag.py:2429} INFO - Sync 1 DAGs
[2024-10-30T16:25:26.017+0000] {logging_mixin.py:115} INFO - [2024-10-30T16:25:26.017+0000] {dag.py:2981} INFO - Setting next_dagrun for example_kubernetes_executor to None, run_after=None
[2024-10-30T16:25:26.026+0000] {processor.py:161} INFO - Processing /home/airflow/.local/lib/python3.7/site-packages/airflow/example_dags/example_kubernetes_executor.py took 0.074 seconds
[2024-10-30T16:25:56.930+0000] {processor.py:153} INFO - Started process (PID=1814) to work on /home/airflow/.local/lib/python3.7/site-packages/airflow/example_dags/example_kubernetes_executor.py
[2024-10-30T16:25:56.931+0000] {processor.py:640} INFO - Processing file /home/airflow/.local/lib/python3.7/site-packages/airflow/example_dags/example_kubernetes_executor.py for tasks to queue
[2024-10-30T16:25:56.932+0000] {logging_mixin.py:115} INFO - [2024-10-30T16:25:56.932+0000] {dagbag.py:508} INFO - Filling up the DagBag from /home/airflow/.local/lib/python3.7/site-packages/airflow/example_dags/example_kubernetes_executor.py
[2024-10-30T16:25:56.949+0000] {processor.py:650} INFO - DAG(s) dict_keys(['example_kubernetes_executor']) retrieved from /home/airflow/.local/lib/python3.7/site-packages/airflow/example_dags/example_kubernetes_executor.py
[2024-10-30T16:25:56.971+0000] {logging_mixin.py:115} INFO - [2024-10-30T16:25:56.971+0000] {dag.py:2429} INFO - Sync 1 DAGs
[2024-10-30T16:25:56.985+0000] {logging_mixin.py:115} INFO - [2024-10-30T16:25:56.985+0000] {dag.py:2981} INFO - Setting next_dagrun for example_kubernetes_executor to None, run_after=None
[2024-10-30T16:25:56.994+0000] {processor.py:161} INFO - Processing /home/airflow/.local/lib/python3.7/site-packages/airflow/example_dags/example_kubernetes_executor.py took 0.066 seconds
[2024-10-30T16:26:27.579+0000] {processor.py:153} INFO - Started process (PID=1869) to work on /home/airflow/.local/lib/python3.7/site-packages/airflow/example_dags/example_kubernetes_executor.py
[2024-10-30T16:26:27.580+0000] {processor.py:640} INFO - Processing file /home/airflow/.local/lib/python3.7/site-packages/airflow/example_dags/example_kubernetes_executor.py for tasks to queue
[2024-10-30T16:26:27.580+0000] {logging_mixin.py:115} INFO - [2024-10-30T16:26:27.580+0000] {dagbag.py:508} INFO - Filling up the DagBag from /home/airflow/.local/lib/python3.7/site-packages/airflow/example_dags/example_kubernetes_executor.py
[2024-10-30T16:26:27.601+0000] {processor.py:650} INFO - DAG(s) dict_keys(['example_kubernetes_executor']) retrieved from /home/airflow/.local/lib/python3.7/site-packages/airflow/example_dags/example_kubernetes_executor.py
[2024-10-30T16:26:27.621+0000] {logging_mixin.py:115} INFO - [2024-10-30T16:26:27.621+0000] {dag.py:2429} INFO - Sync 1 DAGs
[2024-10-30T16:26:27.642+0000] {logging_mixin.py:115} INFO - [2024-10-30T16:26:27.642+0000] {dag.py:2981} INFO - Setting next_dagrun for example_kubernetes_executor to None, run_after=None
[2024-10-30T16:26:27.653+0000] {processor.py:161} INFO - Processing /home/airflow/.local/lib/python3.7/site-packages/airflow/example_dags/example_kubernetes_executor.py took 0.076 seconds
[2024-10-30T16:26:58.215+0000] {processor.py:153} INFO - Started process (PID=1933) to work on /home/airflow/.local/lib/python3.7/site-packages/airflow/example_dags/example_kubernetes_executor.py
[2024-10-30T16:26:58.216+0000] {processor.py:640} INFO - Processing file /home/airflow/.local/lib/python3.7/site-packages/airflow/example_dags/example_kubernetes_executor.py for tasks to queue
[2024-10-30T16:26:58.217+0000] {logging_mixin.py:115} INFO - [2024-10-30T16:26:58.216+0000] {dagbag.py:508} INFO - Filling up the DagBag from /home/airflow/.local/lib/python3.7/site-packages/airflow/example_dags/example_kubernetes_executor.py
[2024-10-30T16:26:58.238+0000] {processor.py:650} INFO - DAG(s) dict_keys(['example_kubernetes_executor']) retrieved from /home/airflow/.local/lib/python3.7/site-packages/airflow/example_dags/example_kubernetes_executor.py
[2024-10-30T16:26:58.259+0000] {logging_mixin.py:115} INFO - [2024-10-30T16:26:58.259+0000] {dag.py:2429} INFO - Sync 1 DAGs
[2024-10-30T16:26:58.276+0000] {logging_mixin.py:115} INFO - [2024-10-30T16:26:58.276+0000] {dag.py:2981} INFO - Setting next_dagrun for example_kubernetes_executor to None, run_after=None
[2024-10-30T16:26:58.285+0000] {processor.py:161} INFO - Processing /home/airflow/.local/lib/python3.7/site-packages/airflow/example_dags/example_kubernetes_executor.py took 0.072 seconds
