[2024-10-30T16:11:05.155+0000] {processor.py:153} INFO - Started process (PID=58) to work on /home/airflow/.local/lib/python3.7/site-packages/airflow/example_dags/example_skip_dag.py
[2024-10-30T16:11:05.156+0000] {processor.py:640} INFO - Processing file /home/airflow/.local/lib/python3.7/site-packages/airflow/example_dags/example_skip_dag.py for tasks to queue
[2024-10-30T16:11:05.157+0000] {logging_mixin.py:115} INFO - [2024-10-30T16:11:05.156+0000] {dagbag.py:508} INFO - Filling up the DagBag from /home/airflow/.local/lib/python3.7/site-packages/airflow/example_dags/example_skip_dag.py
[2024-10-30T16:11:05.161+0000] {processor.py:650} INFO - DAG(s) dict_keys(['example_skip_dag']) retrieved from /home/airflow/.local/lib/python3.7/site-packages/airflow/example_dags/example_skip_dag.py
[2024-10-30T16:11:05.232+0000] {logging_mixin.py:115} INFO - [2024-10-30T16:11:05.232+0000] {manager.py:508} INFO - Created Permission View: can delete on DAG:example_skip_dag
[2024-10-30T16:11:05.242+0000] {logging_mixin.py:115} INFO - [2024-10-30T16:11:05.242+0000] {manager.py:508} INFO - Created Permission View: can read on DAG:example_skip_dag
[2024-10-30T16:11:05.248+0000] {logging_mixin.py:115} INFO - [2024-10-30T16:11:05.248+0000] {manager.py:508} INFO - Created Permission View: can edit on DAG:example_skip_dag
[2024-10-30T16:11:05.249+0000] {logging_mixin.py:115} INFO - [2024-10-30T16:11:05.249+0000] {dag.py:2429} INFO - Sync 1 DAGs
[2024-10-30T16:11:05.259+0000] {logging_mixin.py:115} INFO - [2024-10-30T16:11:05.259+0000] {dag.py:2448} INFO - Creating ORM DAG for example_skip_dag
[2024-10-30T16:11:05.270+0000] {logging_mixin.py:115} INFO - [2024-10-30T16:11:05.270+0000] {dag.py:2981} INFO - Setting next_dagrun for example_skip_dag to 2024-10-29T16:11:05.270014+00:00, run_after=2024-10-30T16:11:05.270014+00:00
[2024-10-30T16:11:05.284+0000] {processor.py:161} INFO - Processing /home/airflow/.local/lib/python3.7/site-packages/airflow/example_dags/example_skip_dag.py took 0.132 seconds
[2024-10-30T16:11:36.245+0000] {processor.py:153} INFO - Started process (PID=120) to work on /home/airflow/.local/lib/python3.7/site-packages/airflow/example_dags/example_skip_dag.py
[2024-10-30T16:11:36.245+0000] {processor.py:640} INFO - Processing file /home/airflow/.local/lib/python3.7/site-packages/airflow/example_dags/example_skip_dag.py for tasks to queue
[2024-10-30T16:11:36.246+0000] {logging_mixin.py:115} INFO - [2024-10-30T16:11:36.246+0000] {dagbag.py:508} INFO - Filling up the DagBag from /home/airflow/.local/lib/python3.7/site-packages/airflow/example_dags/example_skip_dag.py
[2024-10-30T16:11:36.249+0000] {processor.py:650} INFO - DAG(s) dict_keys(['example_skip_dag']) retrieved from /home/airflow/.local/lib/python3.7/site-packages/airflow/example_dags/example_skip_dag.py
[2024-10-30T16:11:36.268+0000] {logging_mixin.py:115} INFO - [2024-10-30T16:11:36.268+0000] {dag.py:2429} INFO - Sync 1 DAGs
[2024-10-30T16:11:36.284+0000] {logging_mixin.py:115} INFO - [2024-10-30T16:11:36.283+0000] {dag.py:2981} INFO - Setting next_dagrun for example_skip_dag to 2024-10-29T16:11:36.283626+00:00, run_after=2024-10-30T16:11:36.283626+00:00
[2024-10-30T16:11:36.292+0000] {processor.py:161} INFO - Processing /home/airflow/.local/lib/python3.7/site-packages/airflow/example_dags/example_skip_dag.py took 0.049 seconds
[2024-10-30T16:12:06.814+0000] {processor.py:153} INFO - Started process (PID=180) to work on /home/airflow/.local/lib/python3.7/site-packages/airflow/example_dags/example_skip_dag.py
[2024-10-30T16:12:06.815+0000] {processor.py:640} INFO - Processing file /home/airflow/.local/lib/python3.7/site-packages/airflow/example_dags/example_skip_dag.py for tasks to queue
[2024-10-30T16:12:06.816+0000] {logging_mixin.py:115} INFO - [2024-10-30T16:12:06.816+0000] {dagbag.py:508} INFO - Filling up the DagBag from /home/airflow/.local/lib/python3.7/site-packages/airflow/example_dags/example_skip_dag.py
[2024-10-30T16:12:06.821+0000] {processor.py:650} INFO - DAG(s) dict_keys(['example_skip_dag']) retrieved from /home/airflow/.local/lib/python3.7/site-packages/airflow/example_dags/example_skip_dag.py
[2024-10-30T16:12:06.842+0000] {logging_mixin.py:115} INFO - [2024-10-30T16:12:06.841+0000] {dag.py:2429} INFO - Sync 1 DAGs
[2024-10-30T16:12:06.861+0000] {logging_mixin.py:115} INFO - [2024-10-30T16:12:06.861+0000] {dag.py:2981} INFO - Setting next_dagrun for example_skip_dag to 2024-10-29T16:12:06.860927+00:00, run_after=2024-10-30T16:12:06.860927+00:00
[2024-10-30T16:12:06.869+0000] {processor.py:161} INFO - Processing /home/airflow/.local/lib/python3.7/site-packages/airflow/example_dags/example_skip_dag.py took 0.057 seconds
[2024-10-30T16:12:37.440+0000] {processor.py:153} INFO - Started process (PID=236) to work on /home/airflow/.local/lib/python3.7/site-packages/airflow/example_dags/example_skip_dag.py
[2024-10-30T16:12:37.441+0000] {processor.py:640} INFO - Processing file /home/airflow/.local/lib/python3.7/site-packages/airflow/example_dags/example_skip_dag.py for tasks to queue
[2024-10-30T16:12:37.441+0000] {logging_mixin.py:115} INFO - [2024-10-30T16:12:37.441+0000] {dagbag.py:508} INFO - Filling up the DagBag from /home/airflow/.local/lib/python3.7/site-packages/airflow/example_dags/example_skip_dag.py
[2024-10-30T16:12:37.444+0000] {processor.py:650} INFO - DAG(s) dict_keys(['example_skip_dag']) retrieved from /home/airflow/.local/lib/python3.7/site-packages/airflow/example_dags/example_skip_dag.py
[2024-10-30T16:12:37.461+0000] {logging_mixin.py:115} INFO - [2024-10-30T16:12:37.460+0000] {dag.py:2429} INFO - Sync 1 DAGs
[2024-10-30T16:12:37.476+0000] {logging_mixin.py:115} INFO - [2024-10-30T16:12:37.476+0000] {dag.py:2981} INFO - Setting next_dagrun for example_skip_dag to 2024-10-29T16:12:37.475968+00:00, run_after=2024-10-30T16:12:37.475968+00:00
[2024-10-30T16:12:37.483+0000] {processor.py:161} INFO - Processing /home/airflow/.local/lib/python3.7/site-packages/airflow/example_dags/example_skip_dag.py took 0.045 seconds
[2024-10-30T16:13:07.938+0000] {processor.py:153} INFO - Started process (PID=298) to work on /home/airflow/.local/lib/python3.7/site-packages/airflow/example_dags/example_skip_dag.py
[2024-10-30T16:13:07.939+0000] {processor.py:640} INFO - Processing file /home/airflow/.local/lib/python3.7/site-packages/airflow/example_dags/example_skip_dag.py for tasks to queue
[2024-10-30T16:13:07.939+0000] {logging_mixin.py:115} INFO - [2024-10-30T16:13:07.939+0000] {dagbag.py:508} INFO - Filling up the DagBag from /home/airflow/.local/lib/python3.7/site-packages/airflow/example_dags/example_skip_dag.py
[2024-10-30T16:13:07.942+0000] {processor.py:650} INFO - DAG(s) dict_keys(['example_skip_dag']) retrieved from /home/airflow/.local/lib/python3.7/site-packages/airflow/example_dags/example_skip_dag.py
[2024-10-30T16:13:07.958+0000] {logging_mixin.py:115} INFO - [2024-10-30T16:13:07.958+0000] {dag.py:2429} INFO - Sync 1 DAGs
[2024-10-30T16:13:07.972+0000] {logging_mixin.py:115} INFO - [2024-10-30T16:13:07.972+0000] {dag.py:2981} INFO - Setting next_dagrun for example_skip_dag to 2024-10-29T16:13:07.972528+00:00, run_after=2024-10-30T16:13:07.972528+00:00
[2024-10-30T16:13:07.980+0000] {processor.py:161} INFO - Processing /home/airflow/.local/lib/python3.7/site-packages/airflow/example_dags/example_skip_dag.py took 0.043 seconds
[2024-10-30T16:13:38.531+0000] {processor.py:153} INFO - Started process (PID=361) to work on /home/airflow/.local/lib/python3.7/site-packages/airflow/example_dags/example_skip_dag.py
[2024-10-30T16:13:38.532+0000] {processor.py:640} INFO - Processing file /home/airflow/.local/lib/python3.7/site-packages/airflow/example_dags/example_skip_dag.py for tasks to queue
[2024-10-30T16:13:38.533+0000] {logging_mixin.py:115} INFO - [2024-10-30T16:13:38.533+0000] {dagbag.py:508} INFO - Filling up the DagBag from /home/airflow/.local/lib/python3.7/site-packages/airflow/example_dags/example_skip_dag.py
[2024-10-30T16:13:38.537+0000] {processor.py:650} INFO - DAG(s) dict_keys(['example_skip_dag']) retrieved from /home/airflow/.local/lib/python3.7/site-packages/airflow/example_dags/example_skip_dag.py
[2024-10-30T16:13:38.561+0000] {logging_mixin.py:115} INFO - [2024-10-30T16:13:38.560+0000] {dag.py:2429} INFO - Sync 1 DAGs
[2024-10-30T16:13:38.584+0000] {logging_mixin.py:115} INFO - [2024-10-30T16:13:38.584+0000] {dag.py:2981} INFO - Setting next_dagrun for example_skip_dag to 2024-10-29T16:13:38.583727+00:00, run_after=2024-10-30T16:13:38.583727+00:00
[2024-10-30T16:13:38.596+0000] {processor.py:161} INFO - Processing /home/airflow/.local/lib/python3.7/site-packages/airflow/example_dags/example_skip_dag.py took 0.067 seconds
[2024-10-30T16:14:09.367+0000] {processor.py:153} INFO - Started process (PID=414) to work on /home/airflow/.local/lib/python3.7/site-packages/airflow/example_dags/example_skip_dag.py
[2024-10-30T16:14:09.368+0000] {processor.py:640} INFO - Processing file /home/airflow/.local/lib/python3.7/site-packages/airflow/example_dags/example_skip_dag.py for tasks to queue
[2024-10-30T16:14:09.369+0000] {logging_mixin.py:115} INFO - [2024-10-30T16:14:09.368+0000] {dagbag.py:508} INFO - Filling up the DagBag from /home/airflow/.local/lib/python3.7/site-packages/airflow/example_dags/example_skip_dag.py
[2024-10-30T16:14:09.373+0000] {processor.py:650} INFO - DAG(s) dict_keys(['example_skip_dag']) retrieved from /home/airflow/.local/lib/python3.7/site-packages/airflow/example_dags/example_skip_dag.py
[2024-10-30T16:14:09.393+0000] {logging_mixin.py:115} INFO - [2024-10-30T16:14:09.393+0000] {dag.py:2429} INFO - Sync 1 DAGs
[2024-10-30T16:14:09.429+0000] {logging_mixin.py:115} INFO - [2024-10-30T16:14:09.429+0000] {dag.py:2981} INFO - Setting next_dagrun for example_skip_dag to 2024-10-29T16:14:09.428930+00:00, run_after=2024-10-30T16:14:09.428930+00:00
[2024-10-30T16:14:09.440+0000] {processor.py:161} INFO - Processing /home/airflow/.local/lib/python3.7/site-packages/airflow/example_dags/example_skip_dag.py took 0.075 seconds
[2024-10-30T16:14:40.173+0000] {processor.py:153} INFO - Started process (PID=476) to work on /home/airflow/.local/lib/python3.7/site-packages/airflow/example_dags/example_skip_dag.py
[2024-10-30T16:14:40.173+0000] {processor.py:640} INFO - Processing file /home/airflow/.local/lib/python3.7/site-packages/airflow/example_dags/example_skip_dag.py for tasks to queue
[2024-10-30T16:14:40.174+0000] {logging_mixin.py:115} INFO - [2024-10-30T16:14:40.174+0000] {dagbag.py:508} INFO - Filling up the DagBag from /home/airflow/.local/lib/python3.7/site-packages/airflow/example_dags/example_skip_dag.py
[2024-10-30T16:14:40.177+0000] {processor.py:650} INFO - DAG(s) dict_keys(['example_skip_dag']) retrieved from /home/airflow/.local/lib/python3.7/site-packages/airflow/example_dags/example_skip_dag.py
[2024-10-30T16:14:40.196+0000] {logging_mixin.py:115} INFO - [2024-10-30T16:14:40.196+0000] {dag.py:2429} INFO - Sync 1 DAGs
[2024-10-30T16:14:40.213+0000] {logging_mixin.py:115} INFO - [2024-10-30T16:14:40.213+0000] {dag.py:2981} INFO - Setting next_dagrun for example_skip_dag to 2024-10-29T16:14:40.213152+00:00, run_after=2024-10-30T16:14:40.213152+00:00
[2024-10-30T16:14:40.222+0000] {processor.py:161} INFO - Processing /home/airflow/.local/lib/python3.7/site-packages/airflow/example_dags/example_skip_dag.py took 0.051 seconds
[2024-10-30T16:15:10.904+0000] {processor.py:153} INFO - Started process (PID=538) to work on /home/airflow/.local/lib/python3.7/site-packages/airflow/example_dags/example_skip_dag.py
[2024-10-30T16:15:10.905+0000] {processor.py:640} INFO - Processing file /home/airflow/.local/lib/python3.7/site-packages/airflow/example_dags/example_skip_dag.py for tasks to queue
[2024-10-30T16:15:10.906+0000] {logging_mixin.py:115} INFO - [2024-10-30T16:15:10.906+0000] {dagbag.py:508} INFO - Filling up the DagBag from /home/airflow/.local/lib/python3.7/site-packages/airflow/example_dags/example_skip_dag.py
[2024-10-30T16:15:10.909+0000] {processor.py:650} INFO - DAG(s) dict_keys(['example_skip_dag']) retrieved from /home/airflow/.local/lib/python3.7/site-packages/airflow/example_dags/example_skip_dag.py
[2024-10-30T16:15:10.932+0000] {logging_mixin.py:115} INFO - [2024-10-30T16:15:10.932+0000] {dag.py:2429} INFO - Sync 1 DAGs
[2024-10-30T16:15:10.948+0000] {logging_mixin.py:115} INFO - [2024-10-30T16:15:10.948+0000] {dag.py:2981} INFO - Setting next_dagrun for example_skip_dag to 2024-10-29T16:15:10.948688+00:00, run_after=2024-10-30T16:15:10.948688+00:00
[2024-10-30T16:15:10.958+0000] {processor.py:161} INFO - Processing /home/airflow/.local/lib/python3.7/site-packages/airflow/example_dags/example_skip_dag.py took 0.056 seconds
[2024-10-30T16:15:41.434+0000] {processor.py:153} INFO - Started process (PID=600) to work on /home/airflow/.local/lib/python3.7/site-packages/airflow/example_dags/example_skip_dag.py
[2024-10-30T16:15:41.435+0000] {processor.py:640} INFO - Processing file /home/airflow/.local/lib/python3.7/site-packages/airflow/example_dags/example_skip_dag.py for tasks to queue
[2024-10-30T16:15:41.436+0000] {logging_mixin.py:115} INFO - [2024-10-30T16:15:41.436+0000] {dagbag.py:508} INFO - Filling up the DagBag from /home/airflow/.local/lib/python3.7/site-packages/airflow/example_dags/example_skip_dag.py
[2024-10-30T16:15:41.439+0000] {processor.py:650} INFO - DAG(s) dict_keys(['example_skip_dag']) retrieved from /home/airflow/.local/lib/python3.7/site-packages/airflow/example_dags/example_skip_dag.py
[2024-10-30T16:15:41.461+0000] {logging_mixin.py:115} INFO - [2024-10-30T16:15:41.461+0000] {dag.py:2429} INFO - Sync 1 DAGs
[2024-10-30T16:15:41.480+0000] {logging_mixin.py:115} INFO - [2024-10-30T16:15:41.479+0000] {dag.py:2981} INFO - Setting next_dagrun for example_skip_dag to 2024-10-29T16:15:41.479737+00:00, run_after=2024-10-30T16:15:41.479737+00:00
[2024-10-30T16:15:41.490+0000] {processor.py:161} INFO - Processing /home/airflow/.local/lib/python3.7/site-packages/airflow/example_dags/example_skip_dag.py took 0.058 seconds
[2024-10-30T16:16:12.337+0000] {processor.py:153} INFO - Started process (PID=653) to work on /home/airflow/.local/lib/python3.7/site-packages/airflow/example_dags/example_skip_dag.py
[2024-10-30T16:16:12.337+0000] {processor.py:640} INFO - Processing file /home/airflow/.local/lib/python3.7/site-packages/airflow/example_dags/example_skip_dag.py for tasks to queue
[2024-10-30T16:16:12.338+0000] {logging_mixin.py:115} INFO - [2024-10-30T16:16:12.338+0000] {dagbag.py:508} INFO - Filling up the DagBag from /home/airflow/.local/lib/python3.7/site-packages/airflow/example_dags/example_skip_dag.py
[2024-10-30T16:16:12.341+0000] {processor.py:650} INFO - DAG(s) dict_keys(['example_skip_dag']) retrieved from /home/airflow/.local/lib/python3.7/site-packages/airflow/example_dags/example_skip_dag.py
[2024-10-30T16:16:12.363+0000] {logging_mixin.py:115} INFO - [2024-10-30T16:16:12.363+0000] {dag.py:2429} INFO - Sync 1 DAGs
[2024-10-30T16:16:12.383+0000] {logging_mixin.py:115} INFO - [2024-10-30T16:16:12.382+0000] {dag.py:2981} INFO - Setting next_dagrun for example_skip_dag to 2024-10-29T16:16:12.382608+00:00, run_after=2024-10-30T16:16:12.382608+00:00
[2024-10-30T16:16:12.392+0000] {processor.py:161} INFO - Processing /home/airflow/.local/lib/python3.7/site-packages/airflow/example_dags/example_skip_dag.py took 0.057 seconds
[2024-10-30T16:16:42.996+0000] {processor.py:153} INFO - Started process (PID=715) to work on /home/airflow/.local/lib/python3.7/site-packages/airflow/example_dags/example_skip_dag.py
[2024-10-30T16:16:42.997+0000] {processor.py:640} INFO - Processing file /home/airflow/.local/lib/python3.7/site-packages/airflow/example_dags/example_skip_dag.py for tasks to queue
[2024-10-30T16:16:42.997+0000] {logging_mixin.py:115} INFO - [2024-10-30T16:16:42.997+0000] {dagbag.py:508} INFO - Filling up the DagBag from /home/airflow/.local/lib/python3.7/site-packages/airflow/example_dags/example_skip_dag.py
[2024-10-30T16:16:43.000+0000] {processor.py:650} INFO - DAG(s) dict_keys(['example_skip_dag']) retrieved from /home/airflow/.local/lib/python3.7/site-packages/airflow/example_dags/example_skip_dag.py
[2024-10-30T16:16:43.019+0000] {logging_mixin.py:115} INFO - [2024-10-30T16:16:43.019+0000] {dag.py:2429} INFO - Sync 1 DAGs
[2024-10-30T16:16:43.034+0000] {logging_mixin.py:115} INFO - [2024-10-30T16:16:43.033+0000] {dag.py:2981} INFO - Setting next_dagrun for example_skip_dag to 2024-10-29T16:16:43.033726+00:00, run_after=2024-10-30T16:16:43.033726+00:00
[2024-10-30T16:16:43.042+0000] {processor.py:161} INFO - Processing /home/airflow/.local/lib/python3.7/site-packages/airflow/example_dags/example_skip_dag.py took 0.048 seconds
[2024-10-30T16:17:13.845+0000] {processor.py:153} INFO - Started process (PID=777) to work on /home/airflow/.local/lib/python3.7/site-packages/airflow/example_dags/example_skip_dag.py
[2024-10-30T16:17:13.846+0000] {processor.py:640} INFO - Processing file /home/airflow/.local/lib/python3.7/site-packages/airflow/example_dags/example_skip_dag.py for tasks to queue
[2024-10-30T16:17:13.846+0000] {logging_mixin.py:115} INFO - [2024-10-30T16:17:13.846+0000] {dagbag.py:508} INFO - Filling up the DagBag from /home/airflow/.local/lib/python3.7/site-packages/airflow/example_dags/example_skip_dag.py
[2024-10-30T16:17:13.849+0000] {processor.py:650} INFO - DAG(s) dict_keys(['example_skip_dag']) retrieved from /home/airflow/.local/lib/python3.7/site-packages/airflow/example_dags/example_skip_dag.py
[2024-10-30T16:17:13.868+0000] {logging_mixin.py:115} INFO - [2024-10-30T16:17:13.868+0000] {dag.py:2429} INFO - Sync 1 DAGs
[2024-10-30T16:17:13.883+0000] {logging_mixin.py:115} INFO - [2024-10-30T16:17:13.883+0000] {dag.py:2981} INFO - Setting next_dagrun for example_skip_dag to 2024-10-29T16:17:13.883512+00:00, run_after=2024-10-30T16:17:13.883512+00:00
[2024-10-30T16:17:13.892+0000] {processor.py:161} INFO - Processing /home/airflow/.local/lib/python3.7/site-packages/airflow/example_dags/example_skip_dag.py took 0.049 seconds
[2024-10-30T16:17:44.647+0000] {processor.py:153} INFO - Started process (PID=839) to work on /home/airflow/.local/lib/python3.7/site-packages/airflow/example_dags/example_skip_dag.py
[2024-10-30T16:17:44.647+0000] {processor.py:640} INFO - Processing file /home/airflow/.local/lib/python3.7/site-packages/airflow/example_dags/example_skip_dag.py for tasks to queue
[2024-10-30T16:17:44.648+0000] {logging_mixin.py:115} INFO - [2024-10-30T16:17:44.648+0000] {dagbag.py:508} INFO - Filling up the DagBag from /home/airflow/.local/lib/python3.7/site-packages/airflow/example_dags/example_skip_dag.py
[2024-10-30T16:17:44.651+0000] {processor.py:650} INFO - DAG(s) dict_keys(['example_skip_dag']) retrieved from /home/airflow/.local/lib/python3.7/site-packages/airflow/example_dags/example_skip_dag.py
[2024-10-30T16:17:44.672+0000] {logging_mixin.py:115} INFO - [2024-10-30T16:17:44.672+0000] {dag.py:2429} INFO - Sync 1 DAGs
[2024-10-30T16:17:44.689+0000] {logging_mixin.py:115} INFO - [2024-10-30T16:17:44.689+0000] {dag.py:2981} INFO - Setting next_dagrun for example_skip_dag to 2024-10-29T16:17:44.689555+00:00, run_after=2024-10-30T16:17:44.689555+00:00
[2024-10-30T16:17:44.699+0000] {processor.py:161} INFO - Processing /home/airflow/.local/lib/python3.7/site-packages/airflow/example_dags/example_skip_dag.py took 0.055 seconds
[2024-10-30T16:18:15.130+0000] {processor.py:153} INFO - Started process (PID=892) to work on /home/airflow/.local/lib/python3.7/site-packages/airflow/example_dags/example_skip_dag.py
[2024-10-30T16:18:15.131+0000] {processor.py:640} INFO - Processing file /home/airflow/.local/lib/python3.7/site-packages/airflow/example_dags/example_skip_dag.py for tasks to queue
[2024-10-30T16:18:15.132+0000] {logging_mixin.py:115} INFO - [2024-10-30T16:18:15.131+0000] {dagbag.py:508} INFO - Filling up the DagBag from /home/airflow/.local/lib/python3.7/site-packages/airflow/example_dags/example_skip_dag.py
[2024-10-30T16:18:15.136+0000] {processor.py:650} INFO - DAG(s) dict_keys(['example_skip_dag']) retrieved from /home/airflow/.local/lib/python3.7/site-packages/airflow/example_dags/example_skip_dag.py
[2024-10-30T16:18:15.153+0000] {logging_mixin.py:115} INFO - [2024-10-30T16:18:15.153+0000] {dag.py:2429} INFO - Sync 1 DAGs
[2024-10-30T16:18:15.170+0000] {logging_mixin.py:115} INFO - [2024-10-30T16:18:15.170+0000] {dag.py:2981} INFO - Setting next_dagrun for example_skip_dag to 2024-10-29T16:18:15.170113+00:00, run_after=2024-10-30T16:18:15.170113+00:00
[2024-10-30T16:18:15.178+0000] {processor.py:161} INFO - Processing /home/airflow/.local/lib/python3.7/site-packages/airflow/example_dags/example_skip_dag.py took 0.050 seconds
[2024-10-30T16:18:45.683+0000] {processor.py:153} INFO - Started process (PID=954) to work on /home/airflow/.local/lib/python3.7/site-packages/airflow/example_dags/example_skip_dag.py
[2024-10-30T16:18:45.684+0000] {processor.py:640} INFO - Processing file /home/airflow/.local/lib/python3.7/site-packages/airflow/example_dags/example_skip_dag.py for tasks to queue
[2024-10-30T16:18:45.685+0000] {logging_mixin.py:115} INFO - [2024-10-30T16:18:45.685+0000] {dagbag.py:508} INFO - Filling up the DagBag from /home/airflow/.local/lib/python3.7/site-packages/airflow/example_dags/example_skip_dag.py
[2024-10-30T16:18:45.689+0000] {processor.py:650} INFO - DAG(s) dict_keys(['example_skip_dag']) retrieved from /home/airflow/.local/lib/python3.7/site-packages/airflow/example_dags/example_skip_dag.py
[2024-10-30T16:18:45.707+0000] {logging_mixin.py:115} INFO - [2024-10-30T16:18:45.707+0000] {dag.py:2429} INFO - Sync 1 DAGs
[2024-10-30T16:18:45.722+0000] {logging_mixin.py:115} INFO - [2024-10-30T16:18:45.721+0000] {dag.py:2981} INFO - Setting next_dagrun for example_skip_dag to 2024-10-29T16:18:45.721820+00:00, run_after=2024-10-30T16:18:45.721820+00:00
[2024-10-30T16:18:45.729+0000] {processor.py:161} INFO - Processing /home/airflow/.local/lib/python3.7/site-packages/airflow/example_dags/example_skip_dag.py took 0.048 seconds
[2024-10-30T16:19:16.273+0000] {processor.py:153} INFO - Started process (PID=1016) to work on /home/airflow/.local/lib/python3.7/site-packages/airflow/example_dags/example_skip_dag.py
[2024-10-30T16:19:16.273+0000] {processor.py:640} INFO - Processing file /home/airflow/.local/lib/python3.7/site-packages/airflow/example_dags/example_skip_dag.py for tasks to queue
[2024-10-30T16:19:16.274+0000] {logging_mixin.py:115} INFO - [2024-10-30T16:19:16.274+0000] {dagbag.py:508} INFO - Filling up the DagBag from /home/airflow/.local/lib/python3.7/site-packages/airflow/example_dags/example_skip_dag.py
[2024-10-30T16:19:16.278+0000] {processor.py:650} INFO - DAG(s) dict_keys(['example_skip_dag']) retrieved from /home/airflow/.local/lib/python3.7/site-packages/airflow/example_dags/example_skip_dag.py
[2024-10-30T16:19:16.298+0000] {logging_mixin.py:115} INFO - [2024-10-30T16:19:16.298+0000] {dag.py:2429} INFO - Sync 1 DAGs
[2024-10-30T16:19:16.313+0000] {logging_mixin.py:115} INFO - [2024-10-30T16:19:16.313+0000] {dag.py:2981} INFO - Setting next_dagrun for example_skip_dag to 2024-10-29T16:19:16.313615+00:00, run_after=2024-10-30T16:19:16.313615+00:00
[2024-10-30T16:19:16.321+0000] {processor.py:161} INFO - Processing /home/airflow/.local/lib/python3.7/site-packages/airflow/example_dags/example_skip_dag.py took 0.050 seconds
[2024-10-30T16:19:46.991+0000] {processor.py:153} INFO - Started process (PID=1078) to work on /home/airflow/.local/lib/python3.7/site-packages/airflow/example_dags/example_skip_dag.py
[2024-10-30T16:19:46.991+0000] {processor.py:640} INFO - Processing file /home/airflow/.local/lib/python3.7/site-packages/airflow/example_dags/example_skip_dag.py for tasks to queue
[2024-10-30T16:19:46.992+0000] {logging_mixin.py:115} INFO - [2024-10-30T16:19:46.992+0000] {dagbag.py:508} INFO - Filling up the DagBag from /home/airflow/.local/lib/python3.7/site-packages/airflow/example_dags/example_skip_dag.py
[2024-10-30T16:19:46.995+0000] {processor.py:650} INFO - DAG(s) dict_keys(['example_skip_dag']) retrieved from /home/airflow/.local/lib/python3.7/site-packages/airflow/example_dags/example_skip_dag.py
[2024-10-30T16:19:47.014+0000] {logging_mixin.py:115} INFO - [2024-10-30T16:19:47.014+0000] {dag.py:2429} INFO - Sync 1 DAGs
[2024-10-30T16:19:47.030+0000] {logging_mixin.py:115} INFO - [2024-10-30T16:19:47.030+0000] {dag.py:2981} INFO - Setting next_dagrun for example_skip_dag to 2024-10-29T16:19:47.030347+00:00, run_after=2024-10-30T16:19:47.030347+00:00
[2024-10-30T16:19:47.038+0000] {processor.py:161} INFO - Processing /home/airflow/.local/lib/python3.7/site-packages/airflow/example_dags/example_skip_dag.py took 0.050 seconds
[2024-10-30T16:20:17.530+0000] {processor.py:153} INFO - Started process (PID=1131) to work on /home/airflow/.local/lib/python3.7/site-packages/airflow/example_dags/example_skip_dag.py
[2024-10-30T16:20:17.531+0000] {processor.py:640} INFO - Processing file /home/airflow/.local/lib/python3.7/site-packages/airflow/example_dags/example_skip_dag.py for tasks to queue
[2024-10-30T16:20:17.531+0000] {logging_mixin.py:115} INFO - [2024-10-30T16:20:17.531+0000] {dagbag.py:508} INFO - Filling up the DagBag from /home/airflow/.local/lib/python3.7/site-packages/airflow/example_dags/example_skip_dag.py
[2024-10-30T16:20:17.535+0000] {processor.py:650} INFO - DAG(s) dict_keys(['example_skip_dag']) retrieved from /home/airflow/.local/lib/python3.7/site-packages/airflow/example_dags/example_skip_dag.py
[2024-10-30T16:20:17.554+0000] {logging_mixin.py:115} INFO - [2024-10-30T16:20:17.553+0000] {dag.py:2429} INFO - Sync 1 DAGs
[2024-10-30T16:20:17.569+0000] {logging_mixin.py:115} INFO - [2024-10-30T16:20:17.569+0000] {dag.py:2981} INFO - Setting next_dagrun for example_skip_dag to 2024-10-29T16:20:17.569430+00:00, run_after=2024-10-30T16:20:17.569430+00:00
[2024-10-30T16:20:17.578+0000] {processor.py:161} INFO - Processing /home/airflow/.local/lib/python3.7/site-packages/airflow/example_dags/example_skip_dag.py took 0.050 seconds
[2024-10-30T16:20:48.137+0000] {processor.py:153} INFO - Started process (PID=1193) to work on /home/airflow/.local/lib/python3.7/site-packages/airflow/example_dags/example_skip_dag.py
[2024-10-30T16:20:48.138+0000] {processor.py:640} INFO - Processing file /home/airflow/.local/lib/python3.7/site-packages/airflow/example_dags/example_skip_dag.py for tasks to queue
[2024-10-30T16:20:48.139+0000] {logging_mixin.py:115} INFO - [2024-10-30T16:20:48.139+0000] {dagbag.py:508} INFO - Filling up the DagBag from /home/airflow/.local/lib/python3.7/site-packages/airflow/example_dags/example_skip_dag.py
[2024-10-30T16:20:48.142+0000] {processor.py:650} INFO - DAG(s) dict_keys(['example_skip_dag']) retrieved from /home/airflow/.local/lib/python3.7/site-packages/airflow/example_dags/example_skip_dag.py
[2024-10-30T16:20:48.163+0000] {logging_mixin.py:115} INFO - [2024-10-30T16:20:48.163+0000] {dag.py:2429} INFO - Sync 1 DAGs
[2024-10-30T16:20:48.178+0000] {logging_mixin.py:115} INFO - [2024-10-30T16:20:48.178+0000] {dag.py:2981} INFO - Setting next_dagrun for example_skip_dag to 2024-10-29T16:20:48.178643+00:00, run_after=2024-10-30T16:20:48.178643+00:00
[2024-10-30T16:20:48.187+0000] {processor.py:161} INFO - Processing /home/airflow/.local/lib/python3.7/site-packages/airflow/example_dags/example_skip_dag.py took 0.052 seconds
[2024-10-30T16:21:18.554+0000] {processor.py:153} INFO - Started process (PID=1255) to work on /home/airflow/.local/lib/python3.7/site-packages/airflow/example_dags/example_skip_dag.py
[2024-10-30T16:21:18.555+0000] {processor.py:640} INFO - Processing file /home/airflow/.local/lib/python3.7/site-packages/airflow/example_dags/example_skip_dag.py for tasks to queue
[2024-10-30T16:21:18.555+0000] {logging_mixin.py:115} INFO - [2024-10-30T16:21:18.555+0000] {dagbag.py:508} INFO - Filling up the DagBag from /home/airflow/.local/lib/python3.7/site-packages/airflow/example_dags/example_skip_dag.py
[2024-10-30T16:21:18.559+0000] {processor.py:650} INFO - DAG(s) dict_keys(['example_skip_dag']) retrieved from /home/airflow/.local/lib/python3.7/site-packages/airflow/example_dags/example_skip_dag.py
[2024-10-30T16:21:18.576+0000] {logging_mixin.py:115} INFO - [2024-10-30T16:21:18.576+0000] {dag.py:2429} INFO - Sync 1 DAGs
[2024-10-30T16:21:18.592+0000] {logging_mixin.py:115} INFO - [2024-10-30T16:21:18.592+0000] {dag.py:2981} INFO - Setting next_dagrun for example_skip_dag to 2024-10-29T16:21:18.591813+00:00, run_after=2024-10-30T16:21:18.591813+00:00
[2024-10-30T16:21:18.600+0000] {processor.py:161} INFO - Processing /home/airflow/.local/lib/python3.7/site-packages/airflow/example_dags/example_skip_dag.py took 0.047 seconds
[2024-10-30T16:21:48.989+0000] {processor.py:153} INFO - Started process (PID=1317) to work on /home/airflow/.local/lib/python3.7/site-packages/airflow/example_dags/example_skip_dag.py
[2024-10-30T16:21:48.990+0000] {processor.py:640} INFO - Processing file /home/airflow/.local/lib/python3.7/site-packages/airflow/example_dags/example_skip_dag.py for tasks to queue
[2024-10-30T16:21:48.990+0000] {logging_mixin.py:115} INFO - [2024-10-30T16:21:48.990+0000] {dagbag.py:508} INFO - Filling up the DagBag from /home/airflow/.local/lib/python3.7/site-packages/airflow/example_dags/example_skip_dag.py
[2024-10-30T16:21:48.995+0000] {processor.py:650} INFO - DAG(s) dict_keys(['example_skip_dag']) retrieved from /home/airflow/.local/lib/python3.7/site-packages/airflow/example_dags/example_skip_dag.py
[2024-10-30T16:21:49.022+0000] {logging_mixin.py:115} INFO - [2024-10-30T16:21:49.021+0000] {dag.py:2429} INFO - Sync 1 DAGs
[2024-10-30T16:21:49.045+0000] {logging_mixin.py:115} INFO - [2024-10-30T16:21:49.045+0000] {dag.py:2981} INFO - Setting next_dagrun for example_skip_dag to 2024-10-29T16:21:49.045183+00:00, run_after=2024-10-30T16:21:49.045183+00:00
[2024-10-30T16:21:49.060+0000] {processor.py:161} INFO - Processing /home/airflow/.local/lib/python3.7/site-packages/airflow/example_dags/example_skip_dag.py took 0.074 seconds
[2024-10-30T16:22:19.900+0000] {processor.py:153} INFO - Started process (PID=1370) to work on /home/airflow/.local/lib/python3.7/site-packages/airflow/example_dags/example_skip_dag.py
[2024-10-30T16:22:19.901+0000] {processor.py:640} INFO - Processing file /home/airflow/.local/lib/python3.7/site-packages/airflow/example_dags/example_skip_dag.py for tasks to queue
[2024-10-30T16:22:19.902+0000] {logging_mixin.py:115} INFO - [2024-10-30T16:22:19.901+0000] {dagbag.py:508} INFO - Filling up the DagBag from /home/airflow/.local/lib/python3.7/site-packages/airflow/example_dags/example_skip_dag.py
[2024-10-30T16:22:19.905+0000] {processor.py:650} INFO - DAG(s) dict_keys(['example_skip_dag']) retrieved from /home/airflow/.local/lib/python3.7/site-packages/airflow/example_dags/example_skip_dag.py
[2024-10-30T16:22:19.922+0000] {logging_mixin.py:115} INFO - [2024-10-30T16:22:19.922+0000] {dag.py:2429} INFO - Sync 1 DAGs
[2024-10-30T16:22:19.939+0000] {logging_mixin.py:115} INFO - [2024-10-30T16:22:19.938+0000] {dag.py:2981} INFO - Setting next_dagrun for example_skip_dag to 2024-10-29T16:22:19.938657+00:00, run_after=2024-10-30T16:22:19.938657+00:00
[2024-10-30T16:22:19.946+0000] {processor.py:161} INFO - Processing /home/airflow/.local/lib/python3.7/site-packages/airflow/example_dags/example_skip_dag.py took 0.047 seconds
[2024-10-30T16:22:50.602+0000] {processor.py:153} INFO - Started process (PID=1432) to work on /home/airflow/.local/lib/python3.7/site-packages/airflow/example_dags/example_skip_dag.py
[2024-10-30T16:22:50.603+0000] {processor.py:640} INFO - Processing file /home/airflow/.local/lib/python3.7/site-packages/airflow/example_dags/example_skip_dag.py for tasks to queue
[2024-10-30T16:22:50.603+0000] {logging_mixin.py:115} INFO - [2024-10-30T16:22:50.603+0000] {dagbag.py:508} INFO - Filling up the DagBag from /home/airflow/.local/lib/python3.7/site-packages/airflow/example_dags/example_skip_dag.py
[2024-10-30T16:22:50.608+0000] {processor.py:650} INFO - DAG(s) dict_keys(['example_skip_dag']) retrieved from /home/airflow/.local/lib/python3.7/site-packages/airflow/example_dags/example_skip_dag.py
[2024-10-30T16:22:50.625+0000] {logging_mixin.py:115} INFO - [2024-10-30T16:22:50.625+0000] {dag.py:2429} INFO - Sync 1 DAGs
[2024-10-30T16:22:50.643+0000] {logging_mixin.py:115} INFO - [2024-10-30T16:22:50.643+0000] {dag.py:2981} INFO - Setting next_dagrun for example_skip_dag to 2024-10-29T16:22:50.643379+00:00, run_after=2024-10-30T16:22:50.643379+00:00
[2024-10-30T16:22:50.652+0000] {processor.py:161} INFO - Processing /home/airflow/.local/lib/python3.7/site-packages/airflow/example_dags/example_skip_dag.py took 0.052 seconds
[2024-10-30T16:23:21.111+0000] {processor.py:153} INFO - Started process (PID=1494) to work on /home/airflow/.local/lib/python3.7/site-packages/airflow/example_dags/example_skip_dag.py
[2024-10-30T16:23:21.112+0000] {processor.py:640} INFO - Processing file /home/airflow/.local/lib/python3.7/site-packages/airflow/example_dags/example_skip_dag.py for tasks to queue
[2024-10-30T16:23:21.112+0000] {logging_mixin.py:115} INFO - [2024-10-30T16:23:21.112+0000] {dagbag.py:508} INFO - Filling up the DagBag from /home/airflow/.local/lib/python3.7/site-packages/airflow/example_dags/example_skip_dag.py
[2024-10-30T16:23:21.116+0000] {processor.py:650} INFO - DAG(s) dict_keys(['example_skip_dag']) retrieved from /home/airflow/.local/lib/python3.7/site-packages/airflow/example_dags/example_skip_dag.py
[2024-10-30T16:23:21.132+0000] {logging_mixin.py:115} INFO - [2024-10-30T16:23:21.132+0000] {dag.py:2429} INFO - Sync 1 DAGs
[2024-10-30T16:23:21.146+0000] {logging_mixin.py:115} INFO - [2024-10-30T16:23:21.146+0000] {dag.py:2981} INFO - Setting next_dagrun for example_skip_dag to 2024-10-29T16:23:21.146195+00:00, run_after=2024-10-30T16:23:21.146195+00:00
[2024-10-30T16:23:21.154+0000] {processor.py:161} INFO - Processing /home/airflow/.local/lib/python3.7/site-packages/airflow/example_dags/example_skip_dag.py took 0.045 seconds
[2024-10-30T16:23:51.804+0000] {processor.py:153} INFO - Started process (PID=1556) to work on /home/airflow/.local/lib/python3.7/site-packages/airflow/example_dags/example_skip_dag.py
[2024-10-30T16:23:51.805+0000] {processor.py:640} INFO - Processing file /home/airflow/.local/lib/python3.7/site-packages/airflow/example_dags/example_skip_dag.py for tasks to queue
[2024-10-30T16:23:51.806+0000] {logging_mixin.py:115} INFO - [2024-10-30T16:23:51.806+0000] {dagbag.py:508} INFO - Filling up the DagBag from /home/airflow/.local/lib/python3.7/site-packages/airflow/example_dags/example_skip_dag.py
[2024-10-30T16:23:51.820+0000] {processor.py:650} INFO - DAG(s) dict_keys(['example_skip_dag']) retrieved from /home/airflow/.local/lib/python3.7/site-packages/airflow/example_dags/example_skip_dag.py
[2024-10-30T16:23:51.857+0000] {logging_mixin.py:115} INFO - [2024-10-30T16:23:51.857+0000] {dag.py:2429} INFO - Sync 1 DAGs
[2024-10-30T16:23:51.880+0000] {logging_mixin.py:115} INFO - [2024-10-30T16:23:51.880+0000] {dag.py:2981} INFO - Setting next_dagrun for example_skip_dag to 2024-10-29T16:23:51.880279+00:00, run_after=2024-10-30T16:23:51.880279+00:00
[2024-10-30T16:23:51.892+0000] {processor.py:161} INFO - Processing /home/airflow/.local/lib/python3.7/site-packages/airflow/example_dags/example_skip_dag.py took 0.091 seconds
[2024-10-30T16:24:22.478+0000] {processor.py:153} INFO - Started process (PID=1609) to work on /home/airflow/.local/lib/python3.7/site-packages/airflow/example_dags/example_skip_dag.py
[2024-10-30T16:24:22.479+0000] {processor.py:640} INFO - Processing file /home/airflow/.local/lib/python3.7/site-packages/airflow/example_dags/example_skip_dag.py for tasks to queue
[2024-10-30T16:24:22.479+0000] {logging_mixin.py:115} INFO - [2024-10-30T16:24:22.479+0000] {dagbag.py:508} INFO - Filling up the DagBag from /home/airflow/.local/lib/python3.7/site-packages/airflow/example_dags/example_skip_dag.py
[2024-10-30T16:24:22.485+0000] {processor.py:650} INFO - DAG(s) dict_keys(['example_skip_dag']) retrieved from /home/airflow/.local/lib/python3.7/site-packages/airflow/example_dags/example_skip_dag.py
[2024-10-30T16:24:22.512+0000] {logging_mixin.py:115} INFO - [2024-10-30T16:24:22.512+0000] {dag.py:2429} INFO - Sync 1 DAGs
[2024-10-30T16:24:22.535+0000] {logging_mixin.py:115} INFO - [2024-10-30T16:24:22.535+0000] {dag.py:2981} INFO - Setting next_dagrun for example_skip_dag to 2024-10-29T16:24:22.534950+00:00, run_after=2024-10-30T16:24:22.534950+00:00
[2024-10-30T16:24:22.545+0000] {processor.py:161} INFO - Processing /home/airflow/.local/lib/python3.7/site-packages/airflow/example_dags/example_skip_dag.py took 0.069 seconds
[2024-10-30T16:24:53.467+0000] {processor.py:153} INFO - Started process (PID=1672) to work on /home/airflow/.local/lib/python3.7/site-packages/airflow/example_dags/example_skip_dag.py
[2024-10-30T16:24:53.468+0000] {processor.py:640} INFO - Processing file /home/airflow/.local/lib/python3.7/site-packages/airflow/example_dags/example_skip_dag.py for tasks to queue
[2024-10-30T16:24:53.469+0000] {logging_mixin.py:115} INFO - [2024-10-30T16:24:53.469+0000] {dagbag.py:508} INFO - Filling up the DagBag from /home/airflow/.local/lib/python3.7/site-packages/airflow/example_dags/example_skip_dag.py
[2024-10-30T16:24:53.473+0000] {processor.py:650} INFO - DAG(s) dict_keys(['example_skip_dag']) retrieved from /home/airflow/.local/lib/python3.7/site-packages/airflow/example_dags/example_skip_dag.py
[2024-10-30T16:24:53.500+0000] {logging_mixin.py:115} INFO - [2024-10-30T16:24:53.499+0000] {dag.py:2429} INFO - Sync 1 DAGs
[2024-10-30T16:24:53.521+0000] {logging_mixin.py:115} INFO - [2024-10-30T16:24:53.520+0000] {dag.py:2981} INFO - Setting next_dagrun for example_skip_dag to 2024-10-29T16:24:53.520555+00:00, run_after=2024-10-30T16:24:53.520555+00:00
[2024-10-30T16:24:53.533+0000] {processor.py:161} INFO - Processing /home/airflow/.local/lib/python3.7/site-packages/airflow/example_dags/example_skip_dag.py took 0.068 seconds
[2024-10-30T16:25:24.209+0000] {processor.py:153} INFO - Started process (PID=1734) to work on /home/airflow/.local/lib/python3.7/site-packages/airflow/example_dags/example_skip_dag.py
[2024-10-30T16:25:24.210+0000] {processor.py:640} INFO - Processing file /home/airflow/.local/lib/python3.7/site-packages/airflow/example_dags/example_skip_dag.py for tasks to queue
[2024-10-30T16:25:24.210+0000] {logging_mixin.py:115} INFO - [2024-10-30T16:25:24.210+0000] {dagbag.py:508} INFO - Filling up the DagBag from /home/airflow/.local/lib/python3.7/site-packages/airflow/example_dags/example_skip_dag.py
[2024-10-30T16:25:24.214+0000] {processor.py:650} INFO - DAG(s) dict_keys(['example_skip_dag']) retrieved from /home/airflow/.local/lib/python3.7/site-packages/airflow/example_dags/example_skip_dag.py
[2024-10-30T16:25:24.232+0000] {logging_mixin.py:115} INFO - [2024-10-30T16:25:24.232+0000] {dag.py:2429} INFO - Sync 1 DAGs
[2024-10-30T16:25:24.246+0000] {logging_mixin.py:115} INFO - [2024-10-30T16:25:24.246+0000] {dag.py:2981} INFO - Setting next_dagrun for example_skip_dag to 2024-10-29T16:25:24.246452+00:00, run_after=2024-10-30T16:25:24.246452+00:00
[2024-10-30T16:25:24.254+0000] {processor.py:161} INFO - Processing /home/airflow/.local/lib/python3.7/site-packages/airflow/example_dags/example_skip_dag.py took 0.047 seconds
[2024-10-30T16:25:54.734+0000] {processor.py:153} INFO - Started process (PID=1797) to work on /home/airflow/.local/lib/python3.7/site-packages/airflow/example_dags/example_skip_dag.py
[2024-10-30T16:25:54.735+0000] {processor.py:640} INFO - Processing file /home/airflow/.local/lib/python3.7/site-packages/airflow/example_dags/example_skip_dag.py for tasks to queue
[2024-10-30T16:25:54.736+0000] {logging_mixin.py:115} INFO - [2024-10-30T16:25:54.736+0000] {dagbag.py:508} INFO - Filling up the DagBag from /home/airflow/.local/lib/python3.7/site-packages/airflow/example_dags/example_skip_dag.py
[2024-10-30T16:25:54.743+0000] {processor.py:650} INFO - DAG(s) dict_keys(['example_skip_dag']) retrieved from /home/airflow/.local/lib/python3.7/site-packages/airflow/example_dags/example_skip_dag.py
[2024-10-30T16:25:54.770+0000] {logging_mixin.py:115} INFO - [2024-10-30T16:25:54.769+0000] {dag.py:2429} INFO - Sync 1 DAGs
[2024-10-30T16:25:54.792+0000] {logging_mixin.py:115} INFO - [2024-10-30T16:25:54.792+0000] {dag.py:2981} INFO - Setting next_dagrun for example_skip_dag to 2024-10-29T16:25:54.792029+00:00, run_after=2024-10-30T16:25:54.792029+00:00
[2024-10-30T16:25:54.804+0000] {processor.py:161} INFO - Processing /home/airflow/.local/lib/python3.7/site-packages/airflow/example_dags/example_skip_dag.py took 0.073 seconds
[2024-10-30T16:26:25.773+0000] {processor.py:153} INFO - Started process (PID=1852) to work on /home/airflow/.local/lib/python3.7/site-packages/airflow/example_dags/example_skip_dag.py
[2024-10-30T16:26:25.774+0000] {processor.py:640} INFO - Processing file /home/airflow/.local/lib/python3.7/site-packages/airflow/example_dags/example_skip_dag.py for tasks to queue
[2024-10-30T16:26:25.775+0000] {logging_mixin.py:115} INFO - [2024-10-30T16:26:25.774+0000] {dagbag.py:508} INFO - Filling up the DagBag from /home/airflow/.local/lib/python3.7/site-packages/airflow/example_dags/example_skip_dag.py
[2024-10-30T16:26:25.779+0000] {processor.py:650} INFO - DAG(s) dict_keys(['example_skip_dag']) retrieved from /home/airflow/.local/lib/python3.7/site-packages/airflow/example_dags/example_skip_dag.py
[2024-10-30T16:26:25.803+0000] {logging_mixin.py:115} INFO - [2024-10-30T16:26:25.803+0000] {dag.py:2429} INFO - Sync 1 DAGs
[2024-10-30T16:26:25.823+0000] {logging_mixin.py:115} INFO - [2024-10-30T16:26:25.823+0000] {dag.py:2981} INFO - Setting next_dagrun for example_skip_dag to 2024-10-29T16:26:25.822915+00:00, run_after=2024-10-30T16:26:25.822915+00:00
[2024-10-30T16:26:25.831+0000] {processor.py:161} INFO - Processing /home/airflow/.local/lib/python3.7/site-packages/airflow/example_dags/example_skip_dag.py took 0.061 seconds
[2024-10-30T16:26:56.503+0000] {processor.py:153} INFO - Started process (PID=1916) to work on /home/airflow/.local/lib/python3.7/site-packages/airflow/example_dags/example_skip_dag.py
[2024-10-30T16:26:56.504+0000] {processor.py:640} INFO - Processing file /home/airflow/.local/lib/python3.7/site-packages/airflow/example_dags/example_skip_dag.py for tasks to queue
[2024-10-30T16:26:56.504+0000] {logging_mixin.py:115} INFO - [2024-10-30T16:26:56.504+0000] {dagbag.py:508} INFO - Filling up the DagBag from /home/airflow/.local/lib/python3.7/site-packages/airflow/example_dags/example_skip_dag.py
[2024-10-30T16:26:56.508+0000] {processor.py:650} INFO - DAG(s) dict_keys(['example_skip_dag']) retrieved from /home/airflow/.local/lib/python3.7/site-packages/airflow/example_dags/example_skip_dag.py
[2024-10-30T16:26:56.527+0000] {logging_mixin.py:115} INFO - [2024-10-30T16:26:56.527+0000] {dag.py:2429} INFO - Sync 1 DAGs
[2024-10-30T16:26:56.544+0000] {logging_mixin.py:115} INFO - [2024-10-30T16:26:56.544+0000] {dag.py:2981} INFO - Setting next_dagrun for example_skip_dag to 2024-10-29T16:26:56.544107+00:00, run_after=2024-10-30T16:26:56.544107+00:00
[2024-10-30T16:26:56.552+0000] {processor.py:161} INFO - Processing /home/airflow/.local/lib/python3.7/site-packages/airflow/example_dags/example_skip_dag.py took 0.052 seconds
