[2024-10-30T16:11:07.485+0000] {processor.py:153} INFO - Started process (PID=80) to work on /home/airflow/.local/lib/python3.7/site-packages/airflow/example_dags/example_task_group.py
[2024-10-30T16:11:07.486+0000] {processor.py:640} INFO - Processing file /home/airflow/.local/lib/python3.7/site-packages/airflow/example_dags/example_task_group.py for tasks to queue
[2024-10-30T16:11:07.487+0000] {logging_mixin.py:115} INFO - [2024-10-30T16:11:07.487+0000] {dagbag.py:508} INFO - Filling up the DagBag from /home/airflow/.local/lib/python3.7/site-packages/airflow/example_dags/example_task_group.py
[2024-10-30T16:11:07.492+0000] {processor.py:650} INFO - DAG(s) dict_keys(['example_task_group']) retrieved from /home/airflow/.local/lib/python3.7/site-packages/airflow/example_dags/example_task_group.py
[2024-10-30T16:11:07.565+0000] {logging_mixin.py:115} INFO - [2024-10-30T16:11:07.565+0000] {manager.py:508} INFO - Created Permission View: can delete on DAG:example_task_group
[2024-10-30T16:11:07.574+0000] {logging_mixin.py:115} INFO - [2024-10-30T16:11:07.574+0000] {manager.py:508} INFO - Created Permission View: can read on DAG:example_task_group
[2024-10-30T16:11:07.580+0000] {logging_mixin.py:115} INFO - [2024-10-30T16:11:07.580+0000] {manager.py:508} INFO - Created Permission View: can edit on DAG:example_task_group
[2024-10-30T16:11:07.581+0000] {logging_mixin.py:115} INFO - [2024-10-30T16:11:07.581+0000] {dag.py:2429} INFO - Sync 1 DAGs
[2024-10-30T16:11:07.589+0000] {logging_mixin.py:115} INFO - [2024-10-30T16:11:07.589+0000] {dag.py:2448} INFO - Creating ORM DAG for example_task_group
[2024-10-30T16:11:07.600+0000] {logging_mixin.py:115} INFO - [2024-10-30T16:11:07.600+0000] {dag.py:2981} INFO - Setting next_dagrun for example_task_group to 2024-10-29T16:11:07.599853+00:00, run_after=2024-10-30T16:11:07.599853+00:00
[2024-10-30T16:11:07.613+0000] {processor.py:161} INFO - Processing /home/airflow/.local/lib/python3.7/site-packages/airflow/example_dags/example_task_group.py took 0.130 seconds
[2024-10-30T16:11:38.264+0000] {processor.py:153} INFO - Started process (PID=142) to work on /home/airflow/.local/lib/python3.7/site-packages/airflow/example_dags/example_task_group.py
[2024-10-30T16:11:38.265+0000] {processor.py:640} INFO - Processing file /home/airflow/.local/lib/python3.7/site-packages/airflow/example_dags/example_task_group.py for tasks to queue
[2024-10-30T16:11:38.266+0000] {logging_mixin.py:115} INFO - [2024-10-30T16:11:38.266+0000] {dagbag.py:508} INFO - Filling up the DagBag from /home/airflow/.local/lib/python3.7/site-packages/airflow/example_dags/example_task_group.py
[2024-10-30T16:11:38.270+0000] {processor.py:650} INFO - DAG(s) dict_keys(['example_task_group']) retrieved from /home/airflow/.local/lib/python3.7/site-packages/airflow/example_dags/example_task_group.py
[2024-10-30T16:11:38.290+0000] {logging_mixin.py:115} INFO - [2024-10-30T16:11:38.290+0000] {dag.py:2429} INFO - Sync 1 DAGs
[2024-10-30T16:11:38.304+0000] {logging_mixin.py:115} INFO - [2024-10-30T16:11:38.304+0000] {dag.py:2981} INFO - Setting next_dagrun for example_task_group to 2024-10-29T16:11:38.304467+00:00, run_after=2024-10-30T16:11:38.304467+00:00
[2024-10-30T16:11:38.311+0000] {processor.py:161} INFO - Processing /home/airflow/.local/lib/python3.7/site-packages/airflow/example_dags/example_task_group.py took 0.049 seconds
[2024-10-30T16:12:08.907+0000] {processor.py:153} INFO - Started process (PID=204) to work on /home/airflow/.local/lib/python3.7/site-packages/airflow/example_dags/example_task_group.py
[2024-10-30T16:12:08.908+0000] {processor.py:640} INFO - Processing file /home/airflow/.local/lib/python3.7/site-packages/airflow/example_dags/example_task_group.py for tasks to queue
[2024-10-30T16:12:08.908+0000] {logging_mixin.py:115} INFO - [2024-10-30T16:12:08.908+0000] {dagbag.py:508} INFO - Filling up the DagBag from /home/airflow/.local/lib/python3.7/site-packages/airflow/example_dags/example_task_group.py
[2024-10-30T16:12:08.913+0000] {processor.py:650} INFO - DAG(s) dict_keys(['example_task_group']) retrieved from /home/airflow/.local/lib/python3.7/site-packages/airflow/example_dags/example_task_group.py
[2024-10-30T16:12:08.937+0000] {logging_mixin.py:115} INFO - [2024-10-30T16:12:08.936+0000] {dag.py:2429} INFO - Sync 1 DAGs
[2024-10-30T16:12:08.959+0000] {logging_mixin.py:115} INFO - [2024-10-30T16:12:08.959+0000] {dag.py:2981} INFO - Setting next_dagrun for example_task_group to 2024-10-29T16:12:08.959236+00:00, run_after=2024-10-30T16:12:08.959236+00:00
[2024-10-30T16:12:08.969+0000] {processor.py:161} INFO - Processing /home/airflow/.local/lib/python3.7/site-packages/airflow/example_dags/example_task_group.py took 0.064 seconds
[2024-10-30T16:12:39.388+0000] {processor.py:153} INFO - Started process (PID=258) to work on /home/airflow/.local/lib/python3.7/site-packages/airflow/example_dags/example_task_group.py
[2024-10-30T16:12:39.389+0000] {processor.py:640} INFO - Processing file /home/airflow/.local/lib/python3.7/site-packages/airflow/example_dags/example_task_group.py for tasks to queue
[2024-10-30T16:12:39.390+0000] {logging_mixin.py:115} INFO - [2024-10-30T16:12:39.389+0000] {dagbag.py:508} INFO - Filling up the DagBag from /home/airflow/.local/lib/python3.7/site-packages/airflow/example_dags/example_task_group.py
[2024-10-30T16:12:39.395+0000] {processor.py:650} INFO - DAG(s) dict_keys(['example_task_group']) retrieved from /home/airflow/.local/lib/python3.7/site-packages/airflow/example_dags/example_task_group.py
[2024-10-30T16:12:39.417+0000] {logging_mixin.py:115} INFO - [2024-10-30T16:12:39.416+0000] {dag.py:2429} INFO - Sync 1 DAGs
[2024-10-30T16:12:39.431+0000] {logging_mixin.py:115} INFO - [2024-10-30T16:12:39.431+0000] {dag.py:2981} INFO - Setting next_dagrun for example_task_group to 2024-10-29T16:12:39.431039+00:00, run_after=2024-10-30T16:12:39.431039+00:00
[2024-10-30T16:12:39.439+0000] {processor.py:161} INFO - Processing /home/airflow/.local/lib/python3.7/site-packages/airflow/example_dags/example_task_group.py took 0.054 seconds
[2024-10-30T16:13:09.896+0000] {processor.py:153} INFO - Started process (PID=320) to work on /home/airflow/.local/lib/python3.7/site-packages/airflow/example_dags/example_task_group.py
[2024-10-30T16:13:09.896+0000] {processor.py:640} INFO - Processing file /home/airflow/.local/lib/python3.7/site-packages/airflow/example_dags/example_task_group.py for tasks to queue
[2024-10-30T16:13:09.897+0000] {logging_mixin.py:115} INFO - [2024-10-30T16:13:09.897+0000] {dagbag.py:508} INFO - Filling up the DagBag from /home/airflow/.local/lib/python3.7/site-packages/airflow/example_dags/example_task_group.py
[2024-10-30T16:13:09.904+0000] {processor.py:650} INFO - DAG(s) dict_keys(['example_task_group']) retrieved from /home/airflow/.local/lib/python3.7/site-packages/airflow/example_dags/example_task_group.py
[2024-10-30T16:13:09.926+0000] {logging_mixin.py:115} INFO - [2024-10-30T16:13:09.926+0000] {dag.py:2429} INFO - Sync 1 DAGs
[2024-10-30T16:13:09.945+0000] {logging_mixin.py:115} INFO - [2024-10-30T16:13:09.945+0000] {dag.py:2981} INFO - Setting next_dagrun for example_task_group to 2024-10-29T16:13:09.945273+00:00, run_after=2024-10-30T16:13:09.945273+00:00
[2024-10-30T16:13:09.953+0000] {processor.py:161} INFO - Processing /home/airflow/.local/lib/python3.7/site-packages/airflow/example_dags/example_task_group.py took 0.060 seconds
[2024-10-30T16:13:40.744+0000] {processor.py:153} INFO - Started process (PID=383) to work on /home/airflow/.local/lib/python3.7/site-packages/airflow/example_dags/example_task_group.py
[2024-10-30T16:13:40.744+0000] {processor.py:640} INFO - Processing file /home/airflow/.local/lib/python3.7/site-packages/airflow/example_dags/example_task_group.py for tasks to queue
[2024-10-30T16:13:40.745+0000] {logging_mixin.py:115} INFO - [2024-10-30T16:13:40.745+0000] {dagbag.py:508} INFO - Filling up the DagBag from /home/airflow/.local/lib/python3.7/site-packages/airflow/example_dags/example_task_group.py
[2024-10-30T16:13:40.751+0000] {processor.py:650} INFO - DAG(s) dict_keys(['example_task_group']) retrieved from /home/airflow/.local/lib/python3.7/site-packages/airflow/example_dags/example_task_group.py
[2024-10-30T16:13:40.769+0000] {logging_mixin.py:115} INFO - [2024-10-30T16:13:40.769+0000] {dag.py:2429} INFO - Sync 1 DAGs
[2024-10-30T16:13:40.786+0000] {logging_mixin.py:115} INFO - [2024-10-30T16:13:40.785+0000] {dag.py:2981} INFO - Setting next_dagrun for example_task_group to 2024-10-29T16:13:40.785771+00:00, run_after=2024-10-30T16:13:40.785771+00:00
[2024-10-30T16:13:40.794+0000] {processor.py:161} INFO - Processing /home/airflow/.local/lib/python3.7/site-packages/airflow/example_dags/example_task_group.py took 0.052 seconds
[2024-10-30T16:14:11.529+0000] {processor.py:153} INFO - Started process (PID=445) to work on /home/airflow/.local/lib/python3.7/site-packages/airflow/example_dags/example_task_group.py
[2024-10-30T16:14:11.530+0000] {processor.py:640} INFO - Processing file /home/airflow/.local/lib/python3.7/site-packages/airflow/example_dags/example_task_group.py for tasks to queue
[2024-10-30T16:14:11.530+0000] {logging_mixin.py:115} INFO - [2024-10-30T16:14:11.530+0000] {dagbag.py:508} INFO - Filling up the DagBag from /home/airflow/.local/lib/python3.7/site-packages/airflow/example_dags/example_task_group.py
[2024-10-30T16:14:11.536+0000] {processor.py:650} INFO - DAG(s) dict_keys(['example_task_group']) retrieved from /home/airflow/.local/lib/python3.7/site-packages/airflow/example_dags/example_task_group.py
[2024-10-30T16:14:11.554+0000] {logging_mixin.py:115} INFO - [2024-10-30T16:14:11.554+0000] {dag.py:2429} INFO - Sync 1 DAGs
[2024-10-30T16:14:11.570+0000] {logging_mixin.py:115} INFO - [2024-10-30T16:14:11.570+0000] {dag.py:2981} INFO - Setting next_dagrun for example_task_group to 2024-10-29T16:14:11.570352+00:00, run_after=2024-10-30T16:14:11.570352+00:00
[2024-10-30T16:14:11.585+0000] {processor.py:161} INFO - Processing /home/airflow/.local/lib/python3.7/site-packages/airflow/example_dags/example_task_group.py took 0.057 seconds
[2024-10-30T16:14:42.276+0000] {processor.py:153} INFO - Started process (PID=498) to work on /home/airflow/.local/lib/python3.7/site-packages/airflow/example_dags/example_task_group.py
[2024-10-30T16:14:42.276+0000] {processor.py:640} INFO - Processing file /home/airflow/.local/lib/python3.7/site-packages/airflow/example_dags/example_task_group.py for tasks to queue
[2024-10-30T16:14:42.277+0000] {logging_mixin.py:115} INFO - [2024-10-30T16:14:42.277+0000] {dagbag.py:508} INFO - Filling up the DagBag from /home/airflow/.local/lib/python3.7/site-packages/airflow/example_dags/example_task_group.py
[2024-10-30T16:14:42.283+0000] {processor.py:650} INFO - DAG(s) dict_keys(['example_task_group']) retrieved from /home/airflow/.local/lib/python3.7/site-packages/airflow/example_dags/example_task_group.py
[2024-10-30T16:14:42.308+0000] {logging_mixin.py:115} INFO - [2024-10-30T16:14:42.308+0000] {dag.py:2429} INFO - Sync 1 DAGs
[2024-10-30T16:14:42.323+0000] {logging_mixin.py:115} INFO - [2024-10-30T16:14:42.323+0000] {dag.py:2981} INFO - Setting next_dagrun for example_task_group to 2024-10-29T16:14:42.323100+00:00, run_after=2024-10-30T16:14:42.323100+00:00
[2024-10-30T16:14:42.331+0000] {processor.py:161} INFO - Processing /home/airflow/.local/lib/python3.7/site-packages/airflow/example_dags/example_task_group.py took 0.057 seconds
[2024-10-30T16:15:12.861+0000] {processor.py:153} INFO - Started process (PID=560) to work on /home/airflow/.local/lib/python3.7/site-packages/airflow/example_dags/example_task_group.py
[2024-10-30T16:15:12.862+0000] {processor.py:640} INFO - Processing file /home/airflow/.local/lib/python3.7/site-packages/airflow/example_dags/example_task_group.py for tasks to queue
[2024-10-30T16:15:12.862+0000] {logging_mixin.py:115} INFO - [2024-10-30T16:15:12.862+0000] {dagbag.py:508} INFO - Filling up the DagBag from /home/airflow/.local/lib/python3.7/site-packages/airflow/example_dags/example_task_group.py
[2024-10-30T16:15:12.867+0000] {processor.py:650} INFO - DAG(s) dict_keys(['example_task_group']) retrieved from /home/airflow/.local/lib/python3.7/site-packages/airflow/example_dags/example_task_group.py
[2024-10-30T16:15:12.883+0000] {logging_mixin.py:115} INFO - [2024-10-30T16:15:12.883+0000] {dag.py:2429} INFO - Sync 1 DAGs
[2024-10-30T16:15:12.898+0000] {logging_mixin.py:115} INFO - [2024-10-30T16:15:12.898+0000] {dag.py:2981} INFO - Setting next_dagrun for example_task_group to 2024-10-29T16:15:12.898485+00:00, run_after=2024-10-30T16:15:12.898485+00:00
[2024-10-30T16:15:12.908+0000] {processor.py:161} INFO - Processing /home/airflow/.local/lib/python3.7/site-packages/airflow/example_dags/example_task_group.py took 0.048 seconds
[2024-10-30T16:15:43.618+0000] {processor.py:153} INFO - Started process (PID=622) to work on /home/airflow/.local/lib/python3.7/site-packages/airflow/example_dags/example_task_group.py
[2024-10-30T16:15:43.618+0000] {processor.py:640} INFO - Processing file /home/airflow/.local/lib/python3.7/site-packages/airflow/example_dags/example_task_group.py for tasks to queue
[2024-10-30T16:15:43.619+0000] {logging_mixin.py:115} INFO - [2024-10-30T16:15:43.619+0000] {dagbag.py:508} INFO - Filling up the DagBag from /home/airflow/.local/lib/python3.7/site-packages/airflow/example_dags/example_task_group.py
[2024-10-30T16:15:43.623+0000] {processor.py:650} INFO - DAG(s) dict_keys(['example_task_group']) retrieved from /home/airflow/.local/lib/python3.7/site-packages/airflow/example_dags/example_task_group.py
[2024-10-30T16:15:43.641+0000] {logging_mixin.py:115} INFO - [2024-10-30T16:15:43.641+0000] {dag.py:2429} INFO - Sync 1 DAGs
[2024-10-30T16:15:43.658+0000] {logging_mixin.py:115} INFO - [2024-10-30T16:15:43.657+0000] {dag.py:2981} INFO - Setting next_dagrun for example_task_group to 2024-10-29T16:15:43.657734+00:00, run_after=2024-10-30T16:15:43.657734+00:00
[2024-10-30T16:15:43.667+0000] {processor.py:161} INFO - Processing /home/airflow/.local/lib/python3.7/site-packages/airflow/example_dags/example_task_group.py took 0.052 seconds
[2024-10-30T16:16:14.406+0000] {processor.py:153} INFO - Started process (PID=684) to work on /home/airflow/.local/lib/python3.7/site-packages/airflow/example_dags/example_task_group.py
[2024-10-30T16:16:14.407+0000] {processor.py:640} INFO - Processing file /home/airflow/.local/lib/python3.7/site-packages/airflow/example_dags/example_task_group.py for tasks to queue
[2024-10-30T16:16:14.408+0000] {logging_mixin.py:115} INFO - [2024-10-30T16:16:14.408+0000] {dagbag.py:508} INFO - Filling up the DagBag from /home/airflow/.local/lib/python3.7/site-packages/airflow/example_dags/example_task_group.py
[2024-10-30T16:16:14.413+0000] {processor.py:650} INFO - DAG(s) dict_keys(['example_task_group']) retrieved from /home/airflow/.local/lib/python3.7/site-packages/airflow/example_dags/example_task_group.py
[2024-10-30T16:16:14.433+0000] {logging_mixin.py:115} INFO - [2024-10-30T16:16:14.432+0000] {dag.py:2429} INFO - Sync 1 DAGs
[2024-10-30T16:16:14.449+0000] {logging_mixin.py:115} INFO - [2024-10-30T16:16:14.449+0000] {dag.py:2981} INFO - Setting next_dagrun for example_task_group to 2024-10-29T16:16:14.449484+00:00, run_after=2024-10-30T16:16:14.449484+00:00
[2024-10-30T16:16:14.458+0000] {processor.py:161} INFO - Processing /home/airflow/.local/lib/python3.7/site-packages/airflow/example_dags/example_task_group.py took 0.055 seconds
[2024-10-30T16:16:45.188+0000] {processor.py:153} INFO - Started process (PID=737) to work on /home/airflow/.local/lib/python3.7/site-packages/airflow/example_dags/example_task_group.py
[2024-10-30T16:16:45.188+0000] {processor.py:640} INFO - Processing file /home/airflow/.local/lib/python3.7/site-packages/airflow/example_dags/example_task_group.py for tasks to queue
[2024-10-30T16:16:45.189+0000] {logging_mixin.py:115} INFO - [2024-10-30T16:16:45.189+0000] {dagbag.py:508} INFO - Filling up the DagBag from /home/airflow/.local/lib/python3.7/site-packages/airflow/example_dags/example_task_group.py
[2024-10-30T16:16:45.194+0000] {processor.py:650} INFO - DAG(s) dict_keys(['example_task_group']) retrieved from /home/airflow/.local/lib/python3.7/site-packages/airflow/example_dags/example_task_group.py
[2024-10-30T16:16:45.213+0000] {logging_mixin.py:115} INFO - [2024-10-30T16:16:45.213+0000] {dag.py:2429} INFO - Sync 1 DAGs
[2024-10-30T16:16:45.230+0000] {logging_mixin.py:115} INFO - [2024-10-30T16:16:45.230+0000] {dag.py:2981} INFO - Setting next_dagrun for example_task_group to 2024-10-29T16:16:45.229852+00:00, run_after=2024-10-30T16:16:45.229852+00:00
[2024-10-30T16:16:45.238+0000] {processor.py:161} INFO - Processing /home/airflow/.local/lib/python3.7/site-packages/airflow/example_dags/example_task_group.py took 0.053 seconds
[2024-10-30T16:17:16.028+0000] {processor.py:153} INFO - Started process (PID=799) to work on /home/airflow/.local/lib/python3.7/site-packages/airflow/example_dags/example_task_group.py
[2024-10-30T16:17:16.029+0000] {processor.py:640} INFO - Processing file /home/airflow/.local/lib/python3.7/site-packages/airflow/example_dags/example_task_group.py for tasks to queue
[2024-10-30T16:17:16.029+0000] {logging_mixin.py:115} INFO - [2024-10-30T16:17:16.029+0000] {dagbag.py:508} INFO - Filling up the DagBag from /home/airflow/.local/lib/python3.7/site-packages/airflow/example_dags/example_task_group.py
[2024-10-30T16:17:16.035+0000] {processor.py:650} INFO - DAG(s) dict_keys(['example_task_group']) retrieved from /home/airflow/.local/lib/python3.7/site-packages/airflow/example_dags/example_task_group.py
[2024-10-30T16:17:16.056+0000] {logging_mixin.py:115} INFO - [2024-10-30T16:17:16.056+0000] {dag.py:2429} INFO - Sync 1 DAGs
[2024-10-30T16:17:16.072+0000] {logging_mixin.py:115} INFO - [2024-10-30T16:17:16.071+0000] {dag.py:2981} INFO - Setting next_dagrun for example_task_group to 2024-10-29T16:17:16.071638+00:00, run_after=2024-10-30T16:17:16.071638+00:00
[2024-10-30T16:17:16.079+0000] {processor.py:161} INFO - Processing /home/airflow/.local/lib/python3.7/site-packages/airflow/example_dags/example_task_group.py took 0.053 seconds
[2024-10-30T16:17:46.630+0000] {processor.py:153} INFO - Started process (PID=861) to work on /home/airflow/.local/lib/python3.7/site-packages/airflow/example_dags/example_task_group.py
[2024-10-30T16:17:46.630+0000] {processor.py:640} INFO - Processing file /home/airflow/.local/lib/python3.7/site-packages/airflow/example_dags/example_task_group.py for tasks to queue
[2024-10-30T16:17:46.631+0000] {logging_mixin.py:115} INFO - [2024-10-30T16:17:46.631+0000] {dagbag.py:508} INFO - Filling up the DagBag from /home/airflow/.local/lib/python3.7/site-packages/airflow/example_dags/example_task_group.py
[2024-10-30T16:17:46.636+0000] {processor.py:650} INFO - DAG(s) dict_keys(['example_task_group']) retrieved from /home/airflow/.local/lib/python3.7/site-packages/airflow/example_dags/example_task_group.py
[2024-10-30T16:17:46.655+0000] {logging_mixin.py:115} INFO - [2024-10-30T16:17:46.654+0000] {dag.py:2429} INFO - Sync 1 DAGs
[2024-10-30T16:17:46.671+0000] {logging_mixin.py:115} INFO - [2024-10-30T16:17:46.670+0000] {dag.py:2981} INFO - Setting next_dagrun for example_task_group to 2024-10-29T16:17:46.670762+00:00, run_after=2024-10-30T16:17:46.670762+00:00
[2024-10-30T16:17:46.681+0000] {processor.py:161} INFO - Processing /home/airflow/.local/lib/python3.7/site-packages/airflow/example_dags/example_task_group.py took 0.053 seconds
[2024-10-30T16:18:17.182+0000] {processor.py:153} INFO - Started process (PID=923) to work on /home/airflow/.local/lib/python3.7/site-packages/airflow/example_dags/example_task_group.py
[2024-10-30T16:18:17.182+0000] {processor.py:640} INFO - Processing file /home/airflow/.local/lib/python3.7/site-packages/airflow/example_dags/example_task_group.py for tasks to queue
[2024-10-30T16:18:17.183+0000] {logging_mixin.py:115} INFO - [2024-10-30T16:18:17.183+0000] {dagbag.py:508} INFO - Filling up the DagBag from /home/airflow/.local/lib/python3.7/site-packages/airflow/example_dags/example_task_group.py
[2024-10-30T16:18:17.189+0000] {processor.py:650} INFO - DAG(s) dict_keys(['example_task_group']) retrieved from /home/airflow/.local/lib/python3.7/site-packages/airflow/example_dags/example_task_group.py
[2024-10-30T16:18:17.208+0000] {logging_mixin.py:115} INFO - [2024-10-30T16:18:17.208+0000] {dag.py:2429} INFO - Sync 1 DAGs
[2024-10-30T16:18:17.224+0000] {logging_mixin.py:115} INFO - [2024-10-30T16:18:17.224+0000] {dag.py:2981} INFO - Setting next_dagrun for example_task_group to 2024-10-29T16:18:17.224634+00:00, run_after=2024-10-30T16:18:17.224634+00:00
[2024-10-30T16:18:17.234+0000] {processor.py:161} INFO - Processing /home/airflow/.local/lib/python3.7/site-packages/airflow/example_dags/example_task_group.py took 0.054 seconds
[2024-10-30T16:18:47.664+0000] {processor.py:153} INFO - Started process (PID=975) to work on /home/airflow/.local/lib/python3.7/site-packages/airflow/example_dags/example_task_group.py
[2024-10-30T16:18:47.665+0000] {processor.py:640} INFO - Processing file /home/airflow/.local/lib/python3.7/site-packages/airflow/example_dags/example_task_group.py for tasks to queue
[2024-10-30T16:18:47.665+0000] {logging_mixin.py:115} INFO - [2024-10-30T16:18:47.665+0000] {dagbag.py:508} INFO - Filling up the DagBag from /home/airflow/.local/lib/python3.7/site-packages/airflow/example_dags/example_task_group.py
[2024-10-30T16:18:47.670+0000] {processor.py:650} INFO - DAG(s) dict_keys(['example_task_group']) retrieved from /home/airflow/.local/lib/python3.7/site-packages/airflow/example_dags/example_task_group.py
[2024-10-30T16:18:47.686+0000] {logging_mixin.py:115} INFO - [2024-10-30T16:18:47.686+0000] {dag.py:2429} INFO - Sync 1 DAGs
[2024-10-30T16:18:47.700+0000] {logging_mixin.py:115} INFO - [2024-10-30T16:18:47.700+0000] {dag.py:2981} INFO - Setting next_dagrun for example_task_group to 2024-10-29T16:18:47.700360+00:00, run_after=2024-10-30T16:18:47.700360+00:00
[2024-10-30T16:18:47.708+0000] {processor.py:161} INFO - Processing /home/airflow/.local/lib/python3.7/site-packages/airflow/example_dags/example_task_group.py took 0.046 seconds
[2024-10-30T16:19:18.186+0000] {processor.py:153} INFO - Started process (PID=1037) to work on /home/airflow/.local/lib/python3.7/site-packages/airflow/example_dags/example_task_group.py
[2024-10-30T16:19:18.187+0000] {processor.py:640} INFO - Processing file /home/airflow/.local/lib/python3.7/site-packages/airflow/example_dags/example_task_group.py for tasks to queue
[2024-10-30T16:19:18.188+0000] {logging_mixin.py:115} INFO - [2024-10-30T16:19:18.188+0000] {dagbag.py:508} INFO - Filling up the DagBag from /home/airflow/.local/lib/python3.7/site-packages/airflow/example_dags/example_task_group.py
[2024-10-30T16:19:18.194+0000] {processor.py:650} INFO - DAG(s) dict_keys(['example_task_group']) retrieved from /home/airflow/.local/lib/python3.7/site-packages/airflow/example_dags/example_task_group.py
[2024-10-30T16:19:18.213+0000] {logging_mixin.py:115} INFO - [2024-10-30T16:19:18.213+0000] {dag.py:2429} INFO - Sync 1 DAGs
[2024-10-30T16:19:18.230+0000] {logging_mixin.py:115} INFO - [2024-10-30T16:19:18.229+0000] {dag.py:2981} INFO - Setting next_dagrun for example_task_group to 2024-10-29T16:19:18.229653+00:00, run_after=2024-10-30T16:19:18.229653+00:00
[2024-10-30T16:19:18.241+0000] {processor.py:161} INFO - Processing /home/airflow/.local/lib/python3.7/site-packages/airflow/example_dags/example_task_group.py took 0.057 seconds
[2024-10-30T16:19:49.008+0000] {processor.py:153} INFO - Started process (PID=1100) to work on /home/airflow/.local/lib/python3.7/site-packages/airflow/example_dags/example_task_group.py
[2024-10-30T16:19:49.009+0000] {processor.py:640} INFO - Processing file /home/airflow/.local/lib/python3.7/site-packages/airflow/example_dags/example_task_group.py for tasks to queue
[2024-10-30T16:19:49.010+0000] {logging_mixin.py:115} INFO - [2024-10-30T16:19:49.009+0000] {dagbag.py:508} INFO - Filling up the DagBag from /home/airflow/.local/lib/python3.7/site-packages/airflow/example_dags/example_task_group.py
[2024-10-30T16:19:49.014+0000] {processor.py:650} INFO - DAG(s) dict_keys(['example_task_group']) retrieved from /home/airflow/.local/lib/python3.7/site-packages/airflow/example_dags/example_task_group.py
[2024-10-30T16:19:49.035+0000] {logging_mixin.py:115} INFO - [2024-10-30T16:19:49.035+0000] {dag.py:2429} INFO - Sync 1 DAGs
[2024-10-30T16:19:49.051+0000] {logging_mixin.py:115} INFO - [2024-10-30T16:19:49.051+0000] {dag.py:2981} INFO - Setting next_dagrun for example_task_group to 2024-10-29T16:19:49.051368+00:00, run_after=2024-10-30T16:19:49.051368+00:00
[2024-10-30T16:19:49.060+0000] {processor.py:161} INFO - Processing /home/airflow/.local/lib/python3.7/site-packages/airflow/example_dags/example_task_group.py took 0.054 seconds
[2024-10-30T16:20:19.601+0000] {processor.py:153} INFO - Started process (PID=1162) to work on /home/airflow/.local/lib/python3.7/site-packages/airflow/example_dags/example_task_group.py
[2024-10-30T16:20:19.602+0000] {processor.py:640} INFO - Processing file /home/airflow/.local/lib/python3.7/site-packages/airflow/example_dags/example_task_group.py for tasks to queue
[2024-10-30T16:20:19.603+0000] {logging_mixin.py:115} INFO - [2024-10-30T16:20:19.602+0000] {dagbag.py:508} INFO - Filling up the DagBag from /home/airflow/.local/lib/python3.7/site-packages/airflow/example_dags/example_task_group.py
[2024-10-30T16:20:19.607+0000] {processor.py:650} INFO - DAG(s) dict_keys(['example_task_group']) retrieved from /home/airflow/.local/lib/python3.7/site-packages/airflow/example_dags/example_task_group.py
[2024-10-30T16:20:19.627+0000] {logging_mixin.py:115} INFO - [2024-10-30T16:20:19.627+0000] {dag.py:2429} INFO - Sync 1 DAGs
[2024-10-30T16:20:19.645+0000] {logging_mixin.py:115} INFO - [2024-10-30T16:20:19.645+0000] {dag.py:2981} INFO - Setting next_dagrun for example_task_group to 2024-10-29T16:20:19.645185+00:00, run_after=2024-10-30T16:20:19.645185+00:00
[2024-10-30T16:20:19.654+0000] {processor.py:161} INFO - Processing /home/airflow/.local/lib/python3.7/site-packages/airflow/example_dags/example_task_group.py took 0.055 seconds
[2024-10-30T16:20:50.098+0000] {processor.py:153} INFO - Started process (PID=1215) to work on /home/airflow/.local/lib/python3.7/site-packages/airflow/example_dags/example_task_group.py
[2024-10-30T16:20:50.099+0000] {processor.py:640} INFO - Processing file /home/airflow/.local/lib/python3.7/site-packages/airflow/example_dags/example_task_group.py for tasks to queue
[2024-10-30T16:20:50.099+0000] {logging_mixin.py:115} INFO - [2024-10-30T16:20:50.099+0000] {dagbag.py:508} INFO - Filling up the DagBag from /home/airflow/.local/lib/python3.7/site-packages/airflow/example_dags/example_task_group.py
[2024-10-30T16:20:50.104+0000] {processor.py:650} INFO - DAG(s) dict_keys(['example_task_group']) retrieved from /home/airflow/.local/lib/python3.7/site-packages/airflow/example_dags/example_task_group.py
[2024-10-30T16:20:50.121+0000] {logging_mixin.py:115} INFO - [2024-10-30T16:20:50.120+0000] {dag.py:2429} INFO - Sync 1 DAGs
[2024-10-30T16:20:50.135+0000] {logging_mixin.py:115} INFO - [2024-10-30T16:20:50.135+0000] {dag.py:2981} INFO - Setting next_dagrun for example_task_group to 2024-10-29T16:20:50.135057+00:00, run_after=2024-10-30T16:20:50.135057+00:00
[2024-10-30T16:20:50.143+0000] {processor.py:161} INFO - Processing /home/airflow/.local/lib/python3.7/site-packages/airflow/example_dags/example_task_group.py took 0.047 seconds
[2024-10-30T16:21:20.439+0000] {processor.py:153} INFO - Started process (PID=1277) to work on /home/airflow/.local/lib/python3.7/site-packages/airflow/example_dags/example_task_group.py
[2024-10-30T16:21:20.440+0000] {processor.py:640} INFO - Processing file /home/airflow/.local/lib/python3.7/site-packages/airflow/example_dags/example_task_group.py for tasks to queue
[2024-10-30T16:21:20.440+0000] {logging_mixin.py:115} INFO - [2024-10-30T16:21:20.440+0000] {dagbag.py:508} INFO - Filling up the DagBag from /home/airflow/.local/lib/python3.7/site-packages/airflow/example_dags/example_task_group.py
[2024-10-30T16:21:20.444+0000] {processor.py:650} INFO - DAG(s) dict_keys(['example_task_group']) retrieved from /home/airflow/.local/lib/python3.7/site-packages/airflow/example_dags/example_task_group.py
[2024-10-30T16:21:20.461+0000] {logging_mixin.py:115} INFO - [2024-10-30T16:21:20.460+0000] {dag.py:2429} INFO - Sync 1 DAGs
[2024-10-30T16:21:20.477+0000] {logging_mixin.py:115} INFO - [2024-10-30T16:21:20.476+0000] {dag.py:2981} INFO - Setting next_dagrun for example_task_group to 2024-10-29T16:21:20.476689+00:00, run_after=2024-10-30T16:21:20.476689+00:00
[2024-10-30T16:21:20.484+0000] {processor.py:161} INFO - Processing /home/airflow/.local/lib/python3.7/site-packages/airflow/example_dags/example_task_group.py took 0.047 seconds
[2024-10-30T16:21:51.313+0000] {processor.py:153} INFO - Started process (PID=1339) to work on /home/airflow/.local/lib/python3.7/site-packages/airflow/example_dags/example_task_group.py
[2024-10-30T16:21:51.314+0000] {processor.py:640} INFO - Processing file /home/airflow/.local/lib/python3.7/site-packages/airflow/example_dags/example_task_group.py for tasks to queue
[2024-10-30T16:21:51.314+0000] {logging_mixin.py:115} INFO - [2024-10-30T16:21:51.314+0000] {dagbag.py:508} INFO - Filling up the DagBag from /home/airflow/.local/lib/python3.7/site-packages/airflow/example_dags/example_task_group.py
[2024-10-30T16:21:51.320+0000] {processor.py:650} INFO - DAG(s) dict_keys(['example_task_group']) retrieved from /home/airflow/.local/lib/python3.7/site-packages/airflow/example_dags/example_task_group.py
[2024-10-30T16:21:51.341+0000] {logging_mixin.py:115} INFO - [2024-10-30T16:21:51.341+0000] {dag.py:2429} INFO - Sync 1 DAGs
[2024-10-30T16:21:51.358+0000] {logging_mixin.py:115} INFO - [2024-10-30T16:21:51.358+0000] {dag.py:2981} INFO - Setting next_dagrun for example_task_group to 2024-10-29T16:21:51.358337+00:00, run_after=2024-10-30T16:21:51.358337+00:00
[2024-10-30T16:21:51.369+0000] {processor.py:161} INFO - Processing /home/airflow/.local/lib/python3.7/site-packages/airflow/example_dags/example_task_group.py took 0.058 seconds
[2024-10-30T16:22:21.985+0000] {processor.py:153} INFO - Started process (PID=1392) to work on /home/airflow/.local/lib/python3.7/site-packages/airflow/example_dags/example_task_group.py
[2024-10-30T16:22:21.987+0000] {processor.py:640} INFO - Processing file /home/airflow/.local/lib/python3.7/site-packages/airflow/example_dags/example_task_group.py for tasks to queue
[2024-10-30T16:22:21.987+0000] {logging_mixin.py:115} INFO - [2024-10-30T16:22:21.987+0000] {dagbag.py:508} INFO - Filling up the DagBag from /home/airflow/.local/lib/python3.7/site-packages/airflow/example_dags/example_task_group.py
[2024-10-30T16:22:21.993+0000] {processor.py:650} INFO - DAG(s) dict_keys(['example_task_group']) retrieved from /home/airflow/.local/lib/python3.7/site-packages/airflow/example_dags/example_task_group.py
[2024-10-30T16:22:22.010+0000] {logging_mixin.py:115} INFO - [2024-10-30T16:22:22.010+0000] {dag.py:2429} INFO - Sync 1 DAGs
[2024-10-30T16:22:22.025+0000] {logging_mixin.py:115} INFO - [2024-10-30T16:22:22.025+0000] {dag.py:2981} INFO - Setting next_dagrun for example_task_group to 2024-10-29T16:22:22.025648+00:00, run_after=2024-10-30T16:22:22.025648+00:00
[2024-10-30T16:22:22.033+0000] {processor.py:161} INFO - Processing /home/airflow/.local/lib/python3.7/site-packages/airflow/example_dags/example_task_group.py took 0.051 seconds
[2024-10-30T16:22:52.612+0000] {processor.py:153} INFO - Started process (PID=1454) to work on /home/airflow/.local/lib/python3.7/site-packages/airflow/example_dags/example_task_group.py
[2024-10-30T16:22:52.613+0000] {processor.py:640} INFO - Processing file /home/airflow/.local/lib/python3.7/site-packages/airflow/example_dags/example_task_group.py for tasks to queue
[2024-10-30T16:22:52.614+0000] {logging_mixin.py:115} INFO - [2024-10-30T16:22:52.613+0000] {dagbag.py:508} INFO - Filling up the DagBag from /home/airflow/.local/lib/python3.7/site-packages/airflow/example_dags/example_task_group.py
[2024-10-30T16:22:52.619+0000] {processor.py:650} INFO - DAG(s) dict_keys(['example_task_group']) retrieved from /home/airflow/.local/lib/python3.7/site-packages/airflow/example_dags/example_task_group.py
[2024-10-30T16:22:52.636+0000] {logging_mixin.py:115} INFO - [2024-10-30T16:22:52.636+0000] {dag.py:2429} INFO - Sync 1 DAGs
[2024-10-30T16:22:52.655+0000] {logging_mixin.py:115} INFO - [2024-10-30T16:22:52.655+0000] {dag.py:2981} INFO - Setting next_dagrun for example_task_group to 2024-10-29T16:22:52.654937+00:00, run_after=2024-10-30T16:22:52.654937+00:00
[2024-10-30T16:22:52.662+0000] {processor.py:161} INFO - Processing /home/airflow/.local/lib/python3.7/site-packages/airflow/example_dags/example_task_group.py took 0.052 seconds
[2024-10-30T16:23:23.228+0000] {processor.py:153} INFO - Started process (PID=1516) to work on /home/airflow/.local/lib/python3.7/site-packages/airflow/example_dags/example_task_group.py
[2024-10-30T16:23:23.228+0000] {processor.py:640} INFO - Processing file /home/airflow/.local/lib/python3.7/site-packages/airflow/example_dags/example_task_group.py for tasks to queue
[2024-10-30T16:23:23.229+0000] {logging_mixin.py:115} INFO - [2024-10-30T16:23:23.229+0000] {dagbag.py:508} INFO - Filling up the DagBag from /home/airflow/.local/lib/python3.7/site-packages/airflow/example_dags/example_task_group.py
[2024-10-30T16:23:23.234+0000] {processor.py:650} INFO - DAG(s) dict_keys(['example_task_group']) retrieved from /home/airflow/.local/lib/python3.7/site-packages/airflow/example_dags/example_task_group.py
[2024-10-30T16:23:23.256+0000] {logging_mixin.py:115} INFO - [2024-10-30T16:23:23.256+0000] {dag.py:2429} INFO - Sync 1 DAGs
[2024-10-30T16:23:23.274+0000] {logging_mixin.py:115} INFO - [2024-10-30T16:23:23.274+0000] {dag.py:2981} INFO - Setting next_dagrun for example_task_group to 2024-10-29T16:23:23.274076+00:00, run_after=2024-10-30T16:23:23.274076+00:00
[2024-10-30T16:23:23.285+0000] {processor.py:161} INFO - Processing /home/airflow/.local/lib/python3.7/site-packages/airflow/example_dags/example_task_group.py took 0.060 seconds
[2024-10-30T16:23:53.899+0000] {processor.py:153} INFO - Started process (PID=1578) to work on /home/airflow/.local/lib/python3.7/site-packages/airflow/example_dags/example_task_group.py
[2024-10-30T16:23:53.900+0000] {processor.py:640} INFO - Processing file /home/airflow/.local/lib/python3.7/site-packages/airflow/example_dags/example_task_group.py for tasks to queue
[2024-10-30T16:23:53.901+0000] {logging_mixin.py:115} INFO - [2024-10-30T16:23:53.901+0000] {dagbag.py:508} INFO - Filling up the DagBag from /home/airflow/.local/lib/python3.7/site-packages/airflow/example_dags/example_task_group.py
[2024-10-30T16:23:53.907+0000] {processor.py:650} INFO - DAG(s) dict_keys(['example_task_group']) retrieved from /home/airflow/.local/lib/python3.7/site-packages/airflow/example_dags/example_task_group.py
[2024-10-30T16:23:53.927+0000] {logging_mixin.py:115} INFO - [2024-10-30T16:23:53.927+0000] {dag.py:2429} INFO - Sync 1 DAGs
[2024-10-30T16:23:53.945+0000] {logging_mixin.py:115} INFO - [2024-10-30T16:23:53.945+0000] {dag.py:2981} INFO - Setting next_dagrun for example_task_group to 2024-10-29T16:23:53.945564+00:00, run_after=2024-10-30T16:23:53.945564+00:00
[2024-10-30T16:23:53.954+0000] {processor.py:161} INFO - Processing /home/airflow/.local/lib/python3.7/site-packages/airflow/example_dags/example_task_group.py took 0.058 seconds
[2024-10-30T16:24:24.760+0000] {processor.py:153} INFO - Started process (PID=1638) to work on /home/airflow/.local/lib/python3.7/site-packages/airflow/example_dags/example_task_group.py
[2024-10-30T16:24:24.761+0000] {processor.py:640} INFO - Processing file /home/airflow/.local/lib/python3.7/site-packages/airflow/example_dags/example_task_group.py for tasks to queue
[2024-10-30T16:24:24.762+0000] {logging_mixin.py:115} INFO - [2024-10-30T16:24:24.762+0000] {dagbag.py:508} INFO - Filling up the DagBag from /home/airflow/.local/lib/python3.7/site-packages/airflow/example_dags/example_task_group.py
[2024-10-30T16:24:24.768+0000] {processor.py:650} INFO - DAG(s) dict_keys(['example_task_group']) retrieved from /home/airflow/.local/lib/python3.7/site-packages/airflow/example_dags/example_task_group.py
[2024-10-30T16:24:24.792+0000] {logging_mixin.py:115} INFO - [2024-10-30T16:24:24.792+0000] {dag.py:2429} INFO - Sync 1 DAGs
[2024-10-30T16:24:24.812+0000] {logging_mixin.py:115} INFO - [2024-10-30T16:24:24.812+0000] {dag.py:2981} INFO - Setting next_dagrun for example_task_group to 2024-10-29T16:24:24.811989+00:00, run_after=2024-10-30T16:24:24.811989+00:00
[2024-10-30T16:24:24.823+0000] {processor.py:161} INFO - Processing /home/airflow/.local/lib/python3.7/site-packages/airflow/example_dags/example_task_group.py took 0.066 seconds
[2024-10-30T16:24:55.614+0000] {processor.py:153} INFO - Started process (PID=1694) to work on /home/airflow/.local/lib/python3.7/site-packages/airflow/example_dags/example_task_group.py
[2024-10-30T16:24:55.615+0000] {processor.py:640} INFO - Processing file /home/airflow/.local/lib/python3.7/site-packages/airflow/example_dags/example_task_group.py for tasks to queue
[2024-10-30T16:24:55.616+0000] {logging_mixin.py:115} INFO - [2024-10-30T16:24:55.616+0000] {dagbag.py:508} INFO - Filling up the DagBag from /home/airflow/.local/lib/python3.7/site-packages/airflow/example_dags/example_task_group.py
[2024-10-30T16:24:55.622+0000] {processor.py:650} INFO - DAG(s) dict_keys(['example_task_group']) retrieved from /home/airflow/.local/lib/python3.7/site-packages/airflow/example_dags/example_task_group.py
[2024-10-30T16:24:55.648+0000] {logging_mixin.py:115} INFO - [2024-10-30T16:24:55.648+0000] {dag.py:2429} INFO - Sync 1 DAGs
[2024-10-30T16:24:55.665+0000] {logging_mixin.py:115} INFO - [2024-10-30T16:24:55.665+0000] {dag.py:2981} INFO - Setting next_dagrun for example_task_group to 2024-10-29T16:24:55.664980+00:00, run_after=2024-10-30T16:24:55.664980+00:00
[2024-10-30T16:24:55.675+0000] {processor.py:161} INFO - Processing /home/airflow/.local/lib/python3.7/site-packages/airflow/example_dags/example_task_group.py took 0.063 seconds
[2024-10-30T16:25:26.212+0000] {processor.py:153} INFO - Started process (PID=1756) to work on /home/airflow/.local/lib/python3.7/site-packages/airflow/example_dags/example_task_group.py
[2024-10-30T16:25:26.213+0000] {processor.py:640} INFO - Processing file /home/airflow/.local/lib/python3.7/site-packages/airflow/example_dags/example_task_group.py for tasks to queue
[2024-10-30T16:25:26.213+0000] {logging_mixin.py:115} INFO - [2024-10-30T16:25:26.213+0000] {dagbag.py:508} INFO - Filling up the DagBag from /home/airflow/.local/lib/python3.7/site-packages/airflow/example_dags/example_task_group.py
[2024-10-30T16:25:26.219+0000] {processor.py:650} INFO - DAG(s) dict_keys(['example_task_group']) retrieved from /home/airflow/.local/lib/python3.7/site-packages/airflow/example_dags/example_task_group.py
[2024-10-30T16:25:26.237+0000] {logging_mixin.py:115} INFO - [2024-10-30T16:25:26.237+0000] {dag.py:2429} INFO - Sync 1 DAGs
[2024-10-30T16:25:26.253+0000] {logging_mixin.py:115} INFO - [2024-10-30T16:25:26.253+0000] {dag.py:2981} INFO - Setting next_dagrun for example_task_group to 2024-10-29T16:25:26.252877+00:00, run_after=2024-10-30T16:25:26.252877+00:00
[2024-10-30T16:25:26.263+0000] {processor.py:161} INFO - Processing /home/airflow/.local/lib/python3.7/site-packages/airflow/example_dags/example_task_group.py took 0.053 seconds
[2024-10-30T16:25:57.168+0000] {processor.py:153} INFO - Started process (PID=1819) to work on /home/airflow/.local/lib/python3.7/site-packages/airflow/example_dags/example_task_group.py
[2024-10-30T16:25:57.169+0000] {processor.py:640} INFO - Processing file /home/airflow/.local/lib/python3.7/site-packages/airflow/example_dags/example_task_group.py for tasks to queue
[2024-10-30T16:25:57.170+0000] {logging_mixin.py:115} INFO - [2024-10-30T16:25:57.170+0000] {dagbag.py:508} INFO - Filling up the DagBag from /home/airflow/.local/lib/python3.7/site-packages/airflow/example_dags/example_task_group.py
[2024-10-30T16:25:57.179+0000] {processor.py:650} INFO - DAG(s) dict_keys(['example_task_group']) retrieved from /home/airflow/.local/lib/python3.7/site-packages/airflow/example_dags/example_task_group.py
[2024-10-30T16:25:57.203+0000] {logging_mixin.py:115} INFO - [2024-10-30T16:25:57.203+0000] {dag.py:2429} INFO - Sync 1 DAGs
[2024-10-30T16:25:57.222+0000] {logging_mixin.py:115} INFO - [2024-10-30T16:25:57.221+0000] {dag.py:2981} INFO - Setting next_dagrun for example_task_group to 2024-10-29T16:25:57.221813+00:00, run_after=2024-10-30T16:25:57.221813+00:00
[2024-10-30T16:25:57.232+0000] {processor.py:161} INFO - Processing /home/airflow/.local/lib/python3.7/site-packages/airflow/example_dags/example_task_group.py took 0.067 seconds
[2024-10-30T16:26:27.874+0000] {processor.py:153} INFO - Started process (PID=1874) to work on /home/airflow/.local/lib/python3.7/site-packages/airflow/example_dags/example_task_group.py
[2024-10-30T16:26:27.875+0000] {processor.py:640} INFO - Processing file /home/airflow/.local/lib/python3.7/site-packages/airflow/example_dags/example_task_group.py for tasks to queue
[2024-10-30T16:26:27.876+0000] {logging_mixin.py:115} INFO - [2024-10-30T16:26:27.875+0000] {dagbag.py:508} INFO - Filling up the DagBag from /home/airflow/.local/lib/python3.7/site-packages/airflow/example_dags/example_task_group.py
[2024-10-30T16:26:27.882+0000] {processor.py:650} INFO - DAG(s) dict_keys(['example_task_group']) retrieved from /home/airflow/.local/lib/python3.7/site-packages/airflow/example_dags/example_task_group.py
[2024-10-30T16:26:27.904+0000] {logging_mixin.py:115} INFO - [2024-10-30T16:26:27.904+0000] {dag.py:2429} INFO - Sync 1 DAGs
[2024-10-30T16:26:27.920+0000] {logging_mixin.py:115} INFO - [2024-10-30T16:26:27.920+0000] {dag.py:2981} INFO - Setting next_dagrun for example_task_group to 2024-10-29T16:26:27.920030+00:00, run_after=2024-10-30T16:26:27.920030+00:00
[2024-10-30T16:26:27.928+0000] {processor.py:161} INFO - Processing /home/airflow/.local/lib/python3.7/site-packages/airflow/example_dags/example_task_group.py took 0.057 seconds
[2024-10-30T16:26:58.483+0000] {processor.py:153} INFO - Started process (PID=1938) to work on /home/airflow/.local/lib/python3.7/site-packages/airflow/example_dags/example_task_group.py
[2024-10-30T16:26:58.483+0000] {processor.py:640} INFO - Processing file /home/airflow/.local/lib/python3.7/site-packages/airflow/example_dags/example_task_group.py for tasks to queue
[2024-10-30T16:26:58.484+0000] {logging_mixin.py:115} INFO - [2024-10-30T16:26:58.484+0000] {dagbag.py:508} INFO - Filling up the DagBag from /home/airflow/.local/lib/python3.7/site-packages/airflow/example_dags/example_task_group.py
[2024-10-30T16:26:58.488+0000] {processor.py:650} INFO - DAG(s) dict_keys(['example_task_group']) retrieved from /home/airflow/.local/lib/python3.7/site-packages/airflow/example_dags/example_task_group.py
[2024-10-30T16:26:58.506+0000] {logging_mixin.py:115} INFO - [2024-10-30T16:26:58.506+0000] {dag.py:2429} INFO - Sync 1 DAGs
[2024-10-30T16:26:58.522+0000] {logging_mixin.py:115} INFO - [2024-10-30T16:26:58.522+0000] {dag.py:2981} INFO - Setting next_dagrun for example_task_group to 2024-10-29T16:26:58.522396+00:00, run_after=2024-10-30T16:26:58.522396+00:00
[2024-10-30T16:26:58.532+0000] {processor.py:161} INFO - Processing /home/airflow/.local/lib/python3.7/site-packages/airflow/example_dags/example_task_group.py took 0.051 seconds
