[2024-10-30T16:11:06.200+0000] {processor.py:153} INFO - Started process (PID=67) to work on /home/airflow/.local/lib/python3.7/site-packages/airflow/example_dags/example_sla_dag.py
[2024-10-30T16:11:06.202+0000] {processor.py:640} INFO - Processing file /home/airflow/.local/lib/python3.7/site-packages/airflow/example_dags/example_sla_dag.py for tasks to queue
[2024-10-30T16:11:06.203+0000] {logging_mixin.py:115} INFO - [2024-10-30T16:11:06.203+0000] {dagbag.py:508} INFO - Filling up the DagBag from /home/airflow/.local/lib/python3.7/site-packages/airflow/example_dags/example_sla_dag.py
[2024-10-30T16:11:06.222+0000] {processor.py:650} INFO - DAG(s) dict_keys(['example_sla_dag']) retrieved from /home/airflow/.local/lib/python3.7/site-packages/airflow/example_dags/example_sla_dag.py
[2024-10-30T16:11:06.303+0000] {logging_mixin.py:115} INFO - [2024-10-30T16:11:06.303+0000] {manager.py:508} INFO - Created Permission View: can delete on DAG:example_sla_dag
[2024-10-30T16:11:06.311+0000] {logging_mixin.py:115} INFO - [2024-10-30T16:11:06.311+0000] {manager.py:508} INFO - Created Permission View: can read on DAG:example_sla_dag
[2024-10-30T16:11:06.319+0000] {logging_mixin.py:115} INFO - [2024-10-30T16:11:06.319+0000] {manager.py:508} INFO - Created Permission View: can edit on DAG:example_sla_dag
[2024-10-30T16:11:06.320+0000] {logging_mixin.py:115} INFO - [2024-10-30T16:11:06.320+0000] {dag.py:2429} INFO - Sync 1 DAGs
[2024-10-30T16:11:06.330+0000] {logging_mixin.py:115} INFO - [2024-10-30T16:11:06.330+0000] {dag.py:2448} INFO - Creating ORM DAG for example_sla_dag
[2024-10-30T16:11:06.347+0000] {logging_mixin.py:115} INFO - [2024-10-30T16:11:06.347+0000] {dag.py:2981} INFO - Setting next_dagrun for example_sla_dag to 2024-10-30T16:08:00+00:00, run_after=2024-10-30T16:10:00+00:00
[2024-10-30T16:11:06.359+0000] {processor.py:161} INFO - Processing /home/airflow/.local/lib/python3.7/site-packages/airflow/example_dags/example_sla_dag.py took 0.162 seconds
[2024-10-30T16:11:36.688+0000] {processor.py:153} INFO - Started process (PID=129) to work on /home/airflow/.local/lib/python3.7/site-packages/airflow/example_dags/example_sla_dag.py
[2024-10-30T16:11:36.688+0000] {processor.py:640} INFO - Processing file /home/airflow/.local/lib/python3.7/site-packages/airflow/example_dags/example_sla_dag.py for tasks to queue
[2024-10-30T16:11:36.689+0000] {logging_mixin.py:115} INFO - [2024-10-30T16:11:36.689+0000] {dagbag.py:508} INFO - Filling up the DagBag from /home/airflow/.local/lib/python3.7/site-packages/airflow/example_dags/example_sla_dag.py
[2024-10-30T16:11:36.703+0000] {processor.py:650} INFO - DAG(s) dict_keys(['example_sla_dag']) retrieved from /home/airflow/.local/lib/python3.7/site-packages/airflow/example_dags/example_sla_dag.py
[2024-10-30T16:11:36.720+0000] {logging_mixin.py:115} INFO - [2024-10-30T16:11:36.720+0000] {dag.py:2429} INFO - Sync 1 DAGs
[2024-10-30T16:11:36.743+0000] {logging_mixin.py:115} INFO - [2024-10-30T16:11:36.743+0000] {dag.py:2981} INFO - Setting next_dagrun for example_sla_dag to 2024-10-30T16:08:00+00:00, run_after=2024-10-30T16:10:00+00:00
[2024-10-30T16:11:36.751+0000] {processor.py:161} INFO - Processing /home/airflow/.local/lib/python3.7/site-packages/airflow/example_dags/example_sla_dag.py took 0.065 seconds
[2024-10-30T16:12:07.267+0000] {processor.py:153} INFO - Started process (PID=191) to work on /home/airflow/.local/lib/python3.7/site-packages/airflow/example_dags/example_sla_dag.py
[2024-10-30T16:12:07.268+0000] {processor.py:640} INFO - Processing file /home/airflow/.local/lib/python3.7/site-packages/airflow/example_dags/example_sla_dag.py for tasks to queue
[2024-10-30T16:12:07.269+0000] {logging_mixin.py:115} INFO - [2024-10-30T16:12:07.269+0000] {dagbag.py:508} INFO - Filling up the DagBag from /home/airflow/.local/lib/python3.7/site-packages/airflow/example_dags/example_sla_dag.py
[2024-10-30T16:12:07.283+0000] {processor.py:650} INFO - DAG(s) dict_keys(['example_sla_dag']) retrieved from /home/airflow/.local/lib/python3.7/site-packages/airflow/example_dags/example_sla_dag.py
[2024-10-30T16:12:07.303+0000] {logging_mixin.py:115} INFO - [2024-10-30T16:12:07.303+0000] {dag.py:2429} INFO - Sync 1 DAGs
[2024-10-30T16:12:07.324+0000] {logging_mixin.py:115} INFO - [2024-10-30T16:12:07.324+0000] {dag.py:2981} INFO - Setting next_dagrun for example_sla_dag to 2024-10-30T16:10:00+00:00, run_after=2024-10-30T16:12:00+00:00
[2024-10-30T16:12:07.332+0000] {processor.py:161} INFO - Processing /home/airflow/.local/lib/python3.7/site-packages/airflow/example_dags/example_sla_dag.py took 0.067 seconds
[2024-10-30T16:12:37.874+0000] {processor.py:153} INFO - Started process (PID=245) to work on /home/airflow/.local/lib/python3.7/site-packages/airflow/example_dags/example_sla_dag.py
[2024-10-30T16:12:37.874+0000] {processor.py:640} INFO - Processing file /home/airflow/.local/lib/python3.7/site-packages/airflow/example_dags/example_sla_dag.py for tasks to queue
[2024-10-30T16:12:37.875+0000] {logging_mixin.py:115} INFO - [2024-10-30T16:12:37.875+0000] {dagbag.py:508} INFO - Filling up the DagBag from /home/airflow/.local/lib/python3.7/site-packages/airflow/example_dags/example_sla_dag.py
[2024-10-30T16:12:37.887+0000] {processor.py:650} INFO - DAG(s) dict_keys(['example_sla_dag']) retrieved from /home/airflow/.local/lib/python3.7/site-packages/airflow/example_dags/example_sla_dag.py
[2024-10-30T16:12:37.902+0000] {logging_mixin.py:115} INFO - [2024-10-30T16:12:37.902+0000] {dag.py:2429} INFO - Sync 1 DAGs
[2024-10-30T16:12:37.918+0000] {logging_mixin.py:115} INFO - [2024-10-30T16:12:37.918+0000] {dag.py:2981} INFO - Setting next_dagrun for example_sla_dag to 2024-10-30T16:10:00+00:00, run_after=2024-10-30T16:12:00+00:00
[2024-10-30T16:12:37.925+0000] {processor.py:161} INFO - Processing /home/airflow/.local/lib/python3.7/site-packages/airflow/example_dags/example_sla_dag.py took 0.054 seconds
[2024-10-30T16:13:08.347+0000] {processor.py:153} INFO - Started process (PID=307) to work on /home/airflow/.local/lib/python3.7/site-packages/airflow/example_dags/example_sla_dag.py
[2024-10-30T16:13:08.348+0000] {processor.py:640} INFO - Processing file /home/airflow/.local/lib/python3.7/site-packages/airflow/example_dags/example_sla_dag.py for tasks to queue
[2024-10-30T16:13:08.349+0000] {logging_mixin.py:115} INFO - [2024-10-30T16:13:08.348+0000] {dagbag.py:508} INFO - Filling up the DagBag from /home/airflow/.local/lib/python3.7/site-packages/airflow/example_dags/example_sla_dag.py
[2024-10-30T16:13:08.359+0000] {processor.py:650} INFO - DAG(s) dict_keys(['example_sla_dag']) retrieved from /home/airflow/.local/lib/python3.7/site-packages/airflow/example_dags/example_sla_dag.py
[2024-10-30T16:13:08.374+0000] {logging_mixin.py:115} INFO - [2024-10-30T16:13:08.374+0000] {dag.py:2429} INFO - Sync 1 DAGs
[2024-10-30T16:13:08.391+0000] {logging_mixin.py:115} INFO - [2024-10-30T16:13:08.391+0000] {dag.py:2981} INFO - Setting next_dagrun for example_sla_dag to 2024-10-30T16:10:00+00:00, run_after=2024-10-30T16:12:00+00:00
[2024-10-30T16:13:08.398+0000] {processor.py:161} INFO - Processing /home/airflow/.local/lib/python3.7/site-packages/airflow/example_dags/example_sla_dag.py took 0.052 seconds
[2024-10-30T16:13:39.104+0000] {processor.py:153} INFO - Started process (PID=370) to work on /home/airflow/.local/lib/python3.7/site-packages/airflow/example_dags/example_sla_dag.py
[2024-10-30T16:13:39.104+0000] {processor.py:640} INFO - Processing file /home/airflow/.local/lib/python3.7/site-packages/airflow/example_dags/example_sla_dag.py for tasks to queue
[2024-10-30T16:13:39.105+0000] {logging_mixin.py:115} INFO - [2024-10-30T16:13:39.105+0000] {dagbag.py:508} INFO - Filling up the DagBag from /home/airflow/.local/lib/python3.7/site-packages/airflow/example_dags/example_sla_dag.py
[2024-10-30T16:13:39.115+0000] {processor.py:650} INFO - DAG(s) dict_keys(['example_sla_dag']) retrieved from /home/airflow/.local/lib/python3.7/site-packages/airflow/example_dags/example_sla_dag.py
[2024-10-30T16:13:39.130+0000] {logging_mixin.py:115} INFO - [2024-10-30T16:13:39.130+0000] {dag.py:2429} INFO - Sync 1 DAGs
[2024-10-30T16:13:39.146+0000] {logging_mixin.py:115} INFO - [2024-10-30T16:13:39.146+0000] {dag.py:2981} INFO - Setting next_dagrun for example_sla_dag to 2024-10-30T16:10:00+00:00, run_after=2024-10-30T16:12:00+00:00
[2024-10-30T16:13:39.153+0000] {processor.py:161} INFO - Processing /home/airflow/.local/lib/python3.7/site-packages/airflow/example_dags/example_sla_dag.py took 0.051 seconds
[2024-10-30T16:14:09.920+0000] {processor.py:153} INFO - Started process (PID=432) to work on /home/airflow/.local/lib/python3.7/site-packages/airflow/example_dags/example_sla_dag.py
[2024-10-30T16:14:09.921+0000] {processor.py:640} INFO - Processing file /home/airflow/.local/lib/python3.7/site-packages/airflow/example_dags/example_sla_dag.py for tasks to queue
[2024-10-30T16:14:09.922+0000] {logging_mixin.py:115} INFO - [2024-10-30T16:14:09.922+0000] {dagbag.py:508} INFO - Filling up the DagBag from /home/airflow/.local/lib/python3.7/site-packages/airflow/example_dags/example_sla_dag.py
[2024-10-30T16:14:09.937+0000] {processor.py:650} INFO - DAG(s) dict_keys(['example_sla_dag']) retrieved from /home/airflow/.local/lib/python3.7/site-packages/airflow/example_dags/example_sla_dag.py
[2024-10-30T16:14:09.957+0000] {logging_mixin.py:115} INFO - [2024-10-30T16:14:09.957+0000] {dag.py:2429} INFO - Sync 1 DAGs
[2024-10-30T16:14:09.978+0000] {logging_mixin.py:115} INFO - [2024-10-30T16:14:09.978+0000] {dag.py:2981} INFO - Setting next_dagrun for example_sla_dag to 2024-10-30T16:12:00+00:00, run_after=2024-10-30T16:14:00+00:00
[2024-10-30T16:14:09.987+0000] {processor.py:161} INFO - Processing /home/airflow/.local/lib/python3.7/site-packages/airflow/example_dags/example_sla_dag.py took 0.069 seconds
[2024-10-30T16:14:40.711+0000] {processor.py:153} INFO - Started process (PID=485) to work on /home/airflow/.local/lib/python3.7/site-packages/airflow/example_dags/example_sla_dag.py
[2024-10-30T16:14:40.712+0000] {processor.py:640} INFO - Processing file /home/airflow/.local/lib/python3.7/site-packages/airflow/example_dags/example_sla_dag.py for tasks to queue
[2024-10-30T16:14:40.712+0000] {logging_mixin.py:115} INFO - [2024-10-30T16:14:40.712+0000] {dagbag.py:508} INFO - Filling up the DagBag from /home/airflow/.local/lib/python3.7/site-packages/airflow/example_dags/example_sla_dag.py
[2024-10-30T16:14:40.733+0000] {processor.py:650} INFO - DAG(s) dict_keys(['example_sla_dag']) retrieved from /home/airflow/.local/lib/python3.7/site-packages/airflow/example_dags/example_sla_dag.py
[2024-10-30T16:14:40.752+0000] {logging_mixin.py:115} INFO - [2024-10-30T16:14:40.752+0000] {dag.py:2429} INFO - Sync 1 DAGs
[2024-10-30T16:14:40.773+0000] {logging_mixin.py:115} INFO - [2024-10-30T16:14:40.772+0000] {dag.py:2981} INFO - Setting next_dagrun for example_sla_dag to 2024-10-30T16:12:00+00:00, run_after=2024-10-30T16:14:00+00:00
[2024-10-30T16:14:40.785+0000] {processor.py:161} INFO - Processing /home/airflow/.local/lib/python3.7/site-packages/airflow/example_dags/example_sla_dag.py took 0.076 seconds
[2024-10-30T16:15:11.336+0000] {processor.py:153} INFO - Started process (PID=547) to work on /home/airflow/.local/lib/python3.7/site-packages/airflow/example_dags/example_sla_dag.py
[2024-10-30T16:15:11.337+0000] {processor.py:640} INFO - Processing file /home/airflow/.local/lib/python3.7/site-packages/airflow/example_dags/example_sla_dag.py for tasks to queue
[2024-10-30T16:15:11.338+0000] {logging_mixin.py:115} INFO - [2024-10-30T16:15:11.338+0000] {dagbag.py:508} INFO - Filling up the DagBag from /home/airflow/.local/lib/python3.7/site-packages/airflow/example_dags/example_sla_dag.py
[2024-10-30T16:15:11.353+0000] {processor.py:650} INFO - DAG(s) dict_keys(['example_sla_dag']) retrieved from /home/airflow/.local/lib/python3.7/site-packages/airflow/example_dags/example_sla_dag.py
[2024-10-30T16:15:11.374+0000] {logging_mixin.py:115} INFO - [2024-10-30T16:15:11.374+0000] {dag.py:2429} INFO - Sync 1 DAGs
[2024-10-30T16:15:11.395+0000] {logging_mixin.py:115} INFO - [2024-10-30T16:15:11.395+0000] {dag.py:2981} INFO - Setting next_dagrun for example_sla_dag to 2024-10-30T16:12:00+00:00, run_after=2024-10-30T16:14:00+00:00
[2024-10-30T16:15:11.407+0000] {processor.py:161} INFO - Processing /home/airflow/.local/lib/python3.7/site-packages/airflow/example_dags/example_sla_dag.py took 0.073 seconds
[2024-10-30T16:15:41.992+0000] {processor.py:153} INFO - Started process (PID=609) to work on /home/airflow/.local/lib/python3.7/site-packages/airflow/example_dags/example_sla_dag.py
[2024-10-30T16:15:41.993+0000] {processor.py:640} INFO - Processing file /home/airflow/.local/lib/python3.7/site-packages/airflow/example_dags/example_sla_dag.py for tasks to queue
[2024-10-30T16:15:41.994+0000] {logging_mixin.py:115} INFO - [2024-10-30T16:15:41.994+0000] {dagbag.py:508} INFO - Filling up the DagBag from /home/airflow/.local/lib/python3.7/site-packages/airflow/example_dags/example_sla_dag.py
[2024-10-30T16:15:42.004+0000] {processor.py:650} INFO - DAG(s) dict_keys(['example_sla_dag']) retrieved from /home/airflow/.local/lib/python3.7/site-packages/airflow/example_dags/example_sla_dag.py
[2024-10-30T16:15:42.024+0000] {logging_mixin.py:115} INFO - [2024-10-30T16:15:42.024+0000] {dag.py:2429} INFO - Sync 1 DAGs
[2024-10-30T16:15:42.052+0000] {logging_mixin.py:115} INFO - [2024-10-30T16:15:42.052+0000] {dag.py:2981} INFO - Setting next_dagrun for example_sla_dag to 2024-10-30T16:12:00+00:00, run_after=2024-10-30T16:14:00+00:00
[2024-10-30T16:15:42.062+0000] {processor.py:161} INFO - Processing /home/airflow/.local/lib/python3.7/site-packages/airflow/example_dags/example_sla_dag.py took 0.071 seconds
[2024-10-30T16:16:12.836+0000] {processor.py:153} INFO - Started process (PID=662) to work on /home/airflow/.local/lib/python3.7/site-packages/airflow/example_dags/example_sla_dag.py
[2024-10-30T16:16:12.836+0000] {processor.py:640} INFO - Processing file /home/airflow/.local/lib/python3.7/site-packages/airflow/example_dags/example_sla_dag.py for tasks to queue
[2024-10-30T16:16:12.837+0000] {logging_mixin.py:115} INFO - [2024-10-30T16:16:12.837+0000] {dagbag.py:508} INFO - Filling up the DagBag from /home/airflow/.local/lib/python3.7/site-packages/airflow/example_dags/example_sla_dag.py
[2024-10-30T16:16:12.849+0000] {processor.py:650} INFO - DAG(s) dict_keys(['example_sla_dag']) retrieved from /home/airflow/.local/lib/python3.7/site-packages/airflow/example_dags/example_sla_dag.py
[2024-10-30T16:16:12.864+0000] {logging_mixin.py:115} INFO - [2024-10-30T16:16:12.864+0000] {dag.py:2429} INFO - Sync 1 DAGs
[2024-10-30T16:16:12.883+0000] {logging_mixin.py:115} INFO - [2024-10-30T16:16:12.883+0000] {dag.py:2981} INFO - Setting next_dagrun for example_sla_dag to 2024-10-30T16:14:00+00:00, run_after=2024-10-30T16:16:00+00:00
[2024-10-30T16:16:12.899+0000] {processor.py:161} INFO - Processing /home/airflow/.local/lib/python3.7/site-packages/airflow/example_dags/example_sla_dag.py took 0.066 seconds
[2024-10-30T16:16:43.562+0000] {processor.py:153} INFO - Started process (PID=724) to work on /home/airflow/.local/lib/python3.7/site-packages/airflow/example_dags/example_sla_dag.py
[2024-10-30T16:16:43.562+0000] {processor.py:640} INFO - Processing file /home/airflow/.local/lib/python3.7/site-packages/airflow/example_dags/example_sla_dag.py for tasks to queue
[2024-10-30T16:16:43.563+0000] {logging_mixin.py:115} INFO - [2024-10-30T16:16:43.563+0000] {dagbag.py:508} INFO - Filling up the DagBag from /home/airflow/.local/lib/python3.7/site-packages/airflow/example_dags/example_sla_dag.py
[2024-10-30T16:16:43.578+0000] {processor.py:650} INFO - DAG(s) dict_keys(['example_sla_dag']) retrieved from /home/airflow/.local/lib/python3.7/site-packages/airflow/example_dags/example_sla_dag.py
[2024-10-30T16:16:43.597+0000] {logging_mixin.py:115} INFO - [2024-10-30T16:16:43.597+0000] {dag.py:2429} INFO - Sync 1 DAGs
[2024-10-30T16:16:43.619+0000] {logging_mixin.py:115} INFO - [2024-10-30T16:16:43.619+0000] {dag.py:2981} INFO - Setting next_dagrun for example_sla_dag to 2024-10-30T16:14:00+00:00, run_after=2024-10-30T16:16:00+00:00
[2024-10-30T16:16:43.628+0000] {processor.py:161} INFO - Processing /home/airflow/.local/lib/python3.7/site-packages/airflow/example_dags/example_sla_dag.py took 0.068 seconds
[2024-10-30T16:17:14.433+0000] {processor.py:153} INFO - Started process (PID=786) to work on /home/airflow/.local/lib/python3.7/site-packages/airflow/example_dags/example_sla_dag.py
[2024-10-30T16:17:14.434+0000] {processor.py:640} INFO - Processing file /home/airflow/.local/lib/python3.7/site-packages/airflow/example_dags/example_sla_dag.py for tasks to queue
[2024-10-30T16:17:14.435+0000] {logging_mixin.py:115} INFO - [2024-10-30T16:17:14.435+0000] {dagbag.py:508} INFO - Filling up the DagBag from /home/airflow/.local/lib/python3.7/site-packages/airflow/example_dags/example_sla_dag.py
[2024-10-30T16:17:14.447+0000] {processor.py:650} INFO - DAG(s) dict_keys(['example_sla_dag']) retrieved from /home/airflow/.local/lib/python3.7/site-packages/airflow/example_dags/example_sla_dag.py
[2024-10-30T16:17:14.465+0000] {logging_mixin.py:115} INFO - [2024-10-30T16:17:14.465+0000] {dag.py:2429} INFO - Sync 1 DAGs
[2024-10-30T16:17:14.483+0000] {logging_mixin.py:115} INFO - [2024-10-30T16:17:14.483+0000] {dag.py:2981} INFO - Setting next_dagrun for example_sla_dag to 2024-10-30T16:14:00+00:00, run_after=2024-10-30T16:16:00+00:00
[2024-10-30T16:17:14.491+0000] {processor.py:161} INFO - Processing /home/airflow/.local/lib/python3.7/site-packages/airflow/example_dags/example_sla_dag.py took 0.060 seconds
[2024-10-30T16:17:45.088+0000] {processor.py:153} INFO - Started process (PID=848) to work on /home/airflow/.local/lib/python3.7/site-packages/airflow/example_dags/example_sla_dag.py
[2024-10-30T16:17:45.089+0000] {processor.py:640} INFO - Processing file /home/airflow/.local/lib/python3.7/site-packages/airflow/example_dags/example_sla_dag.py for tasks to queue
[2024-10-30T16:17:45.089+0000] {logging_mixin.py:115} INFO - [2024-10-30T16:17:45.089+0000] {dagbag.py:508} INFO - Filling up the DagBag from /home/airflow/.local/lib/python3.7/site-packages/airflow/example_dags/example_sla_dag.py
[2024-10-30T16:17:45.102+0000] {processor.py:650} INFO - DAG(s) dict_keys(['example_sla_dag']) retrieved from /home/airflow/.local/lib/python3.7/site-packages/airflow/example_dags/example_sla_dag.py
[2024-10-30T16:17:45.119+0000] {logging_mixin.py:115} INFO - [2024-10-30T16:17:45.119+0000] {dag.py:2429} INFO - Sync 1 DAGs
[2024-10-30T16:17:45.136+0000] {logging_mixin.py:115} INFO - [2024-10-30T16:17:45.136+0000] {dag.py:2981} INFO - Setting next_dagrun for example_sla_dag to 2024-10-30T16:14:00+00:00, run_after=2024-10-30T16:16:00+00:00
[2024-10-30T16:17:45.144+0000] {processor.py:161} INFO - Processing /home/airflow/.local/lib/python3.7/site-packages/airflow/example_dags/example_sla_dag.py took 0.058 seconds
[2024-10-30T16:18:15.576+0000] {processor.py:153} INFO - Started process (PID=901) to work on /home/airflow/.local/lib/python3.7/site-packages/airflow/example_dags/example_sla_dag.py
[2024-10-30T16:18:15.577+0000] {processor.py:640} INFO - Processing file /home/airflow/.local/lib/python3.7/site-packages/airflow/example_dags/example_sla_dag.py for tasks to queue
[2024-10-30T16:18:15.577+0000] {logging_mixin.py:115} INFO - [2024-10-30T16:18:15.577+0000] {dagbag.py:508} INFO - Filling up the DagBag from /home/airflow/.local/lib/python3.7/site-packages/airflow/example_dags/example_sla_dag.py
[2024-10-30T16:18:15.588+0000] {processor.py:650} INFO - DAG(s) dict_keys(['example_sla_dag']) retrieved from /home/airflow/.local/lib/python3.7/site-packages/airflow/example_dags/example_sla_dag.py
[2024-10-30T16:18:15.605+0000] {logging_mixin.py:115} INFO - [2024-10-30T16:18:15.605+0000] {dag.py:2429} INFO - Sync 1 DAGs
[2024-10-30T16:18:15.621+0000] {logging_mixin.py:115} INFO - [2024-10-30T16:18:15.621+0000] {dag.py:2981} INFO - Setting next_dagrun for example_sla_dag to 2024-10-30T16:16:00+00:00, run_after=2024-10-30T16:18:00+00:00
[2024-10-30T16:18:15.629+0000] {processor.py:161} INFO - Processing /home/airflow/.local/lib/python3.7/site-packages/airflow/example_dags/example_sla_dag.py took 0.055 seconds
[2024-10-30T16:18:46.079+0000] {processor.py:153} INFO - Started process (PID=963) to work on /home/airflow/.local/lib/python3.7/site-packages/airflow/example_dags/example_sla_dag.py
[2024-10-30T16:18:46.079+0000] {processor.py:640} INFO - Processing file /home/airflow/.local/lib/python3.7/site-packages/airflow/example_dags/example_sla_dag.py for tasks to queue
[2024-10-30T16:18:46.080+0000] {logging_mixin.py:115} INFO - [2024-10-30T16:18:46.080+0000] {dagbag.py:508} INFO - Filling up the DagBag from /home/airflow/.local/lib/python3.7/site-packages/airflow/example_dags/example_sla_dag.py
[2024-10-30T16:18:46.091+0000] {processor.py:650} INFO - DAG(s) dict_keys(['example_sla_dag']) retrieved from /home/airflow/.local/lib/python3.7/site-packages/airflow/example_dags/example_sla_dag.py
[2024-10-30T16:18:46.107+0000] {logging_mixin.py:115} INFO - [2024-10-30T16:18:46.106+0000] {dag.py:2429} INFO - Sync 1 DAGs
[2024-10-30T16:18:46.124+0000] {logging_mixin.py:115} INFO - [2024-10-30T16:18:46.124+0000] {dag.py:2981} INFO - Setting next_dagrun for example_sla_dag to 2024-10-30T16:16:00+00:00, run_after=2024-10-30T16:18:00+00:00
[2024-10-30T16:18:46.132+0000] {processor.py:161} INFO - Processing /home/airflow/.local/lib/python3.7/site-packages/airflow/example_dags/example_sla_dag.py took 0.055 seconds
[2024-10-30T16:19:16.718+0000] {processor.py:153} INFO - Started process (PID=1025) to work on /home/airflow/.local/lib/python3.7/site-packages/airflow/example_dags/example_sla_dag.py
[2024-10-30T16:19:16.719+0000] {processor.py:640} INFO - Processing file /home/airflow/.local/lib/python3.7/site-packages/airflow/example_dags/example_sla_dag.py for tasks to queue
[2024-10-30T16:19:16.720+0000] {logging_mixin.py:115} INFO - [2024-10-30T16:19:16.719+0000] {dagbag.py:508} INFO - Filling up the DagBag from /home/airflow/.local/lib/python3.7/site-packages/airflow/example_dags/example_sla_dag.py
[2024-10-30T16:19:16.731+0000] {processor.py:650} INFO - DAG(s) dict_keys(['example_sla_dag']) retrieved from /home/airflow/.local/lib/python3.7/site-packages/airflow/example_dags/example_sla_dag.py
[2024-10-30T16:19:16.749+0000] {logging_mixin.py:115} INFO - [2024-10-30T16:19:16.749+0000] {dag.py:2429} INFO - Sync 1 DAGs
[2024-10-30T16:19:16.769+0000] {logging_mixin.py:115} INFO - [2024-10-30T16:19:16.769+0000] {dag.py:2981} INFO - Setting next_dagrun for example_sla_dag to 2024-10-30T16:16:00+00:00, run_after=2024-10-30T16:18:00+00:00
[2024-10-30T16:19:16.777+0000] {processor.py:161} INFO - Processing /home/airflow/.local/lib/python3.7/site-packages/airflow/example_dags/example_sla_dag.py took 0.062 seconds
[2024-10-30T16:19:47.422+0000] {processor.py:153} INFO - Started process (PID=1087) to work on /home/airflow/.local/lib/python3.7/site-packages/airflow/example_dags/example_sla_dag.py
[2024-10-30T16:19:47.423+0000] {processor.py:640} INFO - Processing file /home/airflow/.local/lib/python3.7/site-packages/airflow/example_dags/example_sla_dag.py for tasks to queue
[2024-10-30T16:19:47.424+0000] {logging_mixin.py:115} INFO - [2024-10-30T16:19:47.423+0000] {dagbag.py:508} INFO - Filling up the DagBag from /home/airflow/.local/lib/python3.7/site-packages/airflow/example_dags/example_sla_dag.py
[2024-10-30T16:19:47.435+0000] {processor.py:650} INFO - DAG(s) dict_keys(['example_sla_dag']) retrieved from /home/airflow/.local/lib/python3.7/site-packages/airflow/example_dags/example_sla_dag.py
[2024-10-30T16:19:47.453+0000] {logging_mixin.py:115} INFO - [2024-10-30T16:19:47.453+0000] {dag.py:2429} INFO - Sync 1 DAGs
[2024-10-30T16:19:47.471+0000] {logging_mixin.py:115} INFO - [2024-10-30T16:19:47.471+0000] {dag.py:2981} INFO - Setting next_dagrun for example_sla_dag to 2024-10-30T16:16:00+00:00, run_after=2024-10-30T16:18:00+00:00
[2024-10-30T16:19:47.479+0000] {processor.py:161} INFO - Processing /home/airflow/.local/lib/python3.7/site-packages/airflow/example_dags/example_sla_dag.py took 0.059 seconds
[2024-10-30T16:20:17.939+0000] {processor.py:153} INFO - Started process (PID=1140) to work on /home/airflow/.local/lib/python3.7/site-packages/airflow/example_dags/example_sla_dag.py
[2024-10-30T16:20:17.940+0000] {processor.py:640} INFO - Processing file /home/airflow/.local/lib/python3.7/site-packages/airflow/example_dags/example_sla_dag.py for tasks to queue
[2024-10-30T16:20:17.941+0000] {logging_mixin.py:115} INFO - [2024-10-30T16:20:17.940+0000] {dagbag.py:508} INFO - Filling up the DagBag from /home/airflow/.local/lib/python3.7/site-packages/airflow/example_dags/example_sla_dag.py
[2024-10-30T16:20:17.951+0000] {processor.py:650} INFO - DAG(s) dict_keys(['example_sla_dag']) retrieved from /home/airflow/.local/lib/python3.7/site-packages/airflow/example_dags/example_sla_dag.py
[2024-10-30T16:20:17.968+0000] {logging_mixin.py:115} INFO - [2024-10-30T16:20:17.968+0000] {dag.py:2429} INFO - Sync 1 DAGs
[2024-10-30T16:20:17.991+0000] {logging_mixin.py:115} INFO - [2024-10-30T16:20:17.991+0000] {dag.py:2981} INFO - Setting next_dagrun for example_sla_dag to 2024-10-30T16:18:00+00:00, run_after=2024-10-30T16:20:00+00:00
[2024-10-30T16:20:18.000+0000] {processor.py:161} INFO - Processing /home/airflow/.local/lib/python3.7/site-packages/airflow/example_dags/example_sla_dag.py took 0.062 seconds
[2024-10-30T16:20:48.581+0000] {processor.py:153} INFO - Started process (PID=1202) to work on /home/airflow/.local/lib/python3.7/site-packages/airflow/example_dags/example_sla_dag.py
[2024-10-30T16:20:48.582+0000] {processor.py:640} INFO - Processing file /home/airflow/.local/lib/python3.7/site-packages/airflow/example_dags/example_sla_dag.py for tasks to queue
[2024-10-30T16:20:48.582+0000] {logging_mixin.py:115} INFO - [2024-10-30T16:20:48.582+0000] {dagbag.py:508} INFO - Filling up the DagBag from /home/airflow/.local/lib/python3.7/site-packages/airflow/example_dags/example_sla_dag.py
[2024-10-30T16:20:48.593+0000] {processor.py:650} INFO - DAG(s) dict_keys(['example_sla_dag']) retrieved from /home/airflow/.local/lib/python3.7/site-packages/airflow/example_dags/example_sla_dag.py
[2024-10-30T16:20:48.607+0000] {logging_mixin.py:115} INFO - [2024-10-30T16:20:48.607+0000] {dag.py:2429} INFO - Sync 1 DAGs
[2024-10-30T16:20:48.624+0000] {logging_mixin.py:115} INFO - [2024-10-30T16:20:48.624+0000] {dag.py:2981} INFO - Setting next_dagrun for example_sla_dag to 2024-10-30T16:18:00+00:00, run_after=2024-10-30T16:20:00+00:00
[2024-10-30T16:20:48.631+0000] {processor.py:161} INFO - Processing /home/airflow/.local/lib/python3.7/site-packages/airflow/example_dags/example_sla_dag.py took 0.052 seconds
[2024-10-30T16:21:18.931+0000] {processor.py:153} INFO - Started process (PID=1264) to work on /home/airflow/.local/lib/python3.7/site-packages/airflow/example_dags/example_sla_dag.py
[2024-10-30T16:21:18.932+0000] {processor.py:640} INFO - Processing file /home/airflow/.local/lib/python3.7/site-packages/airflow/example_dags/example_sla_dag.py for tasks to queue
[2024-10-30T16:21:18.933+0000] {logging_mixin.py:115} INFO - [2024-10-30T16:21:18.933+0000] {dagbag.py:508} INFO - Filling up the DagBag from /home/airflow/.local/lib/python3.7/site-packages/airflow/example_dags/example_sla_dag.py
[2024-10-30T16:21:18.953+0000] {processor.py:650} INFO - DAG(s) dict_keys(['example_sla_dag']) retrieved from /home/airflow/.local/lib/python3.7/site-packages/airflow/example_dags/example_sla_dag.py
[2024-10-30T16:21:18.976+0000] {logging_mixin.py:115} INFO - [2024-10-30T16:21:18.976+0000] {dag.py:2429} INFO - Sync 1 DAGs
[2024-10-30T16:21:19.001+0000] {logging_mixin.py:115} INFO - [2024-10-30T16:21:19.001+0000] {dag.py:2981} INFO - Setting next_dagrun for example_sla_dag to 2024-10-30T16:18:00+00:00, run_after=2024-10-30T16:20:00+00:00
[2024-10-30T16:21:19.011+0000] {processor.py:161} INFO - Processing /home/airflow/.local/lib/python3.7/site-packages/airflow/example_dags/example_sla_dag.py took 0.083 seconds
[2024-10-30T16:21:49.518+0000] {processor.py:153} INFO - Started process (PID=1326) to work on /home/airflow/.local/lib/python3.7/site-packages/airflow/example_dags/example_sla_dag.py
[2024-10-30T16:21:49.519+0000] {processor.py:640} INFO - Processing file /home/airflow/.local/lib/python3.7/site-packages/airflow/example_dags/example_sla_dag.py for tasks to queue
[2024-10-30T16:21:49.520+0000] {logging_mixin.py:115} INFO - [2024-10-30T16:21:49.520+0000] {dagbag.py:508} INFO - Filling up the DagBag from /home/airflow/.local/lib/python3.7/site-packages/airflow/example_dags/example_sla_dag.py
[2024-10-30T16:21:49.535+0000] {processor.py:650} INFO - DAG(s) dict_keys(['example_sla_dag']) retrieved from /home/airflow/.local/lib/python3.7/site-packages/airflow/example_dags/example_sla_dag.py
[2024-10-30T16:21:49.555+0000] {logging_mixin.py:115} INFO - [2024-10-30T16:21:49.555+0000] {dag.py:2429} INFO - Sync 1 DAGs
[2024-10-30T16:21:49.578+0000] {logging_mixin.py:115} INFO - [2024-10-30T16:21:49.578+0000] {dag.py:2981} INFO - Setting next_dagrun for example_sla_dag to 2024-10-30T16:18:00+00:00, run_after=2024-10-30T16:20:00+00:00
[2024-10-30T16:21:49.587+0000] {processor.py:161} INFO - Processing /home/airflow/.local/lib/python3.7/site-packages/airflow/example_dags/example_sla_dag.py took 0.072 seconds
[2024-10-30T16:22:20.438+0000] {processor.py:153} INFO - Started process (PID=1379) to work on /home/airflow/.local/lib/python3.7/site-packages/airflow/example_dags/example_sla_dag.py
[2024-10-30T16:22:20.439+0000] {processor.py:640} INFO - Processing file /home/airflow/.local/lib/python3.7/site-packages/airflow/example_dags/example_sla_dag.py for tasks to queue
[2024-10-30T16:22:20.440+0000] {logging_mixin.py:115} INFO - [2024-10-30T16:22:20.440+0000] {dagbag.py:508} INFO - Filling up the DagBag from /home/airflow/.local/lib/python3.7/site-packages/airflow/example_dags/example_sla_dag.py
[2024-10-30T16:22:20.452+0000] {processor.py:650} INFO - DAG(s) dict_keys(['example_sla_dag']) retrieved from /home/airflow/.local/lib/python3.7/site-packages/airflow/example_dags/example_sla_dag.py
[2024-10-30T16:22:20.467+0000] {logging_mixin.py:115} INFO - [2024-10-30T16:22:20.467+0000] {dag.py:2429} INFO - Sync 1 DAGs
[2024-10-30T16:22:20.483+0000] {logging_mixin.py:115} INFO - [2024-10-30T16:22:20.483+0000] {dag.py:2981} INFO - Setting next_dagrun for example_sla_dag to 2024-10-30T16:20:00+00:00, run_after=2024-10-30T16:22:00+00:00
[2024-10-30T16:22:20.491+0000] {processor.py:161} INFO - Processing /home/airflow/.local/lib/python3.7/site-packages/airflow/example_dags/example_sla_dag.py took 0.055 seconds
[2024-10-30T16:22:51.100+0000] {processor.py:153} INFO - Started process (PID=1441) to work on /home/airflow/.local/lib/python3.7/site-packages/airflow/example_dags/example_sla_dag.py
[2024-10-30T16:22:51.101+0000] {processor.py:640} INFO - Processing file /home/airflow/.local/lib/python3.7/site-packages/airflow/example_dags/example_sla_dag.py for tasks to queue
[2024-10-30T16:22:51.102+0000] {logging_mixin.py:115} INFO - [2024-10-30T16:22:51.101+0000] {dagbag.py:508} INFO - Filling up the DagBag from /home/airflow/.local/lib/python3.7/site-packages/airflow/example_dags/example_sla_dag.py
[2024-10-30T16:22:51.115+0000] {processor.py:650} INFO - DAG(s) dict_keys(['example_sla_dag']) retrieved from /home/airflow/.local/lib/python3.7/site-packages/airflow/example_dags/example_sla_dag.py
[2024-10-30T16:22:51.132+0000] {logging_mixin.py:115} INFO - [2024-10-30T16:22:51.132+0000] {dag.py:2429} INFO - Sync 1 DAGs
[2024-10-30T16:22:51.154+0000] {logging_mixin.py:115} INFO - [2024-10-30T16:22:51.154+0000] {dag.py:2981} INFO - Setting next_dagrun for example_sla_dag to 2024-10-30T16:20:00+00:00, run_after=2024-10-30T16:22:00+00:00
[2024-10-30T16:22:51.161+0000] {processor.py:161} INFO - Processing /home/airflow/.local/lib/python3.7/site-packages/airflow/example_dags/example_sla_dag.py took 0.064 seconds
[2024-10-30T16:23:21.678+0000] {processor.py:153} INFO - Started process (PID=1503) to work on /home/airflow/.local/lib/python3.7/site-packages/airflow/example_dags/example_sla_dag.py
[2024-10-30T16:23:21.679+0000] {processor.py:640} INFO - Processing file /home/airflow/.local/lib/python3.7/site-packages/airflow/example_dags/example_sla_dag.py for tasks to queue
[2024-10-30T16:23:21.679+0000] {logging_mixin.py:115} INFO - [2024-10-30T16:23:21.679+0000] {dagbag.py:508} INFO - Filling up the DagBag from /home/airflow/.local/lib/python3.7/site-packages/airflow/example_dags/example_sla_dag.py
[2024-10-30T16:23:21.693+0000] {processor.py:650} INFO - DAG(s) dict_keys(['example_sla_dag']) retrieved from /home/airflow/.local/lib/python3.7/site-packages/airflow/example_dags/example_sla_dag.py
[2024-10-30T16:23:21.715+0000] {logging_mixin.py:115} INFO - [2024-10-30T16:23:21.715+0000] {dag.py:2429} INFO - Sync 1 DAGs
[2024-10-30T16:23:21.736+0000] {logging_mixin.py:115} INFO - [2024-10-30T16:23:21.736+0000] {dag.py:2981} INFO - Setting next_dagrun for example_sla_dag to 2024-10-30T16:20:00+00:00, run_after=2024-10-30T16:22:00+00:00
[2024-10-30T16:23:21.743+0000] {processor.py:161} INFO - Processing /home/airflow/.local/lib/python3.7/site-packages/airflow/example_dags/example_sla_dag.py took 0.067 seconds
[2024-10-30T16:23:52.322+0000] {processor.py:153} INFO - Started process (PID=1565) to work on /home/airflow/.local/lib/python3.7/site-packages/airflow/example_dags/example_sla_dag.py
[2024-10-30T16:23:52.323+0000] {processor.py:640} INFO - Processing file /home/airflow/.local/lib/python3.7/site-packages/airflow/example_dags/example_sla_dag.py for tasks to queue
[2024-10-30T16:23:52.324+0000] {logging_mixin.py:115} INFO - [2024-10-30T16:23:52.323+0000] {dagbag.py:508} INFO - Filling up the DagBag from /home/airflow/.local/lib/python3.7/site-packages/airflow/example_dags/example_sla_dag.py
[2024-10-30T16:23:52.337+0000] {processor.py:650} INFO - DAG(s) dict_keys(['example_sla_dag']) retrieved from /home/airflow/.local/lib/python3.7/site-packages/airflow/example_dags/example_sla_dag.py
[2024-10-30T16:23:52.356+0000] {logging_mixin.py:115} INFO - [2024-10-30T16:23:52.355+0000] {dag.py:2429} INFO - Sync 1 DAGs
[2024-10-30T16:23:52.375+0000] {logging_mixin.py:115} INFO - [2024-10-30T16:23:52.375+0000] {dag.py:2981} INFO - Setting next_dagrun for example_sla_dag to 2024-10-30T16:20:00+00:00, run_after=2024-10-30T16:22:00+00:00
[2024-10-30T16:23:52.384+0000] {processor.py:161} INFO - Processing /home/airflow/.local/lib/python3.7/site-packages/airflow/example_dags/example_sla_dag.py took 0.064 seconds
[2024-10-30T16:24:23.060+0000] {processor.py:153} INFO - Started process (PID=1618) to work on /home/airflow/.local/lib/python3.7/site-packages/airflow/example_dags/example_sla_dag.py
[2024-10-30T16:24:23.060+0000] {processor.py:640} INFO - Processing file /home/airflow/.local/lib/python3.7/site-packages/airflow/example_dags/example_sla_dag.py for tasks to queue
[2024-10-30T16:24:23.061+0000] {logging_mixin.py:115} INFO - [2024-10-30T16:24:23.061+0000] {dagbag.py:508} INFO - Filling up the DagBag from /home/airflow/.local/lib/python3.7/site-packages/airflow/example_dags/example_sla_dag.py
[2024-10-30T16:24:23.074+0000] {processor.py:650} INFO - DAG(s) dict_keys(['example_sla_dag']) retrieved from /home/airflow/.local/lib/python3.7/site-packages/airflow/example_dags/example_sla_dag.py
[2024-10-30T16:24:23.092+0000] {logging_mixin.py:115} INFO - [2024-10-30T16:24:23.092+0000] {dag.py:2429} INFO - Sync 1 DAGs
[2024-10-30T16:24:23.114+0000] {logging_mixin.py:115} INFO - [2024-10-30T16:24:23.114+0000] {dag.py:2981} INFO - Setting next_dagrun for example_sla_dag to 2024-10-30T16:22:00+00:00, run_after=2024-10-30T16:24:00+00:00
[2024-10-30T16:24:23.125+0000] {processor.py:161} INFO - Processing /home/airflow/.local/lib/python3.7/site-packages/airflow/example_dags/example_sla_dag.py took 0.068 seconds
[2024-10-30T16:24:53.937+0000] {processor.py:153} INFO - Started process (PID=1681) to work on /home/airflow/.local/lib/python3.7/site-packages/airflow/example_dags/example_sla_dag.py
[2024-10-30T16:24:53.937+0000] {processor.py:640} INFO - Processing file /home/airflow/.local/lib/python3.7/site-packages/airflow/example_dags/example_sla_dag.py for tasks to queue
[2024-10-30T16:24:53.938+0000] {logging_mixin.py:115} INFO - [2024-10-30T16:24:53.938+0000] {dagbag.py:508} INFO - Filling up the DagBag from /home/airflow/.local/lib/python3.7/site-packages/airflow/example_dags/example_sla_dag.py
[2024-10-30T16:24:53.953+0000] {processor.py:650} INFO - DAG(s) dict_keys(['example_sla_dag']) retrieved from /home/airflow/.local/lib/python3.7/site-packages/airflow/example_dags/example_sla_dag.py
[2024-10-30T16:24:53.972+0000] {logging_mixin.py:115} INFO - [2024-10-30T16:24:53.972+0000] {dag.py:2429} INFO - Sync 1 DAGs
[2024-10-30T16:24:53.994+0000] {logging_mixin.py:115} INFO - [2024-10-30T16:24:53.994+0000] {dag.py:2981} INFO - Setting next_dagrun for example_sla_dag to 2024-10-30T16:22:00+00:00, run_after=2024-10-30T16:24:00+00:00
[2024-10-30T16:24:54.004+0000] {processor.py:161} INFO - Processing /home/airflow/.local/lib/python3.7/site-packages/airflow/example_dags/example_sla_dag.py took 0.070 seconds
[2024-10-30T16:25:24.620+0000] {processor.py:153} INFO - Started process (PID=1743) to work on /home/airflow/.local/lib/python3.7/site-packages/airflow/example_dags/example_sla_dag.py
[2024-10-30T16:25:24.621+0000] {processor.py:640} INFO - Processing file /home/airflow/.local/lib/python3.7/site-packages/airflow/example_dags/example_sla_dag.py for tasks to queue
[2024-10-30T16:25:24.622+0000] {logging_mixin.py:115} INFO - [2024-10-30T16:25:24.622+0000] {dagbag.py:508} INFO - Filling up the DagBag from /home/airflow/.local/lib/python3.7/site-packages/airflow/example_dags/example_sla_dag.py
[2024-10-30T16:25:24.636+0000] {processor.py:650} INFO - DAG(s) dict_keys(['example_sla_dag']) retrieved from /home/airflow/.local/lib/python3.7/site-packages/airflow/example_dags/example_sla_dag.py
[2024-10-30T16:25:24.658+0000] {logging_mixin.py:115} INFO - [2024-10-30T16:25:24.658+0000] {dag.py:2429} INFO - Sync 1 DAGs
[2024-10-30T16:25:24.682+0000] {logging_mixin.py:115} INFO - [2024-10-30T16:25:24.681+0000] {dag.py:2981} INFO - Setting next_dagrun for example_sla_dag to 2024-10-30T16:22:00+00:00, run_after=2024-10-30T16:24:00+00:00
[2024-10-30T16:25:24.693+0000] {processor.py:161} INFO - Processing /home/airflow/.local/lib/python3.7/site-packages/airflow/example_dags/example_sla_dag.py took 0.075 seconds
[2024-10-30T16:25:55.483+0000] {processor.py:153} INFO - Started process (PID=1806) to work on /home/airflow/.local/lib/python3.7/site-packages/airflow/example_dags/example_sla_dag.py
[2024-10-30T16:25:55.484+0000] {processor.py:640} INFO - Processing file /home/airflow/.local/lib/python3.7/site-packages/airflow/example_dags/example_sla_dag.py for tasks to queue
[2024-10-30T16:25:55.485+0000] {logging_mixin.py:115} INFO - [2024-10-30T16:25:55.485+0000] {dagbag.py:508} INFO - Filling up the DagBag from /home/airflow/.local/lib/python3.7/site-packages/airflow/example_dags/example_sla_dag.py
[2024-10-30T16:25:55.499+0000] {processor.py:650} INFO - DAG(s) dict_keys(['example_sla_dag']) retrieved from /home/airflow/.local/lib/python3.7/site-packages/airflow/example_dags/example_sla_dag.py
[2024-10-30T16:25:55.521+0000] {logging_mixin.py:115} INFO - [2024-10-30T16:25:55.521+0000] {dag.py:2429} INFO - Sync 1 DAGs
[2024-10-30T16:25:55.545+0000] {logging_mixin.py:115} INFO - [2024-10-30T16:25:55.545+0000] {dag.py:2981} INFO - Setting next_dagrun for example_sla_dag to 2024-10-30T16:22:00+00:00, run_after=2024-10-30T16:24:00+00:00
[2024-10-30T16:25:55.555+0000] {processor.py:161} INFO - Processing /home/airflow/.local/lib/python3.7/site-packages/airflow/example_dags/example_sla_dag.py took 0.075 seconds
[2024-10-30T16:26:26.299+0000] {processor.py:153} INFO - Started process (PID=1861) to work on /home/airflow/.local/lib/python3.7/site-packages/airflow/example_dags/example_sla_dag.py
[2024-10-30T16:26:26.299+0000] {processor.py:640} INFO - Processing file /home/airflow/.local/lib/python3.7/site-packages/airflow/example_dags/example_sla_dag.py for tasks to queue
[2024-10-30T16:26:26.300+0000] {logging_mixin.py:115} INFO - [2024-10-30T16:26:26.300+0000] {dagbag.py:508} INFO - Filling up the DagBag from /home/airflow/.local/lib/python3.7/site-packages/airflow/example_dags/example_sla_dag.py
[2024-10-30T16:26:26.311+0000] {processor.py:650} INFO - DAG(s) dict_keys(['example_sla_dag']) retrieved from /home/airflow/.local/lib/python3.7/site-packages/airflow/example_dags/example_sla_dag.py
[2024-10-30T16:26:26.329+0000] {logging_mixin.py:115} INFO - [2024-10-30T16:26:26.329+0000] {dag.py:2429} INFO - Sync 1 DAGs
[2024-10-30T16:26:26.351+0000] {logging_mixin.py:115} INFO - [2024-10-30T16:26:26.351+0000] {dag.py:2981} INFO - Setting next_dagrun for example_sla_dag to 2024-10-30T16:24:00+00:00, run_after=2024-10-30T16:26:00+00:00
[2024-10-30T16:26:26.362+0000] {processor.py:161} INFO - Processing /home/airflow/.local/lib/python3.7/site-packages/airflow/example_dags/example_sla_dag.py took 0.065 seconds
[2024-10-30T16:26:56.962+0000] {processor.py:153} INFO - Started process (PID=1925) to work on /home/airflow/.local/lib/python3.7/site-packages/airflow/example_dags/example_sla_dag.py
[2024-10-30T16:26:56.963+0000] {processor.py:640} INFO - Processing file /home/airflow/.local/lib/python3.7/site-packages/airflow/example_dags/example_sla_dag.py for tasks to queue
[2024-10-30T16:26:56.963+0000] {logging_mixin.py:115} INFO - [2024-10-30T16:26:56.963+0000] {dagbag.py:508} INFO - Filling up the DagBag from /home/airflow/.local/lib/python3.7/site-packages/airflow/example_dags/example_sla_dag.py
[2024-10-30T16:26:56.976+0000] {processor.py:650} INFO - DAG(s) dict_keys(['example_sla_dag']) retrieved from /home/airflow/.local/lib/python3.7/site-packages/airflow/example_dags/example_sla_dag.py
[2024-10-30T16:26:56.995+0000] {logging_mixin.py:115} INFO - [2024-10-30T16:26:56.995+0000] {dag.py:2429} INFO - Sync 1 DAGs
[2024-10-30T16:26:57.016+0000] {logging_mixin.py:115} INFO - [2024-10-30T16:26:57.016+0000] {dag.py:2981} INFO - Setting next_dagrun for example_sla_dag to 2024-10-30T16:24:00+00:00, run_after=2024-10-30T16:26:00+00:00
[2024-10-30T16:26:57.025+0000] {processor.py:161} INFO - Processing /home/airflow/.local/lib/python3.7/site-packages/airflow/example_dags/example_sla_dag.py took 0.065 seconds
