[2024-10-30T16:11:06.020+0000] {processor.py:153} INFO - Started process (PID=66) to work on /home/airflow/.local/lib/python3.7/site-packages/airflow/example_dags/example_nested_branch_dag.py
[2024-10-30T16:11:06.020+0000] {processor.py:640} INFO - Processing file /home/airflow/.local/lib/python3.7/site-packages/airflow/example_dags/example_nested_branch_dag.py for tasks to queue
[2024-10-30T16:11:06.021+0000] {logging_mixin.py:115} INFO - [2024-10-30T16:11:06.021+0000] {dagbag.py:508} INFO - Filling up the DagBag from /home/airflow/.local/lib/python3.7/site-packages/airflow/example_dags/example_nested_branch_dag.py
[2024-10-30T16:11:06.031+0000] {processor.py:650} INFO - DAG(s) dict_keys(['example_nested_branch_dag']) retrieved from /home/airflow/.local/lib/python3.7/site-packages/airflow/example_dags/example_nested_branch_dag.py
[2024-10-30T16:11:06.106+0000] {logging_mixin.py:115} INFO - [2024-10-30T16:11:06.106+0000] {manager.py:508} INFO - Created Permission View: can delete on DAG:example_nested_branch_dag
[2024-10-30T16:11:06.117+0000] {logging_mixin.py:115} INFO - [2024-10-30T16:11:06.116+0000] {manager.py:508} INFO - Created Permission View: can read on DAG:example_nested_branch_dag
[2024-10-30T16:11:06.125+0000] {logging_mixin.py:115} INFO - [2024-10-30T16:11:06.124+0000] {manager.py:508} INFO - Created Permission View: can edit on DAG:example_nested_branch_dag
[2024-10-30T16:11:06.125+0000] {logging_mixin.py:115} INFO - [2024-10-30T16:11:06.125+0000] {dag.py:2429} INFO - Sync 1 DAGs
[2024-10-30T16:11:06.134+0000] {logging_mixin.py:115} INFO - [2024-10-30T16:11:06.133+0000] {dag.py:2448} INFO - Creating ORM DAG for example_nested_branch_dag
[2024-10-30T16:11:06.149+0000] {logging_mixin.py:115} INFO - [2024-10-30T16:11:06.149+0000] {dag.py:2981} INFO - Setting next_dagrun for example_nested_branch_dag to 2024-10-29T00:00:00+00:00, run_after=2024-10-30T00:00:00+00:00
[2024-10-30T16:11:06.164+0000] {processor.py:161} INFO - Processing /home/airflow/.local/lib/python3.7/site-packages/airflow/example_dags/example_nested_branch_dag.py took 0.148 seconds
[2024-10-30T16:11:36.667+0000] {processor.py:153} INFO - Started process (PID=128) to work on /home/airflow/.local/lib/python3.7/site-packages/airflow/example_dags/example_nested_branch_dag.py
[2024-10-30T16:11:36.668+0000] {processor.py:640} INFO - Processing file /home/airflow/.local/lib/python3.7/site-packages/airflow/example_dags/example_nested_branch_dag.py for tasks to queue
[2024-10-30T16:11:36.669+0000] {logging_mixin.py:115} INFO - [2024-10-30T16:11:36.668+0000] {dagbag.py:508} INFO - Filling up the DagBag from /home/airflow/.local/lib/python3.7/site-packages/airflow/example_dags/example_nested_branch_dag.py
[2024-10-30T16:11:36.675+0000] {processor.py:650} INFO - DAG(s) dict_keys(['example_nested_branch_dag']) retrieved from /home/airflow/.local/lib/python3.7/site-packages/airflow/example_dags/example_nested_branch_dag.py
[2024-10-30T16:11:36.692+0000] {logging_mixin.py:115} INFO - [2024-10-30T16:11:36.692+0000] {dag.py:2429} INFO - Sync 1 DAGs
[2024-10-30T16:11:36.707+0000] {logging_mixin.py:115} INFO - [2024-10-30T16:11:36.707+0000] {dag.py:2981} INFO - Setting next_dagrun for example_nested_branch_dag to 2024-10-29T00:00:00+00:00, run_after=2024-10-30T00:00:00+00:00
[2024-10-30T16:11:36.715+0000] {processor.py:161} INFO - Processing /home/airflow/.local/lib/python3.7/site-packages/airflow/example_dags/example_nested_branch_dag.py took 0.050 seconds
[2024-10-30T16:12:07.239+0000] {processor.py:153} INFO - Started process (PID=190) to work on /home/airflow/.local/lib/python3.7/site-packages/airflow/example_dags/example_nested_branch_dag.py
[2024-10-30T16:12:07.239+0000] {processor.py:640} INFO - Processing file /home/airflow/.local/lib/python3.7/site-packages/airflow/example_dags/example_nested_branch_dag.py for tasks to queue
[2024-10-30T16:12:07.240+0000] {logging_mixin.py:115} INFO - [2024-10-30T16:12:07.240+0000] {dagbag.py:508} INFO - Filling up the DagBag from /home/airflow/.local/lib/python3.7/site-packages/airflow/example_dags/example_nested_branch_dag.py
[2024-10-30T16:12:07.247+0000] {processor.py:650} INFO - DAG(s) dict_keys(['example_nested_branch_dag']) retrieved from /home/airflow/.local/lib/python3.7/site-packages/airflow/example_dags/example_nested_branch_dag.py
[2024-10-30T16:12:07.267+0000] {logging_mixin.py:115} INFO - [2024-10-30T16:12:07.266+0000] {dag.py:2429} INFO - Sync 1 DAGs
[2024-10-30T16:12:07.282+0000] {logging_mixin.py:115} INFO - [2024-10-30T16:12:07.282+0000] {dag.py:2981} INFO - Setting next_dagrun for example_nested_branch_dag to 2024-10-29T00:00:00+00:00, run_after=2024-10-30T00:00:00+00:00
[2024-10-30T16:12:07.291+0000] {processor.py:161} INFO - Processing /home/airflow/.local/lib/python3.7/site-packages/airflow/example_dags/example_nested_branch_dag.py took 0.054 seconds
[2024-10-30T16:12:37.851+0000] {processor.py:153} INFO - Started process (PID=244) to work on /home/airflow/.local/lib/python3.7/site-packages/airflow/example_dags/example_nested_branch_dag.py
[2024-10-30T16:12:37.851+0000] {processor.py:640} INFO - Processing file /home/airflow/.local/lib/python3.7/site-packages/airflow/example_dags/example_nested_branch_dag.py for tasks to queue
[2024-10-30T16:12:37.852+0000] {logging_mixin.py:115} INFO - [2024-10-30T16:12:37.852+0000] {dagbag.py:508} INFO - Filling up the DagBag from /home/airflow/.local/lib/python3.7/site-packages/airflow/example_dags/example_nested_branch_dag.py
[2024-10-30T16:12:37.860+0000] {processor.py:650} INFO - DAG(s) dict_keys(['example_nested_branch_dag']) retrieved from /home/airflow/.local/lib/python3.7/site-packages/airflow/example_dags/example_nested_branch_dag.py
[2024-10-30T16:12:37.880+0000] {logging_mixin.py:115} INFO - [2024-10-30T16:12:37.880+0000] {dag.py:2429} INFO - Sync 1 DAGs
[2024-10-30T16:12:37.898+0000] {logging_mixin.py:115} INFO - [2024-10-30T16:12:37.898+0000] {dag.py:2981} INFO - Setting next_dagrun for example_nested_branch_dag to 2024-10-29T00:00:00+00:00, run_after=2024-10-30T00:00:00+00:00
[2024-10-30T16:12:37.905+0000] {processor.py:161} INFO - Processing /home/airflow/.local/lib/python3.7/site-packages/airflow/example_dags/example_nested_branch_dag.py took 0.057 seconds
[2024-10-30T16:13:08.328+0000] {processor.py:153} INFO - Started process (PID=306) to work on /home/airflow/.local/lib/python3.7/site-packages/airflow/example_dags/example_nested_branch_dag.py
[2024-10-30T16:13:08.329+0000] {processor.py:640} INFO - Processing file /home/airflow/.local/lib/python3.7/site-packages/airflow/example_dags/example_nested_branch_dag.py for tasks to queue
[2024-10-30T16:13:08.330+0000] {logging_mixin.py:115} INFO - [2024-10-30T16:13:08.329+0000] {dagbag.py:508} INFO - Filling up the DagBag from /home/airflow/.local/lib/python3.7/site-packages/airflow/example_dags/example_nested_branch_dag.py
[2024-10-30T16:13:08.340+0000] {processor.py:650} INFO - DAG(s) dict_keys(['example_nested_branch_dag']) retrieved from /home/airflow/.local/lib/python3.7/site-packages/airflow/example_dags/example_nested_branch_dag.py
[2024-10-30T16:13:08.357+0000] {logging_mixin.py:115} INFO - [2024-10-30T16:13:08.357+0000] {dag.py:2429} INFO - Sync 1 DAGs
[2024-10-30T16:13:08.372+0000] {logging_mixin.py:115} INFO - [2024-10-30T16:13:08.372+0000] {dag.py:2981} INFO - Setting next_dagrun for example_nested_branch_dag to 2024-10-29T00:00:00+00:00, run_after=2024-10-30T00:00:00+00:00
[2024-10-30T16:13:08.380+0000] {processor.py:161} INFO - Processing /home/airflow/.local/lib/python3.7/site-packages/airflow/example_dags/example_nested_branch_dag.py took 0.053 seconds
[2024-10-30T16:13:39.032+0000] {processor.py:153} INFO - Started process (PID=369) to work on /home/airflow/.local/lib/python3.7/site-packages/airflow/example_dags/example_nested_branch_dag.py
[2024-10-30T16:13:39.033+0000] {processor.py:640} INFO - Processing file /home/airflow/.local/lib/python3.7/site-packages/airflow/example_dags/example_nested_branch_dag.py for tasks to queue
[2024-10-30T16:13:39.033+0000] {logging_mixin.py:115} INFO - [2024-10-30T16:13:39.033+0000] {dagbag.py:508} INFO - Filling up the DagBag from /home/airflow/.local/lib/python3.7/site-packages/airflow/example_dags/example_nested_branch_dag.py
[2024-10-30T16:13:39.042+0000] {processor.py:650} INFO - DAG(s) dict_keys(['example_nested_branch_dag']) retrieved from /home/airflow/.local/lib/python3.7/site-packages/airflow/example_dags/example_nested_branch_dag.py
[2024-10-30T16:13:39.060+0000] {logging_mixin.py:115} INFO - [2024-10-30T16:13:39.060+0000] {dag.py:2429} INFO - Sync 1 DAGs
[2024-10-30T16:13:39.077+0000] {logging_mixin.py:115} INFO - [2024-10-30T16:13:39.076+0000] {dag.py:2981} INFO - Setting next_dagrun for example_nested_branch_dag to 2024-10-29T00:00:00+00:00, run_after=2024-10-30T00:00:00+00:00
[2024-10-30T16:13:39.085+0000] {processor.py:161} INFO - Processing /home/airflow/.local/lib/python3.7/site-packages/airflow/example_dags/example_nested_branch_dag.py took 0.055 seconds
[2024-10-30T16:14:09.891+0000] {processor.py:153} INFO - Started process (PID=431) to work on /home/airflow/.local/lib/python3.7/site-packages/airflow/example_dags/example_nested_branch_dag.py
[2024-10-30T16:14:09.891+0000] {processor.py:640} INFO - Processing file /home/airflow/.local/lib/python3.7/site-packages/airflow/example_dags/example_nested_branch_dag.py for tasks to queue
[2024-10-30T16:14:09.892+0000] {logging_mixin.py:115} INFO - [2024-10-30T16:14:09.892+0000] {dagbag.py:508} INFO - Filling up the DagBag from /home/airflow/.local/lib/python3.7/site-packages/airflow/example_dags/example_nested_branch_dag.py
[2024-10-30T16:14:09.899+0000] {processor.py:650} INFO - DAG(s) dict_keys(['example_nested_branch_dag']) retrieved from /home/airflow/.local/lib/python3.7/site-packages/airflow/example_dags/example_nested_branch_dag.py
[2024-10-30T16:14:09.923+0000] {logging_mixin.py:115} INFO - [2024-10-30T16:14:09.923+0000] {dag.py:2429} INFO - Sync 1 DAGs
[2024-10-30T16:14:09.944+0000] {logging_mixin.py:115} INFO - [2024-10-30T16:14:09.944+0000] {dag.py:2981} INFO - Setting next_dagrun for example_nested_branch_dag to 2024-10-29T00:00:00+00:00, run_after=2024-10-30T00:00:00+00:00
[2024-10-30T16:14:09.955+0000] {processor.py:161} INFO - Processing /home/airflow/.local/lib/python3.7/site-packages/airflow/example_dags/example_nested_branch_dag.py took 0.066 seconds
[2024-10-30T16:14:40.677+0000] {processor.py:153} INFO - Started process (PID=484) to work on /home/airflow/.local/lib/python3.7/site-packages/airflow/example_dags/example_nested_branch_dag.py
[2024-10-30T16:14:40.678+0000] {processor.py:640} INFO - Processing file /home/airflow/.local/lib/python3.7/site-packages/airflow/example_dags/example_nested_branch_dag.py for tasks to queue
[2024-10-30T16:14:40.679+0000] {logging_mixin.py:115} INFO - [2024-10-30T16:14:40.679+0000] {dagbag.py:508} INFO - Filling up the DagBag from /home/airflow/.local/lib/python3.7/site-packages/airflow/example_dags/example_nested_branch_dag.py
[2024-10-30T16:14:40.686+0000] {processor.py:650} INFO - DAG(s) dict_keys(['example_nested_branch_dag']) retrieved from /home/airflow/.local/lib/python3.7/site-packages/airflow/example_dags/example_nested_branch_dag.py
[2024-10-30T16:14:40.705+0000] {logging_mixin.py:115} INFO - [2024-10-30T16:14:40.705+0000] {dag.py:2429} INFO - Sync 1 DAGs
[2024-10-30T16:14:40.728+0000] {logging_mixin.py:115} INFO - [2024-10-30T16:14:40.728+0000] {dag.py:2981} INFO - Setting next_dagrun for example_nested_branch_dag to 2024-10-29T00:00:00+00:00, run_after=2024-10-30T00:00:00+00:00
[2024-10-30T16:14:40.739+0000] {processor.py:161} INFO - Processing /home/airflow/.local/lib/python3.7/site-packages/airflow/example_dags/example_nested_branch_dag.py took 0.065 seconds
[2024-10-30T16:15:11.321+0000] {processor.py:153} INFO - Started process (PID=546) to work on /home/airflow/.local/lib/python3.7/site-packages/airflow/example_dags/example_nested_branch_dag.py
[2024-10-30T16:15:11.322+0000] {processor.py:640} INFO - Processing file /home/airflow/.local/lib/python3.7/site-packages/airflow/example_dags/example_nested_branch_dag.py for tasks to queue
[2024-10-30T16:15:11.322+0000] {logging_mixin.py:115} INFO - [2024-10-30T16:15:11.322+0000] {dagbag.py:508} INFO - Filling up the DagBag from /home/airflow/.local/lib/python3.7/site-packages/airflow/example_dags/example_nested_branch_dag.py
[2024-10-30T16:15:11.331+0000] {processor.py:650} INFO - DAG(s) dict_keys(['example_nested_branch_dag']) retrieved from /home/airflow/.local/lib/python3.7/site-packages/airflow/example_dags/example_nested_branch_dag.py
[2024-10-30T16:15:11.353+0000] {logging_mixin.py:115} INFO - [2024-10-30T16:15:11.353+0000] {dag.py:2429} INFO - Sync 1 DAGs
[2024-10-30T16:15:11.375+0000] {logging_mixin.py:115} INFO - [2024-10-30T16:15:11.375+0000] {dag.py:2981} INFO - Setting next_dagrun for example_nested_branch_dag to 2024-10-29T00:00:00+00:00, run_after=2024-10-30T00:00:00+00:00
[2024-10-30T16:15:11.383+0000] {processor.py:161} INFO - Processing /home/airflow/.local/lib/python3.7/site-packages/airflow/example_dags/example_nested_branch_dag.py took 0.064 seconds
[2024-10-30T16:15:41.967+0000] {processor.py:153} INFO - Started process (PID=608) to work on /home/airflow/.local/lib/python3.7/site-packages/airflow/example_dags/example_nested_branch_dag.py
[2024-10-30T16:15:41.967+0000] {processor.py:640} INFO - Processing file /home/airflow/.local/lib/python3.7/site-packages/airflow/example_dags/example_nested_branch_dag.py for tasks to queue
[2024-10-30T16:15:41.968+0000] {logging_mixin.py:115} INFO - [2024-10-30T16:15:41.968+0000] {dagbag.py:508} INFO - Filling up the DagBag from /home/airflow/.local/lib/python3.7/site-packages/airflow/example_dags/example_nested_branch_dag.py
[2024-10-30T16:15:41.974+0000] {processor.py:650} INFO - DAG(s) dict_keys(['example_nested_branch_dag']) retrieved from /home/airflow/.local/lib/python3.7/site-packages/airflow/example_dags/example_nested_branch_dag.py
[2024-10-30T16:15:41.992+0000] {logging_mixin.py:115} INFO - [2024-10-30T16:15:41.992+0000] {dag.py:2429} INFO - Sync 1 DAGs
[2024-10-30T16:15:42.007+0000] {logging_mixin.py:115} INFO - [2024-10-30T16:15:42.007+0000] {dag.py:2981} INFO - Setting next_dagrun for example_nested_branch_dag to 2024-10-29T00:00:00+00:00, run_after=2024-10-30T00:00:00+00:00
[2024-10-30T16:15:42.020+0000] {processor.py:161} INFO - Processing /home/airflow/.local/lib/python3.7/site-packages/airflow/example_dags/example_nested_branch_dag.py took 0.055 seconds
[2024-10-30T16:16:12.810+0000] {processor.py:153} INFO - Started process (PID=661) to work on /home/airflow/.local/lib/python3.7/site-packages/airflow/example_dags/example_nested_branch_dag.py
[2024-10-30T16:16:12.810+0000] {processor.py:640} INFO - Processing file /home/airflow/.local/lib/python3.7/site-packages/airflow/example_dags/example_nested_branch_dag.py for tasks to queue
[2024-10-30T16:16:12.811+0000] {logging_mixin.py:115} INFO - [2024-10-30T16:16:12.811+0000] {dagbag.py:508} INFO - Filling up the DagBag from /home/airflow/.local/lib/python3.7/site-packages/airflow/example_dags/example_nested_branch_dag.py
[2024-10-30T16:16:12.820+0000] {processor.py:650} INFO - DAG(s) dict_keys(['example_nested_branch_dag']) retrieved from /home/airflow/.local/lib/python3.7/site-packages/airflow/example_dags/example_nested_branch_dag.py
[2024-10-30T16:16:12.839+0000] {logging_mixin.py:115} INFO - [2024-10-30T16:16:12.839+0000] {dag.py:2429} INFO - Sync 1 DAGs
[2024-10-30T16:16:12.856+0000] {logging_mixin.py:115} INFO - [2024-10-30T16:16:12.856+0000] {dag.py:2981} INFO - Setting next_dagrun for example_nested_branch_dag to 2024-10-29T00:00:00+00:00, run_after=2024-10-30T00:00:00+00:00
[2024-10-30T16:16:12.863+0000] {processor.py:161} INFO - Processing /home/airflow/.local/lib/python3.7/site-packages/airflow/example_dags/example_nested_branch_dag.py took 0.056 seconds
[2024-10-30T16:16:43.488+0000] {processor.py:153} INFO - Started process (PID=723) to work on /home/airflow/.local/lib/python3.7/site-packages/airflow/example_dags/example_nested_branch_dag.py
[2024-10-30T16:16:43.488+0000] {processor.py:640} INFO - Processing file /home/airflow/.local/lib/python3.7/site-packages/airflow/example_dags/example_nested_branch_dag.py for tasks to queue
[2024-10-30T16:16:43.489+0000] {logging_mixin.py:115} INFO - [2024-10-30T16:16:43.489+0000] {dagbag.py:508} INFO - Filling up the DagBag from /home/airflow/.local/lib/python3.7/site-packages/airflow/example_dags/example_nested_branch_dag.py
[2024-10-30T16:16:43.498+0000] {processor.py:650} INFO - DAG(s) dict_keys(['example_nested_branch_dag']) retrieved from /home/airflow/.local/lib/python3.7/site-packages/airflow/example_dags/example_nested_branch_dag.py
[2024-10-30T16:16:43.521+0000] {logging_mixin.py:115} INFO - [2024-10-30T16:16:43.521+0000] {dag.py:2429} INFO - Sync 1 DAGs
[2024-10-30T16:16:43.538+0000] {logging_mixin.py:115} INFO - [2024-10-30T16:16:43.538+0000] {dag.py:2981} INFO - Setting next_dagrun for example_nested_branch_dag to 2024-10-29T00:00:00+00:00, run_after=2024-10-30T00:00:00+00:00
[2024-10-30T16:16:43.547+0000] {processor.py:161} INFO - Processing /home/airflow/.local/lib/python3.7/site-packages/airflow/example_dags/example_nested_branch_dag.py took 0.062 seconds
[2024-10-30T16:17:14.359+0000] {processor.py:153} INFO - Started process (PID=785) to work on /home/airflow/.local/lib/python3.7/site-packages/airflow/example_dags/example_nested_branch_dag.py
[2024-10-30T16:17:14.359+0000] {processor.py:640} INFO - Processing file /home/airflow/.local/lib/python3.7/site-packages/airflow/example_dags/example_nested_branch_dag.py for tasks to queue
[2024-10-30T16:17:14.360+0000] {logging_mixin.py:115} INFO - [2024-10-30T16:17:14.359+0000] {dagbag.py:508} INFO - Filling up the DagBag from /home/airflow/.local/lib/python3.7/site-packages/airflow/example_dags/example_nested_branch_dag.py
[2024-10-30T16:17:14.368+0000] {processor.py:650} INFO - DAG(s) dict_keys(['example_nested_branch_dag']) retrieved from /home/airflow/.local/lib/python3.7/site-packages/airflow/example_dags/example_nested_branch_dag.py
[2024-10-30T16:17:14.387+0000] {logging_mixin.py:115} INFO - [2024-10-30T16:17:14.387+0000] {dag.py:2429} INFO - Sync 1 DAGs
[2024-10-30T16:17:14.407+0000] {logging_mixin.py:115} INFO - [2024-10-30T16:17:14.407+0000] {dag.py:2981} INFO - Setting next_dagrun for example_nested_branch_dag to 2024-10-29T00:00:00+00:00, run_after=2024-10-30T00:00:00+00:00
[2024-10-30T16:17:14.416+0000] {processor.py:161} INFO - Processing /home/airflow/.local/lib/python3.7/site-packages/airflow/example_dags/example_nested_branch_dag.py took 0.059 seconds
[2024-10-30T16:17:45.019+0000] {processor.py:153} INFO - Started process (PID=847) to work on /home/airflow/.local/lib/python3.7/site-packages/airflow/example_dags/example_nested_branch_dag.py
[2024-10-30T16:17:45.020+0000] {processor.py:640} INFO - Processing file /home/airflow/.local/lib/python3.7/site-packages/airflow/example_dags/example_nested_branch_dag.py for tasks to queue
[2024-10-30T16:17:45.021+0000] {logging_mixin.py:115} INFO - [2024-10-30T16:17:45.020+0000] {dagbag.py:508} INFO - Filling up the DagBag from /home/airflow/.local/lib/python3.7/site-packages/airflow/example_dags/example_nested_branch_dag.py
[2024-10-30T16:17:45.027+0000] {processor.py:650} INFO - DAG(s) dict_keys(['example_nested_branch_dag']) retrieved from /home/airflow/.local/lib/python3.7/site-packages/airflow/example_dags/example_nested_branch_dag.py
[2024-10-30T16:17:45.042+0000] {logging_mixin.py:115} INFO - [2024-10-30T16:17:45.042+0000] {dag.py:2429} INFO - Sync 1 DAGs
[2024-10-30T16:17:45.059+0000] {logging_mixin.py:115} INFO - [2024-10-30T16:17:45.059+0000] {dag.py:2981} INFO - Setting next_dagrun for example_nested_branch_dag to 2024-10-29T00:00:00+00:00, run_after=2024-10-30T00:00:00+00:00
[2024-10-30T16:17:45.069+0000] {processor.py:161} INFO - Processing /home/airflow/.local/lib/python3.7/site-packages/airflow/example_dags/example_nested_branch_dag.py took 0.051 seconds
[2024-10-30T16:18:15.565+0000] {processor.py:153} INFO - Started process (PID=900) to work on /home/airflow/.local/lib/python3.7/site-packages/airflow/example_dags/example_nested_branch_dag.py
[2024-10-30T16:18:15.565+0000] {processor.py:640} INFO - Processing file /home/airflow/.local/lib/python3.7/site-packages/airflow/example_dags/example_nested_branch_dag.py for tasks to queue
[2024-10-30T16:18:15.566+0000] {logging_mixin.py:115} INFO - [2024-10-30T16:18:15.566+0000] {dagbag.py:508} INFO - Filling up the DagBag from /home/airflow/.local/lib/python3.7/site-packages/airflow/example_dags/example_nested_branch_dag.py
[2024-10-30T16:18:15.575+0000] {processor.py:650} INFO - DAG(s) dict_keys(['example_nested_branch_dag']) retrieved from /home/airflow/.local/lib/python3.7/site-packages/airflow/example_dags/example_nested_branch_dag.py
[2024-10-30T16:18:15.595+0000] {logging_mixin.py:115} INFO - [2024-10-30T16:18:15.595+0000] {dag.py:2429} INFO - Sync 1 DAGs
[2024-10-30T16:18:15.611+0000] {logging_mixin.py:115} INFO - [2024-10-30T16:18:15.611+0000] {dag.py:2981} INFO - Setting next_dagrun for example_nested_branch_dag to 2024-10-29T00:00:00+00:00, run_after=2024-10-30T00:00:00+00:00
[2024-10-30T16:18:15.619+0000] {processor.py:161} INFO - Processing /home/airflow/.local/lib/python3.7/site-packages/airflow/example_dags/example_nested_branch_dag.py took 0.057 seconds
[2024-10-30T16:18:46.055+0000] {processor.py:153} INFO - Started process (PID=962) to work on /home/airflow/.local/lib/python3.7/site-packages/airflow/example_dags/example_nested_branch_dag.py
[2024-10-30T16:18:46.056+0000] {processor.py:640} INFO - Processing file /home/airflow/.local/lib/python3.7/site-packages/airflow/example_dags/example_nested_branch_dag.py for tasks to queue
[2024-10-30T16:18:46.056+0000] {logging_mixin.py:115} INFO - [2024-10-30T16:18:46.056+0000] {dagbag.py:508} INFO - Filling up the DagBag from /home/airflow/.local/lib/python3.7/site-packages/airflow/example_dags/example_nested_branch_dag.py
[2024-10-30T16:18:46.065+0000] {processor.py:650} INFO - DAG(s) dict_keys(['example_nested_branch_dag']) retrieved from /home/airflow/.local/lib/python3.7/site-packages/airflow/example_dags/example_nested_branch_dag.py
[2024-10-30T16:18:46.083+0000] {logging_mixin.py:115} INFO - [2024-10-30T16:18:46.083+0000] {dag.py:2429} INFO - Sync 1 DAGs
[2024-10-30T16:18:46.101+0000] {logging_mixin.py:115} INFO - [2024-10-30T16:18:46.101+0000] {dag.py:2981} INFO - Setting next_dagrun for example_nested_branch_dag to 2024-10-29T00:00:00+00:00, run_after=2024-10-30T00:00:00+00:00
[2024-10-30T16:18:46.109+0000] {processor.py:161} INFO - Processing /home/airflow/.local/lib/python3.7/site-packages/airflow/example_dags/example_nested_branch_dag.py took 0.056 seconds
[2024-10-30T16:19:16.679+0000] {processor.py:153} INFO - Started process (PID=1024) to work on /home/airflow/.local/lib/python3.7/site-packages/airflow/example_dags/example_nested_branch_dag.py
[2024-10-30T16:19:16.680+0000] {processor.py:640} INFO - Processing file /home/airflow/.local/lib/python3.7/site-packages/airflow/example_dags/example_nested_branch_dag.py for tasks to queue
[2024-10-30T16:19:16.680+0000] {logging_mixin.py:115} INFO - [2024-10-30T16:19:16.680+0000] {dagbag.py:508} INFO - Filling up the DagBag from /home/airflow/.local/lib/python3.7/site-packages/airflow/example_dags/example_nested_branch_dag.py
[2024-10-30T16:19:16.689+0000] {processor.py:650} INFO - DAG(s) dict_keys(['example_nested_branch_dag']) retrieved from /home/airflow/.local/lib/python3.7/site-packages/airflow/example_dags/example_nested_branch_dag.py
[2024-10-30T16:19:16.709+0000] {logging_mixin.py:115} INFO - [2024-10-30T16:19:16.709+0000] {dag.py:2429} INFO - Sync 1 DAGs
[2024-10-30T16:19:16.728+0000] {logging_mixin.py:115} INFO - [2024-10-30T16:19:16.728+0000] {dag.py:2981} INFO - Setting next_dagrun for example_nested_branch_dag to 2024-10-29T00:00:00+00:00, run_after=2024-10-30T00:00:00+00:00
[2024-10-30T16:19:16.737+0000] {processor.py:161} INFO - Processing /home/airflow/.local/lib/python3.7/site-packages/airflow/example_dags/example_nested_branch_dag.py took 0.060 seconds
[2024-10-30T16:19:47.399+0000] {processor.py:153} INFO - Started process (PID=1086) to work on /home/airflow/.local/lib/python3.7/site-packages/airflow/example_dags/example_nested_branch_dag.py
[2024-10-30T16:19:47.399+0000] {processor.py:640} INFO - Processing file /home/airflow/.local/lib/python3.7/site-packages/airflow/example_dags/example_nested_branch_dag.py for tasks to queue
[2024-10-30T16:19:47.400+0000] {logging_mixin.py:115} INFO - [2024-10-30T16:19:47.400+0000] {dagbag.py:508} INFO - Filling up the DagBag from /home/airflow/.local/lib/python3.7/site-packages/airflow/example_dags/example_nested_branch_dag.py
[2024-10-30T16:19:47.409+0000] {processor.py:650} INFO - DAG(s) dict_keys(['example_nested_branch_dag']) retrieved from /home/airflow/.local/lib/python3.7/site-packages/airflow/example_dags/example_nested_branch_dag.py
[2024-10-30T16:19:47.430+0000] {logging_mixin.py:115} INFO - [2024-10-30T16:19:47.430+0000] {dag.py:2429} INFO - Sync 1 DAGs
[2024-10-30T16:19:47.445+0000] {logging_mixin.py:115} INFO - [2024-10-30T16:19:47.445+0000] {dag.py:2981} INFO - Setting next_dagrun for example_nested_branch_dag to 2024-10-29T00:00:00+00:00, run_after=2024-10-30T00:00:00+00:00
[2024-10-30T16:19:47.453+0000] {processor.py:161} INFO - Processing /home/airflow/.local/lib/python3.7/site-packages/airflow/example_dags/example_nested_branch_dag.py took 0.056 seconds
[2024-10-30T16:20:17.918+0000] {processor.py:153} INFO - Started process (PID=1139) to work on /home/airflow/.local/lib/python3.7/site-packages/airflow/example_dags/example_nested_branch_dag.py
[2024-10-30T16:20:17.919+0000] {processor.py:640} INFO - Processing file /home/airflow/.local/lib/python3.7/site-packages/airflow/example_dags/example_nested_branch_dag.py for tasks to queue
[2024-10-30T16:20:17.919+0000] {logging_mixin.py:115} INFO - [2024-10-30T16:20:17.919+0000] {dagbag.py:508} INFO - Filling up the DagBag from /home/airflow/.local/lib/python3.7/site-packages/airflow/example_dags/example_nested_branch_dag.py
[2024-10-30T16:20:17.926+0000] {processor.py:650} INFO - DAG(s) dict_keys(['example_nested_branch_dag']) retrieved from /home/airflow/.local/lib/python3.7/site-packages/airflow/example_dags/example_nested_branch_dag.py
[2024-10-30T16:20:17.948+0000] {logging_mixin.py:115} INFO - [2024-10-30T16:20:17.948+0000] {dag.py:2429} INFO - Sync 1 DAGs
[2024-10-30T16:20:17.969+0000] {logging_mixin.py:115} INFO - [2024-10-30T16:20:17.969+0000] {dag.py:2981} INFO - Setting next_dagrun for example_nested_branch_dag to 2024-10-29T00:00:00+00:00, run_after=2024-10-30T00:00:00+00:00
[2024-10-30T16:20:17.979+0000] {processor.py:161} INFO - Processing /home/airflow/.local/lib/python3.7/site-packages/airflow/example_dags/example_nested_branch_dag.py took 0.064 seconds
[2024-10-30T16:20:48.559+0000] {processor.py:153} INFO - Started process (PID=1201) to work on /home/airflow/.local/lib/python3.7/site-packages/airflow/example_dags/example_nested_branch_dag.py
[2024-10-30T16:20:48.560+0000] {processor.py:640} INFO - Processing file /home/airflow/.local/lib/python3.7/site-packages/airflow/example_dags/example_nested_branch_dag.py for tasks to queue
[2024-10-30T16:20:48.560+0000] {logging_mixin.py:115} INFO - [2024-10-30T16:20:48.560+0000] {dagbag.py:508} INFO - Filling up the DagBag from /home/airflow/.local/lib/python3.7/site-packages/airflow/example_dags/example_nested_branch_dag.py
[2024-10-30T16:20:48.568+0000] {processor.py:650} INFO - DAG(s) dict_keys(['example_nested_branch_dag']) retrieved from /home/airflow/.local/lib/python3.7/site-packages/airflow/example_dags/example_nested_branch_dag.py
[2024-10-30T16:20:48.586+0000] {logging_mixin.py:115} INFO - [2024-10-30T16:20:48.585+0000] {dag.py:2429} INFO - Sync 1 DAGs
[2024-10-30T16:20:48.600+0000] {logging_mixin.py:115} INFO - [2024-10-30T16:20:48.600+0000] {dag.py:2981} INFO - Setting next_dagrun for example_nested_branch_dag to 2024-10-29T00:00:00+00:00, run_after=2024-10-30T00:00:00+00:00
[2024-10-30T16:20:48.607+0000] {processor.py:161} INFO - Processing /home/airflow/.local/lib/python3.7/site-packages/airflow/example_dags/example_nested_branch_dag.py took 0.049 seconds
[2024-10-30T16:21:18.909+0000] {processor.py:153} INFO - Started process (PID=1263) to work on /home/airflow/.local/lib/python3.7/site-packages/airflow/example_dags/example_nested_branch_dag.py
[2024-10-30T16:21:18.910+0000] {processor.py:640} INFO - Processing file /home/airflow/.local/lib/python3.7/site-packages/airflow/example_dags/example_nested_branch_dag.py for tasks to queue
[2024-10-30T16:21:18.911+0000] {logging_mixin.py:115} INFO - [2024-10-30T16:21:18.911+0000] {dagbag.py:508} INFO - Filling up the DagBag from /home/airflow/.local/lib/python3.7/site-packages/airflow/example_dags/example_nested_branch_dag.py
[2024-10-30T16:21:18.922+0000] {processor.py:650} INFO - DAG(s) dict_keys(['example_nested_branch_dag']) retrieved from /home/airflow/.local/lib/python3.7/site-packages/airflow/example_dags/example_nested_branch_dag.py
[2024-10-30T16:21:18.950+0000] {logging_mixin.py:115} INFO - [2024-10-30T16:21:18.950+0000] {dag.py:2429} INFO - Sync 1 DAGs
[2024-10-30T16:21:18.975+0000] {logging_mixin.py:115} INFO - [2024-10-30T16:21:18.975+0000] {dag.py:2981} INFO - Setting next_dagrun for example_nested_branch_dag to 2024-10-29T00:00:00+00:00, run_after=2024-10-30T00:00:00+00:00
[2024-10-30T16:21:18.987+0000] {processor.py:161} INFO - Processing /home/airflow/.local/lib/python3.7/site-packages/airflow/example_dags/example_nested_branch_dag.py took 0.081 seconds
[2024-10-30T16:21:49.487+0000] {processor.py:153} INFO - Started process (PID=1325) to work on /home/airflow/.local/lib/python3.7/site-packages/airflow/example_dags/example_nested_branch_dag.py
[2024-10-30T16:21:49.488+0000] {processor.py:640} INFO - Processing file /home/airflow/.local/lib/python3.7/site-packages/airflow/example_dags/example_nested_branch_dag.py for tasks to queue
[2024-10-30T16:21:49.489+0000] {logging_mixin.py:115} INFO - [2024-10-30T16:21:49.488+0000] {dagbag.py:508} INFO - Filling up the DagBag from /home/airflow/.local/lib/python3.7/site-packages/airflow/example_dags/example_nested_branch_dag.py
[2024-10-30T16:21:49.497+0000] {processor.py:650} INFO - DAG(s) dict_keys(['example_nested_branch_dag']) retrieved from /home/airflow/.local/lib/python3.7/site-packages/airflow/example_dags/example_nested_branch_dag.py
[2024-10-30T16:21:49.521+0000] {logging_mixin.py:115} INFO - [2024-10-30T16:21:49.520+0000] {dag.py:2429} INFO - Sync 1 DAGs
[2024-10-30T16:21:49.542+0000] {logging_mixin.py:115} INFO - [2024-10-30T16:21:49.542+0000] {dag.py:2981} INFO - Setting next_dagrun for example_nested_branch_dag to 2024-10-29T00:00:00+00:00, run_after=2024-10-30T00:00:00+00:00
[2024-10-30T16:21:49.552+0000] {processor.py:161} INFO - Processing /home/airflow/.local/lib/python3.7/site-packages/airflow/example_dags/example_nested_branch_dag.py took 0.068 seconds
[2024-10-30T16:22:20.364+0000] {processor.py:153} INFO - Started process (PID=1378) to work on /home/airflow/.local/lib/python3.7/site-packages/airflow/example_dags/example_nested_branch_dag.py
[2024-10-30T16:22:20.364+0000] {processor.py:640} INFO - Processing file /home/airflow/.local/lib/python3.7/site-packages/airflow/example_dags/example_nested_branch_dag.py for tasks to queue
[2024-10-30T16:22:20.365+0000] {logging_mixin.py:115} INFO - [2024-10-30T16:22:20.365+0000] {dagbag.py:508} INFO - Filling up the DagBag from /home/airflow/.local/lib/python3.7/site-packages/airflow/example_dags/example_nested_branch_dag.py
[2024-10-30T16:22:20.374+0000] {processor.py:650} INFO - DAG(s) dict_keys(['example_nested_branch_dag']) retrieved from /home/airflow/.local/lib/python3.7/site-packages/airflow/example_dags/example_nested_branch_dag.py
[2024-10-30T16:22:20.393+0000] {logging_mixin.py:115} INFO - [2024-10-30T16:22:20.393+0000] {dag.py:2429} INFO - Sync 1 DAGs
[2024-10-30T16:22:20.411+0000] {logging_mixin.py:115} INFO - [2024-10-30T16:22:20.410+0000] {dag.py:2981} INFO - Setting next_dagrun for example_nested_branch_dag to 2024-10-29T00:00:00+00:00, run_after=2024-10-30T00:00:00+00:00
[2024-10-30T16:22:20.421+0000] {processor.py:161} INFO - Processing /home/airflow/.local/lib/python3.7/site-packages/airflow/example_dags/example_nested_branch_dag.py took 0.059 seconds
[2024-10-30T16:22:51.067+0000] {processor.py:153} INFO - Started process (PID=1440) to work on /home/airflow/.local/lib/python3.7/site-packages/airflow/example_dags/example_nested_branch_dag.py
[2024-10-30T16:22:51.068+0000] {processor.py:640} INFO - Processing file /home/airflow/.local/lib/python3.7/site-packages/airflow/example_dags/example_nested_branch_dag.py for tasks to queue
[2024-10-30T16:22:51.069+0000] {logging_mixin.py:115} INFO - [2024-10-30T16:22:51.068+0000] {dagbag.py:508} INFO - Filling up the DagBag from /home/airflow/.local/lib/python3.7/site-packages/airflow/example_dags/example_nested_branch_dag.py
[2024-10-30T16:22:51.076+0000] {processor.py:650} INFO - DAG(s) dict_keys(['example_nested_branch_dag']) retrieved from /home/airflow/.local/lib/python3.7/site-packages/airflow/example_dags/example_nested_branch_dag.py
[2024-10-30T16:22:51.101+0000] {logging_mixin.py:115} INFO - [2024-10-30T16:22:51.101+0000] {dag.py:2429} INFO - Sync 1 DAGs
[2024-10-30T16:22:51.121+0000] {logging_mixin.py:115} INFO - [2024-10-30T16:22:51.121+0000] {dag.py:2981} INFO - Setting next_dagrun for example_nested_branch_dag to 2024-10-29T00:00:00+00:00, run_after=2024-10-30T00:00:00+00:00
[2024-10-30T16:22:51.129+0000] {processor.py:161} INFO - Processing /home/airflow/.local/lib/python3.7/site-packages/airflow/example_dags/example_nested_branch_dag.py took 0.065 seconds
[2024-10-30T16:23:21.678+0000] {processor.py:153} INFO - Started process (PID=1502) to work on /home/airflow/.local/lib/python3.7/site-packages/airflow/example_dags/example_nested_branch_dag.py
[2024-10-30T16:23:21.679+0000] {processor.py:640} INFO - Processing file /home/airflow/.local/lib/python3.7/site-packages/airflow/example_dags/example_nested_branch_dag.py for tasks to queue
[2024-10-30T16:23:21.679+0000] {logging_mixin.py:115} INFO - [2024-10-30T16:23:21.679+0000] {dagbag.py:508} INFO - Filling up the DagBag from /home/airflow/.local/lib/python3.7/site-packages/airflow/example_dags/example_nested_branch_dag.py
[2024-10-30T16:23:21.688+0000] {processor.py:650} INFO - DAG(s) dict_keys(['example_nested_branch_dag']) retrieved from /home/airflow/.local/lib/python3.7/site-packages/airflow/example_dags/example_nested_branch_dag.py
[2024-10-30T16:23:21.713+0000] {logging_mixin.py:115} INFO - [2024-10-30T16:23:21.713+0000] {dag.py:2429} INFO - Sync 1 DAGs
[2024-10-30T16:23:21.734+0000] {logging_mixin.py:115} INFO - [2024-10-30T16:23:21.734+0000] {dag.py:2981} INFO - Setting next_dagrun for example_nested_branch_dag to 2024-10-29T00:00:00+00:00, run_after=2024-10-30T00:00:00+00:00
[2024-10-30T16:23:21.742+0000] {processor.py:161} INFO - Processing /home/airflow/.local/lib/python3.7/site-packages/airflow/example_dags/example_nested_branch_dag.py took 0.066 seconds
[2024-10-30T16:23:52.299+0000] {processor.py:153} INFO - Started process (PID=1564) to work on /home/airflow/.local/lib/python3.7/site-packages/airflow/example_dags/example_nested_branch_dag.py
[2024-10-30T16:23:52.300+0000] {processor.py:640} INFO - Processing file /home/airflow/.local/lib/python3.7/site-packages/airflow/example_dags/example_nested_branch_dag.py for tasks to queue
[2024-10-30T16:23:52.301+0000] {logging_mixin.py:115} INFO - [2024-10-30T16:23:52.301+0000] {dagbag.py:508} INFO - Filling up the DagBag from /home/airflow/.local/lib/python3.7/site-packages/airflow/example_dags/example_nested_branch_dag.py
[2024-10-30T16:23:52.309+0000] {processor.py:650} INFO - DAG(s) dict_keys(['example_nested_branch_dag']) retrieved from /home/airflow/.local/lib/python3.7/site-packages/airflow/example_dags/example_nested_branch_dag.py
[2024-10-30T16:23:52.328+0000] {logging_mixin.py:115} INFO - [2024-10-30T16:23:52.328+0000] {dag.py:2429} INFO - Sync 1 DAGs
[2024-10-30T16:23:52.346+0000] {logging_mixin.py:115} INFO - [2024-10-30T16:23:52.346+0000] {dag.py:2981} INFO - Setting next_dagrun for example_nested_branch_dag to 2024-10-29T00:00:00+00:00, run_after=2024-10-30T00:00:00+00:00
[2024-10-30T16:23:52.356+0000] {processor.py:161} INFO - Processing /home/airflow/.local/lib/python3.7/site-packages/airflow/example_dags/example_nested_branch_dag.py took 0.059 seconds
[2024-10-30T16:24:23.028+0000] {processor.py:153} INFO - Started process (PID=1617) to work on /home/airflow/.local/lib/python3.7/site-packages/airflow/example_dags/example_nested_branch_dag.py
[2024-10-30T16:24:23.029+0000] {processor.py:640} INFO - Processing file /home/airflow/.local/lib/python3.7/site-packages/airflow/example_dags/example_nested_branch_dag.py for tasks to queue
[2024-10-30T16:24:23.029+0000] {logging_mixin.py:115} INFO - [2024-10-30T16:24:23.029+0000] {dagbag.py:508} INFO - Filling up the DagBag from /home/airflow/.local/lib/python3.7/site-packages/airflow/example_dags/example_nested_branch_dag.py
[2024-10-30T16:24:23.039+0000] {processor.py:650} INFO - DAG(s) dict_keys(['example_nested_branch_dag']) retrieved from /home/airflow/.local/lib/python3.7/site-packages/airflow/example_dags/example_nested_branch_dag.py
[2024-10-30T16:24:23.060+0000] {logging_mixin.py:115} INFO - [2024-10-30T16:24:23.060+0000] {dag.py:2429} INFO - Sync 1 DAGs
[2024-10-30T16:24:23.078+0000] {logging_mixin.py:115} INFO - [2024-10-30T16:24:23.078+0000] {dag.py:2981} INFO - Setting next_dagrun for example_nested_branch_dag to 2024-10-29T00:00:00+00:00, run_after=2024-10-30T00:00:00+00:00
[2024-10-30T16:24:23.087+0000] {processor.py:161} INFO - Processing /home/airflow/.local/lib/python3.7/site-packages/airflow/example_dags/example_nested_branch_dag.py took 0.061 seconds
[2024-10-30T16:24:53.923+0000] {processor.py:153} INFO - Started process (PID=1680) to work on /home/airflow/.local/lib/python3.7/site-packages/airflow/example_dags/example_nested_branch_dag.py
[2024-10-30T16:24:53.923+0000] {processor.py:640} INFO - Processing file /home/airflow/.local/lib/python3.7/site-packages/airflow/example_dags/example_nested_branch_dag.py for tasks to queue
[2024-10-30T16:24:53.924+0000] {logging_mixin.py:115} INFO - [2024-10-30T16:24:53.924+0000] {dagbag.py:508} INFO - Filling up the DagBag from /home/airflow/.local/lib/python3.7/site-packages/airflow/example_dags/example_nested_branch_dag.py
[2024-10-30T16:24:53.934+0000] {processor.py:650} INFO - DAG(s) dict_keys(['example_nested_branch_dag']) retrieved from /home/airflow/.local/lib/python3.7/site-packages/airflow/example_dags/example_nested_branch_dag.py
[2024-10-30T16:24:53.955+0000] {logging_mixin.py:115} INFO - [2024-10-30T16:24:53.955+0000] {dag.py:2429} INFO - Sync 1 DAGs
[2024-10-30T16:24:53.975+0000] {logging_mixin.py:115} INFO - [2024-10-30T16:24:53.975+0000] {dag.py:2981} INFO - Setting next_dagrun for example_nested_branch_dag to 2024-10-29T00:00:00+00:00, run_after=2024-10-30T00:00:00+00:00
[2024-10-30T16:24:53.984+0000] {processor.py:161} INFO - Processing /home/airflow/.local/lib/python3.7/site-packages/airflow/example_dags/example_nested_branch_dag.py took 0.064 seconds
[2024-10-30T16:25:24.616+0000] {processor.py:153} INFO - Started process (PID=1742) to work on /home/airflow/.local/lib/python3.7/site-packages/airflow/example_dags/example_nested_branch_dag.py
[2024-10-30T16:25:24.617+0000] {processor.py:640} INFO - Processing file /home/airflow/.local/lib/python3.7/site-packages/airflow/example_dags/example_nested_branch_dag.py for tasks to queue
[2024-10-30T16:25:24.618+0000] {logging_mixin.py:115} INFO - [2024-10-30T16:25:24.618+0000] {dagbag.py:508} INFO - Filling up the DagBag from /home/airflow/.local/lib/python3.7/site-packages/airflow/example_dags/example_nested_branch_dag.py
[2024-10-30T16:25:24.628+0000] {processor.py:650} INFO - DAG(s) dict_keys(['example_nested_branch_dag']) retrieved from /home/airflow/.local/lib/python3.7/site-packages/airflow/example_dags/example_nested_branch_dag.py
[2024-10-30T16:25:24.649+0000] {logging_mixin.py:115} INFO - [2024-10-30T16:25:24.649+0000] {dag.py:2429} INFO - Sync 1 DAGs
[2024-10-30T16:25:24.671+0000] {logging_mixin.py:115} INFO - [2024-10-30T16:25:24.671+0000] {dag.py:2981} INFO - Setting next_dagrun for example_nested_branch_dag to 2024-10-29T00:00:00+00:00, run_after=2024-10-30T00:00:00+00:00
[2024-10-30T16:25:24.680+0000] {processor.py:161} INFO - Processing /home/airflow/.local/lib/python3.7/site-packages/airflow/example_dags/example_nested_branch_dag.py took 0.066 seconds
[2024-10-30T16:25:55.402+0000] {processor.py:153} INFO - Started process (PID=1805) to work on /home/airflow/.local/lib/python3.7/site-packages/airflow/example_dags/example_nested_branch_dag.py
[2024-10-30T16:25:55.402+0000] {processor.py:640} INFO - Processing file /home/airflow/.local/lib/python3.7/site-packages/airflow/example_dags/example_nested_branch_dag.py for tasks to queue
[2024-10-30T16:25:55.403+0000] {logging_mixin.py:115} INFO - [2024-10-30T16:25:55.403+0000] {dagbag.py:508} INFO - Filling up the DagBag from /home/airflow/.local/lib/python3.7/site-packages/airflow/example_dags/example_nested_branch_dag.py
[2024-10-30T16:25:55.410+0000] {processor.py:650} INFO - DAG(s) dict_keys(['example_nested_branch_dag']) retrieved from /home/airflow/.local/lib/python3.7/site-packages/airflow/example_dags/example_nested_branch_dag.py
[2024-10-30T16:25:55.431+0000] {logging_mixin.py:115} INFO - [2024-10-30T16:25:55.431+0000] {dag.py:2429} INFO - Sync 1 DAGs
[2024-10-30T16:25:55.453+0000] {logging_mixin.py:115} INFO - [2024-10-30T16:25:55.453+0000] {dag.py:2981} INFO - Setting next_dagrun for example_nested_branch_dag to 2024-10-29T00:00:00+00:00, run_after=2024-10-30T00:00:00+00:00
[2024-10-30T16:25:55.464+0000] {processor.py:161} INFO - Processing /home/airflow/.local/lib/python3.7/site-packages/airflow/example_dags/example_nested_branch_dag.py took 0.066 seconds
[2024-10-30T16:26:26.272+0000] {processor.py:153} INFO - Started process (PID=1860) to work on /home/airflow/.local/lib/python3.7/site-packages/airflow/example_dags/example_nested_branch_dag.py
[2024-10-30T16:26:26.272+0000] {processor.py:640} INFO - Processing file /home/airflow/.local/lib/python3.7/site-packages/airflow/example_dags/example_nested_branch_dag.py for tasks to queue
[2024-10-30T16:26:26.273+0000] {logging_mixin.py:115} INFO - [2024-10-30T16:26:26.273+0000] {dagbag.py:508} INFO - Filling up the DagBag from /home/airflow/.local/lib/python3.7/site-packages/airflow/example_dags/example_nested_branch_dag.py
[2024-10-30T16:26:26.280+0000] {processor.py:650} INFO - DAG(s) dict_keys(['example_nested_branch_dag']) retrieved from /home/airflow/.local/lib/python3.7/site-packages/airflow/example_dags/example_nested_branch_dag.py
[2024-10-30T16:26:26.298+0000] {logging_mixin.py:115} INFO - [2024-10-30T16:26:26.298+0000] {dag.py:2429} INFO - Sync 1 DAGs
[2024-10-30T16:26:26.315+0000] {logging_mixin.py:115} INFO - [2024-10-30T16:26:26.314+0000] {dag.py:2981} INFO - Setting next_dagrun for example_nested_branch_dag to 2024-10-29T00:00:00+00:00, run_after=2024-10-30T00:00:00+00:00
[2024-10-30T16:26:26.325+0000] {processor.py:161} INFO - Processing /home/airflow/.local/lib/python3.7/site-packages/airflow/example_dags/example_nested_branch_dag.py took 0.056 seconds
[2024-10-30T16:26:56.934+0000] {processor.py:153} INFO - Started process (PID=1924) to work on /home/airflow/.local/lib/python3.7/site-packages/airflow/example_dags/example_nested_branch_dag.py
[2024-10-30T16:26:56.935+0000] {processor.py:640} INFO - Processing file /home/airflow/.local/lib/python3.7/site-packages/airflow/example_dags/example_nested_branch_dag.py for tasks to queue
[2024-10-30T16:26:56.935+0000] {logging_mixin.py:115} INFO - [2024-10-30T16:26:56.935+0000] {dagbag.py:508} INFO - Filling up the DagBag from /home/airflow/.local/lib/python3.7/site-packages/airflow/example_dags/example_nested_branch_dag.py
[2024-10-30T16:26:56.944+0000] {processor.py:650} INFO - DAG(s) dict_keys(['example_nested_branch_dag']) retrieved from /home/airflow/.local/lib/python3.7/site-packages/airflow/example_dags/example_nested_branch_dag.py
[2024-10-30T16:26:56.965+0000] {logging_mixin.py:115} INFO - [2024-10-30T16:26:56.964+0000] {dag.py:2429} INFO - Sync 1 DAGs
[2024-10-30T16:26:56.986+0000] {logging_mixin.py:115} INFO - [2024-10-30T16:26:56.986+0000] {dag.py:2981} INFO - Setting next_dagrun for example_nested_branch_dag to 2024-10-29T00:00:00+00:00, run_after=2024-10-30T00:00:00+00:00
[2024-10-30T16:26:56.995+0000] {processor.py:161} INFO - Processing /home/airflow/.local/lib/python3.7/site-packages/airflow/example_dags/example_nested_branch_dag.py took 0.064 seconds
