[2024-10-30T16:11:06.383+0000] {processor.py:153} INFO - Started process (PID=69) to work on /home/airflow/.local/lib/python3.7/site-packages/airflow/example_dags/tutorial_taskflow_api_etl.py
[2024-10-30T16:11:06.384+0000] {processor.py:640} INFO - Processing file /home/airflow/.local/lib/python3.7/site-packages/airflow/example_dags/tutorial_taskflow_api_etl.py for tasks to queue
[2024-10-30T16:11:06.385+0000] {logging_mixin.py:115} INFO - [2024-10-30T16:11:06.385+0000] {dagbag.py:508} INFO - Filling up the DagBag from /home/airflow/.local/lib/python3.7/site-packages/airflow/example_dags/tutorial_taskflow_api_etl.py
[2024-10-30T16:11:06.401+0000] {processor.py:650} INFO - DAG(s) dict_keys(['tutorial_taskflow_api_etl']) retrieved from /home/airflow/.local/lib/python3.7/site-packages/airflow/example_dags/tutorial_taskflow_api_etl.py
[2024-10-30T16:11:06.486+0000] {logging_mixin.py:115} INFO - [2024-10-30T16:11:06.486+0000] {manager.py:508} INFO - Created Permission View: can delete on DAG:tutorial_taskflow_api_etl
[2024-10-30T16:11:06.496+0000] {logging_mixin.py:115} INFO - [2024-10-30T16:11:06.496+0000] {manager.py:508} INFO - Created Permission View: can read on DAG:tutorial_taskflow_api_etl
[2024-10-30T16:11:06.504+0000] {logging_mixin.py:115} INFO - [2024-10-30T16:11:06.503+0000] {manager.py:508} INFO - Created Permission View: can edit on DAG:tutorial_taskflow_api_etl
[2024-10-30T16:11:06.504+0000] {logging_mixin.py:115} INFO - [2024-10-30T16:11:06.504+0000] {dag.py:2429} INFO - Sync 1 DAGs
[2024-10-30T16:11:06.513+0000] {logging_mixin.py:115} INFO - [2024-10-30T16:11:06.513+0000] {dag.py:2448} INFO - Creating ORM DAG for tutorial_taskflow_api_etl
[2024-10-30T16:11:06.524+0000] {logging_mixin.py:115} INFO - [2024-10-30T16:11:06.524+0000] {dag.py:2981} INFO - Setting next_dagrun for tutorial_taskflow_api_etl to None, run_after=None
[2024-10-30T16:11:06.536+0000] {processor.py:161} INFO - Processing /home/airflow/.local/lib/python3.7/site-packages/airflow/example_dags/tutorial_taskflow_api_etl.py took 0.155 seconds
[2024-10-30T16:11:36.767+0000] {processor.py:153} INFO - Started process (PID=131) to work on /home/airflow/.local/lib/python3.7/site-packages/airflow/example_dags/tutorial_taskflow_api_etl.py
[2024-10-30T16:11:36.768+0000] {processor.py:640} INFO - Processing file /home/airflow/.local/lib/python3.7/site-packages/airflow/example_dags/tutorial_taskflow_api_etl.py for tasks to queue
[2024-10-30T16:11:36.769+0000] {logging_mixin.py:115} INFO - [2024-10-30T16:11:36.769+0000] {dagbag.py:508} INFO - Filling up the DagBag from /home/airflow/.local/lib/python3.7/site-packages/airflow/example_dags/tutorial_taskflow_api_etl.py
[2024-10-30T16:11:36.781+0000] {processor.py:650} INFO - DAG(s) dict_keys(['tutorial_taskflow_api_etl']) retrieved from /home/airflow/.local/lib/python3.7/site-packages/airflow/example_dags/tutorial_taskflow_api_etl.py
[2024-10-30T16:11:36.840+0000] {logging_mixin.py:115} INFO - [2024-10-30T16:11:36.840+0000] {dag.py:2429} INFO - Sync 1 DAGs
[2024-10-30T16:11:36.856+0000] {logging_mixin.py:115} INFO - [2024-10-30T16:11:36.856+0000] {dag.py:2981} INFO - Setting next_dagrun for tutorial_taskflow_api_etl to None, run_after=None
[2024-10-30T16:11:36.865+0000] {processor.py:161} INFO - Processing /home/airflow/.local/lib/python3.7/site-packages/airflow/example_dags/tutorial_taskflow_api_etl.py took 0.101 seconds
[2024-10-30T16:12:07.349+0000] {processor.py:153} INFO - Started process (PID=193) to work on /home/airflow/.local/lib/python3.7/site-packages/airflow/example_dags/tutorial_taskflow_api_etl.py
[2024-10-30T16:12:07.349+0000] {processor.py:640} INFO - Processing file /home/airflow/.local/lib/python3.7/site-packages/airflow/example_dags/tutorial_taskflow_api_etl.py for tasks to queue
[2024-10-30T16:12:07.350+0000] {logging_mixin.py:115} INFO - [2024-10-30T16:12:07.350+0000] {dagbag.py:508} INFO - Filling up the DagBag from /home/airflow/.local/lib/python3.7/site-packages/airflow/example_dags/tutorial_taskflow_api_etl.py
[2024-10-30T16:12:07.363+0000] {processor.py:650} INFO - DAG(s) dict_keys(['tutorial_taskflow_api_etl']) retrieved from /home/airflow/.local/lib/python3.7/site-packages/airflow/example_dags/tutorial_taskflow_api_etl.py
[2024-10-30T16:12:07.424+0000] {logging_mixin.py:115} INFO - [2024-10-30T16:12:07.423+0000] {dag.py:2429} INFO - Sync 1 DAGs
[2024-10-30T16:12:07.441+0000] {logging_mixin.py:115} INFO - [2024-10-30T16:12:07.441+0000] {dag.py:2981} INFO - Setting next_dagrun for tutorial_taskflow_api_etl to None, run_after=None
[2024-10-30T16:12:07.452+0000] {processor.py:161} INFO - Processing /home/airflow/.local/lib/python3.7/site-packages/airflow/example_dags/tutorial_taskflow_api_etl.py took 0.105 seconds
[2024-10-30T16:12:37.980+0000] {processor.py:153} INFO - Started process (PID=248) to work on /home/airflow/.local/lib/python3.7/site-packages/airflow/example_dags/tutorial_taskflow_api_etl.py
[2024-10-30T16:12:37.980+0000] {processor.py:640} INFO - Processing file /home/airflow/.local/lib/python3.7/site-packages/airflow/example_dags/tutorial_taskflow_api_etl.py for tasks to queue
[2024-10-30T16:12:37.981+0000] {logging_mixin.py:115} INFO - [2024-10-30T16:12:37.981+0000] {dagbag.py:508} INFO - Filling up the DagBag from /home/airflow/.local/lib/python3.7/site-packages/airflow/example_dags/tutorial_taskflow_api_etl.py
[2024-10-30T16:12:37.991+0000] {processor.py:650} INFO - DAG(s) dict_keys(['tutorial_taskflow_api_etl']) retrieved from /home/airflow/.local/lib/python3.7/site-packages/airflow/example_dags/tutorial_taskflow_api_etl.py
[2024-10-30T16:12:38.031+0000] {logging_mixin.py:115} INFO - [2024-10-30T16:12:38.031+0000] {dag.py:2429} INFO - Sync 1 DAGs
[2024-10-30T16:12:38.043+0000] {logging_mixin.py:115} INFO - [2024-10-30T16:12:38.043+0000] {dag.py:2981} INFO - Setting next_dagrun for tutorial_taskflow_api_etl to None, run_after=None
[2024-10-30T16:12:38.051+0000] {processor.py:161} INFO - Processing /home/airflow/.local/lib/python3.7/site-packages/airflow/example_dags/tutorial_taskflow_api_etl.py took 0.073 seconds
[2024-10-30T16:13:08.412+0000] {processor.py:153} INFO - Started process (PID=309) to work on /home/airflow/.local/lib/python3.7/site-packages/airflow/example_dags/tutorial_taskflow_api_etl.py
[2024-10-30T16:13:08.413+0000] {processor.py:640} INFO - Processing file /home/airflow/.local/lib/python3.7/site-packages/airflow/example_dags/tutorial_taskflow_api_etl.py for tasks to queue
[2024-10-30T16:13:08.414+0000] {logging_mixin.py:115} INFO - [2024-10-30T16:13:08.413+0000] {dagbag.py:508} INFO - Filling up the DagBag from /home/airflow/.local/lib/python3.7/site-packages/airflow/example_dags/tutorial_taskflow_api_etl.py
[2024-10-30T16:13:08.425+0000] {processor.py:650} INFO - DAG(s) dict_keys(['tutorial_taskflow_api_etl']) retrieved from /home/airflow/.local/lib/python3.7/site-packages/airflow/example_dags/tutorial_taskflow_api_etl.py
[2024-10-30T16:13:08.472+0000] {logging_mixin.py:115} INFO - [2024-10-30T16:13:08.471+0000] {dag.py:2429} INFO - Sync 1 DAGs
[2024-10-30T16:13:08.487+0000] {logging_mixin.py:115} INFO - [2024-10-30T16:13:08.487+0000] {dag.py:2981} INFO - Setting next_dagrun for tutorial_taskflow_api_etl to None, run_after=None
[2024-10-30T16:13:08.496+0000] {processor.py:161} INFO - Processing /home/airflow/.local/lib/python3.7/site-packages/airflow/example_dags/tutorial_taskflow_api_etl.py took 0.087 seconds
[2024-10-30T16:13:39.169+0000] {processor.py:153} INFO - Started process (PID=372) to work on /home/airflow/.local/lib/python3.7/site-packages/airflow/example_dags/tutorial_taskflow_api_etl.py
[2024-10-30T16:13:39.170+0000] {processor.py:640} INFO - Processing file /home/airflow/.local/lib/python3.7/site-packages/airflow/example_dags/tutorial_taskflow_api_etl.py for tasks to queue
[2024-10-30T16:13:39.171+0000] {logging_mixin.py:115} INFO - [2024-10-30T16:13:39.171+0000] {dagbag.py:508} INFO - Filling up the DagBag from /home/airflow/.local/lib/python3.7/site-packages/airflow/example_dags/tutorial_taskflow_api_etl.py
[2024-10-30T16:13:39.180+0000] {processor.py:650} INFO - DAG(s) dict_keys(['tutorial_taskflow_api_etl']) retrieved from /home/airflow/.local/lib/python3.7/site-packages/airflow/example_dags/tutorial_taskflow_api_etl.py
[2024-10-30T16:13:39.222+0000] {logging_mixin.py:115} INFO - [2024-10-30T16:13:39.221+0000] {dag.py:2429} INFO - Sync 1 DAGs
[2024-10-30T16:13:39.235+0000] {logging_mixin.py:115} INFO - [2024-10-30T16:13:39.235+0000] {dag.py:2981} INFO - Setting next_dagrun for tutorial_taskflow_api_etl to None, run_after=None
[2024-10-30T16:13:39.244+0000] {processor.py:161} INFO - Processing /home/airflow/.local/lib/python3.7/site-packages/airflow/example_dags/tutorial_taskflow_api_etl.py took 0.077 seconds
[2024-10-30T16:14:10.006+0000] {processor.py:153} INFO - Started process (PID=434) to work on /home/airflow/.local/lib/python3.7/site-packages/airflow/example_dags/tutorial_taskflow_api_etl.py
[2024-10-30T16:14:10.007+0000] {processor.py:640} INFO - Processing file /home/airflow/.local/lib/python3.7/site-packages/airflow/example_dags/tutorial_taskflow_api_etl.py for tasks to queue
[2024-10-30T16:14:10.007+0000] {logging_mixin.py:115} INFO - [2024-10-30T16:14:10.007+0000] {dagbag.py:508} INFO - Filling up the DagBag from /home/airflow/.local/lib/python3.7/site-packages/airflow/example_dags/tutorial_taskflow_api_etl.py
[2024-10-30T16:14:10.021+0000] {processor.py:650} INFO - DAG(s) dict_keys(['tutorial_taskflow_api_etl']) retrieved from /home/airflow/.local/lib/python3.7/site-packages/airflow/example_dags/tutorial_taskflow_api_etl.py
[2024-10-30T16:14:10.080+0000] {logging_mixin.py:115} INFO - [2024-10-30T16:14:10.080+0000] {dag.py:2429} INFO - Sync 1 DAGs
[2024-10-30T16:14:10.099+0000] {logging_mixin.py:115} INFO - [2024-10-30T16:14:10.099+0000] {dag.py:2981} INFO - Setting next_dagrun for tutorial_taskflow_api_etl to None, run_after=None
[2024-10-30T16:14:10.110+0000] {processor.py:161} INFO - Processing /home/airflow/.local/lib/python3.7/site-packages/airflow/example_dags/tutorial_taskflow_api_etl.py took 0.107 seconds
[2024-10-30T16:14:40.802+0000] {processor.py:153} INFO - Started process (PID=487) to work on /home/airflow/.local/lib/python3.7/site-packages/airflow/example_dags/tutorial_taskflow_api_etl.py
[2024-10-30T16:14:40.803+0000] {processor.py:640} INFO - Processing file /home/airflow/.local/lib/python3.7/site-packages/airflow/example_dags/tutorial_taskflow_api_etl.py for tasks to queue
[2024-10-30T16:14:40.803+0000] {logging_mixin.py:115} INFO - [2024-10-30T16:14:40.803+0000] {dagbag.py:508} INFO - Filling up the DagBag from /home/airflow/.local/lib/python3.7/site-packages/airflow/example_dags/tutorial_taskflow_api_etl.py
[2024-10-30T16:14:40.815+0000] {processor.py:650} INFO - DAG(s) dict_keys(['tutorial_taskflow_api_etl']) retrieved from /home/airflow/.local/lib/python3.7/site-packages/airflow/example_dags/tutorial_taskflow_api_etl.py
[2024-10-30T16:14:40.868+0000] {logging_mixin.py:115} INFO - [2024-10-30T16:14:40.868+0000] {dag.py:2429} INFO - Sync 1 DAGs
[2024-10-30T16:14:40.884+0000] {logging_mixin.py:115} INFO - [2024-10-30T16:14:40.884+0000] {dag.py:2981} INFO - Setting next_dagrun for tutorial_taskflow_api_etl to None, run_after=None
[2024-10-30T16:14:40.894+0000] {processor.py:161} INFO - Processing /home/airflow/.local/lib/python3.7/site-packages/airflow/example_dags/tutorial_taskflow_api_etl.py took 0.094 seconds
[2024-10-30T16:15:11.473+0000] {processor.py:153} INFO - Started process (PID=550) to work on /home/airflow/.local/lib/python3.7/site-packages/airflow/example_dags/tutorial_taskflow_api_etl.py
[2024-10-30T16:15:11.474+0000] {processor.py:640} INFO - Processing file /home/airflow/.local/lib/python3.7/site-packages/airflow/example_dags/tutorial_taskflow_api_etl.py for tasks to queue
[2024-10-30T16:15:11.474+0000] {logging_mixin.py:115} INFO - [2024-10-30T16:15:11.474+0000] {dagbag.py:508} INFO - Filling up the DagBag from /home/airflow/.local/lib/python3.7/site-packages/airflow/example_dags/tutorial_taskflow_api_etl.py
[2024-10-30T16:15:11.489+0000] {processor.py:650} INFO - DAG(s) dict_keys(['tutorial_taskflow_api_etl']) retrieved from /home/airflow/.local/lib/python3.7/site-packages/airflow/example_dags/tutorial_taskflow_api_etl.py
[2024-10-30T16:15:11.533+0000] {logging_mixin.py:115} INFO - [2024-10-30T16:15:11.533+0000] {dag.py:2429} INFO - Sync 1 DAGs
[2024-10-30T16:15:11.548+0000] {logging_mixin.py:115} INFO - [2024-10-30T16:15:11.548+0000] {dag.py:2981} INFO - Setting next_dagrun for tutorial_taskflow_api_etl to None, run_after=None
[2024-10-30T16:15:11.558+0000] {processor.py:161} INFO - Processing /home/airflow/.local/lib/python3.7/site-packages/airflow/example_dags/tutorial_taskflow_api_etl.py took 0.087 seconds
[2024-10-30T16:15:42.079+0000] {processor.py:153} INFO - Started process (PID=611) to work on /home/airflow/.local/lib/python3.7/site-packages/airflow/example_dags/tutorial_taskflow_api_etl.py
[2024-10-30T16:15:42.079+0000] {processor.py:640} INFO - Processing file /home/airflow/.local/lib/python3.7/site-packages/airflow/example_dags/tutorial_taskflow_api_etl.py for tasks to queue
[2024-10-30T16:15:42.080+0000] {logging_mixin.py:115} INFO - [2024-10-30T16:15:42.080+0000] {dagbag.py:508} INFO - Filling up the DagBag from /home/airflow/.local/lib/python3.7/site-packages/airflow/example_dags/tutorial_taskflow_api_etl.py
[2024-10-30T16:15:42.094+0000] {processor.py:650} INFO - DAG(s) dict_keys(['tutorial_taskflow_api_etl']) retrieved from /home/airflow/.local/lib/python3.7/site-packages/airflow/example_dags/tutorial_taskflow_api_etl.py
[2024-10-30T16:15:42.146+0000] {logging_mixin.py:115} INFO - [2024-10-30T16:15:42.145+0000] {dag.py:2429} INFO - Sync 1 DAGs
[2024-10-30T16:15:42.161+0000] {logging_mixin.py:115} INFO - [2024-10-30T16:15:42.160+0000] {dag.py:2981} INFO - Setting next_dagrun for tutorial_taskflow_api_etl to None, run_after=None
[2024-10-30T16:15:42.171+0000] {processor.py:161} INFO - Processing /home/airflow/.local/lib/python3.7/site-packages/airflow/example_dags/tutorial_taskflow_api_etl.py took 0.094 seconds
[2024-10-30T16:16:12.923+0000] {processor.py:153} INFO - Started process (PID=664) to work on /home/airflow/.local/lib/python3.7/site-packages/airflow/example_dags/tutorial_taskflow_api_etl.py
[2024-10-30T16:16:12.924+0000] {processor.py:640} INFO - Processing file /home/airflow/.local/lib/python3.7/site-packages/airflow/example_dags/tutorial_taskflow_api_etl.py for tasks to queue
[2024-10-30T16:16:12.925+0000] {logging_mixin.py:115} INFO - [2024-10-30T16:16:12.924+0000] {dagbag.py:508} INFO - Filling up the DagBag from /home/airflow/.local/lib/python3.7/site-packages/airflow/example_dags/tutorial_taskflow_api_etl.py
[2024-10-30T16:16:12.938+0000] {processor.py:650} INFO - DAG(s) dict_keys(['tutorial_taskflow_api_etl']) retrieved from /home/airflow/.local/lib/python3.7/site-packages/airflow/example_dags/tutorial_taskflow_api_etl.py
[2024-10-30T16:16:13.005+0000] {logging_mixin.py:115} INFO - [2024-10-30T16:16:13.005+0000] {dag.py:2429} INFO - Sync 1 DAGs
[2024-10-30T16:16:13.028+0000] {logging_mixin.py:115} INFO - [2024-10-30T16:16:13.028+0000] {dag.py:2981} INFO - Setting next_dagrun for tutorial_taskflow_api_etl to None, run_after=None
[2024-10-30T16:16:13.042+0000] {processor.py:161} INFO - Processing /home/airflow/.local/lib/python3.7/site-packages/airflow/example_dags/tutorial_taskflow_api_etl.py took 0.123 seconds
[2024-10-30T16:16:43.651+0000] {processor.py:153} INFO - Started process (PID=726) to work on /home/airflow/.local/lib/python3.7/site-packages/airflow/example_dags/tutorial_taskflow_api_etl.py
[2024-10-30T16:16:43.652+0000] {processor.py:640} INFO - Processing file /home/airflow/.local/lib/python3.7/site-packages/airflow/example_dags/tutorial_taskflow_api_etl.py for tasks to queue
[2024-10-30T16:16:43.653+0000] {logging_mixin.py:115} INFO - [2024-10-30T16:16:43.652+0000] {dagbag.py:508} INFO - Filling up the DagBag from /home/airflow/.local/lib/python3.7/site-packages/airflow/example_dags/tutorial_taskflow_api_etl.py
[2024-10-30T16:16:43.664+0000] {processor.py:650} INFO - DAG(s) dict_keys(['tutorial_taskflow_api_etl']) retrieved from /home/airflow/.local/lib/python3.7/site-packages/airflow/example_dags/tutorial_taskflow_api_etl.py
[2024-10-30T16:16:43.712+0000] {logging_mixin.py:115} INFO - [2024-10-30T16:16:43.712+0000] {dag.py:2429} INFO - Sync 1 DAGs
[2024-10-30T16:16:43.726+0000] {logging_mixin.py:115} INFO - [2024-10-30T16:16:43.726+0000] {dag.py:2981} INFO - Setting next_dagrun for tutorial_taskflow_api_etl to None, run_after=None
[2024-10-30T16:16:43.735+0000] {processor.py:161} INFO - Processing /home/airflow/.local/lib/python3.7/site-packages/airflow/example_dags/tutorial_taskflow_api_etl.py took 0.086 seconds
[2024-10-30T16:17:14.510+0000] {processor.py:153} INFO - Started process (PID=788) to work on /home/airflow/.local/lib/python3.7/site-packages/airflow/example_dags/tutorial_taskflow_api_etl.py
[2024-10-30T16:17:14.511+0000] {processor.py:640} INFO - Processing file /home/airflow/.local/lib/python3.7/site-packages/airflow/example_dags/tutorial_taskflow_api_etl.py for tasks to queue
[2024-10-30T16:17:14.511+0000] {logging_mixin.py:115} INFO - [2024-10-30T16:17:14.511+0000] {dagbag.py:508} INFO - Filling up the DagBag from /home/airflow/.local/lib/python3.7/site-packages/airflow/example_dags/tutorial_taskflow_api_etl.py
[2024-10-30T16:17:14.525+0000] {processor.py:650} INFO - DAG(s) dict_keys(['tutorial_taskflow_api_etl']) retrieved from /home/airflow/.local/lib/python3.7/site-packages/airflow/example_dags/tutorial_taskflow_api_etl.py
[2024-10-30T16:17:14.569+0000] {logging_mixin.py:115} INFO - [2024-10-30T16:17:14.569+0000] {dag.py:2429} INFO - Sync 1 DAGs
[2024-10-30T16:17:14.585+0000] {logging_mixin.py:115} INFO - [2024-10-30T16:17:14.585+0000] {dag.py:2981} INFO - Setting next_dagrun for tutorial_taskflow_api_etl to None, run_after=None
[2024-10-30T16:17:14.593+0000] {processor.py:161} INFO - Processing /home/airflow/.local/lib/python3.7/site-packages/airflow/example_dags/tutorial_taskflow_api_etl.py took 0.085 seconds
[2024-10-30T16:17:45.150+0000] {processor.py:153} INFO - Started process (PID=850) to work on /home/airflow/.local/lib/python3.7/site-packages/airflow/example_dags/tutorial_taskflow_api_etl.py
[2024-10-30T16:17:45.151+0000] {processor.py:640} INFO - Processing file /home/airflow/.local/lib/python3.7/site-packages/airflow/example_dags/tutorial_taskflow_api_etl.py for tasks to queue
[2024-10-30T16:17:45.152+0000] {logging_mixin.py:115} INFO - [2024-10-30T16:17:45.152+0000] {dagbag.py:508} INFO - Filling up the DagBag from /home/airflow/.local/lib/python3.7/site-packages/airflow/example_dags/tutorial_taskflow_api_etl.py
[2024-10-30T16:17:45.164+0000] {processor.py:650} INFO - DAG(s) dict_keys(['tutorial_taskflow_api_etl']) retrieved from /home/airflow/.local/lib/python3.7/site-packages/airflow/example_dags/tutorial_taskflow_api_etl.py
[2024-10-30T16:17:45.212+0000] {logging_mixin.py:115} INFO - [2024-10-30T16:17:45.212+0000] {dag.py:2429} INFO - Sync 1 DAGs
[2024-10-30T16:17:45.229+0000] {logging_mixin.py:115} INFO - [2024-10-30T16:17:45.229+0000] {dag.py:2981} INFO - Setting next_dagrun for tutorial_taskflow_api_etl to None, run_after=None
[2024-10-30T16:17:45.242+0000] {processor.py:161} INFO - Processing /home/airflow/.local/lib/python3.7/site-packages/airflow/example_dags/tutorial_taskflow_api_etl.py took 0.094 seconds
[2024-10-30T16:18:15.645+0000] {processor.py:153} INFO - Started process (PID=903) to work on /home/airflow/.local/lib/python3.7/site-packages/airflow/example_dags/tutorial_taskflow_api_etl.py
[2024-10-30T16:18:15.645+0000] {processor.py:640} INFO - Processing file /home/airflow/.local/lib/python3.7/site-packages/airflow/example_dags/tutorial_taskflow_api_etl.py for tasks to queue
[2024-10-30T16:18:15.646+0000] {logging_mixin.py:115} INFO - [2024-10-30T16:18:15.646+0000] {dagbag.py:508} INFO - Filling up the DagBag from /home/airflow/.local/lib/python3.7/site-packages/airflow/example_dags/tutorial_taskflow_api_etl.py
[2024-10-30T16:18:15.656+0000] {processor.py:650} INFO - DAG(s) dict_keys(['tutorial_taskflow_api_etl']) retrieved from /home/airflow/.local/lib/python3.7/site-packages/airflow/example_dags/tutorial_taskflow_api_etl.py
[2024-10-30T16:18:15.708+0000] {logging_mixin.py:115} INFO - [2024-10-30T16:18:15.708+0000] {dag.py:2429} INFO - Sync 1 DAGs
[2024-10-30T16:18:15.722+0000] {logging_mixin.py:115} INFO - [2024-10-30T16:18:15.722+0000] {dag.py:2981} INFO - Setting next_dagrun for tutorial_taskflow_api_etl to None, run_after=None
[2024-10-30T16:18:15.730+0000] {processor.py:161} INFO - Processing /home/airflow/.local/lib/python3.7/site-packages/airflow/example_dags/tutorial_taskflow_api_etl.py took 0.088 seconds
[2024-10-30T16:18:46.148+0000] {processor.py:153} INFO - Started process (PID=965) to work on /home/airflow/.local/lib/python3.7/site-packages/airflow/example_dags/tutorial_taskflow_api_etl.py
[2024-10-30T16:18:46.149+0000] {processor.py:640} INFO - Processing file /home/airflow/.local/lib/python3.7/site-packages/airflow/example_dags/tutorial_taskflow_api_etl.py for tasks to queue
[2024-10-30T16:18:46.149+0000] {logging_mixin.py:115} INFO - [2024-10-30T16:18:46.149+0000] {dagbag.py:508} INFO - Filling up the DagBag from /home/airflow/.local/lib/python3.7/site-packages/airflow/example_dags/tutorial_taskflow_api_etl.py
[2024-10-30T16:18:46.162+0000] {processor.py:650} INFO - DAG(s) dict_keys(['tutorial_taskflow_api_etl']) retrieved from /home/airflow/.local/lib/python3.7/site-packages/airflow/example_dags/tutorial_taskflow_api_etl.py
[2024-10-30T16:18:46.217+0000] {logging_mixin.py:115} INFO - [2024-10-30T16:18:46.217+0000] {dag.py:2429} INFO - Sync 1 DAGs
[2024-10-30T16:18:46.234+0000] {logging_mixin.py:115} INFO - [2024-10-30T16:18:46.234+0000] {dag.py:2981} INFO - Setting next_dagrun for tutorial_taskflow_api_etl to None, run_after=None
[2024-10-30T16:18:46.244+0000] {processor.py:161} INFO - Processing /home/airflow/.local/lib/python3.7/site-packages/airflow/example_dags/tutorial_taskflow_api_etl.py took 0.098 seconds
[2024-10-30T16:19:16.792+0000] {processor.py:153} INFO - Started process (PID=1027) to work on /home/airflow/.local/lib/python3.7/site-packages/airflow/example_dags/tutorial_taskflow_api_etl.py
[2024-10-30T16:19:16.793+0000] {processor.py:640} INFO - Processing file /home/airflow/.local/lib/python3.7/site-packages/airflow/example_dags/tutorial_taskflow_api_etl.py for tasks to queue
[2024-10-30T16:19:16.793+0000] {logging_mixin.py:115} INFO - [2024-10-30T16:19:16.793+0000] {dagbag.py:508} INFO - Filling up the DagBag from /home/airflow/.local/lib/python3.7/site-packages/airflow/example_dags/tutorial_taskflow_api_etl.py
[2024-10-30T16:19:16.804+0000] {processor.py:650} INFO - DAG(s) dict_keys(['tutorial_taskflow_api_etl']) retrieved from /home/airflow/.local/lib/python3.7/site-packages/airflow/example_dags/tutorial_taskflow_api_etl.py
[2024-10-30T16:19:16.850+0000] {logging_mixin.py:115} INFO - [2024-10-30T16:19:16.850+0000] {dag.py:2429} INFO - Sync 1 DAGs
[2024-10-30T16:19:16.865+0000] {logging_mixin.py:115} INFO - [2024-10-30T16:19:16.865+0000] {dag.py:2981} INFO - Setting next_dagrun for tutorial_taskflow_api_etl to None, run_after=None
[2024-10-30T16:19:16.874+0000] {processor.py:161} INFO - Processing /home/airflow/.local/lib/python3.7/site-packages/airflow/example_dags/tutorial_taskflow_api_etl.py took 0.084 seconds
[2024-10-30T16:19:47.494+0000] {processor.py:153} INFO - Started process (PID=1089) to work on /home/airflow/.local/lib/python3.7/site-packages/airflow/example_dags/tutorial_taskflow_api_etl.py
[2024-10-30T16:19:47.495+0000] {processor.py:640} INFO - Processing file /home/airflow/.local/lib/python3.7/site-packages/airflow/example_dags/tutorial_taskflow_api_etl.py for tasks to queue
[2024-10-30T16:19:47.495+0000] {logging_mixin.py:115} INFO - [2024-10-30T16:19:47.495+0000] {dagbag.py:508} INFO - Filling up the DagBag from /home/airflow/.local/lib/python3.7/site-packages/airflow/example_dags/tutorial_taskflow_api_etl.py
[2024-10-30T16:19:47.507+0000] {processor.py:650} INFO - DAG(s) dict_keys(['tutorial_taskflow_api_etl']) retrieved from /home/airflow/.local/lib/python3.7/site-packages/airflow/example_dags/tutorial_taskflow_api_etl.py
[2024-10-30T16:19:47.526+0000] {logging_mixin.py:115} INFO - [2024-10-30T16:19:47.526+0000] {dag.py:2429} INFO - Sync 1 DAGs
[2024-10-30T16:19:47.542+0000] {logging_mixin.py:115} INFO - [2024-10-30T16:19:47.542+0000] {dag.py:2981} INFO - Setting next_dagrun for tutorial_taskflow_api_etl to None, run_after=None
[2024-10-30T16:19:47.550+0000] {processor.py:161} INFO - Processing /home/airflow/.local/lib/python3.7/site-packages/airflow/example_dags/tutorial_taskflow_api_etl.py took 0.057 seconds
[2024-10-30T16:20:18.017+0000] {processor.py:153} INFO - Started process (PID=1142) to work on /home/airflow/.local/lib/python3.7/site-packages/airflow/example_dags/tutorial_taskflow_api_etl.py
[2024-10-30T16:20:18.018+0000] {processor.py:640} INFO - Processing file /home/airflow/.local/lib/python3.7/site-packages/airflow/example_dags/tutorial_taskflow_api_etl.py for tasks to queue
[2024-10-30T16:20:18.019+0000] {logging_mixin.py:115} INFO - [2024-10-30T16:20:18.019+0000] {dagbag.py:508} INFO - Filling up the DagBag from /home/airflow/.local/lib/python3.7/site-packages/airflow/example_dags/tutorial_taskflow_api_etl.py
[2024-10-30T16:20:18.033+0000] {processor.py:650} INFO - DAG(s) dict_keys(['tutorial_taskflow_api_etl']) retrieved from /home/airflow/.local/lib/python3.7/site-packages/airflow/example_dags/tutorial_taskflow_api_etl.py
[2024-10-30T16:20:18.090+0000] {logging_mixin.py:115} INFO - [2024-10-30T16:20:18.090+0000] {dag.py:2429} INFO - Sync 1 DAGs
[2024-10-30T16:20:18.109+0000] {logging_mixin.py:115} INFO - [2024-10-30T16:20:18.109+0000] {dag.py:2981} INFO - Setting next_dagrun for tutorial_taskflow_api_etl to None, run_after=None
[2024-10-30T16:20:18.119+0000] {processor.py:161} INFO - Processing /home/airflow/.local/lib/python3.7/site-packages/airflow/example_dags/tutorial_taskflow_api_etl.py took 0.105 seconds
[2024-10-30T16:20:48.645+0000] {processor.py:153} INFO - Started process (PID=1204) to work on /home/airflow/.local/lib/python3.7/site-packages/airflow/example_dags/tutorial_taskflow_api_etl.py
[2024-10-30T16:20:48.646+0000] {processor.py:640} INFO - Processing file /home/airflow/.local/lib/python3.7/site-packages/airflow/example_dags/tutorial_taskflow_api_etl.py for tasks to queue
[2024-10-30T16:20:48.646+0000] {logging_mixin.py:115} INFO - [2024-10-30T16:20:48.646+0000] {dagbag.py:508} INFO - Filling up the DagBag from /home/airflow/.local/lib/python3.7/site-packages/airflow/example_dags/tutorial_taskflow_api_etl.py
[2024-10-30T16:20:48.656+0000] {processor.py:650} INFO - DAG(s) dict_keys(['tutorial_taskflow_api_etl']) retrieved from /home/airflow/.local/lib/python3.7/site-packages/airflow/example_dags/tutorial_taskflow_api_etl.py
[2024-10-30T16:20:48.711+0000] {logging_mixin.py:115} INFO - [2024-10-30T16:20:48.711+0000] {dag.py:2429} INFO - Sync 1 DAGs
[2024-10-30T16:20:48.726+0000] {logging_mixin.py:115} INFO - [2024-10-30T16:20:48.726+0000] {dag.py:2981} INFO - Setting next_dagrun for tutorial_taskflow_api_etl to None, run_after=None
[2024-10-30T16:20:48.735+0000] {processor.py:161} INFO - Processing /home/airflow/.local/lib/python3.7/site-packages/airflow/example_dags/tutorial_taskflow_api_etl.py took 0.092 seconds
[2024-10-30T16:21:19.029+0000] {processor.py:153} INFO - Started process (PID=1266) to work on /home/airflow/.local/lib/python3.7/site-packages/airflow/example_dags/tutorial_taskflow_api_etl.py
[2024-10-30T16:21:19.029+0000] {processor.py:640} INFO - Processing file /home/airflow/.local/lib/python3.7/site-packages/airflow/example_dags/tutorial_taskflow_api_etl.py for tasks to queue
[2024-10-30T16:21:19.030+0000] {logging_mixin.py:115} INFO - [2024-10-30T16:21:19.030+0000] {dagbag.py:508} INFO - Filling up the DagBag from /home/airflow/.local/lib/python3.7/site-packages/airflow/example_dags/tutorial_taskflow_api_etl.py
[2024-10-30T16:21:19.050+0000] {processor.py:650} INFO - DAG(s) dict_keys(['tutorial_taskflow_api_etl']) retrieved from /home/airflow/.local/lib/python3.7/site-packages/airflow/example_dags/tutorial_taskflow_api_etl.py
[2024-10-30T16:21:19.114+0000] {logging_mixin.py:115} INFO - [2024-10-30T16:21:19.113+0000] {dag.py:2429} INFO - Sync 1 DAGs
[2024-10-30T16:21:19.130+0000] {logging_mixin.py:115} INFO - [2024-10-30T16:21:19.130+0000] {dag.py:2981} INFO - Setting next_dagrun for tutorial_taskflow_api_etl to None, run_after=None
[2024-10-30T16:21:19.141+0000] {processor.py:161} INFO - Processing /home/airflow/.local/lib/python3.7/site-packages/airflow/example_dags/tutorial_taskflow_api_etl.py took 0.114 seconds
[2024-10-30T16:21:49.604+0000] {processor.py:153} INFO - Started process (PID=1328) to work on /home/airflow/.local/lib/python3.7/site-packages/airflow/example_dags/tutorial_taskflow_api_etl.py
[2024-10-30T16:21:49.605+0000] {processor.py:640} INFO - Processing file /home/airflow/.local/lib/python3.7/site-packages/airflow/example_dags/tutorial_taskflow_api_etl.py for tasks to queue
[2024-10-30T16:21:49.605+0000] {logging_mixin.py:115} INFO - [2024-10-30T16:21:49.605+0000] {dagbag.py:508} INFO - Filling up the DagBag from /home/airflow/.local/lib/python3.7/site-packages/airflow/example_dags/tutorial_taskflow_api_etl.py
[2024-10-30T16:21:49.620+0000] {processor.py:650} INFO - DAG(s) dict_keys(['tutorial_taskflow_api_etl']) retrieved from /home/airflow/.local/lib/python3.7/site-packages/airflow/example_dags/tutorial_taskflow_api_etl.py
[2024-10-30T16:21:49.682+0000] {logging_mixin.py:115} INFO - [2024-10-30T16:21:49.682+0000] {dag.py:2429} INFO - Sync 1 DAGs
[2024-10-30T16:21:49.703+0000] {logging_mixin.py:115} INFO - [2024-10-30T16:21:49.703+0000] {dag.py:2981} INFO - Setting next_dagrun for tutorial_taskflow_api_etl to None, run_after=None
[2024-10-30T16:21:49.715+0000] {processor.py:161} INFO - Processing /home/airflow/.local/lib/python3.7/site-packages/airflow/example_dags/tutorial_taskflow_api_etl.py took 0.114 seconds
[2024-10-30T16:22:20.507+0000] {processor.py:153} INFO - Started process (PID=1381) to work on /home/airflow/.local/lib/python3.7/site-packages/airflow/example_dags/tutorial_taskflow_api_etl.py
[2024-10-30T16:22:20.508+0000] {processor.py:640} INFO - Processing file /home/airflow/.local/lib/python3.7/site-packages/airflow/example_dags/tutorial_taskflow_api_etl.py for tasks to queue
[2024-10-30T16:22:20.508+0000] {logging_mixin.py:115} INFO - [2024-10-30T16:22:20.508+0000] {dagbag.py:508} INFO - Filling up the DagBag from /home/airflow/.local/lib/python3.7/site-packages/airflow/example_dags/tutorial_taskflow_api_etl.py
[2024-10-30T16:22:20.519+0000] {processor.py:650} INFO - DAG(s) dict_keys(['tutorial_taskflow_api_etl']) retrieved from /home/airflow/.local/lib/python3.7/site-packages/airflow/example_dags/tutorial_taskflow_api_etl.py
[2024-10-30T16:22:20.558+0000] {logging_mixin.py:115} INFO - [2024-10-30T16:22:20.558+0000] {dag.py:2429} INFO - Sync 1 DAGs
[2024-10-30T16:22:20.570+0000] {logging_mixin.py:115} INFO - [2024-10-30T16:22:20.570+0000] {dag.py:2981} INFO - Setting next_dagrun for tutorial_taskflow_api_etl to None, run_after=None
[2024-10-30T16:22:20.578+0000] {processor.py:161} INFO - Processing /home/airflow/.local/lib/python3.7/site-packages/airflow/example_dags/tutorial_taskflow_api_etl.py took 0.072 seconds
[2024-10-30T16:22:51.178+0000] {processor.py:153} INFO - Started process (PID=1443) to work on /home/airflow/.local/lib/python3.7/site-packages/airflow/example_dags/tutorial_taskflow_api_etl.py
[2024-10-30T16:22:51.179+0000] {processor.py:640} INFO - Processing file /home/airflow/.local/lib/python3.7/site-packages/airflow/example_dags/tutorial_taskflow_api_etl.py for tasks to queue
[2024-10-30T16:22:51.179+0000] {logging_mixin.py:115} INFO - [2024-10-30T16:22:51.179+0000] {dagbag.py:508} INFO - Filling up the DagBag from /home/airflow/.local/lib/python3.7/site-packages/airflow/example_dags/tutorial_taskflow_api_etl.py
[2024-10-30T16:22:51.189+0000] {processor.py:650} INFO - DAG(s) dict_keys(['tutorial_taskflow_api_etl']) retrieved from /home/airflow/.local/lib/python3.7/site-packages/airflow/example_dags/tutorial_taskflow_api_etl.py
[2024-10-30T16:22:51.204+0000] {logging_mixin.py:115} INFO - [2024-10-30T16:22:51.204+0000] {dag.py:2429} INFO - Sync 1 DAGs
[2024-10-30T16:22:51.218+0000] {logging_mixin.py:115} INFO - [2024-10-30T16:22:51.218+0000] {dag.py:2981} INFO - Setting next_dagrun for tutorial_taskflow_api_etl to None, run_after=None
[2024-10-30T16:22:51.225+0000] {processor.py:161} INFO - Processing /home/airflow/.local/lib/python3.7/site-packages/airflow/example_dags/tutorial_taskflow_api_etl.py took 0.049 seconds
[2024-10-30T16:23:21.818+0000] {processor.py:153} INFO - Started process (PID=1505) to work on /home/airflow/.local/lib/python3.7/site-packages/airflow/example_dags/tutorial_taskflow_api_etl.py
[2024-10-30T16:23:21.819+0000] {processor.py:640} INFO - Processing file /home/airflow/.local/lib/python3.7/site-packages/airflow/example_dags/tutorial_taskflow_api_etl.py for tasks to queue
[2024-10-30T16:23:21.819+0000] {logging_mixin.py:115} INFO - [2024-10-30T16:23:21.819+0000] {dagbag.py:508} INFO - Filling up the DagBag from /home/airflow/.local/lib/python3.7/site-packages/airflow/example_dags/tutorial_taskflow_api_etl.py
[2024-10-30T16:23:21.831+0000] {processor.py:650} INFO - DAG(s) dict_keys(['tutorial_taskflow_api_etl']) retrieved from /home/airflow/.local/lib/python3.7/site-packages/airflow/example_dags/tutorial_taskflow_api_etl.py
[2024-10-30T16:23:21.878+0000] {logging_mixin.py:115} INFO - [2024-10-30T16:23:21.878+0000] {dag.py:2429} INFO - Sync 1 DAGs
[2024-10-30T16:23:21.890+0000] {logging_mixin.py:115} INFO - [2024-10-30T16:23:21.890+0000] {dag.py:2981} INFO - Setting next_dagrun for tutorial_taskflow_api_etl to None, run_after=None
[2024-10-30T16:23:21.898+0000] {processor.py:161} INFO - Processing /home/airflow/.local/lib/python3.7/site-packages/airflow/example_dags/tutorial_taskflow_api_etl.py took 0.083 seconds
[2024-10-30T16:23:52.399+0000] {processor.py:153} INFO - Started process (PID=1567) to work on /home/airflow/.local/lib/python3.7/site-packages/airflow/example_dags/tutorial_taskflow_api_etl.py
[2024-10-30T16:23:52.400+0000] {processor.py:640} INFO - Processing file /home/airflow/.local/lib/python3.7/site-packages/airflow/example_dags/tutorial_taskflow_api_etl.py for tasks to queue
[2024-10-30T16:23:52.400+0000] {logging_mixin.py:115} INFO - [2024-10-30T16:23:52.400+0000] {dagbag.py:508} INFO - Filling up the DagBag from /home/airflow/.local/lib/python3.7/site-packages/airflow/example_dags/tutorial_taskflow_api_etl.py
[2024-10-30T16:23:52.412+0000] {processor.py:650} INFO - DAG(s) dict_keys(['tutorial_taskflow_api_etl']) retrieved from /home/airflow/.local/lib/python3.7/site-packages/airflow/example_dags/tutorial_taskflow_api_etl.py
[2024-10-30T16:23:52.465+0000] {logging_mixin.py:115} INFO - [2024-10-30T16:23:52.465+0000] {dag.py:2429} INFO - Sync 1 DAGs
[2024-10-30T16:23:52.478+0000] {logging_mixin.py:115} INFO - [2024-10-30T16:23:52.478+0000] {dag.py:2981} INFO - Setting next_dagrun for tutorial_taskflow_api_etl to None, run_after=None
[2024-10-30T16:23:52.488+0000] {processor.py:161} INFO - Processing /home/airflow/.local/lib/python3.7/site-packages/airflow/example_dags/tutorial_taskflow_api_etl.py took 0.091 seconds
[2024-10-30T16:24:23.144+0000] {processor.py:153} INFO - Started process (PID=1620) to work on /home/airflow/.local/lib/python3.7/site-packages/airflow/example_dags/tutorial_taskflow_api_etl.py
[2024-10-30T16:24:23.145+0000] {processor.py:640} INFO - Processing file /home/airflow/.local/lib/python3.7/site-packages/airflow/example_dags/tutorial_taskflow_api_etl.py for tasks to queue
[2024-10-30T16:24:23.146+0000] {logging_mixin.py:115} INFO - [2024-10-30T16:24:23.145+0000] {dagbag.py:508} INFO - Filling up the DagBag from /home/airflow/.local/lib/python3.7/site-packages/airflow/example_dags/tutorial_taskflow_api_etl.py
[2024-10-30T16:24:23.160+0000] {processor.py:650} INFO - DAG(s) dict_keys(['tutorial_taskflow_api_etl']) retrieved from /home/airflow/.local/lib/python3.7/site-packages/airflow/example_dags/tutorial_taskflow_api_etl.py
[2024-10-30T16:24:23.222+0000] {logging_mixin.py:115} INFO - [2024-10-30T16:24:23.221+0000] {dag.py:2429} INFO - Sync 1 DAGs
[2024-10-30T16:24:23.239+0000] {logging_mixin.py:115} INFO - [2024-10-30T16:24:23.239+0000] {dag.py:2981} INFO - Setting next_dagrun for tutorial_taskflow_api_etl to None, run_after=None
[2024-10-30T16:24:23.253+0000] {processor.py:161} INFO - Processing /home/airflow/.local/lib/python3.7/site-packages/airflow/example_dags/tutorial_taskflow_api_etl.py took 0.111 seconds
[2024-10-30T16:24:54.021+0000] {processor.py:153} INFO - Started process (PID=1683) to work on /home/airflow/.local/lib/python3.7/site-packages/airflow/example_dags/tutorial_taskflow_api_etl.py
[2024-10-30T16:24:54.022+0000] {processor.py:640} INFO - Processing file /home/airflow/.local/lib/python3.7/site-packages/airflow/example_dags/tutorial_taskflow_api_etl.py for tasks to queue
[2024-10-30T16:24:54.023+0000] {logging_mixin.py:115} INFO - [2024-10-30T16:24:54.023+0000] {dagbag.py:508} INFO - Filling up the DagBag from /home/airflow/.local/lib/python3.7/site-packages/airflow/example_dags/tutorial_taskflow_api_etl.py
[2024-10-30T16:24:54.037+0000] {processor.py:650} INFO - DAG(s) dict_keys(['tutorial_taskflow_api_etl']) retrieved from /home/airflow/.local/lib/python3.7/site-packages/airflow/example_dags/tutorial_taskflow_api_etl.py
[2024-10-30T16:24:54.088+0000] {logging_mixin.py:115} INFO - [2024-10-30T16:24:54.088+0000] {dag.py:2429} INFO - Sync 1 DAGs
[2024-10-30T16:24:54.102+0000] {logging_mixin.py:115} INFO - [2024-10-30T16:24:54.102+0000] {dag.py:2981} INFO - Setting next_dagrun for tutorial_taskflow_api_etl to None, run_after=None
[2024-10-30T16:24:54.111+0000] {processor.py:161} INFO - Processing /home/airflow/.local/lib/python3.7/site-packages/airflow/example_dags/tutorial_taskflow_api_etl.py took 0.093 seconds
[2024-10-30T16:25:24.711+0000] {processor.py:153} INFO - Started process (PID=1745) to work on /home/airflow/.local/lib/python3.7/site-packages/airflow/example_dags/tutorial_taskflow_api_etl.py
[2024-10-30T16:25:24.712+0000] {processor.py:640} INFO - Processing file /home/airflow/.local/lib/python3.7/site-packages/airflow/example_dags/tutorial_taskflow_api_etl.py for tasks to queue
[2024-10-30T16:25:24.712+0000] {logging_mixin.py:115} INFO - [2024-10-30T16:25:24.712+0000] {dagbag.py:508} INFO - Filling up the DagBag from /home/airflow/.local/lib/python3.7/site-packages/airflow/example_dags/tutorial_taskflow_api_etl.py
[2024-10-30T16:25:24.725+0000] {processor.py:650} INFO - DAG(s) dict_keys(['tutorial_taskflow_api_etl']) retrieved from /home/airflow/.local/lib/python3.7/site-packages/airflow/example_dags/tutorial_taskflow_api_etl.py
[2024-10-30T16:25:24.776+0000] {logging_mixin.py:115} INFO - [2024-10-30T16:25:24.776+0000] {dag.py:2429} INFO - Sync 1 DAGs
[2024-10-30T16:25:24.792+0000] {logging_mixin.py:115} INFO - [2024-10-30T16:25:24.792+0000] {dag.py:2981} INFO - Setting next_dagrun for tutorial_taskflow_api_etl to None, run_after=None
[2024-10-30T16:25:24.803+0000] {processor.py:161} INFO - Processing /home/airflow/.local/lib/python3.7/site-packages/airflow/example_dags/tutorial_taskflow_api_etl.py took 0.094 seconds
[2024-10-30T16:25:55.579+0000] {processor.py:153} INFO - Started process (PID=1808) to work on /home/airflow/.local/lib/python3.7/site-packages/airflow/example_dags/tutorial_taskflow_api_etl.py
[2024-10-30T16:25:55.580+0000] {processor.py:640} INFO - Processing file /home/airflow/.local/lib/python3.7/site-packages/airflow/example_dags/tutorial_taskflow_api_etl.py for tasks to queue
[2024-10-30T16:25:55.580+0000] {logging_mixin.py:115} INFO - [2024-10-30T16:25:55.580+0000] {dagbag.py:508} INFO - Filling up the DagBag from /home/airflow/.local/lib/python3.7/site-packages/airflow/example_dags/tutorial_taskflow_api_etl.py
[2024-10-30T16:25:55.599+0000] {processor.py:650} INFO - DAG(s) dict_keys(['tutorial_taskflow_api_etl']) retrieved from /home/airflow/.local/lib/python3.7/site-packages/airflow/example_dags/tutorial_taskflow_api_etl.py
[2024-10-30T16:25:55.688+0000] {logging_mixin.py:115} INFO - [2024-10-30T16:25:55.687+0000] {dag.py:2429} INFO - Sync 1 DAGs
[2024-10-30T16:25:55.722+0000] {logging_mixin.py:115} INFO - [2024-10-30T16:25:55.721+0000] {dag.py:2981} INFO - Setting next_dagrun for tutorial_taskflow_api_etl to None, run_after=None
[2024-10-30T16:25:55.736+0000] {processor.py:161} INFO - Processing /home/airflow/.local/lib/python3.7/site-packages/airflow/example_dags/tutorial_taskflow_api_etl.py took 0.160 seconds
[2024-10-30T16:26:26.378+0000] {processor.py:153} INFO - Started process (PID=1863) to work on /home/airflow/.local/lib/python3.7/site-packages/airflow/example_dags/tutorial_taskflow_api_etl.py
[2024-10-30T16:26:26.379+0000] {processor.py:640} INFO - Processing file /home/airflow/.local/lib/python3.7/site-packages/airflow/example_dags/tutorial_taskflow_api_etl.py for tasks to queue
[2024-10-30T16:26:26.379+0000] {logging_mixin.py:115} INFO - [2024-10-30T16:26:26.379+0000] {dagbag.py:508} INFO - Filling up the DagBag from /home/airflow/.local/lib/python3.7/site-packages/airflow/example_dags/tutorial_taskflow_api_etl.py
[2024-10-30T16:26:26.392+0000] {processor.py:650} INFO - DAG(s) dict_keys(['tutorial_taskflow_api_etl']) retrieved from /home/airflow/.local/lib/python3.7/site-packages/airflow/example_dags/tutorial_taskflow_api_etl.py
[2024-10-30T16:26:26.441+0000] {logging_mixin.py:115} INFO - [2024-10-30T16:26:26.441+0000] {dag.py:2429} INFO - Sync 1 DAGs
[2024-10-30T16:26:26.455+0000] {logging_mixin.py:115} INFO - [2024-10-30T16:26:26.455+0000] {dag.py:2981} INFO - Setting next_dagrun for tutorial_taskflow_api_etl to None, run_after=None
[2024-10-30T16:26:26.464+0000] {processor.py:161} INFO - Processing /home/airflow/.local/lib/python3.7/site-packages/airflow/example_dags/tutorial_taskflow_api_etl.py took 0.088 seconds
[2024-10-30T16:26:57.040+0000] {processor.py:153} INFO - Started process (PID=1927) to work on /home/airflow/.local/lib/python3.7/site-packages/airflow/example_dags/tutorial_taskflow_api_etl.py
[2024-10-30T16:26:57.041+0000] {processor.py:640} INFO - Processing file /home/airflow/.local/lib/python3.7/site-packages/airflow/example_dags/tutorial_taskflow_api_etl.py for tasks to queue
[2024-10-30T16:26:57.042+0000] {logging_mixin.py:115} INFO - [2024-10-30T16:26:57.041+0000] {dagbag.py:508} INFO - Filling up the DagBag from /home/airflow/.local/lib/python3.7/site-packages/airflow/example_dags/tutorial_taskflow_api_etl.py
[2024-10-30T16:26:57.052+0000] {processor.py:650} INFO - DAG(s) dict_keys(['tutorial_taskflow_api_etl']) retrieved from /home/airflow/.local/lib/python3.7/site-packages/airflow/example_dags/tutorial_taskflow_api_etl.py
[2024-10-30T16:26:57.100+0000] {logging_mixin.py:115} INFO - [2024-10-30T16:26:57.100+0000] {dag.py:2429} INFO - Sync 1 DAGs
[2024-10-30T16:26:57.112+0000] {logging_mixin.py:115} INFO - [2024-10-30T16:26:57.112+0000] {dag.py:2981} INFO - Setting next_dagrun for tutorial_taskflow_api_etl to None, run_after=None
[2024-10-30T16:26:57.122+0000] {processor.py:161} INFO - Processing /home/airflow/.local/lib/python3.7/site-packages/airflow/example_dags/tutorial_taskflow_api_etl.py took 0.083 seconds
